=====================================================
Start Time  : Wed Jun 28 14:11:53 EDT 2023
Submit Dir  : /projects/raw_lab/jobs/metacerberus
Job ID/Name : 4050346 / eggNOG
Node List   : str-c95
Num Tasks   : 1 total [1 nodes @ 16 CPUs/node]
======================================================

======================================================
Running eggNOG On GTDB-100/genomes/archaea/GCA_018693795.1.fna
======================================================
Archaea
[1;32mFunctional annotation of hits...[0m
0 2.384185791015625e-06 0.00 q/s (% mem usage: 1.90, % mem avail: 98.09)
#  emapper-2.1.8
# emapper.py  --output_dir results/eggNOG/GTDB-100/genomes/archaea/GCA_018693795.1 --output GCA_018693795.1 --cpu 16 -i GTDB-100/genomes/archaea/GCA_018693795.1.fna --itype genome -d Archaea
[1;33m  /users/jlfiguer/.conda/envs/eggnog/bin/diamond blastx -d /users/jlfiguer/.conda/envs/eggnog/lib/python3.10/site-packages/data/eggnog_proteins.dmnd -q /projects/raw_lab/jobs/metacerberus/GTDB-100/genomes/archaea/GCA_018693795.1.fna --threads 16 -o /projects/raw_lab/jobs/metacerberus/results/eggNOG/GTDB-100/genomes/archaea/GCA_018693795.1/GCA_018693795.1.emapper.hits --tmpdir /projects/raw_lab/jobs/metacerberus/emappertmp_dmdn_0gnyvtt6 --sensitive --iterate -e 0.001 --max-target-seqs 0 --max-hsps 0  --outfmt 6 qseqid sseqid pident length mismatch gapopen qstart qend sstart send evalue bitscore qcovhsp scovhsp[0m
[1;32mCrafting GFF file of CDS ...[0m
[1;32mCrafting fasta file of CDS ...[0m
Parsing fasta file /projects/raw_lab/jobs/metacerberus/GTDB-100/genomes/archaea/GCA_018693795.1.fna...
Fasta file /projects/raw_lab/jobs/metacerberus/GTDB-100/genomes/archaea/GCA_018693795.1.fna parsing complete.
[1;32mCreating gff file /projects/raw_lab/jobs/metacerberus/results/eggNOG/GTDB-100/genomes/archaea/GCA_018693795.1/GCA_018693795.1.emapper.genepred.gff...[0m
445 32.74769616127014 13.59 q/s (% mem usage: 1.90, % mem avail: 98.08)
[32mDone[0m
[1;33mResult files:[0m
   /projects/raw_lab/jobs/metacerberus/results/eggNOG/GTDB-100/genomes/archaea/GCA_018693795.1/GCA_018693795.1.emapper.genepred.fasta
   /projects/raw_lab/jobs/metacerberus/results/eggNOG/GTDB-100/genomes/archaea/GCA_018693795.1/GCA_018693795.1.emapper.genepred.gff
   /projects/raw_lab/jobs/metacerberus/results/eggNOG/GTDB-100/genomes/archaea/GCA_018693795.1/GCA_018693795.1.emapper.hits
   /projects/raw_lab/jobs/metacerberus/results/eggNOG/GTDB-100/genomes/archaea/GCA_018693795.1/GCA_018693795.1.emapper.seed_orthologs
   /projects/raw_lab/jobs/metacerberus/results/eggNOG/GTDB-100/genomes/archaea/GCA_018693795.1/GCA_018693795.1.emapper.annotations

================================================================================
CITATION:
If you use this software, please cite:

[1] eggNOG-mapper v2: functional annotation, orthology assignments, and domain 
      prediction at the metagenomic scale. Carlos P. Cantalapiedra, 
      Ana Hernandez-Plaza, Ivica Letunic, Peer Bork, Jaime Huerta-Cepas. 2021.
      Molecular Biology and Evolution, msab293, https://doi.org/10.1093/molbev/msab293

[2] eggNOG 5.0: a hierarchical, functionally and phylogenetically annotated
      orthology resource based on 5090 organisms and 2502 viruses. Jaime
      Huerta-Cepas, Damian Szklarczyk, Davide Heller, Ana Hernandez-Plaza,
      Sofia K Forslund, Helen Cook, Daniel R Mende, Ivica Letunic, Thomas
      Rattei, Lars J Jensen, Christian von Mering and Peer Bork. Nucleic Acids
      Research, Volume 47, Issue D1, 8 January 2019, Pages D309-D314,
      https://doi.org/10.1093/nar/gky1085 

[3] Sensitive protein alignments at tree-of-life scale using DIAMOND.
       Buchfink B, Reuter K, Drost HG. 2021.
       Nature Methods 18, 366–368 (2021). https://doi.org/10.1038/s41592-021-01101-x

e.g. Functional annotation was performed using emapper-2.1.8 [1]
 based on eggNOG orthology data [2]. Sequence searches were performed using [3].


================================================================================

Total hits processed: 445
Total time: 854 secs
FINISHED
4771.33user 22.50system 14:14.51elapsed 561%CPU (0avgtext+0avgdata 4152140maxresident)k
1709104inputs+223376outputs (0major+1396969minor)pagefaults 0swaps

======================================================
End Time   : Wed Jun 28 14:26:09 EDT 2023
Run Time   : 856 seconds
======================================================

