=====================================================
Start Time  : Fri Jun 30 15:35:46 EDT 2023
Submit Dir  : /projects/raw_lab/jobs/metacerberus
Job ID/Name : 4118725 / eggNOG
Node List   : str-c101
Num Tasks   : 1 total [1 nodes @ 16 CPUs/node]
======================================================

======================================================
Running eggNOG On GTDB-100/genomes/bacteria/GCA_903895695.1.fna
======================================================
Bacteria
[1;32mFunctional annotation of hits...[0m
0 1.430511474609375e-06 0.00 q/s (% mem usage: 1.80, % mem avail: 98.18)
#  emapper-2.1.8
# emapper.py  --output_dir results/eggNOG/GTDB-100/genomes/bacteria/GCA_903895695.1 --output GCA_903895695.1 --cpu 16 -i GTDB-100/genomes/bacteria/GCA_903895695.1.fna --itype genome -d Bacteria
[1;33m  /users/jlfiguer/.conda/envs/eggnog/bin/diamond blastx -d /users/jlfiguer/.conda/envs/eggnog/lib/python3.10/site-packages/data/eggnog_proteins.dmnd -q /projects/raw_lab/jobs/metacerberus/GTDB-100/genomes/bacteria/GCA_903895695.1.fna --threads 16 -o /projects/raw_lab/jobs/metacerberus/results/eggNOG/GTDB-100/genomes/bacteria/GCA_903895695.1/GCA_903895695.1.emapper.hits --tmpdir /projects/raw_lab/jobs/metacerberus/emappertmp_dmdn_7smoj48c --sensitive --iterate -e 0.001 --max-target-seqs 0 --max-hsps 0  --outfmt 6 qseqid sseqid pident length mismatch gapopen qstart qend sstart send evalue bitscore qcovhsp scovhsp[0m
[1;32mCrafting GFF file of CDS ...[0m
[1;32mCrafting fasta file of CDS ...[0m
Parsing fasta file /projects/raw_lab/jobs/metacerberus/GTDB-100/genomes/bacteria/GCA_903895695.1.fna...
Fasta file /projects/raw_lab/jobs/metacerberus/GTDB-100/genomes/bacteria/GCA_903895695.1.fna parsing complete.
[1;32mCreating gff file /projects/raw_lab/jobs/metacerberus/results/eggNOG/GTDB-100/genomes/bacteria/GCA_903895695.1/GCA_903895695.1.emapper.genepred.gff...[0m
500 134.7777714729309 3.71 q/s (% mem usage: 2.30, % mem avail: 97.69)
1000 148.89896297454834 6.72 q/s (% mem usage: 2.30, % mem avail: 97.69)
1500 192.2502794265747 7.80 q/s (% mem usage: 2.30, % mem avail: 97.68)
2000 225.9071671962738 8.85 q/s (% mem usage: 2.30, % mem avail: 97.68)
2500 285.23288226127625 8.76 q/s (% mem usage: 2.30, % mem avail: 97.67)
3000 295.37188506126404 10.16 q/s (% mem usage: 2.30, % mem avail: 97.67)
3500 308.6406190395355 11.34 q/s (% mem usage: 2.30, % mem avail: 97.67)
4000 342.2193202972412 11.69 q/s (% mem usage: 2.30, % mem avail: 97.67)
4184 342.56381344795227 12.21 q/s (% mem usage: 1.90, % mem avail: 98.14)
[32mDone[0m
[1;33mResult files:[0m
   /projects/raw_lab/jobs/metacerberus/results/eggNOG/GTDB-100/genomes/bacteria/GCA_903895695.1/GCA_903895695.1.emapper.genepred.fasta
   /projects/raw_lab/jobs/metacerberus/results/eggNOG/GTDB-100/genomes/bacteria/GCA_903895695.1/GCA_903895695.1.emapper.genepred.gff
   /projects/raw_lab/jobs/metacerberus/results/eggNOG/GTDB-100/genomes/bacteria/GCA_903895695.1/GCA_903895695.1.emapper.hits
   /projects/raw_lab/jobs/metacerberus/results/eggNOG/GTDB-100/genomes/bacteria/GCA_903895695.1/GCA_903895695.1.emapper.seed_orthologs
   /projects/raw_lab/jobs/metacerberus/results/eggNOG/GTDB-100/genomes/bacteria/GCA_903895695.1/GCA_903895695.1.emapper.annotations

================================================================================
CITATION:
If you use this software, please cite:

[1] eggNOG-mapper v2: functional annotation, orthology assignments, and domain 
      prediction at the metagenomic scale. Carlos P. Cantalapiedra, 
      Ana Hernandez-Plaza, Ivica Letunic, Peer Bork, Jaime Huerta-Cepas. 2021.
      Molecular Biology and Evolution, msab293, https://doi.org/10.1093/molbev/msab293

[2] eggNOG 5.0: a hierarchical, functionally and phylogenetically annotated
      orthology resource based on 5090 organisms and 2502 viruses. Jaime
      Huerta-Cepas, Damian Szklarczyk, Davide Heller, Ana Hernandez-Plaza,
      Sofia K Forslund, Helen Cook, Daniel R Mende, Ivica Letunic, Thomas
      Rattei, Lars J Jensen, Christian von Mering and Peer Bork. Nucleic Acids
      Research, Volume 47, Issue D1, 8 January 2019, Pages D309-D314,
      https://doi.org/10.1093/nar/gky1085 

[3] Sensitive protein alignments at tree-of-life scale using DIAMOND.
       Buchfink B, Reuter K, Drost HG. 2021.
       Nature Methods 18, 366–368 (2021). https://doi.org/10.1038/s41592-021-01101-x

e.g. Functional annotation was performed using emapper-2.1.8 [1]
 based on eggNOG orthology data [2]. Sequence searches were performed using [3].


================================================================================

Total hits processed: 4184
Total time: 14147 secs
FINISHED
183465.21user 261.64system 3:55:47elapsed 1298%CPU (0avgtext+0avgdata 6486004maxresident)k
21329800inputs+2955760outputs (0major+10976160minor)pagefaults 0swaps

======================================================
End Time   : Fri Jun 30 19:31:36 EDT 2023
Run Time   : 14150 seconds
======================================================

