=====================================================
Start Time  : Wed Jun 28 12:02:39 EDT 2023
Submit Dir  : /projects/raw_lab/jobs/metacerberus
Job ID/Name : 4041463 / PROKKA
Node List   : str-c111
Num Tasks   : 1 total [1 nodes @ 16 CPUs/node]
======================================================

Loading prokka/1.14.6
  Loading requirement: anaconda3/2022.10
======================================================
Running PROKKA On GTDB-100/genomes/archaea/GCA_002254385.1.fna
======================================================
Archaea
[12:02:42] This is prokka 1.14.6
[12:02:42] Written by Torsten Seemann <torsten.seemann@gmail.com>
[12:02:42] Homepage is https://github.com/tseemann/prokka
[12:02:42] Local time is Wed Jun 28 12:02:42 2023
[12:02:42] You are jlfiguer
[12:02:42] Operating system is linux
[12:02:42] You have BioPerl 1.7.8
Argument "1.7.8" isn't numeric in numeric lt (<) at /apps/pkg/anaconda3/2022.10/envs/prokka-1.14.6/bin/prokka line 259.
[12:02:42] System has 16 cores.
[12:02:42] Will use maximum of 16 cores.
[12:02:42] Annotating as >>> Archaea <<<
[12:02:42] Generating locus_tag from 'GTDB-100/genomes/archaea/GCA_002254385.1.fna' contents.
[12:02:42] Setting --locustag NHPGHCNB from MD5 71901c7b8ceef9dc62cb572d2007e020
[12:02:42] Creating new output folder: results/PROKKA/GTDB-100/genomes/archaea/GCA_002254385.1
[12:02:42] Running: mkdir -p results\/PROKKA\/GTDB\-100\/genomes\/archaea\/GCA_002254385\.1
[12:02:42] Using filename prefix: GCA_002254385.1.XXX
[12:02:42] Setting HMMER_NCPU=1
[12:02:42] Writing log to: results/PROKKA/GTDB-100/genomes/archaea/GCA_002254385.1/GCA_002254385.1.log
[12:02:42] Command: /apps/pkg/anaconda3/2022.10/envs/prokka-1.14.6/bin/prokka --prefix GCA_002254385.1 --outdir results/PROKKA/GTDB-100/genomes/archaea/GCA_002254385.1 --kingdom Archaea --cpus 16 GTDB-100/genomes/archaea/GCA_002254385.1.fna
[12:02:42] Appending to PATH: /apps/pkg/anaconda3/2022.10/envs/prokka-1.14.6/bin
[12:02:42] Looking for 'aragorn' - found /apps/pkg/anaconda3/2022.10/envs/prokka-1.14.6/bin/aragorn
[12:02:42] Determined aragorn version is 001002 from 'ARAGORN v1.2.41 Dean Laslett'
[12:02:42] Looking for 'barrnap' - found /apps/pkg/anaconda3/2022.10/envs/prokka-1.14.6/bin/barrnap
[12:02:42] Determined barrnap version is 000009 from 'barrnap 0.9'
[12:02:42] Looking for 'blastp' - found /apps/pkg/anaconda3/2022.10/envs/prokka-1.14.6/bin/blastp
[12:02:42] Determined blastp version is 002013 from 'blastp: 2.13.0+'
[12:02:42] Looking for 'cmpress' - found /apps/pkg/anaconda3/2022.10/envs/prokka-1.14.6/bin/cmpress
[12:02:42] Determined cmpress version is 001001 from '# INFERNAL 1.1.4 (Dec 2020)'
[12:02:42] Looking for 'cmscan' - found /apps/pkg/anaconda3/2022.10/envs/prokka-1.14.6/bin/cmscan
[12:02:42] Determined cmscan version is 001001 from '# INFERNAL 1.1.4 (Dec 2020)'
[12:02:42] Looking for 'egrep' - found /usr/bin/egrep
[12:02:42] Looking for 'find' - found /usr/bin/find
[12:02:42] Looking for 'grep' - found /usr/bin/grep
[12:02:42] Looking for 'hmmpress' - found /apps/pkg/anaconda3/2022.10/envs/prokka-1.14.6/bin/hmmpress
[12:02:42] Determined hmmpress version is 003003 from '# HMMER 3.3.2 (Nov 2020); http://hmmer.org/'
[12:02:42] Looking for 'hmmscan' - found /apps/pkg/anaconda3/2022.10/envs/prokka-1.14.6/bin/hmmscan
[12:02:42] Determined hmmscan version is 003003 from '# HMMER 3.3.2 (Nov 2020); http://hmmer.org/'
[12:02:42] Looking for 'java' - found /apps/pkg/anaconda3/2022.10/envs/prokka-1.14.6/bin/java
[12:02:42] Looking for 'makeblastdb' - found /apps/pkg/anaconda3/2022.10/envs/prokka-1.14.6/bin/makeblastdb
[12:02:42] Determined makeblastdb version is 002013 from 'makeblastdb: 2.13.0+'
[12:02:42] Looking for 'minced' - found /apps/pkg/anaconda3/2022.10/envs/prokka-1.14.6/bin/minced
[12:02:42] Determined minced version is 004002 from 'minced 0.4.2'
[12:02:42] Looking for 'parallel' - found /apps/pkg/anaconda3/2022.10/envs/prokka-1.14.6/bin/parallel
[12:02:42] Determined parallel version is 20230122 from 'GNU parallel 20230122'
[12:02:42] Looking for 'prodigal' - found /apps/pkg/anaconda3/2022.10/envs/prokka-1.14.6/bin/prodigal
[12:02:42] Determined prodigal version is 002006 from 'Prodigal V2.6.3: February, 2016'
[12:02:42] Looking for 'prokka-genbank_to_fasta_db' - found /apps/pkg/anaconda3/2022.10/envs/prokka-1.14.6/bin/prokka-genbank_to_fasta_db
[12:02:42] Looking for 'sed' - found /usr/bin/sed
[12:02:42] Looking for 'tbl2asn' - found /apps/pkg/anaconda3/2022.10/envs/prokka-1.14.6/bin/tbl2asn
[12:02:42] Determined tbl2asn version is 025007 from 'tbl2asn 25.7   arguments:'
[12:02:42] Using genetic code table 11.
[12:02:42] Loading and checking input file: GTDB-100/genomes/archaea/GCA_002254385.1.fna
[12:02:42] Wrote 140 contigs totalling 1825537 bp.
[12:02:42] Predicting tRNAs and tmRNAs
[12:02:42] Running: aragorn -l -gc11  -w results\/PROKKA\/GTDB\-100\/genomes\/archaea\/GCA_002254385\.1\/GCA_002254385\.1\.fna
[12:02:43] 1 tRNA-Ala [16478,16552] 35 (ggc)
[12:02:43] 1 tRNA-Asn c[317,393] 35 (gtt)
[12:02:43] 1 tRNA-Val [13591,13664] 35 (tac)
[12:02:43] 1 tRNA-Phe c[4297,4373] 35 (gaa)
[12:02:43] 1 tRNA-Arg c[526,601] 36 (tct)
[12:02:43] 1 tRNA-Ile c[70,143] 35 (gat)
[12:02:43] 1 tRNA-Pro [16076,16148] 35 (cgg)
[12:02:43] 1 tRNA-Val [10015,10088] 35 (gac)
[12:02:43] 1 tRNA-Pro [8560,8637] 37 (ggg)
[12:02:43] 1 tRNA-His c[3098,3171] 35 (gtg)
[12:02:43] 1 tRNA-Gln [17354,17429] 35 (ttg)
[12:02:43] tRNA c[4790,4878] is a pseudo/wacky gene - skipping.
[12:02:43] 1 tRNA-Thr c[2163,2237] 35 (cgt)
[12:02:43] 2 tRNA-Ala [8467,8541] 35 (cgc)
[12:02:43] 1 tRNA-Arg c[6092,6176] 38 (cct)
[12:02:43] Found 14 tRNAs
[12:02:43] Predicting Ribosomal RNAs
[12:02:43] Running Barrnap with 16 threads
[12:02:43] 1 NJDO01000051.1 7485 16S ribosomal RNA
[12:02:43] Found 1 rRNAs
[12:02:43] Skipping ncRNA search, enable with --rfam if desired.
[12:02:43] Total of 15 tRNA + rRNA features
[12:02:43] Searching for CRISPR repeats
[12:02:43] Found 0 CRISPRs
[12:02:43] Predicting coding sequences
[12:02:43] Contigs total 1825537 bp, so using single mode
[12:02:43] Running: prodigal -i results\/PROKKA\/GTDB\-100\/genomes\/archaea\/GCA_002254385\.1\/GCA_002254385\.1\.fna -c -m -g 11 -p single -f sco -q
[12:02:46] Excluding CDS which overlaps existing RNA (tRNA) at NJDO01000083.1:5021..6472 on + strand
[12:02:46] Found 1524 CDS
[12:02:46] Connecting features back to sequences
[12:02:46] Not using genus-specific database. Try --usegenus to enable it.
[12:02:46] Annotating CDS, please be patient.
[12:02:46] Will use 16 CPUs for similarity searching.
[12:02:46] There are still 1524 unannotated CDS left (started with 1524)
[12:02:46] Will use blast to search against /apps/pkg/anaconda3/2022.10/envs/prokka-1.14.6/db/kingdom/Archaea/sprot with 16 CPUs
[12:02:46] Running: cat results\/PROKKA\/GTDB\-100\/genomes\/archaea\/GCA_002254385\.1\/GCA_002254385\.1\.sprot\.tmp\.3047673\.faa | parallel --gnu --plain -j 16 --block 17005 --recstart '>' --pipe blastp -query - -db /apps/pkg/anaconda3/2022.10/envs/prokka-1.14.6/db/kingdom/Archaea/sprot -evalue 1e-09 -qcov_hsp_perc 80 -num_threads 1 -num_descriptions 1 -num_alignments 1 -seg no > results\/PROKKA\/GTDB\-100\/genomes\/archaea\/GCA_002254385\.1\/GCA_002254385\.1\.sprot\.tmp\.3047673\.blast 2> /dev/null
[12:02:48] Modify product: ADP-ribose glycohydrolase AF_1521 => ADP-ribose glycohydrolase
[12:02:48] Modify product: Probable adenylyl-sulfate kinase => putative adenylyl-sulfate kinase
[12:02:48] Modify product: Probable ribosomal RNA small subunit methyltransferase A => putative ribosomal RNA small subunit methyltransferase A
[12:02:48] Modify product: Uncharacterized ABC transporter ATP-binding protein MJ0796 => putative ABC transporter ATP-binding protein
[12:02:48] Modify product: UPF0273 protein PH0284 => hypothetical protein
[12:02:48] Modify product: Protein PH0010 => Protein
[12:02:48] Modify product: Damage-control phosphatase PH1575 => Damage-control phosphatase
[12:02:48] Modify product: Uncharacterized ABC transporter ATP-binding protein MJ0796 => putative ABC transporter ATP-binding protein
[12:02:48] Modify product: Uncharacterized HTH-type transcriptional regulator PH1519 => putative HTH-type transcriptional regulator
[12:02:48] Modify product: Putative FKBP-type peptidyl-prolyl cis-trans isomerase MJ0825 => Putative FKBP-type peptidyl-prolyl cis-trans isomerase
[12:02:48] Modify product: UPF0273 protein PH0284 => hypothetical protein
[12:02:48] Modify product: Protein Ta0487 => Protein
[12:02:48] Modify product: Ribosome maturation protein SDO1 homolog => Ribosome maturation protein SDO1 
[12:02:48] Modify product: UPF0215 protein AF_1433 => hypothetical protein
[12:02:48] Modify product: Probable deoxyhypusine synthase => putative deoxyhypusine synthase
[12:02:48] Modify product: Probable aminomethyltransferase => putative aminomethyltransferase
[12:02:48] Modify product: Uncharacterized ABC transporter ATP-binding protein MJ0796 => putative ABC transporter ATP-binding protein
[12:02:48] Modify product: Sugar fermentation stimulation protein homolog => Sugar fermentation stimulation protein 
[12:02:48] Modify product: Probable ribosome biogenesis protein SSO0551 => putative ribosome biogenesis protein
[12:02:48] Modify product: Probable membrane-bound hydrogenase subunit mbhJ => putative membrane-bound hydrogenase subunit mbhJ
[12:02:48] Modify product: ATP-dependent DNA helicase Ta0057 => ATP-dependent DNA helicase
[12:02:48] Modify product: RNA-binding protein PAB1135 => RNA-binding protein
[12:02:48] Modify product: Probable copper-exporting P-type ATPase => putative copper-exporting P-type ATPase
[12:02:48] Modify product: UPF0273 protein PH0284 => hypothetical protein
[12:02:48] Modify product: Uncharacterized ABC transporter ATP-binding protein MJ0796 => putative ABC transporter ATP-binding protein
[12:02:48] Modify product: RutC family protein PH0854 => RutC family protein
[12:02:48] Modify product: UPF0200 protein SSO1041 => hypothetical protein
[12:02:48] Modify product: Uncharacterized ABC transporter ATP-binding protein MJ0796 => putative ABC transporter ATP-binding protein
[12:02:48] Modify product: Probable L-aspartate dehydrogenase => putative L-aspartate dehydrogenase
[12:02:48] Modify product: Probable translation initiation factor IF-2 => putative translation initiation factor IF-2
[12:02:48] Modify product: Uncharacterized isochorismatase family protein HVO_2328 => putative isochorismatase family protein
[12:02:48] Modify product: Probable deoxyhypusine synthase => putative deoxyhypusine synthase
[12:02:48] Modify product: UPF0273 protein PH0284 => hypothetical protein
[12:02:48] Modify product: DNA-binding protein SSO0352 => DNA-binding protein
[12:02:48] Modify product: UPF0147 protein Ta0600 => hypothetical protein
[12:02:48] Modify product: UPF0107 protein AF_0055 => hypothetical protein
[12:02:48] Modify product: UPF0273 protein PH0284 => hypothetical protein
[12:02:48] Modify product: Uncharacterized ABC transporter ATP-binding protein MJ0796 => putative ABC transporter ATP-binding protein
[12:02:48] Modify product: UPF0273 protein PH0284 => hypothetical protein
[12:02:48] Modify product: Probable tRNA pseudouridine synthase B => putative tRNA pseudouridine synthase B
[12:02:48] Modify product: Probable hydrogenase maturation factor HypB => putative hydrogenase maturation factor HypB
[12:02:48] Modify product: UPF0273 protein PH0284 => hypothetical protein
[12:02:48] Modify product: Bifunctional protein FolD => Bifunctional protein FolD protein
[12:02:48] Modify product: GPN-loop GTPase PAB0955 => GPN-loop GTPase
[12:02:48] Modify product: Probable 6-oxopurine nucleoside phosphorylase => putative 6-oxopurine nucleoside phosphorylase
[12:02:48] Cleaned 45 /product names
[12:02:48] Deleting unwanted file: results/PROKKA/GTDB-100/genomes/archaea/GCA_002254385.1/GCA_002254385.1.sprot.tmp.3047673.faa
[12:02:48] Deleting unwanted file: results/PROKKA/GTDB-100/genomes/archaea/GCA_002254385.1/GCA_002254385.1.sprot.tmp.3047673.blast
[12:02:49] There are still 1224 unannotated CDS left (started with 1524)
[12:02:49] Will use hmmer3 to search against /apps/pkg/anaconda3/2022.10/envs/prokka-1.14.6/db/hmm/HAMAP.hmm with 16 CPUs
[12:02:49] Running: cat results\/PROKKA\/GTDB\-100\/genomes\/archaea\/GCA_002254385\.1\/GCA_002254385\.1\.HAMAP\.hmm\.tmp\.3047673\.faa | parallel --gnu --plain -j 16 --block 14110 --recstart '>' --pipe hmmscan --noali --notextw --acc -E 1e-09 --cpu 1 /apps/pkg/anaconda3/2022.10/envs/prokka-1.14.6/db/hmm/HAMAP.hmm /dev/stdin > results\/PROKKA\/GTDB\-100\/genomes\/archaea\/GCA_002254385\.1\/GCA_002254385\.1\.HAMAP\.hmm\.tmp\.3047673\.hmmer3 2> /dev/null
[12:02:56] Deleting unwanted file: results/PROKKA/GTDB-100/genomes/archaea/GCA_002254385.1/GCA_002254385.1.HAMAP.hmm.tmp.3047673.faa
[12:02:56] Deleting unwanted file: results/PROKKA/GTDB-100/genomes/archaea/GCA_002254385.1/GCA_002254385.1.HAMAP.hmm.tmp.3047673.hmmer3
[12:02:56] Labelling remaining 1017 proteins as 'hypothetical protein'
[12:02:56] Possible /pseudo '4-phosphopantoate--beta-alanine ligase' at NJDO01000099.1 position 1755
[12:02:56] Possible /pseudo 'Sensor histidine kinase RcsC' at NJDO01000027.1 position 8155
[12:02:56] Possible /pseudo 'AMP phosphorylase' at NJDO01000138.1 position 2413
[12:02:56] Possible /pseudo 'Digeranylgeranylglycerophospholipid reductase' at NJDO01000067.1 position 9086
[12:02:56] Possible /pseudo 'Iron-sulfur cluster carrier protein' at NJDO01000075.1 position 3122
[12:02:56] Possible /pseudo 'Fused isobutyryl-CoA mutase' at NJDO01000024.1 position 3776
[12:02:56] Possible /pseudo 'Fused isobutyryl-CoA mutase' at NJDO01000024.1 position 4190
[12:02:56] Found 327 unique /gene codes.
[12:02:56] Fixed 9 duplicate /gene - sasA_1 sasA_2 sasA_3 sasA_4 sasA_5 sasA_6 sasA_7 sasA_8 sasA_9
[12:02:56] Fixed 7 duplicate /gene - btuD_1 btuD_2 btuD_3 btuD_4 btuD_5 btuD_6 btuD_7
[12:02:56] Fixed 2 duplicate /gene - aglF_1 aglF_2
[12:02:56] Fixed 2 duplicate /gene - glnA_1 glnA_2
[12:02:56] Fixed 3 duplicate /gene - dadD_1 dadD_2 dadD_3
[12:02:56] Fixed 2 duplicate /gene - apeA_1 apeA_2
[12:02:56] Fixed 2 duplicate /gene - purP_1 purP_2
[12:02:56] Fixed 2 duplicate /gene - rbn_1 rbn_2
[12:02:56] Fixed 4 duplicate /gene - caiA_1 caiA_2 caiA_3 caiA_4
[12:02:56] Fixed 2 duplicate /gene - fixA_1 fixA_2
[12:02:56] Fixed 2 duplicate /gene - dys_1 dys_2
[12:02:56] Fixed 2 duplicate /gene - nadE_1 nadE_2
[12:02:56] Fixed 2 duplicate /gene - deoA_1 deoA_2
[12:02:56] Fixed 2 duplicate /gene - COQ5_1 COQ5_2
[12:02:56] Fixed 2 duplicate /gene - mshA_1 mshA_2
[12:02:56] Fixed 2 duplicate /gene - gatD_1 gatD_2
[12:02:56] Fixed 2 duplicate /gene - pyrE_1 pyrE_2
[12:02:56] Fixed 2 duplicate /gene - ths_1 ths_2
[12:02:56] Fixed 2 duplicate /gene - cdc6_1 cdc6_2
[12:02:56] Fixed 2 duplicate /gene - cpdA_1 cpdA_2
[12:02:56] Fixed 2 duplicate /gene - obg_1 obg_2
[12:02:56] Fixed 3 duplicate /gene - rsxB_1 rsxB_2 rsxB_3
[12:02:56] Fixed 2 duplicate /gene - tbp2_1 tbp2_2
[12:02:56] Fixed 2 duplicate /gene - mdtH_1 mdtH_2
[12:02:56] Fixed 2 duplicate /gene - dnaK_1 dnaK_2
[12:02:56] Fixed 2 duplicate /gene - hldD_1 hldD_2
[12:02:56] Fixed 2 duplicate /gene - ftsZ_1 ftsZ_2
[12:02:56] Fixed 2 duplicate /gene - flaH_1 flaH_2
[12:02:56] Fixed 3 duplicate /gene - icmF_1 icmF_2 icmF_3
[12:02:56] Fixed 7 duplicate /gene - dnaJ_1 dnaJ_2 dnaJ_3 dnaJ_4 dnaJ_5 dnaJ_6 dnaJ_7
[12:02:56] Fixed 3 duplicate /gene - cheY_1 cheY_2 cheY_3
[12:02:56] Fixed 3 duplicate /gene - rhaD_1 rhaD_2 rhaD_3
[12:02:56] Fixed 2 duplicate /gene - menA_1 menA_2
[12:02:56] Fixed 3 duplicate /gene - bamB_1 bamB_2 bamB_3
[12:02:56] Fixed 3 duplicate /gene - lapB_1 lapB_2 lapB_3
[12:02:56] Fixed 3 duplicate /gene - gloB_1 gloB_2 gloB_3
[12:02:56] Fixed 2 duplicate /gene - IMPDH_1 IMPDH_2
[12:02:56] Fixed 2 duplicate /gene - rcsC_1 rcsC_2
[12:02:56] Fixed 2 duplicate /gene - thiI_1 thiI_2
[12:02:56] Fixed 2 duplicate /gene - prmC_1 prmC_2
[12:02:56] Fixed 3 duplicate /gene - grpE_1 grpE_2 grpE_3
[12:02:56] Fixed 2 duplicate /gene - sudA_1 sudA_2
[12:02:56] Fixed 2 duplicate /gene - fixB_1 fixB_2
[12:02:56] Fixed 2 duplicate /gene - leuC_1 leuC_2
[12:02:56] Fixed 2 duplicate /gene - purE_1 purE_2
[12:02:56] Fixed 2 duplicate /gene - hydA_1 hydA_2
[12:02:56] Fixed 2 duplicate /gene - cheB_1 cheB_2
[12:02:56] Fixed 2 duplicate /gene - ftsH_1 ftsH_2
[12:02:56] Fixed 48 colliding /gene names.
[12:02:56] Adding /locus_tag identifiers
[12:02:56] Assigned 1539 locus_tags to CDS and RNA features.
[12:02:56] Writing outputs to results/PROKKA/GTDB-100/genomes/archaea/GCA_002254385.1/
[12:02:57] Generating annotation statistics file
[12:02:57] Generating Genbank and Sequin files
[12:02:57] Running: tbl2asn -V b -a r10k -l paired-ends -M n -N 1 -y 'Annotated using prokka 1.14.6 from https://github.com/tseemann/prokka' -Z results\/PROKKA\/GTDB\-100\/genomes\/archaea\/GCA_002254385\.1\/GCA_002254385\.1\.err -i results\/PROKKA\/GTDB\-100\/genomes\/archaea\/GCA_002254385\.1\/GCA_002254385\.1\.fsa 2> /dev/null
[tbl2asn-forever] Found Prokka input, correcting dates in .gbf|.sqn files.
[tbl2asn-forever] Correcting dates in results/PROKKA/GTDB-100/genomes/archaea/GCA_002254385.1/GCA_002254385.1.gbf
[tbl2asn-forever] Correcting dates in results/PROKKA/GTDB-100/genomes/archaea/GCA_002254385.1/GCA_002254385.1.sqn
[tbl2asn-forever] Dates changed from 01-JAN-2019 to 28-JUN-2023
[12:03:00] Deleting unwanted file: results/PROKKA/GTDB-100/genomes/archaea/GCA_002254385.1/errorsummary.val
[12:03:00] Deleting unwanted file: results/PROKKA/GTDB-100/genomes/archaea/GCA_002254385.1/GCA_002254385.1.dr
[12:03:00] Deleting unwanted file: results/PROKKA/GTDB-100/genomes/archaea/GCA_002254385.1/GCA_002254385.1.fixedproducts
[12:03:00] Deleting unwanted file: results/PROKKA/GTDB-100/genomes/archaea/GCA_002254385.1/GCA_002254385.1.ecn
[12:03:00] Deleting unwanted file: results/PROKKA/GTDB-100/genomes/archaea/GCA_002254385.1/GCA_002254385.1.val
[12:03:00] Repairing broken .GBK output that tbl2asn produces...
[12:03:00] Running: sed 's/COORDINATES: profile/COORDINATES:profile/' < results\/PROKKA\/GTDB\-100\/genomes\/archaea\/GCA_002254385\.1\/GCA_002254385\.1\.gbf > results\/PROKKA\/GTDB\-100\/genomes\/archaea\/GCA_002254385\.1\/GCA_002254385\.1\.gbk
[12:03:00] Deleting unwanted file: results/PROKKA/GTDB-100/genomes/archaea/GCA_002254385.1/GCA_002254385.1.gbf
[12:03:00] Output files:
[12:03:00] results/PROKKA/GTDB-100/genomes/archaea/GCA_002254385.1/GCA_002254385.1.log
[12:03:00] results/PROKKA/GTDB-100/genomes/archaea/GCA_002254385.1/GCA_002254385.1.fna
[12:03:00] results/PROKKA/GTDB-100/genomes/archaea/GCA_002254385.1/GCA_002254385.1.gff
[12:03:00] results/PROKKA/GTDB-100/genomes/archaea/GCA_002254385.1/GCA_002254385.1.faa
[12:03:00] results/PROKKA/GTDB-100/genomes/archaea/GCA_002254385.1/GCA_002254385.1.ffn
[12:03:00] results/PROKKA/GTDB-100/genomes/archaea/GCA_002254385.1/GCA_002254385.1.tbl
[12:03:00] results/PROKKA/GTDB-100/genomes/archaea/GCA_002254385.1/GCA_002254385.1.fsa
[12:03:00] results/PROKKA/GTDB-100/genomes/archaea/GCA_002254385.1/GCA_002254385.1.tsv
[12:03:00] results/PROKKA/GTDB-100/genomes/archaea/GCA_002254385.1/GCA_002254385.1.txt
[12:03:00] results/PROKKA/GTDB-100/genomes/archaea/GCA_002254385.1/GCA_002254385.1.err
[12:03:00] results/PROKKA/GTDB-100/genomes/archaea/GCA_002254385.1/GCA_002254385.1.sqn
[12:03:00] results/PROKKA/GTDB-100/genomes/archaea/GCA_002254385.1/GCA_002254385.1.gbk
[12:03:00] Annotation finished successfully.
[12:03:00] Walltime used: 0.30 minutes
[12:03:00] If you use this result please cite the Prokka paper:
[12:03:00] Seemann T (2014) Prokka: rapid prokaryotic genome annotation. Bioinformatics. 30(14):2068-9.
[12:03:00] Type 'prokka --citation' for more details.
[12:03:00] Thank you, come again.
85.48user 34.44system 0:18.18elapsed 659%CPU (0avgtext+0avgdata 165160maxresident)k
38760inputs+139344outputs (10major+6125663minor)pagefaults 0swaps

======================================================
End Time   : Wed Jun 28 12:03:00 EDT 2023
Run Time   : 21 seconds
======================================================

