=====================================================
Start Time  : Sat Jun 24 20:48:34 EDT 2023
Submit Dir  : /projects/raw_lab/jobs/metacerberus
Job ID/Name : 3996225 / InterProScan
Node List   : str-c101
Num Tasks   : 1 total [1 nodes @ 16 CPUs/node]
======================================================

Loading interproscan/5.60-92.0
  Loading requirement: anaconda3/2020.11 openjdk/15
======================================================
Running InterProScan On PHAGES/genomes/NC_041954.fna
======================================================
24/06/2023 20:48:35:592 Welcome to InterProScan-5.60-92.0
24/06/2023 20:48:35:593 Running InterProScan v5 in STANDALONE mode... on Linux
24/06/2023 20:48:39:610 RunID: str-c101.uncc.edu_20230624_204839439_8g6u
24/06/2023 20:48:48:134 Loading file /projects/raw_lab/jobs/metacerberus/PHAGES/genomes/NC_041954.fna
24/06/2023 20:48:48:609 Running the following analyses:
[AntiFam-7.0,CDD-3.20,Coils-2.2.1,FunFam-4.3.0,Gene3D-4.3.0,Hamap-2021_04,MobiDBLite-2.0,PANTHER-17.0,Pfam-35.0,PIRSF-3.10,PIRSR-2021_05,PRINTS-42.0,ProSitePatterns-2022_01,ProSiteProfiles-2022_01,SFLD-4,SMART-7.1,SUPERFAMILY-1.75,TIGRFAM-15.0]
Pre-calculated match lookup service DISABLED.  Please wait for match calculations to complete...
2023-06-24 20:50:03,724 [amqEmbeddedWorkerJmsContainer-6] [uk.ac.ebi.interpro.scan.management.model.implementations.WriteOutputStep:344] WARN - At write output completion, unable to delete temporary directory /projects/raw_lab/jobs/metacerberus/temp/str-c101.uncc.edu_20230624_204839439_8g6u
24/06/2023 20:50:03:764 100% done:  InterProScan analyses completed 

2023-06-24 20:50:04,267 [main] [uk.ac.ebi.interpro.scan.jms.master.AbstractMaster:259] WARN - Master process unable to delete temporary directory /projects/raw_lab/jobs/metacerberus/temp/str-c101.uncc.edu_20230624_204839439_8g6u
2023-06-24 20:50:04,273 [main] [uk.ac.ebi.interpro.scan.jms.main.Run:1778] WARN - At Run completion, unable to delete temporary directory /projects/raw_lab/jobs/metacerberus/temp/str-c101.uncc.edu_20230624_204839439_8g6u
220.20user 23.14system 1:29.39elapsed 272%CPU (0avgtext+0avgdata 3289856maxresident)k
471376inputs+473504outputs (12major+1560167minor)pagefaults 0swaps

======================================================
End Time   : Sat Jun 24 20:50:04 EDT 2023
Run Time   : 90 seconds
======================================================

