=====================================================
Start Time  : Sat Jun 24 18:54:37 EDT 2023
Submit Dir  : /projects/raw_lab/jobs/metacerberus
Job ID/Name : 3995266 / InterProScan
Node List   : str-c100
Num Tasks   : 1 total [1 nodes @ 16 CPUs/node]
======================================================

Loading interproscan/5.60-92.0
  Loading requirement: anaconda3/2020.11 openjdk/15
======================================================
Running InterProScan On GTDB-100/genomes/bacteria/GCA_001820785.1.fna
======================================================
24/06/2023 18:54:38:506 Welcome to InterProScan-5.60-92.0
24/06/2023 18:54:38:506 Running InterProScan v5 in STANDALONE mode... on Linux
24/06/2023 18:54:42:680 RunID: str-c100.uncc.edu_20230624_185442509_68mb
24/06/2023 18:54:51:665 Loading file /projects/raw_lab/jobs/metacerberus/GTDB-100/genomes/bacteria/GCA_001820785.1.fna
24/06/2023 18:54:52:369 Running the following analyses:
[AntiFam-7.0,CDD-3.20,Coils-2.2.1,FunFam-4.3.0,Gene3D-4.3.0,Hamap-2021_04,MobiDBLite-2.0,PANTHER-17.0,Pfam-35.0,PIRSF-3.10,PIRSR-2021_05,PRINTS-42.0,ProSitePatterns-2022_01,ProSiteProfiles-2022_01,SFLD-4,SMART-7.1,SUPERFAMILY-1.75,TIGRFAM-15.0]
Pre-calculated match lookup service DISABLED.  Please wait for match calculations to complete...
2023-06-24 19:10:57,976 [amqEmbeddedWorkerJmsContainer-10] [uk.ac.ebi.interpro.scan.io.pirsf.hmmer3.PirsfHmmer3RawMatchParser:129] WARN - Couldn't parse the given raw match line, because it is of an unexpected format.
2023-06-24 19:10:57,981 [amqEmbeddedWorkerJmsContainer-10] [uk.ac.ebi.interpro.scan.io.pirsf.hmmer3.PirsfHmmer3RawMatchParser:130] WARN - Unexpected Raw match line: Query sequence: 101 matches PIRSF005047: Uncharacterised protein with DNA polymerase family X (POLIIIAc) and PHP domains
2023-06-24 19:10:57,981 [amqEmbeddedWorkerJmsContainer-10] [uk.ac.ebi.interpro.scan.io.pirsf.hmmer3.PirsfHmmer3RawMatchParser:129] WARN - Couldn't parse the given raw match line, because it is of an unexpected format.
2023-06-24 19:10:57,981 [amqEmbeddedWorkerJmsContainer-10] [uk.ac.ebi.interpro.scan.io.pirsf.hmmer3.PirsfHmmer3RawMatchParser:130] WARN - Unexpected Raw match line: #    score  bias  c-Evalue  i-Evalue hmmfrom  hmm to    alifrom  ali to    envfrom  env to     acc
2023-06-24 19:10:57,981 [amqEmbeddedWorkerJmsContainer-10] [uk.ac.ebi.interpro.scan.io.pirsf.hmmer3.PirsfHmmer3RawMatchParser:129] WARN - Couldn't parse the given raw match line, because it is of an unexpected format.
2023-06-24 19:10:57,981 [amqEmbeddedWorkerJmsContainer-10] [uk.ac.ebi.interpro.scan.io.pirsf.hmmer3.PirsfHmmer3RawMatchParser:130] WARN - Unexpected Raw match line: 1 !  666.3   3.0    5e-204  6.6e-202       2     574 ..      19     599 ..      18     600 .. 0.97
2023-06-24 19:10:57,981 [amqEmbeddedWorkerJmsContainer-10] [uk.ac.ebi.interpro.scan.io.pirsf.hmmer3.PirsfHmmer3RawMatchParser:129] WARN - Couldn't parse the given raw match line, because it is of an unexpected format.
2023-06-24 19:10:57,982 [amqEmbeddedWorkerJmsContainer-10] [uk.ac.ebi.interpro.scan.io.pirsf.hmmer3.PirsfHmmer3RawMatchParser:130] WARN - Unexpected Raw match line: Query sequence: 108 matches PIRSF004557: Preprotein translocase Sec, SecY/Sec61-alpha subunit
2023-06-24 19:10:57,982 [amqEmbeddedWorkerJmsContainer-10] [uk.ac.ebi.interpro.scan.io.pirsf.hmmer3.PirsfHmmer3RawMatchParser:129] WARN - Couldn't parse the given raw match line, because it is of an unexpected format.
2023-06-24 19:10:57,982 [amqEmbeddedWorkerJmsContainer-10] [uk.ac.ebi.interpro.scan.io.pirsf.hmmer3.PirsfHmmer3RawMatchParser:130] WARN - Unexpected Raw match line: #    score  bias  c-Evalue  i-Evalue hmmfrom  hmm to    alifrom  ali to    envfrom  env to     acc
2023-06-24 19:10:57,982 [amqEmbeddedWorkerJmsContainer-10] [uk.ac.ebi.interpro.scan.io.pirsf.hmmer3.PirsfHmmer3RawMatchParser:129] WARN - Couldn't parse the given raw match line, because it is of an unexpected format.
2023-06-24 19:10:57,982 [amqEmbeddedWorkerJmsContainer-10] [uk.ac.ebi.interpro.scan.io.pirsf.hmmer3.PirsfHmmer3RawMatchParser:130] WARN - Unexpected Raw match line: 1 !  382.1  28.0  1.7e-118  6.8e-116      10     441 ..      52     475 ..      46     476 .] 0.94
2023-06-24 19:10:57,982 [amqEmbeddedWorkerJmsContainer-10] [uk.ac.ebi.interpro.scan.io.pirsf.hmmer3.PirsfHmmer3RawMatchParser:129] WARN - Couldn't parse the given raw match line, because it is of an unexpected format.
2023-06-24 19:10:57,982 [amqEmbeddedWorkerJmsContainer-10] [uk.ac.ebi.interpro.scan.io.pirsf.hmmer3.PirsfHmmer3RawMatchParser:130] WARN - Unexpected Raw match line: Query sequence: 118 matches PIRSF001589: Asparagine synthetase [glutamine-hydrolysing]
2023-06-24 19:10:57,982 [amqEmbeddedWorkerJmsContainer-10] [uk.ac.ebi.interpro.scan.io.pirsf.hmmer3.PirsfHmmer3RawMatchParser:129] WARN - Couldn't parse the given raw match line, because it is of an unexpected format.
2023-06-24 19:10:57,982 [amqEmbeddedWorkerJmsContainer-10] [uk.ac.ebi.interpro.scan.io.pirsf.hmmer3.PirsfHmmer3RawMatchParser:130] WARN - Unexpected Raw match line: #    score  bias  c-Evalue  i-Evalue hmmfrom  hmm to    alifrom  ali to    envfrom  env to     acc
2023-06-24 19:10:57,982 [amqEmbeddedWorkerJmsContainer-10] [uk.ac.ebi.interpro.scan.io.pirsf.hmmer3.PirsfHmmer3RawMatchParser:129] WARN - Couldn't parse the given raw match line, because it is of an unexpected format.
2023-06-24 19:10:57,982 [amqEmbeddedWorkerJmsContainer-10] [uk.ac.ebi.interpro.scan.io.pirsf.hmmer3.PirsfHmmer3RawMatchParser:130] WARN - Unexpected Raw match line: 1 !  475.8   0.0  5.7e-146  4.5e-144       1     591 [.       2     618 ..       2     619 .] 0.91
2023-06-24 19:10:57,982 [amqEmbeddedWorkerJmsContainer-10] [uk.ac.ebi.interpro.scan.io.pirsf.hmmer3.PirsfHmmer3RawMatchParser:129] WARN - Couldn't parse the given raw match line, because it is of an unexpected format.
2023-06-24 19:10:57,982 [amqEmbeddedWorkerJmsContainer-10] [uk.ac.ebi.interpro.scan.io.pirsf.hmmer3.PirsfHmmer3RawMatchParser:130] WARN - Unexpected Raw match line: Query sequence: 123 matches PIRSF019169: Tfp pilus assembly protein, ATPase PilM
2023-06-24 19:10:57,982 [amqEmbeddedWorkerJmsContainer-10] [uk.ac.ebi.interpro.scan.io.pirsf.hmmer3.PirsfHmmer3RawMatchParser:129] WARN - Couldn't parse the given raw match line, because it is of an unexpected format.
2023-06-24 19:10:57,982 [amqEmbeddedWorkerJmsContainer-10] [uk.ac.ebi.interpro.scan.io.pirsf.hmmer3.PirsfHmmer3RawMatchParser:130] WARN - Unexpected Raw match line: #    score  bias  c-Evalue  i-Evalue hmmfrom  hmm to    alifrom  ali to    envfrom  env to     acc
2023-06-24 19:10:57,982 [amqEmbeddedWorkerJmsContainer-10] [uk.ac.ebi.interpro.scan.io.pirsf.hmmer3.PirsfHmmer3RawMatchParser:129] WARN - Couldn't parse the given raw match line, because it is of an unexpected format.
2023-06-24 19:10:57,983 [amqEmbeddedWorkerJmsContainer-10] [uk.ac.ebi.interpro.scan.io.pirsf.hmmer3.PirsfHmmer3RawMatchParser:130] WARN - Unexpected Raw match line: 1 !  216.5   0.2   2.6e-68     1e-65       7     356 ..      55     401 ..      50     402 .. 0.93
2023-06-24 19:10:57,983 [amqEmbeddedWorkerJmsContainer-10] [uk.ac.ebi.interpro.scan.io.pirsf.hmmer3.PirsfHmmer3RawMatchParser:129] WARN - Couldn't parse the given raw match line, because it is of an unexpected format.
2023-06-24 19:10:57,983 [amqEmbeddedWorkerJmsContainer-10] [uk.ac.ebi.interpro.scan.io.pirsf.hmmer3.PirsfHmmer3RawMatchParser:130] WARN - Unexpected Raw match line: Query sequence: 13 matches PIRSF005499: Polyribonucleotide nucleotidyltransferase
2023-06-24 19:10:57,983 [amqEmbeddedWorkerJmsContainer-10] [uk.ac.ebi.interpro.scan.io.pirsf.hmmer3.PirsfHmmer3RawMatchParser:129] WARN - Couldn't parse the given raw match line, because it is of an unexpected format.
2023-06-24 19:10:57,983 [amqEmbeddedWorkerJmsContainer-10] [uk.ac.ebi.interpro.scan.io.pirsf.hmmer3.PirsfHmmer3RawMatchParser:130] WARN - Unexpected Raw match line: #    score  bias  c-Evalue  i-Evalue hmmfrom  hmm to    alifrom  ali to    envfrom  env to     acc
2023-06-24 19:10:57,983 [amqEmbeddedWorkerJmsContainer-10] [uk.ac.ebi.interpro.scan.io.pirsf.hmmer3.PirsfHmmer3RawMatchParser:129] WARN - Couldn't parse the given raw match line, because it is of an unexpected format.
2023-06-24 19:10:57,983 [amqEmbeddedWorkerJmsContainer-10] [uk.ac.ebi.interpro.scan.io.pirsf.hmmer3.PirsfHmmer3RawMatchParser:130] WARN - Unexpected Raw match line: 1 !  883.9   0.0  4.3e-270  1.7e-267       3     708 ..       8     711 ..       6     727 .. 0.96
2023-06-24 19:10:57,983 [amqEmbeddedWorkerJmsContainer-10] [uk.ac.ebi.interpro.scan.io.pirsf.hmmer3.PirsfHmmer3RawMatchParser:129] WARN - Couldn't parse the given raw match line, because it is of an unexpected format.
2023-06-24 19:10:57,983 [amqEmbeddedWorkerJmsContainer-10] [uk.ac.ebi.interpro.scan.io.pirsf.hmmer3.PirsfHmmer3RawMatchParser:130] WARN - Unexpected Raw match line: Query sequence: 133 matches PIRSF002811: DNA primase
2023-06-24 19:10:57,983 [amqEmbeddedWorkerJmsContainer-10] [uk.ac.ebi.interpro.scan.io.pirsf.hmmer3.PirsfHmmer3RawMatchParser:129] WARN - Couldn't parse the given raw match line, because it is of an unexpected format.
2023-06-24 19:10:57,983 [amqEmbeddedWorkerJmsContainer-10] [uk.ac.ebi.interpro.scan.io.pirsf.hmmer3.PirsfHmmer3RawMatchParser:130] WARN - Unexpected Raw match line: #    score  bias  c-Evalue  i-Evalue hmmfrom  hmm to    alifrom  ali to    envfrom  env to     acc
2023-06-24 19:10:57,983 [amqEmbeddedWorkerJmsContainer-10] [uk.ac.ebi.interpro.scan.io.pirsf.hmmer3.PirsfHmmer3RawMatchParser:129] WARN - Couldn't parse the given raw match line, because it is of an unexpected format.
2023-06-24 19:10:57,983 [amqEmbeddedWorkerJmsContainer-10] [uk.ac.ebi.interpro.scan.io.pirsf.hmmer3.PirsfHmmer3RawMatchParser:130] WARN - Unexpected Raw match line: 1 !  457.2   0.0  6.1e-141  2.4e-138       3     578 ..      54     640 ..      52     656 .. 0.89
2023-06-24 19:10:57,983 [amqEmbeddedWorkerJmsContainer-10] [uk.ac.ebi.interpro.scan.io.pirsf.hmmer3.PirsfHmmer3RawMatchParser:129] WARN - Couldn't parse the given raw match line, because it is of an unexpected format.
2023-06-24 19:10:57,983 [amqEmbeddedWorkerJmsContainer-10] [uk.ac.ebi.interpro.scan.io.pirsf.hmmer3.PirsfHmmer3RawMatchParser:130] WARN - Unexpected Raw match line: Query sequence: 140 matches PIRSF039088: ATP synthase subunit alpha
2023-06-24 19:10:57,983 [amqEmbeddedWorkerJmsContainer-10] [uk.ac.ebi.interpro.scan.io.pirsf.hmmer3.PirsfHmmer3RawMatchParser:129] WARN - Couldn't parse the given raw match line, because it is of an unexpected format.
2023-06-24 19:10:57,984 [amqEmbeddedWorkerJmsContainer-10] [uk.ac.ebi.interpro.scan.io.pirsf.hmmer3.PirsfHmmer3RawMatchParser:130] WARN - Unexpected Raw match line: #    score  bias  c-Evalue  i-Evalue hmmfrom  hmm to    alifrom  ali to    envfrom  env to     acc
2023-06-24 19:10:57,984 [amqEmbeddedWorkerJmsContainer-10] [uk.ac.ebi.interpro.scan.io.pirsf.hmmer3.PirsfHmmer3RawMatchParser:129] WARN - Couldn't parse the given raw match line, because it is of an unexpected format.
2023-06-24 19:10:57,984 [amqEmbeddedWorkerJmsContainer-10] [uk.ac.ebi.interpro.scan.io.pirsf.hmmer3.PirsfHmmer3RawMatchParser:130] WARN - Unexpected Raw match line: 1 !  782.7   3.1  2.7e-239  2.7e-237       5     505 ..       8     511 ..       4     516 .. 0.97
2023-06-24 19:10:57,984 [amqEmbeddedWorkerJmsContainer-10] [uk.ac.ebi.interpro.scan.io.pirsf.hmmer3.PirsfHmmer3RawMatchParser:129] WARN - Couldn't parse the given raw match line, because it is of an unexpected format.
2023-06-24 19:10:57,984 [amqEmbeddedWorkerJmsContainer-10] [uk.ac.ebi.interpro.scan.io.pirsf.hmmer3.PirsfHmmer3RawMatchParser:130] WARN - Unexpected Raw match line: Query sequence: 202 matches PIRSF006630: Glutamine-dependent NAD(+) synthetase with GAT domain
2023-06-24 19:10:57,984 [amqEmbeddedWorkerJmsContainer-10] [uk.ac.ebi.interpro.scan.io.pirsf.hmmer3.PirsfHmmer3RawMatchParser:129] WARN - Couldn't parse the given raw match line, because it is of an unexpected format.
2023-06-24 19:10:57,984 [amqEmbeddedWorkerJmsContainer-10] [uk.ac.ebi.interpro.scan.io.pirsf.hmmer3.PirsfHmmer3RawMatchParser:130] WARN - Unexpected Raw match line: #    score  bias  c-Evalue  i-Evalue hmmfrom  hmm to    alifrom  ali to    envfrom  env to     acc
2023-06-24 19:10:57,984 [amqEmbeddedWorkerJmsContainer-10] [uk.ac.ebi.interpro.scan.io.pirsf.hmmer3.PirsfHmmer3RawMatchParser:129] WARN - Couldn't parse the given raw match line, because it is of an unexpected format.
2023-06-24 19:10:57,984 [amqEmbeddedWorkerJmsContainer-10] [uk.ac.ebi.interpro.scan.io.pirsf.hmmer3.PirsfHmmer3RawMatchParser:130] WARN - Unexpected Raw match line: 1 !  494.9   0.0  4.6e-152    6e-150       3     583 ..      18     648 ..      16     651 .. 0.96
2023-06-24 19:10:57,984 [amqEmbeddedWorkerJmsContainer-10] [uk.ac.ebi.interpro.scan.io.pirsf.hmmer3.PirsfHmmer3RawMatchParser:129] WARN - Couldn't parse the given raw match line, because it is of an unexpected format.
2023-06-24 19:10:57,984 [amqEmbeddedWorkerJmsContainer-10] [uk.ac.ebi.interpro.scan.io.pirsf.hmmer3.PirsfHmmer3RawMatchParser:130] WARN - Unexpected Raw match line: Query sequence: 23 matches PIRSF001604: DNA ligase (NAD), LigA type
2023-06-24 19:10:57,984 [amqEmbeddedWorkerJmsContainer-10] [uk.ac.ebi.interpro.scan.io.pirsf.hmmer3.PirsfHmmer3RawMatchParser:129] WARN - Couldn't parse the given raw match line, because it is of an unexpected format.
2023-06-24 19:10:57,984 [amqEmbeddedWorkerJmsContainer-10] [uk.ac.ebi.interpro.scan.io.pirsf.hmmer3.PirsfHmmer3RawMatchParser:130] WARN - Unexpected Raw match line: #    score  bias  c-Evalue  i-Evalue hmmfrom  hmm to    alifrom  ali to    envfrom  env to     acc
2023-06-24 19:10:57,984 [amqEmbeddedWorkerJmsContainer-10] [uk.ac.ebi.interpro.scan.io.pirsf.hmmer3.PirsfHmmer3RawMatchParser:129] WARN - Couldn't parse the given raw match line, because it is of an unexpected format.
2023-06-24 19:10:57,984 [amqEmbeddedWorkerJmsContainer-10] [uk.ac.ebi.interpro.scan.io.pirsf.hmmer3.PirsfHmmer3RawMatchParser:130] WARN - Unexpected Raw match line: 1 !  759.2   0.0    4e-232  7.8e-230       6     676 ..      71     758 ..      67     759 .] 0.98
2023-06-24 19:10:57,984 [amqEmbeddedWorkerJmsContainer-10] [uk.ac.ebi.interpro.scan.io.pirsf.hmmer3.PirsfHmmer3RawMatchParser:129] WARN - Couldn't parse the given raw match line, because it is of an unexpected format.
2023-06-24 19:10:57,985 [amqEmbeddedWorkerJmsContainer-10] [uk.ac.ebi.interpro.scan.io.pirsf.hmmer3.PirsfHmmer3RawMatchParser:130] WARN - Unexpected Raw match line: Query sequence: 239 matches PIRSF004486: S-adenosyl-L-methionine dependent methyltransferase, MraW type
2023-06-24 19:10:57,985 [amqEmbeddedWorkerJmsContainer-10] [uk.ac.ebi.interpro.scan.io.pirsf.hmmer3.PirsfHmmer3RawMatchParser:129] WARN - Couldn't parse the given raw match line, because it is of an unexpected format.
2023-06-24 19:10:57,985 [amqEmbeddedWorkerJmsContainer-10] [uk.ac.ebi.interpro.scan.io.pirsf.hmmer3.PirsfHmmer3RawMatchParser:130] WARN - Unexpected Raw match line: #    score  bias  c-Evalue  i-Evalue hmmfrom  hmm to    alifrom  ali to    envfrom  env to     acc
2023-06-24 19:10:57,985 [amqEmbeddedWorkerJmsContainer-10] [uk.ac.ebi.interpro.scan.io.pirsf.hmmer3.PirsfHmmer3RawMatchParser:129] WARN - Couldn't parse the given raw match line, because it is of an unexpected format.
2023-06-24 19:10:57,985 [amqEmbeddedWorkerJmsContainer-10] [uk.ac.ebi.interpro.scan.io.pirsf.hmmer3.PirsfHmmer3RawMatchParser:130] WARN - Unexpected Raw match line: 1 !  320.8   0.0   1.2e-99   2.4e-97       4     307 ..      11     303 .]       8     303 .] 0.96
2023-06-24 19:10:57,985 [amqEmbeddedWorkerJmsContainer-10] [uk.ac.ebi.interpro.scan.io.pirsf.hmmer3.PirsfHmmer3RawMatchParser:129] WARN - Couldn't parse the given raw match line, because it is of an unexpected format.
2023-06-24 19:10:57,985 [amqEmbeddedWorkerJmsContainer-10] [uk.ac.ebi.interpro.scan.io.pirsf.hmmer3.PirsfHmmer3RawMatchParser:130] WARN - Unexpected Raw match line: Query sequence: 25 matches PIRSF000130: Inosine-5'-monophosphate dehydrogenase
2023-06-24 19:10:57,985 [amqEmbeddedWorkerJmsContainer-10] [uk.ac.ebi.interpro.scan.io.pirsf.hmmer3.PirsfHmmer3RawMatchParser:129] WARN - Couldn't parse the given raw match line, because it is of an unexpected format.
2023-06-24 19:10:57,985 [amqEmbeddedWorkerJmsContainer-10] [uk.ac.ebi.interpro.scan.io.pirsf.hmmer3.PirsfHmmer3RawMatchParser:130] WARN - Unexpected Raw match line: #    score  bias  c-Evalue  i-Evalue hmmfrom  hmm to    alifrom  ali to    envfrom  env to     acc
2023-06-24 19:10:57,985 [amqEmbeddedWorkerJmsContainer-10] [uk.ac.ebi.interpro.scan.io.pirsf.hmmer3.PirsfHmmer3RawMatchParser:129] WARN - Couldn't parse the given raw match line, because it is of an unexpected format.
2023-06-24 19:10:57,985 [amqEmbeddedWorkerJmsContainer-10] [uk.ac.ebi.interpro.scan.io.pirsf.hmmer3.PirsfHmmer3RawMatchParser:130] WARN - Unexpected Raw match line: 1 !  564.9   5.7  2.6e-173  3.4e-171      10     490 ..      15     486 ..       7     488 .] 0.97
2023-06-24 19:10:57,985 [amqEmbeddedWorkerJmsContainer-10] [uk.ac.ebi.interpro.scan.io.pirsf.hmmer3.PirsfHmmer3RawMatchParser:129] WARN - Couldn't parse the given raw match line, because it is of an unexpected format.
2023-06-24 19:10:57,985 [amqEmbeddedWorkerJmsContainer-10] [uk.ac.ebi.interpro.scan.io.pirsf.hmmer3.PirsfHmmer3RawMatchParser:130] WARN - Unexpected Raw match line: Query sequence: 253 matches PIRSF002401: GTP-binding protein, obg type
2023-06-24 19:10:57,985 [amqEmbeddedWorkerJmsContainer-10] [uk.ac.ebi.interpro.scan.io.pirsf.hmmer3.PirsfHmmer3RawMatchParser:129] WARN - Couldn't parse the given raw match line, because it is of an unexpected format.
2023-06-24 19:10:57,985 [amqEmbeddedWorkerJmsContainer-10] [uk.ac.ebi.interpro.scan.io.pirsf.hmmer3.PirsfHmmer3RawMatchParser:130] WARN - Unexpected Raw match line: #    score  bias  c-Evalue  i-Evalue hmmfrom  hmm to    alifrom  ali to    envfrom  env to     acc
2023-06-24 19:10:57,986 [amqEmbeddedWorkerJmsContainer-10] [uk.ac.ebi.interpro.scan.io.pirsf.hmmer3.PirsfHmmer3RawMatchParser:129] WARN - Couldn't parse the given raw match line, because it is of an unexpected format.
2023-06-24 19:10:57,986 [amqEmbeddedWorkerJmsContainer-10] [uk.ac.ebi.interpro.scan.io.pirsf.hmmer3.PirsfHmmer3RawMatchParser:130] WARN - Unexpected Raw match line: 1 !  342.3   1.8  1.8e-106  7.1e-104       3     337 ..       2     321 ..       1     325 [. 0.93
2023-06-24 19:10:57,986 [amqEmbeddedWorkerJmsContainer-10] [uk.ac.ebi.interpro.scan.io.pirsf.hmmer3.PirsfHmmer3RawMatchParser:129] WARN - Couldn't parse the given raw match line, because it is of an unexpected format.
2023-06-24 19:10:57,986 [amqEmbeddedWorkerJmsContainer-10] [uk.ac.ebi.interpro.scan.io.pirsf.hmmer3.PirsfHmmer3RawMatchParser:130] WARN - Unexpected Raw match line: Query sequence: 267 matches PIRSF001359: Fructose-bisphosphate aldolase II
2023-06-24 19:10:57,986 [amqEmbeddedWorkerJmsContainer-10] [uk.ac.ebi.interpro.scan.io.pirsf.hmmer3.PirsfHmmer3RawMatchParser:129] WARN - Couldn't parse the given raw match line, because it is of an unexpected format.
2023-06-24 19:10:57,986 [amqEmbeddedWorkerJmsContainer-10] [uk.ac.ebi.interpro.scan.io.pirsf.hmmer3.PirsfHmmer3RawMatchParser:130] WARN - Unexpected Raw match line: #    score  bias  c-Evalue  i-Evalue hmmfrom  hmm to    alifrom  ali to    envfrom  env to     acc
2023-06-24 19:10:57,986 [amqEmbeddedWorkerJmsContainer-10] [uk.ac.ebi.interpro.scan.io.pirsf.hmmer3.PirsfHmmer3RawMatchParser:129] WARN - Couldn't parse the given raw match line, because it is of an unexpected format.
2023-06-24 19:10:57,986 [amqEmbeddedWorkerJmsContainer-10] [uk.ac.ebi.interpro.scan.io.pirsf.hmmer3.PirsfHmmer3RawMatchParser:130] WARN - Unexpected Raw match line: 1 !  221.6   0.4   7.4e-70   2.9e-67       5     289 .]      13     298 ..      10     298 .. 0.95
2023-06-24 19:10:57,986 [amqEmbeddedWorkerJmsContainer-10] [uk.ac.ebi.interpro.scan.io.pirsf.hmmer3.PirsfHmmer3RawMatchParser:129] WARN - Couldn't parse the given raw match line, because it is of an unexpected format.
2023-06-24 19:10:57,986 [amqEmbeddedWorkerJmsContainer-10] [uk.ac.ebi.interpro.scan.io.pirsf.hmmer3.PirsfHmmer3RawMatchParser:130] WARN - Unexpected Raw match line: Query sequence: 283 matches PIRSF002741: Peptide binding protein, MppA type
2023-06-24 19:10:57,986 [amqEmbeddedWorkerJmsContainer-10] [uk.ac.ebi.interpro.scan.io.pirsf.hmmer3.PirsfHmmer3RawMatchParser:129] WARN - Couldn't parse the given raw match line, because it is of an unexpected format.
2023-06-24 19:10:57,986 [amqEmbeddedWorkerJmsContainer-10] [uk.ac.ebi.interpro.scan.io.pirsf.hmmer3.PirsfHmmer3RawMatchParser:130] WARN - Unexpected Raw match line: #    score  bias  c-Evalue  i-Evalue hmmfrom  hmm to    alifrom  ali to    envfrom  env to     acc
2023-06-24 19:10:57,986 [amqEmbeddedWorkerJmsContainer-10] [uk.ac.ebi.interpro.scan.io.pirsf.hmmer3.PirsfHmmer3RawMatchParser:129] WARN - Couldn't parse the given raw match line, because it is of an unexpected format.
2023-06-24 19:10:57,986 [amqEmbeddedWorkerJmsContainer-10] [uk.ac.ebi.interpro.scan.io.pirsf.hmmer3.PirsfHmmer3RawMatchParser:130] WARN - Unexpected Raw match line: 1 !  317.0   0.1     1e-98     4e-96      22     524 ..      72     583 ..      51     598 .. 0.86
2023-06-24 19:10:57,986 [amqEmbeddedWorkerJmsContainer-10] [uk.ac.ebi.interpro.scan.io.pirsf.hmmer3.PirsfHmmer3RawMatchParser:129] WARN - Couldn't parse the given raw match line, because it is of an unexpected format.
2023-06-24 19:10:57,986 [amqEmbeddedWorkerJmsContainer-10] [uk.ac.ebi.interpro.scan.io.pirsf.hmmer3.PirsfHmmer3RawMatchParser:130] WARN - Unexpected Raw match line: Query sequence: 290 matches PIRSF000386: tRNA-(m1G37) methyltransferase
2023-06-24 19:10:57,987 [amqEmbeddedWorkerJmsContainer-10] [uk.ac.ebi.interpro.scan.io.pirsf.hmmer3.PirsfHmmer3RawMatchParser:129] WARN - Couldn't parse the given raw match line, because it is of an unexpected format.
2023-06-24 19:10:57,987 [amqEmbeddedWorkerJmsContainer-10] [uk.ac.ebi.interpro.scan.io.pirsf.hmmer3.PirsfHmmer3RawMatchParser:130] WARN - Unexpected Raw match line: #    score  bias  c-Evalue  i-Evalue hmmfrom  hmm to    alifrom  ali to    envfrom  env to     acc
2023-06-24 19:10:57,987 [amqEmbeddedWorkerJmsContainer-10] [uk.ac.ebi.interpro.scan.io.pirsf.hmmer3.PirsfHmmer3RawMatchParser:129] WARN - Couldn't parse the given raw match line, because it is of an unexpected format.
2023-06-24 19:10:57,987 [amqEmbeddedWorkerJmsContainer-10] [uk.ac.ebi.interpro.scan.io.pirsf.hmmer3.PirsfHmmer3RawMatchParser:130] WARN - Unexpected Raw match line: 1 !  221.3   0.0   5.5e-70   2.2e-67       1     210 [.      25     242 ..      25     247 .. 0.92
2023-06-24 19:10:57,987 [amqEmbeddedWorkerJmsContainer-10] [uk.ac.ebi.interpro.scan.io.pirsf.hmmer3.PirsfHmmer3RawMatchParser:129] WARN - Couldn't parse the given raw match line, because it is of an unexpected format.
2023-06-24 19:10:57,987 [amqEmbeddedWorkerJmsContainer-10] [uk.ac.ebi.interpro.scan.io.pirsf.hmmer3.PirsfHmmer3RawMatchParser:130] WARN - Unexpected Raw match line: Query sequence: 312 matches PIRSF000485: Amidophosphoribosyltransferase
2023-06-24 19:10:57,987 [amqEmbeddedWorkerJmsContainer-10] [uk.ac.ebi.interpro.scan.io.pirsf.hmmer3.PirsfHmmer3RawMatchParser:129] WARN - Couldn't parse the given raw match line, because it is of an unexpected format.
2023-06-24 19:10:57,987 [amqEmbeddedWorkerJmsContainer-10] [uk.ac.ebi.interpro.scan.io.pirsf.hmmer3.PirsfHmmer3RawMatchParser:130] WARN - Unexpected Raw match line: #    score  bias  c-Evalue  i-Evalue hmmfrom  hmm to    alifrom  ali to    envfrom  env to     acc
2023-06-24 19:10:57,987 [amqEmbeddedWorkerJmsContainer-10] [uk.ac.ebi.interpro.scan.io.pirsf.hmmer3.PirsfHmmer3RawMatchParser:129] WARN - Couldn't parse the given raw match line, because it is of an unexpected format.
2023-06-24 19:10:57,987 [amqEmbeddedWorkerJmsContainer-10] [uk.ac.ebi.interpro.scan.io.pirsf.hmmer3.PirsfHmmer3RawMatchParser:130] WARN - Unexpected Raw match line: 1 !  410.4   0.0  1.7e-126  2.2e-124       4     459 ..      25     480 ..      23     485 .. 0.94
2023-06-24 19:10:57,987 [amqEmbeddedWorkerJmsContainer-10] [uk.ac.ebi.interpro.scan.io.pirsf.hmmer3.PirsfHmmer3RawMatchParser:129] WARN - Couldn't parse the given raw match line, because it is of an unexpected format.
2023-06-24 19:10:57,987 [amqEmbeddedWorkerJmsContainer-10] [uk.ac.ebi.interpro.scan.io.pirsf.hmmer3.PirsfHmmer3RawMatchParser:130] WARN - Unexpected Raw match line: Query sequence: 318 matches PIRSF005650: Uridylate kinase
2023-06-24 19:10:57,987 [amqEmbeddedWorkerJmsContainer-10] [uk.ac.ebi.interpro.scan.io.pirsf.hmmer3.PirsfHmmer3RawMatchParser:129] WARN - Couldn't parse the given raw match line, because it is of an unexpected format.
2023-06-24 19:10:57,987 [amqEmbeddedWorkerJmsContainer-10] [uk.ac.ebi.interpro.scan.io.pirsf.hmmer3.PirsfHmmer3RawMatchParser:130] WARN - Unexpected Raw match line: #    score  bias  c-Evalue  i-Evalue hmmfrom  hmm to    alifrom  ali to    envfrom  env to     acc
2023-06-24 19:10:57,987 [amqEmbeddedWorkerJmsContainer-10] [uk.ac.ebi.interpro.scan.io.pirsf.hmmer3.PirsfHmmer3RawMatchParser:129] WARN - Couldn't parse the given raw match line, because it is of an unexpected format.
2023-06-24 19:10:57,987 [amqEmbeddedWorkerJmsContainer-10] [uk.ac.ebi.interpro.scan.io.pirsf.hmmer3.PirsfHmmer3RawMatchParser:130] WARN - Unexpected Raw match line: 1 !  283.6   0.1   6.6e-89   2.6e-86       2     238 ..       7     242 .]       6     242 .] 0.99
2023-06-24 19:10:57,987 [amqEmbeddedWorkerJmsContainer-10] [uk.ac.ebi.interpro.scan.io.pirsf.hmmer3.PirsfHmmer3RawMatchParser:129] WARN - Couldn't parse the given raw match line, because it is of an unexpected format.
2023-06-24 19:10:57,987 [amqEmbeddedWorkerJmsContainer-10] [uk.ac.ebi.interpro.scan.io.pirsf.hmmer3.PirsfHmmer3RawMatchParser:130] WARN - Unexpected Raw match line: Query sequence: 346 matches PIRSF000239: Peroxiredoxin, AhpC type
2023-06-24 19:10:57,988 [amqEmbeddedWorkerJmsContainer-10] [uk.ac.ebi.interpro.scan.io.pirsf.hmmer3.PirsfHmmer3RawMatchParser:129] WARN - Couldn't parse the given raw match line, because it is of an unexpected format.
2023-06-24 19:10:57,988 [amqEmbeddedWorkerJmsContainer-10] [uk.ac.ebi.interpro.scan.io.pirsf.hmmer3.PirsfHmmer3RawMatchParser:130] WARN - Unexpected Raw match line: #    score  bias  c-Evalue  i-Evalue hmmfrom  hmm to    alifrom  ali to    envfrom  env to     acc
2023-06-24 19:10:57,988 [amqEmbeddedWorkerJmsContainer-10] [uk.ac.ebi.interpro.scan.io.pirsf.hmmer3.PirsfHmmer3RawMatchParser:129] WARN - Couldn't parse the given raw match line, because it is of an unexpected format.
2023-06-24 19:10:57,988 [amqEmbeddedWorkerJmsContainer-10] [uk.ac.ebi.interpro.scan.io.pirsf.hmmer3.PirsfHmmer3RawMatchParser:130] WARN - Unexpected Raw match line: 1 !  189.2   0.0   2.3e-60     9e-58       4     184 ..       7     183 ..       4     187 .. 0.93
2023-06-24 19:10:57,988 [amqEmbeddedWorkerJmsContainer-10] [uk.ac.ebi.interpro.scan.io.pirsf.hmmer3.PirsfHmmer3RawMatchParser:129] WARN - Couldn't parse the given raw match line, because it is of an unexpected format.
2023-06-24 19:10:57,988 [amqEmbeddedWorkerJmsContainer-10] [uk.ac.ebi.interpro.scan.io.pirsf.hmmer3.PirsfHmmer3RawMatchParser:130] WARN - Unexpected Raw match line: 2 !    8.9   0.0   3.6e-05     0.014     166     182 ..     197     213 ..     191     215 .] 0.84
2023-06-24 19:10:57,988 [amqEmbeddedWorkerJmsContainer-10] [uk.ac.ebi.interpro.scan.io.pirsf.hmmer3.PirsfHmmer3RawMatchParser:129] WARN - Couldn't parse the given raw match line, because it is of an unexpected format.
2023-06-24 19:10:57,988 [amqEmbeddedWorkerJmsContainer-10] [uk.ac.ebi.interpro.scan.io.pirsf.hmmer3.PirsfHmmer3RawMatchParser:130] WARN - Unexpected Raw match line: Query sequence: 35 matches PIRSF028756: Predicted polyphosphate kinase 2
2023-06-24 19:10:57,988 [amqEmbeddedWorkerJmsContainer-10] [uk.ac.ebi.interpro.scan.io.pirsf.hmmer3.PirsfHmmer3RawMatchParser:129] WARN - Couldn't parse the given raw match line, because it is of an unexpected format.
2023-06-24 19:10:57,988 [amqEmbeddedWorkerJmsContainer-10] [uk.ac.ebi.interpro.scan.io.pirsf.hmmer3.PirsfHmmer3RawMatchParser:130] WARN - Unexpected Raw match line: #    score  bias  c-Evalue  i-Evalue hmmfrom  hmm to    alifrom  ali to    envfrom  env to     acc
2023-06-24 19:10:57,988 [amqEmbeddedWorkerJmsContainer-10] [uk.ac.ebi.interpro.scan.io.pirsf.hmmer3.PirsfHmmer3RawMatchParser:129] WARN - Couldn't parse the given raw match line, because it is of an unexpected format.
2023-06-24 19:10:57,988 [amqEmbeddedWorkerJmsContainer-10] [uk.ac.ebi.interpro.scan.io.pirsf.hmmer3.PirsfHmmer3RawMatchParser:130] WARN - Unexpected Raw match line: 1 !  279.5   1.7   1.5e-87     6e-85      30     266 ..      33     281 ..       9     295 .. 0.94
2023-06-24 19:10:57,988 [amqEmbeddedWorkerJmsContainer-10] [uk.ac.ebi.interpro.scan.io.pirsf.hmmer3.PirsfHmmer3RawMatchParser:129] WARN - Couldn't parse the given raw match line, because it is of an unexpected format.
2023-06-24 19:10:57,988 [amqEmbeddedWorkerJmsContainer-10] [uk.ac.ebi.interpro.scan.io.pirsf.hmmer3.PirsfHmmer3RawMatchParser:130] WARN - Unexpected Raw match line: Query sequence: 361 matches PIRSF000484: Nicotinate phosphoribosyltransferase
2023-06-24 19:10:57,988 [amqEmbeddedWorkerJmsContainer-10] [uk.ac.ebi.interpro.scan.io.pirsf.hmmer3.PirsfHmmer3RawMatchParser:129] WARN - Couldn't parse the given raw match line, because it is of an unexpected format.
2023-06-24 19:10:57,988 [amqEmbeddedWorkerJmsContainer-10] [uk.ac.ebi.interpro.scan.io.pirsf.hmmer3.PirsfHmmer3RawMatchParser:130] WARN - Unexpected Raw match line: #    score  bias  c-Evalue  i-Evalue hmmfrom  hmm to    alifrom  ali to    envfrom  env to     acc
2023-06-24 19:10:57,988 [amqEmbeddedWorkerJmsContainer-10] [uk.ac.ebi.interpro.scan.io.pirsf.hmmer3.PirsfHmmer3RawMatchParser:129] WARN - Couldn't parse the given raw match line, because it is of an unexpected format.
2023-06-24 19:10:57,989 [amqEmbeddedWorkerJmsContainer-10] [uk.ac.ebi.interpro.scan.io.pirsf.hmmer3.PirsfHmmer3RawMatchParser:130] WARN - Unexpected Raw match line: 1 !  172.8   0.0   5.6e-55   2.2e-52      10     356 ..      30     414 ..      22     417 .. 0.89
2023-06-24 19:10:57,989 [amqEmbeddedWorkerJmsContainer-10] [uk.ac.ebi.interpro.scan.io.pirsf.hmmer3.PirsfHmmer3RawMatchParser:129] WARN - Couldn't parse the given raw match line, because it is of an unexpected format.
2023-06-24 19:10:57,989 [amqEmbeddedWorkerJmsContainer-10] [uk.ac.ebi.interpro.scan.io.pirsf.hmmer3.PirsfHmmer3RawMatchParser:130] WARN - Unexpected Raw match line: Query sequence: 42 matches PIRSF005572: Cysteine desulphurase, NifS type
2023-06-24 19:10:57,989 [amqEmbeddedWorkerJmsContainer-10] [uk.ac.ebi.interpro.scan.io.pirsf.hmmer3.PirsfHmmer3RawMatchParser:129] WARN - Couldn't parse the given raw match line, because it is of an unexpected format.
2023-06-24 19:10:57,989 [amqEmbeddedWorkerJmsContainer-10] [uk.ac.ebi.interpro.scan.io.pirsf.hmmer3.PirsfHmmer3RawMatchParser:130] WARN - Unexpected Raw match line: #    score  bias  c-Evalue  i-Evalue hmmfrom  hmm to    alifrom  ali to    envfrom  env to     acc
2023-06-24 19:10:57,989 [amqEmbeddedWorkerJmsContainer-10] [uk.ac.ebi.interpro.scan.io.pirsf.hmmer3.PirsfHmmer3RawMatchParser:129] WARN - Couldn't parse the given raw match line, because it is of an unexpected format.
2023-06-24 19:10:57,989 [amqEmbeddedWorkerJmsContainer-10] [uk.ac.ebi.interpro.scan.io.pirsf.hmmer3.PirsfHmmer3RawMatchParser:130] WARN - Unexpected Raw match line: 1 !  404.8   0.0  2.1e-125  8.4e-123       3     379 ..      29     418 ..      27     421 .. 0.99
2023-06-24 19:10:57,989 [amqEmbeddedWorkerJmsContainer-10] [uk.ac.ebi.interpro.scan.io.pirsf.hmmer3.PirsfHmmer3RawMatchParser:129] WARN - Couldn't parse the given raw match line, because it is of an unexpected format.
2023-06-24 19:10:57,989 [amqEmbeddedWorkerJmsContainer-10] [uk.ac.ebi.interpro.scan.io.pirsf.hmmer3.PirsfHmmer3RawMatchParser:130] WARN - Unexpected Raw match line: Query sequence: 52 matches PIRSF000521: 4-aminobutyrate/lysine/ornithine transaminase
2023-06-24 19:10:57,989 [amqEmbeddedWorkerJmsContainer-10] [uk.ac.ebi.interpro.scan.io.pirsf.hmmer3.PirsfHmmer3RawMatchParser:129] WARN - Couldn't parse the given raw match line, because it is of an unexpected format.
2023-06-24 19:10:57,989 [amqEmbeddedWorkerJmsContainer-10] [uk.ac.ebi.interpro.scan.io.pirsf.hmmer3.PirsfHmmer3RawMatchParser:130] WARN - Unexpected Raw match line: #    score  bias  c-Evalue  i-Evalue hmmfrom  hmm to    alifrom  ali to    envfrom  env to     acc
2023-06-24 19:10:57,989 [amqEmbeddedWorkerJmsContainer-10] [uk.ac.ebi.interpro.scan.io.pirsf.hmmer3.PirsfHmmer3RawMatchParser:129] WARN - Couldn't parse the given raw match line, because it is of an unexpected format.
2023-06-24 19:10:57,989 [amqEmbeddedWorkerJmsContainer-10] [uk.ac.ebi.interpro.scan.io.pirsf.hmmer3.PirsfHmmer3RawMatchParser:130] WARN - Unexpected Raw match line: 1 !    7.0   0.0    0.0002     0.038      52     101 ..      35      84 ..      21      95 .. 0.88
2023-06-24 19:10:57,989 [amqEmbeddedWorkerJmsContainer-10] [uk.ac.ebi.interpro.scan.io.pirsf.hmmer3.PirsfHmmer3RawMatchParser:129] WARN - Couldn't parse the given raw match line, because it is of an unexpected format.
2023-06-24 19:10:57,990 [amqEmbeddedWorkerJmsContainer-10] [uk.ac.ebi.interpro.scan.io.pirsf.hmmer3.PirsfHmmer3RawMatchParser:130] WARN - Unexpected Raw match line: 2 !   88.7   0.0   3.2e-29   6.3e-27     193     479 ..     166     463 ..     156     466 .. 0.76
2023-06-24 19:10:57,990 [amqEmbeddedWorkerJmsContainer-10] [uk.ac.ebi.interpro.scan.io.pirsf.hmmer3.PirsfHmmer3RawMatchParser:129] WARN - Couldn't parse the given raw match line, because it is of an unexpected format.
2023-06-24 19:10:57,990 [amqEmbeddedWorkerJmsContainer-10] [uk.ac.ebi.interpro.scan.io.pirsf.hmmer3.PirsfHmmer3RawMatchParser:130] WARN - Unexpected Raw match line: Query sequence: 54 matches PIRSF000130: Inosine-5'-monophosphate dehydrogenase
2023-06-24 19:10:57,990 [amqEmbeddedWorkerJmsContainer-10] [uk.ac.ebi.interpro.scan.io.pirsf.hmmer3.PirsfHmmer3RawMatchParser:129] WARN - Couldn't parse the given raw match line, because it is of an unexpected format.
2023-06-24 19:10:57,990 [amqEmbeddedWorkerJmsContainer-10] [uk.ac.ebi.interpro.scan.io.pirsf.hmmer3.PirsfHmmer3RawMatchParser:130] WARN - Unexpected Raw match line: #    score  bias  c-Evalue  i-Evalue hmmfrom  hmm to    alifrom  ali to    envfrom  env to     acc
2023-06-24 19:10:57,990 [amqEmbeddedWorkerJmsContainer-10] [uk.ac.ebi.interpro.scan.io.pirsf.hmmer3.PirsfHmmer3RawMatchParser:129] WARN - Couldn't parse the given raw match line, because it is of an unexpected format.
2023-06-24 19:10:57,990 [amqEmbeddedWorkerJmsContainer-10] [uk.ac.ebi.interpro.scan.io.pirsf.hmmer3.PirsfHmmer3RawMatchParser:130] WARN - Unexpected Raw match line: 1 !  428.6   0.0  5.3e-132    7e-130       4     479 ..      29     500 ..      26     502 .] 0.94
2023-06-24 19:10:57,990 [amqEmbeddedWorkerJmsContainer-10] [uk.ac.ebi.interpro.scan.io.pirsf.hmmer3.PirsfHmmer3RawMatchParser:129] WARN - Couldn't parse the given raw match line, because it is of an unexpected format.
2023-06-24 19:10:57,990 [amqEmbeddedWorkerJmsContainer-10] [uk.ac.ebi.interpro.scan.io.pirsf.hmmer3.PirsfHmmer3RawMatchParser:130] WARN - Unexpected Raw match line: Query sequence: 65 matches PIRSF000349: Superoxide dismutase, Mn/Fe specific
2023-06-24 19:10:57,990 [amqEmbeddedWorkerJmsContainer-10] [uk.ac.ebi.interpro.scan.io.pirsf.hmmer3.PirsfHmmer3RawMatchParser:129] WARN - Couldn't parse the given raw match line, because it is of an unexpected format.
2023-06-24 19:10:57,990 [amqEmbeddedWorkerJmsContainer-10] [uk.ac.ebi.interpro.scan.io.pirsf.hmmer3.PirsfHmmer3RawMatchParser:130] WARN - Unexpected Raw match line: #    score  bias  c-Evalue  i-Evalue hmmfrom  hmm to    alifrom  ali to    envfrom  env to     acc
2023-06-24 19:10:57,990 [amqEmbeddedWorkerJmsContainer-10] [uk.ac.ebi.interpro.scan.io.pirsf.hmmer3.PirsfHmmer3RawMatchParser:129] WARN - Couldn't parse the given raw match line, because it is of an unexpected format.
2023-06-24 19:10:57,990 [amqEmbeddedWorkerJmsContainer-10] [uk.ac.ebi.interpro.scan.io.pirsf.hmmer3.PirsfHmmer3RawMatchParser:130] WARN - Unexpected Raw match line: 1 !  147.5   0.1     2e-47   7.7e-45      38     225 ..      10     197 ..       3     198 .] 0.88
2023-06-24 19:10:57,990 [amqEmbeddedWorkerJmsContainer-10] [uk.ac.ebi.interpro.scan.io.pirsf.hmmer3.PirsfHmmer3RawMatchParser:129] WARN - Couldn't parse the given raw match line, because it is of an unexpected format.
2023-06-24 19:10:57,990 [amqEmbeddedWorkerJmsContainer-10] [uk.ac.ebi.interpro.scan.io.pirsf.hmmer3.PirsfHmmer3RawMatchParser:130] WARN - Unexpected Raw match line: Query sequence: 69 matches PIRSF001265: H(+)-translocating inorganic pyrophosphatase
2023-06-24 19:10:57,990 [amqEmbeddedWorkerJmsContainer-10] [uk.ac.ebi.interpro.scan.io.pirsf.hmmer3.PirsfHmmer3RawMatchParser:129] WARN - Couldn't parse the given raw match line, because it is of an unexpected format.
2023-06-24 19:10:57,990 [amqEmbeddedWorkerJmsContainer-10] [uk.ac.ebi.interpro.scan.io.pirsf.hmmer3.PirsfHmmer3RawMatchParser:130] WARN - Unexpected Raw match line: #    score  bias  c-Evalue  i-Evalue hmmfrom  hmm to    alifrom  ali to    envfrom  env to     acc
2023-06-24 19:10:57,990 [amqEmbeddedWorkerJmsContainer-10] [uk.ac.ebi.interpro.scan.io.pirsf.hmmer3.PirsfHmmer3RawMatchParser:129] WARN - Couldn't parse the given raw match line, because it is of an unexpected format.
2023-06-24 19:10:57,991 [amqEmbeddedWorkerJmsContainer-10] [uk.ac.ebi.interpro.scan.io.pirsf.hmmer3.PirsfHmmer3RawMatchParser:130] WARN - Unexpected Raw match line: 1 !  816.4  40.4  1.4e-249  5.6e-247       4     705 ..      22     693 ..      19     694 .] 0.94
2023-06-24 19:10:57,991 [amqEmbeddedWorkerJmsContainer-10] [uk.ac.ebi.interpro.scan.io.pirsf.hmmer3.PirsfHmmer3RawMatchParser:129] WARN - Couldn't parse the given raw match line, because it is of an unexpected format.
2023-06-24 19:10:57,991 [amqEmbeddedWorkerJmsContainer-10] [uk.ac.ebi.interpro.scan.io.pirsf.hmmer3.PirsfHmmer3RawMatchParser:130] WARN - Unexpected Raw match line: Query sequence: 97 matches PIRSF001492: Cofactor-independent phosphoglycerate mutase
2023-06-24 19:10:57,991 [amqEmbeddedWorkerJmsContainer-10] [uk.ac.ebi.interpro.scan.io.pirsf.hmmer3.PirsfHmmer3RawMatchParser:129] WARN - Couldn't parse the given raw match line, because it is of an unexpected format.
2023-06-24 19:10:57,991 [amqEmbeddedWorkerJmsContainer-10] [uk.ac.ebi.interpro.scan.io.pirsf.hmmer3.PirsfHmmer3RawMatchParser:130] WARN - Unexpected Raw match line: #    score  bias  c-Evalue  i-Evalue hmmfrom  hmm to    alifrom  ali to    envfrom  env to     acc
2023-06-24 19:10:57,991 [amqEmbeddedWorkerJmsContainer-10] [uk.ac.ebi.interpro.scan.io.pirsf.hmmer3.PirsfHmmer3RawMatchParser:129] WARN - Couldn't parse the given raw match line, because it is of an unexpected format.
2023-06-24 19:10:57,991 [amqEmbeddedWorkerJmsContainer-10] [uk.ac.ebi.interpro.scan.io.pirsf.hmmer3.PirsfHmmer3RawMatchParser:130] WARN - Unexpected Raw match line: 1 !  528.3   0.0  9.8e-163  3.8e-160       5     514 ..      38     557 ..      34     559 .. 0.95
24/06/2023 19:17:06:132 100% done:  InterProScan analyses completed 

2023-06-24 19:17:06,635 [main] [uk.ac.ebi.interpro.scan.jms.master.AbstractMaster:259] WARN - Master process unable to delete temporary directory /projects/raw_lab/jobs/metacerberus/temp/str-c100.uncc.edu_20230624_185442509_68mb
3007.61user 254.64system 22:28.91elapsed 241%CPU (0avgtext+0avgdata 3534760maxresident)k
2379936inputs+1390672outputs (321major+18417714minor)pagefaults 0swaps

======================================================
End Time   : Sat Jun 24 19:17:06 EDT 2023
Run Time   : 1349 seconds
======================================================

