=====================================================
Start Time  : Wed Jun 28 12:03:57 EDT 2023
Submit Dir  : /projects/raw_lab/jobs/metacerberus
Job ID/Name : 4041553 / PROKKA
Node List   : str-c101
Num Tasks   : 1 total [1 nodes @ 16 CPUs/node]
======================================================

Loading prokka/1.14.6
  Loading requirement: anaconda3/2022.10
======================================================
Running PROKKA On GTDB-100/genomes/bacteria/GCA_902553145.1.fna
======================================================
Bacteria
[12:03:59] This is prokka 1.14.6
[12:03:59] Written by Torsten Seemann <torsten.seemann@gmail.com>
[12:03:59] Homepage is https://github.com/tseemann/prokka
[12:03:59] Local time is Wed Jun 28 12:03:59 2023
[12:03:59] You are jlfiguer
[12:03:59] Operating system is linux
[12:03:59] You have BioPerl 1.7.8
Argument "1.7.8" isn't numeric in numeric lt (<) at /apps/pkg/anaconda3/2022.10/envs/prokka-1.14.6/bin/prokka line 259.
[12:03:59] System has 16 cores.
[12:03:59] Will use maximum of 16 cores.
[12:03:59] Annotating as >>> Bacteria <<<
[12:03:59] Generating locus_tag from 'GTDB-100/genomes/bacteria/GCA_902553145.1.fna' contents.
[12:03:59] Setting --locustag PBIHJDOD from MD5 9b213d8d38377d52c76424be3349e1c0
[12:03:59] Creating new output folder: results/PROKKA/GTDB-100/genomes/bacteria/GCA_902553145.1
[12:03:59] Running: mkdir -p results\/PROKKA\/GTDB\-100\/genomes\/bacteria\/GCA_902553145\.1
[12:03:59] Using filename prefix: GCA_902553145.1.XXX
[12:03:59] Setting HMMER_NCPU=1
[12:03:59] Writing log to: results/PROKKA/GTDB-100/genomes/bacteria/GCA_902553145.1/GCA_902553145.1.log
[12:03:59] Command: /apps/pkg/anaconda3/2022.10/envs/prokka-1.14.6/bin/prokka --prefix GCA_902553145.1 --outdir results/PROKKA/GTDB-100/genomes/bacteria/GCA_902553145.1 --kingdom Bacteria --cpus 16 GTDB-100/genomes/bacteria/GCA_902553145.1.fna
[12:03:59] Appending to PATH: /apps/pkg/anaconda3/2022.10/envs/prokka-1.14.6/bin
[12:03:59] Looking for 'aragorn' - found /apps/pkg/anaconda3/2022.10/envs/prokka-1.14.6/bin/aragorn
[12:03:59] Determined aragorn version is 001002 from 'ARAGORN v1.2.41 Dean Laslett'
[12:03:59] Looking for 'barrnap' - found /apps/pkg/anaconda3/2022.10/envs/prokka-1.14.6/bin/barrnap
[12:03:59] Determined barrnap version is 000009 from 'barrnap 0.9'
[12:03:59] Looking for 'blastp' - found /apps/pkg/anaconda3/2022.10/envs/prokka-1.14.6/bin/blastp
[12:03:59] Determined blastp version is 002013 from 'blastp: 2.13.0+'
[12:03:59] Looking for 'cmpress' - found /apps/pkg/anaconda3/2022.10/envs/prokka-1.14.6/bin/cmpress
[12:03:59] Determined cmpress version is 001001 from '# INFERNAL 1.1.4 (Dec 2020)'
[12:03:59] Looking for 'cmscan' - found /apps/pkg/anaconda3/2022.10/envs/prokka-1.14.6/bin/cmscan
[12:03:59] Determined cmscan version is 001001 from '# INFERNAL 1.1.4 (Dec 2020)'
[12:03:59] Looking for 'egrep' - found /usr/bin/egrep
[12:03:59] Looking for 'find' - found /usr/bin/find
[12:03:59] Looking for 'grep' - found /usr/bin/grep
[12:03:59] Looking for 'hmmpress' - found /apps/pkg/anaconda3/2022.10/envs/prokka-1.14.6/bin/hmmpress
[12:03:59] Determined hmmpress version is 003003 from '# HMMER 3.3.2 (Nov 2020); http://hmmer.org/'
[12:03:59] Looking for 'hmmscan' - found /apps/pkg/anaconda3/2022.10/envs/prokka-1.14.6/bin/hmmscan
[12:03:59] Determined hmmscan version is 003003 from '# HMMER 3.3.2 (Nov 2020); http://hmmer.org/'
[12:03:59] Looking for 'java' - found /apps/pkg/anaconda3/2022.10/envs/prokka-1.14.6/bin/java
[12:03:59] Looking for 'makeblastdb' - found /apps/pkg/anaconda3/2022.10/envs/prokka-1.14.6/bin/makeblastdb
[12:03:59] Determined makeblastdb version is 002013 from 'makeblastdb: 2.13.0+'
[12:03:59] Looking for 'minced' - found /apps/pkg/anaconda3/2022.10/envs/prokka-1.14.6/bin/minced
[12:04:00] Determined minced version is 004002 from 'minced 0.4.2'
[12:04:00] Looking for 'parallel' - found /apps/pkg/anaconda3/2022.10/envs/prokka-1.14.6/bin/parallel
[12:04:00] Determined parallel version is 20230122 from 'GNU parallel 20230122'
[12:04:00] Looking for 'prodigal' - found /apps/pkg/anaconda3/2022.10/envs/prokka-1.14.6/bin/prodigal
[12:04:00] Determined prodigal version is 002006 from 'Prodigal V2.6.3: February, 2016'
[12:04:00] Looking for 'prokka-genbank_to_fasta_db' - found /apps/pkg/anaconda3/2022.10/envs/prokka-1.14.6/bin/prokka-genbank_to_fasta_db
[12:04:00] Looking for 'sed' - found /usr/bin/sed
[12:04:00] Looking for 'tbl2asn' - found /apps/pkg/anaconda3/2022.10/envs/prokka-1.14.6/bin/tbl2asn
[12:04:00] Determined tbl2asn version is 025007 from 'tbl2asn 25.7   arguments:'
[12:04:00] Using genetic code table 11.
[12:04:00] Loading and checking input file: GTDB-100/genomes/bacteria/GCA_902553145.1.fna
[12:04:00] Wrote 18 contigs totalling 1440315 bp.
[12:04:00] Predicting tRNAs and tmRNAs
[12:04:00] Running: aragorn -l -gc11  -w results\/PROKKA\/GTDB\-100\/genomes\/bacteria\/GCA_902553145\.1\/GCA_902553145\.1\.fna
[12:04:00] 1 tRNA-Phe c[43331,43406] 34 (gaa)
[12:04:00] 2 tRNA-Ile [346201,346277] 35 (gat)
[12:04:00] 3 tRNA-Ala [346331,346406] 34 (tgc)
[12:04:00] 4 tRNA-Thr [353215,353290] 34 (tgt)
[12:04:00] 5 tRNA-Tyr [353356,353440] 35 (gta)
[12:04:00] 6 tRNA-Gly [353552,353625] 33 (tcc)
[12:04:00] 7 tRNA-Thr [353647,353721] 34 (ggt)
[12:04:00] 8 tRNA-Trp [354973,355048] 34 (cca)
[12:04:00] 1 tRNA-Pro c[17503,17577] 35 (ggg)
[12:04:00] 2 tRNA-Val c[40747,40823] 35 (gac)
[12:04:00] 3 tRNA-Asn [44519,44594] 34 (gtt)
[12:04:00] 4 tRNA-Met c[73740,73816] 35 (cat)
[12:04:00] 5 tRNA-Leu c[87922,88004] 36 (gag)
[12:04:00] 6 tmRNA [107492,107836] 92,121 ANDNYALAA*
[12:04:00] 7 tRNA-Ser c[130452,130542] 35 (gga)
[12:04:00] 8 tRNA-Arg c[186931,187007] 35 (cct)
[12:04:00] 9 tRNA-Ser c[198648,198737] 35 (tga)
[12:04:00] 10 tRNA-Glu c[302003,302078] 35 (ttc)
[12:04:00] 11 tRNA-Ala c[314181,314254] 34 (ggc)
[12:04:00] 12 tRNA-Asp c[331323,331400] 36 (gtc)
[12:04:00] 13 tRNA-Val c[333957,334032] 34 (tac)
[12:04:00] 14 tRNA-Leu c[341458,341542] 35 (tag)
[12:04:00] 15 tRNA-His c[347746,347821] 34 (gtg)
[12:04:00] 1 tRNA-Ser [20872,20962] 35 (gct)
[12:04:00] 2 tRNA-Arg [27092,27168] 35 (tcg)
[12:04:00] 3 tRNA-Lys [173270,173345] 34 (ttt)
[12:04:00] 1 tRNA-Leu [43810,43891] 35 (caa)
[12:04:00] 1 tRNA-Met [42036,42112] 35 (cat)
[12:04:00] 1 tRNA-Arg c[73486,73562] 35 (acg)
[12:04:00] 1 tRNA-Leu c[66242,66328] 35 (taa)
[12:04:00] 2 tRNA-Cys c[66337,66408] 33 (gca)
[12:04:00] 3 tRNA-Gly c[72402,72477] 34 (gcc)
[12:04:00] 1 tRNA-Met [7498,7574] 35 (cat)
[12:04:00] 1 tRNA-Gln c[3197,3271] 33 (ttg)
[12:04:00] Found 34 tRNAs
[12:04:00] Predicting Ribosomal RNAs
[12:04:00] Running Barrnap with 16 threads
[12:04:01] 1 CACDKD010000001.1 344573 16S ribosomal RNA
[12:04:01] 2 CACDKD010000001.1 346596 23S ribosomal RNA
[12:04:01] 3 CACDKD010000001.1 349543 5S ribosomal RNA
[12:04:01] Found 3 rRNAs
[12:04:01] Skipping ncRNA search, enable with --rfam if desired.
[12:04:01] Total of 36 tRNA + rRNA features
[12:04:01] Searching for CRISPR repeats
[12:04:01] Found 0 CRISPRs
[12:04:01] Predicting coding sequences
[12:04:01] Contigs total 1440315 bp, so using single mode
[12:04:01] Running: prodigal -i results\/PROKKA\/GTDB\-100\/genomes\/bacteria\/GCA_902553145\.1\/GCA_902553145\.1\.fna -c -m -g 11 -p single -f sco -q
[12:04:03] Excluding CDS which overlaps existing RNA (tRNA) at CACDKD010000004.1:43853..44428 on + strand
[12:04:03] Found 1408 CDS
[12:04:03] Connecting features back to sequences
[12:04:03] Not using genus-specific database. Try --usegenus to enable it.
[12:04:03] Annotating CDS, please be patient.
[12:04:03] Will use 16 CPUs for similarity searching.
[12:04:03] There are still 1408 unannotated CDS left (started with 1408)
[12:04:03] Will use blast to search against /apps/pkg/anaconda3/2022.10/envs/prokka-1.14.6/db/kingdom/Bacteria/IS with 16 CPUs
[12:04:03] Running: cat results\/PROKKA\/GTDB\-100\/genomes\/bacteria\/GCA_902553145\.1\/GCA_902553145\.1\.IS\.tmp\.2573007\.faa | parallel --gnu --plain -j 16 --block 14515 --recstart '>' --pipe blastp -query - -db /apps/pkg/anaconda3/2022.10/envs/prokka-1.14.6/db/kingdom/Bacteria/IS -evalue 1e-30 -qcov_hsp_perc 90 -num_threads 1 -num_descriptions 1 -num_alignments 1 -seg no > results\/PROKKA\/GTDB\-100\/genomes\/bacteria\/GCA_902553145\.1\/GCA_902553145\.1\.IS\.tmp\.2573007\.blast 2> /dev/null
[12:04:06] Deleting unwanted file: results/PROKKA/GTDB-100/genomes/bacteria/GCA_902553145.1/GCA_902553145.1.IS.tmp.2573007.faa
[12:04:06] Deleting unwanted file: results/PROKKA/GTDB-100/genomes/bacteria/GCA_902553145.1/GCA_902553145.1.IS.tmp.2573007.blast
[12:04:06] There are still 1408 unannotated CDS left (started with 1408)
[12:04:06] Will use blast to search against /apps/pkg/anaconda3/2022.10/envs/prokka-1.14.6/db/kingdom/Bacteria/AMR with 16 CPUs
[12:04:06] Running: cat results\/PROKKA\/GTDB\-100\/genomes\/bacteria\/GCA_902553145\.1\/GCA_902553145\.1\.AMR\.tmp\.2573007\.faa | parallel --gnu --plain -j 16 --block 14515 --recstart '>' --pipe blastp -query - -db /apps/pkg/anaconda3/2022.10/envs/prokka-1.14.6/db/kingdom/Bacteria/AMR -evalue 1e-300 -qcov_hsp_perc 90 -num_threads 1 -num_descriptions 1 -num_alignments 1 -seg no > results\/PROKKA\/GTDB\-100\/genomes\/bacteria\/GCA_902553145\.1\/GCA_902553145\.1\.AMR\.tmp\.2573007\.blast 2> /dev/null
[12:04:08] Deleting unwanted file: results/PROKKA/GTDB-100/genomes/bacteria/GCA_902553145.1/GCA_902553145.1.AMR.tmp.2573007.faa
[12:04:08] Deleting unwanted file: results/PROKKA/GTDB-100/genomes/bacteria/GCA_902553145.1/GCA_902553145.1.AMR.tmp.2573007.blast
[12:04:09] There are still 1408 unannotated CDS left (started with 1408)
[12:04:09] Will use blast to search against /apps/pkg/anaconda3/2022.10/envs/prokka-1.14.6/db/kingdom/Bacteria/sprot with 16 CPUs
[12:04:09] Running: cat results\/PROKKA\/GTDB\-100\/genomes\/bacteria\/GCA_902553145\.1\/GCA_902553145\.1\.sprot\.tmp\.2573007\.faa | parallel --gnu --plain -j 16 --block 14515 --recstart '>' --pipe blastp -query - -db /apps/pkg/anaconda3/2022.10/envs/prokka-1.14.6/db/kingdom/Bacteria/sprot -evalue 1e-09 -qcov_hsp_perc 80 -num_threads 1 -num_descriptions 1 -num_alignments 1 -seg no > results\/PROKKA\/GTDB\-100\/genomes\/bacteria\/GCA_902553145\.1\/GCA_902553145\.1\.sprot\.tmp\.2573007\.blast 2> /dev/null
[12:04:17] Modify product: UPF0053 inner membrane protein YfjD => hypothetical protein
[12:04:17] Modify product: Probable transcriptional regulatory protein CBU_1566 => putative transcriptional regulatory protein
[12:04:17] Modify product: Probable undecaprenyl-phosphate N-acetylglucosaminyl 1-phosphate transferase => putative undecaprenyl-phosphate N-acetylglucosaminyl 1-phosphate transferase
[12:04:17] Modify product: Probable protein kinase UbiB => putative protein kinase UbiB
[12:04:17] Modify product: UPF0098 protein YbcL => hypothetical protein
[12:04:17] Modify product: UPF0301 protein SO_3346 => hypothetical protein
[12:04:17] Modify product: Uncharacterized oxidoreductase Rv0945 => putative oxidoreductase
[12:04:17] Modify product: Uncharacterized protein Rv2915c => putative protein
[12:04:17] Modify product: Uncharacterized oxidoreductase YciK => putative oxidoreductase YciK
[12:04:17] Modify product: Segregation and condensation protein B homolog => Segregation and condensation protein B 
[12:04:17] Modify product: Uncharacterized FAD-linked oxidoreductase Rv2280 => putative FAD-linked oxidoreductase
[12:04:17] Modify product: Putative transport protein Rv1101c => Putative transport protein
[12:04:17] Modify product: Uncharacterized oxidoreductase Rv2900c => putative oxidoreductase
[12:04:17] Modify product: Putative formate dehydrogenase SA2102 => Putative formate dehydrogenase
[12:04:17] Modify product: Probable enoyl-CoA hydratase echA17 => putative enoyl-CoA hydratase echA17
[12:04:17] Modify product: Probable iron export permease protein FetB => putative iron export permease protein FetB
[12:04:17] Modify product: Uncharacterized transporter Rv2685 => putative transporter
[12:04:17] Modify product: Probable efflux pump periplasmic linker TtgA => putative efflux pump periplasmic linker TtgA
[12:04:17] Modify product: Probable quorum-quenching lactonase YtnP => putative quorum-quenching lactonase YtnP
[12:04:17] Modify product: Probable Fe(2+)-trafficking protein => putative Fe(2+)-trafficking protein
[12:04:17] Modify product: Probable acrylyl-CoA reductase AcuI => putative acrylyl-CoA reductase AcuI
[12:04:17] Modify product: Probable chromosome-partitioning protein ParB => putative chromosome-partitioning protein ParB
[12:04:17] Modify product: Uncharacterized protein YibN => putative protein YibN
[12:04:17] Modify product: Monocarboxylate 2-oxoacid-binding periplasmic protein all3028 => Monocarboxylate 2-oxoacid-binding periplasmic protein
[12:04:17] Modify product: Putative low molecular weight protein-tyrosine-phosphatase slr0328 => Putative low molecular weight protein-tyrosine-phosphatase
[12:04:17] Modify product: Uncharacterized protein Rv1360 => putative protein
[12:04:17] Modify product: Probable enoyl-CoA hydratase echA8 => putative enoyl-CoA hydratase echA8
[12:04:17] Modify product: Probable propionyl-CoA carboxylase beta chain 5 => putative propionyl-CoA carboxylase beta chain 5
[12:04:17] Modify product: Uncharacterized protein Rv0036c => putative protein
[12:04:17] Modify product: Probable ATP-dependent transporter SufC => putative ATP-dependent transporter SufC
[12:04:17] Modify product: Probable GTP-binding protein EngB => putative GTP-binding protein EngB
[12:04:17] Modify product: Uncharacterized ABC transporter ATP-binding protein YadG => putative ABC transporter ATP-binding protein YadG
[12:04:17] Modify product: Acetyltransferase SACOL1063 => Acetyltransferase
[12:04:17] Modify product: Uncharacterized protein Rv2915c => putative protein
[12:04:17] Modify product: Uncharacterized isomerase YddE => putative isomerase YddE
[12:04:17] Modify product: Probable lipid II flippase MurJ => putative lipid II flippase MurJ
[12:04:18] Modify product: UPF0070 protein HI_0370 => hypothetical protein
[12:04:18] Modify product: Probable enoyl-CoA hydratase 1 => putative enoyl-CoA hydratase 1
[12:04:18] Modify product: Putative trans-acting enoyl reductase Rv2449c => Putative trans-acting enoyl reductase
[12:04:18] Modify product: Putative coenzyme F420-dependent oxidoreductase Rv3520c => Putative coenzyme F420-dependent oxidoreductase
[12:04:18] Modify product: Probable TonB-dependent receptor BfrD => putative TonB-dependent receptor BfrD
[12:04:18] Modify product: Probable peptidoglycan glycosyltransferase FtsW => putative peptidoglycan glycosyltransferase FtsW
[12:04:18] Modify product: Uncharacterized protein YqeY => putative protein YqeY
[12:04:18] Modify product: Uncharacterized protein YfgD => putative protein YfgD
[12:04:18] Modify product: Putative acyltransferase Rv0859 => Putative acyltransferase
[12:04:18] Modify product: Probable fatty acyl-CoA transferase Rv3272 => putative fatty acyl-CoA transferase
[12:04:18] Modify product: Uncharacterized protein Rv2915c => putative protein
[12:04:18] Modify product: UPF0234 protein XC_3703 => hypothetical protein
[12:04:18] Modify product: Probable TonB-dependent receptor NMB0964 => putative TonB-dependent receptor
[12:04:18] Modify product: Uncharacterized ABC transporter ATP-binding protein YknY => putative ABC transporter ATP-binding protein YknY
[12:04:18] Modify product: Probable enoyl-CoA hydratase 1 => putative enoyl-CoA hydratase 1
[12:04:18] Cleaned 51 /product names
[12:04:18] Deleting unwanted file: results/PROKKA/GTDB-100/genomes/bacteria/GCA_902553145.1/GCA_902553145.1.sprot.tmp.2573007.faa
[12:04:18] Deleting unwanted file: results/PROKKA/GTDB-100/genomes/bacteria/GCA_902553145.1/GCA_902553145.1.sprot.tmp.2573007.blast
[12:04:18] There are still 579 unannotated CDS left (started with 1408)
[12:04:18] Will use hmmer3 to search against /apps/pkg/anaconda3/2022.10/envs/prokka-1.14.6/db/hmm/HAMAP.hmm with 16 CPUs
[12:04:18] Running: cat results\/PROKKA\/GTDB\-100\/genomes\/bacteria\/GCA_902553145\.1\/GCA_902553145\.1\.HAMAP\.hmm\.tmp\.2573007\.faa | parallel --gnu --plain -j 16 --block 5151 --recstart '>' --pipe hmmscan --noali --notextw --acc -E 1e-09 --cpu 1 /apps/pkg/anaconda3/2022.10/envs/prokka-1.14.6/db/hmm/HAMAP.hmm /dev/stdin > results\/PROKKA\/GTDB\-100\/genomes\/bacteria\/GCA_902553145\.1\/GCA_902553145\.1\.HAMAP\.hmm\.tmp\.2573007\.hmmer3 2> /dev/null
[12:04:22] Deleting unwanted file: results/PROKKA/GTDB-100/genomes/bacteria/GCA_902553145.1/GCA_902553145.1.HAMAP.hmm.tmp.2573007.faa
[12:04:22] Deleting unwanted file: results/PROKKA/GTDB-100/genomes/bacteria/GCA_902553145.1/GCA_902553145.1.HAMAP.hmm.tmp.2573007.hmmer3
[12:04:22] Labelling remaining 470 proteins as 'hypothetical protein'
[12:04:22] Possible /pseudo 'Lipoprotein-releasing system transmembrane protein LolE' at CACDKD010000002.1 position 238078
[12:04:22] Possible /pseudo 'Methionine--tRNA ligase' at CACDKD010000003.1 position 153338
[12:04:22] Possible /pseudo 'Tol-Pal system protein TolR' at CACDKD010000004.1 position 49539
[12:04:22] Possible /pseudo 'Phytoene desaturase (lycopene-forming)' at CACDKD010000008.1 position 37678
[12:04:22] Possible /pseudo 'Macrolide export ATP-binding/permease protein MacB' at CACDKD010000009.1 position 39223
[12:04:22] Found 794 unique /gene codes.
[12:04:22] Fixed 2 duplicate /gene - hisC_1 hisC_2
[12:04:22] Fixed 2 duplicate /gene - ggt_1 ggt_2
[12:04:22] Fixed 2 duplicate /gene - metG_1 metG_2
[12:04:22] Fixed 2 duplicate /gene - nfdA_1 nfdA_2
[12:04:22] Fixed 3 duplicate /gene - tolR_1 tolR_2 tolR_3
[12:04:22] Fixed 2 duplicate /gene - ddhA_1 ddhA_2
[12:04:22] Fixed 2 duplicate /gene - yitJ_1 yitJ_2
[12:04:22] Fixed 12 duplicate /gene - btuB_1 btuB_2 btuB_3 btuB_4 btuB_5 btuB_6 btuB_7 btuB_8 btuB_9 btuB_10 btuB_11 btuB_12
[12:04:22] Fixed 2 duplicate /gene - crtI_1 crtI_2
[12:04:22] Fixed 2 duplicate /gene - dhaA_1 dhaA_2
[12:04:22] Fixed 2 duplicate /gene - fadA_1 fadA_2
[12:04:22] Fixed 3 duplicate /gene - nicF_1 nicF_2 nicF_3
[12:04:22] Fixed 2 duplicate /gene - lolD_1 lolD_2
[12:04:22] Fixed 2 duplicate /gene - glmU_1 glmU_2
[12:04:22] Fixed 3 duplicate /gene - fgd_1 fgd_2 fgd_3
[12:04:22] Fixed 2 duplicate /gene - smtB_1 smtB_2
[12:04:22] Fixed 2 duplicate /gene - pgsA_1 pgsA_2
[12:04:22] Fixed 2 duplicate /gene - lcfB_1 lcfB_2
[12:04:22] Fixed 2 duplicate /gene - pnbA_1 pnbA_2
[12:04:22] Fixed 2 duplicate /gene - yidC_1 yidC_2
[12:04:22] Fixed 4 duplicate /gene - bepA_1 bepA_2 bepA_3 bepA_4
[12:04:22] Fixed 2 duplicate /gene - carB_1 carB_2
[12:04:22] Fixed 2 duplicate /gene - ade_1 ade_2
[12:04:22] Fixed 3 duplicate /gene - kdsB_1 kdsB_2 kdsB_3
[12:04:22] Fixed 2 duplicate /gene - ycdF_1 ycdF_2
[12:04:22] Fixed 2 duplicate /gene - amiC_1 amiC_2
[12:04:22] Fixed 2 duplicate /gene - puuB_1 puuB_2
[12:04:22] Fixed 2 duplicate /gene - carC_1 carC_2
[12:04:22] Fixed 5 duplicate /gene - fabG_1 fabG_2 fabG_3 fabG_4 fabG_5
[12:04:22] Fixed 2 duplicate /gene - sasA_1 sasA_2
[12:04:22] Fixed 3 duplicate /gene - menH_1 menH_2 menH_3
[12:04:22] Fixed 2 duplicate /gene - wbgU_1 wbgU_2
[12:04:22] Fixed 2 duplicate /gene - purN_1 purN_2
[12:04:22] Fixed 2 duplicate /gene - tolQ_1 tolQ_2
[12:04:22] Fixed 2 duplicate /gene - lon_1 lon_2
[12:04:22] Fixed 2 duplicate /gene - ald_1 ald_2
[12:04:22] Fixed 2 duplicate /gene - cntA_1 cntA_2
[12:04:22] Fixed 3 duplicate /gene - mamZ_1 mamZ_2 mamZ_3
[12:04:22] Fixed 2 duplicate /gene - dctM_1 dctM_2
[12:04:22] Fixed 2 duplicate /gene - curA_1 curA_2
[12:04:22] Fixed 2 duplicate /gene - mdtA_1 mdtA_2
[12:04:22] Fixed 2 duplicate /gene - exuT_1 exuT_2
[12:04:22] Fixed 3 duplicate /gene - crt_1 crt_2 crt_3
[12:04:22] Fixed 2 duplicate /gene - sspA_1 sspA_2
[12:04:22] Fixed 2 duplicate /gene - macB_1 macB_2
[12:04:22] Fixed 2 duplicate /gene - tetA_1 tetA_2
[12:04:22] Fixed 2 duplicate /gene - puuA_1 puuA_2
[12:04:22] Fixed 2 duplicate /gene - spuE_1 spuE_2
[12:04:22] Fixed 2 duplicate /gene - ubiD_1 ubiD_2
[12:04:22] Fixed 2 duplicate /gene - tauD_1 tauD_2
[12:04:22] Fixed 2 duplicate /gene - gltA_1 gltA_2
[12:04:22] Fixed 2 duplicate /gene - glpE_1 glpE_2
[12:04:22] Fixed 2 duplicate /gene - COQ5_1 COQ5_2
[12:04:22] Fixed 2 duplicate /gene - lolE_1 lolE_2
[12:04:22] Fixed 2 duplicate /gene - atpH_1 atpH_2
[12:04:22] Fixed 2 duplicate /gene - dhmA_1 dhmA_2
[12:04:22] Fixed 2 duplicate /gene - dnaQ_1 dnaQ_2
[12:04:22] Fixed 4 duplicate /gene - nanT_1 nanT_2 nanT_3 nanT_4
[12:04:22] Fixed 2 duplicate /gene - dnaJ_1 dnaJ_2
[12:04:22] Fixed 59 colliding /gene names.
[12:04:22] Adding /locus_tag identifiers
[12:04:22] Assigned 1445 locus_tags to CDS and RNA features.
[12:04:22] Writing outputs to results/PROKKA/GTDB-100/genomes/bacteria/GCA_902553145.1/
[12:04:22] Generating annotation statistics file
[12:04:22] Generating Genbank and Sequin files
[12:04:22] Running: tbl2asn -V b -a r10k -l paired-ends -M n -N 1 -y 'Annotated using prokka 1.14.6 from https://github.com/tseemann/prokka' -Z results\/PROKKA\/GTDB\-100\/genomes\/bacteria\/GCA_902553145\.1\/GCA_902553145\.1\.err -i results\/PROKKA\/GTDB\-100\/genomes\/bacteria\/GCA_902553145\.1\/GCA_902553145\.1\.fsa 2> /dev/null
[tbl2asn-forever] Found Prokka input, correcting dates in .gbf|.sqn files.
[tbl2asn-forever] Correcting dates in results/PROKKA/GTDB-100/genomes/bacteria/GCA_902553145.1/GCA_902553145.1.gbf
[tbl2asn-forever] Correcting dates in results/PROKKA/GTDB-100/genomes/bacteria/GCA_902553145.1/GCA_902553145.1.sqn
[tbl2asn-forever] Dates changed from 01-JAN-2019 to 28-JUN-2023
[12:04:25] Deleting unwanted file: results/PROKKA/GTDB-100/genomes/bacteria/GCA_902553145.1/errorsummary.val
[12:04:25] Deleting unwanted file: results/PROKKA/GTDB-100/genomes/bacteria/GCA_902553145.1/GCA_902553145.1.dr
[12:04:25] Deleting unwanted file: results/PROKKA/GTDB-100/genomes/bacteria/GCA_902553145.1/GCA_902553145.1.fixedproducts
[12:04:25] Deleting unwanted file: results/PROKKA/GTDB-100/genomes/bacteria/GCA_902553145.1/GCA_902553145.1.ecn
[12:04:25] Deleting unwanted file: results/PROKKA/GTDB-100/genomes/bacteria/GCA_902553145.1/GCA_902553145.1.val
[12:04:25] Repairing broken .GBK output that tbl2asn produces...
[12:04:25] Running: sed 's/COORDINATES: profile/COORDINATES:profile/' < results\/PROKKA\/GTDB\-100\/genomes\/bacteria\/GCA_902553145\.1\/GCA_902553145\.1\.gbf > results\/PROKKA\/GTDB\-100\/genomes\/bacteria\/GCA_902553145\.1\/GCA_902553145\.1\.gbk
[12:04:25] Deleting unwanted file: results/PROKKA/GTDB-100/genomes/bacteria/GCA_902553145.1/GCA_902553145.1.gbf
[12:04:25] Output files:
[12:04:25] results/PROKKA/GTDB-100/genomes/bacteria/GCA_902553145.1/GCA_902553145.1.log
[12:04:25] results/PROKKA/GTDB-100/genomes/bacteria/GCA_902553145.1/GCA_902553145.1.fna
[12:04:25] results/PROKKA/GTDB-100/genomes/bacteria/GCA_902553145.1/GCA_902553145.1.gff
[12:04:25] results/PROKKA/GTDB-100/genomes/bacteria/GCA_902553145.1/GCA_902553145.1.faa
[12:04:25] results/PROKKA/GTDB-100/genomes/bacteria/GCA_902553145.1/GCA_902553145.1.ffn
[12:04:25] results/PROKKA/GTDB-100/genomes/bacteria/GCA_902553145.1/GCA_902553145.1.tbl
[12:04:25] results/PROKKA/GTDB-100/genomes/bacteria/GCA_902553145.1/GCA_902553145.1.fsa
[12:04:25] results/PROKKA/GTDB-100/genomes/bacteria/GCA_902553145.1/GCA_902553145.1.tsv
[12:04:25] results/PROKKA/GTDB-100/genomes/bacteria/GCA_902553145.1/GCA_902553145.1.txt
[12:04:25] results/PROKKA/GTDB-100/genomes/bacteria/GCA_902553145.1/GCA_902553145.1.err
[12:04:25] results/PROKKA/GTDB-100/genomes/bacteria/GCA_902553145.1/GCA_902553145.1.sqn
[12:04:25] results/PROKKA/GTDB-100/genomes/bacteria/GCA_902553145.1/GCA_902553145.1.gbk
[12:04:25] Annotation finished successfully.
[12:04:25] Walltime used: 0.43 minutes
[12:04:25] If you use this result please cite the Prokka paper:
[12:04:25] Seemann T (2014) Prokka: rapid prokaryotic genome annotation. Bioinformatics. 30(14):2068-9.
[12:04:25] Type 'prokka --citation' for more details.
[12:04:25] Thank you, come again.
190.09user 20.08system 0:25.91elapsed 810%CPU (0avgtext+0avgdata 252832maxresident)k
61776inputs+179544outputs (34major+4280912minor)pagefaults 0swaps

======================================================
End Time   : Wed Jun 28 12:04:25 EDT 2023
Run Time   : 28 seconds
======================================================

