=====================================================
Start Time  : Sat Jul  1 17:14:33 EDT 2023
Submit Dir  : /projects/raw_lab/jobs/metacerberus
Job ID/Name : 4128793 / PROKKA
Node List   : str-c92
Num Tasks   : 1 total [1 nodes @ 16 CPUs/node]
======================================================

Loading prokka/1.14.6
  Loading requirement: anaconda3/2022.10
======================================================
Running PROKKA On CPR/SAMN03319766.fna
======================================================
Viruses
[17:14:35] This is prokka 1.14.6
[17:14:35] Written by Torsten Seemann <torsten.seemann@gmail.com>
[17:14:35] Homepage is https://github.com/tseemann/prokka
[17:14:35] Local time is Sat Jul  1 17:14:35 2023
[17:14:35] You are jlfiguer
[17:14:35] Operating system is linux
[17:14:35] You have BioPerl 1.7.8
Argument "1.7.8" isn't numeric in numeric lt (<) at /apps/pkg/anaconda3/2022.10/envs/prokka-1.14.6/bin/prokka line 259.
[17:14:35] System has 16 cores.
[17:14:35] Will use maximum of 16 cores.
[17:14:35] Annotating as >>> Viruses <<<
[17:14:35] Generating locus_tag from 'CPR/SAMN03319766.fna' contents.
[17:14:35] Setting --locustag MNNFCMLH from MD5 677fc651c69ba7a2d8d0c4ccad10122b
[17:14:35] Creating new output folder: results/PROKKA/CPR/SAMN03319766
[17:14:35] Running: mkdir -p results\/PROKKA\/CPR\/SAMN03319766
[17:14:35] Using filename prefix: SAMN03319766.XXX
[17:14:35] Setting HMMER_NCPU=1
[17:14:35] Writing log to: results/PROKKA/CPR/SAMN03319766/SAMN03319766.log
[17:14:35] Command: /apps/pkg/anaconda3/2022.10/envs/prokka-1.14.6/bin/prokka --prefix SAMN03319766 --outdir results/PROKKA/CPR/SAMN03319766 --kingdom Viruses --cpus 16 CPR/SAMN03319766.fna
[17:14:35] Appending to PATH: /apps/pkg/anaconda3/2022.10/envs/prokka-1.14.6/bin
[17:14:35] Looking for 'aragorn' - found /apps/pkg/anaconda3/2022.10/envs/prokka-1.14.6/bin/aragorn
[17:14:36] Determined aragorn version is 001002 from 'ARAGORN v1.2.41 Dean Laslett'
[17:14:36] Looking for 'barrnap' - found /apps/pkg/anaconda3/2022.10/envs/prokka-1.14.6/bin/barrnap
[17:14:36] Determined barrnap version is 000009 from 'barrnap 0.9'
[17:14:36] Looking for 'blastp' - found /apps/pkg/anaconda3/2022.10/envs/prokka-1.14.6/bin/blastp
[17:14:36] Determined blastp version is 002013 from 'blastp: 2.13.0+'
[17:14:36] Looking for 'cmpress' - found /apps/pkg/anaconda3/2022.10/envs/prokka-1.14.6/bin/cmpress
[17:14:36] Determined cmpress version is 001001 from '# INFERNAL 1.1.4 (Dec 2020)'
[17:14:36] Looking for 'cmscan' - found /apps/pkg/anaconda3/2022.10/envs/prokka-1.14.6/bin/cmscan
[17:14:36] Determined cmscan version is 001001 from '# INFERNAL 1.1.4 (Dec 2020)'
[17:14:36] Looking for 'egrep' - found /usr/bin/egrep
[17:14:36] Looking for 'find' - found /usr/bin/find
[17:14:36] Looking for 'grep' - found /usr/bin/grep
[17:14:36] Looking for 'hmmpress' - found /apps/pkg/anaconda3/2022.10/envs/prokka-1.14.6/bin/hmmpress
[17:14:36] Determined hmmpress version is 003003 from '# HMMER 3.3.2 (Nov 2020); http://hmmer.org/'
[17:14:36] Looking for 'hmmscan' - found /apps/pkg/anaconda3/2022.10/envs/prokka-1.14.6/bin/hmmscan
[17:14:36] Determined hmmscan version is 003003 from '# HMMER 3.3.2 (Nov 2020); http://hmmer.org/'
[17:14:36] Looking for 'java' - found /apps/pkg/anaconda3/2022.10/envs/prokka-1.14.6/bin/java
[17:14:36] Looking for 'makeblastdb' - found /apps/pkg/anaconda3/2022.10/envs/prokka-1.14.6/bin/makeblastdb
[17:14:36] Determined makeblastdb version is 002013 from 'makeblastdb: 2.13.0+'
[17:14:36] Looking for 'minced' - found /apps/pkg/anaconda3/2022.10/envs/prokka-1.14.6/bin/minced
[17:14:36] Determined minced version is 004002 from 'minced 0.4.2'
[17:14:36] Looking for 'parallel' - found /apps/pkg/anaconda3/2022.10/envs/prokka-1.14.6/bin/parallel
[17:14:36] Determined parallel version is 20230122 from 'GNU parallel 20230122'
[17:14:36] Looking for 'prodigal' - found /apps/pkg/anaconda3/2022.10/envs/prokka-1.14.6/bin/prodigal
[17:14:36] Determined prodigal version is 002006 from 'Prodigal V2.6.3: February, 2016'
[17:14:36] Looking for 'prokka-genbank_to_fasta_db' - found /apps/pkg/anaconda3/2022.10/envs/prokka-1.14.6/bin/prokka-genbank_to_fasta_db
[17:14:36] Looking for 'sed' - found /usr/bin/sed
[17:14:36] Looking for 'tbl2asn' - found /apps/pkg/anaconda3/2022.10/envs/prokka-1.14.6/bin/tbl2asn
[17:14:36] Determined tbl2asn version is 025007 from 'tbl2asn 25.7   arguments:'
[17:14:36] Using genetic code table 1.
[17:14:36] Loading and checking input file: CPR/SAMN03319766.fna
[17:14:36] Wrote 47 contigs totalling 614589 bp.
[17:14:36] Predicting tRNAs and tmRNAs
[17:14:36] Running: aragorn -l -gc1  -w results\/PROKKA\/CPR\/SAMN03319766\/SAMN03319766\.fna
[17:14:36] 1 tRNA-Tyr [42841,42913] 33 (gta)
[17:14:36] 1 tRNA-Glu [10140,10214] 35 (ttc)
[17:14:36] 1 tRNA-Lys [23895,23969] 33 (ttt)
[17:14:36] 1 tRNA-Glu [17094,17168] 35 (ctc)
[17:14:36] 2 tRNA-Glu [18110,18181] 32 (ctc)
[17:14:36] 1 tRNA-Ala c[4453,4549] 35 (ggc)
[17:14:36] 1 tRNA-Asp [4548,4626] 37 (gtc)
[17:14:36] 1 tRNA-Ile [5426,5498] 33 (tat)
[17:14:36] 1 tRNA-Trp c[1468,1540] 34 (cca)
[17:14:36] 2 tRNA-Thr [6846,6917] 33 (ggt)
[17:14:36] 3 tRNA-Thr [6985,7057] 33 (tgt)
[17:14:36] 4 tRNA-Tyr [7070,7155] 35 (gta)
[17:14:36] Found 12 tRNAs
[17:14:36] Disabling rRNA search: --kingdom=Viruses or --norrna=0
[17:14:36] Skipping ncRNA search, enable with --rfam if desired.
[17:14:36] Total of 12 tRNA + rRNA features
[17:14:36] Searching for CRISPR repeats
[17:14:36] Found 0 CRISPRs
[17:14:36] Predicting coding sequences
[17:14:36] Contigs total 614589 bp, so using single mode
[17:14:36] Running: prodigal -i results\/PROKKA\/CPR\/SAMN03319766\/SAMN03319766\.fna -c -m -g 1 -p single -f sco -q
[17:14:37] Excluding CDS which overlaps existing RNA (tRNA) at LCIB01000008.1:23638..23904 on + strand
[17:14:37] Found 632 CDS
[17:14:37] Connecting features back to sequences
[17:14:37] Not using genus-specific database. Try --usegenus to enable it.
[17:14:37] Annotating CDS, please be patient.
[17:14:37] Will use 16 CPUs for similarity searching.
[17:14:37] There are still 632 unannotated CDS left (started with 632)
[17:14:37] Will use blast to search against /apps/pkg/anaconda3/2022.10/envs/prokka-1.14.6/db/kingdom/Viruses/sprot with 16 CPUs
[17:14:37] Running: cat results\/PROKKA\/CPR\/SAMN03319766\/SAMN03319766\.sprot\.tmp\.970620\.faa | parallel --gnu --plain -j 16 --block 5339 --recstart '>' --pipe blastp -query - -db /apps/pkg/anaconda3/2022.10/envs/prokka-1.14.6/db/kingdom/Viruses/sprot -evalue 1e-09 -qcov_hsp_perc 80 -num_threads 1 -num_descriptions 1 -num_alignments 1 -seg no > results\/PROKKA\/CPR\/SAMN03319766\/SAMN03319766\.sprot\.tmp\.970620\.blast 2> /dev/null
[17:14:39] Deleting unwanted file: results/PROKKA/CPR/SAMN03319766/SAMN03319766.sprot.tmp.970620.faa
[17:14:39] Deleting unwanted file: results/PROKKA/CPR/SAMN03319766/SAMN03319766.sprot.tmp.970620.blast
[17:14:39] Labelling remaining 629 proteins as 'hypothetical protein'
[17:14:39] Found 3 unique /gene codes.
[17:14:39] Fixed 0 colliding /gene names.
[17:14:39] Adding /locus_tag identifiers
[17:14:39] Assigned 644 locus_tags to CDS and RNA features.
[17:14:39] Writing outputs to results/PROKKA/CPR/SAMN03319766/
[17:14:39] Generating annotation statistics file
[17:14:39] Generating Genbank and Sequin files
[17:14:39] Running: tbl2asn -V b -a r10k -l paired-ends -M n -N 1 -y 'Annotated using prokka 1.14.6 from https://github.com/tseemann/prokka' -Z results\/PROKKA\/CPR\/SAMN03319766\/SAMN03319766\.err -i results\/PROKKA\/CPR\/SAMN03319766\/SAMN03319766\.fsa 2> /dev/null
[tbl2asn-forever] Found Prokka input, correcting dates in .gbf|.sqn files.
[tbl2asn-forever] Correcting dates in results/PROKKA/CPR/SAMN03319766/SAMN03319766.gbf
[tbl2asn-forever] Correcting dates in results/PROKKA/CPR/SAMN03319766/SAMN03319766.sqn
[tbl2asn-forever] Dates changed from 01-JAN-2019 to 01-JUL-2023
[17:14:41] Deleting unwanted file: results/PROKKA/CPR/SAMN03319766/errorsummary.val
[17:14:41] Deleting unwanted file: results/PROKKA/CPR/SAMN03319766/SAMN03319766.dr
[17:14:41] Deleting unwanted file: results/PROKKA/CPR/SAMN03319766/SAMN03319766.fixedproducts
[17:14:41] Deleting unwanted file: results/PROKKA/CPR/SAMN03319766/SAMN03319766.ecn
[17:14:41] Deleting unwanted file: results/PROKKA/CPR/SAMN03319766/SAMN03319766.val
[17:14:41] Repairing broken .GBK output that tbl2asn produces...
[17:14:41] Running: sed 's/COORDINATES: profile/COORDINATES:profile/' < results\/PROKKA\/CPR\/SAMN03319766\/SAMN03319766\.gbf > results\/PROKKA\/CPR\/SAMN03319766\/SAMN03319766\.gbk
[17:14:41] Deleting unwanted file: results/PROKKA/CPR/SAMN03319766/SAMN03319766.gbf
[17:14:41] Output files:
[17:14:41] results/PROKKA/CPR/SAMN03319766/SAMN03319766.log
[17:14:41] results/PROKKA/CPR/SAMN03319766/SAMN03319766.fna
[17:14:41] results/PROKKA/CPR/SAMN03319766/SAMN03319766.gff
[17:14:41] results/PROKKA/CPR/SAMN03319766/SAMN03319766.faa
[17:14:41] results/PROKKA/CPR/SAMN03319766/SAMN03319766.ffn
[17:14:41] results/PROKKA/CPR/SAMN03319766/SAMN03319766.tbl
[17:14:41] results/PROKKA/CPR/SAMN03319766/SAMN03319766.fsa
[17:14:41] results/PROKKA/CPR/SAMN03319766/SAMN03319766.tsv
[17:14:41] results/PROKKA/CPR/SAMN03319766/SAMN03319766.txt
[17:14:41] results/PROKKA/CPR/SAMN03319766/SAMN03319766.err
[17:14:41] results/PROKKA/CPR/SAMN03319766/SAMN03319766.sqn
[17:14:41] results/PROKKA/CPR/SAMN03319766/SAMN03319766.gbk
[17:14:41] Annotation finished successfully.
[17:14:41] Walltime used: 0.10 minutes
[17:14:41] If you use this result please cite the Prokka paper:
[17:14:41] Seemann T (2014) Prokka: rapid prokaryotic genome annotation. Bioinformatics. 30(14):2068-9.
[17:14:41] Type 'prokka --citation' for more details.
[17:14:41] Thank you, come again.
15.65user 0.71system 0:05.25elapsed 311%CPU (0avgtext+0avgdata 103588maxresident)k
10336inputs+38360outputs (0major+239853minor)pagefaults 0swaps

======================================================
End Time   : Sat Jul  1 17:14:41 EDT 2023
Run Time   : 8 seconds
======================================================

