=====================================================
Start Time  : Sat Jun 24 18:15:45 EDT 2023
Submit Dir  : /projects/raw_lab/jobs/metacerberus
Job ID/Name : 3995196 / InterProScan
Node List   : str-c105
Num Tasks   : 1 total [1 nodes @ 16 CPUs/node]
======================================================

Loading interproscan/5.60-92.0
  Loading requirement: anaconda3/2020.11 openjdk/15
======================================================
Running InterProScan On GTDB-100/genomes/archaea/GCA_023378865.1.fna
======================================================
24/06/2023 18:15:46:980 Welcome to InterProScan-5.60-92.0
24/06/2023 18:15:46:981 Running InterProScan v5 in STANDALONE mode... on Linux
24/06/2023 18:15:51:246 RunID: str-c105.uncc.edu_20230624_181551067_jx0x
24/06/2023 18:15:59:778 Loading file /projects/raw_lab/jobs/metacerberus/GTDB-100/genomes/archaea/GCA_023378865.1.fna
24/06/2023 18:16:00:482 Running the following analyses:
[AntiFam-7.0,CDD-3.20,Coils-2.2.1,FunFam-4.3.0,Gene3D-4.3.0,Hamap-2021_04,MobiDBLite-2.0,PANTHER-17.0,Pfam-35.0,PIRSF-3.10,PIRSR-2021_05,PRINTS-42.0,ProSitePatterns-2022_01,ProSiteProfiles-2022_01,SFLD-4,SMART-7.1,SUPERFAMILY-1.75,TIGRFAM-15.0]
Pre-calculated match lookup service DISABLED.  Please wait for match calculations to complete...
2023-06-24 18:16:31,394 [amqEmbeddedWorkerJmsContainer-16] [uk.ac.ebi.interpro.scan.io.pirsf.hmmer3.PirsfHmmer3RawMatchParser:129] WARN - Couldn't parse the given raw match line, because it is of an unexpected format.
2023-06-24 18:16:31,400 [amqEmbeddedWorkerJmsContainer-16] [uk.ac.ebi.interpro.scan.io.pirsf.hmmer3.PirsfHmmer3RawMatchParser:130] WARN - Unexpected Raw match line: Query sequence: 104 matches PIRSF006232: Pirin
2023-06-24 18:16:31,400 [amqEmbeddedWorkerJmsContainer-16] [uk.ac.ebi.interpro.scan.io.pirsf.hmmer3.PirsfHmmer3RawMatchParser:129] WARN - Couldn't parse the given raw match line, because it is of an unexpected format.
2023-06-24 18:16:31,400 [amqEmbeddedWorkerJmsContainer-16] [uk.ac.ebi.interpro.scan.io.pirsf.hmmer3.PirsfHmmer3RawMatchParser:130] WARN - Unexpected Raw match line: #    score  bias  c-Evalue  i-Evalue hmmfrom  hmm to    alifrom  ali to    envfrom  env to     acc
2023-06-24 18:16:31,400 [amqEmbeddedWorkerJmsContainer-16] [uk.ac.ebi.interpro.scan.io.pirsf.hmmer3.PirsfHmmer3RawMatchParser:129] WARN - Couldn't parse the given raw match line, because it is of an unexpected format.
2023-06-24 18:16:31,400 [amqEmbeddedWorkerJmsContainer-16] [uk.ac.ebi.interpro.scan.io.pirsf.hmmer3.PirsfHmmer3RawMatchParser:130] WARN - Unexpected Raw match line: 1 !  283.9   0.0   7.7e-89   2.1e-86       5     282 ..      23     315 ..      19     318 .. 0.93
2023-06-24 18:16:31,400 [amqEmbeddedWorkerJmsContainer-16] [uk.ac.ebi.interpro.scan.io.pirsf.hmmer3.PirsfHmmer3RawMatchParser:129] WARN - Couldn't parse the given raw match line, because it is of an unexpected format.
2023-06-24 18:16:31,400 [amqEmbeddedWorkerJmsContainer-16] [uk.ac.ebi.interpro.scan.io.pirsf.hmmer3.PirsfHmmer3RawMatchParser:130] WARN - Unexpected Raw match line: Query sequence: 112 matches PIRSF002122: Ribosomal protein, S7p/S7a/S5e/organellar S7 types
2023-06-24 18:16:31,400 [amqEmbeddedWorkerJmsContainer-16] [uk.ac.ebi.interpro.scan.io.pirsf.hmmer3.PirsfHmmer3RawMatchParser:129] WARN - Couldn't parse the given raw match line, because it is of an unexpected format.
2023-06-24 18:16:31,400 [amqEmbeddedWorkerJmsContainer-16] [uk.ac.ebi.interpro.scan.io.pirsf.hmmer3.PirsfHmmer3RawMatchParser:130] WARN - Unexpected Raw match line: #    score  bias  c-Evalue  i-Evalue hmmfrom  hmm to    alifrom  ali to    envfrom  env to     acc
2023-06-24 18:16:31,400 [amqEmbeddedWorkerJmsContainer-16] [uk.ac.ebi.interpro.scan.io.pirsf.hmmer3.PirsfHmmer3RawMatchParser:129] WARN - Couldn't parse the given raw match line, because it is of an unexpected format.
2023-06-24 18:16:31,401 [amqEmbeddedWorkerJmsContainer-16] [uk.ac.ebi.interpro.scan.io.pirsf.hmmer3.PirsfHmmer3RawMatchParser:130] WARN - Unexpected Raw match line: 1 !   85.8   0.8     4e-28   5.6e-26      36     212 ..       5     203 ..       1     209 [] 0.90
2023-06-24 18:16:31,401 [amqEmbeddedWorkerJmsContainer-16] [uk.ac.ebi.interpro.scan.io.pirsf.hmmer3.PirsfHmmer3RawMatchParser:129] WARN - Couldn't parse the given raw match line, because it is of an unexpected format.
2023-06-24 18:16:31,401 [amqEmbeddedWorkerJmsContainer-16] [uk.ac.ebi.interpro.scan.io.pirsf.hmmer3.PirsfHmmer3RawMatchParser:130] WARN - Unexpected Raw match line: Query sequence: 12 matches PIRSF037307: Predicted Lhr-like ATP-dependent RNA helicase
2023-06-24 18:16:31,401 [amqEmbeddedWorkerJmsContainer-16] [uk.ac.ebi.interpro.scan.io.pirsf.hmmer3.PirsfHmmer3RawMatchParser:129] WARN - Couldn't parse the given raw match line, because it is of an unexpected format.
2023-06-24 18:16:31,401 [amqEmbeddedWorkerJmsContainer-16] [uk.ac.ebi.interpro.scan.io.pirsf.hmmer3.PirsfHmmer3RawMatchParser:130] WARN - Unexpected Raw match line: #    score  bias  c-Evalue  i-Evalue hmmfrom  hmm to    alifrom  ali to    envfrom  env to     acc
2023-06-24 18:16:31,401 [amqEmbeddedWorkerJmsContainer-16] [uk.ac.ebi.interpro.scan.io.pirsf.hmmer3.PirsfHmmer3RawMatchParser:129] WARN - Couldn't parse the given raw match line, because it is of an unexpected format.
2023-06-24 18:16:31,401 [amqEmbeddedWorkerJmsContainer-16] [uk.ac.ebi.interpro.scan.io.pirsf.hmmer3.PirsfHmmer3RawMatchParser:130] WARN - Unexpected Raw match line: 1 !  866.0   7.0  9.7e-264  5.4e-262       5     818 ..      21     885 ..      17     889 .. 0.96
2023-06-24 18:16:31,401 [amqEmbeddedWorkerJmsContainer-16] [uk.ac.ebi.interpro.scan.io.pirsf.hmmer3.PirsfHmmer3RawMatchParser:129] WARN - Couldn't parse the given raw match line, because it is of an unexpected format.
2023-06-24 18:16:31,401 [amqEmbeddedWorkerJmsContainer-16] [uk.ac.ebi.interpro.scan.io.pirsf.hmmer3.PirsfHmmer3RawMatchParser:130] WARN - Unexpected Raw match line: Query sequence: 124 matches PIRSF006446: Cytochrome quinol oxidase, subunit 1
2023-06-24 18:16:31,401 [amqEmbeddedWorkerJmsContainer-16] [uk.ac.ebi.interpro.scan.io.pirsf.hmmer3.PirsfHmmer3RawMatchParser:129] WARN - Couldn't parse the given raw match line, because it is of an unexpected format.
2023-06-24 18:16:31,401 [amqEmbeddedWorkerJmsContainer-16] [uk.ac.ebi.interpro.scan.io.pirsf.hmmer3.PirsfHmmer3RawMatchParser:130] WARN - Unexpected Raw match line: #    score  bias  c-Evalue  i-Evalue hmmfrom  hmm to    alifrom  ali to    envfrom  env to     acc
2023-06-24 18:16:31,401 [amqEmbeddedWorkerJmsContainer-16] [uk.ac.ebi.interpro.scan.io.pirsf.hmmer3.PirsfHmmer3RawMatchParser:129] WARN - Couldn't parse the given raw match line, because it is of an unexpected format.
2023-06-24 18:16:31,401 [amqEmbeddedWorkerJmsContainer-16] [uk.ac.ebi.interpro.scan.io.pirsf.hmmer3.PirsfHmmer3RawMatchParser:130] WARN - Unexpected Raw match line: 1 !  241.7  32.2   7.1e-76     2e-73      15     436 ..      22     470 ..      11     477 .. 0.82
2023-06-24 18:16:31,401 [amqEmbeddedWorkerJmsContainer-16] [uk.ac.ebi.interpro.scan.io.pirsf.hmmer3.PirsfHmmer3RawMatchParser:129] WARN - Couldn't parse the given raw match line, because it is of an unexpected format.
2023-06-24 18:16:31,402 [amqEmbeddedWorkerJmsContainer-16] [uk.ac.ebi.interpro.scan.io.pirsf.hmmer3.PirsfHmmer3RawMatchParser:130] WARN - Unexpected Raw match line: Query sequence: 132 matches PIRSF000538: Keto-sugar kinase
2023-06-24 18:16:31,402 [amqEmbeddedWorkerJmsContainer-16] [uk.ac.ebi.interpro.scan.io.pirsf.hmmer3.PirsfHmmer3RawMatchParser:129] WARN - Couldn't parse the given raw match line, because it is of an unexpected format.
2023-06-24 18:16:31,402 [amqEmbeddedWorkerJmsContainer-16] [uk.ac.ebi.interpro.scan.io.pirsf.hmmer3.PirsfHmmer3RawMatchParser:130] WARN - Unexpected Raw match line: #    score  bias  c-Evalue  i-Evalue hmmfrom  hmm to    alifrom  ali to    envfrom  env to     acc
2023-06-24 18:16:31,402 [amqEmbeddedWorkerJmsContainer-16] [uk.ac.ebi.interpro.scan.io.pirsf.hmmer3.PirsfHmmer3RawMatchParser:129] WARN - Couldn't parse the given raw match line, because it is of an unexpected format.
2023-06-24 18:16:31,402 [amqEmbeddedWorkerJmsContainer-16] [uk.ac.ebi.interpro.scan.io.pirsf.hmmer3.PirsfHmmer3RawMatchParser:130] WARN - Unexpected Raw match line: 1 !  442.4   0.0  1.8e-136  2.5e-134       3     495 ..      20     506 ..      18     508 .] 0.95
2023-06-24 18:16:31,402 [amqEmbeddedWorkerJmsContainer-16] [uk.ac.ebi.interpro.scan.io.pirsf.hmmer3.PirsfHmmer3RawMatchParser:129] WARN - Couldn't parse the given raw match line, because it is of an unexpected format.
2023-06-24 18:16:31,402 [amqEmbeddedWorkerJmsContainer-16] [uk.ac.ebi.interpro.scan.io.pirsf.hmmer3.PirsfHmmer3RawMatchParser:130] WARN - Unexpected Raw match line: Query sequence: 174 matches PIRSF000350: Mercury(II) reductase, MerA type
2023-06-24 18:16:31,402 [amqEmbeddedWorkerJmsContainer-16] [uk.ac.ebi.interpro.scan.io.pirsf.hmmer3.PirsfHmmer3RawMatchParser:129] WARN - Couldn't parse the given raw match line, because it is of an unexpected format.
2023-06-24 18:16:31,402 [amqEmbeddedWorkerJmsContainer-16] [uk.ac.ebi.interpro.scan.io.pirsf.hmmer3.PirsfHmmer3RawMatchParser:130] WARN - Unexpected Raw match line: #    score  bias  c-Evalue  i-Evalue hmmfrom  hmm to    alifrom  ali to    envfrom  env to     acc
2023-06-24 18:16:31,402 [amqEmbeddedWorkerJmsContainer-16] [uk.ac.ebi.interpro.scan.io.pirsf.hmmer3.PirsfHmmer3RawMatchParser:129] WARN - Couldn't parse the given raw match line, because it is of an unexpected format.
2023-06-24 18:16:31,402 [amqEmbeddedWorkerJmsContainer-16] [uk.ac.ebi.interpro.scan.io.pirsf.hmmer3.PirsfHmmer3RawMatchParser:130] WARN - Unexpected Raw match line: 1 !  452.1   0.9    6e-139  4.2e-137      84     549 ..       3     474 ..       1     475 [] 0.97
2023-06-24 18:16:31,402 [amqEmbeddedWorkerJmsContainer-16] [uk.ac.ebi.interpro.scan.io.pirsf.hmmer3.PirsfHmmer3RawMatchParser:129] WARN - Couldn't parse the given raw match line, because it is of an unexpected format.
2023-06-24 18:16:31,402 [amqEmbeddedWorkerJmsContainer-16] [uk.ac.ebi.interpro.scan.io.pirsf.hmmer3.PirsfHmmer3RawMatchParser:130] WARN - Unexpected Raw match line: Query sequence: 198 matches PIRSF000808: Galactose-1-phosphate uridylyltransferase
2023-06-24 18:16:31,402 [amqEmbeddedWorkerJmsContainer-16] [uk.ac.ebi.interpro.scan.io.pirsf.hmmer3.PirsfHmmer3RawMatchParser:129] WARN - Couldn't parse the given raw match line, because it is of an unexpected format.
2023-06-24 18:16:31,403 [amqEmbeddedWorkerJmsContainer-16] [uk.ac.ebi.interpro.scan.io.pirsf.hmmer3.PirsfHmmer3RawMatchParser:130] WARN - Unexpected Raw match line: #    score  bias  c-Evalue  i-Evalue hmmfrom  hmm to    alifrom  ali to    envfrom  env to     acc
2023-06-24 18:16:31,403 [amqEmbeddedWorkerJmsContainer-16] [uk.ac.ebi.interpro.scan.io.pirsf.hmmer3.PirsfHmmer3RawMatchParser:129] WARN - Couldn't parse the given raw match line, because it is of an unexpected format.
2023-06-24 18:16:31,403 [amqEmbeddedWorkerJmsContainer-16] [uk.ac.ebi.interpro.scan.io.pirsf.hmmer3.PirsfHmmer3RawMatchParser:130] WARN - Unexpected Raw match line: 1 !  209.1   0.1   6.3e-66   1.8e-63      11     322 ..      36     329 ..      30     351 .. 0.87
2023-06-24 18:16:31,403 [amqEmbeddedWorkerJmsContainer-16] [uk.ac.ebi.interpro.scan.io.pirsf.hmmer3.PirsfHmmer3RawMatchParser:129] WARN - Couldn't parse the given raw match line, because it is of an unexpected format.
2023-06-24 18:16:31,403 [amqEmbeddedWorkerJmsContainer-16] [uk.ac.ebi.interpro.scan.io.pirsf.hmmer3.PirsfHmmer3RawMatchParser:130] WARN - Unexpected Raw match line: Query sequence: 223 matches PIRSF006553: Type II DNA topoisomerase VI, subunit B
2023-06-24 18:16:31,403 [amqEmbeddedWorkerJmsContainer-16] [uk.ac.ebi.interpro.scan.io.pirsf.hmmer3.PirsfHmmer3RawMatchParser:129] WARN - Couldn't parse the given raw match line, because it is of an unexpected format.
2023-06-24 18:16:31,403 [amqEmbeddedWorkerJmsContainer-16] [uk.ac.ebi.interpro.scan.io.pirsf.hmmer3.PirsfHmmer3RawMatchParser:130] WARN - Unexpected Raw match line: #    score  bias  c-Evalue  i-Evalue hmmfrom  hmm to    alifrom  ali to    envfrom  env to     acc
2023-06-24 18:16:31,403 [amqEmbeddedWorkerJmsContainer-16] [uk.ac.ebi.interpro.scan.io.pirsf.hmmer3.PirsfHmmer3RawMatchParser:129] WARN - Couldn't parse the given raw match line, because it is of an unexpected format.
2023-06-24 18:16:31,403 [amqEmbeddedWorkerJmsContainer-16] [uk.ac.ebi.interpro.scan.io.pirsf.hmmer3.PirsfHmmer3RawMatchParser:130] WARN - Unexpected Raw match line: 1 !   81.5   0.2   2.5e-27   7.1e-25       3      74 ..       2      83 ..       1     112 [. 0.83
2023-06-24 18:16:31,403 [amqEmbeddedWorkerJmsContainer-16] [uk.ac.ebi.interpro.scan.io.pirsf.hmmer3.PirsfHmmer3RawMatchParser:129] WARN - Couldn't parse the given raw match line, because it is of an unexpected format.
2023-06-24 18:16:31,403 [amqEmbeddedWorkerJmsContainer-16] [uk.ac.ebi.interpro.scan.io.pirsf.hmmer3.PirsfHmmer3RawMatchParser:130] WARN - Unexpected Raw match line: 2 !  512.8   2.9  5.4e-158  1.5e-155      71     521 ..     152     601 ..     129     621 .] 0.93
2023-06-24 18:16:31,403 [amqEmbeddedWorkerJmsContainer-16] [uk.ac.ebi.interpro.scan.io.pirsf.hmmer3.PirsfHmmer3RawMatchParser:129] WARN - Couldn't parse the given raw match line, because it is of an unexpected format.
2023-06-24 18:16:31,403 [amqEmbeddedWorkerJmsContainer-16] [uk.ac.ebi.interpro.scan.io.pirsf.hmmer3.PirsfHmmer3RawMatchParser:130] WARN - Unexpected Raw match line: Query sequence: 259 matches PIRSF000171: Succinate dehydrogenase, flavoprotein subunit (SDHA/APRA/LASPO)
2023-06-24 18:16:31,403 [amqEmbeddedWorkerJmsContainer-16] [uk.ac.ebi.interpro.scan.io.pirsf.hmmer3.PirsfHmmer3RawMatchParser:129] WARN - Couldn't parse the given raw match line, because it is of an unexpected format.
2023-06-24 18:16:31,404 [amqEmbeddedWorkerJmsContainer-16] [uk.ac.ebi.interpro.scan.io.pirsf.hmmer3.PirsfHmmer3RawMatchParser:130] WARN - Unexpected Raw match line: #    score  bias  c-Evalue  i-Evalue hmmfrom  hmm to    alifrom  ali to    envfrom  env to     acc
2023-06-24 18:16:31,404 [amqEmbeddedWorkerJmsContainer-16] [uk.ac.ebi.interpro.scan.io.pirsf.hmmer3.PirsfHmmer3RawMatchParser:129] WARN - Couldn't parse the given raw match line, because it is of an unexpected format.
2023-06-24 18:16:31,404 [amqEmbeddedWorkerJmsContainer-16] [uk.ac.ebi.interpro.scan.io.pirsf.hmmer3.PirsfHmmer3RawMatchParser:130] WARN - Unexpected Raw match line: 1 !  185.2   0.8   2.7e-58   2.5e-56       4     571 ..      24     573 ..      21     586 .. 0.80
2023-06-24 18:16:31,404 [amqEmbeddedWorkerJmsContainer-16] [uk.ac.ebi.interpro.scan.io.pirsf.hmmer3.PirsfHmmer3RawMatchParser:129] WARN - Couldn't parse the given raw match line, because it is of an unexpected format.
2023-06-24 18:16:31,404 [amqEmbeddedWorkerJmsContainer-16] [uk.ac.ebi.interpro.scan.io.pirsf.hmmer3.PirsfHmmer3RawMatchParser:130] WARN - Unexpected Raw match line: Query sequence: 268 matches PIRSF037307: Predicted Lhr-like ATP-dependent RNA helicase
2023-06-24 18:16:31,404 [amqEmbeddedWorkerJmsContainer-16] [uk.ac.ebi.interpro.scan.io.pirsf.hmmer3.PirsfHmmer3RawMatchParser:129] WARN - Couldn't parse the given raw match line, because it is of an unexpected format.
2023-06-24 18:16:31,404 [amqEmbeddedWorkerJmsContainer-16] [uk.ac.ebi.interpro.scan.io.pirsf.hmmer3.PirsfHmmer3RawMatchParser:130] WARN - Unexpected Raw match line: #    score  bias  c-Evalue  i-Evalue hmmfrom  hmm to    alifrom  ali to    envfrom  env to     acc
2023-06-24 18:16:31,404 [amqEmbeddedWorkerJmsContainer-16] [uk.ac.ebi.interpro.scan.io.pirsf.hmmer3.PirsfHmmer3RawMatchParser:129] WARN - Couldn't parse the given raw match line, because it is of an unexpected format.
2023-06-24 18:16:31,404 [amqEmbeddedWorkerJmsContainer-16] [uk.ac.ebi.interpro.scan.io.pirsf.hmmer3.PirsfHmmer3RawMatchParser:130] WARN - Unexpected Raw match line: 1 !  911.7  31.3  1.5e-277  8.7e-276      10     939 .]       9     907 .]       2     907 .] 0.95
2023-06-24 18:16:31,404 [amqEmbeddedWorkerJmsContainer-16] [uk.ac.ebi.interpro.scan.io.pirsf.hmmer3.PirsfHmmer3RawMatchParser:129] WARN - Couldn't parse the given raw match line, because it is of an unexpected format.
2023-06-24 18:16:31,404 [amqEmbeddedWorkerJmsContainer-16] [uk.ac.ebi.interpro.scan.io.pirsf.hmmer3.PirsfHmmer3RawMatchParser:130] WARN - Unexpected Raw match line: Query sequence: 270 matches PIRSF006588: Tyrosine tRNA ligase, archaeal/eukaryotic types
2023-06-24 18:16:31,404 [amqEmbeddedWorkerJmsContainer-16] [uk.ac.ebi.interpro.scan.io.pirsf.hmmer3.PirsfHmmer3RawMatchParser:129] WARN - Couldn't parse the given raw match line, because it is of an unexpected format.
2023-06-24 18:16:31,404 [amqEmbeddedWorkerJmsContainer-16] [uk.ac.ebi.interpro.scan.io.pirsf.hmmer3.PirsfHmmer3RawMatchParser:130] WARN - Unexpected Raw match line: #    score  bias  c-Evalue  i-Evalue hmmfrom  hmm to    alifrom  ali to    envfrom  env to     acc
2023-06-24 18:16:31,404 [amqEmbeddedWorkerJmsContainer-16] [uk.ac.ebi.interpro.scan.io.pirsf.hmmer3.PirsfHmmer3RawMatchParser:129] WARN - Couldn't parse the given raw match line, because it is of an unexpected format.
2023-06-24 18:16:31,405 [amqEmbeddedWorkerJmsContainer-16] [uk.ac.ebi.interpro.scan.io.pirsf.hmmer3.PirsfHmmer3RawMatchParser:130] WARN - Unexpected Raw match line: 1 !  349.6   0.1  9.7e-109  2.7e-106       1     336 [.       6     333 ..       6     342 .. 0.97
2023-06-24 18:16:31,405 [amqEmbeddedWorkerJmsContainer-16] [uk.ac.ebi.interpro.scan.io.pirsf.hmmer3.PirsfHmmer3RawMatchParser:129] WARN - Couldn't parse the given raw match line, because it is of an unexpected format.
2023-06-24 18:16:31,405 [amqEmbeddedWorkerJmsContainer-16] [uk.ac.ebi.interpro.scan.io.pirsf.hmmer3.PirsfHmmer3RawMatchParser:130] WARN - Unexpected Raw match line: Query sequence: 273 matches PIRSF000803: DNA polymerase II, small subunit, archaeal type
2023-06-24 18:16:31,405 [amqEmbeddedWorkerJmsContainer-16] [uk.ac.ebi.interpro.scan.io.pirsf.hmmer3.PirsfHmmer3RawMatchParser:129] WARN - Couldn't parse the given raw match line, because it is of an unexpected format.
2023-06-24 18:16:31,405 [amqEmbeddedWorkerJmsContainer-16] [uk.ac.ebi.interpro.scan.io.pirsf.hmmer3.PirsfHmmer3RawMatchParser:130] WARN - Unexpected Raw match line: #    score  bias  c-Evalue  i-Evalue hmmfrom  hmm to    alifrom  ali to    envfrom  env to     acc
2023-06-24 18:16:31,405 [amqEmbeddedWorkerJmsContainer-16] [uk.ac.ebi.interpro.scan.io.pirsf.hmmer3.PirsfHmmer3RawMatchParser:129] WARN - Couldn't parse the given raw match line, because it is of an unexpected format.
2023-06-24 18:16:31,405 [amqEmbeddedWorkerJmsContainer-16] [uk.ac.ebi.interpro.scan.io.pirsf.hmmer3.PirsfHmmer3RawMatchParser:130] WARN - Unexpected Raw match line: 1 !  400.3   6.2  6.1e-124  1.7e-121     139     533 ..      82     472 ..      14     476 .. 0.91
2023-06-24 18:16:31,405 [amqEmbeddedWorkerJmsContainer-16] [uk.ac.ebi.interpro.scan.io.pirsf.hmmer3.PirsfHmmer3RawMatchParser:129] WARN - Couldn't parse the given raw match line, because it is of an unexpected format.
2023-06-24 18:16:31,405 [amqEmbeddedWorkerJmsContainer-16] [uk.ac.ebi.interpro.scan.io.pirsf.hmmer3.PirsfHmmer3RawMatchParser:130] WARN - Unexpected Raw match line: Query sequence: 277 matches PIRSF036432: Diphthine synthase
2023-06-24 18:16:31,405 [amqEmbeddedWorkerJmsContainer-16] [uk.ac.ebi.interpro.scan.io.pirsf.hmmer3.PirsfHmmer3RawMatchParser:129] WARN - Couldn't parse the given raw match line, because it is of an unexpected format.
2023-06-24 18:16:31,405 [amqEmbeddedWorkerJmsContainer-16] [uk.ac.ebi.interpro.scan.io.pirsf.hmmer3.PirsfHmmer3RawMatchParser:130] WARN - Unexpected Raw match line: #    score  bias  c-Evalue  i-Evalue hmmfrom  hmm to    alifrom  ali to    envfrom  env to     acc
2023-06-24 18:16:31,405 [amqEmbeddedWorkerJmsContainer-16] [uk.ac.ebi.interpro.scan.io.pirsf.hmmer3.PirsfHmmer3RawMatchParser:129] WARN - Couldn't parse the given raw match line, because it is of an unexpected format.
2023-06-24 18:16:31,405 [amqEmbeddedWorkerJmsContainer-16] [uk.ac.ebi.interpro.scan.io.pirsf.hmmer3.PirsfHmmer3RawMatchParser:130] WARN - Unexpected Raw match line: 1 !  231.3   0.1     8e-73   2.2e-70       1     254 [.       3     245 ..       3     247 .] 0.96
2023-06-24 18:16:31,405 [amqEmbeddedWorkerJmsContainer-16] [uk.ac.ebi.interpro.scan.io.pirsf.hmmer3.PirsfHmmer3RawMatchParser:129] WARN - Couldn't parse the given raw match line, because it is of an unexpected format.
2023-06-24 18:16:31,406 [amqEmbeddedWorkerJmsContainer-16] [uk.ac.ebi.interpro.scan.io.pirsf.hmmer3.PirsfHmmer3RawMatchParser:130] WARN - Unexpected Raw match line: Query sequence: 3 matches PIRSF001357: Deoxyribose-phosphate aldolase
2023-06-24 18:16:31,406 [amqEmbeddedWorkerJmsContainer-16] [uk.ac.ebi.interpro.scan.io.pirsf.hmmer3.PirsfHmmer3RawMatchParser:129] WARN - Couldn't parse the given raw match line, because it is of an unexpected format.
2023-06-24 18:16:31,406 [amqEmbeddedWorkerJmsContainer-16] [uk.ac.ebi.interpro.scan.io.pirsf.hmmer3.PirsfHmmer3RawMatchParser:130] WARN - Unexpected Raw match line: #    score  bias  c-Evalue  i-Evalue hmmfrom  hmm to    alifrom  ali to    envfrom  env to     acc
2023-06-24 18:16:31,406 [amqEmbeddedWorkerJmsContainer-16] [uk.ac.ebi.interpro.scan.io.pirsf.hmmer3.PirsfHmmer3RawMatchParser:129] WARN - Couldn't parse the given raw match line, because it is of an unexpected format.
2023-06-24 18:16:31,406 [amqEmbeddedWorkerJmsContainer-16] [uk.ac.ebi.interpro.scan.io.pirsf.hmmer3.PirsfHmmer3RawMatchParser:130] WARN - Unexpected Raw match line: 1 !  181.9   3.8   1.3e-57   1.8e-55       4     228 ..      13     253 ..      10     257 .] 0.93
2023-06-24 18:16:31,406 [amqEmbeddedWorkerJmsContainer-16] [uk.ac.ebi.interpro.scan.io.pirsf.hmmer3.PirsfHmmer3RawMatchParser:129] WARN - Couldn't parse the given raw match line, because it is of an unexpected format.
2023-06-24 18:16:31,406 [amqEmbeddedWorkerJmsContainer-16] [uk.ac.ebi.interpro.scan.io.pirsf.hmmer3.PirsfHmmer3RawMatchParser:130] WARN - Unexpected Raw match line: Query sequence: 31 matches PIRSF005572: Cysteine desulphurase, NifS type
2023-06-24 18:16:31,406 [amqEmbeddedWorkerJmsContainer-16] [uk.ac.ebi.interpro.scan.io.pirsf.hmmer3.PirsfHmmer3RawMatchParser:129] WARN - Couldn't parse the given raw match line, because it is of an unexpected format.
2023-06-24 18:16:31,406 [amqEmbeddedWorkerJmsContainer-16] [uk.ac.ebi.interpro.scan.io.pirsf.hmmer3.PirsfHmmer3RawMatchParser:130] WARN - Unexpected Raw match line: #    score  bias  c-Evalue  i-Evalue hmmfrom  hmm to    alifrom  ali to    envfrom  env to     acc
2023-06-24 18:16:31,406 [amqEmbeddedWorkerJmsContainer-16] [uk.ac.ebi.interpro.scan.io.pirsf.hmmer3.PirsfHmmer3RawMatchParser:129] WARN - Couldn't parse the given raw match line, because it is of an unexpected format.
2023-06-24 18:16:31,406 [amqEmbeddedWorkerJmsContainer-16] [uk.ac.ebi.interpro.scan.io.pirsf.hmmer3.PirsfHmmer3RawMatchParser:130] WARN - Unexpected Raw match line: 1 !  192.5   0.0   6.7e-61   1.9e-58       2     374 ..      29     403 ..      28     409 .. 0.87
2023-06-24 18:16:31,406 [amqEmbeddedWorkerJmsContainer-16] [uk.ac.ebi.interpro.scan.io.pirsf.hmmer3.PirsfHmmer3RawMatchParser:129] WARN - Couldn't parse the given raw match line, because it is of an unexpected format.
2023-06-24 18:16:31,406 [amqEmbeddedWorkerJmsContainer-16] [uk.ac.ebi.interpro.scan.io.pirsf.hmmer3.PirsfHmmer3RawMatchParser:130] WARN - Unexpected Raw match line: Query sequence: 34 matches PIRSF016275: DNA polymerase II, large subunit, Euryarchaea type
2023-06-24 18:16:31,406 [amqEmbeddedWorkerJmsContainer-16] [uk.ac.ebi.interpro.scan.io.pirsf.hmmer3.PirsfHmmer3RawMatchParser:129] WARN - Couldn't parse the given raw match line, because it is of an unexpected format.
2023-06-24 18:16:31,407 [amqEmbeddedWorkerJmsContainer-16] [uk.ac.ebi.interpro.scan.io.pirsf.hmmer3.PirsfHmmer3RawMatchParser:130] WARN - Unexpected Raw match line: #    score  bias  c-Evalue  i-Evalue hmmfrom  hmm to    alifrom  ali to    envfrom  env to     acc
2023-06-24 18:16:31,407 [amqEmbeddedWorkerJmsContainer-16] [uk.ac.ebi.interpro.scan.io.pirsf.hmmer3.PirsfHmmer3RawMatchParser:129] WARN - Couldn't parse the given raw match line, because it is of an unexpected format.
2023-06-24 18:16:31,407 [amqEmbeddedWorkerJmsContainer-16] [uk.ac.ebi.interpro.scan.io.pirsf.hmmer3.PirsfHmmer3RawMatchParser:130] WARN - Unexpected Raw match line: 1 ! 1196.8   0.9         0         0      13    1105 ..       3    1144 ..       1    1145 [] 0.93
2023-06-24 18:16:31,407 [amqEmbeddedWorkerJmsContainer-16] [uk.ac.ebi.interpro.scan.io.pirsf.hmmer3.PirsfHmmer3RawMatchParser:129] WARN - Couldn't parse the given raw match line, because it is of an unexpected format.
2023-06-24 18:16:31,407 [amqEmbeddedWorkerJmsContainer-16] [uk.ac.ebi.interpro.scan.io.pirsf.hmmer3.PirsfHmmer3RawMatchParser:130] WARN - Unexpected Raw match line: Query sequence: 35 matches PIRSF017269: tRNA methyltransferase, GCD14 type
2023-06-24 18:16:31,407 [amqEmbeddedWorkerJmsContainer-16] [uk.ac.ebi.interpro.scan.io.pirsf.hmmer3.PirsfHmmer3RawMatchParser:129] WARN - Couldn't parse the given raw match line, because it is of an unexpected format.
2023-06-24 18:16:31,407 [amqEmbeddedWorkerJmsContainer-16] [uk.ac.ebi.interpro.scan.io.pirsf.hmmer3.PirsfHmmer3RawMatchParser:130] WARN - Unexpected Raw match line: #    score  bias  c-Evalue  i-Evalue hmmfrom  hmm to    alifrom  ali to    envfrom  env to     acc
2023-06-24 18:16:31,407 [amqEmbeddedWorkerJmsContainer-16] [uk.ac.ebi.interpro.scan.io.pirsf.hmmer3.PirsfHmmer3RawMatchParser:129] WARN - Couldn't parse the given raw match line, because it is of an unexpected format.
2023-06-24 18:16:31,407 [amqEmbeddedWorkerJmsContainer-16] [uk.ac.ebi.interpro.scan.io.pirsf.hmmer3.PirsfHmmer3RawMatchParser:130] WARN - Unexpected Raw match line: 1 !  183.9   0.0   6.7e-58   4.7e-56      25     263 ..      34     266 ..      18     267 .] 0.92
2023-06-24 18:16:31,407 [amqEmbeddedWorkerJmsContainer-16] [uk.ac.ebi.interpro.scan.io.pirsf.hmmer3.PirsfHmmer3RawMatchParser:129] WARN - Couldn't parse the given raw match line, because it is of an unexpected format.
2023-06-24 18:16:31,407 [amqEmbeddedWorkerJmsContainer-16] [uk.ac.ebi.interpro.scan.io.pirsf.hmmer3.PirsfHmmer3RawMatchParser:130] WARN - Unexpected Raw match line: Query sequence: 68 matches PIRSF005719: Structural maintenance of chromosomes protein
2023-06-24 18:16:31,407 [amqEmbeddedWorkerJmsContainer-16] [uk.ac.ebi.interpro.scan.io.pirsf.hmmer3.PirsfHmmer3RawMatchParser:129] WARN - Couldn't parse the given raw match line, because it is of an unexpected format.
2023-06-24 18:16:31,407 [amqEmbeddedWorkerJmsContainer-16] [uk.ac.ebi.interpro.scan.io.pirsf.hmmer3.PirsfHmmer3RawMatchParser:130] WARN - Unexpected Raw match line: #    score  bias  c-Evalue  i-Evalue hmmfrom  hmm to    alifrom  ali to    envfrom  env to     acc
2023-06-24 18:16:31,407 [amqEmbeddedWorkerJmsContainer-16] [uk.ac.ebi.interpro.scan.io.pirsf.hmmer3.PirsfHmmer3RawMatchParser:129] WARN - Couldn't parse the given raw match line, because it is of an unexpected format.
2023-06-24 18:16:31,408 [amqEmbeddedWorkerJmsContainer-16] [uk.ac.ebi.interpro.scan.io.pirsf.hmmer3.PirsfHmmer3RawMatchParser:130] WARN - Unexpected Raw match line: 1 !  275.3  52.1   8.9e-86   1.2e-83       1     464 [.       3     468 ..       3     474 .. 0.88
2023-06-24 18:16:31,408 [amqEmbeddedWorkerJmsContainer-16] [uk.ac.ebi.interpro.scan.io.pirsf.hmmer3.PirsfHmmer3RawMatchParser:129] WARN - Couldn't parse the given raw match line, because it is of an unexpected format.
2023-06-24 18:16:31,408 [amqEmbeddedWorkerJmsContainer-16] [uk.ac.ebi.interpro.scan.io.pirsf.hmmer3.PirsfHmmer3RawMatchParser:130] WARN - Unexpected Raw match line: 2 !  143.5  11.3   5.8e-46   8.1e-44     441     803 ..     410     763 ..     408     766 .. 0.81
2023-06-24 18:16:31,408 [amqEmbeddedWorkerJmsContainer-16] [uk.ac.ebi.interpro.scan.io.pirsf.hmmer3.PirsfHmmer3RawMatchParser:129] WARN - Couldn't parse the given raw match line, because it is of an unexpected format.
2023-06-24 18:16:31,408 [amqEmbeddedWorkerJmsContainer-16] [uk.ac.ebi.interpro.scan.io.pirsf.hmmer3.PirsfHmmer3RawMatchParser:130] WARN - Unexpected Raw match line: 3 !  277.4  40.2   2.1e-86   2.9e-84     707    1191 ..     636    1107 ..     633    1109 .] 0.90
2023-06-24 18:16:31,408 [amqEmbeddedWorkerJmsContainer-16] [uk.ac.ebi.interpro.scan.io.pirsf.hmmer3.PirsfHmmer3RawMatchParser:129] WARN - Couldn't parse the given raw match line, because it is of an unexpected format.
2023-06-24 18:16:31,408 [amqEmbeddedWorkerJmsContainer-16] [uk.ac.ebi.interpro.scan.io.pirsf.hmmer3.PirsfHmmer3RawMatchParser:130] WARN - Unexpected Raw match line: Query sequence: 78 matches PIRSF005047: Uncharacterised protein with DNA polymerase family X (POLIIIAc) and PHP domains
2023-06-24 18:16:31,408 [amqEmbeddedWorkerJmsContainer-16] [uk.ac.ebi.interpro.scan.io.pirsf.hmmer3.PirsfHmmer3RawMatchParser:129] WARN - Couldn't parse the given raw match line, because it is of an unexpected format.
2023-06-24 18:16:31,408 [amqEmbeddedWorkerJmsContainer-16] [uk.ac.ebi.interpro.scan.io.pirsf.hmmer3.PirsfHmmer3RawMatchParser:130] WARN - Unexpected Raw match line: #    score  bias  c-Evalue  i-Evalue hmmfrom  hmm to    alifrom  ali to    envfrom  env to     acc
2023-06-24 18:16:31,408 [amqEmbeddedWorkerJmsContainer-16] [uk.ac.ebi.interpro.scan.io.pirsf.hmmer3.PirsfHmmer3RawMatchParser:129] WARN - Couldn't parse the given raw match line, because it is of an unexpected format.
2023-06-24 18:16:31,408 [amqEmbeddedWorkerJmsContainer-16] [uk.ac.ebi.interpro.scan.io.pirsf.hmmer3.PirsfHmmer3RawMatchParser:130] WARN - Unexpected Raw match line: 1 !  672.4   7.5  2.5e-206    7e-204       2     569 ..       4     566 ..       3     569 .] 0.98
2023-06-24 18:16:31,408 [amqEmbeddedWorkerJmsContainer-16] [uk.ac.ebi.interpro.scan.io.pirsf.hmmer3.PirsfHmmer3RawMatchParser:129] WARN - Couldn't parse the given raw match line, because it is of an unexpected format.
2023-06-24 18:16:31,408 [amqEmbeddedWorkerJmsContainer-16] [uk.ac.ebi.interpro.scan.io.pirsf.hmmer3.PirsfHmmer3RawMatchParser:130] WARN - Unexpected Raw match line: Query sequence: 79 matches PIRSF001365: Dihydrodipicolinate synthase
2023-06-24 18:16:31,409 [amqEmbeddedWorkerJmsContainer-16] [uk.ac.ebi.interpro.scan.io.pirsf.hmmer3.PirsfHmmer3RawMatchParser:129] WARN - Couldn't parse the given raw match line, because it is of an unexpected format.
2023-06-24 18:16:31,409 [amqEmbeddedWorkerJmsContainer-16] [uk.ac.ebi.interpro.scan.io.pirsf.hmmer3.PirsfHmmer3RawMatchParser:130] WARN - Unexpected Raw match line: #    score  bias  c-Evalue  i-Evalue hmmfrom  hmm to    alifrom  ali to    envfrom  env to     acc
2023-06-24 18:16:31,409 [amqEmbeddedWorkerJmsContainer-16] [uk.ac.ebi.interpro.scan.io.pirsf.hmmer3.PirsfHmmer3RawMatchParser:129] WARN - Couldn't parse the given raw match line, because it is of an unexpected format.
2023-06-24 18:16:31,409 [amqEmbeddedWorkerJmsContainer-16] [uk.ac.ebi.interpro.scan.io.pirsf.hmmer3.PirsfHmmer3RawMatchParser:130] WARN - Unexpected Raw match line: 1 !  153.8   0.0   2.1e-49   5.8e-47      12     296 ..      11     290 ..       2     292 .] 0.95
2023-06-24 18:16:31,409 [amqEmbeddedWorkerJmsContainer-16] [uk.ac.ebi.interpro.scan.io.pirsf.hmmer3.PirsfHmmer3RawMatchParser:129] WARN - Couldn't parse the given raw match line, because it is of an unexpected format.
2023-06-24 18:16:31,409 [amqEmbeddedWorkerJmsContainer-16] [uk.ac.ebi.interpro.scan.io.pirsf.hmmer3.PirsfHmmer3RawMatchParser:130] WARN - Unexpected Raw match line: Query sequence: 91 matches PIRSF005669: Predicted histone acetyltransferase with radical SAM domain, Elp3 type
2023-06-24 18:16:31,409 [amqEmbeddedWorkerJmsContainer-16] [uk.ac.ebi.interpro.scan.io.pirsf.hmmer3.PirsfHmmer3RawMatchParser:129] WARN - Couldn't parse the given raw match line, because it is of an unexpected format.
2023-06-24 18:16:31,409 [amqEmbeddedWorkerJmsContainer-16] [uk.ac.ebi.interpro.scan.io.pirsf.hmmer3.PirsfHmmer3RawMatchParser:130] WARN - Unexpected Raw match line: #    score  bias  c-Evalue  i-Evalue hmmfrom  hmm to    alifrom  ali to    envfrom  env to     acc
2023-06-24 18:16:31,409 [amqEmbeddedWorkerJmsContainer-16] [uk.ac.ebi.interpro.scan.io.pirsf.hmmer3.PirsfHmmer3RawMatchParser:129] WARN - Couldn't parse the given raw match line, because it is of an unexpected format.
2023-06-24 18:16:31,409 [amqEmbeddedWorkerJmsContainer-16] [uk.ac.ebi.interpro.scan.io.pirsf.hmmer3.PirsfHmmer3RawMatchParser:130] WARN - Unexpected Raw match line: 1 !  656.7   2.3  1.3e-201  3.6e-199      13     541 ..      11     529 .]       2     529 .] 0.96
2023-06-24 18:25:03,351 [amqEmbeddedWorkerJmsContainer-9] [uk.ac.ebi.interpro.scan.management.model.implementations.WriteOutputStep:344] WARN - At write output completion, unable to delete temporary directory /projects/raw_lab/jobs/metacerberus/temp/str-c105.uncc.edu_20230624_181551067_jx0x
24/06/2023 18:25:03:439 100% done:  InterProScan analyses completed 

2023-06-24 18:25:03,941 [main] [uk.ac.ebi.interpro.scan.jms.master.AbstractMaster:259] WARN - Master process unable to delete temporary directory /projects/raw_lab/jobs/metacerberus/temp/str-c105.uncc.edu_20230624_181551067_jx0x
2023-06-24 18:25:03,948 [main] [uk.ac.ebi.interpro.scan.jms.main.Run:1778] WARN - At Run completion, unable to delete temporary directory /projects/raw_lab/jobs/metacerberus/temp/str-c105.uncc.edu_20230624_181551067_jx0x
2287.56user 190.01system 9:17.73elapsed 444%CPU (0avgtext+0avgdata 3592556maxresident)k
1861448inputs+1087864outputs (243major+15134552minor)pagefaults 0swaps

======================================================
End Time   : Sat Jun 24 18:25:04 EDT 2023
Run Time   : 559 seconds
======================================================

