=====================================================
Start Time  : Sat Jun 24 21:46:57 EDT 2023
Submit Dir  : /projects/raw_lab/jobs/metacerberus
Job ID/Name : 3997015 / InterProScan
Node List   : str-c97
Num Tasks   : 1 total [1 nodes @ 16 CPUs/node]
======================================================

Loading interproscan/5.60-92.0
  Loading requirement: anaconda3/2020.11 openjdk/15
======================================================
Running InterProScan On VIRAL/genomes/NC_034972.1.fna
======================================================
24/06/2023 21:46:58:794 Welcome to InterProScan-5.60-92.0
24/06/2023 21:46:58:795 Running InterProScan v5 in STANDALONE mode... on Linux
24/06/2023 21:47:02:750 RunID: str-c97.uncc.edu_20230624_214702576_17tx
24/06/2023 21:47:11:108 Loading file /projects/raw_lab/jobs/metacerberus/VIRAL/genomes/NC_034972.1.fna
24/06/2023 21:47:11:583 Running the following analyses:
[AntiFam-7.0,CDD-3.20,Coils-2.2.1,FunFam-4.3.0,Gene3D-4.3.0,Hamap-2021_04,MobiDBLite-2.0,PANTHER-17.0,Pfam-35.0,PIRSF-3.10,PIRSR-2021_05,PRINTS-42.0,ProSitePatterns-2022_01,ProSiteProfiles-2022_01,SFLD-4,SMART-7.1,SUPERFAMILY-1.75,TIGRFAM-15.0]
Pre-calculated match lookup service DISABLED.  Please wait for match calculations to complete...
2023-06-24 21:47:25,618 [amqEmbeddedWorkerJmsContainer-3] [uk.ac.ebi.interpro.scan.io.pirsf.hmmer3.PirsfHmmer3RawMatchParser:129] WARN - Couldn't parse the given raw match line, because it is of an unexpected format.
2023-06-24 21:47:25,622 [amqEmbeddedWorkerJmsContainer-3] [uk.ac.ebi.interpro.scan.io.pirsf.hmmer3.PirsfHmmer3RawMatchParser:130] WARN - Unexpected Raw match line: Query sequence: 8 matches PIRSF003888: Nucleocapsid protein, coronavirus type
2023-06-24 21:47:25,622 [amqEmbeddedWorkerJmsContainer-3] [uk.ac.ebi.interpro.scan.io.pirsf.hmmer3.PirsfHmmer3RawMatchParser:129] WARN - Couldn't parse the given raw match line, because it is of an unexpected format.
2023-06-24 21:47:25,622 [amqEmbeddedWorkerJmsContainer-3] [uk.ac.ebi.interpro.scan.io.pirsf.hmmer3.PirsfHmmer3RawMatchParser:130] WARN - Unexpected Raw match line: #    score  bias  c-Evalue  i-Evalue hmmfrom  hmm to    alifrom  ali to    envfrom  env to     acc
2023-06-24 21:47:25,622 [amqEmbeddedWorkerJmsContainer-3] [uk.ac.ebi.interpro.scan.io.pirsf.hmmer3.PirsfHmmer3RawMatchParser:129] WARN - Couldn't parse the given raw match line, because it is of an unexpected format.
2023-06-24 21:47:25,622 [amqEmbeddedWorkerJmsContainer-3] [uk.ac.ebi.interpro.scan.io.pirsf.hmmer3.PirsfHmmer3RawMatchParser:130] WARN - Unexpected Raw match line: 1 !  277.9  12.7   7.6e-87   2.5e-83       6     349 ..      10     355 ..       5     388 .. 0.83
2023-06-24 21:48:45,162 [amqEmbeddedWorkerJmsContainer-14] [uk.ac.ebi.interpro.scan.management.model.implementations.WriteOutputStep:344] WARN - At write output completion, unable to delete temporary directory /projects/raw_lab/jobs/metacerberus/temp/str-c97.uncc.edu_20230624_214702576_17tx
24/06/2023 21:48:45:231 100% done:  InterProScan analyses completed 

2023-06-24 21:48:45,734 [main] [uk.ac.ebi.interpro.scan.jms.master.AbstractMaster:259] WARN - Master process unable to delete temporary directory /projects/raw_lab/jobs/metacerberus/temp/str-c97.uncc.edu_20230624_214702576_17tx
2023-06-24 21:48:45,740 [main] [uk.ac.ebi.interpro.scan.jms.main.Run:1778] WARN - At Run completion, unable to delete temporary directory /projects/raw_lab/jobs/metacerberus/temp/str-c97.uncc.edu_20230624_214702576_17tx
272.71user 24.22system 1:47.62elapsed 275%CPU (0avgtext+0avgdata 3326760maxresident)k
499072inputs+491472outputs (35major+1963761minor)pagefaults 0swaps

======================================================
End Time   : Sat Jun 24 21:48:45 EDT 2023
Run Time   : 108 seconds
======================================================

