=====================================================
Start Time  : Sat Jun 24 21:35:33 EDT 2023
Submit Dir  : /projects/raw_lab/jobs/metacerberus
Job ID/Name : 3996855 / InterProScan
Node List   : str-c97
Num Tasks   : 1 total [1 nodes @ 16 CPUs/node]
======================================================

Loading interproscan/5.60-92.0
  Loading requirement: anaconda3/2020.11 openjdk/15
======================================================
Running InterProScan On VIRAL_ARCHAEA/MZ334495.fna
======================================================
24/06/2023 21:35:34:936 Welcome to InterProScan-5.60-92.0
24/06/2023 21:35:34:936 Running InterProScan v5 in STANDALONE mode... on Linux
24/06/2023 21:35:39:014 RunID: str-c97.uncc.edu_20230624_213538832_7oy0
24/06/2023 21:35:47:865 Loading file /projects/raw_lab/jobs/metacerberus/VIRAL_ARCHAEA/MZ334495.fna
24/06/2023 21:35:48:355 Running the following analyses:
[AntiFam-7.0,CDD-3.20,Coils-2.2.1,FunFam-4.3.0,Gene3D-4.3.0,Hamap-2021_04,MobiDBLite-2.0,PANTHER-17.0,Pfam-35.0,PIRSF-3.10,PIRSR-2021_05,PRINTS-42.0,ProSitePatterns-2022_01,ProSiteProfiles-2022_01,SFLD-4,SMART-7.1,SUPERFAMILY-1.75,TIGRFAM-15.0]
Pre-calculated match lookup service DISABLED.  Please wait for match calculations to complete...
2023-06-24 21:37:14,492 [amqEmbeddedWorkerJmsContainer-10] [uk.ac.ebi.interpro.scan.management.model.implementations.WriteOutputStep:344] WARN - At write output completion, unable to delete temporary directory /projects/raw_lab/jobs/metacerberus/temp/str-c97.uncc.edu_20230624_213538832_7oy0
24/06/2023 21:37:14:581 100% done:  InterProScan analyses completed 

2023-06-24 21:37:15,084 [main] [uk.ac.ebi.interpro.scan.jms.master.AbstractMaster:259] WARN - Master process unable to delete temporary directory /projects/raw_lab/jobs/metacerberus/temp/str-c97.uncc.edu_20230624_213538832_7oy0
2023-06-24 21:37:15,090 [main] [uk.ac.ebi.interpro.scan.jms.main.Run:1778] WARN - At Run completion, unable to delete temporary directory /projects/raw_lab/jobs/metacerberus/temp/str-c97.uncc.edu_20230624_213538832_7oy0
249.98user 23.48system 1:40.88elapsed 271%CPU (0avgtext+0avgdata 3300068maxresident)k
495352inputs+493072outputs (13major+1724236minor)pagefaults 0swaps

======================================================
End Time   : Sat Jun 24 21:37:15 EDT 2023
Run Time   : 102 seconds
======================================================

