=====================================================
Start Time  : Sat Jun 24 21:44:52 EDT 2023
Submit Dir  : /projects/raw_lab/jobs/metacerberus
Job ID/Name : 3996984 / InterProScan
Node List   : str-c88
Num Tasks   : 1 total [1 nodes @ 16 CPUs/node]
======================================================

Loading interproscan/5.60-92.0
  Loading requirement: anaconda3/2020.11 openjdk/15
======================================================
Running InterProScan On VIRAL/genomes/NC_003687.1.fna
======================================================
24/06/2023 21:44:53:734 Welcome to InterProScan-5.60-92.0
24/06/2023 21:44:53:735 Running InterProScan v5 in STANDALONE mode... on Linux
24/06/2023 21:44:58:010 RunID: str-c88.uncc.edu_20230624_214457829_fpth
24/06/2023 21:45:06:789 Loading file /projects/raw_lab/jobs/metacerberus/VIRAL/genomes/NC_003687.1.fna
24/06/2023 21:45:07:268 Running the following analyses:
[AntiFam-7.0,CDD-3.20,Coils-2.2.1,FunFam-4.3.0,Gene3D-4.3.0,Hamap-2021_04,MobiDBLite-2.0,PANTHER-17.0,Pfam-35.0,PIRSF-3.10,PIRSR-2021_05,PRINTS-42.0,ProSitePatterns-2022_01,ProSiteProfiles-2022_01,SFLD-4,SMART-7.1,SUPERFAMILY-1.75,TIGRFAM-15.0]
Pre-calculated match lookup service DISABLED.  Please wait for match calculations to complete...
2023-06-24 21:45:35,957 [amqEmbeddedWorkerJmsContainer-7] [uk.ac.ebi.interpro.scan.io.pirsf.hmmer3.PirsfHmmer3RawMatchParser:129] WARN - Couldn't parse the given raw match line, because it is of an unexpected format.
2023-06-24 21:45:35,962 [amqEmbeddedWorkerJmsContainer-7] [uk.ac.ebi.interpro.scan.io.pirsf.hmmer3.PirsfHmmer3RawMatchParser:130] WARN - Unexpected Raw match line: Query sequence: 8 matches PIRSF003817: Genome polyprotein, Flavivirus type
2023-06-24 21:45:35,962 [amqEmbeddedWorkerJmsContainer-7] [uk.ac.ebi.interpro.scan.io.pirsf.hmmer3.PirsfHmmer3RawMatchParser:129] WARN - Couldn't parse the given raw match line, because it is of an unexpected format.
2023-06-24 21:45:35,962 [amqEmbeddedWorkerJmsContainer-7] [uk.ac.ebi.interpro.scan.io.pirsf.hmmer3.PirsfHmmer3RawMatchParser:130] WARN - Unexpected Raw match line: #    score  bias  c-Evalue  i-Evalue hmmfrom  hmm to    alifrom  ali to    envfrom  env to     acc
2023-06-24 21:45:35,962 [amqEmbeddedWorkerJmsContainer-7] [uk.ac.ebi.interpro.scan.io.pirsf.hmmer3.PirsfHmmer3RawMatchParser:129] WARN - Couldn't parse the given raw match line, because it is of an unexpected format.
2023-06-24 21:45:35,962 [amqEmbeddedWorkerJmsContainer-7] [uk.ac.ebi.interpro.scan.io.pirsf.hmmer3.PirsfHmmer3RawMatchParser:130] WARN - Unexpected Raw match line: 1 ! 5333.7   0.0         0         0      17    3414 ..      22    3424 ..      12    3426 .. 0.99
2023-06-24 21:46:35,150 [amqEmbeddedWorkerJmsContainer-8] [uk.ac.ebi.interpro.scan.management.model.implementations.WriteOutputStep:344] WARN - At write output completion, unable to delete temporary directory /projects/raw_lab/jobs/metacerberus/temp/str-c88.uncc.edu_20230624_214457829_fpth
24/06/2023 21:46:35:183 100% done:  InterProScan analyses completed 

2023-06-24 21:46:35,686 [main] [uk.ac.ebi.interpro.scan.jms.master.AbstractMaster:259] WARN - Master process unable to delete temporary directory /projects/raw_lab/jobs/metacerberus/temp/str-c88.uncc.edu_20230624_214457829_fpth
2023-06-24 21:46:35,691 [main] [uk.ac.ebi.interpro.scan.jms.main.Run:1778] WARN - At Run completion, unable to delete temporary directory /projects/raw_lab/jobs/metacerberus/temp/str-c88.uncc.edu_20230624_214457829_fpth
236.47user 23.20system 1:42.69elapsed 252%CPU (0avgtext+0avgdata 3281524maxresident)k
523432inputs+484496outputs (14major+1714331minor)pagefaults 0swaps

======================================================
End Time   : Sat Jun 24 21:46:35 EDT 2023
Run Time   : 103 seconds
======================================================

