=====================================================
Start Time  : Sat Jun 24 19:45:43 EDT 2023
Submit Dir  : /projects/raw_lab/jobs/metacerberus
Job ID/Name : 3995359 / InterProScan
Node List   : str-c101
Num Tasks   : 1 total [1 nodes @ 16 CPUs/node]
======================================================

Loading interproscan/5.60-92.0
  Loading requirement: anaconda3/2020.11 openjdk/15
======================================================
Running InterProScan On GTDB-100/genomes/bacteria/GCF_900099645.1.fna
======================================================
24/06/2023 19:45:44:251 Welcome to InterProScan-5.60-92.0
24/06/2023 19:45:44:252 Running InterProScan v5 in STANDALONE mode... on Linux
24/06/2023 19:45:48:392 RunID: str-c101.uncc.edu_20230624_194548214_9pyy
24/06/2023 19:45:57:434 Loading file /projects/raw_lab/jobs/metacerberus/GTDB-100/genomes/bacteria/GCF_900099645.1.fna
24/06/2023 19:45:59:021 Running the following analyses:
[AntiFam-7.0,CDD-3.20,Coils-2.2.1,FunFam-4.3.0,Gene3D-4.3.0,Hamap-2021_04,MobiDBLite-2.0,PANTHER-17.0,Pfam-35.0,PIRSF-3.10,PIRSR-2021_05,PRINTS-42.0,ProSitePatterns-2022_01,ProSiteProfiles-2022_01,SFLD-4,SMART-7.1,SUPERFAMILY-1.75,TIGRFAM-15.0]
Pre-calculated match lookup service DISABLED.  Please wait for match calculations to complete...
2023-06-24 19:46:40,512 [amqEmbeddedWorkerJmsContainer-10] [uk.ac.ebi.interpro.scan.io.pirsf.hmmer3.PirsfHmmer3RawMatchParser:129] WARN - Couldn't parse the given raw match line, because it is of an unexpected format.
2023-06-24 19:46:40,516 [amqEmbeddedWorkerJmsContainer-10] [uk.ac.ebi.interpro.scan.io.pirsf.hmmer3.PirsfHmmer3RawMatchParser:130] WARN - Unexpected Raw match line: Query sequence: 111 matches PIRSF000197: Bifunctional proline dehydrogenase/Delta-1-pyrroline-5-carboxylate dehydrogenase (PutA)
2023-06-24 19:46:40,516 [amqEmbeddedWorkerJmsContainer-10] [uk.ac.ebi.interpro.scan.io.pirsf.hmmer3.PirsfHmmer3RawMatchParser:129] WARN - Couldn't parse the given raw match line, because it is of an unexpected format.
2023-06-24 19:46:40,516 [amqEmbeddedWorkerJmsContainer-10] [uk.ac.ebi.interpro.scan.io.pirsf.hmmer3.PirsfHmmer3RawMatchParser:130] WARN - Unexpected Raw match line: #    score  bias  c-Evalue  i-Evalue hmmfrom  hmm to    alifrom  ali to    envfrom  env to     acc
2023-06-24 19:46:40,517 [amqEmbeddedWorkerJmsContainer-10] [uk.ac.ebi.interpro.scan.io.pirsf.hmmer3.PirsfHmmer3RawMatchParser:129] WARN - Couldn't parse the given raw match line, because it is of an unexpected format.
2023-06-24 19:46:40,517 [amqEmbeddedWorkerJmsContainer-10] [uk.ac.ebi.interpro.scan.io.pirsf.hmmer3.PirsfHmmer3RawMatchParser:130] WARN - Unexpected Raw match line: 1 ! 1606.4   0.0         0         0       5    1211 ..     118    1353 ..     115    1355 .] 0.97
2023-06-24 19:46:40,517 [amqEmbeddedWorkerJmsContainer-10] [uk.ac.ebi.interpro.scan.io.pirsf.hmmer3.PirsfHmmer3RawMatchParser:129] WARN - Couldn't parse the given raw match line, because it is of an unexpected format.
2023-06-24 19:46:40,517 [amqEmbeddedWorkerJmsContainer-10] [uk.ac.ebi.interpro.scan.io.pirsf.hmmer3.PirsfHmmer3RawMatchParser:130] WARN - Unexpected Raw match line: Query sequence: 127 matches PIRSF002811: DNA primase
2023-06-24 19:46:40,517 [amqEmbeddedWorkerJmsContainer-10] [uk.ac.ebi.interpro.scan.io.pirsf.hmmer3.PirsfHmmer3RawMatchParser:129] WARN - Couldn't parse the given raw match line, because it is of an unexpected format.
2023-06-24 19:46:40,517 [amqEmbeddedWorkerJmsContainer-10] [uk.ac.ebi.interpro.scan.io.pirsf.hmmer3.PirsfHmmer3RawMatchParser:130] WARN - Unexpected Raw match line: #    score  bias  c-Evalue  i-Evalue hmmfrom  hmm to    alifrom  ali to    envfrom  env to     acc
2023-06-24 19:46:40,517 [amqEmbeddedWorkerJmsContainer-10] [uk.ac.ebi.interpro.scan.io.pirsf.hmmer3.PirsfHmmer3RawMatchParser:129] WARN - Couldn't parse the given raw match line, because it is of an unexpected format.
2023-06-24 19:46:40,517 [amqEmbeddedWorkerJmsContainer-10] [uk.ac.ebi.interpro.scan.io.pirsf.hmmer3.PirsfHmmer3RawMatchParser:130] WARN - Unexpected Raw match line: 1 !  512.6   0.0    1e-157  1.6e-155       4     579 ..       7     642 ..       4     651 .. 0.90
2023-06-24 19:46:40,517 [amqEmbeddedWorkerJmsContainer-10] [uk.ac.ebi.interpro.scan.io.pirsf.hmmer3.PirsfHmmer3RawMatchParser:129] WARN - Couldn't parse the given raw match line, because it is of an unexpected format.
2023-06-24 19:46:40,517 [amqEmbeddedWorkerJmsContainer-10] [uk.ac.ebi.interpro.scan.io.pirsf.hmmer3.PirsfHmmer3RawMatchParser:130] WARN - Unexpected Raw match line: Query sequence: 136 matches PIRSF006060: Amino acid transporter
2023-06-24 19:46:40,517 [amqEmbeddedWorkerJmsContainer-10] [uk.ac.ebi.interpro.scan.io.pirsf.hmmer3.PirsfHmmer3RawMatchParser:129] WARN - Couldn't parse the given raw match line, because it is of an unexpected format.
2023-06-24 19:46:40,517 [amqEmbeddedWorkerJmsContainer-10] [uk.ac.ebi.interpro.scan.io.pirsf.hmmer3.PirsfHmmer3RawMatchParser:130] WARN - Unexpected Raw match line: #    score  bias  c-Evalue  i-Evalue hmmfrom  hmm to    alifrom  ali to    envfrom  env to     acc
2023-06-24 19:46:40,517 [amqEmbeddedWorkerJmsContainer-10] [uk.ac.ebi.interpro.scan.io.pirsf.hmmer3.PirsfHmmer3RawMatchParser:129] WARN - Couldn't parse the given raw match line, because it is of an unexpected format.
2023-06-24 19:46:40,517 [amqEmbeddedWorkerJmsContainer-10] [uk.ac.ebi.interpro.scan.io.pirsf.hmmer3.PirsfHmmer3RawMatchParser:130] WARN - Unexpected Raw match line: 1 !  150.8  62.8   1.9e-48   3.1e-46      26     470 ..      33     460 ..      16     463 .. 0.92
2023-06-24 19:46:40,518 [amqEmbeddedWorkerJmsContainer-10] [uk.ac.ebi.interpro.scan.io.pirsf.hmmer3.PirsfHmmer3RawMatchParser:129] WARN - Couldn't parse the given raw match line, because it is of an unexpected format.
2023-06-24 19:46:40,518 [amqEmbeddedWorkerJmsContainer-10] [uk.ac.ebi.interpro.scan.io.pirsf.hmmer3.PirsfHmmer3RawMatchParser:130] WARN - Unexpected Raw match line: 2 !    5.5   7.0   0.00021     0.034     369     440 ..     424     492 ..     420     497 .] 0.82
2023-06-24 19:46:40,518 [amqEmbeddedWorkerJmsContainer-10] [uk.ac.ebi.interpro.scan.io.pirsf.hmmer3.PirsfHmmer3RawMatchParser:129] WARN - Couldn't parse the given raw match line, because it is of an unexpected format.
2023-06-24 19:46:40,518 [amqEmbeddedWorkerJmsContainer-10] [uk.ac.ebi.interpro.scan.io.pirsf.hmmer3.PirsfHmmer3RawMatchParser:130] WARN - Unexpected Raw match line: Query sequence: 144 matches PIRSF038980: Bacterial alpha2-macroglobulin homolog
2023-06-24 19:46:40,518 [amqEmbeddedWorkerJmsContainer-10] [uk.ac.ebi.interpro.scan.io.pirsf.hmmer3.PirsfHmmer3RawMatchParser:129] WARN - Couldn't parse the given raw match line, because it is of an unexpected format.
2023-06-24 19:46:40,518 [amqEmbeddedWorkerJmsContainer-10] [uk.ac.ebi.interpro.scan.io.pirsf.hmmer3.PirsfHmmer3RawMatchParser:130] WARN - Unexpected Raw match line: #    score  bias  c-Evalue  i-Evalue hmmfrom  hmm to    alifrom  ali to    envfrom  env to     acc
2023-06-24 19:46:40,518 [amqEmbeddedWorkerJmsContainer-10] [uk.ac.ebi.interpro.scan.io.pirsf.hmmer3.PirsfHmmer3RawMatchParser:129] WARN - Couldn't parse the given raw match line, because it is of an unexpected format.
2023-06-24 19:46:40,518 [amqEmbeddedWorkerJmsContainer-10] [uk.ac.ebi.interpro.scan.io.pirsf.hmmer3.PirsfHmmer3RawMatchParser:130] WARN - Unexpected Raw match line: 1 ! 1815.7   2.5         0         0      31    1636 ..      39    1658 ..      18    1661 .] 0.96
2023-06-24 19:46:40,518 [amqEmbeddedWorkerJmsContainer-10] [uk.ac.ebi.interpro.scan.io.pirsf.hmmer3.PirsfHmmer3RawMatchParser:129] WARN - Couldn't parse the given raw match line, because it is of an unexpected format.
2023-06-24 19:46:40,518 [amqEmbeddedWorkerJmsContainer-10] [uk.ac.ebi.interpro.scan.io.pirsf.hmmer3.PirsfHmmer3RawMatchParser:130] WARN - Unexpected Raw match line: Query sequence: 154 matches PIRSF000719: Isocitrate dehydrogenase kinase/phosphatase AceK
2023-06-24 19:46:40,518 [amqEmbeddedWorkerJmsContainer-10] [uk.ac.ebi.interpro.scan.io.pirsf.hmmer3.PirsfHmmer3RawMatchParser:129] WARN - Couldn't parse the given raw match line, because it is of an unexpected format.
2023-06-24 19:46:40,518 [amqEmbeddedWorkerJmsContainer-10] [uk.ac.ebi.interpro.scan.io.pirsf.hmmer3.PirsfHmmer3RawMatchParser:130] WARN - Unexpected Raw match line: #    score  bias  c-Evalue  i-Evalue hmmfrom  hmm to    alifrom  ali to    envfrom  env to     acc
2023-06-24 19:46:40,518 [amqEmbeddedWorkerJmsContainer-10] [uk.ac.ebi.interpro.scan.io.pirsf.hmmer3.PirsfHmmer3RawMatchParser:129] WARN - Couldn't parse the given raw match line, because it is of an unexpected format.
2023-06-24 19:46:40,518 [amqEmbeddedWorkerJmsContainer-10] [uk.ac.ebi.interpro.scan.io.pirsf.hmmer3.PirsfHmmer3RawMatchParser:130] WARN - Unexpected Raw match line: 1 !  920.9   1.0  1.4e-281  2.3e-279       3     571 ..      33     602 ..      31     606 .] 0.99
2023-06-24 19:46:40,518 [amqEmbeddedWorkerJmsContainer-10] [uk.ac.ebi.interpro.scan.io.pirsf.hmmer3.PirsfHmmer3RawMatchParser:129] WARN - Couldn't parse the given raw match line, because it is of an unexpected format.
2023-06-24 19:46:40,519 [amqEmbeddedWorkerJmsContainer-10] [uk.ac.ebi.interpro.scan.io.pirsf.hmmer3.PirsfHmmer3RawMatchParser:130] WARN - Unexpected Raw match line: Query sequence: 36 matches PIRSF036761: Predicted glutamate dehydrogenase, Mll4104 type
2023-06-24 19:46:40,519 [amqEmbeddedWorkerJmsContainer-10] [uk.ac.ebi.interpro.scan.io.pirsf.hmmer3.PirsfHmmer3RawMatchParser:129] WARN - Couldn't parse the given raw match line, because it is of an unexpected format.
2023-06-24 19:46:40,519 [amqEmbeddedWorkerJmsContainer-10] [uk.ac.ebi.interpro.scan.io.pirsf.hmmer3.PirsfHmmer3RawMatchParser:130] WARN - Unexpected Raw match line: #    score  bias  c-Evalue  i-Evalue hmmfrom  hmm to    alifrom  ali to    envfrom  env to     acc
2023-06-24 19:46:40,519 [amqEmbeddedWorkerJmsContainer-10] [uk.ac.ebi.interpro.scan.io.pirsf.hmmer3.PirsfHmmer3RawMatchParser:129] WARN - Couldn't parse the given raw match line, because it is of an unexpected format.
2023-06-24 19:46:40,519 [amqEmbeddedWorkerJmsContainer-10] [uk.ac.ebi.interpro.scan.io.pirsf.hmmer3.PirsfHmmer3RawMatchParser:130] WARN - Unexpected Raw match line: 1 ! 2276.8   0.0         0         0       4    1610 ..      12    1619 ..       9    1620 .] 0.99
2023-06-24 19:46:40,519 [amqEmbeddedWorkerJmsContainer-10] [uk.ac.ebi.interpro.scan.io.pirsf.hmmer3.PirsfHmmer3RawMatchParser:129] WARN - Couldn't parse the given raw match line, because it is of an unexpected format.
2023-06-24 19:46:40,519 [amqEmbeddedWorkerJmsContainer-10] [uk.ac.ebi.interpro.scan.io.pirsf.hmmer3.PirsfHmmer3RawMatchParser:130] WARN - Unexpected Raw match line: Query sequence: 6 matches PIRSF038927: Monofunctional catalase, clade 2 type
2023-06-24 19:46:40,519 [amqEmbeddedWorkerJmsContainer-10] [uk.ac.ebi.interpro.scan.io.pirsf.hmmer3.PirsfHmmer3RawMatchParser:129] WARN - Couldn't parse the given raw match line, because it is of an unexpected format.
2023-06-24 19:46:40,519 [amqEmbeddedWorkerJmsContainer-10] [uk.ac.ebi.interpro.scan.io.pirsf.hmmer3.PirsfHmmer3RawMatchParser:130] WARN - Unexpected Raw match line: #    score  bias  c-Evalue  i-Evalue hmmfrom  hmm to    alifrom  ali to    envfrom  env to     acc
2023-06-24 19:46:40,519 [amqEmbeddedWorkerJmsContainer-10] [uk.ac.ebi.interpro.scan.io.pirsf.hmmer3.PirsfHmmer3RawMatchParser:129] WARN - Couldn't parse the given raw match line, because it is of an unexpected format.
2023-06-24 19:46:40,519 [amqEmbeddedWorkerJmsContainer-10] [uk.ac.ebi.interpro.scan.io.pirsf.hmmer3.PirsfHmmer3RawMatchParser:130] WARN - Unexpected Raw match line: 1 ! 1072.1   0.0         0         0      12     695 ..      80     772 ..      59     776 .. 0.97
2023-06-24 19:46:40,519 [amqEmbeddedWorkerJmsContainer-10] [uk.ac.ebi.interpro.scan.io.pirsf.hmmer3.PirsfHmmer3RawMatchParser:129] WARN - Couldn't parse the given raw match line, because it is of an unexpected format.
2023-06-24 19:46:40,519 [amqEmbeddedWorkerJmsContainer-10] [uk.ac.ebi.interpro.scan.io.pirsf.hmmer3.PirsfHmmer3RawMatchParser:130] WARN - Unexpected Raw match line: Query sequence: 66 matches PIRSF006356: Arginine deiminase ArcA
2023-06-24 19:46:40,519 [amqEmbeddedWorkerJmsContainer-10] [uk.ac.ebi.interpro.scan.io.pirsf.hmmer3.PirsfHmmer3RawMatchParser:129] WARN - Couldn't parse the given raw match line, because it is of an unexpected format.
2023-06-24 19:46:40,519 [amqEmbeddedWorkerJmsContainer-10] [uk.ac.ebi.interpro.scan.io.pirsf.hmmer3.PirsfHmmer3RawMatchParser:130] WARN - Unexpected Raw match line: #    score  bias  c-Evalue  i-Evalue hmmfrom  hmm to    alifrom  ali to    envfrom  env to     acc
2023-06-24 19:46:40,520 [amqEmbeddedWorkerJmsContainer-10] [uk.ac.ebi.interpro.scan.io.pirsf.hmmer3.PirsfHmmer3RawMatchParser:129] WARN - Couldn't parse the given raw match line, because it is of an unexpected format.
2023-06-24 19:46:40,520 [amqEmbeddedWorkerJmsContainer-10] [uk.ac.ebi.interpro.scan.io.pirsf.hmmer3.PirsfHmmer3RawMatchParser:130] WARN - Unexpected Raw match line: 1 !  458.5   0.0  1.1e-141  1.8e-139       9     418 ..      17     421 ..      10     422 .] 0.96
2023-06-24 19:46:40,520 [amqEmbeddedWorkerJmsContainer-10] [uk.ac.ebi.interpro.scan.io.pirsf.hmmer3.PirsfHmmer3RawMatchParser:129] WARN - Couldn't parse the given raw match line, because it is of an unexpected format.
2023-06-24 19:46:40,520 [amqEmbeddedWorkerJmsContainer-10] [uk.ac.ebi.interpro.scan.io.pirsf.hmmer3.PirsfHmmer3RawMatchParser:130] WARN - Unexpected Raw match line: Query sequence: 68 matches PIRSF000549: Serine-protein kinase, PrkA type
2023-06-24 19:46:40,520 [amqEmbeddedWorkerJmsContainer-10] [uk.ac.ebi.interpro.scan.io.pirsf.hmmer3.PirsfHmmer3RawMatchParser:129] WARN - Couldn't parse the given raw match line, because it is of an unexpected format.
2023-06-24 19:46:40,520 [amqEmbeddedWorkerJmsContainer-10] [uk.ac.ebi.interpro.scan.io.pirsf.hmmer3.PirsfHmmer3RawMatchParser:130] WARN - Unexpected Raw match line: #    score  bias  c-Evalue  i-Evalue hmmfrom  hmm to    alifrom  ali to    envfrom  env to     acc
2023-06-24 19:46:40,520 [amqEmbeddedWorkerJmsContainer-10] [uk.ac.ebi.interpro.scan.io.pirsf.hmmer3.PirsfHmmer3RawMatchParser:129] WARN - Couldn't parse the given raw match line, because it is of an unexpected format.
2023-06-24 19:46:40,520 [amqEmbeddedWorkerJmsContainer-10] [uk.ac.ebi.interpro.scan.io.pirsf.hmmer3.PirsfHmmer3RawMatchParser:130] WARN - Unexpected Raw match line: 1 !  949.3   1.7  5.3e-290  8.5e-288       6     644 ..      35     673 ..      31     674 .] 0.99
2023-06-24 19:46:40,520 [amqEmbeddedWorkerJmsContainer-10] [uk.ac.ebi.interpro.scan.io.pirsf.hmmer3.PirsfHmmer3RawMatchParser:129] WARN - Couldn't parse the given raw match line, because it is of an unexpected format.
2023-06-24 19:46:40,520 [amqEmbeddedWorkerJmsContainer-10] [uk.ac.ebi.interpro.scan.io.pirsf.hmmer3.PirsfHmmer3RawMatchParser:130] WARN - Unexpected Raw match line: Query sequence: 7 matches PIRSF000980: Exodeoxyribonuclease V, gamma subunit
2023-06-24 19:46:40,520 [amqEmbeddedWorkerJmsContainer-10] [uk.ac.ebi.interpro.scan.io.pirsf.hmmer3.PirsfHmmer3RawMatchParser:129] WARN - Couldn't parse the given raw match line, because it is of an unexpected format.
2023-06-24 19:46:40,520 [amqEmbeddedWorkerJmsContainer-10] [uk.ac.ebi.interpro.scan.io.pirsf.hmmer3.PirsfHmmer3RawMatchParser:130] WARN - Unexpected Raw match line: #    score  bias  c-Evalue  i-Evalue hmmfrom  hmm to    alifrom  ali to    envfrom  env to     acc
2023-06-24 19:46:40,520 [amqEmbeddedWorkerJmsContainer-10] [uk.ac.ebi.interpro.scan.io.pirsf.hmmer3.PirsfHmmer3RawMatchParser:129] WARN - Couldn't parse the given raw match line, because it is of an unexpected format.
2023-06-24 19:46:40,520 [amqEmbeddedWorkerJmsContainer-10] [uk.ac.ebi.interpro.scan.io.pirsf.hmmer3.PirsfHmmer3RawMatchParser:130] WARN - Unexpected Raw match line: 1 ! 1045.2   9.4         0         0       1    1108 [.       7    1092 ..       7    1095 .] 0.92
2023-06-24 19:46:40,520 [amqEmbeddedWorkerJmsContainer-10] [uk.ac.ebi.interpro.scan.io.pirsf.hmmer3.PirsfHmmer3RawMatchParser:129] WARN - Couldn't parse the given raw match line, because it is of an unexpected format.
2023-06-24 19:46:40,521 [amqEmbeddedWorkerJmsContainer-10] [uk.ac.ebi.interpro.scan.io.pirsf.hmmer3.PirsfHmmer3RawMatchParser:130] WARN - Unexpected Raw match line: Query sequence: 78 matches PIRSF036687: Aconitase B (aconitate hydratase 2)
2023-06-24 19:46:40,521 [amqEmbeddedWorkerJmsContainer-10] [uk.ac.ebi.interpro.scan.io.pirsf.hmmer3.PirsfHmmer3RawMatchParser:129] WARN - Couldn't parse the given raw match line, because it is of an unexpected format.
2023-06-24 19:46:40,521 [amqEmbeddedWorkerJmsContainer-10] [uk.ac.ebi.interpro.scan.io.pirsf.hmmer3.PirsfHmmer3RawMatchParser:130] WARN - Unexpected Raw match line: #    score  bias  c-Evalue  i-Evalue hmmfrom  hmm to    alifrom  ali to    envfrom  env to     acc
2023-06-24 19:46:40,521 [amqEmbeddedWorkerJmsContainer-10] [uk.ac.ebi.interpro.scan.io.pirsf.hmmer3.PirsfHmmer3RawMatchParser:129] WARN - Couldn't parse the given raw match line, because it is of an unexpected format.
2023-06-24 19:46:40,521 [amqEmbeddedWorkerJmsContainer-10] [uk.ac.ebi.interpro.scan.io.pirsf.hmmer3.PirsfHmmer3RawMatchParser:130] WARN - Unexpected Raw match line: 1 ! 1491.9   0.0         0         0       3     859 ..      31     890 ..      29     892 .. 0.99
2023-06-24 19:46:40,521 [amqEmbeddedWorkerJmsContainer-10] [uk.ac.ebi.interpro.scan.io.pirsf.hmmer3.PirsfHmmer3RawMatchParser:129] WARN - Couldn't parse the given raw match line, because it is of an unexpected format.
2023-06-24 19:46:40,521 [amqEmbeddedWorkerJmsContainer-10] [uk.ac.ebi.interpro.scan.io.pirsf.hmmer3.PirsfHmmer3RawMatchParser:130] WARN - Unexpected Raw match line: Query sequence: 96 matches PIRSF000381: Cobalamin-dependent methionine synthase
2023-06-24 19:46:40,521 [amqEmbeddedWorkerJmsContainer-10] [uk.ac.ebi.interpro.scan.io.pirsf.hmmer3.PirsfHmmer3RawMatchParser:129] WARN - Couldn't parse the given raw match line, because it is of an unexpected format.
2023-06-24 19:46:40,521 [amqEmbeddedWorkerJmsContainer-10] [uk.ac.ebi.interpro.scan.io.pirsf.hmmer3.PirsfHmmer3RawMatchParser:130] WARN - Unexpected Raw match line: #    score  bias  c-Evalue  i-Evalue hmmfrom  hmm to    alifrom  ali to    envfrom  env to     acc
2023-06-24 19:46:40,521 [amqEmbeddedWorkerJmsContainer-10] [uk.ac.ebi.interpro.scan.io.pirsf.hmmer3.PirsfHmmer3RawMatchParser:129] WARN - Couldn't parse the given raw match line, because it is of an unexpected format.
2023-06-24 19:46:40,521 [amqEmbeddedWorkerJmsContainer-10] [uk.ac.ebi.interpro.scan.io.pirsf.hmmer3.PirsfHmmer3RawMatchParser:130] WARN - Unexpected Raw match line: 1 ! 1755.6   0.0         0         0       6    1200 .]      11    1207 ..       6    1207 .. 0.98
24/06/2023 19:52:55:856 100% done:  InterProScan analyses completed 

2023-06-24 19:52:56,359 [main] [uk.ac.ebi.interpro.scan.jms.master.AbstractMaster:259] WARN - Master process unable to delete temporary directory /projects/raw_lab/jobs/metacerberus/temp/str-c101.uncc.edu_20230624_194548214_9pyy
1589.73user 121.88system 7:12.84elapsed 395%CPU (0avgtext+0avgdata 3564960maxresident)k
1575024inputs+1353008outputs (409major+9189403minor)pagefaults 0swaps

======================================================
End Time   : Sat Jun 24 19:52:56 EDT 2023
Run Time   : 433 seconds
======================================================

