=====================================================
Start Time  : Sat Jul  1 17:14:34 EDT 2023
Submit Dir  : /projects/raw_lab/jobs/metacerberus
Job ID/Name : 4128795 / PROKKA
Node List   : str-c112
Num Tasks   : 1 total [1 nodes @ 16 CPUs/node]
======================================================

Loading prokka/1.14.6
  Loading requirement: anaconda3/2022.10
======================================================
Running PROKKA On CPR/SAMN03319979.fna
======================================================
Viruses
[17:14:36] This is prokka 1.14.6
[17:14:36] Written by Torsten Seemann <torsten.seemann@gmail.com>
[17:14:36] Homepage is https://github.com/tseemann/prokka
[17:14:36] Local time is Sat Jul  1 17:14:36 2023
[17:14:36] You are jlfiguer
[17:14:36] Operating system is linux
[17:14:36] You have BioPerl 1.7.8
Argument "1.7.8" isn't numeric in numeric lt (<) at /apps/pkg/anaconda3/2022.10/envs/prokka-1.14.6/bin/prokka line 259.
[17:14:36] System has 16 cores.
[17:14:36] Will use maximum of 16 cores.
[17:14:36] Annotating as >>> Viruses <<<
[17:14:36] Generating locus_tag from 'CPR/SAMN03319979.fna' contents.
[17:14:36] Setting --locustag EDKBMDGF from MD5 ed4b6d0f39b3aa013390b9968fec6746
[17:14:36] Creating new output folder: results/PROKKA/CPR/SAMN03319979
[17:14:36] Running: mkdir -p results\/PROKKA\/CPR\/SAMN03319979
[17:14:36] Using filename prefix: SAMN03319979.XXX
[17:14:36] Setting HMMER_NCPU=1
[17:14:36] Writing log to: results/PROKKA/CPR/SAMN03319979/SAMN03319979.log
[17:14:36] Command: /apps/pkg/anaconda3/2022.10/envs/prokka-1.14.6/bin/prokka --prefix SAMN03319979 --outdir results/PROKKA/CPR/SAMN03319979 --kingdom Viruses --cpus 16 CPR/SAMN03319979.fna
[17:14:36] Appending to PATH: /apps/pkg/anaconda3/2022.10/envs/prokka-1.14.6/bin
[17:14:36] Looking for 'aragorn' - found /apps/pkg/anaconda3/2022.10/envs/prokka-1.14.6/bin/aragorn
[17:14:36] Determined aragorn version is 001002 from 'ARAGORN v1.2.41 Dean Laslett'
[17:14:36] Looking for 'barrnap' - found /apps/pkg/anaconda3/2022.10/envs/prokka-1.14.6/bin/barrnap
[17:14:36] Determined barrnap version is 000009 from 'barrnap 0.9'
[17:14:36] Looking for 'blastp' - found /apps/pkg/anaconda3/2022.10/envs/prokka-1.14.6/bin/blastp
[17:14:36] Determined blastp version is 002013 from 'blastp: 2.13.0+'
[17:14:36] Looking for 'cmpress' - found /apps/pkg/anaconda3/2022.10/envs/prokka-1.14.6/bin/cmpress
[17:14:36] Determined cmpress version is 001001 from '# INFERNAL 1.1.4 (Dec 2020)'
[17:14:36] Looking for 'cmscan' - found /apps/pkg/anaconda3/2022.10/envs/prokka-1.14.6/bin/cmscan
[17:14:36] Determined cmscan version is 001001 from '# INFERNAL 1.1.4 (Dec 2020)'
[17:14:36] Looking for 'egrep' - found /usr/bin/egrep
[17:14:36] Looking for 'find' - found /usr/bin/find
[17:14:36] Looking for 'grep' - found /usr/bin/grep
[17:14:36] Looking for 'hmmpress' - found /apps/pkg/anaconda3/2022.10/envs/prokka-1.14.6/bin/hmmpress
[17:14:36] Determined hmmpress version is 003003 from '# HMMER 3.3.2 (Nov 2020); http://hmmer.org/'
[17:14:36] Looking for 'hmmscan' - found /apps/pkg/anaconda3/2022.10/envs/prokka-1.14.6/bin/hmmscan
[17:14:36] Determined hmmscan version is 003003 from '# HMMER 3.3.2 (Nov 2020); http://hmmer.org/'
[17:14:36] Looking for 'java' - found /apps/pkg/anaconda3/2022.10/envs/prokka-1.14.6/bin/java
[17:14:36] Looking for 'makeblastdb' - found /apps/pkg/anaconda3/2022.10/envs/prokka-1.14.6/bin/makeblastdb
[17:14:36] Determined makeblastdb version is 002013 from 'makeblastdb: 2.13.0+'
[17:14:36] Looking for 'minced' - found /apps/pkg/anaconda3/2022.10/envs/prokka-1.14.6/bin/minced
[17:14:36] Determined minced version is 004002 from 'minced 0.4.2'
[17:14:36] Looking for 'parallel' - found /apps/pkg/anaconda3/2022.10/envs/prokka-1.14.6/bin/parallel
[17:14:36] Determined parallel version is 20230122 from 'GNU parallel 20230122'
[17:14:36] Looking for 'prodigal' - found /apps/pkg/anaconda3/2022.10/envs/prokka-1.14.6/bin/prodigal
[17:14:36] Determined prodigal version is 002006 from 'Prodigal V2.6.3: February, 2016'
[17:14:36] Looking for 'prokka-genbank_to_fasta_db' - found /apps/pkg/anaconda3/2022.10/envs/prokka-1.14.6/bin/prokka-genbank_to_fasta_db
[17:14:36] Looking for 'sed' - found /usr/bin/sed
[17:14:36] Looking for 'tbl2asn' - found /apps/pkg/anaconda3/2022.10/envs/prokka-1.14.6/bin/tbl2asn
[17:14:36] Determined tbl2asn version is 025007 from 'tbl2asn 25.7   arguments:'
[17:14:36] Using genetic code table 1.
[17:14:36] Loading and checking input file: CPR/SAMN03319979.fna
[17:14:36] Wrote 57 contigs totalling 803024 bp.
[17:14:36] Predicting tRNAs and tmRNAs
[17:14:36] Running: aragorn -l -gc1  -w results\/PROKKA\/CPR\/SAMN03319979\/SAMN03319979\.fna
[17:14:37] 1 tRNA-Val [34204,34280] 35 (tac)
[17:14:37] 1 tRNA-Lys [29870,29943] 34 (ttt)
[17:14:37] 2 tRNA-Ser [30087,30171] 36 (gct)
[17:14:37] 1 tRNA-Met c[13141,13213] 33 (cat)
[17:14:37] 1 tRNA-Leu c[9941,10027] 35 (caa)
[17:14:37] 1 tRNA-Val [9519,9593] 33 (gac)
[17:14:37] 2 tRNA-Leu c[12220,12305] 34 (taa)
[17:14:37] 3 tRNA-Arg c[13078,13152] 34 (tct)
[17:14:37] 4 tRNA-Arg c[13179,13253] 34 (tcg)
[17:14:37] 5 tRNA-His c[13255,13329] 33 (gtg)
[17:14:37] 6 tRNA-Lys c[13332,13408] 35 (ctt)
[17:14:37] 1 tRNA-Met c[8008,8084] 35 (cat)
[17:14:37] 1 tmRNA [1018,1364] 82,129 ANFNVAAPSRALAYA*
[17:14:37] Found 13 tRNAs
[17:14:37] Disabling rRNA search: --kingdom=Viruses or --norrna=0
[17:14:37] Skipping ncRNA search, enable with --rfam if desired.
[17:14:37] Total of 12 tRNA + rRNA features
[17:14:37] Searching for CRISPR repeats
[17:14:37] Found 0 CRISPRs
[17:14:37] Predicting coding sequences
[17:14:37] Contigs total 803024 bp, so using single mode
[17:14:37] Running: prodigal -i results\/PROKKA\/CPR\/SAMN03319979\/SAMN03319979\.fna -c -m -g 1 -p single -f sco -q
[17:14:38] Excluding CDS which overlaps existing RNA (tRNA) at LCQD01000007.1:12393..13226 on - strand
[17:14:38] Excluding CDS which overlaps existing RNA (tRNA) at LCQD01000015.1:8955..9968 on - strand
[17:14:38] Excluding CDS which overlaps existing RNA (tRNA) at LCQD01000032.1:13045..13332 on - strand
[17:14:38] Found 1092 CDS
[17:14:38] Connecting features back to sequences
[17:14:38] Not using genus-specific database. Try --usegenus to enable it.
[17:14:38] Annotating CDS, please be patient.
[17:14:38] Will use 16 CPUs for similarity searching.
[17:14:38] There are still 1092 unannotated CDS left (started with 1092)
[17:14:38] Will use blast to search against /apps/pkg/anaconda3/2022.10/envs/prokka-1.14.6/db/kingdom/Viruses/sprot with 16 CPUs
[17:14:38] Running: cat results\/PROKKA\/CPR\/SAMN03319979\/SAMN03319979\.sprot\.tmp\.1485526\.faa | parallel --gnu --plain -j 16 --block 7255 --recstart '>' --pipe blastp -query - -db /apps/pkg/anaconda3/2022.10/envs/prokka-1.14.6/db/kingdom/Viruses/sprot -evalue 1e-09 -qcov_hsp_perc 80 -num_threads 1 -num_descriptions 1 -num_alignments 1 -seg no > results\/PROKKA\/CPR\/SAMN03319979\/SAMN03319979\.sprot\.tmp\.1485526\.blast 2> /dev/null
[17:14:40] Modify product: Probable flavin-dependent thymidylate synthase => putative flavin-dependent thymidylate synthase
[17:14:40] Cleaned 1 /product names
[17:14:40] Deleting unwanted file: results/PROKKA/CPR/SAMN03319979/SAMN03319979.sprot.tmp.1485526.faa
[17:14:40] Deleting unwanted file: results/PROKKA/CPR/SAMN03319979/SAMN03319979.sprot.tmp.1485526.blast
[17:14:40] Labelling remaining 1080 proteins as 'hypothetical protein'
[17:14:40] Found 6 unique /gene codes.
[17:14:40] Fixed 0 colliding /gene names.
[17:14:40] Adding /locus_tag identifiers
[17:14:40] Assigned 1105 locus_tags to CDS and RNA features.
[17:14:40] Writing outputs to results/PROKKA/CPR/SAMN03319979/
[17:14:41] Generating annotation statistics file
[17:14:41] Generating Genbank and Sequin files
[17:14:41] Running: tbl2asn -V b -a r10k -l paired-ends -M n -N 1 -y 'Annotated using prokka 1.14.6 from https://github.com/tseemann/prokka' -Z results\/PROKKA\/CPR\/SAMN03319979\/SAMN03319979\.err -i results\/PROKKA\/CPR\/SAMN03319979\/SAMN03319979\.fsa 2> /dev/null
[tbl2asn-forever] Found Prokka input, correcting dates in .gbf|.sqn files.
[tbl2asn-forever] Correcting dates in results/PROKKA/CPR/SAMN03319979/SAMN03319979.gbf
[tbl2asn-forever] Correcting dates in results/PROKKA/CPR/SAMN03319979/SAMN03319979.sqn
[tbl2asn-forever] Dates changed from 01-JAN-2019 to 01-JUL-2023
[17:14:43] Deleting unwanted file: results/PROKKA/CPR/SAMN03319979/errorsummary.val
[17:14:43] Deleting unwanted file: results/PROKKA/CPR/SAMN03319979/SAMN03319979.dr
[17:14:43] Deleting unwanted file: results/PROKKA/CPR/SAMN03319979/SAMN03319979.fixedproducts
[17:14:43] Deleting unwanted file: results/PROKKA/CPR/SAMN03319979/SAMN03319979.ecn
[17:14:43] Deleting unwanted file: results/PROKKA/CPR/SAMN03319979/SAMN03319979.val
[17:14:43] Repairing broken .GBK output that tbl2asn produces...
[17:14:43] Running: sed 's/COORDINATES: profile/COORDINATES:profile/' < results\/PROKKA\/CPR\/SAMN03319979\/SAMN03319979\.gbf > results\/PROKKA\/CPR\/SAMN03319979\/SAMN03319979\.gbk
[17:14:43] Deleting unwanted file: results/PROKKA/CPR/SAMN03319979/SAMN03319979.gbf
[17:14:43] Output files:
[17:14:43] results/PROKKA/CPR/SAMN03319979/SAMN03319979.log
[17:14:43] results/PROKKA/CPR/SAMN03319979/SAMN03319979.fna
[17:14:43] results/PROKKA/CPR/SAMN03319979/SAMN03319979.gff
[17:14:43] results/PROKKA/CPR/SAMN03319979/SAMN03319979.faa
[17:14:43] results/PROKKA/CPR/SAMN03319979/SAMN03319979.ffn
[17:14:43] results/PROKKA/CPR/SAMN03319979/SAMN03319979.tbl
[17:14:43] results/PROKKA/CPR/SAMN03319979/SAMN03319979.fsa
[17:14:43] results/PROKKA/CPR/SAMN03319979/SAMN03319979.tsv
[17:14:43] results/PROKKA/CPR/SAMN03319979/SAMN03319979.txt
[17:14:43] results/PROKKA/CPR/SAMN03319979/SAMN03319979.err
[17:14:43] results/PROKKA/CPR/SAMN03319979/SAMN03319979.sqn
[17:14:43] results/PROKKA/CPR/SAMN03319979/SAMN03319979.gbk
[17:14:43] Annotation finished successfully.
[17:14:43] Walltime used: 0.12 minutes
[17:14:43] If you use this result please cite the Prokka paper:
[17:14:43] Seemann T (2014) Prokka: rapid prokaryotic genome annotation. Bioinformatics. 30(14):2068-9.
[17:14:43] Type 'prokka --citation' for more details.
[17:14:43] Share and enjoy!
20.31user 0.75system 0:06.70elapsed 314%CPU (0avgtext+0avgdata 111496maxresident)k
15120inputs+45040outputs (0major+246091minor)pagefaults 0swaps

======================================================
End Time   : Sat Jul  1 17:14:43 EDT 2023
Run Time   : 9 seconds
======================================================

