=====================================================
Start Time  : Sat Jun 24 18:48:30 EDT 2023
Submit Dir  : /projects/raw_lab/jobs/metacerberus
Job ID/Name : 3995255 / InterProScan
Node List   : str-c102
Num Tasks   : 1 total [1 nodes @ 16 CPUs/node]
======================================================

Loading interproscan/5.60-92.0
  Loading requirement: anaconda3/2020.11 openjdk/15
======================================================
Running InterProScan On GTDB-100/genomes/bacteria/GCA_022793875.1.fna
======================================================
24/06/2023 18:48:31:830 Welcome to InterProScan-5.60-92.0
24/06/2023 18:48:31:831 Running InterProScan v5 in STANDALONE mode... on Linux
24/06/2023 18:48:35:924 RunID: str-c102.uncc.edu_20230624_184835742_jupr
24/06/2023 18:48:44:882 Loading file /projects/raw_lab/jobs/metacerberus/GTDB-100/genomes/bacteria/GCA_022793875.1.fna
24/06/2023 18:48:45:693 Running the following analyses:
[AntiFam-7.0,CDD-3.20,Coils-2.2.1,FunFam-4.3.0,Gene3D-4.3.0,Hamap-2021_04,MobiDBLite-2.0,PANTHER-17.0,Pfam-35.0,PIRSF-3.10,PIRSR-2021_05,PRINTS-42.0,ProSitePatterns-2022_01,ProSiteProfiles-2022_01,SFLD-4,SMART-7.1,SUPERFAMILY-1.75,TIGRFAM-15.0]
Pre-calculated match lookup service DISABLED.  Please wait for match calculations to complete...
2023-06-24 18:51:38,493 [amqEmbeddedWorkerJmsContainer-8] [uk.ac.ebi.interpro.scan.io.pirsf.hmmer3.PirsfHmmer3RawMatchParser:129] WARN - Couldn't parse the given raw match line, because it is of an unexpected format.
2023-06-24 18:51:38,496 [amqEmbeddedWorkerJmsContainer-8] [uk.ac.ebi.interpro.scan.io.pirsf.hmmer3.PirsfHmmer3RawMatchParser:130] WARN - Unexpected Raw match line: Query sequence: 11 matches PIRSF037677: DNA mismatch repair protein Msh6
2023-06-24 18:51:38,497 [amqEmbeddedWorkerJmsContainer-8] [uk.ac.ebi.interpro.scan.io.pirsf.hmmer3.PirsfHmmer3RawMatchParser:129] WARN - Couldn't parse the given raw match line, because it is of an unexpected format.
2023-06-24 18:51:38,497 [amqEmbeddedWorkerJmsContainer-8] [uk.ac.ebi.interpro.scan.io.pirsf.hmmer3.PirsfHmmer3RawMatchParser:130] WARN - Unexpected Raw match line: #    score  bias  c-Evalue  i-Evalue hmmfrom  hmm to    alifrom  ali to    envfrom  env to     acc
2023-06-24 18:51:38,497 [amqEmbeddedWorkerJmsContainer-8] [uk.ac.ebi.interpro.scan.io.pirsf.hmmer3.PirsfHmmer3RawMatchParser:129] WARN - Couldn't parse the given raw match line, because it is of an unexpected format.
2023-06-24 18:51:38,497 [amqEmbeddedWorkerJmsContainer-8] [uk.ac.ebi.interpro.scan.io.pirsf.hmmer3.PirsfHmmer3RawMatchParser:130] WARN - Unexpected Raw match line: 1 !  598.3  15.0  3.9e-183  8.7e-181     336    1229 ..       2     838 ..       1     853 [. 0.87
2023-06-24 18:51:38,497 [amqEmbeddedWorkerJmsContainer-8] [uk.ac.ebi.interpro.scan.io.pirsf.hmmer3.PirsfHmmer3RawMatchParser:129] WARN - Couldn't parse the given raw match line, because it is of an unexpected format.
2023-06-24 18:51:38,497 [amqEmbeddedWorkerJmsContainer-8] [uk.ac.ebi.interpro.scan.io.pirsf.hmmer3.PirsfHmmer3RawMatchParser:130] WARN - Unexpected Raw match line: Query sequence: 117 matches PIRSF038471: Rod shape-determining protein MreC
2023-06-24 18:51:38,497 [amqEmbeddedWorkerJmsContainer-8] [uk.ac.ebi.interpro.scan.io.pirsf.hmmer3.PirsfHmmer3RawMatchParser:129] WARN - Couldn't parse the given raw match line, because it is of an unexpected format.
2023-06-24 18:51:38,497 [amqEmbeddedWorkerJmsContainer-8] [uk.ac.ebi.interpro.scan.io.pirsf.hmmer3.PirsfHmmer3RawMatchParser:130] WARN - Unexpected Raw match line: #    score  bias  c-Evalue  i-Evalue hmmfrom  hmm to    alifrom  ali to    envfrom  env to     acc
2023-06-24 18:51:38,497 [amqEmbeddedWorkerJmsContainer-8] [uk.ac.ebi.interpro.scan.io.pirsf.hmmer3.PirsfHmmer3RawMatchParser:129] WARN - Couldn't parse the given raw match line, because it is of an unexpected format.
2023-06-24 18:51:38,497 [amqEmbeddedWorkerJmsContainer-8] [uk.ac.ebi.interpro.scan.io.pirsf.hmmer3.PirsfHmmer3RawMatchParser:130] WARN - Unexpected Raw match line: 1 !  220.0  10.6   1.8e-69     8e-67       5     271 ..       9     276 ..       5     277 .] 0.97
2023-06-24 18:51:38,497 [amqEmbeddedWorkerJmsContainer-8] [uk.ac.ebi.interpro.scan.io.pirsf.hmmer3.PirsfHmmer3RawMatchParser:129] WARN - Couldn't parse the given raw match line, because it is of an unexpected format.
2023-06-24 18:51:38,497 [amqEmbeddedWorkerJmsContainer-8] [uk.ac.ebi.interpro.scan.io.pirsf.hmmer3.PirsfHmmer3RawMatchParser:130] WARN - Unexpected Raw match line: Query sequence: 173 matches PIRSF005485: Heat-inducible transcription repressor HrcA
2023-06-24 18:51:38,497 [amqEmbeddedWorkerJmsContainer-8] [uk.ac.ebi.interpro.scan.io.pirsf.hmmer3.PirsfHmmer3RawMatchParser:129] WARN - Couldn't parse the given raw match line, because it is of an unexpected format.
2023-06-24 18:51:38,497 [amqEmbeddedWorkerJmsContainer-8] [uk.ac.ebi.interpro.scan.io.pirsf.hmmer3.PirsfHmmer3RawMatchParser:130] WARN - Unexpected Raw match line: #    score  bias  c-Evalue  i-Evalue hmmfrom  hmm to    alifrom  ali to    envfrom  env to     acc
2023-06-24 18:51:38,498 [amqEmbeddedWorkerJmsContainer-8] [uk.ac.ebi.interpro.scan.io.pirsf.hmmer3.PirsfHmmer3RawMatchParser:129] WARN - Couldn't parse the given raw match line, because it is of an unexpected format.
2023-06-24 18:51:38,498 [amqEmbeddedWorkerJmsContainer-8] [uk.ac.ebi.interpro.scan.io.pirsf.hmmer3.PirsfHmmer3RawMatchParser:130] WARN - Unexpected Raw match line: 1 !  305.0   7.7   4.1e-95   1.8e-92       4     341 ..      14     345 ..      11     347 .. 0.97
2023-06-24 18:51:38,498 [amqEmbeddedWorkerJmsContainer-8] [uk.ac.ebi.interpro.scan.io.pirsf.hmmer3.PirsfHmmer3RawMatchParser:129] WARN - Couldn't parse the given raw match line, because it is of an unexpected format.
2023-06-24 18:51:38,498 [amqEmbeddedWorkerJmsContainer-8] [uk.ac.ebi.interpro.scan.io.pirsf.hmmer3.PirsfHmmer3RawMatchParser:130] WARN - Unexpected Raw match line: Query sequence: 182 matches PIRSF005572: Cysteine desulphurase, NifS type
2023-06-24 18:51:38,498 [amqEmbeddedWorkerJmsContainer-8] [uk.ac.ebi.interpro.scan.io.pirsf.hmmer3.PirsfHmmer3RawMatchParser:129] WARN - Couldn't parse the given raw match line, because it is of an unexpected format.
2023-06-24 18:51:38,498 [amqEmbeddedWorkerJmsContainer-8] [uk.ac.ebi.interpro.scan.io.pirsf.hmmer3.PirsfHmmer3RawMatchParser:130] WARN - Unexpected Raw match line: #    score  bias  c-Evalue  i-Evalue hmmfrom  hmm to    alifrom  ali to    envfrom  env to     acc
2023-06-24 18:51:38,498 [amqEmbeddedWorkerJmsContainer-8] [uk.ac.ebi.interpro.scan.io.pirsf.hmmer3.PirsfHmmer3RawMatchParser:129] WARN - Couldn't parse the given raw match line, because it is of an unexpected format.
2023-06-24 18:51:38,498 [amqEmbeddedWorkerJmsContainer-8] [uk.ac.ebi.interpro.scan.io.pirsf.hmmer3.PirsfHmmer3RawMatchParser:130] WARN - Unexpected Raw match line: 1 !  170.8   0.1   2.6e-54   1.2e-51       4     379 ..      20     403 ..      17     405 .. 0.88
2023-06-24 18:51:38,498 [amqEmbeddedWorkerJmsContainer-8] [uk.ac.ebi.interpro.scan.io.pirsf.hmmer3.PirsfHmmer3RawMatchParser:129] WARN - Couldn't parse the given raw match line, because it is of an unexpected format.
2023-06-24 18:51:38,498 [amqEmbeddedWorkerJmsContainer-8] [uk.ac.ebi.interpro.scan.io.pirsf.hmmer3.PirsfHmmer3RawMatchParser:130] WARN - Unexpected Raw match line: Query sequence: 184 matches PIRSF026583: Predicted signal transduction phosphoesterase with modified GGDEF domain, YybT type
2023-06-24 18:51:38,498 [amqEmbeddedWorkerJmsContainer-8] [uk.ac.ebi.interpro.scan.io.pirsf.hmmer3.PirsfHmmer3RawMatchParser:129] WARN - Couldn't parse the given raw match line, because it is of an unexpected format.
2023-06-24 18:51:38,498 [amqEmbeddedWorkerJmsContainer-8] [uk.ac.ebi.interpro.scan.io.pirsf.hmmer3.PirsfHmmer3RawMatchParser:130] WARN - Unexpected Raw match line: #    score  bias  c-Evalue  i-Evalue hmmfrom  hmm to    alifrom  ali to    envfrom  env to     acc
2023-06-24 18:51:38,499 [amqEmbeddedWorkerJmsContainer-8] [uk.ac.ebi.interpro.scan.io.pirsf.hmmer3.PirsfHmmer3RawMatchParser:129] WARN - Couldn't parse the given raw match line, because it is of an unexpected format.
2023-06-24 18:51:38,499 [amqEmbeddedWorkerJmsContainer-8] [uk.ac.ebi.interpro.scan.io.pirsf.hmmer3.PirsfHmmer3RawMatchParser:130] WARN - Unexpected Raw match line: 1 !  564.7   5.1  3.9e-173  5.8e-171      20     655 ..      38     695 ..      24     698 .. 0.90
2023-06-24 18:51:38,499 [amqEmbeddedWorkerJmsContainer-8] [uk.ac.ebi.interpro.scan.io.pirsf.hmmer3.PirsfHmmer3RawMatchParser:129] WARN - Couldn't parse the given raw match line, because it is of an unexpected format.
2023-06-24 18:51:38,499 [amqEmbeddedWorkerJmsContainer-8] [uk.ac.ebi.interpro.scan.io.pirsf.hmmer3.PirsfHmmer3RawMatchParser:130] WARN - Unexpected Raw match line: Query sequence: 20 matches PIRSF038984: FAD dependent protein
2023-06-24 18:51:38,499 [amqEmbeddedWorkerJmsContainer-8] [uk.ac.ebi.interpro.scan.io.pirsf.hmmer3.PirsfHmmer3RawMatchParser:129] WARN - Couldn't parse the given raw match line, because it is of an unexpected format.
2023-06-24 18:51:38,499 [amqEmbeddedWorkerJmsContainer-8] [uk.ac.ebi.interpro.scan.io.pirsf.hmmer3.PirsfHmmer3RawMatchParser:130] WARN - Unexpected Raw match line: #    score  bias  c-Evalue  i-Evalue hmmfrom  hmm to    alifrom  ali to    envfrom  env to     acc
2023-06-24 18:51:38,499 [amqEmbeddedWorkerJmsContainer-8] [uk.ac.ebi.interpro.scan.io.pirsf.hmmer3.PirsfHmmer3RawMatchParser:129] WARN - Couldn't parse the given raw match line, because it is of an unexpected format.
2023-06-24 18:51:38,499 [amqEmbeddedWorkerJmsContainer-8] [uk.ac.ebi.interpro.scan.io.pirsf.hmmer3.PirsfHmmer3RawMatchParser:130] WARN - Unexpected Raw match line: 1 !  648.6   0.0  1.3e-198    2e-196       2     510 ..      13     519 ..      12     522 .. 0.96
2023-06-24 18:51:38,499 [amqEmbeddedWorkerJmsContainer-8] [uk.ac.ebi.interpro.scan.io.pirsf.hmmer3.PirsfHmmer3RawMatchParser:129] WARN - Couldn't parse the given raw match line, because it is of an unexpected format.
2023-06-24 18:51:38,499 [amqEmbeddedWorkerJmsContainer-8] [uk.ac.ebi.interpro.scan.io.pirsf.hmmer3.PirsfHmmer3RawMatchParser:130] WARN - Unexpected Raw match line: Query sequence: 201 matches PIRSF000722: Acetate/propionate kinase
2023-06-24 18:51:38,499 [amqEmbeddedWorkerJmsContainer-8] [uk.ac.ebi.interpro.scan.io.pirsf.hmmer3.PirsfHmmer3RawMatchParser:129] WARN - Couldn't parse the given raw match line, because it is of an unexpected format.
2023-06-24 18:51:38,499 [amqEmbeddedWorkerJmsContainer-8] [uk.ac.ebi.interpro.scan.io.pirsf.hmmer3.PirsfHmmer3RawMatchParser:130] WARN - Unexpected Raw match line: #    score  bias  c-Evalue  i-Evalue hmmfrom  hmm to    alifrom  ali to    envfrom  env to     acc
2023-06-24 18:51:38,499 [amqEmbeddedWorkerJmsContainer-8] [uk.ac.ebi.interpro.scan.io.pirsf.hmmer3.PirsfHmmer3RawMatchParser:129] WARN - Couldn't parse the given raw match line, because it is of an unexpected format.
2023-06-24 18:51:38,499 [amqEmbeddedWorkerJmsContainer-8] [uk.ac.ebi.interpro.scan.io.pirsf.hmmer3.PirsfHmmer3RawMatchParser:130] WARN - Unexpected Raw match line: 1 !  499.4   3.4  7.1e-154  1.6e-151       2     400 ..      20     415 ..      19     416 .] 0.97
2023-06-24 18:51:38,500 [amqEmbeddedWorkerJmsContainer-8] [uk.ac.ebi.interpro.scan.io.pirsf.hmmer3.PirsfHmmer3RawMatchParser:129] WARN - Couldn't parse the given raw match line, because it is of an unexpected format.
2023-06-24 18:51:38,500 [amqEmbeddedWorkerJmsContainer-8] [uk.ac.ebi.interpro.scan.io.pirsf.hmmer3.PirsfHmmer3RawMatchParser:130] WARN - Unexpected Raw match line: Query sequence: 218 matches PIRSF000111: Bifunctional aldehyde/alcohol dehydrogenase
2023-06-24 18:51:38,500 [amqEmbeddedWorkerJmsContainer-8] [uk.ac.ebi.interpro.scan.io.pirsf.hmmer3.PirsfHmmer3RawMatchParser:129] WARN - Couldn't parse the given raw match line, because it is of an unexpected format.
2023-06-24 18:51:38,500 [amqEmbeddedWorkerJmsContainer-8] [uk.ac.ebi.interpro.scan.io.pirsf.hmmer3.PirsfHmmer3RawMatchParser:130] WARN - Unexpected Raw match line: #    score  bias  c-Evalue  i-Evalue hmmfrom  hmm to    alifrom  ali to    envfrom  env to     acc
2023-06-24 18:51:38,500 [amqEmbeddedWorkerJmsContainer-8] [uk.ac.ebi.interpro.scan.io.pirsf.hmmer3.PirsfHmmer3RawMatchParser:129] WARN - Couldn't parse the given raw match line, because it is of an unexpected format.
2023-06-24 18:51:38,500 [amqEmbeddedWorkerJmsContainer-8] [uk.ac.ebi.interpro.scan.io.pirsf.hmmer3.PirsfHmmer3RawMatchParser:130] WARN - Unexpected Raw match line: 1 ! 1367.5   7.1         0         0       7     873 ..      14     876 ..       8     877 .] 0.99
2023-06-24 18:51:38,500 [amqEmbeddedWorkerJmsContainer-8] [uk.ac.ebi.interpro.scan.io.pirsf.hmmer3.PirsfHmmer3RawMatchParser:129] WARN - Couldn't parse the given raw match line, because it is of an unexpected format.
2023-06-24 18:51:38,500 [amqEmbeddedWorkerJmsContainer-8] [uk.ac.ebi.interpro.scan.io.pirsf.hmmer3.PirsfHmmer3RawMatchParser:130] WARN - Unexpected Raw match line: Query sequence: 246 matches PIRSF000460: Glucan phosphorylase
2023-06-24 18:51:38,500 [amqEmbeddedWorkerJmsContainer-8] [uk.ac.ebi.interpro.scan.io.pirsf.hmmer3.PirsfHmmer3RawMatchParser:129] WARN - Couldn't parse the given raw match line, because it is of an unexpected format.
2023-06-24 18:51:38,500 [amqEmbeddedWorkerJmsContainer-8] [uk.ac.ebi.interpro.scan.io.pirsf.hmmer3.PirsfHmmer3RawMatchParser:130] WARN - Unexpected Raw match line: #    score  bias  c-Evalue  i-Evalue hmmfrom  hmm to    alifrom  ali to    envfrom  env to     acc
2023-06-24 18:51:38,500 [amqEmbeddedWorkerJmsContainer-8] [uk.ac.ebi.interpro.scan.io.pirsf.hmmer3.PirsfHmmer3RawMatchParser:129] WARN - Couldn't parse the given raw match line, because it is of an unexpected format.
2023-06-24 18:51:38,500 [amqEmbeddedWorkerJmsContainer-8] [uk.ac.ebi.interpro.scan.io.pirsf.hmmer3.PirsfHmmer3RawMatchParser:130] WARN - Unexpected Raw match line: 1 !  862.8   1.8  1.2e-263  5.3e-261       7     768 ..       5     791 ..       1     797 [. 0.97
2023-06-24 18:51:38,500 [amqEmbeddedWorkerJmsContainer-8] [uk.ac.ebi.interpro.scan.io.pirsf.hmmer3.PirsfHmmer3RawMatchParser:129] WARN - Couldn't parse the given raw match line, because it is of an unexpected format.
2023-06-24 18:51:38,500 [amqEmbeddedWorkerJmsContainer-8] [uk.ac.ebi.interpro.scan.io.pirsf.hmmer3.PirsfHmmer3RawMatchParser:130] WARN - Unexpected Raw match line: Query sequence: 278 matches PIRSF001265: H(+)-translocating inorganic pyrophosphatase
2023-06-24 18:51:38,500 [amqEmbeddedWorkerJmsContainer-8] [uk.ac.ebi.interpro.scan.io.pirsf.hmmer3.PirsfHmmer3RawMatchParser:129] WARN - Couldn't parse the given raw match line, because it is of an unexpected format.
2023-06-24 18:51:38,501 [amqEmbeddedWorkerJmsContainer-8] [uk.ac.ebi.interpro.scan.io.pirsf.hmmer3.PirsfHmmer3RawMatchParser:130] WARN - Unexpected Raw match line: #    score  bias  c-Evalue  i-Evalue hmmfrom  hmm to    alifrom  ali to    envfrom  env to     acc
2023-06-24 18:51:38,501 [amqEmbeddedWorkerJmsContainer-8] [uk.ac.ebi.interpro.scan.io.pirsf.hmmer3.PirsfHmmer3RawMatchParser:129] WARN - Couldn't parse the given raw match line, because it is of an unexpected format.
2023-06-24 18:51:38,501 [amqEmbeddedWorkerJmsContainer-8] [uk.ac.ebi.interpro.scan.io.pirsf.hmmer3.PirsfHmmer3RawMatchParser:130] WARN - Unexpected Raw match line: 1 !  812.8  40.7  1.7e-248  7.7e-246      12     708 ..      12     715 ..       4     721 .. 0.92
2023-06-24 18:51:38,501 [amqEmbeddedWorkerJmsContainer-8] [uk.ac.ebi.interpro.scan.io.pirsf.hmmer3.PirsfHmmer3RawMatchParser:129] WARN - Couldn't parse the given raw match line, because it is of an unexpected format.
2023-06-24 18:51:38,501 [amqEmbeddedWorkerJmsContainer-8] [uk.ac.ebi.interpro.scan.io.pirsf.hmmer3.PirsfHmmer3RawMatchParser:130] WARN - Unexpected Raw match line: Query sequence: 3 matches PIRSF005719: Structural maintenance of chromosomes protein
2023-06-24 18:51:38,501 [amqEmbeddedWorkerJmsContainer-8] [uk.ac.ebi.interpro.scan.io.pirsf.hmmer3.PirsfHmmer3RawMatchParser:129] WARN - Couldn't parse the given raw match line, because it is of an unexpected format.
2023-06-24 18:51:38,501 [amqEmbeddedWorkerJmsContainer-8] [uk.ac.ebi.interpro.scan.io.pirsf.hmmer3.PirsfHmmer3RawMatchParser:130] WARN - Unexpected Raw match line: #    score  bias  c-Evalue  i-Evalue hmmfrom  hmm to    alifrom  ali to    envfrom  env to     acc
2023-06-24 18:51:38,501 [amqEmbeddedWorkerJmsContainer-8] [uk.ac.ebi.interpro.scan.io.pirsf.hmmer3.PirsfHmmer3RawMatchParser:129] WARN - Couldn't parse the given raw match line, because it is of an unexpected format.
2023-06-24 18:51:38,501 [amqEmbeddedWorkerJmsContainer-8] [uk.ac.ebi.interpro.scan.io.pirsf.hmmer3.PirsfHmmer3RawMatchParser:130] WARN - Unexpected Raw match line: 1 ! 1008.9 110.4    1e-306  6.5e-305       2    1188 ..       2    1182 ..       1    1183 [] 0.98
2023-06-24 18:51:38,501 [amqEmbeddedWorkerJmsContainer-8] [uk.ac.ebi.interpro.scan.io.pirsf.hmmer3.PirsfHmmer3RawMatchParser:129] WARN - Couldn't parse the given raw match line, because it is of an unexpected format.
2023-06-24 18:51:38,501 [amqEmbeddedWorkerJmsContainer-8] [uk.ac.ebi.interpro.scan.io.pirsf.hmmer3.PirsfHmmer3RawMatchParser:130] WARN - Unexpected Raw match line: Query sequence: 30 matches PIRSF018571: Sporulation sigma-E factor processing peptidase
2023-06-24 18:51:38,501 [amqEmbeddedWorkerJmsContainer-8] [uk.ac.ebi.interpro.scan.io.pirsf.hmmer3.PirsfHmmer3RawMatchParser:129] WARN - Couldn't parse the given raw match line, because it is of an unexpected format.
2023-06-24 18:51:38,501 [amqEmbeddedWorkerJmsContainer-8] [uk.ac.ebi.interpro.scan.io.pirsf.hmmer3.PirsfHmmer3RawMatchParser:130] WARN - Unexpected Raw match line: #    score  bias  c-Evalue  i-Evalue hmmfrom  hmm to    alifrom  ali to    envfrom  env to     acc
2023-06-24 18:51:38,501 [amqEmbeddedWorkerJmsContainer-8] [uk.ac.ebi.interpro.scan.io.pirsf.hmmer3.PirsfHmmer3RawMatchParser:129] WARN - Couldn't parse the given raw match line, because it is of an unexpected format.
2023-06-24 18:51:38,502 [amqEmbeddedWorkerJmsContainer-8] [uk.ac.ebi.interpro.scan.io.pirsf.hmmer3.PirsfHmmer3RawMatchParser:130] WARN - Unexpected Raw match line: 1 !  266.7  20.0   1.3e-83   5.7e-81       1     296 [.       1     292 [.       1     294 [] 0.95
2023-06-24 18:51:38,502 [amqEmbeddedWorkerJmsContainer-8] [uk.ac.ebi.interpro.scan.io.pirsf.hmmer3.PirsfHmmer3RawMatchParser:129] WARN - Couldn't parse the given raw match line, because it is of an unexpected format.
2023-06-24 18:51:38,502 [amqEmbeddedWorkerJmsContainer-8] [uk.ac.ebi.interpro.scan.io.pirsf.hmmer3.PirsfHmmer3RawMatchParser:130] WARN - Unexpected Raw match line: Query sequence: 300 matches PIRSF005814: Predicted DNA mismatch repair protein, bacterial/plant types
2023-06-24 18:51:38,502 [amqEmbeddedWorkerJmsContainer-8] [uk.ac.ebi.interpro.scan.io.pirsf.hmmer3.PirsfHmmer3RawMatchParser:129] WARN - Couldn't parse the given raw match line, because it is of an unexpected format.
2023-06-24 18:51:38,502 [amqEmbeddedWorkerJmsContainer-8] [uk.ac.ebi.interpro.scan.io.pirsf.hmmer3.PirsfHmmer3RawMatchParser:130] WARN - Unexpected Raw match line: #    score  bias  c-Evalue  i-Evalue hmmfrom  hmm to    alifrom  ali to    envfrom  env to     acc
2023-06-24 18:51:38,502 [amqEmbeddedWorkerJmsContainer-8] [uk.ac.ebi.interpro.scan.io.pirsf.hmmer3.PirsfHmmer3RawMatchParser:129] WARN - Couldn't parse the given raw match line, because it is of an unexpected format.
2023-06-24 18:51:38,502 [amqEmbeddedWorkerJmsContainer-8] [uk.ac.ebi.interpro.scan.io.pirsf.hmmer3.PirsfHmmer3RawMatchParser:130] WARN - Unexpected Raw match line: 1 !  810.0  30.0  2.5e-247  5.6e-245       6     773 .]      19     801 .]      15     801 .] 0.96
2023-06-24 18:51:38,502 [amqEmbeddedWorkerJmsContainer-8] [uk.ac.ebi.interpro.scan.io.pirsf.hmmer3.PirsfHmmer3RawMatchParser:129] WARN - Couldn't parse the given raw match line, because it is of an unexpected format.
2023-06-24 18:51:38,502 [amqEmbeddedWorkerJmsContainer-8] [uk.ac.ebi.interpro.scan.io.pirsf.hmmer3.PirsfHmmer3RawMatchParser:130] WARN - Unexpected Raw match line: Query sequence: 31 matches PIRSF033722: Predicted DNA replication protein, CA_C3587 type
2023-06-24 18:51:38,502 [amqEmbeddedWorkerJmsContainer-8] [uk.ac.ebi.interpro.scan.io.pirsf.hmmer3.PirsfHmmer3RawMatchParser:129] WARN - Couldn't parse the given raw match line, because it is of an unexpected format.
2023-06-24 18:51:38,502 [amqEmbeddedWorkerJmsContainer-8] [uk.ac.ebi.interpro.scan.io.pirsf.hmmer3.PirsfHmmer3RawMatchParser:130] WARN - Unexpected Raw match line: #    score  bias  c-Evalue  i-Evalue hmmfrom  hmm to    alifrom  ali to    envfrom  env to     acc
2023-06-24 18:51:38,502 [amqEmbeddedWorkerJmsContainer-8] [uk.ac.ebi.interpro.scan.io.pirsf.hmmer3.PirsfHmmer3RawMatchParser:129] WARN - Couldn't parse the given raw match line, because it is of an unexpected format.
2023-06-24 18:51:38,502 [amqEmbeddedWorkerJmsContainer-8] [uk.ac.ebi.interpro.scan.io.pirsf.hmmer3.PirsfHmmer3RawMatchParser:130] WARN - Unexpected Raw match line: 1 !   83.0  18.2   1.2e-27   5.6e-25      14     314 ..      16     313 ..       2     321 .. 0.82
2023-06-24 18:51:38,502 [amqEmbeddedWorkerJmsContainer-8] [uk.ac.ebi.interpro.scan.io.pirsf.hmmer3.PirsfHmmer3RawMatchParser:129] WARN - Couldn't parse the given raw match line, because it is of an unexpected format.
2023-06-24 18:51:38,503 [amqEmbeddedWorkerJmsContainer-8] [uk.ac.ebi.interpro.scan.io.pirsf.hmmer3.PirsfHmmer3RawMatchParser:130] WARN - Unexpected Raw match line: Query sequence: 324 matches PIRSF000883: Predicted phosphoesterase, MJ0912 type
2023-06-24 18:51:38,503 [amqEmbeddedWorkerJmsContainer-8] [uk.ac.ebi.interpro.scan.io.pirsf.hmmer3.PirsfHmmer3RawMatchParser:129] WARN - Couldn't parse the given raw match line, because it is of an unexpected format.
2023-06-24 18:51:38,503 [amqEmbeddedWorkerJmsContainer-8] [uk.ac.ebi.interpro.scan.io.pirsf.hmmer3.PirsfHmmer3RawMatchParser:130] WARN - Unexpected Raw match line: #    score  bias  c-Evalue  i-Evalue hmmfrom  hmm to    alifrom  ali to    envfrom  env to     acc
2023-06-24 18:51:38,503 [amqEmbeddedWorkerJmsContainer-8] [uk.ac.ebi.interpro.scan.io.pirsf.hmmer3.PirsfHmmer3RawMatchParser:129] WARN - Couldn't parse the given raw match line, because it is of an unexpected format.
2023-06-24 18:51:38,503 [amqEmbeddedWorkerJmsContainer-8] [uk.ac.ebi.interpro.scan.io.pirsf.hmmer3.PirsfHmmer3RawMatchParser:130] WARN - Unexpected Raw match line: 1 !  171.9   0.0   1.1e-54   4.8e-52       1     229 [.       1     249 [.       1     261 [. 0.82
2023-06-24 18:51:38,503 [amqEmbeddedWorkerJmsContainer-8] [uk.ac.ebi.interpro.scan.io.pirsf.hmmer3.PirsfHmmer3RawMatchParser:129] WARN - Couldn't parse the given raw match line, because it is of an unexpected format.
2023-06-24 18:51:38,503 [amqEmbeddedWorkerJmsContainer-8] [uk.ac.ebi.interpro.scan.io.pirsf.hmmer3.PirsfHmmer3RawMatchParser:130] WARN - Unexpected Raw match line: Query sequence: 326 matches PIRSF006603: Probable multidrug resistance protein
2023-06-24 18:51:38,503 [amqEmbeddedWorkerJmsContainer-8] [uk.ac.ebi.interpro.scan.io.pirsf.hmmer3.PirsfHmmer3RawMatchParser:129] WARN - Couldn't parse the given raw match line, because it is of an unexpected format.
2023-06-24 18:51:38,503 [amqEmbeddedWorkerJmsContainer-8] [uk.ac.ebi.interpro.scan.io.pirsf.hmmer3.PirsfHmmer3RawMatchParser:130] WARN - Unexpected Raw match line: #    score  bias  c-Evalue  i-Evalue hmmfrom  hmm to    alifrom  ali to    envfrom  env to     acc
2023-06-24 18:51:38,503 [amqEmbeddedWorkerJmsContainer-8] [uk.ac.ebi.interpro.scan.io.pirsf.hmmer3.PirsfHmmer3RawMatchParser:129] WARN - Couldn't parse the given raw match line, because it is of an unexpected format.
2023-06-24 18:51:38,503 [amqEmbeddedWorkerJmsContainer-8] [uk.ac.ebi.interpro.scan.io.pirsf.hmmer3.PirsfHmmer3RawMatchParser:130] WARN - Unexpected Raw match line: 1 !  234.2  46.0   2.5e-73   5.5e-71       7     451 ..      57     497 ..      52     500 .] 0.94
2023-06-24 18:51:38,503 [amqEmbeddedWorkerJmsContainer-8] [uk.ac.ebi.interpro.scan.io.pirsf.hmmer3.PirsfHmmer3RawMatchParser:129] WARN - Couldn't parse the given raw match line, because it is of an unexpected format.
2023-06-24 18:51:38,503 [amqEmbeddedWorkerJmsContainer-8] [uk.ac.ebi.interpro.scan.io.pirsf.hmmer3.PirsfHmmer3RawMatchParser:130] WARN - Unexpected Raw match line: Query sequence: 330 matches PIRSF001563: Folylpolyglutamate synthase
2023-06-24 18:51:38,503 [amqEmbeddedWorkerJmsContainer-8] [uk.ac.ebi.interpro.scan.io.pirsf.hmmer3.PirsfHmmer3RawMatchParser:129] WARN - Couldn't parse the given raw match line, because it is of an unexpected format.
2023-06-24 18:51:38,504 [amqEmbeddedWorkerJmsContainer-8] [uk.ac.ebi.interpro.scan.io.pirsf.hmmer3.PirsfHmmer3RawMatchParser:130] WARN - Unexpected Raw match line: #    score  bias  c-Evalue  i-Evalue hmmfrom  hmm to    alifrom  ali to    envfrom  env to     acc
2023-06-24 18:51:38,504 [amqEmbeddedWorkerJmsContainer-8] [uk.ac.ebi.interpro.scan.io.pirsf.hmmer3.PirsfHmmer3RawMatchParser:129] WARN - Couldn't parse the given raw match line, because it is of an unexpected format.
2023-06-24 18:51:38,504 [amqEmbeddedWorkerJmsContainer-8] [uk.ac.ebi.interpro.scan.io.pirsf.hmmer3.PirsfHmmer3RawMatchParser:130] WARN - Unexpected Raw match line: 1 !  408.3   4.8  5.8e-126  8.7e-124       4     434 ..      11     439 ..       8     442 .] 0.92
2023-06-24 18:51:38,504 [amqEmbeddedWorkerJmsContainer-8] [uk.ac.ebi.interpro.scan.io.pirsf.hmmer3.PirsfHmmer3RawMatchParser:129] WARN - Couldn't parse the given raw match line, because it is of an unexpected format.
2023-06-24 18:51:38,504 [amqEmbeddedWorkerJmsContainer-8] [uk.ac.ebi.interpro.scan.io.pirsf.hmmer3.PirsfHmmer3RawMatchParser:130] WARN - Unexpected Raw match line: Query sequence: 331 matches PIRSF019549: Germination protease
2023-06-24 18:51:38,504 [amqEmbeddedWorkerJmsContainer-8] [uk.ac.ebi.interpro.scan.io.pirsf.hmmer3.PirsfHmmer3RawMatchParser:129] WARN - Couldn't parse the given raw match line, because it is of an unexpected format.
2023-06-24 18:51:38,504 [amqEmbeddedWorkerJmsContainer-8] [uk.ac.ebi.interpro.scan.io.pirsf.hmmer3.PirsfHmmer3RawMatchParser:130] WARN - Unexpected Raw match line: #    score  bias  c-Evalue  i-Evalue hmmfrom  hmm to    alifrom  ali to    envfrom  env to     acc
2023-06-24 18:51:38,504 [amqEmbeddedWorkerJmsContainer-8] [uk.ac.ebi.interpro.scan.io.pirsf.hmmer3.PirsfHmmer3RawMatchParser:129] WARN - Couldn't parse the given raw match line, because it is of an unexpected format.
2023-06-24 18:51:38,504 [amqEmbeddedWorkerJmsContainer-8] [uk.ac.ebi.interpro.scan.io.pirsf.hmmer3.PirsfHmmer3RawMatchParser:130] WARN - Unexpected Raw match line: 1 !  318.9  10.7   2.3e-99     1e-96       5     265 ..      42     302 ..      38     304 .. 0.96
2023-06-24 18:51:38,504 [amqEmbeddedWorkerJmsContainer-8] [uk.ac.ebi.interpro.scan.io.pirsf.hmmer3.PirsfHmmer3RawMatchParser:129] WARN - Couldn't parse the given raw match line, because it is of an unexpected format.
2023-06-24 18:51:38,504 [amqEmbeddedWorkerJmsContainer-8] [uk.ac.ebi.interpro.scan.io.pirsf.hmmer3.PirsfHmmer3RawMatchParser:130] WARN - Unexpected Raw match line: 2 !   39.1   0.3   2.4e-14   1.1e-11     301     349 ..     305     353 ..     302     354 .] 0.95
2023-06-24 18:51:38,504 [amqEmbeddedWorkerJmsContainer-8] [uk.ac.ebi.interpro.scan.io.pirsf.hmmer3.PirsfHmmer3RawMatchParser:129] WARN - Couldn't parse the given raw match line, because it is of an unexpected format.
2023-06-24 18:51:38,504 [amqEmbeddedWorkerJmsContainer-8] [uk.ac.ebi.interpro.scan.io.pirsf.hmmer3.PirsfHmmer3RawMatchParser:130] WARN - Unexpected Raw match line: Query sequence: 334 matches PIRSF006004: Predicted radical SAM enzyme, Cfr type
2023-06-24 18:51:38,504 [amqEmbeddedWorkerJmsContainer-8] [uk.ac.ebi.interpro.scan.io.pirsf.hmmer3.PirsfHmmer3RawMatchParser:129] WARN - Couldn't parse the given raw match line, because it is of an unexpected format.
2023-06-24 18:51:38,504 [amqEmbeddedWorkerJmsContainer-8] [uk.ac.ebi.interpro.scan.io.pirsf.hmmer3.PirsfHmmer3RawMatchParser:130] WARN - Unexpected Raw match line: #    score  bias  c-Evalue  i-Evalue hmmfrom  hmm to    alifrom  ali to    envfrom  env to     acc
2023-06-24 18:51:38,504 [amqEmbeddedWorkerJmsContainer-8] [uk.ac.ebi.interpro.scan.io.pirsf.hmmer3.PirsfHmmer3RawMatchParser:129] WARN - Couldn't parse the given raw match line, because it is of an unexpected format.
2023-06-24 18:51:38,505 [amqEmbeddedWorkerJmsContainer-8] [uk.ac.ebi.interpro.scan.io.pirsf.hmmer3.PirsfHmmer3RawMatchParser:130] WARN - Unexpected Raw match line: 1 !  451.0   2.7  1.3e-139  5.7e-137       4     343 ..      46     381 ..      40     383 .] 0.98
2023-06-24 18:51:38,505 [amqEmbeddedWorkerJmsContainer-8] [uk.ac.ebi.interpro.scan.io.pirsf.hmmer3.PirsfHmmer3RawMatchParser:129] WARN - Couldn't parse the given raw match line, because it is of an unexpected format.
2023-06-24 18:51:38,505 [amqEmbeddedWorkerJmsContainer-8] [uk.ac.ebi.interpro.scan.io.pirsf.hmmer3.PirsfHmmer3RawMatchParser:130] WARN - Unexpected Raw match line: Query sequence: 34 matches PIRSF000497: Methionine adenosyltransferase
2023-06-24 18:51:38,505 [amqEmbeddedWorkerJmsContainer-8] [uk.ac.ebi.interpro.scan.io.pirsf.hmmer3.PirsfHmmer3RawMatchParser:129] WARN - Couldn't parse the given raw match line, because it is of an unexpected format.
2023-06-24 18:51:38,505 [amqEmbeddedWorkerJmsContainer-8] [uk.ac.ebi.interpro.scan.io.pirsf.hmmer3.PirsfHmmer3RawMatchParser:130] WARN - Unexpected Raw match line: #    score  bias  c-Evalue  i-Evalue hmmfrom  hmm to    alifrom  ali to    envfrom  env to     acc
2023-06-24 18:51:38,505 [amqEmbeddedWorkerJmsContainer-8] [uk.ac.ebi.interpro.scan.io.pirsf.hmmer3.PirsfHmmer3RawMatchParser:129] WARN - Couldn't parse the given raw match line, because it is of an unexpected format.
2023-06-24 18:51:38,505 [amqEmbeddedWorkerJmsContainer-8] [uk.ac.ebi.interpro.scan.io.pirsf.hmmer3.PirsfHmmer3RawMatchParser:130] WARN - Unexpected Raw match line: 1 !  561.7   1.8  4.4e-173    2e-170       4     379 ..       9     386 ..       6     388 .] 0.98
2023-06-24 18:51:38,505 [amqEmbeddedWorkerJmsContainer-8] [uk.ac.ebi.interpro.scan.io.pirsf.hmmer3.PirsfHmmer3RawMatchParser:129] WARN - Couldn't parse the given raw match line, because it is of an unexpected format.
2023-06-24 18:51:38,505 [amqEmbeddedWorkerJmsContainer-8] [uk.ac.ebi.interpro.scan.io.pirsf.hmmer3.PirsfHmmer3RawMatchParser:130] WARN - Unexpected Raw match line: Query sequence: 379 matches PIRSF005690: Spore germination protein
2023-06-24 18:51:38,505 [amqEmbeddedWorkerJmsContainer-8] [uk.ac.ebi.interpro.scan.io.pirsf.hmmer3.PirsfHmmer3RawMatchParser:129] WARN - Couldn't parse the given raw match line, because it is of an unexpected format.
2023-06-24 18:51:38,505 [amqEmbeddedWorkerJmsContainer-8] [uk.ac.ebi.interpro.scan.io.pirsf.hmmer3.PirsfHmmer3RawMatchParser:130] WARN - Unexpected Raw match line: #    score  bias  c-Evalue  i-Evalue hmmfrom  hmm to    alifrom  ali to    envfrom  env to     acc
2023-06-24 18:51:38,505 [amqEmbeddedWorkerJmsContainer-8] [uk.ac.ebi.interpro.scan.io.pirsf.hmmer3.PirsfHmmer3RawMatchParser:129] WARN - Couldn't parse the given raw match line, because it is of an unexpected format.
2023-06-24 18:51:38,505 [amqEmbeddedWorkerJmsContainer-8] [uk.ac.ebi.interpro.scan.io.pirsf.hmmer3.PirsfHmmer3RawMatchParser:130] WARN - Unexpected Raw match line: 1 !  511.2  10.5  2.3e-157  5.1e-155       3     488 ..      50     562 ..      48     565 .. 0.95
2023-06-24 18:51:38,505 [amqEmbeddedWorkerJmsContainer-8] [uk.ac.ebi.interpro.scan.io.pirsf.hmmer3.PirsfHmmer3RawMatchParser:129] WARN - Couldn't parse the given raw match line, because it is of an unexpected format.
2023-06-24 18:51:38,506 [amqEmbeddedWorkerJmsContainer-8] [uk.ac.ebi.interpro.scan.io.pirsf.hmmer3.PirsfHmmer3RawMatchParser:130] WARN - Unexpected Raw match line: Query sequence: 380 matches PIRSF005917: Predicted methyltransferase, YraL type
2023-06-24 18:51:38,506 [amqEmbeddedWorkerJmsContainer-8] [uk.ac.ebi.interpro.scan.io.pirsf.hmmer3.PirsfHmmer3RawMatchParser:129] WARN - Couldn't parse the given raw match line, because it is of an unexpected format.
2023-06-24 18:51:38,506 [amqEmbeddedWorkerJmsContainer-8] [uk.ac.ebi.interpro.scan.io.pirsf.hmmer3.PirsfHmmer3RawMatchParser:130] WARN - Unexpected Raw match line: #    score  bias  c-Evalue  i-Evalue hmmfrom  hmm to    alifrom  ali to    envfrom  env to     acc
2023-06-24 18:51:38,506 [amqEmbeddedWorkerJmsContainer-8] [uk.ac.ebi.interpro.scan.io.pirsf.hmmer3.PirsfHmmer3RawMatchParser:129] WARN - Couldn't parse the given raw match line, because it is of an unexpected format.
2023-06-24 18:51:38,506 [amqEmbeddedWorkerJmsContainer-8] [uk.ac.ebi.interpro.scan.io.pirsf.hmmer3.PirsfHmmer3RawMatchParser:130] WARN - Unexpected Raw match line: 1 !  328.7   0.4  1.3e-102    6e-100       9     281 ..       5     277 ..       2     278 .] 0.97
2023-06-24 18:51:38,506 [amqEmbeddedWorkerJmsContainer-8] [uk.ac.ebi.interpro.scan.io.pirsf.hmmer3.PirsfHmmer3RawMatchParser:129] WARN - Couldn't parse the given raw match line, because it is of an unexpected format.
2023-06-24 18:51:38,506 [amqEmbeddedWorkerJmsContainer-8] [uk.ac.ebi.interpro.scan.io.pirsf.hmmer3.PirsfHmmer3RawMatchParser:130] WARN - Unexpected Raw match line: Query sequence: 405 matches PIRSF003101: Cell division protein FtsA
2023-06-24 18:51:38,506 [amqEmbeddedWorkerJmsContainer-8] [uk.ac.ebi.interpro.scan.io.pirsf.hmmer3.PirsfHmmer3RawMatchParser:129] WARN - Couldn't parse the given raw match line, because it is of an unexpected format.
2023-06-24 18:51:38,506 [amqEmbeddedWorkerJmsContainer-8] [uk.ac.ebi.interpro.scan.io.pirsf.hmmer3.PirsfHmmer3RawMatchParser:130] WARN - Unexpected Raw match line: #    score  bias  c-Evalue  i-Evalue hmmfrom  hmm to    alifrom  ali to    envfrom  env to     acc
2023-06-24 18:51:38,506 [amqEmbeddedWorkerJmsContainer-8] [uk.ac.ebi.interpro.scan.io.pirsf.hmmer3.PirsfHmmer3RawMatchParser:129] WARN - Couldn't parse the given raw match line, because it is of an unexpected format.
2023-06-24 18:51:38,506 [amqEmbeddedWorkerJmsContainer-8] [uk.ac.ebi.interpro.scan.io.pirsf.hmmer3.PirsfHmmer3RawMatchParser:130] WARN - Unexpected Raw match line: 1 !  266.6  11.0     6e-83     9e-81       8     418 ..      31     433 ..      16     435 .] 0.90
2023-06-24 18:51:38,506 [amqEmbeddedWorkerJmsContainer-8] [uk.ac.ebi.interpro.scan.io.pirsf.hmmer3.PirsfHmmer3RawMatchParser:129] WARN - Couldn't parse the given raw match line, because it is of an unexpected format.
2023-06-24 18:51:38,506 [amqEmbeddedWorkerJmsContainer-8] [uk.ac.ebi.interpro.scan.io.pirsf.hmmer3.PirsfHmmer3RawMatchParser:130] WARN - Unexpected Raw match line: Query sequence: 418 matches PIRSF001604: DNA ligase (NAD), LigA type
2023-06-24 18:51:38,506 [amqEmbeddedWorkerJmsContainer-8] [uk.ac.ebi.interpro.scan.io.pirsf.hmmer3.PirsfHmmer3RawMatchParser:129] WARN - Couldn't parse the given raw match line, because it is of an unexpected format.
2023-06-24 18:51:38,506 [amqEmbeddedWorkerJmsContainer-8] [uk.ac.ebi.interpro.scan.io.pirsf.hmmer3.PirsfHmmer3RawMatchParser:130] WARN - Unexpected Raw match line: #    score  bias  c-Evalue  i-Evalue hmmfrom  hmm to    alifrom  ali to    envfrom  env to     acc
2023-06-24 18:51:38,506 [amqEmbeddedWorkerJmsContainer-8] [uk.ac.ebi.interpro.scan.io.pirsf.hmmer3.PirsfHmmer3RawMatchParser:129] WARN - Couldn't parse the given raw match line, because it is of an unexpected format.
2023-06-24 18:51:38,507 [amqEmbeddedWorkerJmsContainer-8] [uk.ac.ebi.interpro.scan.io.pirsf.hmmer3.PirsfHmmer3RawMatchParser:130] WARN - Unexpected Raw match line: 1 !  829.2  21.9  2.6e-253  5.8e-251       3     676 ..       4     670 ..       2     671 .] 0.98
2023-06-24 18:51:38,507 [amqEmbeddedWorkerJmsContainer-8] [uk.ac.ebi.interpro.scan.io.pirsf.hmmer3.PirsfHmmer3RawMatchParser:129] WARN - Couldn't parse the given raw match line, because it is of an unexpected format.
2023-06-24 18:51:38,507 [amqEmbeddedWorkerJmsContainer-8] [uk.ac.ebi.interpro.scan.io.pirsf.hmmer3.PirsfHmmer3RawMatchParser:130] WARN - Unexpected Raw match line: Query sequence: 434 matches PIRSF002811: DNA primase
2023-06-24 18:51:38,507 [amqEmbeddedWorkerJmsContainer-8] [uk.ac.ebi.interpro.scan.io.pirsf.hmmer3.PirsfHmmer3RawMatchParser:129] WARN - Couldn't parse the given raw match line, because it is of an unexpected format.
2023-06-24 18:51:38,507 [amqEmbeddedWorkerJmsContainer-8] [uk.ac.ebi.interpro.scan.io.pirsf.hmmer3.PirsfHmmer3RawMatchParser:130] WARN - Unexpected Raw match line: #    score  bias  c-Evalue  i-Evalue hmmfrom  hmm to    alifrom  ali to    envfrom  env to     acc
2023-06-24 18:51:38,507 [amqEmbeddedWorkerJmsContainer-8] [uk.ac.ebi.interpro.scan.io.pirsf.hmmer3.PirsfHmmer3RawMatchParser:129] WARN - Couldn't parse the given raw match line, because it is of an unexpected format.
2023-06-24 18:51:38,507 [amqEmbeddedWorkerJmsContainer-8] [uk.ac.ebi.interpro.scan.io.pirsf.hmmer3.PirsfHmmer3RawMatchParser:130] WARN - Unexpected Raw match line: 1 !  542.3  22.9  3.1e-166  4.6e-164       2     590 ..      12     599 ..      11     603 .] 0.92
2023-06-24 18:51:38,507 [amqEmbeddedWorkerJmsContainer-8] [uk.ac.ebi.interpro.scan.io.pirsf.hmmer3.PirsfHmmer3RawMatchParser:129] WARN - Couldn't parse the given raw match line, because it is of an unexpected format.
2023-06-24 18:51:38,507 [amqEmbeddedWorkerJmsContainer-8] [uk.ac.ebi.interpro.scan.io.pirsf.hmmer3.PirsfHmmer3RawMatchParser:130] WARN - Unexpected Raw match line: Query sequence: 436 matches PIRSF006641: Predicted GTP-dependent nucleic acid-binding protein, EngD type
2023-06-24 18:51:38,507 [amqEmbeddedWorkerJmsContainer-8] [uk.ac.ebi.interpro.scan.io.pirsf.hmmer3.PirsfHmmer3RawMatchParser:129] WARN - Couldn't parse the given raw match line, because it is of an unexpected format.
2023-06-24 18:51:38,507 [amqEmbeddedWorkerJmsContainer-8] [uk.ac.ebi.interpro.scan.io.pirsf.hmmer3.PirsfHmmer3RawMatchParser:130] WARN - Unexpected Raw match line: #    score  bias  c-Evalue  i-Evalue hmmfrom  hmm to    alifrom  ali to    envfrom  env to     acc
2023-06-24 18:51:38,507 [amqEmbeddedWorkerJmsContainer-8] [uk.ac.ebi.interpro.scan.io.pirsf.hmmer3.PirsfHmmer3RawMatchParser:129] WARN - Couldn't parse the given raw match line, because it is of an unexpected format.
2023-06-24 18:51:38,507 [amqEmbeddedWorkerJmsContainer-8] [uk.ac.ebi.interpro.scan.io.pirsf.hmmer3.PirsfHmmer3RawMatchParser:130] WARN - Unexpected Raw match line: 1 !  524.6   4.7  2.6e-161  3.9e-159       3     371 .]      14     377 .]      12     377 .] 0.98
2023-06-24 18:51:38,507 [amqEmbeddedWorkerJmsContainer-8] [uk.ac.ebi.interpro.scan.io.pirsf.hmmer3.PirsfHmmer3RawMatchParser:129] WARN - Couldn't parse the given raw match line, because it is of an unexpected format.
2023-06-24 18:51:38,507 [amqEmbeddedWorkerJmsContainer-8] [uk.ac.ebi.interpro.scan.io.pirsf.hmmer3.PirsfHmmer3RawMatchParser:130] WARN - Unexpected Raw match line: Query sequence: 438 matches PIRSF006485: GTP-binding protein EngA
2023-06-24 18:51:38,507 [amqEmbeddedWorkerJmsContainer-8] [uk.ac.ebi.interpro.scan.io.pirsf.hmmer3.PirsfHmmer3RawMatchParser:129] WARN - Couldn't parse the given raw match line, because it is of an unexpected format.
2023-06-24 18:51:38,508 [amqEmbeddedWorkerJmsContainer-8] [uk.ac.ebi.interpro.scan.io.pirsf.hmmer3.PirsfHmmer3RawMatchParser:130] WARN - Unexpected Raw match line: #    score  bias  c-Evalue  i-Evalue hmmfrom  hmm to    alifrom  ali to    envfrom  env to     acc
2023-06-24 18:51:38,509 [amqEmbeddedWorkerJmsContainer-8] [uk.ac.ebi.interpro.scan.io.pirsf.hmmer3.PirsfHmmer3RawMatchParser:129] WARN - Couldn't parse the given raw match line, because it is of an unexpected format.
2023-06-24 18:51:38,509 [amqEmbeddedWorkerJmsContainer-8] [uk.ac.ebi.interpro.scan.io.pirsf.hmmer3.PirsfHmmer3RawMatchParser:130] WARN - Unexpected Raw match line: 1 !  587.1   3.3  7.6e-180  5.6e-178       2     438 ..      17     452 ..      16     454 .] 0.98
2023-06-24 18:51:38,509 [amqEmbeddedWorkerJmsContainer-8] [uk.ac.ebi.interpro.scan.io.pirsf.hmmer3.PirsfHmmer3RawMatchParser:129] WARN - Couldn't parse the given raw match line, because it is of an unexpected format.
2023-06-24 18:51:38,509 [amqEmbeddedWorkerJmsContainer-8] [uk.ac.ebi.interpro.scan.io.pirsf.hmmer3.PirsfHmmer3RawMatchParser:130] WARN - Unexpected Raw match line: Query sequence: 442 matches PIRSF005499: Polyribonucleotide nucleotidyltransferase
2023-06-24 18:51:38,509 [amqEmbeddedWorkerJmsContainer-8] [uk.ac.ebi.interpro.scan.io.pirsf.hmmer3.PirsfHmmer3RawMatchParser:129] WARN - Couldn't parse the given raw match line, because it is of an unexpected format.
2023-06-24 18:51:38,509 [amqEmbeddedWorkerJmsContainer-8] [uk.ac.ebi.interpro.scan.io.pirsf.hmmer3.PirsfHmmer3RawMatchParser:130] WARN - Unexpected Raw match line: #    score  bias  c-Evalue  i-Evalue hmmfrom  hmm to    alifrom  ali to    envfrom  env to     acc
2023-06-24 18:51:38,509 [amqEmbeddedWorkerJmsContainer-8] [uk.ac.ebi.interpro.scan.io.pirsf.hmmer3.PirsfHmmer3RawMatchParser:129] WARN - Couldn't parse the given raw match line, because it is of an unexpected format.
2023-06-24 18:51:38,509 [amqEmbeddedWorkerJmsContainer-8] [uk.ac.ebi.interpro.scan.io.pirsf.hmmer3.PirsfHmmer3RawMatchParser:130] WARN - Unexpected Raw match line: 1 !  945.9   8.8    3e-288  3.3e-286       5     695 ..      49     744 ..      45     754 .] 0.97
2023-06-24 18:51:38,509 [amqEmbeddedWorkerJmsContainer-8] [uk.ac.ebi.interpro.scan.io.pirsf.hmmer3.PirsfHmmer3RawMatchParser:129] WARN - Couldn't parse the given raw match line, because it is of an unexpected format.
2023-06-24 18:51:38,509 [amqEmbeddedWorkerJmsContainer-8] [uk.ac.ebi.interpro.scan.io.pirsf.hmmer3.PirsfHmmer3RawMatchParser:130] WARN - Unexpected Raw match line: Query sequence: 48 matches PIRSF005091: Predicted membrane sulfatase, HI1246 type
2023-06-24 18:51:38,509 [amqEmbeddedWorkerJmsContainer-8] [uk.ac.ebi.interpro.scan.io.pirsf.hmmer3.PirsfHmmer3RawMatchParser:129] WARN - Couldn't parse the given raw match line, because it is of an unexpected format.
2023-06-24 18:51:38,509 [amqEmbeddedWorkerJmsContainer-8] [uk.ac.ebi.interpro.scan.io.pirsf.hmmer3.PirsfHmmer3RawMatchParser:130] WARN - Unexpected Raw match line: #    score  bias  c-Evalue  i-Evalue hmmfrom  hmm to    alifrom  ali to    envfrom  env to     acc
2023-06-24 18:51:38,509 [amqEmbeddedWorkerJmsContainer-8] [uk.ac.ebi.interpro.scan.io.pirsf.hmmer3.PirsfHmmer3RawMatchParser:129] WARN - Couldn't parse the given raw match line, because it is of an unexpected format.
2023-06-24 18:51:38,509 [amqEmbeddedWorkerJmsContainer-8] [uk.ac.ebi.interpro.scan.io.pirsf.hmmer3.PirsfHmmer3RawMatchParser:130] WARN - Unexpected Raw match line: 1 !  306.3  45.3   2.5e-95   1.1e-92       8     632 ..      23     648 ..      14     649 .] 0.82
2023-06-24 18:51:38,510 [amqEmbeddedWorkerJmsContainer-8] [uk.ac.ebi.interpro.scan.io.pirsf.hmmer3.PirsfHmmer3RawMatchParser:129] WARN - Couldn't parse the given raw match line, because it is of an unexpected format.
2023-06-24 18:51:38,510 [amqEmbeddedWorkerJmsContainer-8] [uk.ac.ebi.interpro.scan.io.pirsf.hmmer3.PirsfHmmer3RawMatchParser:130] WARN - Unexpected Raw match line: Query sequence: 58 matches PIRSF026583: Predicted signal transduction phosphoesterase with modified GGDEF domain, YybT type
2023-06-24 18:51:38,510 [amqEmbeddedWorkerJmsContainer-8] [uk.ac.ebi.interpro.scan.io.pirsf.hmmer3.PirsfHmmer3RawMatchParser:129] WARN - Couldn't parse the given raw match line, because it is of an unexpected format.
2023-06-24 18:51:38,510 [amqEmbeddedWorkerJmsContainer-8] [uk.ac.ebi.interpro.scan.io.pirsf.hmmer3.PirsfHmmer3RawMatchParser:130] WARN - Unexpected Raw match line: #    score  bias  c-Evalue  i-Evalue hmmfrom  hmm to    alifrom  ali to    envfrom  env to     acc
2023-06-24 18:51:38,510 [amqEmbeddedWorkerJmsContainer-8] [uk.ac.ebi.interpro.scan.io.pirsf.hmmer3.PirsfHmmer3RawMatchParser:129] WARN - Couldn't parse the given raw match line, because it is of an unexpected format.
2023-06-24 18:51:38,510 [amqEmbeddedWorkerJmsContainer-8] [uk.ac.ebi.interpro.scan.io.pirsf.hmmer3.PirsfHmmer3RawMatchParser:130] WARN - Unexpected Raw match line: 1 !  650.5  30.3  4.1e-199  6.2e-197       4     657 ..      13     677 ..       8     678 .] 0.91
2023-06-24 18:51:38,510 [amqEmbeddedWorkerJmsContainer-8] [uk.ac.ebi.interpro.scan.io.pirsf.hmmer3.PirsfHmmer3RawMatchParser:129] WARN - Couldn't parse the given raw match line, because it is of an unexpected format.
2023-06-24 18:51:38,510 [amqEmbeddedWorkerJmsContainer-8] [uk.ac.ebi.interpro.scan.io.pirsf.hmmer3.PirsfHmmer3RawMatchParser:130] WARN - Unexpected Raw match line: Query sequence: 65 matches PIRSF000428: Phosphate acetyltransferase
2023-06-24 18:51:38,510 [amqEmbeddedWorkerJmsContainer-8] [uk.ac.ebi.interpro.scan.io.pirsf.hmmer3.PirsfHmmer3RawMatchParser:129] WARN - Couldn't parse the given raw match line, because it is of an unexpected format.
2023-06-24 18:51:38,510 [amqEmbeddedWorkerJmsContainer-8] [uk.ac.ebi.interpro.scan.io.pirsf.hmmer3.PirsfHmmer3RawMatchParser:130] WARN - Unexpected Raw match line: #    score  bias  c-Evalue  i-Evalue hmmfrom  hmm to    alifrom  ali to    envfrom  env to     acc
2023-06-24 18:51:38,512 [amqEmbeddedWorkerJmsContainer-8] [uk.ac.ebi.interpro.scan.io.pirsf.hmmer3.PirsfHmmer3RawMatchParser:129] WARN - Couldn't parse the given raw match line, because it is of an unexpected format.
2023-06-24 18:51:38,512 [amqEmbeddedWorkerJmsContainer-8] [uk.ac.ebi.interpro.scan.io.pirsf.hmmer3.PirsfHmmer3RawMatchParser:130] WARN - Unexpected Raw match line: 1 !  356.4   2.4  7.3e-111  3.3e-108       4     319 ..       1     332 [.       1     335 [] 0.97
2023-06-24 18:51:38,512 [amqEmbeddedWorkerJmsContainer-8] [uk.ac.ebi.interpro.scan.io.pirsf.hmmer3.PirsfHmmer3RawMatchParser:129] WARN - Couldn't parse the given raw match line, because it is of an unexpected format.
2023-06-24 18:51:38,512 [amqEmbeddedWorkerJmsContainer-8] [uk.ac.ebi.interpro.scan.io.pirsf.hmmer3.PirsfHmmer3RawMatchParser:130] WARN - Unexpected Raw match line: Query sequence: 7 matches PIRSF007466: Stage IV sporulation protein A
2023-06-24 18:51:38,512 [amqEmbeddedWorkerJmsContainer-8] [uk.ac.ebi.interpro.scan.io.pirsf.hmmer3.PirsfHmmer3RawMatchParser:129] WARN - Couldn't parse the given raw match line, because it is of an unexpected format.
2023-06-24 18:51:38,512 [amqEmbeddedWorkerJmsContainer-8] [uk.ac.ebi.interpro.scan.io.pirsf.hmmer3.PirsfHmmer3RawMatchParser:130] WARN - Unexpected Raw match line: #    score  bias  c-Evalue  i-Evalue hmmfrom  hmm to    alifrom  ali to    envfrom  env to     acc
2023-06-24 18:51:38,512 [amqEmbeddedWorkerJmsContainer-8] [uk.ac.ebi.interpro.scan.io.pirsf.hmmer3.PirsfHmmer3RawMatchParser:129] WARN - Couldn't parse the given raw match line, because it is of an unexpected format.
2023-06-24 18:51:38,512 [amqEmbeddedWorkerJmsContainer-8] [uk.ac.ebi.interpro.scan.io.pirsf.hmmer3.PirsfHmmer3RawMatchParser:130] WARN - Unexpected Raw match line: 1 !  771.5   7.9  1.9e-236  8.6e-234       1     492 []       1     492 []       1     492 [] 1.00
2023-06-24 18:51:38,512 [amqEmbeddedWorkerJmsContainer-8] [uk.ac.ebi.interpro.scan.io.pirsf.hmmer3.PirsfHmmer3RawMatchParser:129] WARN - Couldn't parse the given raw match line, because it is of an unexpected format.
2023-06-24 18:51:38,512 [amqEmbeddedWorkerJmsContainer-8] [uk.ac.ebi.interpro.scan.io.pirsf.hmmer3.PirsfHmmer3RawMatchParser:130] WARN - Unexpected Raw match line: Query sequence: 73 matches PIRSF000722: Acetate/propionate kinase
2023-06-24 18:51:38,512 [amqEmbeddedWorkerJmsContainer-8] [uk.ac.ebi.interpro.scan.io.pirsf.hmmer3.PirsfHmmer3RawMatchParser:129] WARN - Couldn't parse the given raw match line, because it is of an unexpected format.
2023-06-24 18:51:38,512 [amqEmbeddedWorkerJmsContainer-8] [uk.ac.ebi.interpro.scan.io.pirsf.hmmer3.PirsfHmmer3RawMatchParser:130] WARN - Unexpected Raw match line: #    score  bias  c-Evalue  i-Evalue hmmfrom  hmm to    alifrom  ali to    envfrom  env to     acc
2023-06-24 18:51:38,512 [amqEmbeddedWorkerJmsContainer-8] [uk.ac.ebi.interpro.scan.io.pirsf.hmmer3.PirsfHmmer3RawMatchParser:129] WARN - Couldn't parse the given raw match line, because it is of an unexpected format.
2023-06-24 18:51:38,512 [amqEmbeddedWorkerJmsContainer-8] [uk.ac.ebi.interpro.scan.io.pirsf.hmmer3.PirsfHmmer3RawMatchParser:130] WARN - Unexpected Raw match line: 1 !  502.8   1.0  6.7e-155  1.5e-152       3     400 ..      12     406 ..      10     407 .] 0.98
2023-06-24 18:51:38,512 [amqEmbeddedWorkerJmsContainer-8] [uk.ac.ebi.interpro.scan.io.pirsf.hmmer3.PirsfHmmer3RawMatchParser:129] WARN - Couldn't parse the given raw match line, because it is of an unexpected format.
2023-06-24 18:51:38,512 [amqEmbeddedWorkerJmsContainer-8] [uk.ac.ebi.interpro.scan.io.pirsf.hmmer3.PirsfHmmer3RawMatchParser:130] WARN - Unexpected Raw match line: Query sequence: 82 matches PIRSF001529: Serine-tRNA ligase
2023-06-24 18:51:38,513 [amqEmbeddedWorkerJmsContainer-8] [uk.ac.ebi.interpro.scan.io.pirsf.hmmer3.PirsfHmmer3RawMatchParser:129] WARN - Couldn't parse the given raw match line, because it is of an unexpected format.
2023-06-24 18:51:38,513 [amqEmbeddedWorkerJmsContainer-8] [uk.ac.ebi.interpro.scan.io.pirsf.hmmer3.PirsfHmmer3RawMatchParser:130] WARN - Unexpected Raw match line: #    score  bias  c-Evalue  i-Evalue hmmfrom  hmm to    alifrom  ali to    envfrom  env to     acc
2023-06-24 18:51:38,513 [amqEmbeddedWorkerJmsContainer-8] [uk.ac.ebi.interpro.scan.io.pirsf.hmmer3.PirsfHmmer3RawMatchParser:129] WARN - Couldn't parse the given raw match line, because it is of an unexpected format.
2023-06-24 18:51:38,513 [amqEmbeddedWorkerJmsContainer-8] [uk.ac.ebi.interpro.scan.io.pirsf.hmmer3.PirsfHmmer3RawMatchParser:130] WARN - Unexpected Raw match line: 1 !  434.4   0.3  8.3e-134  9.2e-132       1     425 [.      21     445 ..      21     447 .] 0.98
2023-06-24 18:51:38,513 [amqEmbeddedWorkerJmsContainer-8] [uk.ac.ebi.interpro.scan.io.pirsf.hmmer3.PirsfHmmer3RawMatchParser:129] WARN - Couldn't parse the given raw match line, because it is of an unexpected format.
2023-06-24 18:51:38,513 [amqEmbeddedWorkerJmsContainer-8] [uk.ac.ebi.interpro.scan.io.pirsf.hmmer3.PirsfHmmer3RawMatchParser:130] WARN - Unexpected Raw match line: Query sequence: 90 matches PIRSF000379: Formate acetyltransferase
2023-06-24 18:51:38,513 [amqEmbeddedWorkerJmsContainer-8] [uk.ac.ebi.interpro.scan.io.pirsf.hmmer3.PirsfHmmer3RawMatchParser:129] WARN - Couldn't parse the given raw match line, because it is of an unexpected format.
2023-06-24 18:51:38,513 [amqEmbeddedWorkerJmsContainer-8] [uk.ac.ebi.interpro.scan.io.pirsf.hmmer3.PirsfHmmer3RawMatchParser:130] WARN - Unexpected Raw match line: #    score  bias  c-Evalue  i-Evalue hmmfrom  hmm to    alifrom  ali to    envfrom  env to     acc
2023-06-24 18:51:38,513 [amqEmbeddedWorkerJmsContainer-8] [uk.ac.ebi.interpro.scan.io.pirsf.hmmer3.PirsfHmmer3RawMatchParser:129] WARN - Couldn't parse the given raw match line, because it is of an unexpected format.
2023-06-24 18:51:38,513 [amqEmbeddedWorkerJmsContainer-8] [uk.ac.ebi.interpro.scan.io.pirsf.hmmer3.PirsfHmmer3RawMatchParser:130] WARN - Unexpected Raw match line: 1 ! 1154.9   0.3         0         0       2     746 ..      14     755 ..      13     756 .] 1.00
2023-06-24 18:51:38,513 [amqEmbeddedWorkerJmsContainer-8] [uk.ac.ebi.interpro.scan.io.pirsf.hmmer3.PirsfHmmer3RawMatchParser:129] WARN - Couldn't parse the given raw match line, because it is of an unexpected format.
2023-06-24 18:51:38,513 [amqEmbeddedWorkerJmsContainer-8] [uk.ac.ebi.interpro.scan.io.pirsf.hmmer3.PirsfHmmer3RawMatchParser:130] WARN - Unexpected Raw match line: Query sequence: 99 matches PIRSF004976: Predicted PP-loop ATPase, YdaO type
2023-06-24 18:51:38,513 [amqEmbeddedWorkerJmsContainer-8] [uk.ac.ebi.interpro.scan.io.pirsf.hmmer3.PirsfHmmer3RawMatchParser:129] WARN - Couldn't parse the given raw match line, because it is of an unexpected format.
2023-06-24 18:51:38,513 [amqEmbeddedWorkerJmsContainer-8] [uk.ac.ebi.interpro.scan.io.pirsf.hmmer3.PirsfHmmer3RawMatchParser:130] WARN - Unexpected Raw match line: #    score  bias  c-Evalue  i-Evalue hmmfrom  hmm to    alifrom  ali to    envfrom  env to     acc
2023-06-24 18:51:38,513 [amqEmbeddedWorkerJmsContainer-8] [uk.ac.ebi.interpro.scan.io.pirsf.hmmer3.PirsfHmmer3RawMatchParser:129] WARN - Couldn't parse the given raw match line, because it is of an unexpected format.
2023-06-24 18:51:38,513 [amqEmbeddedWorkerJmsContainer-8] [uk.ac.ebi.interpro.scan.io.pirsf.hmmer3.PirsfHmmer3RawMatchParser:130] WARN - Unexpected Raw match line: 1 !  208.8   0.0   1.4e-65   2.1e-63      30     274 ..       5     240 ..       1     250 [. 0.93
24/06/2023 19:03:43:229 100% done:  InterProScan analyses completed 

2023-06-24 19:03:43,733 [main] [uk.ac.ebi.interpro.scan.jms.master.AbstractMaster:259] WARN - Master process unable to delete temporary directory /projects/raw_lab/jobs/metacerberus/temp/str-c102.uncc.edu_20230624_184835742_jupr
3754.78user 285.97system 15:12.65elapsed 442%CPU (0avgtext+0avgdata 3527384maxresident)k
3338512inputs+1502400outputs (467major+20693908minor)pagefaults 0swaps

======================================================
End Time   : Sat Jun 24 19:03:43 EDT 2023
Run Time   : 913 seconds
======================================================

