=====================================================
Start Time  : Sat Jul  1 17:14:19 EDT 2023
Submit Dir  : /projects/raw_lab/jobs/metacerberus
Job ID/Name : 4128727 / PROKKA
Node List   : str-c94
Num Tasks   : 1 total [1 nodes @ 16 CPUs/node]
======================================================

Loading prokka/1.14.6
  Loading requirement: anaconda3/2022.10
======================================================
Running PROKKA On PHAGES/genomes/NC_023601.fna
======================================================
Viruses
[17:14:21] This is prokka 1.14.6
[17:14:21] Written by Torsten Seemann <torsten.seemann@gmail.com>
[17:14:21] Homepage is https://github.com/tseemann/prokka
[17:14:21] Local time is Sat Jul  1 17:14:21 2023
[17:14:21] You are jlfiguer
[17:14:21] Operating system is linux
[17:14:21] You have BioPerl 1.7.8
Argument "1.7.8" isn't numeric in numeric lt (<) at /apps/pkg/anaconda3/2022.10/envs/prokka-1.14.6/bin/prokka line 259.
[17:14:21] System has 16 cores.
[17:14:21] Will use maximum of 16 cores.
[17:14:21] Annotating as >>> Viruses <<<
[17:14:21] Generating locus_tag from 'PHAGES/genomes/NC_023601.fna' contents.
[17:14:21] Setting --locustag GFMOOOCI from MD5 0f6888c2d1b90f318b51683a8f7dc7ca
[17:14:21] Creating new output folder: results/PROKKA/PHAGES/genomes/NC_023601
[17:14:21] Running: mkdir -p results\/PROKKA\/PHAGES\/genomes\/NC_023601
[17:14:21] Using filename prefix: NC_023601.XXX
[17:14:21] Setting HMMER_NCPU=1
[17:14:21] Writing log to: results/PROKKA/PHAGES/genomes/NC_023601/NC_023601.log
[17:14:21] Command: /apps/pkg/anaconda3/2022.10/envs/prokka-1.14.6/bin/prokka --prefix NC_023601 --outdir results/PROKKA/PHAGES/genomes/NC_023601 --kingdom Viruses --cpus 16 PHAGES/genomes/NC_023601.fna
[17:14:21] Appending to PATH: /apps/pkg/anaconda3/2022.10/envs/prokka-1.14.6/bin
[17:14:21] Looking for 'aragorn' - found /apps/pkg/anaconda3/2022.10/envs/prokka-1.14.6/bin/aragorn
[17:14:21] Determined aragorn version is 001002 from 'ARAGORN v1.2.41 Dean Laslett'
[17:14:21] Looking for 'barrnap' - found /apps/pkg/anaconda3/2022.10/envs/prokka-1.14.6/bin/barrnap
[17:14:21] Determined barrnap version is 000009 from 'barrnap 0.9'
[17:14:21] Looking for 'blastp' - found /apps/pkg/anaconda3/2022.10/envs/prokka-1.14.6/bin/blastp
[17:14:21] Determined blastp version is 002013 from 'blastp: 2.13.0+'
[17:14:21] Looking for 'cmpress' - found /apps/pkg/anaconda3/2022.10/envs/prokka-1.14.6/bin/cmpress
[17:14:21] Determined cmpress version is 001001 from '# INFERNAL 1.1.4 (Dec 2020)'
[17:14:21] Looking for 'cmscan' - found /apps/pkg/anaconda3/2022.10/envs/prokka-1.14.6/bin/cmscan
[17:14:21] Determined cmscan version is 001001 from '# INFERNAL 1.1.4 (Dec 2020)'
[17:14:21] Looking for 'egrep' - found /usr/bin/egrep
[17:14:21] Looking for 'find' - found /usr/bin/find
[17:14:21] Looking for 'grep' - found /usr/bin/grep
[17:14:21] Looking for 'hmmpress' - found /apps/pkg/anaconda3/2022.10/envs/prokka-1.14.6/bin/hmmpress
[17:14:21] Determined hmmpress version is 003003 from '# HMMER 3.3.2 (Nov 2020); http://hmmer.org/'
[17:14:21] Looking for 'hmmscan' - found /apps/pkg/anaconda3/2022.10/envs/prokka-1.14.6/bin/hmmscan
[17:14:21] Determined hmmscan version is 003003 from '# HMMER 3.3.2 (Nov 2020); http://hmmer.org/'
[17:14:21] Looking for 'java' - found /apps/pkg/anaconda3/2022.10/envs/prokka-1.14.6/bin/java
[17:14:21] Looking for 'makeblastdb' - found /apps/pkg/anaconda3/2022.10/envs/prokka-1.14.6/bin/makeblastdb
[17:14:21] Determined makeblastdb version is 002013 from 'makeblastdb: 2.13.0+'
[17:14:21] Looking for 'minced' - found /apps/pkg/anaconda3/2022.10/envs/prokka-1.14.6/bin/minced
[17:14:21] Determined minced version is 004002 from 'minced 0.4.2'
[17:14:21] Looking for 'parallel' - found /apps/pkg/anaconda3/2022.10/envs/prokka-1.14.6/bin/parallel
[17:14:21] Determined parallel version is 20230122 from 'GNU parallel 20230122'
[17:14:21] Looking for 'prodigal' - found /apps/pkg/anaconda3/2022.10/envs/prokka-1.14.6/bin/prodigal
[17:14:21] Determined prodigal version is 002006 from 'Prodigal V2.6.3: February, 2016'
[17:14:21] Looking for 'prokka-genbank_to_fasta_db' - found /apps/pkg/anaconda3/2022.10/envs/prokka-1.14.6/bin/prokka-genbank_to_fasta_db
[17:14:21] Looking for 'sed' - found /usr/bin/sed
[17:14:21] Looking for 'tbl2asn' - found /apps/pkg/anaconda3/2022.10/envs/prokka-1.14.6/bin/tbl2asn
[17:14:21] Determined tbl2asn version is 025007 from 'tbl2asn 25.7   arguments:'
[17:14:21] Using genetic code table 1.
[17:14:21] Loading and checking input file: PHAGES/genomes/NC_023601.fna
[17:14:21] Wrote 1 contigs totalling 98287 bp.
[17:14:21] Predicting tRNAs and tmRNAs
[17:14:21] Running: aragorn -l -gc1  -w results\/PROKKA\/PHAGES\/genomes\/NC_023601\/NC_023601\.fna
[17:14:21] 1 tRNA-Lys [25358,25434] 35 (ttt)
[17:14:21] 2 tRNA-Ser [25642,25731] 33 (aga)
[17:14:21] 3 tRNA-Leu [25738,25814] 35 (caa)
[17:14:21] 4 tRNA-Val [25821,25894] 33 (tac)
[17:14:21] 5 tRNA-Gln [26041,26117] 36 (ttg)
[17:14:21] 6 tRNA-Trp [26789,26865] 35 (cca)
[17:14:21] 7 tRNA-Arg [26959,27035] 36 (tct)
[17:14:21] 8 tRNA-Glu [27255,27331] 35 (ttc)
[17:14:21] 9 tRNA-Asp [27336,27411] 34 (gtc)
[17:14:21] 10 tRNA-Thr [27472,27546] 34 (tgt)
[17:14:21] 11 tRNA-Ile [27553,27627] 34 (gat)
[17:14:21] 12 tRNA-Arg [27634,27711] 36 (acg)
[17:14:21] 13 tRNA-Asn [27867,27943] 35 (gtt)
[17:14:21] 14 tRNA-Asn [27950,28036] 37 (gtt)
[17:14:21] 15 tRNA-Pro [28155,28228] 33 (tgg)
[17:14:21] 16 tRNA-Ala [28372,28445] 33 (tgc)
[17:14:21] 17 tRNA-Leu [28705,28781] 35 (tag)
[17:14:21] 18 tRNA-Cys [28839,28913] 34 (gca)
[17:14:21] 19 tRNA-Gly [28920,28995] 35 (tcc)
[17:14:21] 20 tRNA-Phe [29001,29076] 35 (gaa)
[17:14:21] Found 20 tRNAs
[17:14:21] Disabling rRNA search: --kingdom=Viruses or --norrna=0
[17:14:21] Skipping ncRNA search, enable with --rfam if desired.
[17:14:21] Total of 20 tRNA + rRNA features
[17:14:21] Searching for CRISPR repeats
[17:14:21] Found 0 CRISPRs
[17:14:21] Predicting coding sequences
[17:14:21] Contigs total 98287 bp, so using meta mode
[17:14:21] Running: prodigal -i results\/PROKKA\/PHAGES\/genomes\/NC_023601\/NC_023601\.fna -c -m -g 1 -p meta -f sco -q
[17:14:22] Excluding CDS which overlaps existing RNA (tRNA) at NC_023601:27253..27486 on + strand
[17:14:22] Found 174 CDS
[17:14:22] Connecting features back to sequences
[17:14:22] Not using genus-specific database. Try --usegenus to enable it.
[17:14:22] Annotating CDS, please be patient.
[17:14:22] Will use 16 CPUs for similarity searching.

--------------------- WARNING ---------------------
MSG: Seq [NC_023601]: Not using a valid initiator codon!
---------------------------------------------------

--------------------- WARNING ---------------------
MSG: Seq [NC_023601]: Not using a valid initiator codon!
---------------------------------------------------

--------------------- WARNING ---------------------
MSG: Seq [NC_023601]: Not using a valid initiator codon!
---------------------------------------------------

--------------------- WARNING ---------------------
MSG: Seq [NC_023601]: Not using a valid initiator codon!
---------------------------------------------------

--------------------- WARNING ---------------------
MSG: Seq [NC_023601]: Not using a valid initiator codon!
---------------------------------------------------

--------------------- WARNING ---------------------
MSG: Seq [NC_023601]: Not using a valid initiator codon!
---------------------------------------------------
[17:14:22] There are still 174 unannotated CDS left (started with 174)
[17:14:22] Will use blast to search against /apps/pkg/anaconda3/2022.10/envs/prokka-1.14.6/db/kingdom/Viruses/sprot with 16 CPUs
[17:14:22] Running: cat results\/PROKKA\/PHAGES\/genomes\/NC_023601\/NC_023601\.sprot\.tmp\.3201598\.faa | parallel --gnu --plain -j 16 --block 938 --recstart '>' --pipe blastp -query - -db /apps/pkg/anaconda3/2022.10/envs/prokka-1.14.6/db/kingdom/Viruses/sprot -evalue 1e-09 -qcov_hsp_perc 80 -num_threads 1 -num_descriptions 1 -num_alignments 1 -seg no > results\/PROKKA\/PHAGES\/genomes\/NC_023601\/NC_023601\.sprot\.tmp\.3201598\.blast 2> /dev/null
[17:14:23] Deleting unwanted file: results/PROKKA/PHAGES/genomes/NC_023601/NC_023601.sprot.tmp.3201598.faa
[17:14:23] Deleting unwanted file: results/PROKKA/PHAGES/genomes/NC_023601/NC_023601.sprot.tmp.3201598.blast
[17:14:23] Labelling remaining 169 proteins as 'hypothetical protein'
[17:14:23] Possible /pseudo 'Structural protein ORF10' at NC_023601 position 42701
[17:14:23] Found 2 unique /gene codes.
[17:14:23] Fixed 0 colliding /gene names.
[17:14:23] Adding /locus_tag identifiers
[17:14:23] Assigned 194 locus_tags to CDS and RNA features.
[17:14:23] Writing outputs to results/PROKKA/PHAGES/genomes/NC_023601/

--------------------- WARNING ---------------------
MSG: Seq [GFMOOOCI_00001]: Not using a valid initiator codon!
---------------------------------------------------

--------------------- WARNING ---------------------
MSG: Seq [GFMOOOCI_00046]: Not using a valid initiator codon!
---------------------------------------------------

--------------------- WARNING ---------------------
MSG: Seq [GFMOOOCI_00103]: Not using a valid initiator codon!
---------------------------------------------------

--------------------- WARNING ---------------------
MSG: Seq [GFMOOOCI_00123]: Not using a valid initiator codon!
---------------------------------------------------

--------------------- WARNING ---------------------
MSG: Seq [GFMOOOCI_00132]: Not using a valid initiator codon!
---------------------------------------------------

--------------------- WARNING ---------------------
MSG: Seq [GFMOOOCI_00151]: Not using a valid initiator codon!
---------------------------------------------------
[17:14:23] Generating annotation statistics file
[17:14:23] Generating Genbank and Sequin files
[17:14:23] Running: tbl2asn -V b -a r10k -l paired-ends -M n -N 1 -y 'Annotated using prokka 1.14.6 from https://github.com/tseemann/prokka' -Z results\/PROKKA\/PHAGES\/genomes\/NC_023601\/NC_023601\.err -i results\/PROKKA\/PHAGES\/genomes\/NC_023601\/NC_023601\.fsa 2> /dev/null
[tbl2asn-forever] Found Prokka input, correcting dates in .gbf|.sqn files.
[tbl2asn-forever] Correcting dates in results/PROKKA/PHAGES/genomes/NC_023601/NC_023601.gbf
[tbl2asn-forever] Correcting dates in results/PROKKA/PHAGES/genomes/NC_023601/NC_023601.sqn
[tbl2asn-forever] Dates changed from 01-JAN-2019 to 01-JUL-2023
[17:14:24] Deleting unwanted file: results/PROKKA/PHAGES/genomes/NC_023601/errorsummary.val
[17:14:24] Deleting unwanted file: results/PROKKA/PHAGES/genomes/NC_023601/NC_023601.dr
[17:14:24] Deleting unwanted file: results/PROKKA/PHAGES/genomes/NC_023601/NC_023601.fixedproducts
[17:14:24] Deleting unwanted file: results/PROKKA/PHAGES/genomes/NC_023601/NC_023601.ecn
[17:14:24] Deleting unwanted file: results/PROKKA/PHAGES/genomes/NC_023601/NC_023601.val
[17:14:24] Repairing broken .GBK output that tbl2asn produces...
[17:14:24] Running: sed 's/COORDINATES: profile/COORDINATES:profile/' < results\/PROKKA\/PHAGES\/genomes\/NC_023601\/NC_023601\.gbf > results\/PROKKA\/PHAGES\/genomes\/NC_023601\/NC_023601\.gbk
[17:14:24] Deleting unwanted file: results/PROKKA/PHAGES/genomes/NC_023601/NC_023601.gbf
[17:14:24] Output files:
[17:14:24] results/PROKKA/PHAGES/genomes/NC_023601/NC_023601.log
[17:14:24] results/PROKKA/PHAGES/genomes/NC_023601/NC_023601.fna
[17:14:24] results/PROKKA/PHAGES/genomes/NC_023601/NC_023601.gff
[17:14:24] results/PROKKA/PHAGES/genomes/NC_023601/NC_023601.faa
[17:14:24] results/PROKKA/PHAGES/genomes/NC_023601/NC_023601.ffn
[17:14:24] results/PROKKA/PHAGES/genomes/NC_023601/NC_023601.tbl
[17:14:24] results/PROKKA/PHAGES/genomes/NC_023601/NC_023601.fsa
[17:14:24] results/PROKKA/PHAGES/genomes/NC_023601/NC_023601.tsv
[17:14:24] results/PROKKA/PHAGES/genomes/NC_023601/NC_023601.txt
[17:14:24] results/PROKKA/PHAGES/genomes/NC_023601/NC_023601.err
[17:14:24] results/PROKKA/PHAGES/genomes/NC_023601/NC_023601.sqn
[17:14:24] results/PROKKA/PHAGES/genomes/NC_023601/NC_023601.gbk
[17:14:24] Annotation finished successfully.
[17:14:24] Walltime used: 0.05 minutes
[17:14:24] If you use this result please cite the Prokka paper:
[17:14:24] Seemann T (2014) Prokka: rapid prokaryotic genome annotation. Bioinformatics. 30(14):2068-9.
[17:14:24] Type 'prokka --citation' for more details.
[17:14:24] Share and enjoy!
6.35user 0.74system 0:03.09elapsed 229%CPU (0avgtext+0avgdata 70172maxresident)k
1568inputs+20000outputs (0major+254713minor)pagefaults 0swaps

======================================================
End Time   : Sat Jul  1 17:14:24 EDT 2023
Run Time   : 5 seconds
======================================================

