=====================================================
Start Time  : Sat Jun 24 20:51:40 EDT 2023
Submit Dir  : /projects/raw_lab/jobs/metacerberus
Job ID/Name : 3996696 / InterProScan
Node List   : str-c99
Num Tasks   : 1 total [1 nodes @ 16 CPUs/node]
======================================================

Loading interproscan/5.60-92.0
  Loading requirement: anaconda3/2020.11 openjdk/15
======================================================
Running InterProScan On PHAGES/genomes/NC_048640.fna
======================================================
24/06/2023 20:51:41:313 Welcome to InterProScan-5.60-92.0
24/06/2023 20:51:41:314 Running InterProScan v5 in STANDALONE mode... on Linux
24/06/2023 20:51:45:295 RunID: str-c99.uncc.edu_20230624_205145122_d3kt
24/06/2023 20:51:53:807 Loading file /projects/raw_lab/jobs/metacerberus/PHAGES/genomes/NC_048640.fna
24/06/2023 20:51:54:287 Running the following analyses:
[AntiFam-7.0,CDD-3.20,Coils-2.2.1,FunFam-4.3.0,Gene3D-4.3.0,Hamap-2021_04,MobiDBLite-2.0,PANTHER-17.0,Pfam-35.0,PIRSF-3.10,PIRSR-2021_05,PRINTS-42.0,ProSitePatterns-2022_01,ProSiteProfiles-2022_01,SFLD-4,SMART-7.1,SUPERFAMILY-1.75,TIGRFAM-15.0]
Pre-calculated match lookup service DISABLED.  Please wait for match calculations to complete...
2023-06-24 20:52:12,682 [amqEmbeddedWorkerJmsContainer-9] [uk.ac.ebi.interpro.scan.io.pirsf.hmmer3.PirsfHmmer3RawMatchParser:129] WARN - Couldn't parse the given raw match line, because it is of an unexpected format.
2023-06-24 20:52:12,686 [amqEmbeddedWorkerJmsContainer-9] [uk.ac.ebi.interpro.scan.io.pirsf.hmmer3.PirsfHmmer3RawMatchParser:130] WARN - Unexpected Raw match line: Query sequence: 7 matches PIRSF019260: Predicted phage portal protein, PBSX XkdE type
2023-06-24 20:52:12,686 [amqEmbeddedWorkerJmsContainer-9] [uk.ac.ebi.interpro.scan.io.pirsf.hmmer3.PirsfHmmer3RawMatchParser:129] WARN - Couldn't parse the given raw match line, because it is of an unexpected format.
2023-06-24 20:52:12,687 [amqEmbeddedWorkerJmsContainer-9] [uk.ac.ebi.interpro.scan.io.pirsf.hmmer3.PirsfHmmer3RawMatchParser:130] WARN - Unexpected Raw match line: #    score  bias  c-Evalue  i-Evalue hmmfrom  hmm to    alifrom  ali to    envfrom  env to     acc
2023-06-24 20:52:12,687 [amqEmbeddedWorkerJmsContainer-9] [uk.ac.ebi.interpro.scan.io.pirsf.hmmer3.PirsfHmmer3RawMatchParser:129] WARN - Couldn't parse the given raw match line, because it is of an unexpected format.
2023-06-24 20:52:12,687 [amqEmbeddedWorkerJmsContainer-9] [uk.ac.ebi.interpro.scan.io.pirsf.hmmer3.PirsfHmmer3RawMatchParser:130] WARN - Unexpected Raw match line: 1 !  389.8   0.3  1.9e-120  3.1e-117       1     459 [.      12     520 ..      12     523 .. 0.93
2023-06-24 20:53:33,607 [amqEmbeddedWorkerJmsContainer-7] [uk.ac.ebi.interpro.scan.management.model.implementations.WriteOutputStep:344] WARN - At write output completion, unable to delete temporary directory /projects/raw_lab/jobs/metacerberus/temp/str-c99.uncc.edu_20230624_205145122_d3kt
24/06/2023 20:53:33:643 100% done:  InterProScan analyses completed 

2023-06-24 20:53:34,145 [main] [uk.ac.ebi.interpro.scan.jms.master.AbstractMaster:259] WARN - Master process unable to delete temporary directory /projects/raw_lab/jobs/metacerberus/temp/str-c99.uncc.edu_20230624_205145122_d3kt
2023-06-24 20:53:34,151 [main] [uk.ac.ebi.interpro.scan.jms.main.Run:1778] WARN - At Run completion, unable to delete temporary directory /projects/raw_lab/jobs/metacerberus/temp/str-c99.uncc.edu_20230624_205145122_d3kt
260.07user 23.33system 1:53.49elapsed 249%CPU (0avgtext+0avgdata 3135780maxresident)k
541856inputs+506528outputs (14major+1704109minor)pagefaults 0swaps

======================================================
End Time   : Sat Jun 24 20:53:34 EDT 2023
Run Time   : 114 seconds
======================================================

