=====================================================
Start Time  : Sat Jul  1 17:14:26 EDT 2023
Submit Dir  : /projects/raw_lab/jobs/metacerberus
Job ID/Name : 4128769 / PROKKA
Node List   : str-c89
Num Tasks   : 1 total [1 nodes @ 16 CPUs/node]
======================================================

Loading prokka/1.14.6
  Loading requirement: anaconda3/2022.10
======================================================
Running PROKKA On CPR/SAMN03319918.fna
======================================================
Viruses
[17:14:27] This is prokka 1.14.6
[17:14:27] Written by Torsten Seemann <torsten.seemann@gmail.com>
[17:14:27] Homepage is https://github.com/tseemann/prokka
[17:14:27] Local time is Sat Jul  1 17:14:27 2023
[17:14:27] You are jlfiguer
[17:14:27] Operating system is linux
[17:14:27] You have BioPerl 1.7.8
Argument "1.7.8" isn't numeric in numeric lt (<) at /apps/pkg/anaconda3/2022.10/envs/prokka-1.14.6/bin/prokka line 259.
[17:14:27] System has 16 cores.
[17:14:27] Will use maximum of 16 cores.
[17:14:27] Annotating as >>> Viruses <<<
[17:14:27] Generating locus_tag from 'CPR/SAMN03319918.fna' contents.
[17:14:28] Setting --locustag EKNJEIPA from MD5 e473e29a1f099cfdd9d02a1c33d60061
[17:14:28] Creating new output folder: results/PROKKA/CPR/SAMN03319918
[17:14:28] Running: mkdir -p results\/PROKKA\/CPR\/SAMN03319918
[17:14:28] Using filename prefix: SAMN03319918.XXX
[17:14:28] Setting HMMER_NCPU=1
[17:14:28] Writing log to: results/PROKKA/CPR/SAMN03319918/SAMN03319918.log
[17:14:28] Command: /apps/pkg/anaconda3/2022.10/envs/prokka-1.14.6/bin/prokka --prefix SAMN03319918 --outdir results/PROKKA/CPR/SAMN03319918 --kingdom Viruses --cpus 16 CPR/SAMN03319918.fna
[17:14:28] Appending to PATH: /apps/pkg/anaconda3/2022.10/envs/prokka-1.14.6/bin
[17:14:28] Looking for 'aragorn' - found /apps/pkg/anaconda3/2022.10/envs/prokka-1.14.6/bin/aragorn
[17:14:28] Determined aragorn version is 001002 from 'ARAGORN v1.2.41 Dean Laslett'
[17:14:28] Looking for 'barrnap' - found /apps/pkg/anaconda3/2022.10/envs/prokka-1.14.6/bin/barrnap
[17:14:28] Determined barrnap version is 000009 from 'barrnap 0.9'
[17:14:28] Looking for 'blastp' - found /apps/pkg/anaconda3/2022.10/envs/prokka-1.14.6/bin/blastp
[17:14:28] Determined blastp version is 002013 from 'blastp: 2.13.0+'
[17:14:28] Looking for 'cmpress' - found /apps/pkg/anaconda3/2022.10/envs/prokka-1.14.6/bin/cmpress
[17:14:28] Determined cmpress version is 001001 from '# INFERNAL 1.1.4 (Dec 2020)'
[17:14:28] Looking for 'cmscan' - found /apps/pkg/anaconda3/2022.10/envs/prokka-1.14.6/bin/cmscan
[17:14:28] Determined cmscan version is 001001 from '# INFERNAL 1.1.4 (Dec 2020)'
[17:14:28] Looking for 'egrep' - found /usr/bin/egrep
[17:14:28] Looking for 'find' - found /usr/bin/find
[17:14:28] Looking for 'grep' - found /usr/bin/grep
[17:14:28] Looking for 'hmmpress' - found /apps/pkg/anaconda3/2022.10/envs/prokka-1.14.6/bin/hmmpress
[17:14:28] Determined hmmpress version is 003003 from '# HMMER 3.3.2 (Nov 2020); http://hmmer.org/'
[17:14:28] Looking for 'hmmscan' - found /apps/pkg/anaconda3/2022.10/envs/prokka-1.14.6/bin/hmmscan
[17:14:28] Determined hmmscan version is 003003 from '# HMMER 3.3.2 (Nov 2020); http://hmmer.org/'
[17:14:28] Looking for 'java' - found /apps/pkg/anaconda3/2022.10/envs/prokka-1.14.6/bin/java
[17:14:28] Looking for 'makeblastdb' - found /apps/pkg/anaconda3/2022.10/envs/prokka-1.14.6/bin/makeblastdb
[17:14:28] Determined makeblastdb version is 002013 from 'makeblastdb: 2.13.0+'
[17:14:28] Looking for 'minced' - found /apps/pkg/anaconda3/2022.10/envs/prokka-1.14.6/bin/minced
[17:14:28] Determined minced version is 004002 from 'minced 0.4.2'
[17:14:28] Looking for 'parallel' - found /apps/pkg/anaconda3/2022.10/envs/prokka-1.14.6/bin/parallel
[17:14:28] Determined parallel version is 20230122 from 'GNU parallel 20230122'
[17:14:28] Looking for 'prodigal' - found /apps/pkg/anaconda3/2022.10/envs/prokka-1.14.6/bin/prodigal
[17:14:28] Determined prodigal version is 002006 from 'Prodigal V2.6.3: February, 2016'
[17:14:28] Looking for 'prokka-genbank_to_fasta_db' - found /apps/pkg/anaconda3/2022.10/envs/prokka-1.14.6/bin/prokka-genbank_to_fasta_db
[17:14:28] Looking for 'sed' - found /usr/bin/sed
[17:14:28] Looking for 'tbl2asn' - found /apps/pkg/anaconda3/2022.10/envs/prokka-1.14.6/bin/tbl2asn
[17:14:28] Determined tbl2asn version is 025007 from 'tbl2asn 25.7   arguments:'
[17:14:28] Using genetic code table 1.
[17:14:28] Loading and checking input file: CPR/SAMN03319918.fna
[17:14:28] Wrote 51 contigs totalling 899933 bp.
[17:14:28] Predicting tRNAs and tmRNAs
[17:14:28] Running: aragorn -l -gc1  -w results\/PROKKA\/CPR\/SAMN03319918\/SAMN03319918\.fna
[17:14:28] 1 tRNA-Val [50551,50625] 35 (cac)
[17:14:28] 1 tRNA-Trp c[585,656] 33 (cca)
[17:14:28] 2 tRNA-Thr c[8114,8187] 33 (ggt)
[17:14:28] 3 tRNA-Tyr c[10094,10177] 35 (gta)
[17:14:28] 1 tRNA-Arg [3460,3532] 34 (tcg)
[17:14:28] 1 tRNA-Ala [21045,21116] 33 (ggc)
[17:14:28] 1 tRNA-Asp [17584,17659] 36 (gtc)
[17:14:28] 2 tRNA-Gly [20275,20346] 33 (ccc)
[17:14:28] 3 tRNA-Thr c[20352,20424] 33 (cgt)
[17:14:28] 1 tRNA-Cys [7057,7130] 33 (gca)
[17:14:28] 1 tRNA-Ile c[18058,18130] 33 (gat)
[17:14:28] 1 tRNA-Gly c[153,224] 33 (tcc)
[17:14:28] 2 tRNA-Leu c[6273,6359] 34 (taa)
[17:14:28] 3 tRNA-Leu [6675,6761] 35 (cag)
[17:14:28] 4 tRNA-Leu [6768,6855] 36 (gag)
[17:14:28] 5 tRNA-Val [6936,7012] 35 (tac)
[17:14:28] 6 tRNA-Pro [7069,7141] 33 (tgg)
[17:14:28] 7 tRNA-Phe [7822,7895] 35 (gaa)
[17:14:28] 8 tRNA-Gly [9232,9304] 33 (gcc)
[17:14:28] 9 tRNA-Leu [12141,12224] 34 (tag)
[17:14:28] 10 tRNA-Val [16397,16471] 35 (gac)
[17:14:28] 1 tRNA-Glu c[8074,8148] 35 (ttc)
[17:14:28] 2 tRNA-Lys [9218,9291] 33 (ttt)
[17:14:28] 1 tRNA-Glu [11408,11481] 35 (ctc)
[17:14:28] 1 tRNA-Arg c[475,548] 34 (ccg)
[17:14:28] 2 tRNA-Ser c[550,636] 34 (cga)
[17:14:28] 3 tRNA-Arg c[642,714] 34 (gcg)
[17:14:28] 4 tRNA-Ser [3148,3235] 35 (gga)
[17:14:28] 5 tRNA-Asn [12523,12595] 33 (gtt)
[17:14:28] 1 tRNA-Ala c[15936,16011] 35 (tgc)
[17:14:28] 1 tRNA-Ile c[2118,2190] 34 (tat)
[17:14:28] 1 tRNA-Leu c[4,89] 34 (caa)
[17:14:28] 1 tRNA-Met [4109,4179] 32 (cat)
[17:14:28] 1 tRNA-Arg [763,835] 34 (cct)
[17:14:28] 2 tRNA-Pro [878,952] 33 (cgg)
[17:14:28] Found 35 tRNAs
[17:14:28] Disabling rRNA search: --kingdom=Viruses or --norrna=0
[17:14:28] Skipping ncRNA search, enable with --rfam if desired.
[17:14:28] Total of 35 tRNA + rRNA features
[17:14:28] Searching for CRISPR repeats
[17:14:28] Found 0 CRISPRs
[17:14:28] Predicting coding sequences
[17:14:28] Contigs total 899933 bp, so using single mode
[17:14:28] Running: prodigal -i results\/PROKKA\/CPR\/SAMN03319918\/SAMN03319918\.fna -c -m -g 1 -p single -f sco -q
[17:14:29] Excluding CDS which overlaps existing RNA (tRNA) at LCNV01000001.1:50426..51394 on + strand
[17:14:29] Excluding CDS which overlaps existing RNA (tRNA) at LCNV01000003.1:10012..10206 on - strand
[17:14:29] Excluding CDS which overlaps existing RNA (tRNA) at LCNV01000021.1:7583..8077 on + strand
[17:14:29] Excluding CDS which overlaps existing RNA (tRNA) at LCNV01000021.1:9232..9576 on + strand
[17:14:29] Excluding CDS which overlaps existing RNA (tRNA) at LCNV01000024.1:12440..12691 on - strand
[17:14:29] Excluding CDS which overlaps existing RNA (tRNA) at LCNV01000040.1:4081..4293 on - strand
[17:14:29] Found 971 CDS
[17:14:29] Connecting features back to sequences
[17:14:29] Not using genus-specific database. Try --usegenus to enable it.
[17:14:29] Annotating CDS, please be patient.
[17:14:29] Will use 16 CPUs for similarity searching.
[17:14:30] There are still 971 unannotated CDS left (started with 971)
[17:14:30] Will use blast to search against /apps/pkg/anaconda3/2022.10/envs/prokka-1.14.6/db/kingdom/Viruses/sprot with 16 CPUs
[17:14:30] Running: cat results\/PROKKA\/CPR\/SAMN03319918\/SAMN03319918\.sprot\.tmp\.579379\.faa | parallel --gnu --plain -j 16 --block 8178 --recstart '>' --pipe blastp -query - -db /apps/pkg/anaconda3/2022.10/envs/prokka-1.14.6/db/kingdom/Viruses/sprot -evalue 1e-09 -qcov_hsp_perc 80 -num_threads 1 -num_descriptions 1 -num_alignments 1 -seg no > results\/PROKKA\/CPR\/SAMN03319918\/SAMN03319918\.sprot\.tmp\.579379\.blast 2> /dev/null
[17:14:32] Deleting unwanted file: results/PROKKA/CPR/SAMN03319918/SAMN03319918.sprot.tmp.579379.faa
[17:14:32] Deleting unwanted file: results/PROKKA/CPR/SAMN03319918/SAMN03319918.sprot.tmp.579379.blast
[17:14:32] Labelling remaining 968 proteins as 'hypothetical protein'
[17:14:32] Found 3 unique /gene codes.
[17:14:32] Fixed 0 colliding /gene names.
[17:14:32] Adding /locus_tag identifiers
[17:14:32] Assigned 1006 locus_tags to CDS and RNA features.
[17:14:32] Writing outputs to results/PROKKA/CPR/SAMN03319918/
[17:14:32] Generating annotation statistics file
[17:14:32] Generating Genbank and Sequin files
[17:14:32] Running: tbl2asn -V b -a r10k -l paired-ends -M n -N 1 -y 'Annotated using prokka 1.14.6 from https://github.com/tseemann/prokka' -Z results\/PROKKA\/CPR\/SAMN03319918\/SAMN03319918\.err -i results\/PROKKA\/CPR\/SAMN03319918\/SAMN03319918\.fsa 2> /dev/null
[tbl2asn-forever] Found Prokka input, correcting dates in .gbf|.sqn files.
[tbl2asn-forever] Correcting dates in results/PROKKA/CPR/SAMN03319918/SAMN03319918.gbf
[tbl2asn-forever] Correcting dates in results/PROKKA/CPR/SAMN03319918/SAMN03319918.sqn
[tbl2asn-forever] Dates changed from 01-JAN-2019 to 01-JUL-2023
[17:14:34] Deleting unwanted file: results/PROKKA/CPR/SAMN03319918/errorsummary.val
[17:14:34] Deleting unwanted file: results/PROKKA/CPR/SAMN03319918/SAMN03319918.dr
[17:14:34] Deleting unwanted file: results/PROKKA/CPR/SAMN03319918/SAMN03319918.fixedproducts
[17:14:34] Deleting unwanted file: results/PROKKA/CPR/SAMN03319918/SAMN03319918.ecn
[17:14:34] Deleting unwanted file: results/PROKKA/CPR/SAMN03319918/SAMN03319918.val
[17:14:34] Repairing broken .GBK output that tbl2asn produces...
[17:14:34] Running: sed 's/COORDINATES: profile/COORDINATES:profile/' < results\/PROKKA\/CPR\/SAMN03319918\/SAMN03319918\.gbf > results\/PROKKA\/CPR\/SAMN03319918\/SAMN03319918\.gbk
[17:14:34] Deleting unwanted file: results/PROKKA/CPR/SAMN03319918/SAMN03319918.gbf
[17:14:34] Output files:
[17:14:34] results/PROKKA/CPR/SAMN03319918/SAMN03319918.log
[17:14:34] results/PROKKA/CPR/SAMN03319918/SAMN03319918.fna
[17:14:34] results/PROKKA/CPR/SAMN03319918/SAMN03319918.gff
[17:14:34] results/PROKKA/CPR/SAMN03319918/SAMN03319918.faa
[17:14:34] results/PROKKA/CPR/SAMN03319918/SAMN03319918.ffn
[17:14:34] results/PROKKA/CPR/SAMN03319918/SAMN03319918.tbl
[17:14:34] results/PROKKA/CPR/SAMN03319918/SAMN03319918.fsa
[17:14:34] results/PROKKA/CPR/SAMN03319918/SAMN03319918.tsv
[17:14:34] results/PROKKA/CPR/SAMN03319918/SAMN03319918.txt
[17:14:34] results/PROKKA/CPR/SAMN03319918/SAMN03319918.err
[17:14:34] results/PROKKA/CPR/SAMN03319918/SAMN03319918.sqn
[17:14:34] results/PROKKA/CPR/SAMN03319918/SAMN03319918.gbk
[17:14:34] Annotation finished successfully.
[17:14:34] Walltime used: 0.12 minutes
[17:14:34] If you use this result please cite the Prokka paper:
[17:14:34] Seemann T (2014) Prokka: rapid prokaryotic genome annotation. Bioinformatics. 30(14):2068-9.
[17:14:34] Type 'prokka --citation' for more details.
[17:14:34] Share and enjoy!
22.60user 0.74system 0:06.58elapsed 354%CPU (0avgtext+0avgdata 119616maxresident)k
15616inputs+50208outputs (0major+247304minor)pagefaults 0swaps

======================================================
End Time   : Sat Jul  1 17:14:34 EDT 2023
Run Time   : 8 seconds
======================================================

