=====================================================
Start Time  : Sat Jun 24 20:48:26 EDT 2023
Submit Dir  : /projects/raw_lab/jobs/metacerberus
Job ID/Name : 3996035 / InterProScan
Node List   : str-c90
Num Tasks   : 1 total [1 nodes @ 16 CPUs/node]
======================================================

Loading interproscan/5.60-92.0
  Loading requirement: anaconda3/2020.11 openjdk/15
======================================================
Running InterProScan On PHAGES/genomes/NC_053504.fna
======================================================
24/06/2023 20:48:27:259 Welcome to InterProScan-5.60-92.0
24/06/2023 20:48:27:259 Running InterProScan v5 in STANDALONE mode... on Linux
24/06/2023 20:48:31:298 RunID: str-c90.uncc.edu_20230624_204831125_4xi8
24/06/2023 20:48:39:775 Loading file /projects/raw_lab/jobs/metacerberus/PHAGES/genomes/NC_053504.fna
24/06/2023 20:48:40:248 Running the following analyses:
[AntiFam-7.0,CDD-3.20,Coils-2.2.1,FunFam-4.3.0,Gene3D-4.3.0,Hamap-2021_04,MobiDBLite-2.0,PANTHER-17.0,Pfam-35.0,PIRSF-3.10,PIRSR-2021_05,PRINTS-42.0,ProSitePatterns-2022_01,ProSiteProfiles-2022_01,SFLD-4,SMART-7.1,SUPERFAMILY-1.75,TIGRFAM-15.0]
Pre-calculated match lookup service DISABLED.  Please wait for match calculations to complete...
2023-06-24 20:49:01,434 [amqEmbeddedWorkerJmsContainer-9] [uk.ac.ebi.interpro.scan.io.pirsf.hmmer3.PirsfHmmer3RawMatchParser:129] WARN - Couldn't parse the given raw match line, because it is of an unexpected format.
2023-06-24 20:49:01,439 [amqEmbeddedWorkerJmsContainer-9] [uk.ac.ebi.interpro.scan.io.pirsf.hmmer3.PirsfHmmer3RawMatchParser:130] WARN - Unexpected Raw match line: Query sequence: 3 matches PIRSF005943: Nicotinamide phosphoribosyl transferase
2023-06-24 20:49:01,439 [amqEmbeddedWorkerJmsContainer-9] [uk.ac.ebi.interpro.scan.io.pirsf.hmmer3.PirsfHmmer3RawMatchParser:129] WARN - Couldn't parse the given raw match line, because it is of an unexpected format.
2023-06-24 20:49:01,439 [amqEmbeddedWorkerJmsContainer-9] [uk.ac.ebi.interpro.scan.io.pirsf.hmmer3.PirsfHmmer3RawMatchParser:130] WARN - Unexpected Raw match line: #    score  bias  c-Evalue  i-Evalue hmmfrom  hmm to    alifrom  ali to    envfrom  env to     acc
2023-06-24 20:49:01,439 [amqEmbeddedWorkerJmsContainer-9] [uk.ac.ebi.interpro.scan.io.pirsf.hmmer3.PirsfHmmer3RawMatchParser:129] WARN - Couldn't parse the given raw match line, because it is of an unexpected format.
2023-06-24 20:49:01,439 [amqEmbeddedWorkerJmsContainer-9] [uk.ac.ebi.interpro.scan.io.pirsf.hmmer3.PirsfHmmer3RawMatchParser:130] WARN - Unexpected Raw match line: 1 !  461.6   0.0  1.4e-142  4.6e-139      10     469 ..      13     488 ..       5     492 .. 0.94
2023-06-24 20:50:08,415 [amqEmbeddedWorkerJmsContainer-9] [uk.ac.ebi.interpro.scan.management.model.implementations.WriteOutputStep:344] WARN - At write output completion, unable to delete temporary directory /projects/raw_lab/jobs/metacerberus/temp/str-c90.uncc.edu_20230624_204831125_4xi8
24/06/2023 20:50:08:441 100% done:  InterProScan analyses completed 

2023-06-24 20:50:08,943 [main] [uk.ac.ebi.interpro.scan.jms.master.AbstractMaster:259] WARN - Master process unable to delete temporary directory /projects/raw_lab/jobs/metacerberus/temp/str-c90.uncc.edu_20230624_204831125_4xi8
2023-06-24 20:50:08,949 [main] [uk.ac.ebi.interpro.scan.jms.main.Run:1778] WARN - At Run completion, unable to delete temporary directory /projects/raw_lab/jobs/metacerberus/temp/str-c90.uncc.edu_20230624_204831125_4xi8
244.62user 23.35system 1:42.41elapsed 261%CPU (0avgtext+0avgdata 3436220maxresident)k
509224inputs+484288outputs (13major+1666111minor)pagefaults 0swaps

======================================================
End Time   : Sat Jun 24 20:50:09 EDT 2023
Run Time   : 103 seconds
======================================================

