=====================================================
Start Time  : Sat Jun 24 21:47:57 EDT 2023
Submit Dir  : /projects/raw_lab/jobs/metacerberus
Job ID/Name : 3997034 / InterProScan
Node List   : str-c95
Num Tasks   : 1 total [1 nodes @ 16 CPUs/node]
======================================================

Loading interproscan/5.60-92.0
  Loading requirement: anaconda3/2020.11 openjdk/15
======================================================
Running InterProScan On VIRAL/genomes/NC_049833.1.fna
======================================================
24/06/2023 21:47:58:249 Welcome to InterProScan-5.60-92.0
24/06/2023 21:47:58:250 Running InterProScan v5 in STANDALONE mode... on Linux
24/06/2023 21:48:02:322 RunID: str-c95.uncc.edu_20230624_214802154_24no
24/06/2023 21:48:11:411 Loading file /projects/raw_lab/jobs/metacerberus/VIRAL/genomes/NC_049833.1.fna
24/06/2023 21:48:11:890 Running the following analyses:
[AntiFam-7.0,CDD-3.20,Coils-2.2.1,FunFam-4.3.0,Gene3D-4.3.0,Hamap-2021_04,MobiDBLite-2.0,PANTHER-17.0,Pfam-35.0,PIRSF-3.10,PIRSR-2021_05,PRINTS-42.0,ProSitePatterns-2022_01,ProSiteProfiles-2022_01,SFLD-4,SMART-7.1,SUPERFAMILY-1.75,TIGRFAM-15.0]
Pre-calculated match lookup service DISABLED.  Please wait for match calculations to complete...
2023-06-24 21:48:26,794 [amqEmbeddedWorkerJmsContainer-15] [uk.ac.ebi.interpro.scan.io.pirsf.hmmer3.PirsfHmmer3RawMatchParser:129] WARN - Couldn't parse the given raw match line, because it is of an unexpected format.
2023-06-24 21:48:26,799 [amqEmbeddedWorkerJmsContainer-15] [uk.ac.ebi.interpro.scan.io.pirsf.hmmer3.PirsfHmmer3RawMatchParser:130] WARN - Unexpected Raw match line: Query sequence: 7 matches PIRSF029215: Uncharacterised conserved protein, UCP029215 type
2023-06-24 21:48:26,799 [amqEmbeddedWorkerJmsContainer-15] [uk.ac.ebi.interpro.scan.io.pirsf.hmmer3.PirsfHmmer3RawMatchParser:129] WARN - Couldn't parse the given raw match line, because it is of an unexpected format.
2023-06-24 21:48:26,799 [amqEmbeddedWorkerJmsContainer-15] [uk.ac.ebi.interpro.scan.io.pirsf.hmmer3.PirsfHmmer3RawMatchParser:130] WARN - Unexpected Raw match line: #    score  bias  c-Evalue  i-Evalue hmmfrom  hmm to    alifrom  ali to    envfrom  env to     acc
2023-06-24 21:48:26,799 [amqEmbeddedWorkerJmsContainer-15] [uk.ac.ebi.interpro.scan.io.pirsf.hmmer3.PirsfHmmer3RawMatchParser:129] WARN - Couldn't parse the given raw match line, because it is of an unexpected format.
2023-06-24 21:48:26,799 [amqEmbeddedWorkerJmsContainer-15] [uk.ac.ebi.interpro.scan.io.pirsf.hmmer3.PirsfHmmer3RawMatchParser:130] WARN - Unexpected Raw match line: 1 !   64.5   0.0     5e-22   1.6e-18      10     137 ..      17     131 ..       6     148 .. 0.87
2023-06-24 21:48:26,799 [amqEmbeddedWorkerJmsContainer-15] [uk.ac.ebi.interpro.scan.io.pirsf.hmmer3.PirsfHmmer3RawMatchParser:129] WARN - Couldn't parse the given raw match line, because it is of an unexpected format.
2023-06-24 21:48:26,799 [amqEmbeddedWorkerJmsContainer-15] [uk.ac.ebi.interpro.scan.io.pirsf.hmmer3.PirsfHmmer3RawMatchParser:130] WARN - Unexpected Raw match line: 2 !   43.5  13.7   1.2e-15   3.9e-12     150     372 ..     170     370 ..     159     378 .. 0.77
2023-06-24 21:49:44,930 [amqEmbeddedWorkerJmsContainer-15] [uk.ac.ebi.interpro.scan.management.model.implementations.WriteOutputStep:344] WARN - At write output completion, unable to delete temporary directory /projects/raw_lab/jobs/metacerberus/temp/str-c95.uncc.edu_20230624_214802154_24no
24/06/2023 21:49:45:049 100% done:  InterProScan analyses completed 

2023-06-24 21:49:45,551 [main] [uk.ac.ebi.interpro.scan.jms.master.AbstractMaster:259] WARN - Master process unable to delete temporary directory /projects/raw_lab/jobs/metacerberus/temp/str-c95.uncc.edu_20230624_214802154_24no
2023-06-24 21:49:45,558 [main] [uk.ac.ebi.interpro.scan.jms.main.Run:1778] WARN - At Run completion, unable to delete temporary directory /projects/raw_lab/jobs/metacerberus/temp/str-c95.uncc.edu_20230624_214802154_24no
246.56user 23.58system 1:47.97elapsed 250%CPU (0avgtext+0avgdata 3326200maxresident)k
509248inputs+515960outputs (12major+1580300minor)pagefaults 0swaps

======================================================
End Time   : Sat Jun 24 21:49:45 EDT 2023
Run Time   : 108 seconds
======================================================

