=====================================================
Start Time  : Sat Jun 24 19:18:21 EDT 2023
Submit Dir  : /projects/raw_lab/jobs/metacerberus
Job ID/Name : 3995314 / InterProScan
Node List   : str-c103
Num Tasks   : 1 total [1 nodes @ 16 CPUs/node]
======================================================

Loading interproscan/5.60-92.0
  Loading requirement: anaconda3/2020.11 openjdk/15
======================================================
Running InterProScan On GTDB-100/genomes/bacteria/GCA_017451685.1.fna
======================================================
24/06/2023 19:18:22:775 Welcome to InterProScan-5.60-92.0
24/06/2023 19:18:22:775 Running InterProScan v5 in STANDALONE mode... on Linux
24/06/2023 19:18:26:806 RunID: str-c103.uncc.edu_20230624_191826616_8k76
24/06/2023 19:18:35:134 Loading file /projects/raw_lab/jobs/metacerberus/GTDB-100/genomes/bacteria/GCA_017451685.1.fna
24/06/2023 19:18:35:955 Running the following analyses:
[AntiFam-7.0,CDD-3.20,Coils-2.2.1,FunFam-4.3.0,Gene3D-4.3.0,Hamap-2021_04,MobiDBLite-2.0,PANTHER-17.0,Pfam-35.0,PIRSF-3.10,PIRSR-2021_05,PRINTS-42.0,ProSitePatterns-2022_01,ProSiteProfiles-2022_01,SFLD-4,SMART-7.1,SUPERFAMILY-1.75,TIGRFAM-15.0]
Pre-calculated match lookup service DISABLED.  Please wait for match calculations to complete...
2023-06-24 19:31:01,642 [amqEmbeddedWorkerJmsContainer-3] [uk.ac.ebi.interpro.scan.io.pirsf.hmmer3.PirsfHmmer3RawMatchParser:129] WARN - Couldn't parse the given raw match line, because it is of an unexpected format.
2023-06-24 19:31:01,646 [amqEmbeddedWorkerJmsContainer-3] [uk.ac.ebi.interpro.scan.io.pirsf.hmmer3.PirsfHmmer3RawMatchParser:130] WARN - Unexpected Raw match line: Query sequence: 1 matches PIRSF001217: Protease IV with duplicated peptidase family U7 domain
2023-06-24 19:31:01,647 [amqEmbeddedWorkerJmsContainer-3] [uk.ac.ebi.interpro.scan.io.pirsf.hmmer3.PirsfHmmer3RawMatchParser:129] WARN - Couldn't parse the given raw match line, because it is of an unexpected format.
2023-06-24 19:31:01,647 [amqEmbeddedWorkerJmsContainer-3] [uk.ac.ebi.interpro.scan.io.pirsf.hmmer3.PirsfHmmer3RawMatchParser:130] WARN - Unexpected Raw match line: #    score  bias  c-Evalue  i-Evalue hmmfrom  hmm to    alifrom  ali to    envfrom  env to     acc
2023-06-24 19:31:01,647 [amqEmbeddedWorkerJmsContainer-3] [uk.ac.ebi.interpro.scan.io.pirsf.hmmer3.PirsfHmmer3RawMatchParser:129] WARN - Couldn't parse the given raw match line, because it is of an unexpected format.
2023-06-24 19:31:01,647 [amqEmbeddedWorkerJmsContainer-3] [uk.ac.ebi.interpro.scan.io.pirsf.hmmer3.PirsfHmmer3RawMatchParser:130] WARN - Unexpected Raw match line: 1 !  547.1   0.0  2.5e-168  8.3e-166       3     565 ..       7     574 ..       5     601 .. 0.91
2023-06-24 19:31:01,647 [amqEmbeddedWorkerJmsContainer-3] [uk.ac.ebi.interpro.scan.io.pirsf.hmmer3.PirsfHmmer3RawMatchParser:129] WARN - Couldn't parse the given raw match line, because it is of an unexpected format.
2023-06-24 19:31:01,647 [amqEmbeddedWorkerJmsContainer-3] [uk.ac.ebi.interpro.scan.io.pirsf.hmmer3.PirsfHmmer3RawMatchParser:130] WARN - Unexpected Raw match line: Query sequence: 105 matches PIRSF002465: Phospholipid biosynthesis protein, PlsX type
2023-06-24 19:31:01,647 [amqEmbeddedWorkerJmsContainer-3] [uk.ac.ebi.interpro.scan.io.pirsf.hmmer3.PirsfHmmer3RawMatchParser:129] WARN - Couldn't parse the given raw match line, because it is of an unexpected format.
2023-06-24 19:31:01,647 [amqEmbeddedWorkerJmsContainer-3] [uk.ac.ebi.interpro.scan.io.pirsf.hmmer3.PirsfHmmer3RawMatchParser:130] WARN - Unexpected Raw match line: #    score  bias  c-Evalue  i-Evalue hmmfrom  hmm to    alifrom  ali to    envfrom  env to     acc
2023-06-24 19:31:01,647 [amqEmbeddedWorkerJmsContainer-3] [uk.ac.ebi.interpro.scan.io.pirsf.hmmer3.PirsfHmmer3RawMatchParser:129] WARN - Couldn't parse the given raw match line, because it is of an unexpected format.
2023-06-24 19:31:01,647 [amqEmbeddedWorkerJmsContainer-3] [uk.ac.ebi.interpro.scan.io.pirsf.hmmer3.PirsfHmmer3RawMatchParser:130] WARN - Unexpected Raw match line: 1 !  300.6   0.1   6.7e-94   2.2e-91       2     338 ..       5     348 ..       4     351 .. 0.91
2023-06-24 19:31:01,647 [amqEmbeddedWorkerJmsContainer-3] [uk.ac.ebi.interpro.scan.io.pirsf.hmmer3.PirsfHmmer3RawMatchParser:129] WARN - Couldn't parse the given raw match line, because it is of an unexpected format.
2023-06-24 19:31:01,647 [amqEmbeddedWorkerJmsContainer-3] [uk.ac.ebi.interpro.scan.io.pirsf.hmmer3.PirsfHmmer3RawMatchParser:130] WARN - Unexpected Raw match line: Query sequence: 109 matches PIRSF016055: Na(+)-transporting NADH:ubiquinone oxidoreductase, NqrB subunit
2023-06-24 19:31:01,647 [amqEmbeddedWorkerJmsContainer-3] [uk.ac.ebi.interpro.scan.io.pirsf.hmmer3.PirsfHmmer3RawMatchParser:129] WARN - Couldn't parse the given raw match line, because it is of an unexpected format.
2023-06-24 19:31:01,648 [amqEmbeddedWorkerJmsContainer-3] [uk.ac.ebi.interpro.scan.io.pirsf.hmmer3.PirsfHmmer3RawMatchParser:130] WARN - Unexpected Raw match line: #    score  bias  c-Evalue  i-Evalue hmmfrom  hmm to    alifrom  ali to    envfrom  env to     acc
2023-06-24 19:31:01,648 [amqEmbeddedWorkerJmsContainer-3] [uk.ac.ebi.interpro.scan.io.pirsf.hmmer3.PirsfHmmer3RawMatchParser:129] WARN - Couldn't parse the given raw match line, because it is of an unexpected format.
2023-06-24 19:31:01,648 [amqEmbeddedWorkerJmsContainer-3] [uk.ac.ebi.interpro.scan.io.pirsf.hmmer3.PirsfHmmer3RawMatchParser:130] WARN - Unexpected Raw match line: 1 !   86.6   0.0   8.2e-29   2.7e-26       2      77 ..       3      78 ..       2      83 .. 0.97
2023-06-24 19:31:01,648 [amqEmbeddedWorkerJmsContainer-3] [uk.ac.ebi.interpro.scan.io.pirsf.hmmer3.PirsfHmmer3RawMatchParser:129] WARN - Couldn't parse the given raw match line, because it is of an unexpected format.
2023-06-24 19:31:01,648 [amqEmbeddedWorkerJmsContainer-3] [uk.ac.ebi.interpro.scan.io.pirsf.hmmer3.PirsfHmmer3RawMatchParser:130] WARN - Unexpected Raw match line: 2 !  397.1  19.1  4.4e-123  1.5e-120     106     401 ..      82     362 ..      78     366 .. 0.96
2023-06-24 19:31:01,648 [amqEmbeddedWorkerJmsContainer-3] [uk.ac.ebi.interpro.scan.io.pirsf.hmmer3.PirsfHmmer3RawMatchParser:129] WARN - Couldn't parse the given raw match line, because it is of an unexpected format.
2023-06-24 19:31:01,648 [amqEmbeddedWorkerJmsContainer-3] [uk.ac.ebi.interpro.scan.io.pirsf.hmmer3.PirsfHmmer3RawMatchParser:130] WARN - Unexpected Raw match line: Query sequence: 112 matches PIRSF000130: Inosine-5'-monophosphate dehydrogenase
2023-06-24 19:31:01,648 [amqEmbeddedWorkerJmsContainer-3] [uk.ac.ebi.interpro.scan.io.pirsf.hmmer3.PirsfHmmer3RawMatchParser:129] WARN - Couldn't parse the given raw match line, because it is of an unexpected format.
2023-06-24 19:31:01,648 [amqEmbeddedWorkerJmsContainer-3] [uk.ac.ebi.interpro.scan.io.pirsf.hmmer3.PirsfHmmer3RawMatchParser:130] WARN - Unexpected Raw match line: #    score  bias  c-Evalue  i-Evalue hmmfrom  hmm to    alifrom  ali to    envfrom  env to     acc
2023-06-24 19:31:01,648 [amqEmbeddedWorkerJmsContainer-3] [uk.ac.ebi.interpro.scan.io.pirsf.hmmer3.PirsfHmmer3RawMatchParser:129] WARN - Couldn't parse the given raw match line, because it is of an unexpected format.
2023-06-24 19:31:01,648 [amqEmbeddedWorkerJmsContainer-3] [uk.ac.ebi.interpro.scan.io.pirsf.hmmer3.PirsfHmmer3RawMatchParser:130] WARN - Unexpected Raw match line: 1 !  677.6  10.1  1.2e-207  1.9e-205       8     491 ..      35     515 ..      26     517 .] 0.96
2023-06-24 19:31:01,648 [amqEmbeddedWorkerJmsContainer-3] [uk.ac.ebi.interpro.scan.io.pirsf.hmmer3.PirsfHmmer3RawMatchParser:129] WARN - Couldn't parse the given raw match line, because it is of an unexpected format.
2023-06-24 19:31:01,648 [amqEmbeddedWorkerJmsContainer-3] [uk.ac.ebi.interpro.scan.io.pirsf.hmmer3.PirsfHmmer3RawMatchParser:130] WARN - Unexpected Raw match line: Query sequence: 126 matches PIRSF003128: DNA repair protein RecN
2023-06-24 19:31:01,648 [amqEmbeddedWorkerJmsContainer-3] [uk.ac.ebi.interpro.scan.io.pirsf.hmmer3.PirsfHmmer3RawMatchParser:129] WARN - Couldn't parse the given raw match line, because it is of an unexpected format.
2023-06-24 19:31:01,648 [amqEmbeddedWorkerJmsContainer-3] [uk.ac.ebi.interpro.scan.io.pirsf.hmmer3.PirsfHmmer3RawMatchParser:130] WARN - Unexpected Raw match line: #    score  bias  c-Evalue  i-Evalue hmmfrom  hmm to    alifrom  ali to    envfrom  env to     acc
2023-06-24 19:31:01,648 [amqEmbeddedWorkerJmsContainer-3] [uk.ac.ebi.interpro.scan.io.pirsf.hmmer3.PirsfHmmer3RawMatchParser:129] WARN - Couldn't parse the given raw match line, because it is of an unexpected format.
2023-06-24 19:31:01,649 [amqEmbeddedWorkerJmsContainer-3] [uk.ac.ebi.interpro.scan.io.pirsf.hmmer3.PirsfHmmer3RawMatchParser:130] WARN - Unexpected Raw match line: 1 !  481.6  16.3  5.5e-148  6.2e-146       1     548 [.       5     549 ..       5     550 .] 0.98
2023-06-24 19:31:01,649 [amqEmbeddedWorkerJmsContainer-3] [uk.ac.ebi.interpro.scan.io.pirsf.hmmer3.PirsfHmmer3RawMatchParser:129] WARN - Couldn't parse the given raw match line, because it is of an unexpected format.
2023-06-24 19:31:01,649 [amqEmbeddedWorkerJmsContainer-3] [uk.ac.ebi.interpro.scan.io.pirsf.hmmer3.PirsfHmmer3RawMatchParser:130] WARN - Unexpected Raw match line: Query sequence: 131 matches PIRSF000350: Mercury(II) reductase, MerA type
2023-06-24 19:31:01,649 [amqEmbeddedWorkerJmsContainer-3] [uk.ac.ebi.interpro.scan.io.pirsf.hmmer3.PirsfHmmer3RawMatchParser:129] WARN - Couldn't parse the given raw match line, because it is of an unexpected format.
2023-06-24 19:31:01,649 [amqEmbeddedWorkerJmsContainer-3] [uk.ac.ebi.interpro.scan.io.pirsf.hmmer3.PirsfHmmer3RawMatchParser:130] WARN - Unexpected Raw match line: #    score  bias  c-Evalue  i-Evalue hmmfrom  hmm to    alifrom  ali to    envfrom  env to     acc
2023-06-24 19:31:01,649 [amqEmbeddedWorkerJmsContainer-3] [uk.ac.ebi.interpro.scan.io.pirsf.hmmer3.PirsfHmmer3RawMatchParser:129] WARN - Couldn't parse the given raw match line, because it is of an unexpected format.
2023-06-24 19:31:01,649 [amqEmbeddedWorkerJmsContainer-3] [uk.ac.ebi.interpro.scan.io.pirsf.hmmer3.PirsfHmmer3RawMatchParser:130] WARN - Unexpected Raw match line: 1 !  264.6   4.9   9.7e-83   3.2e-80      87     529 ..       4     445 ..       1     453 [. 0.90
2023-06-24 19:31:01,649 [amqEmbeddedWorkerJmsContainer-3] [uk.ac.ebi.interpro.scan.io.pirsf.hmmer3.PirsfHmmer3RawMatchParser:129] WARN - Couldn't parse the given raw match line, because it is of an unexpected format.
2023-06-24 19:31:01,649 [amqEmbeddedWorkerJmsContainer-3] [uk.ac.ebi.interpro.scan.io.pirsf.hmmer3.PirsfHmmer3RawMatchParser:130] WARN - Unexpected Raw match line: Query sequence: 132 matches PIRSF006728: Competence protein CinA
2023-06-24 19:31:01,649 [amqEmbeddedWorkerJmsContainer-3] [uk.ac.ebi.interpro.scan.io.pirsf.hmmer3.PirsfHmmer3RawMatchParser:129] WARN - Couldn't parse the given raw match line, because it is of an unexpected format.
2023-06-24 19:31:01,649 [amqEmbeddedWorkerJmsContainer-3] [uk.ac.ebi.interpro.scan.io.pirsf.hmmer3.PirsfHmmer3RawMatchParser:130] WARN - Unexpected Raw match line: #    score  bias  c-Evalue  i-Evalue hmmfrom  hmm to    alifrom  ali to    envfrom  env to     acc
2023-06-24 19:31:01,649 [amqEmbeddedWorkerJmsContainer-3] [uk.ac.ebi.interpro.scan.io.pirsf.hmmer3.PirsfHmmer3RawMatchParser:129] WARN - Couldn't parse the given raw match line, because it is of an unexpected format.
2023-06-24 19:31:01,649 [amqEmbeddedWorkerJmsContainer-3] [uk.ac.ebi.interpro.scan.io.pirsf.hmmer3.PirsfHmmer3RawMatchParser:130] WARN - Unexpected Raw match line: 1 !  418.1   0.5  2.1e-129  6.9e-127       2     416 ..       8     421 ..       7     423 .] 0.98
2023-06-24 19:31:01,649 [amqEmbeddedWorkerJmsContainer-3] [uk.ac.ebi.interpro.scan.io.pirsf.hmmer3.PirsfHmmer3RawMatchParser:129] WARN - Couldn't parse the given raw match line, because it is of an unexpected format.
2023-06-24 19:31:01,649 [amqEmbeddedWorkerJmsContainer-3] [uk.ac.ebi.interpro.scan.io.pirsf.hmmer3.PirsfHmmer3RawMatchParser:130] WARN - Unexpected Raw match line: Query sequence: 139 matches PIRSF000148: Aspartate-semialdehyde dehydrogenase
2023-06-24 19:31:01,650 [amqEmbeddedWorkerJmsContainer-3] [uk.ac.ebi.interpro.scan.io.pirsf.hmmer3.PirsfHmmer3RawMatchParser:129] WARN - Couldn't parse the given raw match line, because it is of an unexpected format.
2023-06-24 19:31:01,650 [amqEmbeddedWorkerJmsContainer-3] [uk.ac.ebi.interpro.scan.io.pirsf.hmmer3.PirsfHmmer3RawMatchParser:130] WARN - Unexpected Raw match line: #    score  bias  c-Evalue  i-Evalue hmmfrom  hmm to    alifrom  ali to    envfrom  env to     acc
2023-06-24 19:31:01,650 [amqEmbeddedWorkerJmsContainer-3] [uk.ac.ebi.interpro.scan.io.pirsf.hmmer3.PirsfHmmer3RawMatchParser:129] WARN - Couldn't parse the given raw match line, because it is of an unexpected format.
2023-06-24 19:31:01,650 [amqEmbeddedWorkerJmsContainer-3] [uk.ac.ebi.interpro.scan.io.pirsf.hmmer3.PirsfHmmer3RawMatchParser:130] WARN - Unexpected Raw match line: 1 !  401.9   0.1  2.7e-124  4.4e-122       2     340 ..       2     333 ..       1     334 [] 0.95
2023-06-24 19:31:01,650 [amqEmbeddedWorkerJmsContainer-3] [uk.ac.ebi.interpro.scan.io.pirsf.hmmer3.PirsfHmmer3RawMatchParser:129] WARN - Couldn't parse the given raw match line, because it is of an unexpected format.
2023-06-24 19:31:01,650 [amqEmbeddedWorkerJmsContainer-3] [uk.ac.ebi.interpro.scan.io.pirsf.hmmer3.PirsfHmmer3RawMatchParser:130] WARN - Unexpected Raw match line: Query sequence: 141 matches PIRSF036482: Predicted pyrophosphate-dependent phosphofructokinase, TM0289 type
2023-06-24 19:31:01,650 [amqEmbeddedWorkerJmsContainer-3] [uk.ac.ebi.interpro.scan.io.pirsf.hmmer3.PirsfHmmer3RawMatchParser:129] WARN - Couldn't parse the given raw match line, because it is of an unexpected format.
2023-06-24 19:31:01,650 [amqEmbeddedWorkerJmsContainer-3] [uk.ac.ebi.interpro.scan.io.pirsf.hmmer3.PirsfHmmer3RawMatchParser:130] WARN - Unexpected Raw match line: #    score  bias  c-Evalue  i-Evalue hmmfrom  hmm to    alifrom  ali to    envfrom  env to     acc
2023-06-24 19:31:01,650 [amqEmbeddedWorkerJmsContainer-3] [uk.ac.ebi.interpro.scan.io.pirsf.hmmer3.PirsfHmmer3RawMatchParser:129] WARN - Couldn't parse the given raw match line, because it is of an unexpected format.
2023-06-24 19:31:01,650 [amqEmbeddedWorkerJmsContainer-3] [uk.ac.ebi.interpro.scan.io.pirsf.hmmer3.PirsfHmmer3RawMatchParser:130] WARN - Unexpected Raw match line: 1 !  336.2   0.0  1.7e-104  5.6e-102       3     392 ..       2     394 ..       1     398 [. 0.95
2023-06-24 19:31:01,650 [amqEmbeddedWorkerJmsContainer-3] [uk.ac.ebi.interpro.scan.io.pirsf.hmmer3.PirsfHmmer3RawMatchParser:129] WARN - Couldn't parse the given raw match line, because it is of an unexpected format.
2023-06-24 19:31:01,650 [amqEmbeddedWorkerJmsContainer-3] [uk.ac.ebi.interpro.scan.io.pirsf.hmmer3.PirsfHmmer3RawMatchParser:130] WARN - Unexpected Raw match line: Query sequence: 142 matches PIRSF006076: Outer membrane assembly protein, OMP85 type
2023-06-24 19:31:01,650 [amqEmbeddedWorkerJmsContainer-3] [uk.ac.ebi.interpro.scan.io.pirsf.hmmer3.PirsfHmmer3RawMatchParser:129] WARN - Couldn't parse the given raw match line, because it is of an unexpected format.
2023-06-24 19:31:01,650 [amqEmbeddedWorkerJmsContainer-3] [uk.ac.ebi.interpro.scan.io.pirsf.hmmer3.PirsfHmmer3RawMatchParser:130] WARN - Unexpected Raw match line: #    score  bias  c-Evalue  i-Evalue hmmfrom  hmm to    alifrom  ali to    envfrom  env to     acc
2023-06-24 19:31:01,650 [amqEmbeddedWorkerJmsContainer-3] [uk.ac.ebi.interpro.scan.io.pirsf.hmmer3.PirsfHmmer3RawMatchParser:129] WARN - Couldn't parse the given raw match line, because it is of an unexpected format.
2023-06-24 19:31:01,650 [amqEmbeddedWorkerJmsContainer-3] [uk.ac.ebi.interpro.scan.io.pirsf.hmmer3.PirsfHmmer3RawMatchParser:130] WARN - Unexpected Raw match line: 1 !  544.9  10.5  5.8e-167  6.4e-165      37     792 .]      39     858 .]       2     858 .] 0.89
2023-06-24 19:31:01,651 [amqEmbeddedWorkerJmsContainer-3] [uk.ac.ebi.interpro.scan.io.pirsf.hmmer3.PirsfHmmer3RawMatchParser:129] WARN - Couldn't parse the given raw match line, because it is of an unexpected format.
2023-06-24 19:31:01,651 [amqEmbeddedWorkerJmsContainer-3] [uk.ac.ebi.interpro.scan.io.pirsf.hmmer3.PirsfHmmer3RawMatchParser:130] WARN - Unexpected Raw match line: Query sequence: 149 matches PIRSF000044: Methane monooxygenase, reductase component
2023-06-24 19:31:01,651 [amqEmbeddedWorkerJmsContainer-3] [uk.ac.ebi.interpro.scan.io.pirsf.hmmer3.PirsfHmmer3RawMatchParser:129] WARN - Couldn't parse the given raw match line, because it is of an unexpected format.
2023-06-24 19:31:01,651 [amqEmbeddedWorkerJmsContainer-3] [uk.ac.ebi.interpro.scan.io.pirsf.hmmer3.PirsfHmmer3RawMatchParser:130] WARN - Unexpected Raw match line: #    score  bias  c-Evalue  i-Evalue hmmfrom  hmm to    alifrom  ali to    envfrom  env to     acc
2023-06-24 19:31:01,651 [amqEmbeddedWorkerJmsContainer-3] [uk.ac.ebi.interpro.scan.io.pirsf.hmmer3.PirsfHmmer3RawMatchParser:129] WARN - Couldn't parse the given raw match line, because it is of an unexpected format.
2023-06-24 19:31:01,651 [amqEmbeddedWorkerJmsContainer-3] [uk.ac.ebi.interpro.scan.io.pirsf.hmmer3.PirsfHmmer3RawMatchParser:130] WARN - Unexpected Raw match line: 1 !  591.4   0.0  4.2e-182  1.4e-179       4     410 .]      10     427 .]       7     427 .] 0.97
2023-06-24 19:31:01,651 [amqEmbeddedWorkerJmsContainer-3] [uk.ac.ebi.interpro.scan.io.pirsf.hmmer3.PirsfHmmer3RawMatchParser:129] WARN - Couldn't parse the given raw match line, because it is of an unexpected format.
2023-06-24 19:31:01,651 [amqEmbeddedWorkerJmsContainer-3] [uk.ac.ebi.interpro.scan.io.pirsf.hmmer3.PirsfHmmer3RawMatchParser:130] WARN - Unexpected Raw match line: Query sequence: 15 matches PIRSF000853: Pyruvate, phosphate dikinase
2023-06-24 19:31:01,651 [amqEmbeddedWorkerJmsContainer-3] [uk.ac.ebi.interpro.scan.io.pirsf.hmmer3.PirsfHmmer3RawMatchParser:129] WARN - Couldn't parse the given raw match line, because it is of an unexpected format.
2023-06-24 19:31:01,651 [amqEmbeddedWorkerJmsContainer-3] [uk.ac.ebi.interpro.scan.io.pirsf.hmmer3.PirsfHmmer3RawMatchParser:130] WARN - Unexpected Raw match line: #    score  bias  c-Evalue  i-Evalue hmmfrom  hmm to    alifrom  ali to    envfrom  env to     acc
2023-06-24 19:31:01,651 [amqEmbeddedWorkerJmsContainer-3] [uk.ac.ebi.interpro.scan.io.pirsf.hmmer3.PirsfHmmer3RawMatchParser:129] WARN - Couldn't parse the given raw match line, because it is of an unexpected format.
2023-06-24 19:31:01,651 [amqEmbeddedWorkerJmsContainer-3] [uk.ac.ebi.interpro.scan.io.pirsf.hmmer3.PirsfHmmer3RawMatchParser:130] WARN - Unexpected Raw match line: 1 ! 1353.3   0.1         0         0       3     877 ..      12     915 ..      10     916 .] 0.99
2023-06-24 19:31:01,651 [amqEmbeddedWorkerJmsContainer-3] [uk.ac.ebi.interpro.scan.io.pirsf.hmmer3.PirsfHmmer3RawMatchParser:129] WARN - Couldn't parse the given raw match line, because it is of an unexpected format.
2023-06-24 19:31:01,651 [amqEmbeddedWorkerJmsContainer-3] [uk.ac.ebi.interpro.scan.io.pirsf.hmmer3.PirsfHmmer3RawMatchParser:130] WARN - Unexpected Raw match line: Query sequence: 154 matches PIRSF006621: tRNA-dihydrouridine synthase
2023-06-24 19:31:01,651 [amqEmbeddedWorkerJmsContainer-3] [uk.ac.ebi.interpro.scan.io.pirsf.hmmer3.PirsfHmmer3RawMatchParser:129] WARN - Couldn't parse the given raw match line, because it is of an unexpected format.
2023-06-24 19:31:01,652 [amqEmbeddedWorkerJmsContainer-3] [uk.ac.ebi.interpro.scan.io.pirsf.hmmer3.PirsfHmmer3RawMatchParser:130] WARN - Unexpected Raw match line: #    score  bias  c-Evalue  i-Evalue hmmfrom  hmm to    alifrom  ali to    envfrom  env to     acc
2023-06-24 19:31:01,652 [amqEmbeddedWorkerJmsContainer-3] [uk.ac.ebi.interpro.scan.io.pirsf.hmmer3.PirsfHmmer3RawMatchParser:129] WARN - Couldn't parse the given raw match line, because it is of an unexpected format.
2023-06-24 19:31:01,652 [amqEmbeddedWorkerJmsContainer-3] [uk.ac.ebi.interpro.scan.io.pirsf.hmmer3.PirsfHmmer3RawMatchParser:130] WARN - Unexpected Raw match line: 1 !  342.9   0.0  9.4e-107  3.1e-104       2     318 ..      23     338 ..      22     346 .. 0.96
2023-06-24 19:31:01,652 [amqEmbeddedWorkerJmsContainer-3] [uk.ac.ebi.interpro.scan.io.pirsf.hmmer3.PirsfHmmer3RawMatchParser:129] WARN - Couldn't parse the given raw match line, because it is of an unexpected format.
2023-06-24 19:31:01,652 [amqEmbeddedWorkerJmsContainer-3] [uk.ac.ebi.interpro.scan.io.pirsf.hmmer3.PirsfHmmer3RawMatchParser:130] WARN - Unexpected Raw match line: Query sequence: 176 matches PIRSF000159: Pyruvate-flavodoxin oxidoreductase
2023-06-24 19:31:01,652 [amqEmbeddedWorkerJmsContainer-3] [uk.ac.ebi.interpro.scan.io.pirsf.hmmer3.PirsfHmmer3RawMatchParser:129] WARN - Couldn't parse the given raw match line, because it is of an unexpected format.
2023-06-24 19:31:01,652 [amqEmbeddedWorkerJmsContainer-3] [uk.ac.ebi.interpro.scan.io.pirsf.hmmer3.PirsfHmmer3RawMatchParser:130] WARN - Unexpected Raw match line: #    score  bias  c-Evalue  i-Evalue hmmfrom  hmm to    alifrom  ali to    envfrom  env to     acc
2023-06-24 19:31:01,652 [amqEmbeddedWorkerJmsContainer-3] [uk.ac.ebi.interpro.scan.io.pirsf.hmmer3.PirsfHmmer3RawMatchParser:129] WARN - Couldn't parse the given raw match line, because it is of an unexpected format.
2023-06-24 19:31:01,652 [amqEmbeddedWorkerJmsContainer-3] [uk.ac.ebi.interpro.scan.io.pirsf.hmmer3.PirsfHmmer3RawMatchParser:130] WARN - Unexpected Raw match line: 1 ! 1839.3   1.4         0         0       2    1169 ..      23    1188 ..      22    1192 .. 0.98
2023-06-24 19:31:01,652 [amqEmbeddedWorkerJmsContainer-3] [uk.ac.ebi.interpro.scan.io.pirsf.hmmer3.PirsfHmmer3RawMatchParser:129] WARN - Couldn't parse the given raw match line, because it is of an unexpected format.
2023-06-24 19:31:01,652 [amqEmbeddedWorkerJmsContainer-3] [uk.ac.ebi.interpro.scan.io.pirsf.hmmer3.PirsfHmmer3RawMatchParser:130] WARN - Unexpected Raw match line: Query sequence: 178 matches PIRSF006294: Phosphoenolpyruvate carboxykinase [ATP]
2023-06-24 19:31:01,652 [amqEmbeddedWorkerJmsContainer-3] [uk.ac.ebi.interpro.scan.io.pirsf.hmmer3.PirsfHmmer3RawMatchParser:129] WARN - Couldn't parse the given raw match line, because it is of an unexpected format.
2023-06-24 19:31:01,652 [amqEmbeddedWorkerJmsContainer-3] [uk.ac.ebi.interpro.scan.io.pirsf.hmmer3.PirsfHmmer3RawMatchParser:130] WARN - Unexpected Raw match line: #    score  bias  c-Evalue  i-Evalue hmmfrom  hmm to    alifrom  ali to    envfrom  env to     acc
2023-06-24 19:31:01,652 [amqEmbeddedWorkerJmsContainer-3] [uk.ac.ebi.interpro.scan.io.pirsf.hmmer3.PirsfHmmer3RawMatchParser:129] WARN - Couldn't parse the given raw match line, because it is of an unexpected format.
2023-06-24 19:31:01,653 [amqEmbeddedWorkerJmsContainer-3] [uk.ac.ebi.interpro.scan.io.pirsf.hmmer3.PirsfHmmer3RawMatchParser:130] WARN - Unexpected Raw match line: 1 !  738.2   0.7  2.8e-226  9.2e-224      10     531 ..       8     536 ..       2     537 .] 0.98
2023-06-24 19:31:01,653 [amqEmbeddedWorkerJmsContainer-3] [uk.ac.ebi.interpro.scan.io.pirsf.hmmer3.PirsfHmmer3RawMatchParser:129] WARN - Couldn't parse the given raw match line, because it is of an unexpected format.
2023-06-24 19:31:01,653 [amqEmbeddedWorkerJmsContainer-3] [uk.ac.ebi.interpro.scan.io.pirsf.hmmer3.PirsfHmmer3RawMatchParser:130] WARN - Unexpected Raw match line: Query sequence: 18 matches PIRSF037677: DNA mismatch repair protein Msh6
2023-06-24 19:31:01,653 [amqEmbeddedWorkerJmsContainer-3] [uk.ac.ebi.interpro.scan.io.pirsf.hmmer3.PirsfHmmer3RawMatchParser:129] WARN - Couldn't parse the given raw match line, because it is of an unexpected format.
2023-06-24 19:31:01,653 [amqEmbeddedWorkerJmsContainer-3] [uk.ac.ebi.interpro.scan.io.pirsf.hmmer3.PirsfHmmer3RawMatchParser:130] WARN - Unexpected Raw match line: #    score  bias  c-Evalue  i-Evalue hmmfrom  hmm to    alifrom  ali to    envfrom  env to     acc
2023-06-24 19:31:01,653 [amqEmbeddedWorkerJmsContainer-3] [uk.ac.ebi.interpro.scan.io.pirsf.hmmer3.PirsfHmmer3RawMatchParser:129] WARN - Couldn't parse the given raw match line, because it is of an unexpected format.
2023-06-24 19:31:01,653 [amqEmbeddedWorkerJmsContainer-3] [uk.ac.ebi.interpro.scan.io.pirsf.hmmer3.PirsfHmmer3RawMatchParser:130] WARN - Unexpected Raw match line: 1 !  544.3   0.0    8e-167  1.3e-164     340    1207 ..      45     849 ..      37     884 .. 0.85
2023-06-24 19:31:01,653 [amqEmbeddedWorkerJmsContainer-3] [uk.ac.ebi.interpro.scan.io.pirsf.hmmer3.PirsfHmmer3RawMatchParser:129] WARN - Couldn't parse the given raw match line, because it is of an unexpected format.
2023-06-24 19:31:01,653 [amqEmbeddedWorkerJmsContainer-3] [uk.ac.ebi.interpro.scan.io.pirsf.hmmer3.PirsfHmmer3RawMatchParser:130] WARN - Unexpected Raw match line: Query sequence: 181 matches PIRSF006630: Glutamine-dependent NAD(+) synthetase with GAT domain
2023-06-24 19:31:01,653 [amqEmbeddedWorkerJmsContainer-3] [uk.ac.ebi.interpro.scan.io.pirsf.hmmer3.PirsfHmmer3RawMatchParser:129] WARN - Couldn't parse the given raw match line, because it is of an unexpected format.
2023-06-24 19:31:01,653 [amqEmbeddedWorkerJmsContainer-3] [uk.ac.ebi.interpro.scan.io.pirsf.hmmer3.PirsfHmmer3RawMatchParser:130] WARN - Unexpected Raw match line: #    score  bias  c-Evalue  i-Evalue hmmfrom  hmm to    alifrom  ali to    envfrom  env to     acc
2023-06-24 19:31:01,653 [amqEmbeddedWorkerJmsContainer-3] [uk.ac.ebi.interpro.scan.io.pirsf.hmmer3.PirsfHmmer3RawMatchParser:129] WARN - Couldn't parse the given raw match line, because it is of an unexpected format.
2023-06-24 19:31:01,653 [amqEmbeddedWorkerJmsContainer-3] [uk.ac.ebi.interpro.scan.io.pirsf.hmmer3.PirsfHmmer3RawMatchParser:130] WARN - Unexpected Raw match line: 1 !  436.3   0.0  1.8e-134    3e-132       3     582 ..       5     531 ..       3     533 .] 0.94
2023-06-24 19:31:01,653 [amqEmbeddedWorkerJmsContainer-3] [uk.ac.ebi.interpro.scan.io.pirsf.hmmer3.PirsfHmmer3RawMatchParser:129] WARN - Couldn't parse the given raw match line, because it is of an unexpected format.
2023-06-24 19:31:01,653 [amqEmbeddedWorkerJmsContainer-3] [uk.ac.ebi.interpro.scan.io.pirsf.hmmer3.PirsfHmmer3RawMatchParser:130] WARN - Unexpected Raw match line: Query sequence: 199 matches PIRSF005814: Predicted DNA mismatch repair protein, bacterial/plant types
2023-06-24 19:31:01,653 [amqEmbeddedWorkerJmsContainer-3] [uk.ac.ebi.interpro.scan.io.pirsf.hmmer3.PirsfHmmer3RawMatchParser:129] WARN - Couldn't parse the given raw match line, because it is of an unexpected format.
2023-06-24 19:31:01,654 [amqEmbeddedWorkerJmsContainer-3] [uk.ac.ebi.interpro.scan.io.pirsf.hmmer3.PirsfHmmer3RawMatchParser:130] WARN - Unexpected Raw match line: #    score  bias  c-Evalue  i-Evalue hmmfrom  hmm to    alifrom  ali to    envfrom  env to     acc
2023-06-24 19:31:01,654 [amqEmbeddedWorkerJmsContainer-3] [uk.ac.ebi.interpro.scan.io.pirsf.hmmer3.PirsfHmmer3RawMatchParser:129] WARN - Couldn't parse the given raw match line, because it is of an unexpected format.
2023-06-24 19:31:01,654 [amqEmbeddedWorkerJmsContainer-3] [uk.ac.ebi.interpro.scan.io.pirsf.hmmer3.PirsfHmmer3RawMatchParser:130] WARN - Unexpected Raw match line: 1 !  662.5   8.6  9.9e-203  1.6e-200      13     773 .]      14     830 ..       9     830 .. 0.96
2023-06-24 19:31:01,654 [amqEmbeddedWorkerJmsContainer-3] [uk.ac.ebi.interpro.scan.io.pirsf.hmmer3.PirsfHmmer3RawMatchParser:129] WARN - Couldn't parse the given raw match line, because it is of an unexpected format.
2023-06-24 19:31:01,654 [amqEmbeddedWorkerJmsContainer-3] [uk.ac.ebi.interpro.scan.io.pirsf.hmmer3.PirsfHmmer3RawMatchParser:130] WARN - Unexpected Raw match line: Query sequence: 219 matches PIRSF001492: Cofactor-independent phosphoglycerate mutase
2023-06-24 19:31:01,654 [amqEmbeddedWorkerJmsContainer-3] [uk.ac.ebi.interpro.scan.io.pirsf.hmmer3.PirsfHmmer3RawMatchParser:129] WARN - Couldn't parse the given raw match line, because it is of an unexpected format.
2023-06-24 19:31:01,654 [amqEmbeddedWorkerJmsContainer-3] [uk.ac.ebi.interpro.scan.io.pirsf.hmmer3.PirsfHmmer3RawMatchParser:130] WARN - Unexpected Raw match line: #    score  bias  c-Evalue  i-Evalue hmmfrom  hmm to    alifrom  ali to    envfrom  env to     acc
2023-06-24 19:31:01,654 [amqEmbeddedWorkerJmsContainer-3] [uk.ac.ebi.interpro.scan.io.pirsf.hmmer3.PirsfHmmer3RawMatchParser:129] WARN - Couldn't parse the given raw match line, because it is of an unexpected format.
2023-06-24 19:31:01,654 [amqEmbeddedWorkerJmsContainer-3] [uk.ac.ebi.interpro.scan.io.pirsf.hmmer3.PirsfHmmer3RawMatchParser:130] WARN - Unexpected Raw match line: 1 !  670.9   4.3    6e-206    2e-203       5     515 ..       4     509 ..       1     511 [] 0.96
2023-06-24 19:31:01,654 [amqEmbeddedWorkerJmsContainer-3] [uk.ac.ebi.interpro.scan.io.pirsf.hmmer3.PirsfHmmer3RawMatchParser:129] WARN - Couldn't parse the given raw match line, because it is of an unexpected format.
2023-06-24 19:31:01,654 [amqEmbeddedWorkerJmsContainer-3] [uk.ac.ebi.interpro.scan.io.pirsf.hmmer3.PirsfHmmer3RawMatchParser:130] WARN - Unexpected Raw match line: Query sequence: 221 matches PIRSF000149: Glyceraldehyde-3-phosphate dehydrogenase
2023-06-24 19:31:01,654 [amqEmbeddedWorkerJmsContainer-3] [uk.ac.ebi.interpro.scan.io.pirsf.hmmer3.PirsfHmmer3RawMatchParser:129] WARN - Couldn't parse the given raw match line, because it is of an unexpected format.
2023-06-24 19:31:01,654 [amqEmbeddedWorkerJmsContainer-3] [uk.ac.ebi.interpro.scan.io.pirsf.hmmer3.PirsfHmmer3RawMatchParser:130] WARN - Unexpected Raw match line: #    score  bias  c-Evalue  i-Evalue hmmfrom  hmm to    alifrom  ali to    envfrom  env to     acc
2023-06-24 19:31:01,654 [amqEmbeddedWorkerJmsContainer-3] [uk.ac.ebi.interpro.scan.io.pirsf.hmmer3.PirsfHmmer3RawMatchParser:129] WARN - Couldn't parse the given raw match line, because it is of an unexpected format.
2023-06-24 19:31:01,654 [amqEmbeddedWorkerJmsContainer-3] [uk.ac.ebi.interpro.scan.io.pirsf.hmmer3.PirsfHmmer3RawMatchParser:130] WARN - Unexpected Raw match line: 1 !  439.3   0.1  1.1e-135  1.8e-133       2     337 ..       4     335 ..       3     339 .] 0.98
2023-06-24 19:31:01,655 [amqEmbeddedWorkerJmsContainer-3] [uk.ac.ebi.interpro.scan.io.pirsf.hmmer3.PirsfHmmer3RawMatchParser:129] WARN - Couldn't parse the given raw match line, because it is of an unexpected format.
2023-06-24 19:31:01,655 [amqEmbeddedWorkerJmsContainer-3] [uk.ac.ebi.interpro.scan.io.pirsf.hmmer3.PirsfHmmer3RawMatchParser:130] WARN - Unexpected Raw match line: Query sequence: 23 matches PIRSF001093: Beta-hexosaminidase, subunit alpha/subunit beta, eukaryotic type
2023-06-24 19:31:01,655 [amqEmbeddedWorkerJmsContainer-3] [uk.ac.ebi.interpro.scan.io.pirsf.hmmer3.PirsfHmmer3RawMatchParser:129] WARN - Couldn't parse the given raw match line, because it is of an unexpected format.
2023-06-24 19:31:01,655 [amqEmbeddedWorkerJmsContainer-3] [uk.ac.ebi.interpro.scan.io.pirsf.hmmer3.PirsfHmmer3RawMatchParser:130] WARN - Unexpected Raw match line: #    score  bias  c-Evalue  i-Evalue hmmfrom  hmm to    alifrom  ali to    envfrom  env to     acc
2023-06-24 19:31:01,655 [amqEmbeddedWorkerJmsContainer-3] [uk.ac.ebi.interpro.scan.io.pirsf.hmmer3.PirsfHmmer3RawMatchParser:129] WARN - Couldn't parse the given raw match line, because it is of an unexpected format.
2023-06-24 19:31:01,655 [amqEmbeddedWorkerJmsContainer-3] [uk.ac.ebi.interpro.scan.io.pirsf.hmmer3.PirsfHmmer3RawMatchParser:130] WARN - Unexpected Raw match line: 1 !  271.3   0.6   1.8e-84     3e-82     130     552 ..     102     528 ..      94     532 .. 0.86
2023-06-24 19:31:01,655 [amqEmbeddedWorkerJmsContainer-3] [uk.ac.ebi.interpro.scan.io.pirsf.hmmer3.PirsfHmmer3RawMatchParser:129] WARN - Couldn't parse the given raw match line, because it is of an unexpected format.
2023-06-24 19:31:01,655 [amqEmbeddedWorkerJmsContainer-3] [uk.ac.ebi.interpro.scan.io.pirsf.hmmer3.PirsfHmmer3RawMatchParser:130] WARN - Unexpected Raw match line: Query sequence: 232 matches PIRSF002583: Heat shock protein, HSP90/HTPG types
2023-06-24 19:31:01,655 [amqEmbeddedWorkerJmsContainer-3] [uk.ac.ebi.interpro.scan.io.pirsf.hmmer3.PirsfHmmer3RawMatchParser:129] WARN - Couldn't parse the given raw match line, because it is of an unexpected format.
2023-06-24 19:31:01,655 [amqEmbeddedWorkerJmsContainer-3] [uk.ac.ebi.interpro.scan.io.pirsf.hmmer3.PirsfHmmer3RawMatchParser:130] WARN - Unexpected Raw match line: #    score  bias  c-Evalue  i-Evalue hmmfrom  hmm to    alifrom  ali to    envfrom  env to     acc
2023-06-24 19:31:01,655 [amqEmbeddedWorkerJmsContainer-3] [uk.ac.ebi.interpro.scan.io.pirsf.hmmer3.PirsfHmmer3RawMatchParser:129] WARN - Couldn't parse the given raw match line, because it is of an unexpected format.
2023-06-24 19:31:01,655 [amqEmbeddedWorkerJmsContainer-3] [uk.ac.ebi.interpro.scan.io.pirsf.hmmer3.PirsfHmmer3RawMatchParser:130] WARN - Unexpected Raw match line: 1 !  497.1  13.2  5.3e-153  1.7e-150      20     671 ..       7     628 ..       1     666 [. 0.85
2023-06-24 19:31:01,655 [amqEmbeddedWorkerJmsContainer-3] [uk.ac.ebi.interpro.scan.io.pirsf.hmmer3.PirsfHmmer3RawMatchParser:129] WARN - Couldn't parse the given raw match line, because it is of an unexpected format.
2023-06-24 19:31:01,655 [amqEmbeddedWorkerJmsContainer-3] [uk.ac.ebi.interpro.scan.io.pirsf.hmmer3.PirsfHmmer3RawMatchParser:130] WARN - Unexpected Raw match line: Query sequence: 236 matches PIRSF005499: Polyribonucleotide nucleotidyltransferase
2023-06-24 19:31:01,656 [amqEmbeddedWorkerJmsContainer-3] [uk.ac.ebi.interpro.scan.io.pirsf.hmmer3.PirsfHmmer3RawMatchParser:129] WARN - Couldn't parse the given raw match line, because it is of an unexpected format.
2023-06-24 19:31:01,656 [amqEmbeddedWorkerJmsContainer-3] [uk.ac.ebi.interpro.scan.io.pirsf.hmmer3.PirsfHmmer3RawMatchParser:130] WARN - Unexpected Raw match line: #    score  bias  c-Evalue  i-Evalue hmmfrom  hmm to    alifrom  ali to    envfrom  env to     acc
2023-06-24 19:31:01,656 [amqEmbeddedWorkerJmsContainer-3] [uk.ac.ebi.interpro.scan.io.pirsf.hmmer3.PirsfHmmer3RawMatchParser:129] WARN - Couldn't parse the given raw match line, because it is of an unexpected format.
2023-06-24 19:31:01,656 [amqEmbeddedWorkerJmsContainer-3] [uk.ac.ebi.interpro.scan.io.pirsf.hmmer3.PirsfHmmer3RawMatchParser:130] WARN - Unexpected Raw match line: 1 !  927.6   0.2  2.6e-283  8.8e-281       6     719 ..      15     733 ..      10     742 .. 0.94
2023-06-24 19:31:01,656 [amqEmbeddedWorkerJmsContainer-3] [uk.ac.ebi.interpro.scan.io.pirsf.hmmer3.PirsfHmmer3RawMatchParser:129] WARN - Couldn't parse the given raw match line, because it is of an unexpected format.
2023-06-24 19:31:01,656 [amqEmbeddedWorkerJmsContainer-3] [uk.ac.ebi.interpro.scan.io.pirsf.hmmer3.PirsfHmmer3RawMatchParser:130] WARN - Unexpected Raw match line: Query sequence: 243 matches PIRSF016599: Aminoacyl-histidine dipeptidase
2023-06-24 19:31:01,656 [amqEmbeddedWorkerJmsContainer-3] [uk.ac.ebi.interpro.scan.io.pirsf.hmmer3.PirsfHmmer3RawMatchParser:129] WARN - Couldn't parse the given raw match line, because it is of an unexpected format.
2023-06-24 19:31:01,656 [amqEmbeddedWorkerJmsContainer-3] [uk.ac.ebi.interpro.scan.io.pirsf.hmmer3.PirsfHmmer3RawMatchParser:130] WARN - Unexpected Raw match line: #    score  bias  c-Evalue  i-Evalue hmmfrom  hmm to    alifrom  ali to    envfrom  env to     acc
2023-06-24 19:31:01,656 [amqEmbeddedWorkerJmsContainer-3] [uk.ac.ebi.interpro.scan.io.pirsf.hmmer3.PirsfHmmer3RawMatchParser:129] WARN - Couldn't parse the given raw match line, because it is of an unexpected format.
2023-06-24 19:31:01,656 [amqEmbeddedWorkerJmsContainer-3] [uk.ac.ebi.interpro.scan.io.pirsf.hmmer3.PirsfHmmer3RawMatchParser:130] WARN - Unexpected Raw match line: 1 !  613.6   0.0  2.2e-188  3.6e-186       2     483 ..      18     501 ..      17     502 .] 0.98
2023-06-24 19:31:01,656 [amqEmbeddedWorkerJmsContainer-3] [uk.ac.ebi.interpro.scan.io.pirsf.hmmer3.PirsfHmmer3RawMatchParser:129] WARN - Couldn't parse the given raw match line, because it is of an unexpected format.
2023-06-24 19:31:01,656 [amqEmbeddedWorkerJmsContainer-3] [uk.ac.ebi.interpro.scan.io.pirsf.hmmer3.PirsfHmmer3RawMatchParser:130] WARN - Unexpected Raw match line: Query sequence: 247 matches PIRSF016599: Aminoacyl-histidine dipeptidase
2023-06-24 19:31:01,656 [amqEmbeddedWorkerJmsContainer-3] [uk.ac.ebi.interpro.scan.io.pirsf.hmmer3.PirsfHmmer3RawMatchParser:129] WARN - Couldn't parse the given raw match line, because it is of an unexpected format.
2023-06-24 19:31:01,656 [amqEmbeddedWorkerJmsContainer-3] [uk.ac.ebi.interpro.scan.io.pirsf.hmmer3.PirsfHmmer3RawMatchParser:130] WARN - Unexpected Raw match line: #    score  bias  c-Evalue  i-Evalue hmmfrom  hmm to    alifrom  ali to    envfrom  env to     acc
2023-06-24 19:31:01,656 [amqEmbeddedWorkerJmsContainer-3] [uk.ac.ebi.interpro.scan.io.pirsf.hmmer3.PirsfHmmer3RawMatchParser:129] WARN - Couldn't parse the given raw match line, because it is of an unexpected format.
2023-06-24 19:31:01,656 [amqEmbeddedWorkerJmsContainer-3] [uk.ac.ebi.interpro.scan.io.pirsf.hmmer3.PirsfHmmer3RawMatchParser:130] WARN - Unexpected Raw match line: 1 !  650.8   0.0  1.1e-199  1.9e-197       3     485 ..       8     489 ..       6     490 .. 0.99
2023-06-24 19:31:01,656 [amqEmbeddedWorkerJmsContainer-3] [uk.ac.ebi.interpro.scan.io.pirsf.hmmer3.PirsfHmmer3RawMatchParser:129] WARN - Couldn't parse the given raw match line, because it is of an unexpected format.
2023-06-24 19:31:01,657 [amqEmbeddedWorkerJmsContainer-3] [uk.ac.ebi.interpro.scan.io.pirsf.hmmer3.PirsfHmmer3RawMatchParser:130] WARN - Unexpected Raw match line: Query sequence: 249 matches PIRSF005700: Aminopeptidase C (bleomycin hydrolase)
2023-06-24 19:31:01,657 [amqEmbeddedWorkerJmsContainer-3] [uk.ac.ebi.interpro.scan.io.pirsf.hmmer3.PirsfHmmer3RawMatchParser:129] WARN - Couldn't parse the given raw match line, because it is of an unexpected format.
2023-06-24 19:31:01,657 [amqEmbeddedWorkerJmsContainer-3] [uk.ac.ebi.interpro.scan.io.pirsf.hmmer3.PirsfHmmer3RawMatchParser:130] WARN - Unexpected Raw match line: #    score  bias  c-Evalue  i-Evalue hmmfrom  hmm to    alifrom  ali to    envfrom  env to     acc
2023-06-24 19:31:01,657 [amqEmbeddedWorkerJmsContainer-3] [uk.ac.ebi.interpro.scan.io.pirsf.hmmer3.PirsfHmmer3RawMatchParser:129] WARN - Couldn't parse the given raw match line, because it is of an unexpected format.
2023-06-24 19:31:01,657 [amqEmbeddedWorkerJmsContainer-3] [uk.ac.ebi.interpro.scan.io.pirsf.hmmer3.PirsfHmmer3RawMatchParser:130] WARN - Unexpected Raw match line: 1 !  504.3   1.2  1.8e-155    6e-153       5     454 ..      30     465 ..      27     466 .] 0.97
2023-06-24 19:31:01,657 [amqEmbeddedWorkerJmsContainer-3] [uk.ac.ebi.interpro.scan.io.pirsf.hmmer3.PirsfHmmer3RawMatchParser:129] WARN - Couldn't parse the given raw match line, because it is of an unexpected format.
2023-06-24 19:31:01,657 [amqEmbeddedWorkerJmsContainer-3] [uk.ac.ebi.interpro.scan.io.pirsf.hmmer3.PirsfHmmer3RawMatchParser:130] WARN - Unexpected Raw match line: Query sequence: 250 matches PIRSF001174: Lon protease
2023-06-24 19:31:01,657 [amqEmbeddedWorkerJmsContainer-3] [uk.ac.ebi.interpro.scan.io.pirsf.hmmer3.PirsfHmmer3RawMatchParser:129] WARN - Couldn't parse the given raw match line, because it is of an unexpected format.
2023-06-24 19:31:01,657 [amqEmbeddedWorkerJmsContainer-3] [uk.ac.ebi.interpro.scan.io.pirsf.hmmer3.PirsfHmmer3RawMatchParser:130] WARN - Unexpected Raw match line: #    score  bias  c-Evalue  i-Evalue hmmfrom  hmm to    alifrom  ali to    envfrom  env to     acc
2023-06-24 19:31:01,657 [amqEmbeddedWorkerJmsContainer-3] [uk.ac.ebi.interpro.scan.io.pirsf.hmmer3.PirsfHmmer3RawMatchParser:129] WARN - Couldn't parse the given raw match line, because it is of an unexpected format.
2023-06-24 19:31:01,657 [amqEmbeddedWorkerJmsContainer-3] [uk.ac.ebi.interpro.scan.io.pirsf.hmmer3.PirsfHmmer3RawMatchParser:130] WARN - Unexpected Raw match line: 1 !  912.4   7.6  1.3e-278  4.4e-276       6     773 ..      44     811 ..      39     812 .] 0.98
2023-06-24 19:31:01,657 [amqEmbeddedWorkerJmsContainer-3] [uk.ac.ebi.interpro.scan.io.pirsf.hmmer3.PirsfHmmer3RawMatchParser:129] WARN - Couldn't parse the given raw match line, because it is of an unexpected format.
2023-06-24 19:31:01,657 [amqEmbeddedWorkerJmsContainer-3] [uk.ac.ebi.interpro.scan.io.pirsf.hmmer3.PirsfHmmer3RawMatchParser:130] WARN - Unexpected Raw match line: Query sequence: 273 matches PIRSF016636: Alginate O-acetyltransferase AlgI/D-alanyl transfer protein DltB
2023-06-24 19:31:01,657 [amqEmbeddedWorkerJmsContainer-3] [uk.ac.ebi.interpro.scan.io.pirsf.hmmer3.PirsfHmmer3RawMatchParser:129] WARN - Couldn't parse the given raw match line, because it is of an unexpected format.
2023-06-24 19:31:01,657 [amqEmbeddedWorkerJmsContainer-3] [uk.ac.ebi.interpro.scan.io.pirsf.hmmer3.PirsfHmmer3RawMatchParser:130] WARN - Unexpected Raw match line: #    score  bias  c-Evalue  i-Evalue hmmfrom  hmm to    alifrom  ali to    envfrom  env to     acc
2023-06-24 19:31:01,657 [amqEmbeddedWorkerJmsContainer-3] [uk.ac.ebi.interpro.scan.io.pirsf.hmmer3.PirsfHmmer3RawMatchParser:129] WARN - Couldn't parse the given raw match line, because it is of an unexpected format.
2023-06-24 19:31:01,658 [amqEmbeddedWorkerJmsContainer-3] [uk.ac.ebi.interpro.scan.io.pirsf.hmmer3.PirsfHmmer3RawMatchParser:130] WARN - Unexpected Raw match line: 1 !  434.0  21.4  4.1e-134  1.4e-131       5     472 ..      35     495 ..      31     501 .. 0.92
2023-06-24 19:31:01,658 [amqEmbeddedWorkerJmsContainer-3] [uk.ac.ebi.interpro.scan.io.pirsf.hmmer3.PirsfHmmer3RawMatchParser:129] WARN - Couldn't parse the given raw match line, because it is of an unexpected format.
2023-06-24 19:31:01,658 [amqEmbeddedWorkerJmsContainer-3] [uk.ac.ebi.interpro.scan.io.pirsf.hmmer3.PirsfHmmer3RawMatchParser:130] WARN - Unexpected Raw match line: and matches Sub-Family PIRSF500217: Alginate O-acetyltransferase AlgI
2023-06-24 19:31:01,658 [amqEmbeddedWorkerJmsContainer-3] [uk.ac.ebi.interpro.scan.io.pirsf.hmmer3.PirsfHmmer3RawMatchParser:129] WARN - Couldn't parse the given raw match line, because it is of an unexpected format.
2023-06-24 19:31:01,658 [amqEmbeddedWorkerJmsContainer-3] [uk.ac.ebi.interpro.scan.io.pirsf.hmmer3.PirsfHmmer3RawMatchParser:130] WARN - Unexpected Raw match line: #    score  bias  c-Evalue  i-Evalue hmmfrom  hmm to    alifrom  ali to    envfrom  env to     acc
2023-06-24 19:31:01,658 [amqEmbeddedWorkerJmsContainer-3] [uk.ac.ebi.interpro.scan.io.pirsf.hmmer3.PirsfHmmer3RawMatchParser:129] WARN - Couldn't parse the given raw match line, because it is of an unexpected format.
2023-06-24 19:31:01,658 [amqEmbeddedWorkerJmsContainer-3] [uk.ac.ebi.interpro.scan.io.pirsf.hmmer3.PirsfHmmer3RawMatchParser:130] WARN - Unexpected Raw match line: 1 !  432.0  19.4  1.7e-133  5.8e-131       4     472 ..      34     494 ..      31     504 .. 0.86
2023-06-24 19:31:01,658 [amqEmbeddedWorkerJmsContainer-3] [uk.ac.ebi.interpro.scan.io.pirsf.hmmer3.PirsfHmmer3RawMatchParser:129] WARN - Couldn't parse the given raw match line, because it is of an unexpected format.
2023-06-24 19:31:01,658 [amqEmbeddedWorkerJmsContainer-3] [uk.ac.ebi.interpro.scan.io.pirsf.hmmer3.PirsfHmmer3RawMatchParser:130] WARN - Unexpected Raw match line: Query sequence: 281 matches PIRSF001529: Serine-tRNA ligase
2023-06-24 19:31:01,658 [amqEmbeddedWorkerJmsContainer-3] [uk.ac.ebi.interpro.scan.io.pirsf.hmmer3.PirsfHmmer3RawMatchParser:129] WARN - Couldn't parse the given raw match line, because it is of an unexpected format.
2023-06-24 19:31:01,658 [amqEmbeddedWorkerJmsContainer-3] [uk.ac.ebi.interpro.scan.io.pirsf.hmmer3.PirsfHmmer3RawMatchParser:130] WARN - Unexpected Raw match line: #    score  bias  c-Evalue  i-Evalue hmmfrom  hmm to    alifrom  ali to    envfrom  env to     acc
2023-06-24 19:31:01,658 [amqEmbeddedWorkerJmsContainer-3] [uk.ac.ebi.interpro.scan.io.pirsf.hmmer3.PirsfHmmer3RawMatchParser:129] WARN - Couldn't parse the given raw match line, because it is of an unexpected format.
2023-06-24 19:31:01,658 [amqEmbeddedWorkerJmsContainer-3] [uk.ac.ebi.interpro.scan.io.pirsf.hmmer3.PirsfHmmer3RawMatchParser:130] WARN - Unexpected Raw match line: 1 !  469.9   0.0  7.3e-145  1.2e-142       1     421 [.       6     425 ..       6     428 .] 0.98
2023-06-24 19:31:01,658 [amqEmbeddedWorkerJmsContainer-3] [uk.ac.ebi.interpro.scan.io.pirsf.hmmer3.PirsfHmmer3RawMatchParser:129] WARN - Couldn't parse the given raw match line, because it is of an unexpected format.
2023-06-24 19:31:01,658 [amqEmbeddedWorkerJmsContainer-3] [uk.ac.ebi.interpro.scan.io.pirsf.hmmer3.PirsfHmmer3RawMatchParser:130] WARN - Unexpected Raw match line: Query sequence: 298 matches PIRSF000414: Bifunctional purine biosynthesis protein, PurH type
2023-06-24 19:31:01,658 [amqEmbeddedWorkerJmsContainer-3] [uk.ac.ebi.interpro.scan.io.pirsf.hmmer3.PirsfHmmer3RawMatchParser:129] WARN - Couldn't parse the given raw match line, because it is of an unexpected format.
2023-06-24 19:31:01,659 [amqEmbeddedWorkerJmsContainer-3] [uk.ac.ebi.interpro.scan.io.pirsf.hmmer3.PirsfHmmer3RawMatchParser:130] WARN - Unexpected Raw match line: #    score  bias  c-Evalue  i-Evalue hmmfrom  hmm to    alifrom  ali to    envfrom  env to     acc
2023-06-24 19:31:01,659 [amqEmbeddedWorkerJmsContainer-3] [uk.ac.ebi.interpro.scan.io.pirsf.hmmer3.PirsfHmmer3RawMatchParser:129] WARN - Couldn't parse the given raw match line, because it is of an unexpected format.
2023-06-24 19:31:01,659 [amqEmbeddedWorkerJmsContainer-3] [uk.ac.ebi.interpro.scan.io.pirsf.hmmer3.PirsfHmmer3RawMatchParser:130] WARN - Unexpected Raw match line: 1 !  667.4   0.2  1.4e-204  2.3e-202       8     526 .]       2     510 .]       1     510 [] 0.96
2023-06-24 19:31:01,659 [amqEmbeddedWorkerJmsContainer-3] [uk.ac.ebi.interpro.scan.io.pirsf.hmmer3.PirsfHmmer3RawMatchParser:129] WARN - Couldn't parse the given raw match line, because it is of an unexpected format.
2023-06-24 19:31:01,659 [amqEmbeddedWorkerJmsContainer-3] [uk.ac.ebi.interpro.scan.io.pirsf.hmmer3.PirsfHmmer3RawMatchParser:130] WARN - Unexpected Raw match line: Query sequence: 327 matches PIRSF000185: Glutamate dehydrogenase
2023-06-24 19:31:01,659 [amqEmbeddedWorkerJmsContainer-3] [uk.ac.ebi.interpro.scan.io.pirsf.hmmer3.PirsfHmmer3RawMatchParser:129] WARN - Couldn't parse the given raw match line, because it is of an unexpected format.
2023-06-24 19:31:01,659 [amqEmbeddedWorkerJmsContainer-3] [uk.ac.ebi.interpro.scan.io.pirsf.hmmer3.PirsfHmmer3RawMatchParser:130] WARN - Unexpected Raw match line: #    score  bias  c-Evalue  i-Evalue hmmfrom  hmm to    alifrom  ali to    envfrom  env to     acc
2023-06-24 19:31:01,659 [amqEmbeddedWorkerJmsContainer-3] [uk.ac.ebi.interpro.scan.io.pirsf.hmmer3.PirsfHmmer3RawMatchParser:129] WARN - Couldn't parse the given raw match line, because it is of an unexpected format.
2023-06-24 19:31:01,659 [amqEmbeddedWorkerJmsContainer-3] [uk.ac.ebi.interpro.scan.io.pirsf.hmmer3.PirsfHmmer3RawMatchParser:130] WARN - Unexpected Raw match line: 1 !  385.1   0.4  1.9e-119  6.2e-117       5     417 ..      29     453 ..      25     454 .] 0.93
2023-06-24 19:31:01,659 [amqEmbeddedWorkerJmsContainer-3] [uk.ac.ebi.interpro.scan.io.pirsf.hmmer3.PirsfHmmer3RawMatchParser:129] WARN - Couldn't parse the given raw match line, because it is of an unexpected format.
2023-06-24 19:31:01,659 [amqEmbeddedWorkerJmsContainer-3] [uk.ac.ebi.interpro.scan.io.pirsf.hmmer3.PirsfHmmer3RawMatchParser:130] WARN - Unexpected Raw match line: Query sequence: 33 matches PIRSF006060: Amino acid transporter
2023-06-24 19:31:01,659 [amqEmbeddedWorkerJmsContainer-3] [uk.ac.ebi.interpro.scan.io.pirsf.hmmer3.PirsfHmmer3RawMatchParser:129] WARN - Couldn't parse the given raw match line, because it is of an unexpected format.
2023-06-24 19:31:01,659 [amqEmbeddedWorkerJmsContainer-3] [uk.ac.ebi.interpro.scan.io.pirsf.hmmer3.PirsfHmmer3RawMatchParser:130] WARN - Unexpected Raw match line: #    score  bias  c-Evalue  i-Evalue hmmfrom  hmm to    alifrom  ali to    envfrom  env to     acc
2023-06-24 19:31:01,659 [amqEmbeddedWorkerJmsContainer-3] [uk.ac.ebi.interpro.scan.io.pirsf.hmmer3.PirsfHmmer3RawMatchParser:129] WARN - Couldn't parse the given raw match line, because it is of an unexpected format.
2023-06-24 19:31:01,659 [amqEmbeddedWorkerJmsContainer-3] [uk.ac.ebi.interpro.scan.io.pirsf.hmmer3.PirsfHmmer3RawMatchParser:130] WARN - Unexpected Raw match line: 1 !  197.2  59.4   1.6e-62   5.3e-60      28     472 ..      14     474 ..       7     489 .. 0.81
2023-06-24 19:31:01,659 [amqEmbeddedWorkerJmsContainer-3] [uk.ac.ebi.interpro.scan.io.pirsf.hmmer3.PirsfHmmer3RawMatchParser:129] WARN - Couldn't parse the given raw match line, because it is of an unexpected format.
2023-06-24 19:31:01,659 [amqEmbeddedWorkerJmsContainer-3] [uk.ac.ebi.interpro.scan.io.pirsf.hmmer3.PirsfHmmer3RawMatchParser:130] WARN - Unexpected Raw match line: Query sequence: 39 matches PIRSF001423: Urocanate hydratase
2023-06-24 19:31:01,660 [amqEmbeddedWorkerJmsContainer-3] [uk.ac.ebi.interpro.scan.io.pirsf.hmmer3.PirsfHmmer3RawMatchParser:129] WARN - Couldn't parse the given raw match line, because it is of an unexpected format.
2023-06-24 19:31:01,660 [amqEmbeddedWorkerJmsContainer-3] [uk.ac.ebi.interpro.scan.io.pirsf.hmmer3.PirsfHmmer3RawMatchParser:130] WARN - Unexpected Raw match line: #    score  bias  c-Evalue  i-Evalue hmmfrom  hmm to    alifrom  ali to    envfrom  env to     acc
2023-06-24 19:31:01,660 [amqEmbeddedWorkerJmsContainer-3] [uk.ac.ebi.interpro.scan.io.pirsf.hmmer3.PirsfHmmer3RawMatchParser:129] WARN - Couldn't parse the given raw match line, because it is of an unexpected format.
2023-06-24 19:31:01,660 [amqEmbeddedWorkerJmsContainer-3] [uk.ac.ebi.interpro.scan.io.pirsf.hmmer3.PirsfHmmer3RawMatchParser:130] WARN - Unexpected Raw match line: 1 !  667.9   0.8  5.4e-205  1.8e-202      15     559 ..      86     652 ..      71     658 .. 0.97
2023-06-24 19:31:01,660 [amqEmbeddedWorkerJmsContainer-3] [uk.ac.ebi.interpro.scan.io.pirsf.hmmer3.PirsfHmmer3RawMatchParser:129] WARN - Couldn't parse the given raw match line, because it is of an unexpected format.
2023-06-24 19:31:01,660 [amqEmbeddedWorkerJmsContainer-3] [uk.ac.ebi.interpro.scan.io.pirsf.hmmer3.PirsfHmmer3RawMatchParser:130] WARN - Unexpected Raw match line: Query sequence: 41 matches PIRSF001386: Tryptophanase
2023-06-24 19:31:01,660 [amqEmbeddedWorkerJmsContainer-3] [uk.ac.ebi.interpro.scan.io.pirsf.hmmer3.PirsfHmmer3RawMatchParser:129] WARN - Couldn't parse the given raw match line, because it is of an unexpected format.
2023-06-24 19:31:01,660 [amqEmbeddedWorkerJmsContainer-3] [uk.ac.ebi.interpro.scan.io.pirsf.hmmer3.PirsfHmmer3RawMatchParser:130] WARN - Unexpected Raw match line: #    score  bias  c-Evalue  i-Evalue hmmfrom  hmm to    alifrom  ali to    envfrom  env to     acc
2023-06-24 19:31:01,660 [amqEmbeddedWorkerJmsContainer-3] [uk.ac.ebi.interpro.scan.io.pirsf.hmmer3.PirsfHmmer3RawMatchParser:129] WARN - Couldn't parse the given raw match line, because it is of an unexpected format.
2023-06-24 19:31:01,660 [amqEmbeddedWorkerJmsContainer-3] [uk.ac.ebi.interpro.scan.io.pirsf.hmmer3.PirsfHmmer3RawMatchParser:130] WARN - Unexpected Raw match line: 1 !  691.0   0.3  3.7e-212  1.2e-209       5     456 ..      10     461 ..       5     462 .] 0.99
2023-06-24 19:31:01,660 [amqEmbeddedWorkerJmsContainer-3] [uk.ac.ebi.interpro.scan.io.pirsf.hmmer3.PirsfHmmer3RawMatchParser:129] WARN - Couldn't parse the given raw match line, because it is of an unexpected format.
2023-06-24 19:31:01,660 [amqEmbeddedWorkerJmsContainer-3] [uk.ac.ebi.interpro.scan.io.pirsf.hmmer3.PirsfHmmer3RawMatchParser:130] WARN - Unexpected Raw match line: Query sequence: 52 matches PIRSF000484: Nicotinate phosphoribosyltransferase
2023-06-24 19:31:01,660 [amqEmbeddedWorkerJmsContainer-3] [uk.ac.ebi.interpro.scan.io.pirsf.hmmer3.PirsfHmmer3RawMatchParser:129] WARN - Couldn't parse the given raw match line, because it is of an unexpected format.
2023-06-24 19:31:01,660 [amqEmbeddedWorkerJmsContainer-3] [uk.ac.ebi.interpro.scan.io.pirsf.hmmer3.PirsfHmmer3RawMatchParser:130] WARN - Unexpected Raw match line: #    score  bias  c-Evalue  i-Evalue hmmfrom  hmm to    alifrom  ali to    envfrom  env to     acc
2023-06-24 19:31:01,660 [amqEmbeddedWorkerJmsContainer-3] [uk.ac.ebi.interpro.scan.io.pirsf.hmmer3.PirsfHmmer3RawMatchParser:129] WARN - Couldn't parse the given raw match line, because it is of an unexpected format.
2023-06-24 19:31:01,660 [amqEmbeddedWorkerJmsContainer-3] [uk.ac.ebi.interpro.scan.io.pirsf.hmmer3.PirsfHmmer3RawMatchParser:130] WARN - Unexpected Raw match line: 1 !  195.8   0.1     6e-62     2e-59       4     369 ..      23     411 ..      20     416 .. 0.89
2023-06-24 19:31:01,660 [amqEmbeddedWorkerJmsContainer-3] [uk.ac.ebi.interpro.scan.io.pirsf.hmmer3.PirsfHmmer3RawMatchParser:129] WARN - Couldn't parse the given raw match line, because it is of an unexpected format.
2023-06-24 19:31:01,660 [amqEmbeddedWorkerJmsContainer-3] [uk.ac.ebi.interpro.scan.io.pirsf.hmmer3.PirsfHmmer3RawMatchParser:130] WARN - Unexpected Raw match line: Query sequence: 54 matches PIRSF000463: 1,4-alpha-glucan branching enzyme
2023-06-24 19:31:01,660 [amqEmbeddedWorkerJmsContainer-3] [uk.ac.ebi.interpro.scan.io.pirsf.hmmer3.PirsfHmmer3RawMatchParser:129] WARN - Couldn't parse the given raw match line, because it is of an unexpected format.
2023-06-24 19:31:01,661 [amqEmbeddedWorkerJmsContainer-3] [uk.ac.ebi.interpro.scan.io.pirsf.hmmer3.PirsfHmmer3RawMatchParser:130] WARN - Unexpected Raw match line: #    score  bias  c-Evalue  i-Evalue hmmfrom  hmm to    alifrom  ali to    envfrom  env to     acc
2023-06-24 19:31:01,661 [amqEmbeddedWorkerJmsContainer-3] [uk.ac.ebi.interpro.scan.io.pirsf.hmmer3.PirsfHmmer3RawMatchParser:129] WARN - Couldn't parse the given raw match line, because it is of an unexpected format.
2023-06-24 19:31:01,661 [amqEmbeddedWorkerJmsContainer-3] [uk.ac.ebi.interpro.scan.io.pirsf.hmmer3.PirsfHmmer3RawMatchParser:130] WARN - Unexpected Raw match line: 1 !  597.0  18.6  1.6e-182    1e-180      55     708 ..       8     680 ..       1     681 [] 0.91
2023-06-24 19:31:01,661 [amqEmbeddedWorkerJmsContainer-3] [uk.ac.ebi.interpro.scan.io.pirsf.hmmer3.PirsfHmmer3RawMatchParser:129] WARN - Couldn't parse the given raw match line, because it is of an unexpected format.
2023-06-24 19:31:01,661 [amqEmbeddedWorkerJmsContainer-3] [uk.ac.ebi.interpro.scan.io.pirsf.hmmer3.PirsfHmmer3RawMatchParser:130] WARN - Unexpected Raw match line: Query sequence: 56 matches PIRSF005243: Rubredoxin-oxygen oxidoreductase
2023-06-24 19:31:01,661 [amqEmbeddedWorkerJmsContainer-3] [uk.ac.ebi.interpro.scan.io.pirsf.hmmer3.PirsfHmmer3RawMatchParser:129] WARN - Couldn't parse the given raw match line, because it is of an unexpected format.
2023-06-24 19:31:01,661 [amqEmbeddedWorkerJmsContainer-3] [uk.ac.ebi.interpro.scan.io.pirsf.hmmer3.PirsfHmmer3RawMatchParser:130] WARN - Unexpected Raw match line: #    score  bias  c-Evalue  i-Evalue hmmfrom  hmm to    alifrom  ali to    envfrom  env to     acc
2023-06-24 19:31:01,661 [amqEmbeddedWorkerJmsContainer-3] [uk.ac.ebi.interpro.scan.io.pirsf.hmmer3.PirsfHmmer3RawMatchParser:129] WARN - Couldn't parse the given raw match line, because it is of an unexpected format.
2023-06-24 19:31:01,661 [amqEmbeddedWorkerJmsContainer-3] [uk.ac.ebi.interpro.scan.io.pirsf.hmmer3.PirsfHmmer3RawMatchParser:130] WARN - Unexpected Raw match line: 1 !  342.6   0.0  1.7e-106  5.6e-104       5     395 ..      13     397 ..      10     399 .] 0.95
2023-06-24 19:31:01,661 [amqEmbeddedWorkerJmsContainer-3] [uk.ac.ebi.interpro.scan.io.pirsf.hmmer3.PirsfHmmer3RawMatchParser:129] WARN - Couldn't parse the given raw match line, because it is of an unexpected format.
2023-06-24 19:31:01,661 [amqEmbeddedWorkerJmsContainer-3] [uk.ac.ebi.interpro.scan.io.pirsf.hmmer3.PirsfHmmer3RawMatchParser:130] WARN - Unexpected Raw match line: Query sequence: 94 matches PIRSF006485: GTP-binding protein EngA
2023-06-24 19:31:01,661 [amqEmbeddedWorkerJmsContainer-3] [uk.ac.ebi.interpro.scan.io.pirsf.hmmer3.PirsfHmmer3RawMatchParser:129] WARN - Couldn't parse the given raw match line, because it is of an unexpected format.
2023-06-24 19:31:01,661 [amqEmbeddedWorkerJmsContainer-3] [uk.ac.ebi.interpro.scan.io.pirsf.hmmer3.PirsfHmmer3RawMatchParser:130] WARN - Unexpected Raw match line: #    score  bias  c-Evalue  i-Evalue hmmfrom  hmm to    alifrom  ali to    envfrom  env to     acc
2023-06-24 19:31:01,661 [amqEmbeddedWorkerJmsContainer-3] [uk.ac.ebi.interpro.scan.io.pirsf.hmmer3.PirsfHmmer3RawMatchParser:129] WARN - Couldn't parse the given raw match line, because it is of an unexpected format.
2023-06-24 19:31:01,661 [amqEmbeddedWorkerJmsContainer-3] [uk.ac.ebi.interpro.scan.io.pirsf.hmmer3.PirsfHmmer3RawMatchParser:130] WARN - Unexpected Raw match line: 1 !  541.3   0.0  4.9e-166  3.2e-164       2     437 ..      37     470 .]      36     470 .] 0.97
24/06/2023 19:32:39:017 100% done:  InterProScan analyses completed 

2023-06-24 19:32:39,520 [main] [uk.ac.ebi.interpro.scan.jms.master.AbstractMaster:259] WARN - Master process unable to delete temporary directory /projects/raw_lab/jobs/metacerberus/temp/str-c103.uncc.edu_20230624_191826616_8k76
3061.98user 228.25system 14:17.50elapsed 383%CPU (0avgtext+0avgdata 3494016maxresident)k
2375192inputs+1438112outputs (390major+17704951minor)pagefaults 0swaps

======================================================
End Time   : Sat Jun 24 19:32:39 EDT 2023
Run Time   : 858 seconds
======================================================

