=====================================================
Start Time  : Sat Jul  1 17:14:32 EDT 2023
Submit Dir  : /projects/raw_lab/jobs/metacerberus
Job ID/Name : 4128788 / PROKKA
Node List   : str-c95
Num Tasks   : 1 total [1 nodes @ 16 CPUs/node]
======================================================

Loading prokka/1.14.6
  Loading requirement: anaconda3/2022.10
======================================================
Running PROKKA On CPR/SAMN03319534.fna
======================================================
Viruses
[17:14:34] This is prokka 1.14.6
[17:14:34] Written by Torsten Seemann <torsten.seemann@gmail.com>
[17:14:34] Homepage is https://github.com/tseemann/prokka
[17:14:34] Local time is Sat Jul  1 17:14:34 2023
[17:14:34] You are jlfiguer
[17:14:34] Operating system is linux
[17:14:34] You have BioPerl 1.7.8
Argument "1.7.8" isn't numeric in numeric lt (<) at /apps/pkg/anaconda3/2022.10/envs/prokka-1.14.6/bin/prokka line 259.
[17:14:34] System has 16 cores.
[17:14:34] Will use maximum of 16 cores.
[17:14:34] Annotating as >>> Viruses <<<
[17:14:34] Generating locus_tag from 'CPR/SAMN03319534.fna' contents.
[17:14:34] Setting --locustag FFGGBHEM from MD5 ff00b1e677ab131910d68a1f017114e4
[17:14:34] Creating new output folder: results/PROKKA/CPR/SAMN03319534
[17:14:34] Running: mkdir -p results\/PROKKA\/CPR\/SAMN03319534
[17:14:34] Using filename prefix: SAMN03319534.XXX
[17:14:34] Setting HMMER_NCPU=1
[17:14:34] Writing log to: results/PROKKA/CPR/SAMN03319534/SAMN03319534.log
[17:14:34] Command: /apps/pkg/anaconda3/2022.10/envs/prokka-1.14.6/bin/prokka --prefix SAMN03319534 --outdir results/PROKKA/CPR/SAMN03319534 --kingdom Viruses --cpus 16 CPR/SAMN03319534.fna
[17:14:34] Appending to PATH: /apps/pkg/anaconda3/2022.10/envs/prokka-1.14.6/bin
[17:14:34] Looking for 'aragorn' - found /apps/pkg/anaconda3/2022.10/envs/prokka-1.14.6/bin/aragorn
[17:14:34] Determined aragorn version is 001002 from 'ARAGORN v1.2.41 Dean Laslett'
[17:14:34] Looking for 'barrnap' - found /apps/pkg/anaconda3/2022.10/envs/prokka-1.14.6/bin/barrnap
[17:14:34] Determined barrnap version is 000009 from 'barrnap 0.9'
[17:14:34] Looking for 'blastp' - found /apps/pkg/anaconda3/2022.10/envs/prokka-1.14.6/bin/blastp
[17:14:34] Determined blastp version is 002013 from 'blastp: 2.13.0+'
[17:14:34] Looking for 'cmpress' - found /apps/pkg/anaconda3/2022.10/envs/prokka-1.14.6/bin/cmpress
[17:14:34] Determined cmpress version is 001001 from '# INFERNAL 1.1.4 (Dec 2020)'
[17:14:34] Looking for 'cmscan' - found /apps/pkg/anaconda3/2022.10/envs/prokka-1.14.6/bin/cmscan
[17:14:34] Determined cmscan version is 001001 from '# INFERNAL 1.1.4 (Dec 2020)'
[17:14:34] Looking for 'egrep' - found /usr/bin/egrep
[17:14:34] Looking for 'find' - found /usr/bin/find
[17:14:34] Looking for 'grep' - found /usr/bin/grep
[17:14:34] Looking for 'hmmpress' - found /apps/pkg/anaconda3/2022.10/envs/prokka-1.14.6/bin/hmmpress
[17:14:34] Determined hmmpress version is 003003 from '# HMMER 3.3.2 (Nov 2020); http://hmmer.org/'
[17:14:34] Looking for 'hmmscan' - found /apps/pkg/anaconda3/2022.10/envs/prokka-1.14.6/bin/hmmscan
[17:14:34] Determined hmmscan version is 003003 from '# HMMER 3.3.2 (Nov 2020); http://hmmer.org/'
[17:14:34] Looking for 'java' - found /apps/pkg/anaconda3/2022.10/envs/prokka-1.14.6/bin/java
[17:14:34] Looking for 'makeblastdb' - found /apps/pkg/anaconda3/2022.10/envs/prokka-1.14.6/bin/makeblastdb
[17:14:34] Determined makeblastdb version is 002013 from 'makeblastdb: 2.13.0+'
[17:14:34] Looking for 'minced' - found /apps/pkg/anaconda3/2022.10/envs/prokka-1.14.6/bin/minced
[17:14:34] Determined minced version is 004002 from 'minced 0.4.2'
[17:14:34] Looking for 'parallel' - found /apps/pkg/anaconda3/2022.10/envs/prokka-1.14.6/bin/parallel
[17:14:35] Determined parallel version is 20230122 from 'GNU parallel 20230122'
[17:14:35] Looking for 'prodigal' - found /apps/pkg/anaconda3/2022.10/envs/prokka-1.14.6/bin/prodigal
[17:14:35] Determined prodigal version is 002006 from 'Prodigal V2.6.3: February, 2016'
[17:14:35] Looking for 'prokka-genbank_to_fasta_db' - found /apps/pkg/anaconda3/2022.10/envs/prokka-1.14.6/bin/prokka-genbank_to_fasta_db
[17:14:35] Looking for 'sed' - found /usr/bin/sed
[17:14:35] Looking for 'tbl2asn' - found /apps/pkg/anaconda3/2022.10/envs/prokka-1.14.6/bin/tbl2asn
[17:14:35] Determined tbl2asn version is 025007 from 'tbl2asn 25.7   arguments:'
[17:14:35] Using genetic code table 1.
[17:14:35] Loading and checking input file: CPR/SAMN03319534.fna
[17:14:35] Wrote 59 contigs totalling 892301 bp.
[17:14:35] Predicting tRNAs and tmRNAs
[17:14:35] Running: aragorn -l -gc1  -w results\/PROKKA\/CPR\/SAMN03319534\/SAMN03319534\.fna
[17:14:35] 1 tRNA-Arg [3597,3671] 34 (tcg)
[17:14:35] 2 tRNA-Lys [3977,4051] 34 (ctt)
[17:14:35] 1 tRNA-Pro [1137,1212] 35 (ggg)
[17:14:35] 1 tRNA-Phe c[1539,1612] 35 (gaa)
[17:14:35] 2 tRNA-Val c[5356,5430] 35 (tac)
[17:14:35] 3 tRNA-Leu c[5908,5994] 37 (gag)
[17:14:35] 4 tRNA-Leu c[6053,6137] 35 (cag)
[17:14:35] 5 tRNA-Leu [9269,9351] 35 (tag)
[17:14:35] 6 tRNA-Val c[12064,12138] 35 (gac)
[17:14:35] 1 tRNA-His c[11938,12012] 35 (gtg)
[17:14:35] 2 tRNA-Arg c[12018,12091] 34 (tct)
[17:14:35] 3 tRNA-Gly c[12095,12168] 34 (tcc)
[17:14:35] 1 tRNA-Lys [17984,18060] 35 (ttt)
[17:14:35] 2 tRNA-Glu [23782,23856] 34 (ttc)
[17:14:35] 1 tRNA-Ser c[205,291] 35 (cga)
[17:14:35] 2 tRNA-Arg c[315,390] 35 (gcg)
[17:14:35] 3 tRNA-Ser [1078,1169] 36 (gct)
[17:14:35] 4 tRNA-Ser [1171,1259] 35 (tga)
[17:14:35] 1 tRNA-Glu [1079,1153] 35 (ctc)
[17:14:35] 1 tRNA-Gly c[3501,3573] 33 (gcc)
[17:14:35] 1 tRNA-Ile [14034,14106] 33 (tat)
[17:14:35] 1 tRNA-Val [8982,9054] 33 (cac)
[17:14:35] 2 tRNA-Thr c[12128,12202] 33 (cgt)
[17:14:35] 1 tRNA-Ile c[6529,6603] 35 (gat)
[17:14:35] 2 tRNA-Cys c[7566,7638] 33 (gca)
[17:14:35] 1 tRNA-Leu c[4590,4675] 34 (caa)
[17:14:35] 1 tRNA-Gly c[1342,1413] 33 (ccc)
[17:14:35] 2 tRNA-Asp c[2060,2135] 36 (gtc)
[17:14:35] 1 tRNA-Met c[2096,2170] 33 (cat)
[17:14:35] 2 tRNA-Met c[2293,2364] 33 (cat)
[17:14:35] 1 tRNA-Ala c[2337,2410] 34 (cgc)
[17:14:35] 2 tRNA-Ala c[2499,2571] 33 (ggc)
[17:14:35] 1 tRNA-Thr [5269,5341] 33 (tgt)
[17:14:35] 2 tRNA-Tyr [5479,5564] 35 (gta)
[17:14:35] 3 tRNA-Thr [5577,5649] 33 (ggt)
[17:14:35] 1 tRNA-Gln c[2792,2865] 33 (ctg)
[17:14:35] Found 36 tRNAs
[17:14:35] Disabling rRNA search: --kingdom=Viruses or --norrna=0
[17:14:35] Skipping ncRNA search, enable with --rfam if desired.
[17:14:35] Total of 36 tRNA + rRNA features
[17:14:35] Searching for CRISPR repeats
[17:14:35] Found 0 CRISPRs
[17:14:35] Predicting coding sequences
[17:14:35] Contigs total 892301 bp, so using single mode
[17:14:35] Running: prodigal -i results\/PROKKA\/CPR\/SAMN03319534\/SAMN03319534\.fna -c -m -g 1 -p single -f sco -q
[17:14:36] Excluding CDS which overlaps existing RNA (tRNA) at LBZD01000027.1:3706..4014 on + strand
[17:14:36] Excluding CDS which overlaps existing RNA (tRNA) at LBZD01000007.1:5408..5857 on - strand
[17:14:36] Excluding CDS which overlaps existing RNA (tRNA) at LBZD01000025.1:3564..3839 on - strand
[17:14:36] Found 884 CDS
[17:14:36] Connecting features back to sequences
[17:14:36] Not using genus-specific database. Try --usegenus to enable it.
[17:14:36] Annotating CDS, please be patient.
[17:14:36] Will use 16 CPUs for similarity searching.
[17:14:36] There are still 884 unannotated CDS left (started with 884)
[17:14:36] Will use blast to search against /apps/pkg/anaconda3/2022.10/envs/prokka-1.14.6/db/kingdom/Viruses/sprot with 16 CPUs
[17:14:36] Running: cat results\/PROKKA\/CPR\/SAMN03319534\/SAMN03319534\.sprot\.tmp\.800038\.faa | parallel --gnu --plain -j 16 --block 7714 --recstart '>' --pipe blastp -query - -db /apps/pkg/anaconda3/2022.10/envs/prokka-1.14.6/db/kingdom/Viruses/sprot -evalue 1e-09 -qcov_hsp_perc 80 -num_threads 1 -num_descriptions 1 -num_alignments 1 -seg no > results\/PROKKA\/CPR\/SAMN03319534\/SAMN03319534\.sprot\.tmp\.800038\.blast 2> /dev/null
[17:14:38] Modify product: Uncharacterized protein L612 => putative protein L612
[17:14:38] Cleaned 1 /product names
[17:14:38] Deleting unwanted file: results/PROKKA/CPR/SAMN03319534/SAMN03319534.sprot.tmp.800038.faa
[17:14:38] Deleting unwanted file: results/PROKKA/CPR/SAMN03319534/SAMN03319534.sprot.tmp.800038.blast
[17:14:38] Labelling remaining 878 proteins as 'hypothetical protein'
[17:14:38] Found 4 unique /gene codes.
[17:14:38] Fixed 0 colliding /gene names.
[17:14:38] Adding /locus_tag identifiers
[17:14:38] Assigned 920 locus_tags to CDS and RNA features.
[17:14:38] Writing outputs to results/PROKKA/CPR/SAMN03319534/
[17:14:39] Generating annotation statistics file
[17:14:39] Generating Genbank and Sequin files
[17:14:39] Running: tbl2asn -V b -a r10k -l paired-ends -M n -N 1 -y 'Annotated using prokka 1.14.6 from https://github.com/tseemann/prokka' -Z results\/PROKKA\/CPR\/SAMN03319534\/SAMN03319534\.err -i results\/PROKKA\/CPR\/SAMN03319534\/SAMN03319534\.fsa 2> /dev/null
[tbl2asn-forever] Found Prokka input, correcting dates in .gbf|.sqn files.
[tbl2asn-forever] Correcting dates in results/PROKKA/CPR/SAMN03319534/SAMN03319534.gbf
[tbl2asn-forever] Correcting dates in results/PROKKA/CPR/SAMN03319534/SAMN03319534.sqn
[tbl2asn-forever] Dates changed from 01-JAN-2019 to 01-JUL-2023
[17:14:41] Deleting unwanted file: results/PROKKA/CPR/SAMN03319534/errorsummary.val
[17:14:41] Deleting unwanted file: results/PROKKA/CPR/SAMN03319534/SAMN03319534.dr
[17:14:41] Deleting unwanted file: results/PROKKA/CPR/SAMN03319534/SAMN03319534.fixedproducts
[17:14:41] Deleting unwanted file: results/PROKKA/CPR/SAMN03319534/SAMN03319534.ecn
[17:14:41] Deleting unwanted file: results/PROKKA/CPR/SAMN03319534/SAMN03319534.val
[17:14:41] Repairing broken .GBK output that tbl2asn produces...
[17:14:41] Running: sed 's/COORDINATES: profile/COORDINATES:profile/' < results\/PROKKA\/CPR\/SAMN03319534\/SAMN03319534\.gbf > results\/PROKKA\/CPR\/SAMN03319534\/SAMN03319534\.gbk
[17:14:41] Deleting unwanted file: results/PROKKA/CPR/SAMN03319534/SAMN03319534.gbf
[17:14:41] Output files:
[17:14:41] results/PROKKA/CPR/SAMN03319534/SAMN03319534.log
[17:14:41] results/PROKKA/CPR/SAMN03319534/SAMN03319534.fna
[17:14:41] results/PROKKA/CPR/SAMN03319534/SAMN03319534.gff
[17:14:41] results/PROKKA/CPR/SAMN03319534/SAMN03319534.faa
[17:14:41] results/PROKKA/CPR/SAMN03319534/SAMN03319534.ffn
[17:14:41] results/PROKKA/CPR/SAMN03319534/SAMN03319534.tbl
[17:14:41] results/PROKKA/CPR/SAMN03319534/SAMN03319534.fsa
[17:14:41] results/PROKKA/CPR/SAMN03319534/SAMN03319534.tsv
[17:14:41] results/PROKKA/CPR/SAMN03319534/SAMN03319534.txt
[17:14:41] results/PROKKA/CPR/SAMN03319534/SAMN03319534.err
[17:14:41] results/PROKKA/CPR/SAMN03319534/SAMN03319534.sqn
[17:14:41] results/PROKKA/CPR/SAMN03319534/SAMN03319534.gbk
[17:14:41] Annotation finished successfully.
[17:14:41] Walltime used: 0.12 minutes
[17:14:41] If you use this result please cite the Prokka paper:
[17:14:41] Seemann T (2014) Prokka: rapid prokaryotic genome annotation. Bioinformatics. 30(14):2068-9.
[17:14:41] Type 'prokka --citation' for more details.
[17:14:41] Share and enjoy!
20.72user 0.83system 0:06.51elapsed 330%CPU (0avgtext+0avgdata 118416maxresident)k
14880inputs+44608outputs (0major+245286minor)pagefaults 0swaps

======================================================
End Time   : Sat Jul  1 17:14:41 EDT 2023
Run Time   : 9 seconds
======================================================

