=====================================================
Start Time  : Sat Jun 24 17:49:46 EDT 2023
Submit Dir  : /projects/raw_lab/jobs/metacerberus
Job ID/Name : 3995124 / InterProScan
Node List   : str-c90
Num Tasks   : 1 total [1 nodes @ 16 CPUs/node]
======================================================

Loading interproscan/5.60-92.0
  Loading requirement: anaconda3/2020.11 openjdk/15
======================================================
Running InterProScan On GTDB-100/genomes/archaea/GCA_013390745.1.fna
======================================================
24/06/2023 17:49:47:966 Welcome to InterProScan-5.60-92.0
24/06/2023 17:49:47:966 Running InterProScan v5 in STANDALONE mode... on Linux
24/06/2023 17:49:52:021 RunID: str-c90.uncc.edu_20230624_174951860_gt94
24/06/2023 17:50:00:535 Loading file /projects/raw_lab/jobs/metacerberus/GTDB-100/genomes/archaea/GCA_013390745.1.fna
24/06/2023 17:50:01:240 Running the following analyses:
[AntiFam-7.0,CDD-3.20,Coils-2.2.1,FunFam-4.3.0,Gene3D-4.3.0,Hamap-2021_04,MobiDBLite-2.0,PANTHER-17.0,Pfam-35.0,PIRSF-3.10,PIRSR-2021_05,PRINTS-42.0,ProSitePatterns-2022_01,ProSiteProfiles-2022_01,SFLD-4,SMART-7.1,SUPERFAMILY-1.75,TIGRFAM-15.0]
Pre-calculated match lookup service DISABLED.  Please wait for match calculations to complete...
2023-06-24 17:50:24,326 [amqEmbeddedWorkerJmsContainer-13] [uk.ac.ebi.interpro.scan.io.pirsf.hmmer3.PirsfHmmer3RawMatchParser:129] WARN - Couldn't parse the given raw match line, because it is of an unexpected format.
2023-06-24 17:50:24,330 [amqEmbeddedWorkerJmsContainer-13] [uk.ac.ebi.interpro.scan.io.pirsf.hmmer3.PirsfHmmer3RawMatchParser:130] WARN - Unexpected Raw match line: Query sequence: 101 matches PIRSF000853: Pyruvate, phosphate dikinase
2023-06-24 17:50:24,331 [amqEmbeddedWorkerJmsContainer-13] [uk.ac.ebi.interpro.scan.io.pirsf.hmmer3.PirsfHmmer3RawMatchParser:129] WARN - Couldn't parse the given raw match line, because it is of an unexpected format.
2023-06-24 17:50:24,331 [amqEmbeddedWorkerJmsContainer-13] [uk.ac.ebi.interpro.scan.io.pirsf.hmmer3.PirsfHmmer3RawMatchParser:130] WARN - Unexpected Raw match line: #    score  bias  c-Evalue  i-Evalue hmmfrom  hmm to    alifrom  ali to    envfrom  env to     acc
2023-06-24 17:50:24,331 [amqEmbeddedWorkerJmsContainer-13] [uk.ac.ebi.interpro.scan.io.pirsf.hmmer3.PirsfHmmer3RawMatchParser:129] WARN - Couldn't parse the given raw match line, because it is of an unexpected format.
2023-06-24 17:50:24,331 [amqEmbeddedWorkerJmsContainer-13] [uk.ac.ebi.interpro.scan.io.pirsf.hmmer3.PirsfHmmer3RawMatchParser:130] WARN - Unexpected Raw match line: 1 ! 1252.2   6.7         0         0       3     877 ..       5     880 ..       3     881 .] 0.98
2023-06-24 17:50:24,331 [amqEmbeddedWorkerJmsContainer-13] [uk.ac.ebi.interpro.scan.io.pirsf.hmmer3.PirsfHmmer3RawMatchParser:129] WARN - Couldn't parse the given raw match line, because it is of an unexpected format.
2023-06-24 17:50:24,331 [amqEmbeddedWorkerJmsContainer-13] [uk.ac.ebi.interpro.scan.io.pirsf.hmmer3.PirsfHmmer3RawMatchParser:130] WARN - Unexpected Raw match line: Query sequence: 102 matches PIRSF004762: FO synthase subunit 2 with iron-sulphur cluster
2023-06-24 17:50:24,331 [amqEmbeddedWorkerJmsContainer-13] [uk.ac.ebi.interpro.scan.io.pirsf.hmmer3.PirsfHmmer3RawMatchParser:129] WARN - Couldn't parse the given raw match line, because it is of an unexpected format.
2023-06-24 17:50:24,331 [amqEmbeddedWorkerJmsContainer-13] [uk.ac.ebi.interpro.scan.io.pirsf.hmmer3.PirsfHmmer3RawMatchParser:130] WARN - Unexpected Raw match line: #    score  bias  c-Evalue  i-Evalue hmmfrom  hmm to    alifrom  ali to    envfrom  env to     acc
2023-06-24 17:50:24,331 [amqEmbeddedWorkerJmsContainer-13] [uk.ac.ebi.interpro.scan.io.pirsf.hmmer3.PirsfHmmer3RawMatchParser:129] WARN - Couldn't parse the given raw match line, because it is of an unexpected format.
2023-06-24 17:50:24,331 [amqEmbeddedWorkerJmsContainer-13] [uk.ac.ebi.interpro.scan.io.pirsf.hmmer3.PirsfHmmer3RawMatchParser:130] WARN - Unexpected Raw match line: 1 !  378.1   0.1  6.8e-117  3.3e-115      17     384 ..      24     394 ..      10     399 .. 0.96
2023-06-24 17:50:24,331 [amqEmbeddedWorkerJmsContainer-13] [uk.ac.ebi.interpro.scan.io.pirsf.hmmer3.PirsfHmmer3RawMatchParser:129] WARN - Couldn't parse the given raw match line, because it is of an unexpected format.
2023-06-24 17:50:24,331 [amqEmbeddedWorkerJmsContainer-13] [uk.ac.ebi.interpro.scan.io.pirsf.hmmer3.PirsfHmmer3RawMatchParser:130] WARN - Unexpected Raw match line: Query sequence: 106 matches PIRSF015647: Fructose-1,6-bisphosphatase, archaeal type
2023-06-24 17:50:24,331 [amqEmbeddedWorkerJmsContainer-13] [uk.ac.ebi.interpro.scan.io.pirsf.hmmer3.PirsfHmmer3RawMatchParser:129] WARN - Couldn't parse the given raw match line, because it is of an unexpected format.
2023-06-24 17:50:24,331 [amqEmbeddedWorkerJmsContainer-13] [uk.ac.ebi.interpro.scan.io.pirsf.hmmer3.PirsfHmmer3RawMatchParser:130] WARN - Unexpected Raw match line: #    score  bias  c-Evalue  i-Evalue hmmfrom  hmm to    alifrom  ali to    envfrom  env to     acc
2023-06-24 17:50:24,332 [amqEmbeddedWorkerJmsContainer-13] [uk.ac.ebi.interpro.scan.io.pirsf.hmmer3.PirsfHmmer3RawMatchParser:129] WARN - Couldn't parse the given raw match line, because it is of an unexpected format.
2023-06-24 17:50:24,332 [amqEmbeddedWorkerJmsContainer-13] [uk.ac.ebi.interpro.scan.io.pirsf.hmmer3.PirsfHmmer3RawMatchParser:130] WARN - Unexpected Raw match line: 1 !  528.6   0.1    5e-163  7.1e-161       1     370 [.       9     373 ..       9     383 .. 0.96
2023-06-24 17:50:24,332 [amqEmbeddedWorkerJmsContainer-13] [uk.ac.ebi.interpro.scan.io.pirsf.hmmer3.PirsfHmmer3RawMatchParser:129] WARN - Couldn't parse the given raw match line, because it is of an unexpected format.
2023-06-24 17:50:24,332 [amqEmbeddedWorkerJmsContainer-13] [uk.ac.ebi.interpro.scan.io.pirsf.hmmer3.PirsfHmmer3RawMatchParser:130] WARN - Unexpected Raw match line: Query sequence: 17 matches PIRSF006294: Phosphoenolpyruvate carboxykinase [ATP]
2023-06-24 17:50:24,332 [amqEmbeddedWorkerJmsContainer-13] [uk.ac.ebi.interpro.scan.io.pirsf.hmmer3.PirsfHmmer3RawMatchParser:129] WARN - Couldn't parse the given raw match line, because it is of an unexpected format.
2023-06-24 17:50:24,332 [amqEmbeddedWorkerJmsContainer-13] [uk.ac.ebi.interpro.scan.io.pirsf.hmmer3.PirsfHmmer3RawMatchParser:130] WARN - Unexpected Raw match line: #    score  bias  c-Evalue  i-Evalue hmmfrom  hmm to    alifrom  ali to    envfrom  env to     acc
2023-06-24 17:50:24,332 [amqEmbeddedWorkerJmsContainer-13] [uk.ac.ebi.interpro.scan.io.pirsf.hmmer3.PirsfHmmer3RawMatchParser:129] WARN - Couldn't parse the given raw match line, because it is of an unexpected format.
2023-06-24 17:50:24,332 [amqEmbeddedWorkerJmsContainer-13] [uk.ac.ebi.interpro.scan.io.pirsf.hmmer3.PirsfHmmer3RawMatchParser:130] WARN - Unexpected Raw match line: 1 !  772.4   0.0  1.2e-236  1.7e-234       5     531 ..       8     530 ..       4     531 .] 0.98
2023-06-24 17:50:24,332 [amqEmbeddedWorkerJmsContainer-13] [uk.ac.ebi.interpro.scan.io.pirsf.hmmer3.PirsfHmmer3RawMatchParser:129] WARN - Couldn't parse the given raw match line, because it is of an unexpected format.
2023-06-24 17:50:24,332 [amqEmbeddedWorkerJmsContainer-13] [uk.ac.ebi.interpro.scan.io.pirsf.hmmer3.PirsfHmmer3RawMatchParser:130] WARN - Unexpected Raw match line: Query sequence: 19 matches PIRSF005719: Structural maintenance of chromosomes protein
2023-06-24 17:50:24,332 [amqEmbeddedWorkerJmsContainer-13] [uk.ac.ebi.interpro.scan.io.pirsf.hmmer3.PirsfHmmer3RawMatchParser:129] WARN - Couldn't parse the given raw match line, because it is of an unexpected format.
2023-06-24 17:50:24,332 [amqEmbeddedWorkerJmsContainer-13] [uk.ac.ebi.interpro.scan.io.pirsf.hmmer3.PirsfHmmer3RawMatchParser:130] WARN - Unexpected Raw match line: #    score  bias  c-Evalue  i-Evalue hmmfrom  hmm to    alifrom  ali to    envfrom  env to     acc
2023-06-24 17:50:24,332 [amqEmbeddedWorkerJmsContainer-13] [uk.ac.ebi.interpro.scan.io.pirsf.hmmer3.PirsfHmmer3RawMatchParser:129] WARN - Couldn't parse the given raw match line, because it is of an unexpected format.
2023-06-24 17:50:24,332 [amqEmbeddedWorkerJmsContainer-13] [uk.ac.ebi.interpro.scan.io.pirsf.hmmer3.PirsfHmmer3RawMatchParser:130] WARN - Unexpected Raw match line: 1 !  538.3  71.9    7e-165  2.5e-163       3    1187 ..      22    1180 ..      21    1185 .. 0.92
2023-06-24 17:50:24,333 [amqEmbeddedWorkerJmsContainer-13] [uk.ac.ebi.interpro.scan.io.pirsf.hmmer3.PirsfHmmer3RawMatchParser:129] WARN - Couldn't parse the given raw match line, because it is of an unexpected format.
2023-06-24 17:50:24,333 [amqEmbeddedWorkerJmsContainer-13] [uk.ac.ebi.interpro.scan.io.pirsf.hmmer3.PirsfHmmer3RawMatchParser:130] WARN - Unexpected Raw match line: Query sequence: 22 matches PIRSF004557: Preprotein translocase Sec, SecY/Sec61-alpha subunit
2023-06-24 17:50:24,333 [amqEmbeddedWorkerJmsContainer-13] [uk.ac.ebi.interpro.scan.io.pirsf.hmmer3.PirsfHmmer3RawMatchParser:129] WARN - Couldn't parse the given raw match line, because it is of an unexpected format.
2023-06-24 17:50:24,333 [amqEmbeddedWorkerJmsContainer-13] [uk.ac.ebi.interpro.scan.io.pirsf.hmmer3.PirsfHmmer3RawMatchParser:130] WARN - Unexpected Raw match line: #    score  bias  c-Evalue  i-Evalue hmmfrom  hmm to    alifrom  ali to    envfrom  env to     acc
2023-06-24 17:50:24,333 [amqEmbeddedWorkerJmsContainer-13] [uk.ac.ebi.interpro.scan.io.pirsf.hmmer3.PirsfHmmer3RawMatchParser:129] WARN - Couldn't parse the given raw match line, because it is of an unexpected format.
2023-06-24 17:50:24,333 [amqEmbeddedWorkerJmsContainer-13] [uk.ac.ebi.interpro.scan.io.pirsf.hmmer3.PirsfHmmer3RawMatchParser:130] WARN - Unexpected Raw match line: 1 !  293.7  18.4   1.1e-91   1.6e-89       7     436 ..      20     467 ..      15     474 .. 0.93
2023-06-24 17:50:24,333 [amqEmbeddedWorkerJmsContainer-13] [uk.ac.ebi.interpro.scan.io.pirsf.hmmer3.PirsfHmmer3RawMatchParser:129] WARN - Couldn't parse the given raw match line, because it is of an unexpected format.
2023-06-24 17:50:24,333 [amqEmbeddedWorkerJmsContainer-13] [uk.ac.ebi.interpro.scan.io.pirsf.hmmer3.PirsfHmmer3RawMatchParser:130] WARN - Unexpected Raw match line: Query sequence: 3 matches PIRSF000185: Glutamate dehydrogenase
2023-06-24 17:50:24,333 [amqEmbeddedWorkerJmsContainer-13] [uk.ac.ebi.interpro.scan.io.pirsf.hmmer3.PirsfHmmer3RawMatchParser:129] WARN - Couldn't parse the given raw match line, because it is of an unexpected format.
2023-06-24 17:50:24,333 [amqEmbeddedWorkerJmsContainer-13] [uk.ac.ebi.interpro.scan.io.pirsf.hmmer3.PirsfHmmer3RawMatchParser:130] WARN - Unexpected Raw match line: #    score  bias  c-Evalue  i-Evalue hmmfrom  hmm to    alifrom  ali to    envfrom  env to     acc
2023-06-24 17:50:24,333 [amqEmbeddedWorkerJmsContainer-13] [uk.ac.ebi.interpro.scan.io.pirsf.hmmer3.PirsfHmmer3RawMatchParser:129] WARN - Couldn't parse the given raw match line, because it is of an unexpected format.
2023-06-24 17:50:24,333 [amqEmbeddedWorkerJmsContainer-13] [uk.ac.ebi.interpro.scan.io.pirsf.hmmer3.PirsfHmmer3RawMatchParser:130] WARN - Unexpected Raw match line: 1 !  461.1   0.0  1.6e-142  2.2e-140       6     418 ..       8     425 ..       4     426 .] 0.95
2023-06-24 17:50:24,333 [amqEmbeddedWorkerJmsContainer-13] [uk.ac.ebi.interpro.scan.io.pirsf.hmmer3.PirsfHmmer3RawMatchParser:129] WARN - Couldn't parse the given raw match line, because it is of an unexpected format.
2023-06-24 17:50:24,333 [amqEmbeddedWorkerJmsContainer-13] [uk.ac.ebi.interpro.scan.io.pirsf.hmmer3.PirsfHmmer3RawMatchParser:130] WARN - Unexpected Raw match line: Query sequence: 51 matches PIRSF005669: Predicted histone acetyltransferase with radical SAM domain, Elp3 type
2023-06-24 17:50:24,334 [amqEmbeddedWorkerJmsContainer-13] [uk.ac.ebi.interpro.scan.io.pirsf.hmmer3.PirsfHmmer3RawMatchParser:129] WARN - Couldn't parse the given raw match line, because it is of an unexpected format.
2023-06-24 17:50:24,334 [amqEmbeddedWorkerJmsContainer-13] [uk.ac.ebi.interpro.scan.io.pirsf.hmmer3.PirsfHmmer3RawMatchParser:130] WARN - Unexpected Raw match line: #    score  bias  c-Evalue  i-Evalue hmmfrom  hmm to    alifrom  ali to    envfrom  env to     acc
2023-06-24 17:50:24,334 [amqEmbeddedWorkerJmsContainer-13] [uk.ac.ebi.interpro.scan.io.pirsf.hmmer3.PirsfHmmer3RawMatchParser:129] WARN - Couldn't parse the given raw match line, because it is of an unexpected format.
2023-06-24 17:50:24,334 [amqEmbeddedWorkerJmsContainer-13] [uk.ac.ebi.interpro.scan.io.pirsf.hmmer3.PirsfHmmer3RawMatchParser:130] WARN - Unexpected Raw match line: 1 !  724.4   0.4  8.2e-222  5.9e-220      12     541 ..       3     526 ..       1     527 [] 0.98
2023-06-24 17:50:24,334 [amqEmbeddedWorkerJmsContainer-13] [uk.ac.ebi.interpro.scan.io.pirsf.hmmer3.PirsfHmmer3RawMatchParser:129] WARN - Couldn't parse the given raw match line, because it is of an unexpected format.
2023-06-24 17:50:24,334 [amqEmbeddedWorkerJmsContainer-13] [uk.ac.ebi.interpro.scan.io.pirsf.hmmer3.PirsfHmmer3RawMatchParser:130] WARN - Unexpected Raw match line: Query sequence: 56 matches PIRSF037307: Predicted Lhr-like ATP-dependent RNA helicase
2023-06-24 17:50:24,334 [amqEmbeddedWorkerJmsContainer-13] [uk.ac.ebi.interpro.scan.io.pirsf.hmmer3.PirsfHmmer3RawMatchParser:129] WARN - Couldn't parse the given raw match line, because it is of an unexpected format.
2023-06-24 17:50:24,334 [amqEmbeddedWorkerJmsContainer-13] [uk.ac.ebi.interpro.scan.io.pirsf.hmmer3.PirsfHmmer3RawMatchParser:130] WARN - Unexpected Raw match line: #    score  bias  c-Evalue  i-Evalue hmmfrom  hmm to    alifrom  ali to    envfrom  env to     acc
2023-06-24 17:50:24,334 [amqEmbeddedWorkerJmsContainer-13] [uk.ac.ebi.interpro.scan.io.pirsf.hmmer3.PirsfHmmer3RawMatchParser:129] WARN - Couldn't parse the given raw match line, because it is of an unexpected format.
2023-06-24 17:50:24,334 [amqEmbeddedWorkerJmsContainer-13] [uk.ac.ebi.interpro.scan.io.pirsf.hmmer3.PirsfHmmer3RawMatchParser:130] WARN - Unexpected Raw match line: 1 !  851.0   8.2  1.3e-259  9.5e-258      19     939 .]      24     920 .]      12     920 .] 0.96
2023-06-24 17:50:24,334 [amqEmbeddedWorkerJmsContainer-13] [uk.ac.ebi.interpro.scan.io.pirsf.hmmer3.PirsfHmmer3RawMatchParser:129] WARN - Couldn't parse the given raw match line, because it is of an unexpected format.
2023-06-24 17:50:24,334 [amqEmbeddedWorkerJmsContainer-13] [uk.ac.ebi.interpro.scan.io.pirsf.hmmer3.PirsfHmmer3RawMatchParser:130] WARN - Unexpected Raw match line: Query sequence: 60 matches PIRSF001587: Phosphoribosylformylglycinamidine synthase component II
2023-06-24 17:50:24,334 [amqEmbeddedWorkerJmsContainer-13] [uk.ac.ebi.interpro.scan.io.pirsf.hmmer3.PirsfHmmer3RawMatchParser:129] WARN - Couldn't parse the given raw match line, because it is of an unexpected format.
2023-06-24 17:50:24,335 [amqEmbeddedWorkerJmsContainer-13] [uk.ac.ebi.interpro.scan.io.pirsf.hmmer3.PirsfHmmer3RawMatchParser:130] WARN - Unexpected Raw match line: #    score  bias  c-Evalue  i-Evalue hmmfrom  hmm to    alifrom  ali to    envfrom  env to     acc
2023-06-24 17:50:24,335 [amqEmbeddedWorkerJmsContainer-13] [uk.ac.ebi.interpro.scan.io.pirsf.hmmer3.PirsfHmmer3RawMatchParser:129] WARN - Couldn't parse the given raw match line, because it is of an unexpected format.
2023-06-24 17:50:24,335 [amqEmbeddedWorkerJmsContainer-13] [uk.ac.ebi.interpro.scan.io.pirsf.hmmer3.PirsfHmmer3RawMatchParser:130] WARN - Unexpected Raw match line: 1 !  815.7   0.0  1.8e-249  2.7e-247      15     740 ..       3     721 ..       1     723 [] 0.96
2023-06-24 17:50:24,335 [amqEmbeddedWorkerJmsContainer-13] [uk.ac.ebi.interpro.scan.io.pirsf.hmmer3.PirsfHmmer3RawMatchParser:129] WARN - Couldn't parse the given raw match line, because it is of an unexpected format.
2023-06-24 17:50:24,335 [amqEmbeddedWorkerJmsContainer-13] [uk.ac.ebi.interpro.scan.io.pirsf.hmmer3.PirsfHmmer3RawMatchParser:130] WARN - Unexpected Raw match line: Query sequence: 84 matches PIRSF000103: Hydroxy monocarboxylic acid anion dehydrogenase, HIBADH type
2023-06-24 17:50:24,335 [amqEmbeddedWorkerJmsContainer-13] [uk.ac.ebi.interpro.scan.io.pirsf.hmmer3.PirsfHmmer3RawMatchParser:129] WARN - Couldn't parse the given raw match line, because it is of an unexpected format.
2023-06-24 17:50:24,335 [amqEmbeddedWorkerJmsContainer-13] [uk.ac.ebi.interpro.scan.io.pirsf.hmmer3.PirsfHmmer3RawMatchParser:130] WARN - Unexpected Raw match line: #    score  bias  c-Evalue  i-Evalue hmmfrom  hmm to    alifrom  ali to    envfrom  env to     acc
2023-06-24 17:50:24,335 [amqEmbeddedWorkerJmsContainer-13] [uk.ac.ebi.interpro.scan.io.pirsf.hmmer3.PirsfHmmer3RawMatchParser:129] WARN - Couldn't parse the given raw match line, because it is of an unexpected format.
2023-06-24 17:50:24,335 [amqEmbeddedWorkerJmsContainer-13] [uk.ac.ebi.interpro.scan.io.pirsf.hmmer3.PirsfHmmer3RawMatchParser:130] WARN - Unexpected Raw match line: 1 !  248.4   0.1   1.4e-77   6.6e-76       6     293 ..      21     308 ..      18     311 .] 0.97
2023-06-24 17:50:24,335 [amqEmbeddedWorkerJmsContainer-13] [uk.ac.ebi.interpro.scan.io.pirsf.hmmer3.PirsfHmmer3RawMatchParser:129] WARN - Couldn't parse the given raw match line, because it is of an unexpected format.
2023-06-24 17:50:24,335 [amqEmbeddedWorkerJmsContainer-13] [uk.ac.ebi.interpro.scan.io.pirsf.hmmer3.PirsfHmmer3RawMatchParser:130] WARN - Unexpected Raw match line: Query sequence: 86 matches PIRSF006380: Uncharacterised conserved protein, UCP006380 type
2023-06-24 17:50:24,335 [amqEmbeddedWorkerJmsContainer-13] [uk.ac.ebi.interpro.scan.io.pirsf.hmmer3.PirsfHmmer3RawMatchParser:129] WARN - Couldn't parse the given raw match line, because it is of an unexpected format.
2023-06-24 17:50:24,335 [amqEmbeddedWorkerJmsContainer-13] [uk.ac.ebi.interpro.scan.io.pirsf.hmmer3.PirsfHmmer3RawMatchParser:130] WARN - Unexpected Raw match line: #    score  bias  c-Evalue  i-Evalue hmmfrom  hmm to    alifrom  ali to    envfrom  env to     acc
2023-06-24 17:50:24,335 [amqEmbeddedWorkerJmsContainer-13] [uk.ac.ebi.interpro.scan.io.pirsf.hmmer3.PirsfHmmer3RawMatchParser:129] WARN - Couldn't parse the given raw match line, because it is of an unexpected format.
2023-06-24 17:50:24,336 [amqEmbeddedWorkerJmsContainer-13] [uk.ac.ebi.interpro.scan.io.pirsf.hmmer3.PirsfHmmer3RawMatchParser:130] WARN - Unexpected Raw match line: 1 !  118.3   0.0   1.3e-38   1.9e-36       5     193 ..      12     197 ..       8     199 .. 0.89
2023-06-24 17:50:24,336 [amqEmbeddedWorkerJmsContainer-13] [uk.ac.ebi.interpro.scan.io.pirsf.hmmer3.PirsfHmmer3RawMatchParser:129] WARN - Couldn't parse the given raw match line, because it is of an unexpected format.
2023-06-24 17:50:24,336 [amqEmbeddedWorkerJmsContainer-13] [uk.ac.ebi.interpro.scan.io.pirsf.hmmer3.PirsfHmmer3RawMatchParser:130] WARN - Unexpected Raw match line: Query sequence: 91 matches PIRSF000445: Glutamyl-tRNA reductase
2023-06-24 17:50:24,336 [amqEmbeddedWorkerJmsContainer-13] [uk.ac.ebi.interpro.scan.io.pirsf.hmmer3.PirsfHmmer3RawMatchParser:129] WARN - Couldn't parse the given raw match line, because it is of an unexpected format.
2023-06-24 17:50:24,336 [amqEmbeddedWorkerJmsContainer-13] [uk.ac.ebi.interpro.scan.io.pirsf.hmmer3.PirsfHmmer3RawMatchParser:130] WARN - Unexpected Raw match line: #    score  bias  c-Evalue  i-Evalue hmmfrom  hmm to    alifrom  ali to    envfrom  env to     acc
2023-06-24 17:50:24,336 [amqEmbeddedWorkerJmsContainer-13] [uk.ac.ebi.interpro.scan.io.pirsf.hmmer3.PirsfHmmer3RawMatchParser:129] WARN - Couldn't parse the given raw match line, because it is of an unexpected format.
2023-06-24 17:50:24,336 [amqEmbeddedWorkerJmsContainer-13] [uk.ac.ebi.interpro.scan.io.pirsf.hmmer3.PirsfHmmer3RawMatchParser:130] WARN - Unexpected Raw match line: 1 !  366.2   0.9  2.2e-113  1.6e-111       2     421 ..      31     442 ..      30     444 .] 0.96
24/06/2023 17:55:34:003 100% done:  InterProScan analyses completed 

2023-06-24 17:55:34,505 [main] [uk.ac.ebi.interpro.scan.jms.master.AbstractMaster:259] WARN - Master process unable to delete temporary directory /projects/raw_lab/jobs/metacerberus/temp/str-c90.uncc.edu_20230624_174951860_gt94
1332.23user 113.20system 5:47.30elapsed 416%CPU (0avgtext+0avgdata 3301344maxresident)k
3366960inputs+936160outputs (383major+9068367minor)pagefaults 0swaps

======================================================
End Time   : Sat Jun 24 17:55:34 EDT 2023
Run Time   : 348 seconds
======================================================

