=====================================================
Start Time  : Wed Jun 28 12:02:14 EDT 2023
Submit Dir  : /projects/raw_lab/jobs/metacerberus
Job ID/Name : 4041450 / PROKKA
Node List   : str-c108
Num Tasks   : 1 total [1 nodes @ 16 CPUs/node]
======================================================

Loading prokka/1.14.6
  Loading requirement: anaconda3/2022.10
======================================================
Running PROKKA On GTDB-100/genomes/archaea/GCA_003141335.1.fna
======================================================
Archaea
[12:02:18] This is prokka 1.14.6
[12:02:18] Written by Torsten Seemann <torsten.seemann@gmail.com>
[12:02:18] Homepage is https://github.com/tseemann/prokka
[12:02:18] Local time is Wed Jun 28 12:02:18 2023
[12:02:18] You are jlfiguer
[12:02:18] Operating system is linux
[12:02:18] You have BioPerl 1.7.8
Argument "1.7.8" isn't numeric in numeric lt (<) at /apps/pkg/anaconda3/2022.10/envs/prokka-1.14.6/bin/prokka line 259.
[12:02:18] System has 16 cores.
[12:02:18] Will use maximum of 16 cores.
[12:02:18] Annotating as >>> Archaea <<<
[12:02:18] Generating locus_tag from 'GTDB-100/genomes/archaea/GCA_003141335.1.fna' contents.
[12:02:18] Setting --locustag ILLIBKKI from MD5 2552b442a1a1bb73ac6581f41f1520e0
[12:02:18] Creating new output folder: results/PROKKA/GTDB-100/genomes/archaea/GCA_003141335.1
[12:02:18] Running: mkdir -p results\/PROKKA\/GTDB\-100\/genomes\/archaea\/GCA_003141335\.1
[12:02:18] Using filename prefix: GCA_003141335.1.XXX
[12:02:18] Setting HMMER_NCPU=1
[12:02:18] Writing log to: results/PROKKA/GTDB-100/genomes/archaea/GCA_003141335.1/GCA_003141335.1.log
[12:02:18] Command: /apps/pkg/anaconda3/2022.10/envs/prokka-1.14.6/bin/prokka --prefix GCA_003141335.1 --outdir results/PROKKA/GTDB-100/genomes/archaea/GCA_003141335.1 --kingdom Archaea --cpus 16 GTDB-100/genomes/archaea/GCA_003141335.1.fna
[12:02:18] Appending to PATH: /apps/pkg/anaconda3/2022.10/envs/prokka-1.14.6/bin
[12:02:18] Looking for 'aragorn' - found /apps/pkg/anaconda3/2022.10/envs/prokka-1.14.6/bin/aragorn
[12:02:18] Determined aragorn version is 001002 from 'ARAGORN v1.2.41 Dean Laslett'
[12:02:18] Looking for 'barrnap' - found /apps/pkg/anaconda3/2022.10/envs/prokka-1.14.6/bin/barrnap
[12:02:18] Determined barrnap version is 000009 from 'barrnap 0.9'
[12:02:18] Looking for 'blastp' - found /apps/pkg/anaconda3/2022.10/envs/prokka-1.14.6/bin/blastp
[12:02:18] Determined blastp version is 002013 from 'blastp: 2.13.0+'
[12:02:18] Looking for 'cmpress' - found /apps/pkg/anaconda3/2022.10/envs/prokka-1.14.6/bin/cmpress
[12:02:18] Determined cmpress version is 001001 from '# INFERNAL 1.1.4 (Dec 2020)'
[12:02:18] Looking for 'cmscan' - found /apps/pkg/anaconda3/2022.10/envs/prokka-1.14.6/bin/cmscan
[12:02:18] Determined cmscan version is 001001 from '# INFERNAL 1.1.4 (Dec 2020)'
[12:02:18] Looking for 'egrep' - found /usr/bin/egrep
[12:02:18] Looking for 'find' - found /usr/bin/find
[12:02:18] Looking for 'grep' - found /usr/bin/grep
[12:02:18] Looking for 'hmmpress' - found /apps/pkg/anaconda3/2022.10/envs/prokka-1.14.6/bin/hmmpress
[12:02:18] Determined hmmpress version is 003003 from '# HMMER 3.3.2 (Nov 2020); http://hmmer.org/'
[12:02:18] Looking for 'hmmscan' - found /apps/pkg/anaconda3/2022.10/envs/prokka-1.14.6/bin/hmmscan
[12:02:18] Determined hmmscan version is 003003 from '# HMMER 3.3.2 (Nov 2020); http://hmmer.org/'
[12:02:18] Looking for 'java' - found /apps/pkg/anaconda3/2022.10/envs/prokka-1.14.6/bin/java
[12:02:18] Looking for 'makeblastdb' - found /apps/pkg/anaconda3/2022.10/envs/prokka-1.14.6/bin/makeblastdb
[12:02:18] Determined makeblastdb version is 002013 from 'makeblastdb: 2.13.0+'
[12:02:18] Looking for 'minced' - found /apps/pkg/anaconda3/2022.10/envs/prokka-1.14.6/bin/minced
[12:02:19] Determined minced version is 004002 from 'minced 0.4.2'
[12:02:19] Looking for 'parallel' - found /apps/pkg/anaconda3/2022.10/envs/prokka-1.14.6/bin/parallel
[12:02:19] Determined parallel version is 20230122 from 'GNU parallel 20230122'
[12:02:19] Looking for 'prodigal' - found /apps/pkg/anaconda3/2022.10/envs/prokka-1.14.6/bin/prodigal
[12:02:19] Determined prodigal version is 002006 from 'Prodigal V2.6.3: February, 2016'
[12:02:19] Looking for 'prokka-genbank_to_fasta_db' - found /apps/pkg/anaconda3/2022.10/envs/prokka-1.14.6/bin/prokka-genbank_to_fasta_db
[12:02:19] Looking for 'sed' - found /usr/bin/sed
[12:02:19] Looking for 'tbl2asn' - found /apps/pkg/anaconda3/2022.10/envs/prokka-1.14.6/bin/tbl2asn
[12:02:19] Determined tbl2asn version is 025007 from 'tbl2asn 25.7   arguments:'
[12:02:19] Using genetic code table 11.
[12:02:19] Loading and checking input file: GTDB-100/genomes/archaea/GCA_003141335.1.fna
[12:02:19] Wrote 125 contigs totalling 2017260 bp.
[12:02:19] Predicting tRNAs and tmRNAs
[12:02:19] Running: aragorn -l -gc11  -w results\/PROKKA\/GTDB\-100\/genomes\/archaea\/GCA_003141335\.1\/GCA_003141335\.1\.fna
[12:02:19] 1 tRNA-Thr [6797,6869] 34 (tgt)
[12:02:19] 1 tRNA-Lys c[8607,8682] 36 (ttt)
[12:02:19] 2 tRNA-Pro [10385,10458] 36 (ggg)
[12:02:19] 1 tRNA-Ile c[2754,2831] 36 (gat)
[12:02:19] 2 tRNA-Ser c[5582,5667] 34 (gga)
[12:02:19] 3 tRNA-Gln c[10942,11015] 35 (ctg)
[12:02:19] 1 tRNA-Leu [20836,20922] 38 (taa)
[12:02:19] 1 tRNA-Glu c[16695,16770] 37 (ctc)
[12:02:19] 2 tRNA-Arg [19208,19282] 36 (cct)
[12:02:19] 1 tRNA-Lys [9147,9222] 36 (ctt)
[12:02:19] 1 tRNA-Val c[969,1042] 35 (tac)
[12:02:19] 1 tRNA-Met c[53365,53440] 36 (cat)
[12:02:19] 2 tRNA-Ser c[59212,59298] 36 (cga)
[12:02:19] 1 tRNA-Leu c[39233,39317] 37 (tag)
[12:02:19] 1 tRNA-Phe c[13980,14054] 35 (gaa)
[12:02:19] 1 tRNA-Leu c[3118,3202] 37 (gag)
[12:02:19] 1 tRNA-Gln c[1409,1484] 36 (ttg)
[12:02:19] 1 tRNA-Met c[8814,8889] 36 (cat)
[12:02:19] 2 tRNA-Asn c[8894,8968] 35 (gtt)
[12:02:19] 1 tRNA-Arg c[7878,7951] 35 (gcg)
[12:02:19] 2 tRNA-Leu c[13216,13300] 37 (cag)
[12:02:19] 1 tRNA-Gly [25147,25217] 33 (ccc)
[12:02:19] 2 tRNA-Thr [28565,28636] 33 (cgt)
[12:02:19] 3 tRNA-Ser c[35626,35698] 33 (gct)
[12:02:19] 4 tRNA-Cys c[64556,64627] 33 (gca)
[12:02:19] 1 tRNA-Asp c[12237,12309] 35 (gtc)
[12:02:19] tRNA c[12326,12405] is a pseudo/wacky gene - skipping.
[12:02:19] 1 tRNA-Arg [29436,29507] 34 (tcg)
[12:02:19] 1 tRNA-Ser [18541,18627] 36 (tga)
[12:02:20] 1 tRNA-Gly c[11435,11507] 34 (gcc)
[12:02:20] 1 tRNA-Glu c[18749,18823] 37 (ttc)
[12:02:20] 1 tRNA-Ala c[25311,25383] 33 (tgc)
[12:02:20] 2 tRNA-Ala c[27123,27196] 34 (cgc)
[12:02:20] 3 tRNA-His [35252,35324] 35 (gtg)
[12:02:20] 1 tRNA-Val [7457,7530] 35 (gac)
[12:02:20] 1 tRNA-Pro [1226,1300] 37 (tgg)
[12:02:20] 2 tRNA-Ala c[7281,7352] 33 (ggc)
[12:02:20] 1 tRNA-Pro c[3554,3628] 37 (cgg)
[12:02:20] 2 tRNA-Ser c[7369,7454] 35 (gct)
[12:02:20] 1 tRNA-Cys c[5643,5714] 33 (gca)
[12:02:20] 1 tRNA-Gly [12043,12115] 34 (tcc)
[12:02:20] 2 tRNA-Val [12118,12191] 35 (cac)
[12:02:20] Found 41 tRNAs
[12:02:20] Predicting Ribosomal RNAs
[12:02:20] Running Barrnap with 16 threads
[12:02:20] Found 0 rRNAs
[12:02:20] Skipping ncRNA search, enable with --rfam if desired.
[12:02:20] Total of 41 tRNA + rRNA features
[12:02:20] Searching for CRISPR repeats
[12:02:20] Found 0 CRISPRs
[12:02:20] Predicting coding sequences
[12:02:20] Contigs total 2017260 bp, so using single mode
[12:02:20] Running: prodigal -i results\/PROKKA\/GTDB\-100\/genomes\/archaea\/GCA_003141335\.1\/GCA_003141335\.1\.fna -c -m -g 11 -p single -f sco -q
[12:02:23] Excluding CDS which overlaps existing RNA (tRNA) at PLLR01000026.1:35454..36179 on - strand
[12:02:23] Excluding CDS which overlaps existing RNA (tRNA) at PLLR01000074.1:4268..5749 on - strand
[12:02:23] Found 2236 CDS
[12:02:23] Connecting features back to sequences
[12:02:23] Not using genus-specific database. Try --usegenus to enable it.
[12:02:23] Annotating CDS, please be patient.
[12:02:23] Will use 16 CPUs for similarity searching.
[12:02:23] There are still 2236 unannotated CDS left (started with 2236)
[12:02:23] Will use blast to search against /apps/pkg/anaconda3/2022.10/envs/prokka-1.14.6/db/kingdom/Archaea/sprot with 16 CPUs
[12:02:23] Running: cat results\/PROKKA\/GTDB\-100\/genomes\/archaea\/GCA_003141335\.1\/GCA_003141335\.1\.sprot\.tmp\.1394701\.faa | parallel --gnu --plain -j 16 --block 17840 --recstart '>' --pipe blastp -query - -db /apps/pkg/anaconda3/2022.10/envs/prokka-1.14.6/db/kingdom/Archaea/sprot -evalue 1e-09 -qcov_hsp_perc 80 -num_threads 1 -num_descriptions 1 -num_alignments 1 -seg no > results\/PROKKA\/GTDB\-100\/genomes\/archaea\/GCA_003141335\.1\/GCA_003141335\.1\.sprot\.tmp\.1394701\.blast 2> /dev/null
[12:02:25] Modify product: Iron-sulfur flavoprotein MJ1083 => Iron-sulfur flavoprotein
[12:02:25] Modify product: Probable cobalt-precorrin-6B C(15)-methyltransferase (decarboxylating) => putative cobalt-precorrin-6B C(15)-methyltransferase (decarboxylating)
[12:02:25] Modify product: UPF0107 protein AF_0055 => hypothetical protein
[12:02:25] Modify product: Probable branched-chain amino acid transport ATP-binding protein LivG => putative branched-chain amino acid transport ATP-binding protein LivG
[12:02:25] Modify product: Probable branched-chain amino acid transport ATP-binding protein LivG => putative branched-chain amino acid transport ATP-binding protein LivG
[12:02:25] Modify product: Probable copper-exporting P-type ATPase => putative copper-exporting P-type ATPase
[12:02:25] Modify product: UPF0235 protein MTH_637 => hypothetical protein
[12:02:25] Modify product: Probable ribosomal RNA small subunit methyltransferase A => putative ribosomal RNA small subunit methyltransferase A
[12:02:25] Modify product: Uncharacterized isochorismatase family protein HVO_2328 => putative isochorismatase family protein
[12:02:25] Modify product: Protein pelota homolog => Protein pelota 
[12:02:25] Modify product: ATP-dependent DNA helicase Ta0057 => ATP-dependent DNA helicase
[12:02:25] Modify product: Uncharacterized protein MJ1198 => putative protein
[12:02:25] Modify product: Uncharacterized protein MJ1311 => putative protein
[12:02:25] Modify product: UPF0200/UPF0201 protein AF_1395 => hypothetical protein
[12:02:25] Modify product: Iron-sulfur flavoprotein MJ1083 => Iron-sulfur flavoprotein
[12:02:25] Modify product: Uncharacterized ABC transporter ATP-binding protein MJ0796 => putative ABC transporter ATP-binding protein
[12:02:25] Modify product: Uncharacterized protein MJ1187 => putative protein
[12:02:25] Modify product: Uncharacterized protein MJ1225 => putative protein
[12:02:25] Modify product: Probable aspartokinase => putative aspartokinase
[12:02:25] Modify product: Probable tRNA pseudouridine synthase D => putative tRNA pseudouridine synthase D
[12:02:25] Modify product: Iron-sulfur flavoprotein MJ1083 => Iron-sulfur flavoprotein
[12:02:25] Modify product: Probable methanogenesis regulatory protein FilR2 => putative methanogenesis regulatory protein FilR2
[12:02:25] Modify product: Uncharacterized protein AF_1796 => putative protein
[12:02:25] Modify product: Uncharacterized protein MJ0690 => putative protein
[12:02:25] Modify product: Probable cyclic pyranopterin monophosphate synthase => putative cyclic pyranopterin monophosphate synthase
[12:02:25] Modify product: Ribosome maturation protein SDO1 homolog => Ribosome maturation protein SDO1 
[12:02:25] Modify product: Damage-control phosphatase AF_1104 => Damage-control phosphatase
[12:02:25] Modify product: Probable tRNA pseudouridine synthase B => putative tRNA pseudouridine synthase B
[12:02:25] Modify product: Uncharacterized nitrogen regulatory PII-like protein MJ0059 => putative nitrogen regulatory PII-like protein
[12:02:25] Modify product: Putative ammonium transporter MJ1343 => Putative ammonium transporter
[12:02:25] Modify product: Uncharacterized protein MJ0783 => putative protein
[12:02:25] Modify product: Probable branched-chain amino acid transport ATP-binding protein LivG => putative branched-chain amino acid transport ATP-binding protein LivG
[12:02:25] Modify product: Uncharacterized protein MTH_862 => putative protein MTH_862
[12:02:25] Modify product: Trk system potassium uptake protein TrkA homolog => Trk system potassium uptake protein TrkA 
[12:02:25] Modify product: Trk system potassium uptake protein TrkA homolog => Trk system potassium uptake protein TrkA 
[12:02:25] Modify product: UPF0284 protein PH0034 => hypothetical protein
[12:02:25] Modify product: Zinc metalloprotease TldD homolog => Zinc metalloprotease TldD 
[12:02:25] Modify product: HEAT repeat-containing taxis protein OE_2401F => HEAT repeat-containing taxis proteinF
[12:02:25] Modify product: Iron-sulfur flavoprotein MJ1083 => Iron-sulfur flavoprotein
[12:02:25] Modify product: Uncharacterized protein MJ1187 => putative protein
[12:02:26] Modify product: Uncharacterized protein AF_1403 => putative protein
[12:02:26] Modify product: Probable membrane-bound hydrogenase subunit mbhJ => putative membrane-bound hydrogenase subunit mbhJ
[12:02:26] Modify product: Probable copper-exporting P-type ATPase => putative copper-exporting P-type ATPase
[12:02:26] Modify product: Uncharacterized HTH-type transcriptional regulator PH0140 => putative HTH-type transcriptional regulator
[12:02:26] Modify product: Probable ribosome biogenesis protein SSO0551 => putative ribosome biogenesis protein
[12:02:26] Modify product: Uncharacterized protein MTH_863 => putative protein MTH_863
[12:02:26] Modify product: Iron-sulfur flavoprotein MJ1083 => Iron-sulfur flavoprotein
[12:02:26] Modify product: Uncharacterized protein MJ1311 => putative protein
[12:02:26] Modify product: Uncharacterized protein AF_1796 => putative protein
[12:02:26] Modify product: UPF0215 protein AF_1433 => hypothetical protein
[12:02:26] Modify product: Probable L-aspartate dehydrogenase => putative L-aspartate dehydrogenase
[12:02:26] Modify product: Probable membrane-bound hydrogenase subunit mbhJ => putative membrane-bound hydrogenase subunit mbhJ
[12:02:26] Modify product: Uncharacterized protein MJ1480 => putative protein
[12:02:26] Modify product: Trk system potassium uptake protein TrkA homolog => Trk system potassium uptake protein TrkA 
[12:02:26] Modify product: DNA-binding protein MTH_1615 => DNA-binding protein
[12:02:26] Modify product: Uncharacterized protein MJ1311 => putative protein
[12:02:26] Modify product: Protein translation factor SUI1 homolog => Protein translation factor SUI1 
[12:02:26] Modify product: Iron-sulfur flavoprotein MJ1083 => Iron-sulfur flavoprotein
[12:02:26] Modify product: Uncharacterized protein MJ0609 => putative protein
[12:02:26] Modify product: Uncharacterized ABC transporter ATP-binding protein MJ0796 => putative ABC transporter ATP-binding protein
[12:02:26] Modify product: Putative FKBP-type peptidyl-prolyl cis-trans isomerase MJ0825 => Putative FKBP-type peptidyl-prolyl cis-trans isomerase
[12:02:26] Modify product: Uncharacterized ABC transporter ATP-binding protein MJ0796 => putative ABC transporter ATP-binding protein
[12:02:26] Modify product: Probable deoxyhypusine synthase => putative deoxyhypusine synthase
[12:02:26] Modify product: Probable hydrogenase maturation factor HypB => putative hydrogenase maturation factor HypB
[12:02:26] Modify product: Probable translation initiation factor IF-2 => putative translation initiation factor IF-2
[12:02:26] Modify product: Uncharacterized solute-binding protein MA_0280 => putative solute-binding protein
[12:02:26] Modify product: Iron-sulfur flavoprotein MJ1083 => Iron-sulfur flavoprotein
[12:02:26] Modify product: Protein MM_0484 => Protein
[12:02:26] Modify product: UPF0147 protein Ta0600 => hypothetical protein
[12:02:26] Modify product: Uncharacterized protein MJ0100 => putative protein
[12:02:26] Modify product: GTP cyclohydrolase 1 type 2 homolog => GTP cyclohydrolase 1 type 2 
[12:02:26] Modify product: Uncharacterized KH and PIN-domain containing protein MJ1533 => putative KH and PIN-domain containing protein
[12:02:26] Modify product: Uncharacterized KH and PIN-domain containing protein MJ1533 => putative KH and PIN-domain containing protein
[12:02:26] Modify product: Uncharacterized protein MJ1225 => putative protein
[12:02:26] Modify product: Uncharacterized protein MTH_862 => putative protein MTH_862
[12:02:26] Modify product: Probable bifunctional tRNA threonylcarbamoyladenosine biosynthesis protein => putative bifunctional tRNA threonylcarbamoyladenosine biosynthesis protein
[12:02:26] Modify product: Probable metalloprotease HVO_1016 => putative metalloprotease
[12:02:26] Cleaned 77 /product names
[12:02:26] Deleting unwanted file: results/PROKKA/GTDB-100/genomes/archaea/GCA_003141335.1/GCA_003141335.1.sprot.tmp.1394701.faa
[12:02:26] Deleting unwanted file: results/PROKKA/GTDB-100/genomes/archaea/GCA_003141335.1/GCA_003141335.1.sprot.tmp.1394701.blast
[12:02:26] There are still 1683 unannotated CDS left (started with 2236)
[12:02:26] Will use hmmer3 to search against /apps/pkg/anaconda3/2022.10/envs/prokka-1.14.6/db/hmm/HAMAP.hmm with 16 CPUs
[12:02:26] Running: cat results\/PROKKA\/GTDB\-100\/genomes\/archaea\/GCA_003141335\.1\/GCA_003141335\.1\.HAMAP\.hmm\.tmp\.1394701\.faa | parallel --gnu --plain -j 16 --block 12587 --recstart '>' --pipe hmmscan --noali --notextw --acc -E 1e-09 --cpu 1 /apps/pkg/anaconda3/2022.10/envs/prokka-1.14.6/db/hmm/HAMAP.hmm /dev/stdin > results\/PROKKA\/GTDB\-100\/genomes\/archaea\/GCA_003141335\.1\/GCA_003141335\.1\.HAMAP\.hmm\.tmp\.1394701\.hmmer3 2> /dev/null
[12:02:37] Modify product: Uncharacterized MFS-type transporter YcaD => putative MFS-type transporter YcaD
[12:02:37] Cleaned 1 /product names
[12:02:37] Deleting unwanted file: results/PROKKA/GTDB-100/genomes/archaea/GCA_003141335.1/GCA_003141335.1.HAMAP.hmm.tmp.1394701.faa
[12:02:37] Deleting unwanted file: results/PROKKA/GTDB-100/genomes/archaea/GCA_003141335.1/GCA_003141335.1.HAMAP.hmm.tmp.1394701.hmmer3
[12:02:37] Labelling remaining 1389 proteins as 'hypothetical protein'
[12:02:37] Possible /pseudo 'Gas vesicle structural protein' at PLLR01000086.1 position 16454
[12:02:37] Possible /pseudo '[Methyl-coenzyme M reductase subunit alpha]-arginine C-methyltransferase' at PLLR01000095.1 position 5680
[12:02:37] Possible /pseudo 'putative branched-chain amino acid transport ATP-binding protein LivG' at PLLR01000053.1 position 14123
[12:02:37] Possible /pseudo 'Bifunctional protein GlmU' at PLLR01000119.1 position 20727
[12:02:37] Possible /pseudo 'TATA-box-binding protein 2' at PLLR01000087.1 position 7692
[12:02:37] Possible /pseudo 'manganese-dependent inorganic pyrophosphatase' at PLLR01000124.1 position 5054
[12:02:37] Possible /pseudo 'Trk system potassium uptake protein TrkA ' at PLLR01000120.1 position 10001
[12:02:37] Possible /pseudo 'Dolichyl-phosphooligosaccharide-protein glycotransferase 3' at PLLR01000081.1 position 6232
[12:02:37] Possible /pseudo 'Aspartate-semialdehyde dehydrogenase' at PLLR01000018.1 position 7210
[12:02:37] Possible /pseudo 'putative KH and PIN-domain containing protein' at PLLR01000047.1 position 29914
[12:02:37] Possible /pseudo '2-amino-3,7-dideoxy-D-threo-hept-6-ulosonate synthase' at PLLR01000038.1 position 4430
[12:02:37] Possible /pseudo 'Histidinol-phosphate aminotransferase' at PLLR01000017.1 position 3104
[12:02:37] Possible /pseudo 'Inosine-5'-monophosphate dehydrogenase' at PLLR01000083.1 position 13109
[12:02:37] Possible /pseudo 'LL-diaminopimelate aminotransferase' at PLLR01000121.1 position 12729
[12:02:37] Found 527 unique /gene codes.
[12:02:37] Fixed 2 duplicate /gene - nusA_1 nusA_2
[12:02:37] Fixed 18 duplicate /gene - btuD_1 btuD_2 btuD_3 btuD_4 btuD_5 btuD_6 btuD_7 btuD_8 btuD_9 btuD_10 btuD_11 btuD_12 btuD_13 btuD_14 btuD_15 btuD_16 btuD_17 btuD_18
[12:02:37] Fixed 2 duplicate /gene - atpC_1 atpC_2
[12:02:37] Fixed 2 duplicate /gene - aroA'_1 aroA'_2
[12:02:37] Fixed 2 duplicate /gene - mer_1 mer_2
[12:02:37] Fixed 3 duplicate /gene - xerC_1 xerC_2 xerC_3
[12:02:37] Fixed 2 duplicate /gene - fmdC_1 fmdC_2
[12:02:37] Fixed 3 duplicate /gene - gloB_1 gloB_2 gloB_3
[12:02:37] Fixed 2 duplicate /gene - actP_1 actP_2
[12:02:37] Fixed 2 duplicate /gene - dcd_1 dcd_2
[12:02:37] Fixed 2 duplicate /gene - bchB_1 bchB_2
[12:02:37] Fixed 3 duplicate /gene - ppaC_1 ppaC_2 ppaC_3
[12:02:37] Fixed 3 duplicate /gene - ecfT_1 ecfT_2 ecfT_3
[12:02:37] Fixed 5 duplicate /gene - kdpB_1 kdpB_2 kdpB_3 kdpB_4 kdpB_5
[12:02:37] Fixed 2 duplicate /gene - uppS_1 uppS_2
[12:02:37] Fixed 6 duplicate /gene - IMPDH_1 IMPDH_2 IMPDH_3 IMPDH_4 IMPDH_5 IMPDH_6
[12:02:37] Fixed 2 duplicate /gene - dapL_1 dapL_2
[12:02:37] Fixed 2 duplicate /gene - fbp_1 fbp_2
[12:02:37] Fixed 2 duplicate /gene - arnB_1 arnB_2
[12:02:37] Fixed 3 duplicate /gene - atpB_1 atpB_2 atpB_3
[12:02:37] Fixed 3 duplicate /gene - rsxB_1 rsxB_2 rsxB_3
[12:02:37] Fixed 2 duplicate /gene - pyrE_1 pyrE_2
[12:02:37] Fixed 2 duplicate /gene - hdrA_1 hdrA_2
[12:02:37] Fixed 3 duplicate /gene - thiC_1 thiC_2 thiC_3
[12:02:37] Fixed 3 duplicate /gene - atpD_1 atpD_2 atpD_3
[12:02:37] Fixed 3 duplicate /gene - gvpA_1 gvpA_2 gvpA_3
[12:02:37] Fixed 2 duplicate /gene - tgtA_1 tgtA_2
[12:02:37] Fixed 2 duplicate /gene - fdhB_1 fdhB_2
[12:02:37] Fixed 2 duplicate /gene - arfC_1 arfC_2
[12:02:37] Fixed 2 duplicate /gene - tuf_1 tuf_2
[12:02:37] Fixed 2 duplicate /gene - cdhD_1 cdhD_2
[12:02:37] Fixed 5 duplicate /gene - thiL_1 thiL_2 thiL_3 thiL_4 thiL_5
[12:02:37] Fixed 3 duplicate /gene - glmU_1 glmU_2 glmU_3
[12:02:37] Fixed 2 duplicate /gene - fdhD_1 fdhD_2
[12:02:37] Fixed 2 duplicate /gene - srmB_1 srmB_2
[12:02:37] Fixed 3 duplicate /gene - rssB_1 rssB_2 rssB_3
[12:02:37] Fixed 2 duplicate /gene - thrS_1 thrS_2
[12:02:37] Fixed 3 duplicate /gene - cbiM_1 cbiM_2 cbiM_3
[12:02:37] Fixed 2 duplicate /gene - fcl_1 fcl_2
[12:02:37] Fixed 2 duplicate /gene - trm5b_1 trm5b_2
[12:02:37] Fixed 2 duplicate /gene - rfcS_1 rfcS_2
[12:02:37] Fixed 7 duplicate /gene - tbp2_1 tbp2_2 tbp2_3 tbp2_4 tbp2_5 tbp2_6 tbp2_7
[12:02:37] Fixed 2 duplicate /gene - cbiA_1 cbiA_2
[12:02:37] Fixed 2 duplicate /gene - nreB_1 nreB_2
[12:02:37] Fixed 2 duplicate /gene - aspS_1 aspS_2
[12:02:37] Fixed 2 duplicate /gene - cpoB_1 cpoB_2
[12:02:37] Fixed 2 duplicate /gene - maeA_1 maeA_2
[12:02:37] Fixed 3 duplicate /gene - ndhB_1 ndhB_2 ndhB_3
[12:02:37] Fixed 3 duplicate /gene - vat_1 vat_2 vat_3
[12:02:37] Fixed 2 duplicate /gene - dapH_1 dapH_2
[12:02:37] Fixed 3 duplicate /gene - mdtD_1 mdtD_2 mdtD_3
[12:02:37] Fixed 2 duplicate /gene - ttuA_1 ttuA_2
[12:02:37] Fixed 5 duplicate /gene - sasA_1 sasA_2 sasA_3 sasA_4 sasA_5
[12:02:37] Fixed 3 duplicate /gene - aglD_1 aglD_2 aglD_3
[12:02:37] Fixed 2 duplicate /gene - copA_1 copA_2
[12:02:37] Fixed 2 duplicate /gene - mbhJ_1 mbhJ_2
[12:02:37] Fixed 3 duplicate /gene - rcsC_1 rcsC_2 rcsC_3
[12:02:37] Fixed 2 duplicate /gene - porD_1 porD_2
[12:02:37] Fixed 2 duplicate /gene - trpB1_1 trpB1_2
[12:02:37] Fixed 2 duplicate /gene - ftsZ_1 ftsZ_2
[12:02:37] Fixed 2 duplicate /gene - ubaA_1 ubaA_2
[12:02:37] Fixed 2 duplicate /gene - thsA_1 thsA_2
[12:02:37] Fixed 3 duplicate /gene - thiDN_1 thiDN_2 thiDN_3
[12:02:37] Fixed 2 duplicate /gene - sufS_1 sufS_2
[12:02:37] Fixed 3 duplicate /gene - moaA_1 moaA_2 moaA_3
[12:02:37] Fixed 3 duplicate /gene - atpE_1 atpE_2 atpE_3
[12:02:37] Fixed 3 duplicate /gene - aglB3_1 aglB3_2 aglB3_3
[12:02:37] Fixed 2 duplicate /gene - rbn_1 rbn_2
[12:02:37] Fixed 2 duplicate /gene - asd_1 asd_2
[12:02:37] Fixed 6 duplicate /gene - COQ5_1 COQ5_2 COQ5_3 COQ5_4 COQ5_5 COQ5_6
[12:02:37] Fixed 2 duplicate /gene - pyrF_1 pyrF_2
[12:02:37] Fixed 2 duplicate /gene - nth_1 nth_2
[12:02:37] Fixed 3 duplicate /gene - atpA_1 atpA_2 atpA_3
[12:02:37] Fixed 2 duplicate /gene - cofH_1 cofH_2
[12:02:37] Fixed 2 duplicate /gene - aroK_1 aroK_2
[12:02:37] Fixed 3 duplicate /gene - trkA_1 trkA_2 trkA_3
[12:02:37] Fixed 2 duplicate /gene - rub_1 rub_2
[12:02:37] Fixed 2 duplicate /gene - vapC_1 vapC_2
[12:02:37] Fixed 3 duplicate /gene - hisC_1 hisC_2 hisC_3
[12:02:37] Fixed 12 duplicate /gene - cheB_1 cheB_2 cheB_3 cheB_4 cheB_5 cheB_6 cheB_7 cheB_8 cheB_9 cheB_10 cheB_11 cheB_12
[12:02:37] Fixed 2 duplicate /gene - purF_1 purF_2
[12:02:37] Fixed 2 duplicate /gene - dbpA_1 dbpA_2
[12:02:37] Fixed 2 duplicate /gene - acsA_1 acsA_2
[12:02:37] Fixed 2 duplicate /gene - ileS_1 ileS_2
[12:02:37] Fixed 3 duplicate /gene - livG_1 livG_2 livG_3
[12:02:37] Fixed 2 duplicate /gene - leuA_1 leuA_2
[12:02:37] Fixed 2 duplicate /gene - samp3_1 samp3_2
[12:02:37] Fixed 2 duplicate /gene - cysG_1 cysG_2
[12:02:37] Fixed 2 duplicate /gene - hisF_1 hisF_2
[12:02:37] Fixed 2 duplicate /gene - miaB_1 miaB_2
[12:02:37] Fixed 2 duplicate /gene - thiI_1 thiI_2
[12:02:37] Fixed 91 colliding /gene names.
[12:02:37] Adding /locus_tag identifiers
[12:02:37] Assigned 2277 locus_tags to CDS and RNA features.
[12:02:37] Writing outputs to results/PROKKA/GTDB-100/genomes/archaea/GCA_003141335.1/
[12:02:38] Generating annotation statistics file
[12:02:38] Generating Genbank and Sequin files
[12:02:38] Running: tbl2asn -V b -a r10k -l paired-ends -M n -N 1 -y 'Annotated using prokka 1.14.6 from https://github.com/tseemann/prokka' -Z results\/PROKKA\/GTDB\-100\/genomes\/archaea\/GCA_003141335\.1\/GCA_003141335\.1\.err -i results\/PROKKA\/GTDB\-100\/genomes\/archaea\/GCA_003141335\.1\/GCA_003141335\.1\.fsa 2> /dev/null
[tbl2asn-forever] Found Prokka input, correcting dates in .gbf|.sqn files.
[tbl2asn-forever] Correcting dates in results/PROKKA/GTDB-100/genomes/archaea/GCA_003141335.1/GCA_003141335.1.gbf
[tbl2asn-forever] Correcting dates in results/PROKKA/GTDB-100/genomes/archaea/GCA_003141335.1/GCA_003141335.1.sqn
[tbl2asn-forever] Dates changed from 01-JAN-2019 to 28-JUN-2023
[12:02:42] Deleting unwanted file: results/PROKKA/GTDB-100/genomes/archaea/GCA_003141335.1/errorsummary.val
[12:02:42] Deleting unwanted file: results/PROKKA/GTDB-100/genomes/archaea/GCA_003141335.1/GCA_003141335.1.dr
[12:02:42] Deleting unwanted file: results/PROKKA/GTDB-100/genomes/archaea/GCA_003141335.1/GCA_003141335.1.fixedproducts
[12:02:42] Deleting unwanted file: results/PROKKA/GTDB-100/genomes/archaea/GCA_003141335.1/GCA_003141335.1.ecn
[12:02:42] Deleting unwanted file: results/PROKKA/GTDB-100/genomes/archaea/GCA_003141335.1/GCA_003141335.1.val
[12:02:42] Repairing broken .GBK output that tbl2asn produces...
[12:02:42] Running: sed 's/COORDINATES: profile/COORDINATES:profile/' < results\/PROKKA\/GTDB\-100\/genomes\/archaea\/GCA_003141335\.1\/GCA_003141335\.1\.gbf > results\/PROKKA\/GTDB\-100\/genomes\/archaea\/GCA_003141335\.1\/GCA_003141335\.1\.gbk
[12:02:42] Deleting unwanted file: results/PROKKA/GTDB-100/genomes/archaea/GCA_003141335.1/GCA_003141335.1.gbf
[12:02:42] Output files:
[12:02:42] results/PROKKA/GTDB-100/genomes/archaea/GCA_003141335.1/GCA_003141335.1.log
[12:02:42] results/PROKKA/GTDB-100/genomes/archaea/GCA_003141335.1/GCA_003141335.1.fna
[12:02:42] results/PROKKA/GTDB-100/genomes/archaea/GCA_003141335.1/GCA_003141335.1.gff
[12:02:42] results/PROKKA/GTDB-100/genomes/archaea/GCA_003141335.1/GCA_003141335.1.faa
[12:02:42] results/PROKKA/GTDB-100/genomes/archaea/GCA_003141335.1/GCA_003141335.1.ffn
[12:02:42] results/PROKKA/GTDB-100/genomes/archaea/GCA_003141335.1/GCA_003141335.1.tbl
[12:02:42] results/PROKKA/GTDB-100/genomes/archaea/GCA_003141335.1/GCA_003141335.1.fsa
[12:02:42] results/PROKKA/GTDB-100/genomes/archaea/GCA_003141335.1/GCA_003141335.1.tsv
[12:02:42] results/PROKKA/GTDB-100/genomes/archaea/GCA_003141335.1/GCA_003141335.1.txt
[12:02:42] results/PROKKA/GTDB-100/genomes/archaea/GCA_003141335.1/GCA_003141335.1.err
[12:02:42] results/PROKKA/GTDB-100/genomes/archaea/GCA_003141335.1/GCA_003141335.1.sqn
[12:02:42] results/PROKKA/GTDB-100/genomes/archaea/GCA_003141335.1/GCA_003141335.1.gbk
[12:02:42] Annotation finished successfully.
[12:02:42] Walltime used: 0.40 minutes
[12:02:42] If you use this result please cite the Prokka paper:
[12:02:42] Seemann T (2014) Prokka: rapid prokaryotic genome annotation. Bioinformatics. 30(14):2068-9.
[12:02:42] Type 'prokka --citation' for more details.
[12:02:42] Thank you, come again.
106.18user 44.69system 0:24.84elapsed 607%CPU (0avgtext+0avgdata 164664maxresident)k
558088inputs+151968outputs (830major+6679846minor)pagefaults 0swaps

======================================================
End Time   : Wed Jun 28 12:02:42 EDT 2023
Run Time   : 28 seconds
======================================================

