=====================================================
Start Time  : Sat Jun 24 19:52:56 EDT 2023
Submit Dir  : /projects/raw_lab/jobs/metacerberus
Job ID/Name : 3995376 / InterProScan
Node List   : str-c101
Num Tasks   : 1 total [1 nodes @ 16 CPUs/node]
======================================================

Loading interproscan/5.60-92.0
  Loading requirement: anaconda3/2020.11 openjdk/15
======================================================
Running InterProScan On GTDB-100/genomes/bacteria/GCA_024998595.1.fna
======================================================
24/06/2023 19:52:57:822 Welcome to InterProScan-5.60-92.0
24/06/2023 19:52:57:822 Running InterProScan v5 in STANDALONE mode... on Linux
24/06/2023 19:53:01:830 RunID: str-c101.uncc.edu_20230624_195301659_30pn
24/06/2023 19:53:10:559 Loading file /projects/raw_lab/jobs/metacerberus/GTDB-100/genomes/bacteria/GCA_024998595.1.fna
24/06/2023 19:53:12:148 Running the following analyses:
[AntiFam-7.0,CDD-3.20,Coils-2.2.1,FunFam-4.3.0,Gene3D-4.3.0,Hamap-2021_04,MobiDBLite-2.0,PANTHER-17.0,Pfam-35.0,PIRSF-3.10,PIRSR-2021_05,PRINTS-42.0,ProSitePatterns-2022_01,ProSiteProfiles-2022_01,SFLD-4,SMART-7.1,SUPERFAMILY-1.75,TIGRFAM-15.0]
Pre-calculated match lookup service DISABLED.  Please wait for match calculations to complete...
2023-06-24 19:56:19,320 [amqEmbeddedWorkerJmsContainer-6] [uk.ac.ebi.interpro.scan.io.pirsf.hmmer3.PirsfHmmer3RawMatchParser:129] WARN - Couldn't parse the given raw match line, because it is of an unexpected format.
2023-06-24 19:56:19,323 [amqEmbeddedWorkerJmsContainer-6] [uk.ac.ebi.interpro.scan.io.pirsf.hmmer3.PirsfHmmer3RawMatchParser:130] WARN - Unexpected Raw match line: Query sequence: 18 matches PIRSF000350: Mercury(II) reductase, MerA type
2023-06-24 19:56:19,324 [amqEmbeddedWorkerJmsContainer-6] [uk.ac.ebi.interpro.scan.io.pirsf.hmmer3.PirsfHmmer3RawMatchParser:129] WARN - Couldn't parse the given raw match line, because it is of an unexpected format.
2023-06-24 19:56:19,324 [amqEmbeddedWorkerJmsContainer-6] [uk.ac.ebi.interpro.scan.io.pirsf.hmmer3.PirsfHmmer3RawMatchParser:130] WARN - Unexpected Raw match line: #    score  bias  c-Evalue  i-Evalue hmmfrom  hmm to    alifrom  ali to    envfrom  env to     acc
2023-06-24 19:56:19,324 [amqEmbeddedWorkerJmsContainer-6] [uk.ac.ebi.interpro.scan.io.pirsf.hmmer3.PirsfHmmer3RawMatchParser:129] WARN - Couldn't parse the given raw match line, because it is of an unexpected format.
2023-06-24 19:56:19,324 [amqEmbeddedWorkerJmsContainer-6] [uk.ac.ebi.interpro.scan.io.pirsf.hmmer3.PirsfHmmer3RawMatchParser:130] WARN - Unexpected Raw match line: 1 !  320.3   0.1   1.3e-99   1.6e-97      86     540 ..      52     511 ..      38     515 .. 0.89
2023-06-24 19:56:19,324 [amqEmbeddedWorkerJmsContainer-6] [uk.ac.ebi.interpro.scan.io.pirsf.hmmer3.PirsfHmmer3RawMatchParser:129] WARN - Couldn't parse the given raw match line, because it is of an unexpected format.
2023-06-24 19:56:19,324 [amqEmbeddedWorkerJmsContainer-6] [uk.ac.ebi.interpro.scan.io.pirsf.hmmer3.PirsfHmmer3RawMatchParser:130] WARN - Unexpected Raw match line: Query sequence: 20 matches PIRSF001587: Phosphoribosylformylglycinamidine synthase component II
2023-06-24 19:56:19,324 [amqEmbeddedWorkerJmsContainer-6] [uk.ac.ebi.interpro.scan.io.pirsf.hmmer3.PirsfHmmer3RawMatchParser:129] WARN - Couldn't parse the given raw match line, because it is of an unexpected format.
2023-06-24 19:56:19,324 [amqEmbeddedWorkerJmsContainer-6] [uk.ac.ebi.interpro.scan.io.pirsf.hmmer3.PirsfHmmer3RawMatchParser:130] WARN - Unexpected Raw match line: #    score  bias  c-Evalue  i-Evalue hmmfrom  hmm to    alifrom  ali to    envfrom  env to     acc
2023-06-24 19:56:19,324 [amqEmbeddedWorkerJmsContainer-6] [uk.ac.ebi.interpro.scan.io.pirsf.hmmer3.PirsfHmmer3RawMatchParser:129] WARN - Couldn't parse the given raw match line, because it is of an unexpected format.
2023-06-24 19:56:19,324 [amqEmbeddedWorkerJmsContainer-6] [uk.ac.ebi.interpro.scan.io.pirsf.hmmer3.PirsfHmmer3RawMatchParser:130] WARN - Unexpected Raw match line: 1 ! 1041.1   0.0         0         0       7     740 ..      45     784 ..      39     786 .] 0.97
2023-06-24 19:56:19,324 [amqEmbeddedWorkerJmsContainer-6] [uk.ac.ebi.interpro.scan.io.pirsf.hmmer3.PirsfHmmer3RawMatchParser:129] WARN - Couldn't parse the given raw match line, because it is of an unexpected format.
2023-06-24 19:56:19,324 [amqEmbeddedWorkerJmsContainer-6] [uk.ac.ebi.interpro.scan.io.pirsf.hmmer3.PirsfHmmer3RawMatchParser:130] WARN - Unexpected Raw match line: Query sequence: 41 matches PIRSF000853: Pyruvate, phosphate dikinase
2023-06-24 19:56:19,324 [amqEmbeddedWorkerJmsContainer-6] [uk.ac.ebi.interpro.scan.io.pirsf.hmmer3.PirsfHmmer3RawMatchParser:129] WARN - Couldn't parse the given raw match line, because it is of an unexpected format.
2023-06-24 19:56:19,324 [amqEmbeddedWorkerJmsContainer-6] [uk.ac.ebi.interpro.scan.io.pirsf.hmmer3.PirsfHmmer3RawMatchParser:130] WARN - Unexpected Raw match line: #    score  bias  c-Evalue  i-Evalue hmmfrom  hmm to    alifrom  ali to    envfrom  env to     acc
2023-06-24 19:56:19,324 [amqEmbeddedWorkerJmsContainer-6] [uk.ac.ebi.interpro.scan.io.pirsf.hmmer3.PirsfHmmer3RawMatchParser:129] WARN - Couldn't parse the given raw match line, because it is of an unexpected format.
2023-06-24 19:56:19,325 [amqEmbeddedWorkerJmsContainer-6] [uk.ac.ebi.interpro.scan.io.pirsf.hmmer3.PirsfHmmer3RawMatchParser:130] WARN - Unexpected Raw match line: 1 ! 1329.7   0.2         0         0       2     881 ..      35     934 ..      34     936 .. 0.98
2023-06-24 19:56:19,325 [amqEmbeddedWorkerJmsContainer-6] [uk.ac.ebi.interpro.scan.io.pirsf.hmmer3.PirsfHmmer3RawMatchParser:129] WARN - Couldn't parse the given raw match line, because it is of an unexpected format.
2023-06-24 19:56:19,325 [amqEmbeddedWorkerJmsContainer-6] [uk.ac.ebi.interpro.scan.io.pirsf.hmmer3.PirsfHmmer3RawMatchParser:130] WARN - Unexpected Raw match line: Query sequence: 45 matches PIRSF001174: Lon protease
2023-06-24 19:56:19,325 [amqEmbeddedWorkerJmsContainer-6] [uk.ac.ebi.interpro.scan.io.pirsf.hmmer3.PirsfHmmer3RawMatchParser:129] WARN - Couldn't parse the given raw match line, because it is of an unexpected format.
2023-06-24 19:56:19,325 [amqEmbeddedWorkerJmsContainer-6] [uk.ac.ebi.interpro.scan.io.pirsf.hmmer3.PirsfHmmer3RawMatchParser:130] WARN - Unexpected Raw match line: #    score  bias  c-Evalue  i-Evalue hmmfrom  hmm to    alifrom  ali to    envfrom  env to     acc
2023-06-24 19:56:19,325 [amqEmbeddedWorkerJmsContainer-6] [uk.ac.ebi.interpro.scan.io.pirsf.hmmer3.PirsfHmmer3RawMatchParser:129] WARN - Couldn't parse the given raw match line, because it is of an unexpected format.
2023-06-24 19:56:19,325 [amqEmbeddedWorkerJmsContainer-6] [uk.ac.ebi.interpro.scan.io.pirsf.hmmer3.PirsfHmmer3RawMatchParser:130] WARN - Unexpected Raw match line: 1 ! 1102.7  12.5         0         0       7     776 ..      24     795 ..      15     796 .. 0.98
2023-06-24 19:56:19,325 [amqEmbeddedWorkerJmsContainer-6] [uk.ac.ebi.interpro.scan.io.pirsf.hmmer3.PirsfHmmer3RawMatchParser:129] WARN - Couldn't parse the given raw match line, because it is of an unexpected format.
2023-06-24 19:56:19,325 [amqEmbeddedWorkerJmsContainer-6] [uk.ac.ebi.interpro.scan.io.pirsf.hmmer3.PirsfHmmer3RawMatchParser:130] WARN - Unexpected Raw match line: Query sequence: 66 matches PIRSF001535: Proline--tRNA ligase, type 1
2023-06-24 19:56:19,325 [amqEmbeddedWorkerJmsContainer-6] [uk.ac.ebi.interpro.scan.io.pirsf.hmmer3.PirsfHmmer3RawMatchParser:129] WARN - Couldn't parse the given raw match line, because it is of an unexpected format.
2023-06-24 19:56:19,325 [amqEmbeddedWorkerJmsContainer-6] [uk.ac.ebi.interpro.scan.io.pirsf.hmmer3.PirsfHmmer3RawMatchParser:130] WARN - Unexpected Raw match line: #    score  bias  c-Evalue  i-Evalue hmmfrom  hmm to    alifrom  ali to    envfrom  env to     acc
2023-06-24 19:56:19,325 [amqEmbeddedWorkerJmsContainer-6] [uk.ac.ebi.interpro.scan.io.pirsf.hmmer3.PirsfHmmer3RawMatchParser:129] WARN - Couldn't parse the given raw match line, because it is of an unexpected format.
2023-06-24 19:56:19,325 [amqEmbeddedWorkerJmsContainer-6] [uk.ac.ebi.interpro.scan.io.pirsf.hmmer3.PirsfHmmer3RawMatchParser:130] WARN - Unexpected Raw match line: 1 !  896.2   0.0  5.6e-274  6.8e-272       1     570 [.       3     568 ..       3     570 .] 0.99
2023-06-24 19:56:19,325 [amqEmbeddedWorkerJmsContainer-6] [uk.ac.ebi.interpro.scan.io.pirsf.hmmer3.PirsfHmmer3RawMatchParser:129] WARN - Couldn't parse the given raw match line, because it is of an unexpected format.
2023-06-24 19:56:19,325 [amqEmbeddedWorkerJmsContainer-6] [uk.ac.ebi.interpro.scan.io.pirsf.hmmer3.PirsfHmmer3RawMatchParser:130] WARN - Unexpected Raw match line: Query sequence: 75 matches PIRSF006288: [protein PII] uridylyltransferase
2023-06-24 19:56:19,326 [amqEmbeddedWorkerJmsContainer-6] [uk.ac.ebi.interpro.scan.io.pirsf.hmmer3.PirsfHmmer3RawMatchParser:129] WARN - Couldn't parse the given raw match line, because it is of an unexpected format.
2023-06-24 19:56:19,326 [amqEmbeddedWorkerJmsContainer-6] [uk.ac.ebi.interpro.scan.io.pirsf.hmmer3.PirsfHmmer3RawMatchParser:130] WARN - Unexpected Raw match line: #    score  bias  c-Evalue  i-Evalue hmmfrom  hmm to    alifrom  ali to    envfrom  env to     acc
2023-06-24 19:56:19,326 [amqEmbeddedWorkerJmsContainer-6] [uk.ac.ebi.interpro.scan.io.pirsf.hmmer3.PirsfHmmer3RawMatchParser:129] WARN - Couldn't parse the given raw match line, because it is of an unexpected format.
2023-06-24 19:56:19,326 [amqEmbeddedWorkerJmsContainer-6] [uk.ac.ebi.interpro.scan.io.pirsf.hmmer3.PirsfHmmer3RawMatchParser:130] WARN - Unexpected Raw match line: 1 !  775.1   8.4  1.5e-236  5.9e-235      14     876 ..      24     894 ..      14     900 .. 0.92
2023-06-24 19:56:19,326 [amqEmbeddedWorkerJmsContainer-6] [uk.ac.ebi.interpro.scan.io.pirsf.hmmer3.PirsfHmmer3RawMatchParser:129] WARN - Couldn't parse the given raw match line, because it is of an unexpected format.
2023-06-24 19:56:19,326 [amqEmbeddedWorkerJmsContainer-6] [uk.ac.ebi.interpro.scan.io.pirsf.hmmer3.PirsfHmmer3RawMatchParser:130] WARN - Unexpected Raw match line: Query sequence: 84 matches PIRSF005719: Structural maintenance of chromosomes protein
2023-06-24 19:56:19,326 [amqEmbeddedWorkerJmsContainer-6] [uk.ac.ebi.interpro.scan.io.pirsf.hmmer3.PirsfHmmer3RawMatchParser:129] WARN - Couldn't parse the given raw match line, because it is of an unexpected format.
2023-06-24 19:56:19,326 [amqEmbeddedWorkerJmsContainer-6] [uk.ac.ebi.interpro.scan.io.pirsf.hmmer3.PirsfHmmer3RawMatchParser:130] WARN - Unexpected Raw match line: #    score  bias  c-Evalue  i-Evalue hmmfrom  hmm to    alifrom  ali to    envfrom  env to     acc
2023-06-24 19:56:19,326 [amqEmbeddedWorkerJmsContainer-6] [uk.ac.ebi.interpro.scan.io.pirsf.hmmer3.PirsfHmmer3RawMatchParser:129] WARN - Couldn't parse the given raw match line, because it is of an unexpected format.
2023-06-24 19:56:19,326 [amqEmbeddedWorkerJmsContainer-6] [uk.ac.ebi.interpro.scan.io.pirsf.hmmer3.PirsfHmmer3RawMatchParser:130] WARN - Unexpected Raw match line: 1 !  849.6  46.7  5.4e-259  2.2e-257       3    1189 ..      29    1250 ..      28    1254 .] 0.96
2023-06-24 19:56:19,326 [amqEmbeddedWorkerJmsContainer-6] [uk.ac.ebi.interpro.scan.io.pirsf.hmmer3.PirsfHmmer3RawMatchParser:129] WARN - Couldn't parse the given raw match line, because it is of an unexpected format.
2023-06-24 19:56:19,326 [amqEmbeddedWorkerJmsContainer-6] [uk.ac.ebi.interpro.scan.io.pirsf.hmmer3.PirsfHmmer3RawMatchParser:130] WARN - Unexpected Raw match line: Query sequence: 9 matches PIRSF006076: Outer membrane assembly protein, OMP85 type
2023-06-24 19:56:19,326 [amqEmbeddedWorkerJmsContainer-6] [uk.ac.ebi.interpro.scan.io.pirsf.hmmer3.PirsfHmmer3RawMatchParser:129] WARN - Couldn't parse the given raw match line, because it is of an unexpected format.
2023-06-24 19:56:19,326 [amqEmbeddedWorkerJmsContainer-6] [uk.ac.ebi.interpro.scan.io.pirsf.hmmer3.PirsfHmmer3RawMatchParser:130] WARN - Unexpected Raw match line: #    score  bias  c-Evalue  i-Evalue hmmfrom  hmm to    alifrom  ali to    envfrom  env to     acc
2023-06-24 19:56:19,326 [amqEmbeddedWorkerJmsContainer-6] [uk.ac.ebi.interpro.scan.io.pirsf.hmmer3.PirsfHmmer3RawMatchParser:129] WARN - Couldn't parse the given raw match line, because it is of an unexpected format.
2023-06-24 19:56:19,327 [amqEmbeddedWorkerJmsContainer-6] [uk.ac.ebi.interpro.scan.io.pirsf.hmmer3.PirsfHmmer3RawMatchParser:130] WARN - Unexpected Raw match line: 1 !  606.1   1.8  5.8e-186  6.9e-184      28     792 .]      71     819 .]      46     819 .] 0.93
2023-06-24 19:56:19,327 [amqEmbeddedWorkerJmsContainer-6] [uk.ac.ebi.interpro.scan.io.pirsf.hmmer3.PirsfHmmer3RawMatchParser:129] WARN - Couldn't parse the given raw match line, because it is of an unexpected format.
2023-06-24 19:56:19,327 [amqEmbeddedWorkerJmsContainer-6] [uk.ac.ebi.interpro.scan.io.pirsf.hmmer3.PirsfHmmer3RawMatchParser:130] WARN - Unexpected Raw match line: Query sequence: 90 matches PIRSF000463: 1,4-alpha-glucan branching enzyme
2023-06-24 19:56:19,327 [amqEmbeddedWorkerJmsContainer-6] [uk.ac.ebi.interpro.scan.io.pirsf.hmmer3.PirsfHmmer3RawMatchParser:129] WARN - Couldn't parse the given raw match line, because it is of an unexpected format.
2023-06-24 19:56:19,327 [amqEmbeddedWorkerJmsContainer-6] [uk.ac.ebi.interpro.scan.io.pirsf.hmmer3.PirsfHmmer3RawMatchParser:130] WARN - Unexpected Raw match line: #    score  bias  c-Evalue  i-Evalue hmmfrom  hmm to    alifrom  ali to    envfrom  env to     acc
2023-06-24 19:56:19,327 [amqEmbeddedWorkerJmsContainer-6] [uk.ac.ebi.interpro.scan.io.pirsf.hmmer3.PirsfHmmer3RawMatchParser:129] WARN - Couldn't parse the given raw match line, because it is of an unexpected format.
2023-06-24 19:56:19,327 [amqEmbeddedWorkerJmsContainer-6] [uk.ac.ebi.interpro.scan.io.pirsf.hmmer3.PirsfHmmer3RawMatchParser:130] WARN - Unexpected Raw match line: 1 !  890.2   1.3  6.3e-272  7.6e-270      79     708 ..      18     646 ..       4     650 .] 0.97
2023-06-24 19:56:19,327 [amqEmbeddedWorkerJmsContainer-6] [uk.ac.ebi.interpro.scan.io.pirsf.hmmer3.PirsfHmmer3RawMatchParser:129] WARN - Couldn't parse the given raw match line, because it is of an unexpected format.
2023-06-24 19:56:19,327 [amqEmbeddedWorkerJmsContainer-6] [uk.ac.ebi.interpro.scan.io.pirsf.hmmer3.PirsfHmmer3RawMatchParser:130] WARN - Unexpected Raw match line: Query sequence: 91 matches PIRSF000381: Cobalamin-dependent methionine synthase
2023-06-24 19:56:19,327 [amqEmbeddedWorkerJmsContainer-6] [uk.ac.ebi.interpro.scan.io.pirsf.hmmer3.PirsfHmmer3RawMatchParser:129] WARN - Couldn't parse the given raw match line, because it is of an unexpected format.
2023-06-24 19:56:19,327 [amqEmbeddedWorkerJmsContainer-6] [uk.ac.ebi.interpro.scan.io.pirsf.hmmer3.PirsfHmmer3RawMatchParser:130] WARN - Unexpected Raw match line: #    score  bias  c-Evalue  i-Evalue hmmfrom  hmm to    alifrom  ali to    envfrom  env to     acc
2023-06-24 19:56:19,327 [amqEmbeddedWorkerJmsContainer-6] [uk.ac.ebi.interpro.scan.io.pirsf.hmmer3.PirsfHmmer3RawMatchParser:129] WARN - Couldn't parse the given raw match line, because it is of an unexpected format.
2023-06-24 19:56:19,327 [amqEmbeddedWorkerJmsContainer-6] [uk.ac.ebi.interpro.scan.io.pirsf.hmmer3.PirsfHmmer3RawMatchParser:130] WARN - Unexpected Raw match line: 1 ! 1736.2   0.0         0         0       6    1200 .]       6    1198 ..       2    1198 .. 0.98
2023-06-24 19:56:19,327 [amqEmbeddedWorkerJmsContainer-6] [uk.ac.ebi.interpro.scan.io.pirsf.hmmer3.PirsfHmmer3RawMatchParser:129] WARN - Couldn't parse the given raw match line, because it is of an unexpected format.
2023-06-24 19:56:19,327 [amqEmbeddedWorkerJmsContainer-6] [uk.ac.ebi.interpro.scan.io.pirsf.hmmer3.PirsfHmmer3RawMatchParser:130] WARN - Unexpected Raw match line: Query sequence: 94 matches PIRSF001265: H(+)-translocating inorganic pyrophosphatase
2023-06-24 19:56:19,328 [amqEmbeddedWorkerJmsContainer-6] [uk.ac.ebi.interpro.scan.io.pirsf.hmmer3.PirsfHmmer3RawMatchParser:129] WARN - Couldn't parse the given raw match line, because it is of an unexpected format.
2023-06-24 19:56:19,328 [amqEmbeddedWorkerJmsContainer-6] [uk.ac.ebi.interpro.scan.io.pirsf.hmmer3.PirsfHmmer3RawMatchParser:130] WARN - Unexpected Raw match line: #    score  bias  c-Evalue  i-Evalue hmmfrom  hmm to    alifrom  ali to    envfrom  env to     acc
2023-06-24 19:56:19,328 [amqEmbeddedWorkerJmsContainer-6] [uk.ac.ebi.interpro.scan.io.pirsf.hmmer3.PirsfHmmer3RawMatchParser:129] WARN - Couldn't parse the given raw match line, because it is of an unexpected format.
2023-06-24 19:56:19,328 [amqEmbeddedWorkerJmsContainer-6] [uk.ac.ebi.interpro.scan.io.pirsf.hmmer3.PirsfHmmer3RawMatchParser:130] WARN - Unexpected Raw match line: 1 !  865.8  57.4  1.7e-264    2e-262       6     706 ..      39     717 ..      35     719 .] 0.97
2023-06-24 19:56:19,328 [amqEmbeddedWorkerJmsContainer-6] [uk.ac.ebi.interpro.scan.io.pirsf.hmmer3.PirsfHmmer3RawMatchParser:129] WARN - Couldn't parse the given raw match line, because it is of an unexpected format.
2023-06-24 19:56:19,328 [amqEmbeddedWorkerJmsContainer-6] [uk.ac.ebi.interpro.scan.io.pirsf.hmmer3.PirsfHmmer3RawMatchParser:130] WARN - Unexpected Raw match line: Query sequence: 95 matches PIRSF000460: Glucan phosphorylase
2023-06-24 19:56:19,328 [amqEmbeddedWorkerJmsContainer-6] [uk.ac.ebi.interpro.scan.io.pirsf.hmmer3.PirsfHmmer3RawMatchParser:129] WARN - Couldn't parse the given raw match line, because it is of an unexpected format.
2023-06-24 19:56:19,328 [amqEmbeddedWorkerJmsContainer-6] [uk.ac.ebi.interpro.scan.io.pirsf.hmmer3.PirsfHmmer3RawMatchParser:130] WARN - Unexpected Raw match line: #    score  bias  c-Evalue  i-Evalue hmmfrom  hmm to    alifrom  ali to    envfrom  env to     acc
2023-06-24 19:56:19,328 [amqEmbeddedWorkerJmsContainer-6] [uk.ac.ebi.interpro.scan.io.pirsf.hmmer3.PirsfHmmer3RawMatchParser:129] WARN - Couldn't parse the given raw match line, because it is of an unexpected format.
2023-06-24 19:56:19,328 [amqEmbeddedWorkerJmsContainer-6] [uk.ac.ebi.interpro.scan.io.pirsf.hmmer3.PirsfHmmer3RawMatchParser:130] WARN - Unexpected Raw match line: 1 !  843.0   0.0  1.1e-257  1.3e-255      14     708 ..      35     736 ..      25     741 .. 0.97
24/06/2023 20:00:28:701 100% done:  InterProScan analyses completed 

2023-06-24 20:00:29,204 [main] [uk.ac.ebi.interpro.scan.jms.master.AbstractMaster:259] WARN - Master process unable to delete temporary directory /projects/raw_lab/jobs/metacerberus/temp/str-c101.uncc.edu_20230624_195301659_30pn
1750.47user 104.03system 7:32.12elapsed 410%CPU (0avgtext+0avgdata 3550036maxresident)k
1526960inputs+1435496outputs (400major+8656646minor)pagefaults 0swaps

======================================================
End Time   : Sat Jun 24 20:00:29 EDT 2023
Run Time   : 453 seconds
======================================================

