=====================================================
Start Time  : Sat Jul  1 17:14:13 EDT 2023
Submit Dir  : /projects/raw_lab/jobs/metacerberus
Job ID/Name : 4128694 / PROKKA
Node List   : str-c110
Num Tasks   : 1 total [1 nodes @ 16 CPUs/node]
======================================================

Loading prokka/1.14.6
  Loading requirement: anaconda3/2022.10
======================================================
Running PROKKA On PHAGES/genomes/NC_024383.fna
======================================================
Viruses
[17:14:15] This is prokka 1.14.6
[17:14:15] Written by Torsten Seemann <torsten.seemann@gmail.com>
[17:14:15] Homepage is https://github.com/tseemann/prokka
[17:14:15] Local time is Sat Jul  1 17:14:15 2023
[17:14:15] You are jlfiguer
[17:14:15] Operating system is linux
[17:14:15] You have BioPerl 1.7.8
Argument "1.7.8" isn't numeric in numeric lt (<) at /apps/pkg/anaconda3/2022.10/envs/prokka-1.14.6/bin/prokka line 259.
[17:14:15] System has 16 cores.
[17:14:15] Will use maximum of 16 cores.
[17:14:15] Annotating as >>> Viruses <<<
[17:14:15] Generating locus_tag from 'PHAGES/genomes/NC_024383.fna' contents.
[17:14:15] Setting --locustag ALBCIMML from MD5 a5bc2665290a75f858425a81d0ea10fe
[17:14:15] Creating new output folder: results/PROKKA/PHAGES/genomes/NC_024383
[17:14:15] Running: mkdir -p results\/PROKKA\/PHAGES\/genomes\/NC_024383
[17:14:15] Using filename prefix: NC_024383.XXX
[17:14:15] Setting HMMER_NCPU=1
[17:14:15] Writing log to: results/PROKKA/PHAGES/genomes/NC_024383/NC_024383.log
[17:14:15] Command: /apps/pkg/anaconda3/2022.10/envs/prokka-1.14.6/bin/prokka --prefix NC_024383 --outdir results/PROKKA/PHAGES/genomes/NC_024383 --kingdom Viruses --cpus 16 PHAGES/genomes/NC_024383.fna
[17:14:15] Appending to PATH: /apps/pkg/anaconda3/2022.10/envs/prokka-1.14.6/bin
[17:14:15] Looking for 'aragorn' - found /apps/pkg/anaconda3/2022.10/envs/prokka-1.14.6/bin/aragorn
[17:14:15] Determined aragorn version is 001002 from 'ARAGORN v1.2.41 Dean Laslett'
[17:14:15] Looking for 'barrnap' - found /apps/pkg/anaconda3/2022.10/envs/prokka-1.14.6/bin/barrnap
[17:14:15] Determined barrnap version is 000009 from 'barrnap 0.9'
[17:14:15] Looking for 'blastp' - found /apps/pkg/anaconda3/2022.10/envs/prokka-1.14.6/bin/blastp
[17:14:15] Determined blastp version is 002013 from 'blastp: 2.13.0+'
[17:14:15] Looking for 'cmpress' - found /apps/pkg/anaconda3/2022.10/envs/prokka-1.14.6/bin/cmpress
[17:14:15] Determined cmpress version is 001001 from '# INFERNAL 1.1.4 (Dec 2020)'
[17:14:15] Looking for 'cmscan' - found /apps/pkg/anaconda3/2022.10/envs/prokka-1.14.6/bin/cmscan
[17:14:15] Determined cmscan version is 001001 from '# INFERNAL 1.1.4 (Dec 2020)'
[17:14:15] Looking for 'egrep' - found /usr/bin/egrep
[17:14:15] Looking for 'find' - found /usr/bin/find
[17:14:15] Looking for 'grep' - found /usr/bin/grep
[17:14:15] Looking for 'hmmpress' - found /apps/pkg/anaconda3/2022.10/envs/prokka-1.14.6/bin/hmmpress
[17:14:15] Determined hmmpress version is 003003 from '# HMMER 3.3.2 (Nov 2020); http://hmmer.org/'
[17:14:15] Looking for 'hmmscan' - found /apps/pkg/anaconda3/2022.10/envs/prokka-1.14.6/bin/hmmscan
[17:14:15] Determined hmmscan version is 003003 from '# HMMER 3.3.2 (Nov 2020); http://hmmer.org/'
[17:14:15] Looking for 'java' - found /apps/pkg/anaconda3/2022.10/envs/prokka-1.14.6/bin/java
[17:14:15] Looking for 'makeblastdb' - found /apps/pkg/anaconda3/2022.10/envs/prokka-1.14.6/bin/makeblastdb
[17:14:15] Determined makeblastdb version is 002013 from 'makeblastdb: 2.13.0+'
[17:14:15] Looking for 'minced' - found /apps/pkg/anaconda3/2022.10/envs/prokka-1.14.6/bin/minced
[17:14:15] Determined minced version is 004002 from 'minced 0.4.2'
[17:14:15] Looking for 'parallel' - found /apps/pkg/anaconda3/2022.10/envs/prokka-1.14.6/bin/parallel
[17:14:15] Determined parallel version is 20230122 from 'GNU parallel 20230122'
[17:14:15] Looking for 'prodigal' - found /apps/pkg/anaconda3/2022.10/envs/prokka-1.14.6/bin/prodigal
[17:14:15] Determined prodigal version is 002006 from 'Prodigal V2.6.3: February, 2016'
[17:14:15] Looking for 'prokka-genbank_to_fasta_db' - found /apps/pkg/anaconda3/2022.10/envs/prokka-1.14.6/bin/prokka-genbank_to_fasta_db
[17:14:15] Looking for 'sed' - found /usr/bin/sed
[17:14:15] Looking for 'tbl2asn' - found /apps/pkg/anaconda3/2022.10/envs/prokka-1.14.6/bin/tbl2asn
[17:14:15] Determined tbl2asn version is 025007 from 'tbl2asn 25.7   arguments:'
[17:14:15] Using genetic code table 1.
[17:14:15] Loading and checking input file: PHAGES/genomes/NC_024383.fna
[17:14:15] Wrote 1 contigs totalling 135831 bp.
[17:14:15] Predicting tRNAs and tmRNAs
[17:14:15] Running: aragorn -l -gc1  -w results\/PROKKA\/PHAGES\/genomes\/NC_024383\/NC_024383\.fna
[17:14:15] 1 tRNA-Met c[31951,32024] 34 (cat)
[17:14:15] 2 tRNA-Pro c[32917,32991] 36 (tgg)
[17:14:15] 3 tRNA-Arg c[34109,34179] 33 (tct)
[17:14:15] 4 tRNA-Gly c[34437,34507] 33 (tcc)
[17:14:15] 5 tRNA-Asn c[34576,34649] 34 (gtt)
[17:14:15] 6 tRNA-Ser c[35271,35362] 35 (tga)
[17:14:15] 7 tRNA-Phe c[35375,35446] 34 (gaa)
[17:14:15] 8 tRNA-Lys c[35452,35523] 34 (ttt)
[17:14:15] 9 tRNA-Trp c[35648,35721] 35 (cca)
[17:14:15] 10 tRNA-Gln c[35723,35795] 33 (ttg)
[17:14:15] 11 tRNA-Thr c[35814,35885] 34 (tgt)
[17:14:15] 12 tRNA-Tyr c[35968,36049] 34 (gta)
[17:14:15] 13 tRNA-Leu c[36410,36494] 36 (tag)
[17:14:15] 14 tRNA-Asp c[36960,37032] 34 (gtc)
[17:14:15] 15 tRNA-Ile c[37136,37208] 34 (gat)
[17:14:15] 16 tRNA-Ser c[37385,37471] 35 (gct)
[17:14:15] 17 tRNA-Cys c[37550,37620] 33 (gca)
[17:14:15] Found 17 tRNAs
[17:14:15] Disabling rRNA search: --kingdom=Viruses or --norrna=0
[17:14:15] Skipping ncRNA search, enable with --rfam if desired.
[17:14:15] Total of 17 tRNA + rRNA features
[17:14:15] Searching for CRISPR repeats
[17:14:16] Found 0 CRISPRs
[17:14:16] Predicting coding sequences
[17:14:16] Contigs total 135831 bp, so using single mode
[17:14:16] Running: prodigal -i results\/PROKKA\/PHAGES\/genomes\/NC_024383\/NC_024383\.fna -c -m -g 1 -p single -f sco -q
[17:14:16] Excluding CDS which overlaps existing RNA (tRNA) at NC_024383:34563..34934 on - strand
[17:14:16] Found 181 CDS
[17:14:16] Connecting features back to sequences
[17:14:16] Not using genus-specific database. Try --usegenus to enable it.
[17:14:16] Annotating CDS, please be patient.
[17:14:16] Will use 16 CPUs for similarity searching.
[17:14:16] There are still 181 unannotated CDS left (started with 181)
[17:14:16] Will use blast to search against /apps/pkg/anaconda3/2022.10/envs/prokka-1.14.6/db/kingdom/Viruses/sprot with 16 CPUs
[17:14:16] Running: cat results\/PROKKA\/PHAGES\/genomes\/NC_024383\/NC_024383\.sprot\.tmp\.903726\.faa | parallel --gnu --plain -j 16 --block 1216 --recstart '>' --pipe blastp -query - -db /apps/pkg/anaconda3/2022.10/envs/prokka-1.14.6/db/kingdom/Viruses/sprot -evalue 1e-09 -qcov_hsp_perc 80 -num_threads 1 -num_descriptions 1 -num_alignments 1 -seg no > results\/PROKKA\/PHAGES\/genomes\/NC_024383\/NC_024383\.sprot\.tmp\.903726\.blast 2> /dev/null
[17:14:16] Deleting unwanted file: results/PROKKA/PHAGES/genomes/NC_024383/NC_024383.sprot.tmp.903726.faa
[17:14:16] Deleting unwanted file: results/PROKKA/PHAGES/genomes/NC_024383/NC_024383.sprot.tmp.903726.blast
[17:14:16] Labelling remaining 171 proteins as 'hypothetical protein'
[17:14:16] Possible /pseudo 'Ribonucleoside-diphosphate reductase large subunit' at NC_024383 position 95061
[17:14:16] Found 2 unique /gene codes.
[17:14:16] Fixed 2 duplicate /gene - I4L_1 I4L_2
[17:14:16] Fixed 1 colliding /gene names.
[17:14:16] Adding /locus_tag identifiers
[17:14:16] Assigned 198 locus_tags to CDS and RNA features.
[17:14:16] Writing outputs to results/PROKKA/PHAGES/genomes/NC_024383/
[17:14:16] Generating annotation statistics file
[17:14:16] Generating Genbank and Sequin files
[17:14:16] Running: tbl2asn -V b -a r10k -l paired-ends -M n -N 1 -y 'Annotated using prokka 1.14.6 from https://github.com/tseemann/prokka' -Z results\/PROKKA\/PHAGES\/genomes\/NC_024383\/NC_024383\.err -i results\/PROKKA\/PHAGES\/genomes\/NC_024383\/NC_024383\.fsa 2> /dev/null
[tbl2asn-forever] Found Prokka input, correcting dates in .gbf|.sqn files.
[tbl2asn-forever] Correcting dates in results/PROKKA/PHAGES/genomes/NC_024383/NC_024383.gbf
[tbl2asn-forever] Correcting dates in results/PROKKA/PHAGES/genomes/NC_024383/NC_024383.sqn
[tbl2asn-forever] Dates changed from 01-JAN-2019 to 01-JUL-2023
[17:14:17] Deleting unwanted file: results/PROKKA/PHAGES/genomes/NC_024383/errorsummary.val
[17:14:17] Deleting unwanted file: results/PROKKA/PHAGES/genomes/NC_024383/NC_024383.dr
[17:14:17] Deleting unwanted file: results/PROKKA/PHAGES/genomes/NC_024383/NC_024383.fixedproducts
[17:14:17] Deleting unwanted file: results/PROKKA/PHAGES/genomes/NC_024383/NC_024383.ecn
[17:14:17] Deleting unwanted file: results/PROKKA/PHAGES/genomes/NC_024383/NC_024383.val
[17:14:17] Repairing broken .GBK output that tbl2asn produces...
[17:14:17] Running: sed 's/COORDINATES: profile/COORDINATES:profile/' < results\/PROKKA\/PHAGES\/genomes\/NC_024383\/NC_024383\.gbf > results\/PROKKA\/PHAGES\/genomes\/NC_024383\/NC_024383\.gbk
[17:14:17] Deleting unwanted file: results/PROKKA/PHAGES/genomes/NC_024383/NC_024383.gbf
[17:14:17] Output files:
[17:14:17] results/PROKKA/PHAGES/genomes/NC_024383/NC_024383.log
[17:14:17] results/PROKKA/PHAGES/genomes/NC_024383/NC_024383.fna
[17:14:17] results/PROKKA/PHAGES/genomes/NC_024383/NC_024383.gff
[17:14:17] results/PROKKA/PHAGES/genomes/NC_024383/NC_024383.faa
[17:14:17] results/PROKKA/PHAGES/genomes/NC_024383/NC_024383.ffn
[17:14:17] results/PROKKA/PHAGES/genomes/NC_024383/NC_024383.tbl
[17:14:17] results/PROKKA/PHAGES/genomes/NC_024383/NC_024383.fsa
[17:14:17] results/PROKKA/PHAGES/genomes/NC_024383/NC_024383.tsv
[17:14:17] results/PROKKA/PHAGES/genomes/NC_024383/NC_024383.txt
[17:14:17] results/PROKKA/PHAGES/genomes/NC_024383/NC_024383.err
[17:14:17] results/PROKKA/PHAGES/genomes/NC_024383/NC_024383.sqn
[17:14:17] results/PROKKA/PHAGES/genomes/NC_024383/NC_024383.gbk
[17:14:17] Annotation finished successfully.
[17:14:17] Walltime used: 0.03 minutes
[17:14:17] If you use this result please cite the Prokka paper:
[17:14:17] Seemann T (2014) Prokka: rapid prokaryotic genome annotation. Bioinformatics. 30(14):2068-9.
[17:14:17] Type 'prokka --citation' for more details.
[17:14:17] Thank you, come again.
5.58user 0.68system 0:02.11elapsed 296%CPU (0avgtext+0avgdata 71264maxresident)k
2280inputs+14352outputs (2major+214833minor)pagefaults 0swaps

======================================================
End Time   : Sat Jul  1 17:14:17 EDT 2023
Run Time   : 4 seconds
======================================================

