=====================================================
Start Time  : Sat Jun 24 21:45:58 EDT 2023
Submit Dir  : /projects/raw_lab/jobs/metacerberus
Job ID/Name : 3997001 / InterProScan
Node List   : str-c98
Num Tasks   : 1 total [1 nodes @ 16 CPUs/node]
======================================================

Loading interproscan/5.60-92.0
  Loading requirement: anaconda3/2020.11 openjdk/15
======================================================
Running InterProScan On VIRAL/genomes/NC_003497.1.fna
======================================================
24/06/2023 21:45:59:999 Welcome to InterProScan-5.60-92.0
24/06/2023 21:45:59:999 Running InterProScan v5 in STANDALONE mode... on Linux
24/06/2023 21:46:03:990 RunID: str-c98.uncc.edu_20230624_214603809_72n0
24/06/2023 21:46:12:354 Loading file /projects/raw_lab/jobs/metacerberus/VIRAL/genomes/NC_003497.1.fna
24/06/2023 21:46:12:833 Running the following analyses:
[AntiFam-7.0,CDD-3.20,Coils-2.2.1,FunFam-4.3.0,Gene3D-4.3.0,Hamap-2021_04,MobiDBLite-2.0,PANTHER-17.0,Pfam-35.0,PIRSF-3.10,PIRSR-2021_05,PRINTS-42.0,ProSitePatterns-2022_01,ProSiteProfiles-2022_01,SFLD-4,SMART-7.1,SUPERFAMILY-1.75,TIGRFAM-15.0]
Pre-calculated match lookup service DISABLED.  Please wait for match calculations to complete...
2023-06-24 21:47:16,239 [amqEmbeddedWorkerJmsContainer-12] [uk.ac.ebi.interpro.scan.management.model.implementations.WriteOutputStep:344] WARN - At write output completion, unable to delete temporary directory /projects/raw_lab/jobs/metacerberus/temp/str-c98.uncc.edu_20230624_214603809_72n0
24/06/2023 21:47:16:292 100% done:  InterProScan analyses completed 

2023-06-24 21:47:16,795 [main] [uk.ac.ebi.interpro.scan.jms.master.AbstractMaster:259] WARN - Master process unable to delete temporary directory /projects/raw_lab/jobs/metacerberus/temp/str-c98.uncc.edu_20230624_214603809_72n0
2023-06-24 21:47:16,801 [main] [uk.ac.ebi.interpro.scan.jms.main.Run:1778] WARN - At Run completion, unable to delete temporary directory /projects/raw_lab/jobs/metacerberus/temp/str-c98.uncc.edu_20230624_214603809_72n0
178.94user 20.98system 1:17.47elapsed 258%CPU (0avgtext+0avgdata 3325908maxresident)k
433416inputs+428456outputs (12major+1427989minor)pagefaults 0swaps

======================================================
End Time   : Sat Jun 24 21:47:16 EDT 2023
Run Time   : 78 seconds
======================================================

