=====================================================
Start Time  : Wed Jun 28 12:03:33 EDT 2023
Submit Dir  : /projects/raw_lab/jobs/metacerberus
Job ID/Name : 4041525 / PROKKA
Node List   : str-c95
Num Tasks   : 1 total [1 nodes @ 16 CPUs/node]
======================================================

Loading prokka/1.14.6
  Loading requirement: anaconda3/2022.10
======================================================
Running PROKKA On GTDB-100/genomes/archaea/GCA_016192945.1.fna
======================================================
Archaea
[12:03:35] This is prokka 1.14.6
[12:03:35] Written by Torsten Seemann <torsten.seemann@gmail.com>
[12:03:35] Homepage is https://github.com/tseemann/prokka
[12:03:35] Local time is Wed Jun 28 12:03:35 2023
[12:03:35] You are jlfiguer
[12:03:35] Operating system is linux
[12:03:35] You have BioPerl 1.7.8
Argument "1.7.8" isn't numeric in numeric lt (<) at /apps/pkg/anaconda3/2022.10/envs/prokka-1.14.6/bin/prokka line 259.
[12:03:35] System has 16 cores.
[12:03:35] Will use maximum of 16 cores.
[12:03:35] Annotating as >>> Archaea <<<
[12:03:35] Generating locus_tag from 'GTDB-100/genomes/archaea/GCA_016192945.1.fna' contents.
[12:03:35] Setting --locustag KJOJPKMB from MD5 4383946bd770792fe4caefc48a0f8481
[12:03:35] Creating new output folder: results/PROKKA/GTDB-100/genomes/archaea/GCA_016192945.1
[12:03:35] Running: mkdir -p results\/PROKKA\/GTDB\-100\/genomes\/archaea\/GCA_016192945\.1
[12:03:35] Using filename prefix: GCA_016192945.1.XXX
[12:03:35] Setting HMMER_NCPU=1
[12:03:35] Writing log to: results/PROKKA/GTDB-100/genomes/archaea/GCA_016192945.1/GCA_016192945.1.log
[12:03:35] Command: /apps/pkg/anaconda3/2022.10/envs/prokka-1.14.6/bin/prokka --prefix GCA_016192945.1 --outdir results/PROKKA/GTDB-100/genomes/archaea/GCA_016192945.1 --kingdom Archaea --cpus 16 GTDB-100/genomes/archaea/GCA_016192945.1.fna
[12:03:35] Appending to PATH: /apps/pkg/anaconda3/2022.10/envs/prokka-1.14.6/bin
[12:03:35] Looking for 'aragorn' - found /apps/pkg/anaconda3/2022.10/envs/prokka-1.14.6/bin/aragorn
[12:03:35] Determined aragorn version is 001002 from 'ARAGORN v1.2.41 Dean Laslett'
[12:03:35] Looking for 'barrnap' - found /apps/pkg/anaconda3/2022.10/envs/prokka-1.14.6/bin/barrnap
[12:03:35] Determined barrnap version is 000009 from 'barrnap 0.9'
[12:03:35] Looking for 'blastp' - found /apps/pkg/anaconda3/2022.10/envs/prokka-1.14.6/bin/blastp
[12:03:35] Determined blastp version is 002013 from 'blastp: 2.13.0+'
[12:03:35] Looking for 'cmpress' - found /apps/pkg/anaconda3/2022.10/envs/prokka-1.14.6/bin/cmpress
[12:03:35] Determined cmpress version is 001001 from '# INFERNAL 1.1.4 (Dec 2020)'
[12:03:35] Looking for 'cmscan' - found /apps/pkg/anaconda3/2022.10/envs/prokka-1.14.6/bin/cmscan
[12:03:35] Determined cmscan version is 001001 from '# INFERNAL 1.1.4 (Dec 2020)'
[12:03:35] Looking for 'egrep' - found /usr/bin/egrep
[12:03:35] Looking for 'find' - found /usr/bin/find
[12:03:35] Looking for 'grep' - found /usr/bin/grep
[12:03:35] Looking for 'hmmpress' - found /apps/pkg/anaconda3/2022.10/envs/prokka-1.14.6/bin/hmmpress
[12:03:35] Determined hmmpress version is 003003 from '# HMMER 3.3.2 (Nov 2020); http://hmmer.org/'
[12:03:35] Looking for 'hmmscan' - found /apps/pkg/anaconda3/2022.10/envs/prokka-1.14.6/bin/hmmscan
[12:03:35] Determined hmmscan version is 003003 from '# HMMER 3.3.2 (Nov 2020); http://hmmer.org/'
[12:03:35] Looking for 'java' - found /apps/pkg/anaconda3/2022.10/envs/prokka-1.14.6/bin/java
[12:03:35] Looking for 'makeblastdb' - found /apps/pkg/anaconda3/2022.10/envs/prokka-1.14.6/bin/makeblastdb
[12:03:35] Determined makeblastdb version is 002013 from 'makeblastdb: 2.13.0+'
[12:03:35] Looking for 'minced' - found /apps/pkg/anaconda3/2022.10/envs/prokka-1.14.6/bin/minced
[12:03:35] Determined minced version is 004002 from 'minced 0.4.2'
[12:03:35] Looking for 'parallel' - found /apps/pkg/anaconda3/2022.10/envs/prokka-1.14.6/bin/parallel
[12:03:36] Determined parallel version is 20230122 from 'GNU parallel 20230122'
[12:03:36] Looking for 'prodigal' - found /apps/pkg/anaconda3/2022.10/envs/prokka-1.14.6/bin/prodigal
[12:03:36] Determined prodigal version is 002006 from 'Prodigal V2.6.3: February, 2016'
[12:03:36] Looking for 'prokka-genbank_to_fasta_db' - found /apps/pkg/anaconda3/2022.10/envs/prokka-1.14.6/bin/prokka-genbank_to_fasta_db
[12:03:36] Looking for 'sed' - found /usr/bin/sed
[12:03:36] Looking for 'tbl2asn' - found /apps/pkg/anaconda3/2022.10/envs/prokka-1.14.6/bin/tbl2asn
[12:03:36] Determined tbl2asn version is 025007 from 'tbl2asn 25.7   arguments:'
[12:03:36] Using genetic code table 11.
[12:03:36] Loading and checking input file: GTDB-100/genomes/archaea/GCA_016192945.1.fna
[12:03:36] Wrote 41 contigs totalling 1074152 bp.
[12:03:36] Predicting tRNAs and tmRNAs
[12:03:36] Running: aragorn -l -gc11  -w results\/PROKKA\/GTDB\-100\/genomes\/archaea\/GCA_016192945\.1\/GCA_016192945\.1\.fna
[12:03:36] 1 tRNA-Pro c[10604,10679] 37 (tgg)
[12:03:36] 2 tRNA-Pro c[60803,60879] 38 (ggg)
[12:03:36] tRNA [73740,73828] is a pseudo/wacky gene - skipping.
[12:03:36] 1 tRNA-Arg [13668,13743] 36 (tct)
[12:03:36] 1 tRNA-Gly [1164,1237] 35 (tcc)
[12:03:36] 1 tRNA-Gln [13466,13538] 35 (ctg)
[12:03:36] 1 tRNA-Arg [51758,51834] 36 (gcg)
[12:03:36] 1 tRNA-Asp [1101,1188] 37 (gtc)
[12:03:36] 1 tRNA-Glu [3210,3286] 38 (ctc)
[12:03:36] Found 8 tRNAs
[12:03:36] Predicting Ribosomal RNAs
[12:03:36] Running Barrnap with 16 threads
[12:03:36] 1 JACPTE010000022.1 20901 5S ribosomal RNA (partial)
[12:03:36] Found 1 rRNAs
[12:03:36] Skipping ncRNA search, enable with --rfam if desired.
[12:03:36] Total of 9 tRNA + rRNA features
[12:03:36] Searching for CRISPR repeats
[12:03:36] Found 0 CRISPRs
[12:03:36] Predicting coding sequences
[12:03:36] Contigs total 1074152 bp, so using single mode
[12:03:36] Running: prodigal -i results\/PROKKA\/GTDB\-100\/genomes\/archaea\/GCA_016192945\.1\/GCA_016192945\.1\.fna -c -m -g 11 -p single -f sco -q
[12:03:38] Found 1157 CDS
[12:03:38] Connecting features back to sequences
[12:03:38] Not using genus-specific database. Try --usegenus to enable it.
[12:03:38] Annotating CDS, please be patient.
[12:03:38] Will use 16 CPUs for similarity searching.
[12:03:38] There are still 1157 unannotated CDS left (started with 1157)
[12:03:38] Will use blast to search against /apps/pkg/anaconda3/2022.10/envs/prokka-1.14.6/db/kingdom/Archaea/sprot with 16 CPUs
[12:03:38] Running: cat results\/PROKKA\/GTDB\-100\/genomes\/archaea\/GCA_016192945\.1\/GCA_016192945\.1\.sprot\.tmp\.670729\.faa | parallel --gnu --plain -j 16 --block 10309 --recstart '>' --pipe blastp -query - -db /apps/pkg/anaconda3/2022.10/envs/prokka-1.14.6/db/kingdom/Archaea/sprot -evalue 1e-09 -qcov_hsp_perc 80 -num_threads 1 -num_descriptions 1 -num_alignments 1 -seg no > results\/PROKKA\/GTDB\-100\/genomes\/archaea\/GCA_016192945\.1\/GCA_016192945\.1\.sprot\.tmp\.670729\.blast 2> /dev/null
[12:03:39] Modify product: Uncharacterized HTH-type transcriptional regulator PH0140 => putative HTH-type transcriptional regulator
[12:03:39] Modify product: UPF0273 protein PH0284 => hypothetical protein
[12:03:39] Modify product: Bifunctional protein FolD => Bifunctional protein FolD protein
[12:03:39] Modify product: UPF0200/UPF0201 protein AF_1395 => hypothetical protein
[12:03:39] Modify product: Probable phosphoenolpyruvate synthase => putative phosphoenolpyruvate synthase
[12:03:39] Modify product: Probable transaldolase => putative transaldolase
[12:03:39] Modify product: Probable ATP-dependent RNA helicase MJ0669 => putative ATP-dependent RNA helicase
[12:03:39] Modify product: Probable branched-chain amino acid transport ATP-binding protein LivG => putative branched-chain amino acid transport ATP-binding protein LivG
[12:03:39] Modify product: DNA-binding protein MTH_1615 => DNA-binding protein
[12:03:39] Modify product: Probable deoxyhypusine synthase => putative deoxyhypusine synthase
[12:03:39] Modify product: Zinc metalloprotease TldD homolog => Zinc metalloprotease TldD 
[12:03:39] Modify product: Uncharacterized protein MJ0783 => putative protein
[12:03:39] Modify product: Ribosome maturation protein SDO1 homolog => Ribosome maturation protein SDO1 
[12:03:39] Modify product: Probable translation initiation factor IF-2 => putative translation initiation factor IF-2
[12:03:39] Modify product: Stomatin homolog PH1511 => Stomatin
[12:03:39] Modify product: Uncharacterized KH and PIN-domain containing protein MJ1533 => putative KH and PIN-domain containing protein
[12:03:39] Modify product: Protein pelota homolog => Protein pelota 
[12:03:40] Modify product: Probable tRNA pseudouridine synthase D => putative tRNA pseudouridine synthase D
[12:03:40] Modify product: UPF0215 protein AF_1433 => hypothetical protein
[12:03:40] Modify product: Uncharacterized ABC transporter ATP-binding protein MJ0796 => putative ABC transporter ATP-binding protein
[12:03:40] Modify product: Protein translation factor SUI1 homolog => Protein translation factor SUI1 
[12:03:40] Modify product: Probable copper-exporting P-type ATPase => putative copper-exporting P-type ATPase
[12:03:40] Modify product: Probable copper-exporting P-type ATPase => putative copper-exporting P-type ATPase
[12:03:40] Modify product: ATP-dependent DNA helicase Ta0057 => ATP-dependent DNA helicase
[12:03:40] Cleaned 24 /product names
[12:03:40] Deleting unwanted file: results/PROKKA/GTDB-100/genomes/archaea/GCA_016192945.1/GCA_016192945.1.sprot.tmp.670729.faa
[12:03:40] Deleting unwanted file: results/PROKKA/GTDB-100/genomes/archaea/GCA_016192945.1/GCA_016192945.1.sprot.tmp.670729.blast
[12:03:40] There are still 880 unannotated CDS left (started with 1157)
[12:03:40] Will use hmmer3 to search against /apps/pkg/anaconda3/2022.10/envs/prokka-1.14.6/db/hmm/HAMAP.hmm with 16 CPUs
[12:03:40] Running: cat results\/PROKKA\/GTDB\-100\/genomes\/archaea\/GCA_016192945\.1\/GCA_016192945\.1\.HAMAP\.hmm\.tmp\.670729\.faa | parallel --gnu --plain -j 16 --block 7579 --recstart '>' --pipe hmmscan --noali --notextw --acc -E 1e-09 --cpu 1 /apps/pkg/anaconda3/2022.10/envs/prokka-1.14.6/db/hmm/HAMAP.hmm /dev/stdin > results\/PROKKA\/GTDB\-100\/genomes\/archaea\/GCA_016192945\.1\/GCA_016192945\.1\.HAMAP\.hmm\.tmp\.670729\.hmmer3 2> /dev/null
[12:03:45] Deleting unwanted file: results/PROKKA/GTDB-100/genomes/archaea/GCA_016192945.1/GCA_016192945.1.HAMAP.hmm.tmp.670729.faa
[12:03:45] Deleting unwanted file: results/PROKKA/GTDB-100/genomes/archaea/GCA_016192945.1/GCA_016192945.1.HAMAP.hmm.tmp.670729.hmmer3
[12:03:45] Labelling remaining 737 proteins as 'hypothetical protein'
[12:03:45] Possible /pseudo 'Glutamate--tRNA ligase' at JACPTE010000010.1 position 5660
[12:03:45] Possible /pseudo 'Bifunctional purine biosynthesis protein PurH' at JACPTE010000024.1 position 42696
[12:03:45] Possible /pseudo 'Isopentenyl-diphosphate Delta-isomerase' at JACPTE010000024.1 position 55830
[12:03:45] Possible /pseudo 'tRNA-splicing ligase RtcB' at JACPTE010000029.1 position 35197
[12:03:45] Possible /pseudo 'GDP-mannose 4,6-dehydratase' at JACPTE010000022.1 position 13880
[12:03:45] Possible /pseudo 'DNA ligase' at JACPTE010000022.1 position 39524
[12:03:45] Possible /pseudo '1-deoxy-D-xylulose-5-phosphate synthase' at JACPTE010000034.1 position 41431
[12:03:45] Found 290 unique /gene codes.
[12:03:45] Fixed 2 duplicate /gene - der_1 der_2
[12:03:45] Fixed 2 duplicate /gene - metK_1 metK_2
[12:03:45] Fixed 2 duplicate /gene - rhaD_1 rhaD_2
[12:03:45] Fixed 2 duplicate /gene - btuD_1 btuD_2
[12:03:45] Fixed 2 duplicate /gene - mvk_1 mvk_2
[12:03:45] Fixed 4 duplicate /gene - cugP_1 cugP_2 cugP_3 cugP_4
[12:03:45] Fixed 3 duplicate /gene - arnB_1 arnB_2 arnB_3
[12:03:45] Fixed 2 duplicate /gene - smc_1 smc_2
[12:03:45] Fixed 2 duplicate /gene - corA_1 corA_2
[12:03:45] Fixed 2 duplicate /gene - uppS_1 uppS_2
[12:03:45] Fixed 2 duplicate /gene - obg_1 obg_2
[12:03:45] Fixed 2 duplicate /gene - aglK_1 aglK_2
[12:03:45] Fixed 2 duplicate /gene - lig_1 lig_2
[12:03:45] Fixed 4 duplicate /gene - COQ3_1 COQ3_2 COQ3_3 COQ3_4
[12:03:45] Fixed 2 duplicate /gene - carA_1 carA_2
[12:03:45] Fixed 2 duplicate /gene - htpX_1 htpX_2
[12:03:45] Fixed 2 duplicate /gene - lon_1 lon_2
[12:03:45] Fixed 4 duplicate /gene - fcl_1 fcl_2 fcl_3 fcl_4
[12:03:45] Fixed 2 duplicate /gene - gltX_1 gltX_2
[12:03:45] Fixed 2 duplicate /gene - fumC_1 fumC_2
[12:03:45] Fixed 2 duplicate /gene - rtcB_1 rtcB_2
[12:03:45] Fixed 2 duplicate /gene - kefB_1 kefB_2
[12:03:45] Fixed 2 duplicate /gene - proS_1 proS_2
[12:03:45] Fixed 2 duplicate /gene - purP_1 purP_2
[12:03:45] Fixed 2 duplicate /gene - COQ5_1 COQ5_2
[12:03:45] Fixed 4 duplicate /gene - arnC_1 arnC_2 arnC_3 arnC_4
[12:03:45] Fixed 2 duplicate /gene - purH_1 purH_2
[12:03:45] Fixed 2 duplicate /gene - copA_1 copA_2
[12:03:45] Fixed 2 duplicate /gene - mjaVM_1 mjaVM_2
[12:03:45] Fixed 3 duplicate /gene - idi_1 idi_2 idi_3
[12:03:45] Fixed 2 duplicate /gene - ileS_1 ileS_2
[12:03:45] Fixed 2 duplicate /gene - trmBL2_1 trmBL2_2
[12:03:45] Fixed 2 duplicate /gene - gmd_1 gmd_2
[12:03:45] Fixed 8 duplicate /gene - mshA_1 mshA_2 mshA_3 mshA_4 mshA_5 mshA_6 mshA_7 mshA_8
[12:03:45] Fixed 2 duplicate /gene - dxs_1 dxs_2
[12:03:45] Fixed 2 duplicate /gene - kdpB_1 kdpB_2
[12:03:45] Fixed 2 duplicate /gene - glmU_1 glmU_2
[12:03:45] Fixed 37 colliding /gene names.
[12:03:45] Adding /locus_tag identifiers
[12:03:45] Assigned 1166 locus_tags to CDS and RNA features.
[12:03:45] Writing outputs to results/PROKKA/GTDB-100/genomes/archaea/GCA_016192945.1/
[12:03:45] Generating annotation statistics file
[12:03:45] Generating Genbank and Sequin files
[12:03:45] Running: tbl2asn -V b -a r10k -l paired-ends -M n -N 1 -y 'Annotated using prokka 1.14.6 from https://github.com/tseemann/prokka' -Z results\/PROKKA\/GTDB\-100\/genomes\/archaea\/GCA_016192945\.1\/GCA_016192945\.1\.err -i results\/PROKKA\/GTDB\-100\/genomes\/archaea\/GCA_016192945\.1\/GCA_016192945\.1\.fsa 2> /dev/null
[tbl2asn-forever] Found Prokka input, correcting dates in .gbf|.sqn files.
[tbl2asn-forever] Correcting dates in results/PROKKA/GTDB-100/genomes/archaea/GCA_016192945.1/GCA_016192945.1.gbf
[tbl2asn-forever] Correcting dates in results/PROKKA/GTDB-100/genomes/archaea/GCA_016192945.1/GCA_016192945.1.sqn
[tbl2asn-forever] Dates changed from 01-JAN-2019 to 28-JUN-2023
[12:03:48] Deleting unwanted file: results/PROKKA/GTDB-100/genomes/archaea/GCA_016192945.1/errorsummary.val
[12:03:48] Deleting unwanted file: results/PROKKA/GTDB-100/genomes/archaea/GCA_016192945.1/GCA_016192945.1.dr
[12:03:48] Deleting unwanted file: results/PROKKA/GTDB-100/genomes/archaea/GCA_016192945.1/GCA_016192945.1.fixedproducts
[12:03:48] Deleting unwanted file: results/PROKKA/GTDB-100/genomes/archaea/GCA_016192945.1/GCA_016192945.1.ecn
[12:03:48] Deleting unwanted file: results/PROKKA/GTDB-100/genomes/archaea/GCA_016192945.1/GCA_016192945.1.val
[12:03:48] Repairing broken .GBK output that tbl2asn produces...
[12:03:48] Running: sed 's/COORDINATES: profile/COORDINATES:profile/' < results\/PROKKA\/GTDB\-100\/genomes\/archaea\/GCA_016192945\.1\/GCA_016192945\.1\.gbf > results\/PROKKA\/GTDB\-100\/genomes\/archaea\/GCA_016192945\.1\/GCA_016192945\.1\.gbk
[12:03:48] Deleting unwanted file: results/PROKKA/GTDB-100/genomes/archaea/GCA_016192945.1/GCA_016192945.1.gbf
[12:03:48] Output files:
[12:03:48] results/PROKKA/GTDB-100/genomes/archaea/GCA_016192945.1/GCA_016192945.1.log
[12:03:48] results/PROKKA/GTDB-100/genomes/archaea/GCA_016192945.1/GCA_016192945.1.fna
[12:03:48] results/PROKKA/GTDB-100/genomes/archaea/GCA_016192945.1/GCA_016192945.1.gff
[12:03:48] results/PROKKA/GTDB-100/genomes/archaea/GCA_016192945.1/GCA_016192945.1.faa
[12:03:48] results/PROKKA/GTDB-100/genomes/archaea/GCA_016192945.1/GCA_016192945.1.ffn
[12:03:48] results/PROKKA/GTDB-100/genomes/archaea/GCA_016192945.1/GCA_016192945.1.tbl
[12:03:48] results/PROKKA/GTDB-100/genomes/archaea/GCA_016192945.1/GCA_016192945.1.fsa
[12:03:48] results/PROKKA/GTDB-100/genomes/archaea/GCA_016192945.1/GCA_016192945.1.tsv
[12:03:48] results/PROKKA/GTDB-100/genomes/archaea/GCA_016192945.1/GCA_016192945.1.txt
[12:03:48] results/PROKKA/GTDB-100/genomes/archaea/GCA_016192945.1/GCA_016192945.1.err
[12:03:48] results/PROKKA/GTDB-100/genomes/archaea/GCA_016192945.1/GCA_016192945.1.sqn
[12:03:48] results/PROKKA/GTDB-100/genomes/archaea/GCA_016192945.1/GCA_016192945.1.gbk
[12:03:48] Annotation finished successfully.
[12:03:48] Walltime used: 0.22 minutes
[12:03:48] If you use this result please cite the Prokka paper:
[12:03:48] Seemann T (2014) Prokka: rapid prokaryotic genome annotation. Bioinformatics. 30(14):2068-9.
[12:03:48] Type 'prokka --citation' for more details.
[12:03:48] Share and enjoy!
55.70user 25.24system 0:12.42elapsed 651%CPU (0avgtext+0avgdata 151856maxresident)k
22432inputs+109408outputs (0major+4623837minor)pagefaults 0swaps

======================================================
End Time   : Wed Jun 28 12:03:48 EDT 2023
Run Time   : 15 seconds
======================================================

