=====================================================
Start Time  : Sat Jun 24 17:58:48 EDT 2023
Submit Dir  : /projects/raw_lab/jobs/metacerberus
Job ID/Name : 3995158 / InterProScan
Node List   : str-c95
Num Tasks   : 1 total [1 nodes @ 16 CPUs/node]
======================================================

Loading interproscan/5.60-92.0
  Loading requirement: anaconda3/2020.11 openjdk/15
======================================================
Running InterProScan On GTDB-100/genomes/archaea/GCA_016215465.1.fna
======================================================
24/06/2023 17:58:49:608 Welcome to InterProScan-5.60-92.0
24/06/2023 17:58:49:608 Running InterProScan v5 in STANDALONE mode... on Linux
24/06/2023 17:58:53:599 RunID: str-c95.uncc.edu_20230624_175853431_b51x
24/06/2023 17:59:01:938 Loading file /projects/raw_lab/jobs/metacerberus/GTDB-100/genomes/archaea/GCA_016215465.1.fna
24/06/2023 17:59:02:871 Running the following analyses:
[AntiFam-7.0,CDD-3.20,Coils-2.2.1,FunFam-4.3.0,Gene3D-4.3.0,Hamap-2021_04,MobiDBLite-2.0,PANTHER-17.0,Pfam-35.0,PIRSF-3.10,PIRSR-2021_05,PRINTS-42.0,ProSitePatterns-2022_01,ProSiteProfiles-2022_01,SFLD-4,SMART-7.1,SUPERFAMILY-1.75,TIGRFAM-15.0]
Pre-calculated match lookup service DISABLED.  Please wait for match calculations to complete...
2023-06-24 18:01:57,340 [amqEmbeddedWorkerJmsContainer-16] [uk.ac.ebi.interpro.scan.io.pirsf.hmmer3.PirsfHmmer3RawMatchParser:129] WARN - Couldn't parse the given raw match line, because it is of an unexpected format.
2023-06-24 18:01:57,344 [amqEmbeddedWorkerJmsContainer-16] [uk.ac.ebi.interpro.scan.io.pirsf.hmmer3.PirsfHmmer3RawMatchParser:130] WARN - Unexpected Raw match line: Query sequence: 101 matches PIRSF004919: Peptidase, TldD type
2023-06-24 18:01:57,344 [amqEmbeddedWorkerJmsContainer-16] [uk.ac.ebi.interpro.scan.io.pirsf.hmmer3.PirsfHmmer3RawMatchParser:129] WARN - Couldn't parse the given raw match line, because it is of an unexpected format.
2023-06-24 18:01:57,344 [amqEmbeddedWorkerJmsContainer-16] [uk.ac.ebi.interpro.scan.io.pirsf.hmmer3.PirsfHmmer3RawMatchParser:130] WARN - Unexpected Raw match line: #    score  bias  c-Evalue  i-Evalue hmmfrom  hmm to    alifrom  ali to    envfrom  env to     acc
2023-06-24 18:01:57,344 [amqEmbeddedWorkerJmsContainer-16] [uk.ac.ebi.interpro.scan.io.pirsf.hmmer3.PirsfHmmer3RawMatchParser:129] WARN - Couldn't parse the given raw match line, because it is of an unexpected format.
2023-06-24 18:01:57,344 [amqEmbeddedWorkerJmsContainer-16] [uk.ac.ebi.interpro.scan.io.pirsf.hmmer3.PirsfHmmer3RawMatchParser:130] WARN - Unexpected Raw match line: 1 !  451.1   0.3  2.3e-139  9.8e-137       6     460 ..      20     480 ..      15     484 .] 0.95
2023-06-24 18:01:57,344 [amqEmbeddedWorkerJmsContainer-16] [uk.ac.ebi.interpro.scan.io.pirsf.hmmer3.PirsfHmmer3RawMatchParser:129] WARN - Couldn't parse the given raw match line, because it is of an unexpected format.
2023-06-24 18:01:57,344 [amqEmbeddedWorkerJmsContainer-16] [uk.ac.ebi.interpro.scan.io.pirsf.hmmer3.PirsfHmmer3RawMatchParser:130] WARN - Unexpected Raw match line: Query sequence: 147 matches PIRSF006294: Phosphoenolpyruvate carboxykinase [ATP]
2023-06-24 18:01:57,344 [amqEmbeddedWorkerJmsContainer-16] [uk.ac.ebi.interpro.scan.io.pirsf.hmmer3.PirsfHmmer3RawMatchParser:129] WARN - Couldn't parse the given raw match line, because it is of an unexpected format.
2023-06-24 18:01:57,344 [amqEmbeddedWorkerJmsContainer-16] [uk.ac.ebi.interpro.scan.io.pirsf.hmmer3.PirsfHmmer3RawMatchParser:130] WARN - Unexpected Raw match line: #    score  bias  c-Evalue  i-Evalue hmmfrom  hmm to    alifrom  ali to    envfrom  env to     acc
2023-06-24 18:01:57,344 [amqEmbeddedWorkerJmsContainer-16] [uk.ac.ebi.interpro.scan.io.pirsf.hmmer3.PirsfHmmer3RawMatchParser:129] WARN - Couldn't parse the given raw match line, because it is of an unexpected format.
2023-06-24 18:01:57,345 [amqEmbeddedWorkerJmsContainer-16] [uk.ac.ebi.interpro.scan.io.pirsf.hmmer3.PirsfHmmer3RawMatchParser:130] WARN - Unexpected Raw match line: 1 !  773.1   0.0  7.6e-237  3.2e-234       6     530 ..      13     533 ..       8     535 .] 0.98
2023-06-24 18:01:57,345 [amqEmbeddedWorkerJmsContainer-16] [uk.ac.ebi.interpro.scan.io.pirsf.hmmer3.PirsfHmmer3RawMatchParser:129] WARN - Couldn't parse the given raw match line, because it is of an unexpected format.
2023-06-24 18:01:57,345 [amqEmbeddedWorkerJmsContainer-16] [uk.ac.ebi.interpro.scan.io.pirsf.hmmer3.PirsfHmmer3RawMatchParser:130] WARN - Unexpected Raw match line: Query sequence: 167 matches PIRSF000445: Glutamyl-tRNA reductase
2023-06-24 18:01:57,345 [amqEmbeddedWorkerJmsContainer-16] [uk.ac.ebi.interpro.scan.io.pirsf.hmmer3.PirsfHmmer3RawMatchParser:129] WARN - Couldn't parse the given raw match line, because it is of an unexpected format.
2023-06-24 18:01:57,345 [amqEmbeddedWorkerJmsContainer-16] [uk.ac.ebi.interpro.scan.io.pirsf.hmmer3.PirsfHmmer3RawMatchParser:130] WARN - Unexpected Raw match line: #    score  bias  c-Evalue  i-Evalue hmmfrom  hmm to    alifrom  ali to    envfrom  env to     acc
2023-06-24 18:01:57,345 [amqEmbeddedWorkerJmsContainer-16] [uk.ac.ebi.interpro.scan.io.pirsf.hmmer3.PirsfHmmer3RawMatchParser:129] WARN - Couldn't parse the given raw match line, because it is of an unexpected format.
2023-06-24 18:01:57,345 [amqEmbeddedWorkerJmsContainer-16] [uk.ac.ebi.interpro.scan.io.pirsf.hmmer3.PirsfHmmer3RawMatchParser:130] WARN - Unexpected Raw match line: 1 !  262.9   1.6   1.2e-81   9.9e-80       2     402 ..       7     419 ..       6     422 .] 0.95
2023-06-24 18:01:57,345 [amqEmbeddedWorkerJmsContainer-16] [uk.ac.ebi.interpro.scan.io.pirsf.hmmer3.PirsfHmmer3RawMatchParser:129] WARN - Couldn't parse the given raw match line, because it is of an unexpected format.
2023-06-24 18:01:57,345 [amqEmbeddedWorkerJmsContainer-16] [uk.ac.ebi.interpro.scan.io.pirsf.hmmer3.PirsfHmmer3RawMatchParser:130] WARN - Unexpected Raw match line: Query sequence: 191 matches PIRSF005669: Predicted histone acetyltransferase with radical SAM domain, Elp3 type
2023-06-24 18:01:57,345 [amqEmbeddedWorkerJmsContainer-16] [uk.ac.ebi.interpro.scan.io.pirsf.hmmer3.PirsfHmmer3RawMatchParser:129] WARN - Couldn't parse the given raw match line, because it is of an unexpected format.
2023-06-24 18:01:57,345 [amqEmbeddedWorkerJmsContainer-16] [uk.ac.ebi.interpro.scan.io.pirsf.hmmer3.PirsfHmmer3RawMatchParser:130] WARN - Unexpected Raw match line: #    score  bias  c-Evalue  i-Evalue hmmfrom  hmm to    alifrom  ali to    envfrom  env to     acc
2023-06-24 18:01:57,345 [amqEmbeddedWorkerJmsContainer-16] [uk.ac.ebi.interpro.scan.io.pirsf.hmmer3.PirsfHmmer3RawMatchParser:129] WARN - Couldn't parse the given raw match line, because it is of an unexpected format.
2023-06-24 18:01:57,345 [amqEmbeddedWorkerJmsContainer-16] [uk.ac.ebi.interpro.scan.io.pirsf.hmmer3.PirsfHmmer3RawMatchParser:130] WARN - Unexpected Raw match line: 1 !  737.1   1.1  1.2e-225  2.4e-223      10     541 ..       6     530 ..       1     531 [] 0.98
2023-06-24 18:01:57,345 [amqEmbeddedWorkerJmsContainer-16] [uk.ac.ebi.interpro.scan.io.pirsf.hmmer3.PirsfHmmer3RawMatchParser:129] WARN - Couldn't parse the given raw match line, because it is of an unexpected format.
2023-06-24 18:01:57,345 [amqEmbeddedWorkerJmsContainer-16] [uk.ac.ebi.interpro.scan.io.pirsf.hmmer3.PirsfHmmer3RawMatchParser:130] WARN - Unexpected Raw match line: Query sequence: 192 matches PIRSF005357: Uncharacterised conserved protein, UCP005357 type
2023-06-24 18:01:57,346 [amqEmbeddedWorkerJmsContainer-16] [uk.ac.ebi.interpro.scan.io.pirsf.hmmer3.PirsfHmmer3RawMatchParser:129] WARN - Couldn't parse the given raw match line, because it is of an unexpected format.
2023-06-24 18:01:57,346 [amqEmbeddedWorkerJmsContainer-16] [uk.ac.ebi.interpro.scan.io.pirsf.hmmer3.PirsfHmmer3RawMatchParser:130] WARN - Unexpected Raw match line: #    score  bias  c-Evalue  i-Evalue hmmfrom  hmm to    alifrom  ali to    envfrom  env to     acc
2023-06-24 18:01:57,346 [amqEmbeddedWorkerJmsContainer-16] [uk.ac.ebi.interpro.scan.io.pirsf.hmmer3.PirsfHmmer3RawMatchParser:129] WARN - Couldn't parse the given raw match line, because it is of an unexpected format.
2023-06-24 18:01:57,346 [amqEmbeddedWorkerJmsContainer-16] [uk.ac.ebi.interpro.scan.io.pirsf.hmmer3.PirsfHmmer3RawMatchParser:130] WARN - Unexpected Raw match line: 1 !  225.9   4.6   9.4e-71   1.3e-68       1     338 [.       3     337 ..       3     342 .. 0.90
2023-06-24 18:01:57,346 [amqEmbeddedWorkerJmsContainer-16] [uk.ac.ebi.interpro.scan.io.pirsf.hmmer3.PirsfHmmer3RawMatchParser:129] WARN - Couldn't parse the given raw match line, because it is of an unexpected format.
2023-06-24 18:01:57,346 [amqEmbeddedWorkerJmsContainer-16] [uk.ac.ebi.interpro.scan.io.pirsf.hmmer3.PirsfHmmer3RawMatchParser:130] WARN - Unexpected Raw match line: Query sequence: 213 matches PIRSF005719: Structural maintenance of chromosomes protein
2023-06-24 18:01:57,346 [amqEmbeddedWorkerJmsContainer-16] [uk.ac.ebi.interpro.scan.io.pirsf.hmmer3.PirsfHmmer3RawMatchParser:129] WARN - Couldn't parse the given raw match line, because it is of an unexpected format.
2023-06-24 18:01:57,346 [amqEmbeddedWorkerJmsContainer-16] [uk.ac.ebi.interpro.scan.io.pirsf.hmmer3.PirsfHmmer3RawMatchParser:130] WARN - Unexpected Raw match line: #    score  bias  c-Evalue  i-Evalue hmmfrom  hmm to    alifrom  ali to    envfrom  env to     acc
2023-06-24 18:01:57,346 [amqEmbeddedWorkerJmsContainer-16] [uk.ac.ebi.interpro.scan.io.pirsf.hmmer3.PirsfHmmer3RawMatchParser:129] WARN - Couldn't parse the given raw match line, because it is of an unexpected format.
2023-06-24 18:01:57,346 [amqEmbeddedWorkerJmsContainer-16] [uk.ac.ebi.interpro.scan.io.pirsf.hmmer3.PirsfHmmer3RawMatchParser:130] WARN - Unexpected Raw match line: 1 !  566.3  75.2  6.5e-173  2.7e-171       3    1189 ..       4    1169 ..       3    1173 .. 0.92
2023-06-24 18:01:57,346 [amqEmbeddedWorkerJmsContainer-16] [uk.ac.ebi.interpro.scan.io.pirsf.hmmer3.PirsfHmmer3RawMatchParser:129] WARN - Couldn't parse the given raw match line, because it is of an unexpected format.
2023-06-24 18:01:57,346 [amqEmbeddedWorkerJmsContainer-16] [uk.ac.ebi.interpro.scan.io.pirsf.hmmer3.PirsfHmmer3RawMatchParser:130] WARN - Unexpected Raw match line: Query sequence: 223 matches PIRSF005357: Uncharacterised conserved protein, UCP005357 type
2023-06-24 18:01:57,346 [amqEmbeddedWorkerJmsContainer-16] [uk.ac.ebi.interpro.scan.io.pirsf.hmmer3.PirsfHmmer3RawMatchParser:129] WARN - Couldn't parse the given raw match line, because it is of an unexpected format.
2023-06-24 18:01:57,346 [amqEmbeddedWorkerJmsContainer-16] [uk.ac.ebi.interpro.scan.io.pirsf.hmmer3.PirsfHmmer3RawMatchParser:130] WARN - Unexpected Raw match line: #    score  bias  c-Evalue  i-Evalue hmmfrom  hmm to    alifrom  ali to    envfrom  env to     acc
2023-06-24 18:01:57,346 [amqEmbeddedWorkerJmsContainer-16] [uk.ac.ebi.interpro.scan.io.pirsf.hmmer3.PirsfHmmer3RawMatchParser:129] WARN - Couldn't parse the given raw match line, because it is of an unexpected format.
2023-06-24 18:01:57,347 [amqEmbeddedWorkerJmsContainer-16] [uk.ac.ebi.interpro.scan.io.pirsf.hmmer3.PirsfHmmer3RawMatchParser:130] WARN - Unexpected Raw match line: 1 !  220.6   4.7   3.8e-69   5.4e-67       1     321 [.      16     332 ..      16     342 .] 0.92
2023-06-24 18:01:57,347 [amqEmbeddedWorkerJmsContainer-16] [uk.ac.ebi.interpro.scan.io.pirsf.hmmer3.PirsfHmmer3RawMatchParser:129] WARN - Couldn't parse the given raw match line, because it is of an unexpected format.
2023-06-24 18:01:57,347 [amqEmbeddedWorkerJmsContainer-16] [uk.ac.ebi.interpro.scan.io.pirsf.hmmer3.PirsfHmmer3RawMatchParser:130] WARN - Unexpected Raw match line: Query sequence: 225 matches PIRSF037307: Predicted Lhr-like ATP-dependent RNA helicase
2023-06-24 18:01:57,347 [amqEmbeddedWorkerJmsContainer-16] [uk.ac.ebi.interpro.scan.io.pirsf.hmmer3.PirsfHmmer3RawMatchParser:129] WARN - Couldn't parse the given raw match line, because it is of an unexpected format.
2023-06-24 18:01:57,347 [amqEmbeddedWorkerJmsContainer-16] [uk.ac.ebi.interpro.scan.io.pirsf.hmmer3.PirsfHmmer3RawMatchParser:130] WARN - Unexpected Raw match line: #    score  bias  c-Evalue  i-Evalue hmmfrom  hmm to    alifrom  ali to    envfrom  env to     acc
2023-06-24 18:01:57,347 [amqEmbeddedWorkerJmsContainer-16] [uk.ac.ebi.interpro.scan.io.pirsf.hmmer3.PirsfHmmer3RawMatchParser:129] WARN - Couldn't parse the given raw match line, because it is of an unexpected format.
2023-06-24 18:01:57,347 [amqEmbeddedWorkerJmsContainer-16] [uk.ac.ebi.interpro.scan.io.pirsf.hmmer3.PirsfHmmer3RawMatchParser:130] WARN - Unexpected Raw match line: 1 !  752.7   5.2    2e-229  1.4e-227      92     939 .]       1     825 []       1     825 [] 0.95
2023-06-24 18:01:57,347 [amqEmbeddedWorkerJmsContainer-16] [uk.ac.ebi.interpro.scan.io.pirsf.hmmer3.PirsfHmmer3RawMatchParser:129] WARN - Couldn't parse the given raw match line, because it is of an unexpected format.
2023-06-24 18:01:57,347 [amqEmbeddedWorkerJmsContainer-16] [uk.ac.ebi.interpro.scan.io.pirsf.hmmer3.PirsfHmmer3RawMatchParser:130] WARN - Unexpected Raw match line: Query sequence: 231 matches PIRSF000171: Succinate dehydrogenase, flavoprotein subunit (SDHA/APRA/LASPO)
2023-06-24 18:01:57,347 [amqEmbeddedWorkerJmsContainer-16] [uk.ac.ebi.interpro.scan.io.pirsf.hmmer3.PirsfHmmer3RawMatchParser:129] WARN - Couldn't parse the given raw match line, because it is of an unexpected format.
2023-06-24 18:01:57,347 [amqEmbeddedWorkerJmsContainer-16] [uk.ac.ebi.interpro.scan.io.pirsf.hmmer3.PirsfHmmer3RawMatchParser:130] WARN - Unexpected Raw match line: #    score  bias  c-Evalue  i-Evalue hmmfrom  hmm to    alifrom  ali to    envfrom  env to     acc
2023-06-24 18:01:57,347 [amqEmbeddedWorkerJmsContainer-16] [uk.ac.ebi.interpro.scan.io.pirsf.hmmer3.PirsfHmmer3RawMatchParser:129] WARN - Couldn't parse the given raw match line, because it is of an unexpected format.
2023-06-24 18:01:57,347 [amqEmbeddedWorkerJmsContainer-16] [uk.ac.ebi.interpro.scan.io.pirsf.hmmer3.PirsfHmmer3RawMatchParser:130] WARN - Unexpected Raw match line: 1 !  168.1   0.0   2.6e-53   5.5e-51       6     577 ..       3     559 ..       1     567 [. 0.83
2023-06-24 18:01:57,347 [amqEmbeddedWorkerJmsContainer-16] [uk.ac.ebi.interpro.scan.io.pirsf.hmmer3.PirsfHmmer3RawMatchParser:129] WARN - Couldn't parse the given raw match line, because it is of an unexpected format.
2023-06-24 18:01:57,347 [amqEmbeddedWorkerJmsContainer-16] [uk.ac.ebi.interpro.scan.io.pirsf.hmmer3.PirsfHmmer3RawMatchParser:130] WARN - Unexpected Raw match line: Query sequence: 248 matches PIRSF000724: Phosphoglycerate kinase
2023-06-24 18:01:57,348 [amqEmbeddedWorkerJmsContainer-16] [uk.ac.ebi.interpro.scan.io.pirsf.hmmer3.PirsfHmmer3RawMatchParser:129] WARN - Couldn't parse the given raw match line, because it is of an unexpected format.
2023-06-24 18:01:57,348 [amqEmbeddedWorkerJmsContainer-16] [uk.ac.ebi.interpro.scan.io.pirsf.hmmer3.PirsfHmmer3RawMatchParser:130] WARN - Unexpected Raw match line: #    score  bias  c-Evalue  i-Evalue hmmfrom  hmm to    alifrom  ali to    envfrom  env to     acc
2023-06-24 18:01:57,348 [amqEmbeddedWorkerJmsContainer-16] [uk.ac.ebi.interpro.scan.io.pirsf.hmmer3.PirsfHmmer3RawMatchParser:129] WARN - Couldn't parse the given raw match line, because it is of an unexpected format.
2023-06-24 18:01:57,348 [amqEmbeddedWorkerJmsContainer-16] [uk.ac.ebi.interpro.scan.io.pirsf.hmmer3.PirsfHmmer3RawMatchParser:130] WARN - Unexpected Raw match line: 1 !  380.4   0.7  4.7e-118    2e-115       5     408 ..      13     409 ..       9     412 .. 0.96
2023-06-24 18:01:57,348 [amqEmbeddedWorkerJmsContainer-16] [uk.ac.ebi.interpro.scan.io.pirsf.hmmer3.PirsfHmmer3RawMatchParser:129] WARN - Couldn't parse the given raw match line, because it is of an unexpected format.
2023-06-24 18:01:57,348 [amqEmbeddedWorkerJmsContainer-16] [uk.ac.ebi.interpro.scan.io.pirsf.hmmer3.PirsfHmmer3RawMatchParser:130] WARN - Unexpected Raw match line: Query sequence: 264 matches PIRSF016275: DNA polymerase II, large subunit, Euryarchaea type
2023-06-24 18:01:57,348 [amqEmbeddedWorkerJmsContainer-16] [uk.ac.ebi.interpro.scan.io.pirsf.hmmer3.PirsfHmmer3RawMatchParser:129] WARN - Couldn't parse the given raw match line, because it is of an unexpected format.
2023-06-24 18:01:57,348 [amqEmbeddedWorkerJmsContainer-16] [uk.ac.ebi.interpro.scan.io.pirsf.hmmer3.PirsfHmmer3RawMatchParser:130] WARN - Unexpected Raw match line: #    score  bias  c-Evalue  i-Evalue hmmfrom  hmm to    alifrom  ali to    envfrom  env to     acc
2023-06-24 18:01:57,348 [amqEmbeddedWorkerJmsContainer-16] [uk.ac.ebi.interpro.scan.io.pirsf.hmmer3.PirsfHmmer3RawMatchParser:129] WARN - Couldn't parse the given raw match line, because it is of an unexpected format.
2023-06-24 18:01:57,348 [amqEmbeddedWorkerJmsContainer-16] [uk.ac.ebi.interpro.scan.io.pirsf.hmmer3.PirsfHmmer3RawMatchParser:130] WARN - Unexpected Raw match line: 1 ! 1131.1   0.5         0         0      17    1106 ..      31    1132 ..      25    1133 .] 0.94
2023-06-24 18:01:57,348 [amqEmbeddedWorkerJmsContainer-16] [uk.ac.ebi.interpro.scan.io.pirsf.hmmer3.PirsfHmmer3RawMatchParser:129] WARN - Couldn't parse the given raw match line, because it is of an unexpected format.
2023-06-24 18:01:57,348 [amqEmbeddedWorkerJmsContainer-16] [uk.ac.ebi.interpro.scan.io.pirsf.hmmer3.PirsfHmmer3RawMatchParser:130] WARN - Unexpected Raw match line: Query sequence: 27 matches PIRSF000124: UDP-glucose/GDP-mannose dehydrogenase
2023-06-24 18:01:57,348 [amqEmbeddedWorkerJmsContainer-16] [uk.ac.ebi.interpro.scan.io.pirsf.hmmer3.PirsfHmmer3RawMatchParser:129] WARN - Couldn't parse the given raw match line, because it is of an unexpected format.
2023-06-24 18:01:57,348 [amqEmbeddedWorkerJmsContainer-16] [uk.ac.ebi.interpro.scan.io.pirsf.hmmer3.PirsfHmmer3RawMatchParser:130] WARN - Unexpected Raw match line: #    score  bias  c-Evalue  i-Evalue hmmfrom  hmm to    alifrom  ali to    envfrom  env to     acc
2023-06-24 18:01:57,348 [amqEmbeddedWorkerJmsContainer-16] [uk.ac.ebi.interpro.scan.io.pirsf.hmmer3.PirsfHmmer3RawMatchParser:129] WARN - Couldn't parse the given raw match line, because it is of an unexpected format.
2023-06-24 18:01:57,348 [amqEmbeddedWorkerJmsContainer-16] [uk.ac.ebi.interpro.scan.io.pirsf.hmmer3.PirsfHmmer3RawMatchParser:130] WARN - Unexpected Raw match line: 1 !  245.7   0.1   4.2e-77   1.8e-74       2     436 ..      31     461 ..      30     463 .. 0.92
2023-06-24 18:01:57,349 [amqEmbeddedWorkerJmsContainer-16] [uk.ac.ebi.interpro.scan.io.pirsf.hmmer3.PirsfHmmer3RawMatchParser:129] WARN - Couldn't parse the given raw match line, because it is of an unexpected format.
2023-06-24 18:01:57,349 [amqEmbeddedWorkerJmsContainer-16] [uk.ac.ebi.interpro.scan.io.pirsf.hmmer3.PirsfHmmer3RawMatchParser:130] WARN - Unexpected Raw match line: and matches Sub-Family PIRSF500136: UDP-N-acetyl-D-mannosaminuronate dehydrogenase
2023-06-24 18:01:57,349 [amqEmbeddedWorkerJmsContainer-16] [uk.ac.ebi.interpro.scan.io.pirsf.hmmer3.PirsfHmmer3RawMatchParser:129] WARN - Couldn't parse the given raw match line, because it is of an unexpected format.
2023-06-24 18:01:57,349 [amqEmbeddedWorkerJmsContainer-16] [uk.ac.ebi.interpro.scan.io.pirsf.hmmer3.PirsfHmmer3RawMatchParser:130] WARN - Unexpected Raw match line: #    score  bias  c-Evalue  i-Evalue hmmfrom  hmm to    alifrom  ali to    envfrom  env to     acc
2023-06-24 18:01:57,349 [amqEmbeddedWorkerJmsContainer-16] [uk.ac.ebi.interpro.scan.io.pirsf.hmmer3.PirsfHmmer3RawMatchParser:129] WARN - Couldn't parse the given raw match line, because it is of an unexpected format.
2023-06-24 18:01:57,349 [amqEmbeddedWorkerJmsContainer-16] [uk.ac.ebi.interpro.scan.io.pirsf.hmmer3.PirsfHmmer3RawMatchParser:130] WARN - Unexpected Raw match line: 1 !  409.6   0.3  6.4e-127  2.7e-124       6     438 ..      25     457 ..      21     464 .. 0.95
2023-06-24 18:01:57,349 [amqEmbeddedWorkerJmsContainer-16] [uk.ac.ebi.interpro.scan.io.pirsf.hmmer3.PirsfHmmer3RawMatchParser:129] WARN - Couldn't parse the given raw match line, because it is of an unexpected format.
2023-06-24 18:01:57,349 [amqEmbeddedWorkerJmsContainer-16] [uk.ac.ebi.interpro.scan.io.pirsf.hmmer3.PirsfHmmer3RawMatchParser:130] WARN - Unexpected Raw match line: Query sequence: 272 matches PIRSF000853: Pyruvate, phosphate dikinase
2023-06-24 18:01:57,349 [amqEmbeddedWorkerJmsContainer-16] [uk.ac.ebi.interpro.scan.io.pirsf.hmmer3.PirsfHmmer3RawMatchParser:129] WARN - Couldn't parse the given raw match line, because it is of an unexpected format.
2023-06-24 18:01:57,349 [amqEmbeddedWorkerJmsContainer-16] [uk.ac.ebi.interpro.scan.io.pirsf.hmmer3.PirsfHmmer3RawMatchParser:130] WARN - Unexpected Raw match line: #    score  bias  c-Evalue  i-Evalue hmmfrom  hmm to    alifrom  ali to    envfrom  env to     acc
2023-06-24 18:01:57,349 [amqEmbeddedWorkerJmsContainer-16] [uk.ac.ebi.interpro.scan.io.pirsf.hmmer3.PirsfHmmer3RawMatchParser:129] WARN - Couldn't parse the given raw match line, because it is of an unexpected format.
2023-06-24 18:01:57,349 [amqEmbeddedWorkerJmsContainer-16] [uk.ac.ebi.interpro.scan.io.pirsf.hmmer3.PirsfHmmer3RawMatchParser:130] WARN - Unexpected Raw match line: 1 ! 1271.5   0.4         0         0       2     878 ..      14     894 ..      13     898 .. 0.98
2023-06-24 18:01:57,349 [amqEmbeddedWorkerJmsContainer-16] [uk.ac.ebi.interpro.scan.io.pirsf.hmmer3.PirsfHmmer3RawMatchParser:129] WARN - Couldn't parse the given raw match line, because it is of an unexpected format.
2023-06-24 18:01:57,349 [amqEmbeddedWorkerJmsContainer-16] [uk.ac.ebi.interpro.scan.io.pirsf.hmmer3.PirsfHmmer3RawMatchParser:130] WARN - Unexpected Raw match line: Query sequence: 278 matches PIRSF001587: Phosphoribosylformylglycinamidine synthase component II
2023-06-24 18:01:57,349 [amqEmbeddedWorkerJmsContainer-16] [uk.ac.ebi.interpro.scan.io.pirsf.hmmer3.PirsfHmmer3RawMatchParser:129] WARN - Couldn't parse the given raw match line, because it is of an unexpected format.
2023-06-24 18:01:57,350 [amqEmbeddedWorkerJmsContainer-16] [uk.ac.ebi.interpro.scan.io.pirsf.hmmer3.PirsfHmmer3RawMatchParser:130] WARN - Unexpected Raw match line: #    score  bias  c-Evalue  i-Evalue hmmfrom  hmm to    alifrom  ali to    envfrom  env to     acc
2023-06-24 18:01:57,350 [amqEmbeddedWorkerJmsContainer-16] [uk.ac.ebi.interpro.scan.io.pirsf.hmmer3.PirsfHmmer3RawMatchParser:129] WARN - Couldn't parse the given raw match line, because it is of an unexpected format.
2023-06-24 18:01:57,350 [amqEmbeddedWorkerJmsContainer-16] [uk.ac.ebi.interpro.scan.io.pirsf.hmmer3.PirsfHmmer3RawMatchParser:130] WARN - Unexpected Raw match line: 1 !  840.5   0.0  1.2e-256  2.6e-254      12     738 ..       9     727 ..       4     730 .. 0.96
2023-06-24 18:01:57,350 [amqEmbeddedWorkerJmsContainer-16] [uk.ac.ebi.interpro.scan.io.pirsf.hmmer3.PirsfHmmer3RawMatchParser:129] WARN - Couldn't parse the given raw match line, because it is of an unexpected format.
2023-06-24 18:01:57,350 [amqEmbeddedWorkerJmsContainer-16] [uk.ac.ebi.interpro.scan.io.pirsf.hmmer3.PirsfHmmer3RawMatchParser:130] WARN - Unexpected Raw match line: Query sequence: 279 matches PIRSF004557: Preprotein translocase Sec, SecY/Sec61-alpha subunit
2023-06-24 18:01:57,350 [amqEmbeddedWorkerJmsContainer-16] [uk.ac.ebi.interpro.scan.io.pirsf.hmmer3.PirsfHmmer3RawMatchParser:129] WARN - Couldn't parse the given raw match line, because it is of an unexpected format.
2023-06-24 18:01:57,350 [amqEmbeddedWorkerJmsContainer-16] [uk.ac.ebi.interpro.scan.io.pirsf.hmmer3.PirsfHmmer3RawMatchParser:130] WARN - Unexpected Raw match line: #    score  bias  c-Evalue  i-Evalue hmmfrom  hmm to    alifrom  ali to    envfrom  env to     acc
2023-06-24 18:01:57,350 [amqEmbeddedWorkerJmsContainer-16] [uk.ac.ebi.interpro.scan.io.pirsf.hmmer3.PirsfHmmer3RawMatchParser:129] WARN - Couldn't parse the given raw match line, because it is of an unexpected format.
2023-06-24 18:01:57,350 [amqEmbeddedWorkerJmsContainer-16] [uk.ac.ebi.interpro.scan.io.pirsf.hmmer3.PirsfHmmer3RawMatchParser:130] WARN - Unexpected Raw match line: 1 !  284.6  24.8   6.7e-89   2.8e-86      11     436 ..      22     462 ..      13     472 .. 0.91
2023-06-24 18:01:57,350 [amqEmbeddedWorkerJmsContainer-16] [uk.ac.ebi.interpro.scan.io.pirsf.hmmer3.PirsfHmmer3RawMatchParser:129] WARN - Couldn't parse the given raw match line, because it is of an unexpected format.
2023-06-24 18:01:57,350 [amqEmbeddedWorkerJmsContainer-16] [uk.ac.ebi.interpro.scan.io.pirsf.hmmer3.PirsfHmmer3RawMatchParser:130] WARN - Unexpected Raw match line: Query sequence: 280 matches PIRSF006533: Uncharacterised conserved protein, UCP006533 type
2023-06-24 18:01:57,350 [amqEmbeddedWorkerJmsContainer-16] [uk.ac.ebi.interpro.scan.io.pirsf.hmmer3.PirsfHmmer3RawMatchParser:129] WARN - Couldn't parse the given raw match line, because it is of an unexpected format.
2023-06-24 18:01:57,350 [amqEmbeddedWorkerJmsContainer-16] [uk.ac.ebi.interpro.scan.io.pirsf.hmmer3.PirsfHmmer3RawMatchParser:130] WARN - Unexpected Raw match line: #    score  bias  c-Evalue  i-Evalue hmmfrom  hmm to    alifrom  ali to    envfrom  env to     acc
2023-06-24 18:01:57,350 [amqEmbeddedWorkerJmsContainer-16] [uk.ac.ebi.interpro.scan.io.pirsf.hmmer3.PirsfHmmer3RawMatchParser:129] WARN - Couldn't parse the given raw match line, because it is of an unexpected format.
2023-06-24 18:01:57,350 [amqEmbeddedWorkerJmsContainer-16] [uk.ac.ebi.interpro.scan.io.pirsf.hmmer3.PirsfHmmer3RawMatchParser:130] WARN - Unexpected Raw match line: 1 !  150.6   0.0   1.5e-48   6.3e-46       4     169 ..      18     178 ..      15     179 .] 0.93
2023-06-24 18:01:57,350 [amqEmbeddedWorkerJmsContainer-16] [uk.ac.ebi.interpro.scan.io.pirsf.hmmer3.PirsfHmmer3RawMatchParser:129] WARN - Couldn't parse the given raw match line, because it is of an unexpected format.
2023-06-24 18:01:57,351 [amqEmbeddedWorkerJmsContainer-16] [uk.ac.ebi.interpro.scan.io.pirsf.hmmer3.PirsfHmmer3RawMatchParser:130] WARN - Unexpected Raw match line: Query sequence: 320 matches PIRSF000381: Cobalamin-dependent methionine synthase
2023-06-24 18:01:57,351 [amqEmbeddedWorkerJmsContainer-16] [uk.ac.ebi.interpro.scan.io.pirsf.hmmer3.PirsfHmmer3RawMatchParser:129] WARN - Couldn't parse the given raw match line, because it is of an unexpected format.
2023-06-24 18:01:57,351 [amqEmbeddedWorkerJmsContainer-16] [uk.ac.ebi.interpro.scan.io.pirsf.hmmer3.PirsfHmmer3RawMatchParser:130] WARN - Unexpected Raw match line: #    score  bias  c-Evalue  i-Evalue hmmfrom  hmm to    alifrom  ali to    envfrom  env to     acc
2023-06-24 18:01:57,351 [amqEmbeddedWorkerJmsContainer-16] [uk.ac.ebi.interpro.scan.io.pirsf.hmmer3.PirsfHmmer3RawMatchParser:129] WARN - Couldn't parse the given raw match line, because it is of an unexpected format.
2023-06-24 18:01:57,351 [amqEmbeddedWorkerJmsContainer-16] [uk.ac.ebi.interpro.scan.io.pirsf.hmmer3.PirsfHmmer3RawMatchParser:130] WARN - Unexpected Raw match line: 1 !  681.7   0.0  1.2e-208    5e-206     340    1196 ..       7     830 ..       2     831 .] 0.87
2023-06-24 18:01:57,351 [amqEmbeddedWorkerJmsContainer-16] [uk.ac.ebi.interpro.scan.io.pirsf.hmmer3.PirsfHmmer3RawMatchParser:129] WARN - Couldn't parse the given raw match line, because it is of an unexpected format.
2023-06-24 18:01:57,351 [amqEmbeddedWorkerJmsContainer-16] [uk.ac.ebi.interpro.scan.io.pirsf.hmmer3.PirsfHmmer3RawMatchParser:130] WARN - Unexpected Raw match line: Query sequence: 324 matches PIRSF006402: Uncharacterised protein with thioredoxin domain
2023-06-24 18:01:57,351 [amqEmbeddedWorkerJmsContainer-16] [uk.ac.ebi.interpro.scan.io.pirsf.hmmer3.PirsfHmmer3RawMatchParser:129] WARN - Couldn't parse the given raw match line, because it is of an unexpected format.
2023-06-24 18:01:57,351 [amqEmbeddedWorkerJmsContainer-16] [uk.ac.ebi.interpro.scan.io.pirsf.hmmer3.PirsfHmmer3RawMatchParser:130] WARN - Unexpected Raw match line: #    score  bias  c-Evalue  i-Evalue hmmfrom  hmm to    alifrom  ali to    envfrom  env to     acc
2023-06-24 18:01:57,351 [amqEmbeddedWorkerJmsContainer-16] [uk.ac.ebi.interpro.scan.io.pirsf.hmmer3.PirsfHmmer3RawMatchParser:129] WARN - Couldn't parse the given raw match line, because it is of an unexpected format.
2023-06-24 18:01:57,351 [amqEmbeddedWorkerJmsContainer-16] [uk.ac.ebi.interpro.scan.io.pirsf.hmmer3.PirsfHmmer3RawMatchParser:130] WARN - Unexpected Raw match line: 1 !  785.3   0.0  3.8e-240  1.6e-237      12     706 ..       6     678 ..       1     681 [] 0.93
2023-06-24 18:01:57,351 [amqEmbeddedWorkerJmsContainer-16] [uk.ac.ebi.interpro.scan.io.pirsf.hmmer3.PirsfHmmer3RawMatchParser:129] WARN - Couldn't parse the given raw match line, because it is of an unexpected format.
2023-06-24 18:01:57,351 [amqEmbeddedWorkerJmsContainer-16] [uk.ac.ebi.interpro.scan.io.pirsf.hmmer3.PirsfHmmer3RawMatchParser:130] WARN - Unexpected Raw match line: Query sequence: 325 matches PIRSF000485: Amidophosphoribosyltransferase
2023-06-24 18:01:57,351 [amqEmbeddedWorkerJmsContainer-16] [uk.ac.ebi.interpro.scan.io.pirsf.hmmer3.PirsfHmmer3RawMatchParser:129] WARN - Couldn't parse the given raw match line, because it is of an unexpected format.
2023-06-24 18:01:57,351 [amqEmbeddedWorkerJmsContainer-16] [uk.ac.ebi.interpro.scan.io.pirsf.hmmer3.PirsfHmmer3RawMatchParser:130] WARN - Unexpected Raw match line: #    score  bias  c-Evalue  i-Evalue hmmfrom  hmm to    alifrom  ali to    envfrom  env to     acc
2023-06-24 18:01:57,351 [amqEmbeddedWorkerJmsContainer-16] [uk.ac.ebi.interpro.scan.io.pirsf.hmmer3.PirsfHmmer3RawMatchParser:129] WARN - Couldn't parse the given raw match line, because it is of an unexpected format.
2023-06-24 18:01:57,352 [amqEmbeddedWorkerJmsContainer-16] [uk.ac.ebi.interpro.scan.io.pirsf.hmmer3.PirsfHmmer3RawMatchParser:130] WARN - Unexpected Raw match line: 1 !  411.3   0.0  5.7e-127  1.2e-124       2     457 ..       8     466 ..       7     479 .. 0.93
2023-06-24 18:01:57,352 [amqEmbeddedWorkerJmsContainer-16] [uk.ac.ebi.interpro.scan.io.pirsf.hmmer3.PirsfHmmer3RawMatchParser:129] WARN - Couldn't parse the given raw match line, because it is of an unexpected format.
2023-06-24 18:01:57,352 [amqEmbeddedWorkerJmsContainer-16] [uk.ac.ebi.interpro.scan.io.pirsf.hmmer3.PirsfHmmer3RawMatchParser:130] WARN - Unexpected Raw match line: Query sequence: 328 matches PIRSF001220: L-asparaginase/Glutamyl-tRNA(Gln) amidotransferase subunit D
2023-06-24 18:01:57,352 [amqEmbeddedWorkerJmsContainer-16] [uk.ac.ebi.interpro.scan.io.pirsf.hmmer3.PirsfHmmer3RawMatchParser:129] WARN - Couldn't parse the given raw match line, because it is of an unexpected format.
2023-06-24 18:01:57,352 [amqEmbeddedWorkerJmsContainer-16] [uk.ac.ebi.interpro.scan.io.pirsf.hmmer3.PirsfHmmer3RawMatchParser:130] WARN - Unexpected Raw match line: #    score  bias  c-Evalue  i-Evalue hmmfrom  hmm to    alifrom  ali to    envfrom  env to     acc
2023-06-24 18:01:57,352 [amqEmbeddedWorkerJmsContainer-16] [uk.ac.ebi.interpro.scan.io.pirsf.hmmer3.PirsfHmmer3RawMatchParser:129] WARN - Couldn't parse the given raw match line, because it is of an unexpected format.
2023-06-24 18:01:57,352 [amqEmbeddedWorkerJmsContainer-16] [uk.ac.ebi.interpro.scan.io.pirsf.hmmer3.PirsfHmmer3RawMatchParser:130] WARN - Unexpected Raw match line: 1 !  313.5   0.0   8.9e-98   3.8e-95       3     329 ..      92     425 ..      90     427 .. 0.94
2023-06-24 18:01:57,352 [amqEmbeddedWorkerJmsContainer-16] [uk.ac.ebi.interpro.scan.io.pirsf.hmmer3.PirsfHmmer3RawMatchParser:129] WARN - Couldn't parse the given raw match line, because it is of an unexpected format.
2023-06-24 18:01:57,352 [amqEmbeddedWorkerJmsContainer-16] [uk.ac.ebi.interpro.scan.io.pirsf.hmmer3.PirsfHmmer3RawMatchParser:130] WARN - Unexpected Raw match line: and matches Sub-Family PIRSF500175: Glutamyl-tRNA(Gln) amidotransferase, subunit D
2023-06-24 18:01:57,352 [amqEmbeddedWorkerJmsContainer-16] [uk.ac.ebi.interpro.scan.io.pirsf.hmmer3.PirsfHmmer3RawMatchParser:129] WARN - Couldn't parse the given raw match line, because it is of an unexpected format.
2023-06-24 18:01:57,352 [amqEmbeddedWorkerJmsContainer-16] [uk.ac.ebi.interpro.scan.io.pirsf.hmmer3.PirsfHmmer3RawMatchParser:130] WARN - Unexpected Raw match line: #    score  bias  c-Evalue  i-Evalue hmmfrom  hmm to    alifrom  ali to    envfrom  env to     acc
2023-06-24 18:01:57,352 [amqEmbeddedWorkerJmsContainer-16] [uk.ac.ebi.interpro.scan.io.pirsf.hmmer3.PirsfHmmer3RawMatchParser:129] WARN - Couldn't parse the given raw match line, because it is of an unexpected format.
2023-06-24 18:01:57,352 [amqEmbeddedWorkerJmsContainer-16] [uk.ac.ebi.interpro.scan.io.pirsf.hmmer3.PirsfHmmer3RawMatchParser:130] WARN - Unexpected Raw match line: 1 !  458.4   0.5  9.5e-142    4e-139       2     411 ..      21     428 ..      20     429 .] 0.96
2023-06-24 18:01:57,352 [amqEmbeddedWorkerJmsContainer-16] [uk.ac.ebi.interpro.scan.io.pirsf.hmmer3.PirsfHmmer3RawMatchParser:129] WARN - Couldn't parse the given raw match line, because it is of an unexpected format.
2023-06-24 18:01:57,353 [amqEmbeddedWorkerJmsContainer-16] [uk.ac.ebi.interpro.scan.io.pirsf.hmmer3.PirsfHmmer3RawMatchParser:130] WARN - Unexpected Raw match line: Query sequence: 335 matches PIRSF004762: FO synthase subunit 2 with iron-sulphur cluster
2023-06-24 18:01:57,353 [amqEmbeddedWorkerJmsContainer-16] [uk.ac.ebi.interpro.scan.io.pirsf.hmmer3.PirsfHmmer3RawMatchParser:129] WARN - Couldn't parse the given raw match line, because it is of an unexpected format.
2023-06-24 18:01:57,353 [amqEmbeddedWorkerJmsContainer-16] [uk.ac.ebi.interpro.scan.io.pirsf.hmmer3.PirsfHmmer3RawMatchParser:130] WARN - Unexpected Raw match line: #    score  bias  c-Evalue  i-Evalue hmmfrom  hmm to    alifrom  ali to    envfrom  env to     acc
2023-06-24 18:01:57,353 [amqEmbeddedWorkerJmsContainer-16] [uk.ac.ebi.interpro.scan.io.pirsf.hmmer3.PirsfHmmer3RawMatchParser:129] WARN - Couldn't parse the given raw match line, because it is of an unexpected format.
2023-06-24 18:01:57,353 [amqEmbeddedWorkerJmsContainer-16] [uk.ac.ebi.interpro.scan.io.pirsf.hmmer3.PirsfHmmer3RawMatchParser:130] WARN - Unexpected Raw match line: 1 !  348.8   0.0  3.7e-108  7.8e-106       7     373 ..      30     394 ..      25     399 .] 0.97
2023-06-24 18:01:57,353 [amqEmbeddedWorkerJmsContainer-16] [uk.ac.ebi.interpro.scan.io.pirsf.hmmer3.PirsfHmmer3RawMatchParser:129] WARN - Couldn't parse the given raw match line, because it is of an unexpected format.
2023-06-24 18:01:57,353 [amqEmbeddedWorkerJmsContainer-16] [uk.ac.ebi.interpro.scan.io.pirsf.hmmer3.PirsfHmmer3RawMatchParser:130] WARN - Unexpected Raw match line: Query sequence: 338 matches PIRSF000106: Malic enzyme
2023-06-24 18:01:57,353 [amqEmbeddedWorkerJmsContainer-16] [uk.ac.ebi.interpro.scan.io.pirsf.hmmer3.PirsfHmmer3RawMatchParser:129] WARN - Couldn't parse the given raw match line, because it is of an unexpected format.
2023-06-24 18:01:57,353 [amqEmbeddedWorkerJmsContainer-16] [uk.ac.ebi.interpro.scan.io.pirsf.hmmer3.PirsfHmmer3RawMatchParser:130] WARN - Unexpected Raw match line: #    score  bias  c-Evalue  i-Evalue hmmfrom  hmm to    alifrom  ali to    envfrom  env to     acc
2023-06-24 18:01:57,353 [amqEmbeddedWorkerJmsContainer-16] [uk.ac.ebi.interpro.scan.io.pirsf.hmmer3.PirsfHmmer3RawMatchParser:129] WARN - Couldn't parse the given raw match line, because it is of an unexpected format.
2023-06-24 18:01:57,353 [amqEmbeddedWorkerJmsContainer-16] [uk.ac.ebi.interpro.scan.io.pirsf.hmmer3.PirsfHmmer3RawMatchParser:130] WARN - Unexpected Raw match line: 1 !  240.6   0.8   1.9e-75   8.2e-73     151     533 ..      59     382 ..      23     385 .. 0.93
2023-06-24 18:01:57,353 [amqEmbeddedWorkerJmsContainer-16] [uk.ac.ebi.interpro.scan.io.pirsf.hmmer3.PirsfHmmer3RawMatchParser:129] WARN - Couldn't parse the given raw match line, because it is of an unexpected format.
2023-06-24 18:01:57,353 [amqEmbeddedWorkerJmsContainer-16] [uk.ac.ebi.interpro.scan.io.pirsf.hmmer3.PirsfHmmer3RawMatchParser:130] WARN - Unexpected Raw match line: Query sequence: 342 matches PIRSF006250: Nicotinate-nucleotide pyrophosphorylase (carboxylating)
2023-06-24 18:01:57,353 [amqEmbeddedWorkerJmsContainer-16] [uk.ac.ebi.interpro.scan.io.pirsf.hmmer3.PirsfHmmer3RawMatchParser:129] WARN - Couldn't parse the given raw match line, because it is of an unexpected format.
2023-06-24 18:01:57,353 [amqEmbeddedWorkerJmsContainer-16] [uk.ac.ebi.interpro.scan.io.pirsf.hmmer3.PirsfHmmer3RawMatchParser:130] WARN - Unexpected Raw match line: #    score  bias  c-Evalue  i-Evalue hmmfrom  hmm to    alifrom  ali to    envfrom  env to     acc
2023-06-24 18:01:57,353 [amqEmbeddedWorkerJmsContainer-16] [uk.ac.ebi.interpro.scan.io.pirsf.hmmer3.PirsfHmmer3RawMatchParser:129] WARN - Couldn't parse the given raw match line, because it is of an unexpected format.
2023-06-24 18:01:57,353 [amqEmbeddedWorkerJmsContainer-16] [uk.ac.ebi.interpro.scan.io.pirsf.hmmer3.PirsfHmmer3RawMatchParser:130] WARN - Unexpected Raw match line: 1 !  295.7   1.7   1.5e-92   6.2e-90       8     281 ..      29     297 .]      25     297 .] 0.96
2023-06-24 18:01:57,354 [amqEmbeddedWorkerJmsContainer-16] [uk.ac.ebi.interpro.scan.io.pirsf.hmmer3.PirsfHmmer3RawMatchParser:129] WARN - Couldn't parse the given raw match line, because it is of an unexpected format.
2023-06-24 18:01:57,354 [amqEmbeddedWorkerJmsContainer-16] [uk.ac.ebi.interpro.scan.io.pirsf.hmmer3.PirsfHmmer3RawMatchParser:130] WARN - Unexpected Raw match line: Query sequence: 352 matches PIRSF000803: DNA polymerase II, small subunit, archaeal type
2023-06-24 18:01:57,354 [amqEmbeddedWorkerJmsContainer-16] [uk.ac.ebi.interpro.scan.io.pirsf.hmmer3.PirsfHmmer3RawMatchParser:129] WARN - Couldn't parse the given raw match line, because it is of an unexpected format.
2023-06-24 18:01:57,354 [amqEmbeddedWorkerJmsContainer-16] [uk.ac.ebi.interpro.scan.io.pirsf.hmmer3.PirsfHmmer3RawMatchParser:130] WARN - Unexpected Raw match line: #    score  bias  c-Evalue  i-Evalue hmmfrom  hmm to    alifrom  ali to    envfrom  env to     acc
2023-06-24 18:01:57,354 [amqEmbeddedWorkerJmsContainer-16] [uk.ac.ebi.interpro.scan.io.pirsf.hmmer3.PirsfHmmer3RawMatchParser:129] WARN - Couldn't parse the given raw match line, because it is of an unexpected format.
2023-06-24 18:01:57,354 [amqEmbeddedWorkerJmsContainer-16] [uk.ac.ebi.interpro.scan.io.pirsf.hmmer3.PirsfHmmer3RawMatchParser:130] WARN - Unexpected Raw match line: 1 !   -2.0   0.0      0.05        21      16      51 ..      22      55 ..      11      86 .. 0.66
2023-06-24 18:01:57,354 [amqEmbeddedWorkerJmsContainer-16] [uk.ac.ebi.interpro.scan.io.pirsf.hmmer3.PirsfHmmer3RawMatchParser:129] WARN - Couldn't parse the given raw match line, because it is of an unexpected format.
2023-06-24 18:01:57,354 [amqEmbeddedWorkerJmsContainer-16] [uk.ac.ebi.interpro.scan.io.pirsf.hmmer3.PirsfHmmer3RawMatchParser:130] WARN - Unexpected Raw match line: 2 !  450.8   0.3  3.1e-139  1.3e-136     141     534 ..      97     480 ..      74     483 .] 0.95
2023-06-24 18:01:57,354 [amqEmbeddedWorkerJmsContainer-16] [uk.ac.ebi.interpro.scan.io.pirsf.hmmer3.PirsfHmmer3RawMatchParser:129] WARN - Couldn't parse the given raw match line, because it is of an unexpected format.
2023-06-24 18:01:57,354 [amqEmbeddedWorkerJmsContainer-16] [uk.ac.ebi.interpro.scan.io.pirsf.hmmer3.PirsfHmmer3RawMatchParser:130] WARN - Unexpected Raw match line: Query sequence: 358 matches PIRSF000709: Bifunctional 6-phosphofructo-2-kinase/fructose-2,6-bisphosphate 2-phosphatase
2023-06-24 18:01:57,354 [amqEmbeddedWorkerJmsContainer-16] [uk.ac.ebi.interpro.scan.io.pirsf.hmmer3.PirsfHmmer3RawMatchParser:129] WARN - Couldn't parse the given raw match line, because it is of an unexpected format.
2023-06-24 18:01:57,354 [amqEmbeddedWorkerJmsContainer-16] [uk.ac.ebi.interpro.scan.io.pirsf.hmmer3.PirsfHmmer3RawMatchParser:130] WARN - Unexpected Raw match line: #    score  bias  c-Evalue  i-Evalue hmmfrom  hmm to    alifrom  ali to    envfrom  env to     acc
2023-06-24 18:01:57,354 [amqEmbeddedWorkerJmsContainer-16] [uk.ac.ebi.interpro.scan.io.pirsf.hmmer3.PirsfHmmer3RawMatchParser:129] WARN - Couldn't parse the given raw match line, because it is of an unexpected format.
2023-06-24 18:01:57,354 [amqEmbeddedWorkerJmsContainer-16] [uk.ac.ebi.interpro.scan.io.pirsf.hmmer3.PirsfHmmer3RawMatchParser:130] WARN - Unexpected Raw match line: 1 !   22.2   0.0     5e-09   1.1e-06     420     614 ..      30     225 ..      11     234 .. 0.74
2023-06-24 18:01:57,354 [amqEmbeddedWorkerJmsContainer-16] [uk.ac.ebi.interpro.scan.io.pirsf.hmmer3.PirsfHmmer3RawMatchParser:129] WARN - Couldn't parse the given raw match line, because it is of an unexpected format.
2023-06-24 18:01:57,354 [amqEmbeddedWorkerJmsContainer-16] [uk.ac.ebi.interpro.scan.io.pirsf.hmmer3.PirsfHmmer3RawMatchParser:130] WARN - Unexpected Raw match line: Query sequence: 364 matches PIRSF001438: Porphobilinogen deaminase
2023-06-24 18:01:57,355 [amqEmbeddedWorkerJmsContainer-16] [uk.ac.ebi.interpro.scan.io.pirsf.hmmer3.PirsfHmmer3RawMatchParser:129] WARN - Couldn't parse the given raw match line, because it is of an unexpected format.
2023-06-24 18:01:57,355 [amqEmbeddedWorkerJmsContainer-16] [uk.ac.ebi.interpro.scan.io.pirsf.hmmer3.PirsfHmmer3RawMatchParser:130] WARN - Unexpected Raw match line: #    score  bias  c-Evalue  i-Evalue hmmfrom  hmm to    alifrom  ali to    envfrom  env to     acc
2023-06-24 18:01:57,355 [amqEmbeddedWorkerJmsContainer-16] [uk.ac.ebi.interpro.scan.io.pirsf.hmmer3.PirsfHmmer3RawMatchParser:129] WARN - Couldn't parse the given raw match line, because it is of an unexpected format.
2023-06-24 18:01:57,355 [amqEmbeddedWorkerJmsContainer-16] [uk.ac.ebi.interpro.scan.io.pirsf.hmmer3.PirsfHmmer3RawMatchParser:130] WARN - Unexpected Raw match line: 1 !  336.1   0.0  9.4e-105    4e-102      23     335 ..      11     315 ..       2     319 .. 0.93
2023-06-24 18:01:57,355 [amqEmbeddedWorkerJmsContainer-16] [uk.ac.ebi.interpro.scan.io.pirsf.hmmer3.PirsfHmmer3RawMatchParser:129] WARN - Couldn't parse the given raw match line, because it is of an unexpected format.
2023-06-24 18:01:57,355 [amqEmbeddedWorkerJmsContainer-16] [uk.ac.ebi.interpro.scan.io.pirsf.hmmer3.PirsfHmmer3RawMatchParser:130] WARN - Unexpected Raw match line: Query sequence: 366 matches PIRSF001109: Adenosylhomocysteine hydrolase, SAHH type
2023-06-24 18:01:57,355 [amqEmbeddedWorkerJmsContainer-16] [uk.ac.ebi.interpro.scan.io.pirsf.hmmer3.PirsfHmmer3RawMatchParser:129] WARN - Couldn't parse the given raw match line, because it is of an unexpected format.
2023-06-24 18:01:57,355 [amqEmbeddedWorkerJmsContainer-16] [uk.ac.ebi.interpro.scan.io.pirsf.hmmer3.PirsfHmmer3RawMatchParser:130] WARN - Unexpected Raw match line: #    score  bias  c-Evalue  i-Evalue hmmfrom  hmm to    alifrom  ali to    envfrom  env to     acc
2023-06-24 18:01:57,355 [amqEmbeddedWorkerJmsContainer-16] [uk.ac.ebi.interpro.scan.io.pirsf.hmmer3.PirsfHmmer3RawMatchParser:129] WARN - Couldn't parse the given raw match line, because it is of an unexpected format.
2023-06-24 18:01:57,355 [amqEmbeddedWorkerJmsContainer-16] [uk.ac.ebi.interpro.scan.io.pirsf.hmmer3.PirsfHmmer3RawMatchParser:130] WARN - Unexpected Raw match line: 1 !  500.5   0.2  7.3e-154  7.7e-152      15     419 ..      13     414 ..       3     419 .. 0.98
2023-06-24 18:01:57,355 [amqEmbeddedWorkerJmsContainer-16] [uk.ac.ebi.interpro.scan.io.pirsf.hmmer3.PirsfHmmer3RawMatchParser:129] WARN - Couldn't parse the given raw match line, because it is of an unexpected format.
2023-06-24 18:01:57,355 [amqEmbeddedWorkerJmsContainer-16] [uk.ac.ebi.interpro.scan.io.pirsf.hmmer3.PirsfHmmer3RawMatchParser:130] WARN - Unexpected Raw match line: Query sequence: 373 matches PIRSF001400: Enolase
2023-06-24 18:01:57,355 [amqEmbeddedWorkerJmsContainer-16] [uk.ac.ebi.interpro.scan.io.pirsf.hmmer3.PirsfHmmer3RawMatchParser:129] WARN - Couldn't parse the given raw match line, because it is of an unexpected format.
2023-06-24 18:01:57,355 [amqEmbeddedWorkerJmsContainer-16] [uk.ac.ebi.interpro.scan.io.pirsf.hmmer3.PirsfHmmer3RawMatchParser:130] WARN - Unexpected Raw match line: #    score  bias  c-Evalue  i-Evalue hmmfrom  hmm to    alifrom  ali to    envfrom  env to     acc
2023-06-24 18:01:57,355 [amqEmbeddedWorkerJmsContainer-16] [uk.ac.ebi.interpro.scan.io.pirsf.hmmer3.PirsfHmmer3RawMatchParser:129] WARN - Couldn't parse the given raw match line, because it is of an unexpected format.
2023-06-24 18:01:57,355 [amqEmbeddedWorkerJmsContainer-16] [uk.ac.ebi.interpro.scan.io.pirsf.hmmer3.PirsfHmmer3RawMatchParser:130] WARN - Unexpected Raw match line: 1 !  391.4   1.4  2.4e-121    1e-118       4     413 ..       5     404 ..       3     411 .. 0.97
2023-06-24 18:01:57,355 [amqEmbeddedWorkerJmsContainer-16] [uk.ac.ebi.interpro.scan.io.pirsf.hmmer3.PirsfHmmer3RawMatchParser:129] WARN - Couldn't parse the given raw match line, because it is of an unexpected format.
2023-06-24 18:01:57,356 [amqEmbeddedWorkerJmsContainer-16] [uk.ac.ebi.interpro.scan.io.pirsf.hmmer3.PirsfHmmer3RawMatchParser:130] WARN - Unexpected Raw match line: Query sequence: 389 matches PIRSF000331: 4-hydroxyphenylacetate 3-monooxygenase/4-hydroxyphenylacetate-3-hydroxylase
2023-06-24 18:01:57,356 [amqEmbeddedWorkerJmsContainer-16] [uk.ac.ebi.interpro.scan.io.pirsf.hmmer3.PirsfHmmer3RawMatchParser:129] WARN - Couldn't parse the given raw match line, because it is of an unexpected format.
2023-06-24 18:01:57,356 [amqEmbeddedWorkerJmsContainer-16] [uk.ac.ebi.interpro.scan.io.pirsf.hmmer3.PirsfHmmer3RawMatchParser:130] WARN - Unexpected Raw match line: #    score  bias  c-Evalue  i-Evalue hmmfrom  hmm to    alifrom  ali to    envfrom  env to     acc
2023-06-24 18:01:57,356 [amqEmbeddedWorkerJmsContainer-16] [uk.ac.ebi.interpro.scan.io.pirsf.hmmer3.PirsfHmmer3RawMatchParser:129] WARN - Couldn't parse the given raw match line, because it is of an unexpected format.
2023-06-24 18:01:57,356 [amqEmbeddedWorkerJmsContainer-16] [uk.ac.ebi.interpro.scan.io.pirsf.hmmer3.PirsfHmmer3RawMatchParser:130] WARN - Unexpected Raw match line: 1 !  524.8   0.1    1e-161  4.3e-159       1     488 [.      11     493 ..      11     497 .. 0.98
2023-06-24 18:01:57,356 [amqEmbeddedWorkerJmsContainer-16] [uk.ac.ebi.interpro.scan.io.pirsf.hmmer3.PirsfHmmer3RawMatchParser:129] WARN - Couldn't parse the given raw match line, because it is of an unexpected format.
2023-06-24 18:01:57,356 [amqEmbeddedWorkerJmsContainer-16] [uk.ac.ebi.interpro.scan.io.pirsf.hmmer3.PirsfHmmer3RawMatchParser:130] WARN - Unexpected Raw match line: Query sequence: 392 matches PIRSF000116: Ketol-acid reductoisomerase, Gammaproteobacteria type
2023-06-24 18:01:57,356 [amqEmbeddedWorkerJmsContainer-16] [uk.ac.ebi.interpro.scan.io.pirsf.hmmer3.PirsfHmmer3RawMatchParser:129] WARN - Couldn't parse the given raw match line, because it is of an unexpected format.
2023-06-24 18:01:57,356 [amqEmbeddedWorkerJmsContainer-16] [uk.ac.ebi.interpro.scan.io.pirsf.hmmer3.PirsfHmmer3RawMatchParser:130] WARN - Unexpected Raw match line: #    score  bias  c-Evalue  i-Evalue hmmfrom  hmm to    alifrom  ali to    envfrom  env to     acc
2023-06-24 18:01:57,356 [amqEmbeddedWorkerJmsContainer-16] [uk.ac.ebi.interpro.scan.io.pirsf.hmmer3.PirsfHmmer3RawMatchParser:129] WARN - Couldn't parse the given raw match line, because it is of an unexpected format.
2023-06-24 18:01:57,356 [amqEmbeddedWorkerJmsContainer-16] [uk.ac.ebi.interpro.scan.io.pirsf.hmmer3.PirsfHmmer3RawMatchParser:130] WARN - Unexpected Raw match line: 1 !  118.7   0.0   1.4e-38   5.8e-36      32     227 ..      22     211 ..      11     219 .. 0.93
2023-06-24 18:01:57,356 [amqEmbeddedWorkerJmsContainer-16] [uk.ac.ebi.interpro.scan.io.pirsf.hmmer3.PirsfHmmer3RawMatchParser:129] WARN - Couldn't parse the given raw match line, because it is of an unexpected format.
2023-06-24 18:01:57,356 [amqEmbeddedWorkerJmsContainer-16] [uk.ac.ebi.interpro.scan.io.pirsf.hmmer3.PirsfHmmer3RawMatchParser:130] WARN - Unexpected Raw match line: 2 !   45.8   0.1   1.8e-16   7.5e-14     369     481 ..     217     336 ..     213     341 .. 0.84
2023-06-24 18:01:57,356 [amqEmbeddedWorkerJmsContainer-16] [uk.ac.ebi.interpro.scan.io.pirsf.hmmer3.PirsfHmmer3RawMatchParser:129] WARN - Couldn't parse the given raw match line, because it is of an unexpected format.
2023-06-24 18:01:57,356 [amqEmbeddedWorkerJmsContainer-16] [uk.ac.ebi.interpro.scan.io.pirsf.hmmer3.PirsfHmmer3RawMatchParser:130] WARN - Unexpected Raw match line: Query sequence: 393 matches PIRSF002158: Ribosomal protein, L2p/L2a/L8e/organellar L2 types
2023-06-24 18:01:57,356 [amqEmbeddedWorkerJmsContainer-16] [uk.ac.ebi.interpro.scan.io.pirsf.hmmer3.PirsfHmmer3RawMatchParser:129] WARN - Couldn't parse the given raw match line, because it is of an unexpected format.
2023-06-24 18:01:57,357 [amqEmbeddedWorkerJmsContainer-16] [uk.ac.ebi.interpro.scan.io.pirsf.hmmer3.PirsfHmmer3RawMatchParser:130] WARN - Unexpected Raw match line: #    score  bias  c-Evalue  i-Evalue hmmfrom  hmm to    alifrom  ali to    envfrom  env to     acc
2023-06-24 18:01:57,357 [amqEmbeddedWorkerJmsContainer-16] [uk.ac.ebi.interpro.scan.io.pirsf.hmmer3.PirsfHmmer3RawMatchParser:129] WARN - Couldn't parse the given raw match line, because it is of an unexpected format.
2023-06-24 18:01:57,357 [amqEmbeddedWorkerJmsContainer-16] [uk.ac.ebi.interpro.scan.io.pirsf.hmmer3.PirsfHmmer3RawMatchParser:130] WARN - Unexpected Raw match line: 1 !  196.2   6.3   3.5e-62   1.5e-59      22     262 ..       7     248 ..       3     253 .. 0.96
2023-06-24 18:01:57,357 [amqEmbeddedWorkerJmsContainer-16] [uk.ac.ebi.interpro.scan.io.pirsf.hmmer3.PirsfHmmer3RawMatchParser:129] WARN - Couldn't parse the given raw match line, because it is of an unexpected format.
2023-06-24 18:01:57,357 [amqEmbeddedWorkerJmsContainer-16] [uk.ac.ebi.interpro.scan.io.pirsf.hmmer3.PirsfHmmer3RawMatchParser:130] WARN - Unexpected Raw match line: Query sequence: 396 matches PIRSF000445: Glutamyl-tRNA reductase
2023-06-24 18:01:57,357 [amqEmbeddedWorkerJmsContainer-16] [uk.ac.ebi.interpro.scan.io.pirsf.hmmer3.PirsfHmmer3RawMatchParser:129] WARN - Couldn't parse the given raw match line, because it is of an unexpected format.
2023-06-24 18:01:57,357 [amqEmbeddedWorkerJmsContainer-16] [uk.ac.ebi.interpro.scan.io.pirsf.hmmer3.PirsfHmmer3RawMatchParser:130] WARN - Unexpected Raw match line: #    score  bias  c-Evalue  i-Evalue hmmfrom  hmm to    alifrom  ali to    envfrom  env to     acc
2023-06-24 18:01:57,357 [amqEmbeddedWorkerJmsContainer-16] [uk.ac.ebi.interpro.scan.io.pirsf.hmmer3.PirsfHmmer3RawMatchParser:129] WARN - Couldn't parse the given raw match line, because it is of an unexpected format.
2023-06-24 18:01:57,357 [amqEmbeddedWorkerJmsContainer-16] [uk.ac.ebi.interpro.scan.io.pirsf.hmmer3.PirsfHmmer3RawMatchParser:130] WARN - Unexpected Raw match line: 1 !  375.4   2.6  8.5e-116  7.2e-114       2     422 ..       5     418 ..       4     420 .] 0.96
2023-06-24 18:01:57,357 [amqEmbeddedWorkerJmsContainer-16] [uk.ac.ebi.interpro.scan.io.pirsf.hmmer3.PirsfHmmer3RawMatchParser:129] WARN - Couldn't parse the given raw match line, because it is of an unexpected format.
2023-06-24 18:01:57,357 [amqEmbeddedWorkerJmsContainer-16] [uk.ac.ebi.interpro.scan.io.pirsf.hmmer3.PirsfHmmer3RawMatchParser:130] WARN - Unexpected Raw match line: Query sequence: 400 matches PIRSF000185: Glutamate dehydrogenase
2023-06-24 18:01:57,357 [amqEmbeddedWorkerJmsContainer-16] [uk.ac.ebi.interpro.scan.io.pirsf.hmmer3.PirsfHmmer3RawMatchParser:129] WARN - Couldn't parse the given raw match line, because it is of an unexpected format.
2023-06-24 18:01:57,357 [amqEmbeddedWorkerJmsContainer-16] [uk.ac.ebi.interpro.scan.io.pirsf.hmmer3.PirsfHmmer3RawMatchParser:130] WARN - Unexpected Raw match line: #    score  bias  c-Evalue  i-Evalue hmmfrom  hmm to    alifrom  ali to    envfrom  env to     acc
2023-06-24 18:01:57,357 [amqEmbeddedWorkerJmsContainer-16] [uk.ac.ebi.interpro.scan.io.pirsf.hmmer3.PirsfHmmer3RawMatchParser:129] WARN - Couldn't parse the given raw match line, because it is of an unexpected format.
2023-06-24 18:01:57,357 [amqEmbeddedWorkerJmsContainer-16] [uk.ac.ebi.interpro.scan.io.pirsf.hmmer3.PirsfHmmer3RawMatchParser:130] WARN - Unexpected Raw match line: 1 !  490.2   0.0  4.7e-151    1e-148       6     418 ..      15     431 ..      11     432 .] 0.96
2023-06-24 18:01:57,357 [amqEmbeddedWorkerJmsContainer-16] [uk.ac.ebi.interpro.scan.io.pirsf.hmmer3.PirsfHmmer3RawMatchParser:129] WARN - Couldn't parse the given raw match line, because it is of an unexpected format.
2023-06-24 18:01:57,357 [amqEmbeddedWorkerJmsContainer-16] [uk.ac.ebi.interpro.scan.io.pirsf.hmmer3.PirsfHmmer3RawMatchParser:130] WARN - Unexpected Raw match line: Query sequence: 411 matches PIRSF005335: tRNA nucleotidyltransferase (CCA-adding enzyme), archaeal type
2023-06-24 18:01:57,358 [amqEmbeddedWorkerJmsContainer-16] [uk.ac.ebi.interpro.scan.io.pirsf.hmmer3.PirsfHmmer3RawMatchParser:129] WARN - Couldn't parse the given raw match line, because it is of an unexpected format.
2023-06-24 18:01:57,358 [amqEmbeddedWorkerJmsContainer-16] [uk.ac.ebi.interpro.scan.io.pirsf.hmmer3.PirsfHmmer3RawMatchParser:130] WARN - Unexpected Raw match line: #    score  bias  c-Evalue  i-Evalue hmmfrom  hmm to    alifrom  ali to    envfrom  env to     acc
2023-06-24 18:01:57,358 [amqEmbeddedWorkerJmsContainer-16] [uk.ac.ebi.interpro.scan.io.pirsf.hmmer3.PirsfHmmer3RawMatchParser:129] WARN - Couldn't parse the given raw match line, because it is of an unexpected format.
2023-06-24 18:01:57,358 [amqEmbeddedWorkerJmsContainer-16] [uk.ac.ebi.interpro.scan.io.pirsf.hmmer3.PirsfHmmer3RawMatchParser:130] WARN - Unexpected Raw match line: 1 !  351.5   0.3  3.4e-109  1.5e-106       1     420 [.       9     423 ..       9     446 .. 0.87
2023-06-24 18:01:57,358 [amqEmbeddedWorkerJmsContainer-16] [uk.ac.ebi.interpro.scan.io.pirsf.hmmer3.PirsfHmmer3RawMatchParser:129] WARN - Couldn't parse the given raw match line, because it is of an unexpected format.
2023-06-24 18:01:57,358 [amqEmbeddedWorkerJmsContainer-16] [uk.ac.ebi.interpro.scan.io.pirsf.hmmer3.PirsfHmmer3RawMatchParser:130] WARN - Unexpected Raw match line: Query sequence: 415 matches PIRSF000521: 4-aminobutyrate/lysine/ornithine transaminase
2023-06-24 18:01:57,358 [amqEmbeddedWorkerJmsContainer-16] [uk.ac.ebi.interpro.scan.io.pirsf.hmmer3.PirsfHmmer3RawMatchParser:129] WARN - Couldn't parse the given raw match line, because it is of an unexpected format.
2023-06-24 18:01:57,358 [amqEmbeddedWorkerJmsContainer-16] [uk.ac.ebi.interpro.scan.io.pirsf.hmmer3.PirsfHmmer3RawMatchParser:130] WARN - Unexpected Raw match line: #    score  bias  c-Evalue  i-Evalue hmmfrom  hmm to    alifrom  ali to    envfrom  env to     acc
2023-06-24 18:01:57,358 [amqEmbeddedWorkerJmsContainer-16] [uk.ac.ebi.interpro.scan.io.pirsf.hmmer3.PirsfHmmer3RawMatchParser:129] WARN - Couldn't parse the given raw match line, because it is of an unexpected format.
2023-06-24 18:01:57,358 [amqEmbeddedWorkerJmsContainer-16] [uk.ac.ebi.interpro.scan.io.pirsf.hmmer3.PirsfHmmer3RawMatchParser:130] WARN - Unexpected Raw match line: 1 !   25.5   0.0   4.6e-10   9.7e-08      57     159 ..      15     112 ..       7     121 .. 0.88
2023-06-24 18:01:57,358 [amqEmbeddedWorkerJmsContainer-16] [uk.ac.ebi.interpro.scan.io.pirsf.hmmer3.PirsfHmmer3RawMatchParser:129] WARN - Couldn't parse the given raw match line, because it is of an unexpected format.
2023-06-24 18:01:57,358 [amqEmbeddedWorkerJmsContainer-16] [uk.ac.ebi.interpro.scan.io.pirsf.hmmer3.PirsfHmmer3RawMatchParser:130] WARN - Unexpected Raw match line: 2 !    4.8   0.0   0.00089      0.19     194     223 ..     121     150 ..     113     154 .. 0.86
2023-06-24 18:01:57,358 [amqEmbeddedWorkerJmsContainer-16] [uk.ac.ebi.interpro.scan.io.pirsf.hmmer3.PirsfHmmer3RawMatchParser:129] WARN - Couldn't parse the given raw match line, because it is of an unexpected format.
2023-06-24 18:01:57,358 [amqEmbeddedWorkerJmsContainer-16] [uk.ac.ebi.interpro.scan.io.pirsf.hmmer3.PirsfHmmer3RawMatchParser:130] WARN - Unexpected Raw match line: 3 !  139.3   0.0   1.4e-44     3e-42     261     480 ..     167     383 ..     160     385 .. 0.88
2023-06-24 18:01:57,358 [amqEmbeddedWorkerJmsContainer-16] [uk.ac.ebi.interpro.scan.io.pirsf.hmmer3.PirsfHmmer3RawMatchParser:129] WARN - Couldn't parse the given raw match line, because it is of an unexpected format.
2023-06-24 18:01:57,358 [amqEmbeddedWorkerJmsContainer-16] [uk.ac.ebi.interpro.scan.io.pirsf.hmmer3.PirsfHmmer3RawMatchParser:130] WARN - Unexpected Raw match line: Query sequence: 421 matches PIRSF001369: Citrate synthase
2023-06-24 18:01:57,358 [amqEmbeddedWorkerJmsContainer-16] [uk.ac.ebi.interpro.scan.io.pirsf.hmmer3.PirsfHmmer3RawMatchParser:129] WARN - Couldn't parse the given raw match line, because it is of an unexpected format.
2023-06-24 18:01:57,358 [amqEmbeddedWorkerJmsContainer-16] [uk.ac.ebi.interpro.scan.io.pirsf.hmmer3.PirsfHmmer3RawMatchParser:130] WARN - Unexpected Raw match line: #    score  bias  c-Evalue  i-Evalue hmmfrom  hmm to    alifrom  ali to    envfrom  env to     acc
2023-06-24 18:01:57,359 [amqEmbeddedWorkerJmsContainer-16] [uk.ac.ebi.interpro.scan.io.pirsf.hmmer3.PirsfHmmer3RawMatchParser:129] WARN - Couldn't parse the given raw match line, because it is of an unexpected format.
2023-06-24 18:01:57,359 [amqEmbeddedWorkerJmsContainer-16] [uk.ac.ebi.interpro.scan.io.pirsf.hmmer3.PirsfHmmer3RawMatchParser:130] WARN - Unexpected Raw match line: 1 !  440.2   0.0  3.1e-136  1.3e-133       5     371 ..      72     441 ..      67     457 .] 0.95
2023-06-24 18:01:57,359 [amqEmbeddedWorkerJmsContainer-16] [uk.ac.ebi.interpro.scan.io.pirsf.hmmer3.PirsfHmmer3RawMatchParser:129] WARN - Couldn't parse the given raw match line, because it is of an unexpected format.
2023-06-24 18:01:57,359 [amqEmbeddedWorkerJmsContainer-16] [uk.ac.ebi.interpro.scan.io.pirsf.hmmer3.PirsfHmmer3RawMatchParser:130] WARN - Unexpected Raw match line: Query sequence: 52 matches PIRSF006392: Cofactor-independent phosphoglycerate mutase, archaeal type
2023-06-24 18:01:57,359 [amqEmbeddedWorkerJmsContainer-16] [uk.ac.ebi.interpro.scan.io.pirsf.hmmer3.PirsfHmmer3RawMatchParser:129] WARN - Couldn't parse the given raw match line, because it is of an unexpected format.
2023-06-24 18:01:57,359 [amqEmbeddedWorkerJmsContainer-16] [uk.ac.ebi.interpro.scan.io.pirsf.hmmer3.PirsfHmmer3RawMatchParser:130] WARN - Unexpected Raw match line: #    score  bias  c-Evalue  i-Evalue hmmfrom  hmm to    alifrom  ali to    envfrom  env to     acc
2023-06-24 18:01:57,359 [amqEmbeddedWorkerJmsContainer-16] [uk.ac.ebi.interpro.scan.io.pirsf.hmmer3.PirsfHmmer3RawMatchParser:129] WARN - Couldn't parse the given raw match line, because it is of an unexpected format.
2023-06-24 18:01:57,359 [amqEmbeddedWorkerJmsContainer-16] [uk.ac.ebi.interpro.scan.io.pirsf.hmmer3.PirsfHmmer3RawMatchParser:130] WARN - Unexpected Raw match line: 1 !  364.2   0.6  3.8e-113  1.6e-110       4     409 ..      18     435 ..      16     437 .] 0.96
2023-06-24 18:01:57,359 [amqEmbeddedWorkerJmsContainer-16] [uk.ac.ebi.interpro.scan.io.pirsf.hmmer3.PirsfHmmer3RawMatchParser:129] WARN - Couldn't parse the given raw match line, because it is of an unexpected format.
2023-06-24 18:01:57,359 [amqEmbeddedWorkerJmsContainer-16] [uk.ac.ebi.interpro.scan.io.pirsf.hmmer3.PirsfHmmer3RawMatchParser:130] WARN - Unexpected Raw match line: Query sequence: 6 matches PIRSF006648: ABC-type transport system, permease component, DrrB type
2023-06-24 18:01:57,359 [amqEmbeddedWorkerJmsContainer-16] [uk.ac.ebi.interpro.scan.io.pirsf.hmmer3.PirsfHmmer3RawMatchParser:129] WARN - Couldn't parse the given raw match line, because it is of an unexpected format.
2023-06-24 18:01:57,359 [amqEmbeddedWorkerJmsContainer-16] [uk.ac.ebi.interpro.scan.io.pirsf.hmmer3.PirsfHmmer3RawMatchParser:130] WARN - Unexpected Raw match line: #    score  bias  c-Evalue  i-Evalue hmmfrom  hmm to    alifrom  ali to    envfrom  env to     acc
2023-06-24 18:01:57,359 [amqEmbeddedWorkerJmsContainer-16] [uk.ac.ebi.interpro.scan.io.pirsf.hmmer3.PirsfHmmer3RawMatchParser:129] WARN - Couldn't parse the given raw match line, because it is of an unexpected format.
2023-06-24 18:01:57,359 [amqEmbeddedWorkerJmsContainer-16] [uk.ac.ebi.interpro.scan.io.pirsf.hmmer3.PirsfHmmer3RawMatchParser:130] WARN - Unexpected Raw match line: 1 !   94.2  26.9     3e-31   1.3e-28      30     270 ..      11     253 ..       3     254 .. 0.91
2023-06-24 18:01:57,359 [amqEmbeddedWorkerJmsContainer-16] [uk.ac.ebi.interpro.scan.io.pirsf.hmmer3.PirsfHmmer3RawMatchParser:129] WARN - Couldn't parse the given raw match line, because it is of an unexpected format.
2023-06-24 18:01:57,359 [amqEmbeddedWorkerJmsContainer-16] [uk.ac.ebi.interpro.scan.io.pirsf.hmmer3.PirsfHmmer3RawMatchParser:130] WARN - Unexpected Raw match line: Query sequence: 61 matches PIRSF039114: V-type ATP synthase, beta subunit/V-type ATPase, subunit B
2023-06-24 18:01:57,359 [amqEmbeddedWorkerJmsContainer-16] [uk.ac.ebi.interpro.scan.io.pirsf.hmmer3.PirsfHmmer3RawMatchParser:129] WARN - Couldn't parse the given raw match line, because it is of an unexpected format.
2023-06-24 18:01:57,359 [amqEmbeddedWorkerJmsContainer-16] [uk.ac.ebi.interpro.scan.io.pirsf.hmmer3.PirsfHmmer3RawMatchParser:130] WARN - Unexpected Raw match line: #    score  bias  c-Evalue  i-Evalue hmmfrom  hmm to    alifrom  ali to    envfrom  env to     acc
2023-06-24 18:01:57,360 [amqEmbeddedWorkerJmsContainer-16] [uk.ac.ebi.interpro.scan.io.pirsf.hmmer3.PirsfHmmer3RawMatchParser:129] WARN - Couldn't parse the given raw match line, because it is of an unexpected format.
2023-06-24 18:01:57,360 [amqEmbeddedWorkerJmsContainer-16] [uk.ac.ebi.interpro.scan.io.pirsf.hmmer3.PirsfHmmer3RawMatchParser:130] WARN - Unexpected Raw match line: 1 !  775.5   0.2  1.6e-237  3.5e-235       9     463 ..      23     476 ..      16     477 .] 0.99
2023-06-24 18:01:57,360 [amqEmbeddedWorkerJmsContainer-16] [uk.ac.ebi.interpro.scan.io.pirsf.hmmer3.PirsfHmmer3RawMatchParser:129] WARN - Couldn't parse the given raw match line, because it is of an unexpected format.
2023-06-24 18:01:57,360 [amqEmbeddedWorkerJmsContainer-16] [uk.ac.ebi.interpro.scan.io.pirsf.hmmer3.PirsfHmmer3RawMatchParser:130] WARN - Unexpected Raw match line: Query sequence: 64 matches PIRSF000505: 3-phosphoshikimate 1-carboxyvinyltransferase
2023-06-24 18:01:57,360 [amqEmbeddedWorkerJmsContainer-16] [uk.ac.ebi.interpro.scan.io.pirsf.hmmer3.PirsfHmmer3RawMatchParser:129] WARN - Couldn't parse the given raw match line, because it is of an unexpected format.
2023-06-24 18:01:57,360 [amqEmbeddedWorkerJmsContainer-16] [uk.ac.ebi.interpro.scan.io.pirsf.hmmer3.PirsfHmmer3RawMatchParser:130] WARN - Unexpected Raw match line: #    score  bias  c-Evalue  i-Evalue hmmfrom  hmm to    alifrom  ali to    envfrom  env to     acc
2023-06-24 18:01:57,360 [amqEmbeddedWorkerJmsContainer-16] [uk.ac.ebi.interpro.scan.io.pirsf.hmmer3.PirsfHmmer3RawMatchParser:129] WARN - Couldn't parse the given raw match line, because it is of an unexpected format.
2023-06-24 18:01:57,360 [amqEmbeddedWorkerJmsContainer-16] [uk.ac.ebi.interpro.scan.io.pirsf.hmmer3.PirsfHmmer3RawMatchParser:130] WARN - Unexpected Raw match line: 1 !  417.3   0.0  2.9e-129  1.2e-126       4     438 ..       8     427 ..       5     429 .] 0.93
2023-06-24 18:01:57,360 [amqEmbeddedWorkerJmsContainer-16] [uk.ac.ebi.interpro.scan.io.pirsf.hmmer3.PirsfHmmer3RawMatchParser:129] WARN - Couldn't parse the given raw match line, because it is of an unexpected format.
2023-06-24 18:01:57,360 [amqEmbeddedWorkerJmsContainer-16] [uk.ac.ebi.interpro.scan.io.pirsf.hmmer3.PirsfHmmer3RawMatchParser:130] WARN - Unexpected Raw match line: Query sequence: 76 matches PIRSF000497: Methionine adenosyltransferase
2023-06-24 18:01:57,360 [amqEmbeddedWorkerJmsContainer-16] [uk.ac.ebi.interpro.scan.io.pirsf.hmmer3.PirsfHmmer3RawMatchParser:129] WARN - Couldn't parse the given raw match line, because it is of an unexpected format.
2023-06-24 18:01:57,360 [amqEmbeddedWorkerJmsContainer-16] [uk.ac.ebi.interpro.scan.io.pirsf.hmmer3.PirsfHmmer3RawMatchParser:130] WARN - Unexpected Raw match line: #    score  bias  c-Evalue  i-Evalue hmmfrom  hmm to    alifrom  ali to    envfrom  env to     acc
2023-06-24 18:01:57,360 [amqEmbeddedWorkerJmsContainer-16] [uk.ac.ebi.interpro.scan.io.pirsf.hmmer3.PirsfHmmer3RawMatchParser:129] WARN - Couldn't parse the given raw match line, because it is of an unexpected format.
2023-06-24 18:01:57,360 [amqEmbeddedWorkerJmsContainer-16] [uk.ac.ebi.interpro.scan.io.pirsf.hmmer3.PirsfHmmer3RawMatchParser:130] WARN - Unexpected Raw match line: 1 !  586.3   0.0  1.5e-180  6.3e-178       4     387 ..       6     386 ..       4     388 .. 0.98
2023-06-24 18:01:57,360 [amqEmbeddedWorkerJmsContainer-16] [uk.ac.ebi.interpro.scan.io.pirsf.hmmer3.PirsfHmmer3RawMatchParser:129] WARN - Couldn't parse the given raw match line, because it is of an unexpected format.
2023-06-24 18:01:57,361 [amqEmbeddedWorkerJmsContainer-16] [uk.ac.ebi.interpro.scan.io.pirsf.hmmer3.PirsfHmmer3RawMatchParser:130] WARN - Unexpected Raw match line: Query sequence: 91 matches PIRSF001109: Adenosylhomocysteine hydrolase, SAHH type
2023-06-24 18:01:57,361 [amqEmbeddedWorkerJmsContainer-16] [uk.ac.ebi.interpro.scan.io.pirsf.hmmer3.PirsfHmmer3RawMatchParser:129] WARN - Couldn't parse the given raw match line, because it is of an unexpected format.
2023-06-24 18:01:57,361 [amqEmbeddedWorkerJmsContainer-16] [uk.ac.ebi.interpro.scan.io.pirsf.hmmer3.PirsfHmmer3RawMatchParser:130] WARN - Unexpected Raw match line: #    score  bias  c-Evalue  i-Evalue hmmfrom  hmm to    alifrom  ali to    envfrom  env to     acc
2023-06-24 18:01:57,361 [amqEmbeddedWorkerJmsContainer-16] [uk.ac.ebi.interpro.scan.io.pirsf.hmmer3.PirsfHmmer3RawMatchParser:129] WARN - Couldn't parse the given raw match line, because it is of an unexpected format.
2023-06-24 18:01:57,361 [amqEmbeddedWorkerJmsContainer-16] [uk.ac.ebi.interpro.scan.io.pirsf.hmmer3.PirsfHmmer3RawMatchParser:130] WARN - Unexpected Raw match line: 1 !  523.4   2.2  8.4e-161  8.9e-159      14     426 ..      67     478 .]      58     478 .] 0.99
24/06/2023 18:12:00:100 100% done:  InterProScan analyses completed 

2023-06-24 18:12:00,602 [main] [uk.ac.ebi.interpro.scan.jms.master.AbstractMaster:259] WARN - Master process unable to delete temporary directory /projects/raw_lab/jobs/metacerberus/temp/str-c95.uncc.edu_20230624_175853431_b51x
3288.17user 281.45system 13:11.74elapsed 450%CPU (0avgtext+0avgdata 3338596maxresident)k
6264560inputs+1524248outputs (636major+19341794minor)pagefaults 0swaps

======================================================
End Time   : Sat Jun 24 18:12:00 EDT 2023
Run Time   : 792 seconds
======================================================

