=====================================================
Start Time  : Sat Jun 24 21:38:12 EDT 2023
Submit Dir  : /projects/raw_lab/jobs/metacerberus
Job ID/Name : 3996873 / InterProScan
Node List   : str-c90
Num Tasks   : 1 total [1 nodes @ 16 CPUs/node]
======================================================

Loading interproscan/5.60-92.0
  Loading requirement: anaconda3/2020.11 openjdk/15
======================================================
Running InterProScan On VIRAL_ARCHAEA/MZ334511.fna
======================================================
24/06/2023 21:38:13:147 Welcome to InterProScan-5.60-92.0
24/06/2023 21:38:13:148 Running InterProScan v5 in STANDALONE mode... on Linux
24/06/2023 21:38:17:139 RunID: str-c90.uncc.edu_20230624_213816961_4vl5
24/06/2023 21:38:25:643 Loading file /projects/raw_lab/jobs/metacerberus/VIRAL_ARCHAEA/MZ334511.fna
24/06/2023 21:38:26:126 Running the following analyses:
[AntiFam-7.0,CDD-3.20,Coils-2.2.1,FunFam-4.3.0,Gene3D-4.3.0,Hamap-2021_04,MobiDBLite-2.0,PANTHER-17.0,Pfam-35.0,PIRSF-3.10,PIRSR-2021_05,PRINTS-42.0,ProSitePatterns-2022_01,ProSiteProfiles-2022_01,SFLD-4,SMART-7.1,SUPERFAMILY-1.75,TIGRFAM-15.0]
Pre-calculated match lookup service DISABLED.  Please wait for match calculations to complete...
2023-06-24 21:39:58,065 [amqEmbeddedWorkerJmsContainer-11] [uk.ac.ebi.interpro.scan.management.model.implementations.WriteOutputStep:344] WARN - At write output completion, unable to delete temporary directory /projects/raw_lab/jobs/metacerberus/temp/str-c90.uncc.edu_20230624_213816961_4vl5
24/06/2023 21:39:58:151 100% done:  InterProScan analyses completed 

2023-06-24 21:39:58,653 [main] [uk.ac.ebi.interpro.scan.jms.master.AbstractMaster:259] WARN - Master process unable to delete temporary directory /projects/raw_lab/jobs/metacerberus/temp/str-c90.uncc.edu_20230624_213816961_4vl5
2023-06-24 21:39:58,661 [main] [uk.ac.ebi.interpro.scan.jms.main.Run:1778] WARN - At Run completion, unable to delete temporary directory /projects/raw_lab/jobs/metacerberus/temp/str-c90.uncc.edu_20230624_213816961_4vl5
249.87user 23.30system 1:46.26elapsed 257%CPU (0avgtext+0avgdata 3301100maxresident)k
497584inputs+493128outputs (13major+1726857minor)pagefaults 0swaps

======================================================
End Time   : Sat Jun 24 21:39:58 EDT 2023
Run Time   : 106 seconds
======================================================

