=====================================================
Start Time  : Sat Jul  1 17:14:43 EDT 2023
Submit Dir  : /projects/raw_lab/jobs/metacerberus
Job ID/Name : 4128818 / PROKKA
Node List   : str-c112
Num Tasks   : 1 total [1 nodes @ 16 CPUs/node]
======================================================

Loading prokka/1.14.6
  Loading requirement: anaconda3/2022.10
======================================================
Running PROKKA On CPR/SAMN04328186.fna
======================================================
Viruses
[17:14:45] This is prokka 1.14.6
[17:14:45] Written by Torsten Seemann <torsten.seemann@gmail.com>
[17:14:45] Homepage is https://github.com/tseemann/prokka
[17:14:45] Local time is Sat Jul  1 17:14:45 2023
[17:14:45] You are jlfiguer
[17:14:45] Operating system is linux
[17:14:45] You have BioPerl 1.7.8
Argument "1.7.8" isn't numeric in numeric lt (<) at /apps/pkg/anaconda3/2022.10/envs/prokka-1.14.6/bin/prokka line 259.
[17:14:45] System has 16 cores.
[17:14:45] Will use maximum of 16 cores.
[17:14:45] Annotating as >>> Viruses <<<
[17:14:45] Generating locus_tag from 'CPR/SAMN04328186.fna' contents.
[17:14:45] Setting --locustag JCPFJMIC from MD5 3c9f362c36052c8879afd8778a7f8a43
[17:14:45] Creating new output folder: results/PROKKA/CPR/SAMN04328186
[17:14:45] Running: mkdir -p results\/PROKKA\/CPR\/SAMN04328186
[17:14:45] Using filename prefix: SAMN04328186.XXX
[17:14:45] Setting HMMER_NCPU=1
[17:14:45] Writing log to: results/PROKKA/CPR/SAMN04328186/SAMN04328186.log
[17:14:45] Command: /apps/pkg/anaconda3/2022.10/envs/prokka-1.14.6/bin/prokka --prefix SAMN04328186 --outdir results/PROKKA/CPR/SAMN04328186 --kingdom Viruses --cpus 16 CPR/SAMN04328186.fna
[17:14:45] Appending to PATH: /apps/pkg/anaconda3/2022.10/envs/prokka-1.14.6/bin
[17:14:45] Looking for 'aragorn' - found /apps/pkg/anaconda3/2022.10/envs/prokka-1.14.6/bin/aragorn
[17:14:45] Determined aragorn version is 001002 from 'ARAGORN v1.2.41 Dean Laslett'
[17:14:45] Looking for 'barrnap' - found /apps/pkg/anaconda3/2022.10/envs/prokka-1.14.6/bin/barrnap
[17:14:45] Determined barrnap version is 000009 from 'barrnap 0.9'
[17:14:45] Looking for 'blastp' - found /apps/pkg/anaconda3/2022.10/envs/prokka-1.14.6/bin/blastp
[17:14:45] Determined blastp version is 002013 from 'blastp: 2.13.0+'
[17:14:45] Looking for 'cmpress' - found /apps/pkg/anaconda3/2022.10/envs/prokka-1.14.6/bin/cmpress
[17:14:45] Determined cmpress version is 001001 from '# INFERNAL 1.1.4 (Dec 2020)'
[17:14:45] Looking for 'cmscan' - found /apps/pkg/anaconda3/2022.10/envs/prokka-1.14.6/bin/cmscan
[17:14:45] Determined cmscan version is 001001 from '# INFERNAL 1.1.4 (Dec 2020)'
[17:14:45] Looking for 'egrep' - found /usr/bin/egrep
[17:14:45] Looking for 'find' - found /usr/bin/find
[17:14:45] Looking for 'grep' - found /usr/bin/grep
[17:14:45] Looking for 'hmmpress' - found /apps/pkg/anaconda3/2022.10/envs/prokka-1.14.6/bin/hmmpress
[17:14:45] Determined hmmpress version is 003003 from '# HMMER 3.3.2 (Nov 2020); http://hmmer.org/'
[17:14:45] Looking for 'hmmscan' - found /apps/pkg/anaconda3/2022.10/envs/prokka-1.14.6/bin/hmmscan
[17:14:45] Determined hmmscan version is 003003 from '# HMMER 3.3.2 (Nov 2020); http://hmmer.org/'
[17:14:45] Looking for 'java' - found /apps/pkg/anaconda3/2022.10/envs/prokka-1.14.6/bin/java
[17:14:45] Looking for 'makeblastdb' - found /apps/pkg/anaconda3/2022.10/envs/prokka-1.14.6/bin/makeblastdb
[17:14:45] Determined makeblastdb version is 002013 from 'makeblastdb: 2.13.0+'
[17:14:45] Looking for 'minced' - found /apps/pkg/anaconda3/2022.10/envs/prokka-1.14.6/bin/minced
[17:14:45] Determined minced version is 004002 from 'minced 0.4.2'
[17:14:45] Looking for 'parallel' - found /apps/pkg/anaconda3/2022.10/envs/prokka-1.14.6/bin/parallel
[17:14:45] Determined parallel version is 20230122 from 'GNU parallel 20230122'
[17:14:45] Looking for 'prodigal' - found /apps/pkg/anaconda3/2022.10/envs/prokka-1.14.6/bin/prodigal
[17:14:45] Determined prodigal version is 002006 from 'Prodigal V2.6.3: February, 2016'
[17:14:45] Looking for 'prokka-genbank_to_fasta_db' - found /apps/pkg/anaconda3/2022.10/envs/prokka-1.14.6/bin/prokka-genbank_to_fasta_db
[17:14:45] Looking for 'sed' - found /usr/bin/sed
[17:14:45] Looking for 'tbl2asn' - found /apps/pkg/anaconda3/2022.10/envs/prokka-1.14.6/bin/tbl2asn
[17:14:45] Determined tbl2asn version is 025007 from 'tbl2asn 25.7   arguments:'
[17:14:45] Using genetic code table 1.
[17:14:45] Loading and checking input file: CPR/SAMN04328186.fna
[17:14:45] Wrote 46 contigs totalling 427692 bp.
[17:14:45] Predicting tRNAs and tmRNAs
[17:14:45] Running: aragorn -l -gc1  -w results\/PROKKA\/CPR\/SAMN04328186\/SAMN04328186\.fna
[17:14:45] 1 tRNA-Ser c[2249,2340] 35 (gct)
[17:14:45] 2 tRNA-Cys [4219,4292] 34 (gca)
[17:14:45] 3 tRNA-Leu [4321,4405] 35 (taa)
[17:14:45] 1 tRNA-Ile [22106,22180] 33 (tat)
[17:14:45] 1 tRNA-Gln c[4899,4972] 33 (ttg)
[17:14:45] 2 tRNA-Thr c[14394,14466] 33 (cgt)
[17:14:45] 1 tRNA-Pro [1742,1813] 33 (tgg)
[17:14:45] 2 tRNA-Gly [2584,2656] 34 (tcc)
[17:14:45] 1 tRNA-Val c[83,155] 33 (gac)
[17:14:45] 2 tRNA-Thr c[199,271] 33 (ggt)
[17:14:45] 3 tRNA-Thr c[503,575] 33 (tgt)
[17:14:45] 4 tRNA-Tyr c[1271,1354] 35 (gta)
[17:14:45] 1 tRNA-Pro [139,211] 33 (cgg)
[17:14:45] 2 tRNA-Ala [4637,4710] 33 (cgc)
[17:14:45] 1 tmRNA [421,735] 88,126 ANKNLAPAFAFA*
[17:14:45] 2 tRNA-Ile c[10421,10493] 33 (gat)
[17:14:45] 3 tRNA-Leu [17944,18028] 35 (caa)
[17:14:45] 1 tRNA-Ser [51,138] 35 (tga)
[17:14:45] 1 tRNA-Arg [451,525] 34 (ccg)
[17:14:45] 2 tRNA-Val [1249,1321] 33 (tac)
[17:14:45] 1 tRNA-Leu c[15327,15409] 35 (tag)
[17:14:45] 1 tRNA-Glu [9028,9101] 35 (ctc)
[17:14:45] 2 tRNA-Gly [14958,15029] 33 (ccc)
[17:14:45] 1 tRNA-Pro [5007,5080] 33 (ggg)
[17:14:45] 1 tRNA-Gln c[21,95] 34 (ctg)
[17:14:45] 1 tRNA-Ser c[1927,2011] 35 (gga)
[17:14:45] 1 tRNA-Ser [358,445] 35 (gga)
[17:14:45] 1 tRNA-Arg c[7426,7500] 34 (gcg)
[17:14:45] Found 28 tRNAs
[17:14:45] Disabling rRNA search: --kingdom=Viruses or --norrna=0
[17:14:45] Skipping ncRNA search, enable with --rfam if desired.
[17:14:45] Total of 27 tRNA + rRNA features
[17:14:45] Searching for CRISPR repeats
[17:14:45] Found 0 CRISPRs
[17:14:45] Predicting coding sequences
[17:14:45] Contigs total 427692 bp, so using single mode
[17:14:45] Running: prodigal -i results\/PROKKA\/CPR\/SAMN04328186\/SAMN04328186\.fna -c -m -g 1 -p single -f sco -q
[17:14:46] Excluding CDS which overlaps existing RNA (tRNA) at MNWX01000002.1:761..2290 on + strand
[17:14:46] Excluding CDS which overlaps existing RNA (tRNA) at MNWX01000007.1:2647..3453 on - strand
[17:14:46] Excluding CDS which overlaps existing RNA (tRNA) at MNWX01000023.1:433..1086 on - strand
[17:14:46] Excluding CDS which overlaps existing RNA (tRNA) at MNWX01000036.1:81..941 on - strand
[17:14:46] Found 412 CDS
[17:14:46] Connecting features back to sequences
[17:14:46] Not using genus-specific database. Try --usegenus to enable it.
[17:14:46] Annotating CDS, please be patient.
[17:14:46] Will use 16 CPUs for similarity searching.
[17:14:46] There are still 412 unannotated CDS left (started with 412)
[17:14:46] Will use blast to search against /apps/pkg/anaconda3/2022.10/envs/prokka-1.14.6/db/kingdom/Viruses/sprot with 16 CPUs
[17:14:46] Running: cat results\/PROKKA\/CPR\/SAMN04328186\/SAMN04328186\.sprot\.tmp\.1485834\.faa | parallel --gnu --plain -j 16 --block 3685 --recstart '>' --pipe blastp -query - -db /apps/pkg/anaconda3/2022.10/envs/prokka-1.14.6/db/kingdom/Viruses/sprot -evalue 1e-09 -qcov_hsp_perc 80 -num_threads 1 -num_descriptions 1 -num_alignments 1 -seg no > results\/PROKKA\/CPR\/SAMN04328186\/SAMN04328186\.sprot\.tmp\.1485834\.blast 2> /dev/null
[17:14:47] Deleting unwanted file: results/PROKKA/CPR/SAMN04328186/SAMN04328186.sprot.tmp.1485834.faa
[17:14:47] Deleting unwanted file: results/PROKKA/CPR/SAMN04328186/SAMN04328186.sprot.tmp.1485834.blast
[17:14:47] Labelling remaining 410 proteins as 'hypothetical protein'
[17:14:47] Found 2 unique /gene codes.
[17:14:47] Fixed 0 colliding /gene names.
[17:14:47] Adding /locus_tag identifiers
[17:14:47] Assigned 440 locus_tags to CDS and RNA features.
[17:14:47] Writing outputs to results/PROKKA/CPR/SAMN04328186/
[17:14:47] Generating annotation statistics file
[17:14:47] Generating Genbank and Sequin files
[17:14:47] Running: tbl2asn -V b -a r10k -l paired-ends -M n -N 1 -y 'Annotated using prokka 1.14.6 from https://github.com/tseemann/prokka' -Z results\/PROKKA\/CPR\/SAMN04328186\/SAMN04328186\.err -i results\/PROKKA\/CPR\/SAMN04328186\/SAMN04328186\.fsa 2> /dev/null
[tbl2asn-forever] Found Prokka input, correcting dates in .gbf|.sqn files.
[tbl2asn-forever] Correcting dates in results/PROKKA/CPR/SAMN04328186/SAMN04328186.gbf
[tbl2asn-forever] Correcting dates in results/PROKKA/CPR/SAMN04328186/SAMN04328186.sqn
[tbl2asn-forever] Dates changed from 01-JAN-2019 to 01-JUL-2023
[17:14:48] Deleting unwanted file: results/PROKKA/CPR/SAMN04328186/errorsummary.val
[17:14:48] Deleting unwanted file: results/PROKKA/CPR/SAMN04328186/SAMN04328186.dr
[17:14:48] Deleting unwanted file: results/PROKKA/CPR/SAMN04328186/SAMN04328186.fixedproducts
[17:14:48] Deleting unwanted file: results/PROKKA/CPR/SAMN04328186/SAMN04328186.ecn
[17:14:48] Deleting unwanted file: results/PROKKA/CPR/SAMN04328186/SAMN04328186.val
[17:14:48] Repairing broken .GBK output that tbl2asn produces...
[17:14:48] Running: sed 's/COORDINATES: profile/COORDINATES:profile/' < results\/PROKKA\/CPR\/SAMN04328186\/SAMN04328186\.gbf > results\/PROKKA\/CPR\/SAMN04328186\/SAMN04328186\.gbk
[17:14:48] Deleting unwanted file: results/PROKKA/CPR/SAMN04328186/SAMN04328186.gbf
[17:14:48] Output files:
[17:14:48] results/PROKKA/CPR/SAMN04328186/SAMN04328186.log
[17:14:48] results/PROKKA/CPR/SAMN04328186/SAMN04328186.fna
[17:14:48] results/PROKKA/CPR/SAMN04328186/SAMN04328186.gff
[17:14:48] results/PROKKA/CPR/SAMN04328186/SAMN04328186.faa
[17:14:48] results/PROKKA/CPR/SAMN04328186/SAMN04328186.ffn
[17:14:48] results/PROKKA/CPR/SAMN04328186/SAMN04328186.tbl
[17:14:48] results/PROKKA/CPR/SAMN04328186/SAMN04328186.fsa
[17:14:48] results/PROKKA/CPR/SAMN04328186/SAMN04328186.tsv
[17:14:48] results/PROKKA/CPR/SAMN04328186/SAMN04328186.txt
[17:14:48] results/PROKKA/CPR/SAMN04328186/SAMN04328186.err
[17:14:48] results/PROKKA/CPR/SAMN04328186/SAMN04328186.sqn
[17:14:48] results/PROKKA/CPR/SAMN04328186/SAMN04328186.gbk
[17:14:48] Annotation finished successfully.
[17:14:48] Walltime used: 0.05 minutes
[17:14:48] If you use this result please cite the Prokka paper:
[17:14:48] Seemann T (2014) Prokka: rapid prokaryotic genome annotation. Bioinformatics. 30(14):2068-9.
[17:14:48] Type 'prokka --citation' for more details.
[17:14:48] Share and enjoy!
11.31user 0.76system 0:03.61elapsed 334%CPU (0avgtext+0avgdata 88968maxresident)k
5632inputs+27136outputs (0major+239871minor)pagefaults 0swaps

======================================================
End Time   : Sat Jul  1 17:14:48 EDT 2023
Run Time   : 5 seconds
======================================================

