=====================================================
Start Time  : Sat Jul  1 17:15:08 EDT 2023
Submit Dir  : /projects/raw_lab/jobs/metacerberus
Job ID/Name : 4128967 / PROKKA
Node List   : str-c108
Num Tasks   : 1 total [1 nodes @ 16 CPUs/node]
======================================================

Loading prokka/1.14.6
  Loading requirement: anaconda3/2022.10
======================================================
Running PROKKA On VIRAL/genomes/NC_027983.1.fna
======================================================
Viruses
[17:15:10] This is prokka 1.14.6
[17:15:10] Written by Torsten Seemann <torsten.seemann@gmail.com>
[17:15:10] Homepage is https://github.com/tseemann/prokka
[17:15:10] Local time is Sat Jul  1 17:15:10 2023
[17:15:10] You are jlfiguer
[17:15:10] Operating system is linux
[17:15:10] You have BioPerl 1.7.8
Argument "1.7.8" isn't numeric in numeric lt (<) at /apps/pkg/anaconda3/2022.10/envs/prokka-1.14.6/bin/prokka line 259.
[17:15:10] System has 16 cores.
[17:15:10] Will use maximum of 16 cores.
[17:15:10] Annotating as >>> Viruses <<<
[17:15:10] Generating locus_tag from 'VIRAL/genomes/NC_027983.1.fna' contents.
[17:15:10] Setting --locustag BJKDFOLI from MD5 b34df852445bea58fbace6057294a66c
[17:15:10] Creating new output folder: results/PROKKA/VIRAL/genomes/NC_027983.1
[17:15:10] Running: mkdir -p results\/PROKKA\/VIRAL\/genomes\/NC_027983\.1
[17:15:10] Using filename prefix: NC_027983.1.XXX
[17:15:10] Setting HMMER_NCPU=1
[17:15:10] Writing log to: results/PROKKA/VIRAL/genomes/NC_027983.1/NC_027983.1.log
[17:15:10] Command: /apps/pkg/anaconda3/2022.10/envs/prokka-1.14.6/bin/prokka --prefix NC_027983.1 --outdir results/PROKKA/VIRAL/genomes/NC_027983.1 --kingdom Viruses --cpus 16 VIRAL/genomes/NC_027983.1.fna
[17:15:10] Appending to PATH: /apps/pkg/anaconda3/2022.10/envs/prokka-1.14.6/bin
[17:15:10] Looking for 'aragorn' - found /apps/pkg/anaconda3/2022.10/envs/prokka-1.14.6/bin/aragorn
[17:15:10] Determined aragorn version is 001002 from 'ARAGORN v1.2.41 Dean Laslett'
[17:15:10] Looking for 'barrnap' - found /apps/pkg/anaconda3/2022.10/envs/prokka-1.14.6/bin/barrnap
[17:15:10] Determined barrnap version is 000009 from 'barrnap 0.9'
[17:15:10] Looking for 'blastp' - found /apps/pkg/anaconda3/2022.10/envs/prokka-1.14.6/bin/blastp
[17:15:10] Determined blastp version is 002013 from 'blastp: 2.13.0+'
[17:15:10] Looking for 'cmpress' - found /apps/pkg/anaconda3/2022.10/envs/prokka-1.14.6/bin/cmpress
[17:15:10] Determined cmpress version is 001001 from '# INFERNAL 1.1.4 (Dec 2020)'
[17:15:10] Looking for 'cmscan' - found /apps/pkg/anaconda3/2022.10/envs/prokka-1.14.6/bin/cmscan
[17:15:10] Determined cmscan version is 001001 from '# INFERNAL 1.1.4 (Dec 2020)'
[17:15:10] Looking for 'egrep' - found /usr/bin/egrep
[17:15:10] Looking for 'find' - found /usr/bin/find
[17:15:10] Looking for 'grep' - found /usr/bin/grep
[17:15:10] Looking for 'hmmpress' - found /apps/pkg/anaconda3/2022.10/envs/prokka-1.14.6/bin/hmmpress
[17:15:10] Determined hmmpress version is 003003 from '# HMMER 3.3.2 (Nov 2020); http://hmmer.org/'
[17:15:10] Looking for 'hmmscan' - found /apps/pkg/anaconda3/2022.10/envs/prokka-1.14.6/bin/hmmscan
[17:15:10] Determined hmmscan version is 003003 from '# HMMER 3.3.2 (Nov 2020); http://hmmer.org/'
[17:15:10] Looking for 'java' - found /apps/pkg/anaconda3/2022.10/envs/prokka-1.14.6/bin/java
[17:15:10] Looking for 'makeblastdb' - found /apps/pkg/anaconda3/2022.10/envs/prokka-1.14.6/bin/makeblastdb
[17:15:10] Determined makeblastdb version is 002013 from 'makeblastdb: 2.13.0+'
[17:15:10] Looking for 'minced' - found /apps/pkg/anaconda3/2022.10/envs/prokka-1.14.6/bin/minced
[17:15:10] Determined minced version is 004002 from 'minced 0.4.2'
[17:15:10] Looking for 'parallel' - found /apps/pkg/anaconda3/2022.10/envs/prokka-1.14.6/bin/parallel
[17:15:10] Determined parallel version is 20230122 from 'GNU parallel 20230122'
[17:15:10] Looking for 'prodigal' - found /apps/pkg/anaconda3/2022.10/envs/prokka-1.14.6/bin/prodigal
[17:15:10] Determined prodigal version is 002006 from 'Prodigal V2.6.3: February, 2016'
[17:15:10] Looking for 'prokka-genbank_to_fasta_db' - found /apps/pkg/anaconda3/2022.10/envs/prokka-1.14.6/bin/prokka-genbank_to_fasta_db
[17:15:10] Looking for 'sed' - found /usr/bin/sed
[17:15:10] Looking for 'tbl2asn' - found /apps/pkg/anaconda3/2022.10/envs/prokka-1.14.6/bin/tbl2asn
[17:15:10] Determined tbl2asn version is 025007 from 'tbl2asn 25.7   arguments:'
[17:15:10] Using genetic code table 1.
[17:15:10] Loading and checking input file: VIRAL/genomes/NC_027983.1.fna
[17:15:10] Wrote 1 contigs totalling 167435 bp.
[17:15:10] Predicting tRNAs and tmRNAs
[17:15:10] Running: aragorn -l -gc1  -w results\/PROKKA\/VIRAL\/genomes\/NC_027983\.1\/NC_027983\.1\.fna
[17:15:10] 1 tRNA-Arg c[68329,68404] 34 (tct)
[17:15:10] 2 tRNA-His c[68409,68484] 34 (gtg)
[17:15:10] 3 tRNA-Asn c[68598,68672] 33 (gtt)
[17:15:10] 4 tRNA-Tyr c[68677,68763] 35 (gta)
[17:15:10] 5 tRNA-Met c[68777,68851] 34 (cat)
[17:15:10] 6 tRNA-Thr c[68853,68928] 34 (tgt)
[17:15:10] 7 tRNA-Ser c[68934,69023] 35 (tga)
[17:15:10] 8 tRNA-Gly c[69685,69758] 33 (tcc)
[17:15:10] 9 tRNA-Leu c[69764,69850] 35 (taa)
[17:15:10] 10 tRNA-Gln c[69851,69924] 34 (ttg)
[17:15:10] Found 10 tRNAs
[17:15:10] Disabling rRNA search: --kingdom=Viruses or --norrna=0
[17:15:10] Skipping ncRNA search, enable with --rfam if desired.
[17:15:10] Total of 10 tRNA + rRNA features
[17:15:10] Searching for CRISPR repeats
[17:15:10] Found 0 CRISPRs
[17:15:10] Predicting coding sequences
[17:15:10] Contigs total 167435 bp, so using single mode
[17:15:10] Running: prodigal -i results\/PROKKA\/VIRAL\/genomes\/NC_027983\.1\/NC_027983\.1\.fna -c -m -g 1 -p single -f sco -q
[17:15:11] Found 257 CDS
[17:15:11] Connecting features back to sequences
[17:15:11] Not using genus-specific database. Try --usegenus to enable it.
[17:15:11] Annotating CDS, please be patient.
[17:15:11] Will use 16 CPUs for similarity searching.
[17:15:11] There are still 257 unannotated CDS left (started with 257)
[17:15:11] Will use blast to search against /apps/pkg/anaconda3/2022.10/envs/prokka-1.14.6/db/kingdom/Viruses/sprot with 16 CPUs
[17:15:11] Running: cat results\/PROKKA\/VIRAL\/genomes\/NC_027983\.1\/NC_027983\.1\.sprot\.tmp\.1658245\.faa | parallel --gnu --plain -j 16 --block 1666 --recstart '>' --pipe blastp -query - -db /apps/pkg/anaconda3/2022.10/envs/prokka-1.14.6/db/kingdom/Viruses/sprot -evalue 1e-09 -qcov_hsp_perc 80 -num_threads 1 -num_descriptions 1 -num_alignments 1 -seg no > results\/PROKKA\/VIRAL\/genomes\/NC_027983\.1\/NC_027983\.1\.sprot\.tmp\.1658245\.blast 2> /dev/null
[17:15:12] Deleting unwanted file: results/PROKKA/VIRAL/genomes/NC_027983.1/NC_027983.1.sprot.tmp.1658245.faa
[17:15:12] Deleting unwanted file: results/PROKKA/VIRAL/genomes/NC_027983.1/NC_027983.1.sprot.tmp.1658245.blast
[17:15:12] Labelling remaining 162 proteins as 'hypothetical protein'
[17:15:12] Possible /pseudo 'Sliding-clamp-loader gp44 subunit' at NC_027983.1 position 28870
[17:15:12] Possible /pseudo 'ATP-dependent DNA helicase uvsW' at NC_027983.1 position 111049
[17:15:12] Possible /pseudo 'NAD(+)--arginine ADP-ribosyltransferase' at NC_027983.1 position 122091
[17:15:12] Found 46 unique /gene codes.
[17:15:12] Fixed 2 duplicate /gene - alt_1 alt_2
[17:15:12] Fixed 2 duplicate /gene - uvsW_1 uvsW_2
[17:15:12] Fixed 2 colliding /gene names.
[17:15:12] Adding /locus_tag identifiers
[17:15:12] Assigned 267 locus_tags to CDS and RNA features.
[17:15:12] Writing outputs to results/PROKKA/VIRAL/genomes/NC_027983.1/
[17:15:12] Generating annotation statistics file
[17:15:12] Generating Genbank and Sequin files
[17:15:12] Running: tbl2asn -V b -a r10k -l paired-ends -M n -N 1 -y 'Annotated using prokka 1.14.6 from https://github.com/tseemann/prokka' -Z results\/PROKKA\/VIRAL\/genomes\/NC_027983\.1\/NC_027983\.1\.err -i results\/PROKKA\/VIRAL\/genomes\/NC_027983\.1\/NC_027983\.1\.fsa 2> /dev/null
[tbl2asn-forever] Found Prokka input, correcting dates in .gbf|.sqn files.
[tbl2asn-forever] Correcting dates in results/PROKKA/VIRAL/genomes/NC_027983.1/NC_027983.1.gbf
[tbl2asn-forever] Correcting dates in results/PROKKA/VIRAL/genomes/NC_027983.1/NC_027983.1.sqn
[tbl2asn-forever] Dates changed from 01-JAN-2019 to 01-JUL-2023
[17:15:12] Deleting unwanted file: results/PROKKA/VIRAL/genomes/NC_027983.1/errorsummary.val
[17:15:12] Deleting unwanted file: results/PROKKA/VIRAL/genomes/NC_027983.1/NC_027983.1.dr
[17:15:12] Deleting unwanted file: results/PROKKA/VIRAL/genomes/NC_027983.1/NC_027983.1.fixedproducts
[17:15:12] Deleting unwanted file: results/PROKKA/VIRAL/genomes/NC_027983.1/NC_027983.1.ecn
[17:15:12] Deleting unwanted file: results/PROKKA/VIRAL/genomes/NC_027983.1/NC_027983.1.val
[17:15:12] Repairing broken .GBK output that tbl2asn produces...
[17:15:12] Running: sed 's/COORDINATES: profile/COORDINATES:profile/' < results\/PROKKA\/VIRAL\/genomes\/NC_027983\.1\/NC_027983\.1\.gbf > results\/PROKKA\/VIRAL\/genomes\/NC_027983\.1\/NC_027983\.1\.gbk
[17:15:12] Deleting unwanted file: results/PROKKA/VIRAL/genomes/NC_027983.1/NC_027983.1.gbf
[17:15:12] Output files:
[17:15:12] results/PROKKA/VIRAL/genomes/NC_027983.1/NC_027983.1.log
[17:15:12] results/PROKKA/VIRAL/genomes/NC_027983.1/NC_027983.1.fna
[17:15:12] results/PROKKA/VIRAL/genomes/NC_027983.1/NC_027983.1.gff
[17:15:12] results/PROKKA/VIRAL/genomes/NC_027983.1/NC_027983.1.faa
[17:15:12] results/PROKKA/VIRAL/genomes/NC_027983.1/NC_027983.1.ffn
[17:15:12] results/PROKKA/VIRAL/genomes/NC_027983.1/NC_027983.1.tbl
[17:15:12] results/PROKKA/VIRAL/genomes/NC_027983.1/NC_027983.1.fsa
[17:15:12] results/PROKKA/VIRAL/genomes/NC_027983.1/NC_027983.1.tsv
[17:15:12] results/PROKKA/VIRAL/genomes/NC_027983.1/NC_027983.1.txt
[17:15:12] results/PROKKA/VIRAL/genomes/NC_027983.1/NC_027983.1.err
[17:15:12] results/PROKKA/VIRAL/genomes/NC_027983.1/NC_027983.1.sqn
[17:15:12] results/PROKKA/VIRAL/genomes/NC_027983.1/NC_027983.1.gbk
[17:15:12] Annotation finished successfully.
[17:15:12] Walltime used: 0.03 minutes
[17:15:12] If you use this result please cite the Prokka paper:
[17:15:12] Seemann T (2014) Prokka: rapid prokaryotic genome annotation. Bioinformatics. 30(14):2068-9.
[17:15:12] Type 'prokka --citation' for more details.
[17:15:12] Thank you, come again.
7.17user 0.73system 0:02.47elapsed 320%CPU (0avgtext+0avgdata 72596maxresident)k
3192inputs+22152outputs (1major+238469minor)pagefaults 0swaps

======================================================
End Time   : Sat Jul  1 17:15:12 EDT 2023
Run Time   : 4 seconds
======================================================

