=====================================================
Start Time  : Sat Jun 24 18:45:24 EDT 2023
Submit Dir  : /projects/raw_lab/jobs/metacerberus
Job ID/Name : 3995248 / InterProScan
Node List   : str-c93
Num Tasks   : 1 total [1 nodes @ 16 CPUs/node]
======================================================

Loading interproscan/5.60-92.0
  Loading requirement: anaconda3/2020.11 openjdk/15
======================================================
Running InterProScan On GTDB-100/genomes/archaea/GCA_013331515.1.fna
======================================================
24/06/2023 18:45:25:930 Welcome to InterProScan-5.60-92.0
24/06/2023 18:45:25:931 Running InterProScan v5 in STANDALONE mode... on Linux
24/06/2023 18:45:29:939 RunID: str-c93.uncc.edu_20230624_184529767_dzhv
24/06/2023 18:45:38:463 Loading file /projects/raw_lab/jobs/metacerberus/GTDB-100/genomes/archaea/GCA_013331515.1.fna
24/06/2023 18:45:39:155 Running the following analyses:
[AntiFam-7.0,CDD-3.20,Coils-2.2.1,FunFam-4.3.0,Gene3D-4.3.0,Hamap-2021_04,MobiDBLite-2.0,PANTHER-17.0,Pfam-35.0,PIRSF-3.10,PIRSR-2021_05,PRINTS-42.0,ProSitePatterns-2022_01,ProSiteProfiles-2022_01,SFLD-4,SMART-7.1,SUPERFAMILY-1.75,TIGRFAM-15.0]
Pre-calculated match lookup service DISABLED.  Please wait for match calculations to complete...
2023-06-24 18:51:37,614 [amqEmbeddedWorkerJmsContainer-7] [uk.ac.ebi.interpro.scan.io.pirsf.hmmer3.PirsfHmmer3RawMatchParser:129] WARN - Couldn't parse the given raw match line, because it is of an unexpected format.
2023-06-24 18:51:37,618 [amqEmbeddedWorkerJmsContainer-7] [uk.ac.ebi.interpro.scan.io.pirsf.hmmer3.PirsfHmmer3RawMatchParser:130] WARN - Unexpected Raw match line: Query sequence: 108 matches PIRSF001220: L-asparaginase/Glutamyl-tRNA(Gln) amidotransferase subunit D
2023-06-24 18:51:37,618 [amqEmbeddedWorkerJmsContainer-7] [uk.ac.ebi.interpro.scan.io.pirsf.hmmer3.PirsfHmmer3RawMatchParser:129] WARN - Couldn't parse the given raw match line, because it is of an unexpected format.
2023-06-24 18:51:37,618 [amqEmbeddedWorkerJmsContainer-7] [uk.ac.ebi.interpro.scan.io.pirsf.hmmer3.PirsfHmmer3RawMatchParser:130] WARN - Unexpected Raw match line: #    score  bias  c-Evalue  i-Evalue hmmfrom  hmm to    alifrom  ali to    envfrom  env to     acc
2023-06-24 18:51:37,618 [amqEmbeddedWorkerJmsContainer-7] [uk.ac.ebi.interpro.scan.io.pirsf.hmmer3.PirsfHmmer3RawMatchParser:129] WARN - Couldn't parse the given raw match line, because it is of an unexpected format.
2023-06-24 18:51:37,618 [amqEmbeddedWorkerJmsContainer-7] [uk.ac.ebi.interpro.scan.io.pirsf.hmmer3.PirsfHmmer3RawMatchParser:130] WARN - Unexpected Raw match line: 1 !  265.4   0.0   3.8e-83   3.2e-80       3     330 ..     106     453 ..     104     454 .. 0.96
2023-06-24 18:51:37,618 [amqEmbeddedWorkerJmsContainer-7] [uk.ac.ebi.interpro.scan.io.pirsf.hmmer3.PirsfHmmer3RawMatchParser:129] WARN - Couldn't parse the given raw match line, because it is of an unexpected format.
2023-06-24 18:51:37,618 [amqEmbeddedWorkerJmsContainer-7] [uk.ac.ebi.interpro.scan.io.pirsf.hmmer3.PirsfHmmer3RawMatchParser:130] WARN - Unexpected Raw match line: and matches Sub-Family PIRSF500176: L-asparaginase/L-glutaminase
2023-06-24 18:51:37,618 [amqEmbeddedWorkerJmsContainer-7] [uk.ac.ebi.interpro.scan.io.pirsf.hmmer3.PirsfHmmer3RawMatchParser:129] WARN - Couldn't parse the given raw match line, because it is of an unexpected format.
2023-06-24 18:51:37,619 [amqEmbeddedWorkerJmsContainer-7] [uk.ac.ebi.interpro.scan.io.pirsf.hmmer3.PirsfHmmer3RawMatchParser:130] WARN - Unexpected Raw match line: #    score  bias  c-Evalue  i-Evalue hmmfrom  hmm to    alifrom  ali to    envfrom  env to     acc
2023-06-24 18:51:37,619 [amqEmbeddedWorkerJmsContainer-7] [uk.ac.ebi.interpro.scan.io.pirsf.hmmer3.PirsfHmmer3RawMatchParser:129] WARN - Couldn't parse the given raw match line, because it is of an unexpected format.
2023-06-24 18:51:37,619 [amqEmbeddedWorkerJmsContainer-7] [uk.ac.ebi.interpro.scan.io.pirsf.hmmer3.PirsfHmmer3RawMatchParser:130] WARN - Unexpected Raw match line: 1 !  194.4   0.0   1.7e-61   1.4e-58       3     329 ..     108     451 ..     106     452 .. 0.90
2023-06-24 18:51:37,619 [amqEmbeddedWorkerJmsContainer-7] [uk.ac.ebi.interpro.scan.io.pirsf.hmmer3.PirsfHmmer3RawMatchParser:129] WARN - Couldn't parse the given raw match line, because it is of an unexpected format.
2023-06-24 18:51:37,619 [amqEmbeddedWorkerJmsContainer-7] [uk.ac.ebi.interpro.scan.io.pirsf.hmmer3.PirsfHmmer3RawMatchParser:130] WARN - Unexpected Raw match line: Query sequence: 11 matches PIRSF001359: Fructose-bisphosphate aldolase II
2023-06-24 18:51:37,619 [amqEmbeddedWorkerJmsContainer-7] [uk.ac.ebi.interpro.scan.io.pirsf.hmmer3.PirsfHmmer3RawMatchParser:129] WARN - Couldn't parse the given raw match line, because it is of an unexpected format.
2023-06-24 18:51:37,619 [amqEmbeddedWorkerJmsContainer-7] [uk.ac.ebi.interpro.scan.io.pirsf.hmmer3.PirsfHmmer3RawMatchParser:130] WARN - Unexpected Raw match line: #    score  bias  c-Evalue  i-Evalue hmmfrom  hmm to    alifrom  ali to    envfrom  env to     acc
2023-06-24 18:51:37,619 [amqEmbeddedWorkerJmsContainer-7] [uk.ac.ebi.interpro.scan.io.pirsf.hmmer3.PirsfHmmer3RawMatchParser:129] WARN - Couldn't parse the given raw match line, because it is of an unexpected format.
2023-06-24 18:51:37,619 [amqEmbeddedWorkerJmsContainer-7] [uk.ac.ebi.interpro.scan.io.pirsf.hmmer3.PirsfHmmer3RawMatchParser:130] WARN - Unexpected Raw match line: 1 !  320.7   0.0  4.6e-100   3.9e-97       3     289 .]       7     308 .]       5     308 .] 0.97
2023-06-24 18:51:37,619 [amqEmbeddedWorkerJmsContainer-7] [uk.ac.ebi.interpro.scan.io.pirsf.hmmer3.PirsfHmmer3RawMatchParser:129] WARN - Couldn't parse the given raw match line, because it is of an unexpected format.
2023-06-24 18:51:37,619 [amqEmbeddedWorkerJmsContainer-7] [uk.ac.ebi.interpro.scan.io.pirsf.hmmer3.PirsfHmmer3RawMatchParser:130] WARN - Unexpected Raw match line: Query sequence: 119 matches PIRSF005572: Cysteine desulphurase, NifS type
2023-06-24 18:51:37,619 [amqEmbeddedWorkerJmsContainer-7] [uk.ac.ebi.interpro.scan.io.pirsf.hmmer3.PirsfHmmer3RawMatchParser:129] WARN - Couldn't parse the given raw match line, because it is of an unexpected format.
2023-06-24 18:51:37,619 [amqEmbeddedWorkerJmsContainer-7] [uk.ac.ebi.interpro.scan.io.pirsf.hmmer3.PirsfHmmer3RawMatchParser:130] WARN - Unexpected Raw match line: #    score  bias  c-Evalue  i-Evalue hmmfrom  hmm to    alifrom  ali to    envfrom  env to     acc
2023-06-24 18:51:37,619 [amqEmbeddedWorkerJmsContainer-7] [uk.ac.ebi.interpro.scan.io.pirsf.hmmer3.PirsfHmmer3RawMatchParser:129] WARN - Couldn't parse the given raw match line, because it is of an unexpected format.
2023-06-24 18:51:37,619 [amqEmbeddedWorkerJmsContainer-7] [uk.ac.ebi.interpro.scan.io.pirsf.hmmer3.PirsfHmmer3RawMatchParser:130] WARN - Unexpected Raw match line: 1 !  180.4   1.2   3.1e-57   2.6e-54       2     328 ..      27     369 ..      26     410 .. 0.86
2023-06-24 18:51:37,620 [amqEmbeddedWorkerJmsContainer-7] [uk.ac.ebi.interpro.scan.io.pirsf.hmmer3.PirsfHmmer3RawMatchParser:129] WARN - Couldn't parse the given raw match line, because it is of an unexpected format.
2023-06-24 18:51:37,620 [amqEmbeddedWorkerJmsContainer-7] [uk.ac.ebi.interpro.scan.io.pirsf.hmmer3.PirsfHmmer3RawMatchParser:130] WARN - Unexpected Raw match line: Query sequence: 142 matches PIRSF001265: H(+)-translocating inorganic pyrophosphatase
2023-06-24 18:51:37,620 [amqEmbeddedWorkerJmsContainer-7] [uk.ac.ebi.interpro.scan.io.pirsf.hmmer3.PirsfHmmer3RawMatchParser:129] WARN - Couldn't parse the given raw match line, because it is of an unexpected format.
2023-06-24 18:51:37,620 [amqEmbeddedWorkerJmsContainer-7] [uk.ac.ebi.interpro.scan.io.pirsf.hmmer3.PirsfHmmer3RawMatchParser:130] WARN - Unexpected Raw match line: #    score  bias  c-Evalue  i-Evalue hmmfrom  hmm to    alifrom  ali to    envfrom  env to     acc
2023-06-24 18:51:37,620 [amqEmbeddedWorkerJmsContainer-7] [uk.ac.ebi.interpro.scan.io.pirsf.hmmer3.PirsfHmmer3RawMatchParser:129] WARN - Couldn't parse the given raw match line, because it is of an unexpected format.
2023-06-24 18:51:37,620 [amqEmbeddedWorkerJmsContainer-7] [uk.ac.ebi.interpro.scan.io.pirsf.hmmer3.PirsfHmmer3RawMatchParser:130] WARN - Unexpected Raw match line: 1 !  855.9  50.3  1.7e-261  1.4e-258      16     709 ..      24     671 ..       9     674 .] 0.96
2023-06-24 18:51:37,620 [amqEmbeddedWorkerJmsContainer-7] [uk.ac.ebi.interpro.scan.io.pirsf.hmmer3.PirsfHmmer3RawMatchParser:129] WARN - Couldn't parse the given raw match line, because it is of an unexpected format.
2023-06-24 18:51:37,620 [amqEmbeddedWorkerJmsContainer-7] [uk.ac.ebi.interpro.scan.io.pirsf.hmmer3.PirsfHmmer3RawMatchParser:130] WARN - Unexpected Raw match line: Query sequence: 157 matches PIRSF000102: L-lactate/malate dehydrogenase
2023-06-24 18:51:37,620 [amqEmbeddedWorkerJmsContainer-7] [uk.ac.ebi.interpro.scan.io.pirsf.hmmer3.PirsfHmmer3RawMatchParser:129] WARN - Couldn't parse the given raw match line, because it is of an unexpected format.
2023-06-24 18:51:37,620 [amqEmbeddedWorkerJmsContainer-7] [uk.ac.ebi.interpro.scan.io.pirsf.hmmer3.PirsfHmmer3RawMatchParser:130] WARN - Unexpected Raw match line: #    score  bias  c-Evalue  i-Evalue hmmfrom  hmm to    alifrom  ali to    envfrom  env to     acc
2023-06-24 18:51:37,620 [amqEmbeddedWorkerJmsContainer-7] [uk.ac.ebi.interpro.scan.io.pirsf.hmmer3.PirsfHmmer3RawMatchParser:129] WARN - Couldn't parse the given raw match line, because it is of an unexpected format.
2023-06-24 18:51:37,620 [amqEmbeddedWorkerJmsContainer-7] [uk.ac.ebi.interpro.scan.io.pirsf.hmmer3.PirsfHmmer3RawMatchParser:130] WARN - Unexpected Raw match line: 1 !  360.7   0.0  1.4e-111  3.1e-109       3     320 ..      22     326 ..      21     328 .] 0.96
2023-06-24 18:51:37,621 [amqEmbeddedWorkerJmsContainer-7] [uk.ac.ebi.interpro.scan.io.pirsf.hmmer3.PirsfHmmer3RawMatchParser:129] WARN - Couldn't parse the given raw match line, because it is of an unexpected format.
2023-06-24 18:51:37,621 [amqEmbeddedWorkerJmsContainer-7] [uk.ac.ebi.interpro.scan.io.pirsf.hmmer3.PirsfHmmer3RawMatchParser:130] WARN - Unexpected Raw match line: Query sequence: 209 matches PIRSF001549: Histidyl-tRNA synthetase
2023-06-24 18:51:37,621 [amqEmbeddedWorkerJmsContainer-7] [uk.ac.ebi.interpro.scan.io.pirsf.hmmer3.PirsfHmmer3RawMatchParser:129] WARN - Couldn't parse the given raw match line, because it is of an unexpected format.
2023-06-24 18:51:37,621 [amqEmbeddedWorkerJmsContainer-7] [uk.ac.ebi.interpro.scan.io.pirsf.hmmer3.PirsfHmmer3RawMatchParser:130] WARN - Unexpected Raw match line: #    score  bias  c-Evalue  i-Evalue hmmfrom  hmm to    alifrom  ali to    envfrom  env to     acc
2023-06-24 18:51:37,621 [amqEmbeddedWorkerJmsContainer-7] [uk.ac.ebi.interpro.scan.io.pirsf.hmmer3.PirsfHmmer3RawMatchParser:129] WARN - Couldn't parse the given raw match line, because it is of an unexpected format.
2023-06-24 18:51:37,621 [amqEmbeddedWorkerJmsContainer-7] [uk.ac.ebi.interpro.scan.io.pirsf.hmmer3.PirsfHmmer3RawMatchParser:130] WARN - Unexpected Raw match line: 1 !  396.1   3.2    4e-122  8.6e-120       2     436 ..      76     508 ..      75     510 .] 0.89
2023-06-24 18:51:37,621 [amqEmbeddedWorkerJmsContainer-7] [uk.ac.ebi.interpro.scan.io.pirsf.hmmer3.PirsfHmmer3RawMatchParser:129] WARN - Couldn't parse the given raw match line, because it is of an unexpected format.
2023-06-24 18:51:37,621 [amqEmbeddedWorkerJmsContainer-7] [uk.ac.ebi.interpro.scan.io.pirsf.hmmer3.PirsfHmmer3RawMatchParser:130] WARN - Unexpected Raw match line: Query sequence: 240 matches PIRSF000161: Dihydrodipicolinate reductase
2023-06-24 18:51:37,621 [amqEmbeddedWorkerJmsContainer-7] [uk.ac.ebi.interpro.scan.io.pirsf.hmmer3.PirsfHmmer3RawMatchParser:129] WARN - Couldn't parse the given raw match line, because it is of an unexpected format.
2023-06-24 18:51:37,621 [amqEmbeddedWorkerJmsContainer-7] [uk.ac.ebi.interpro.scan.io.pirsf.hmmer3.PirsfHmmer3RawMatchParser:130] WARN - Unexpected Raw match line: #    score  bias  c-Evalue  i-Evalue hmmfrom  hmm to    alifrom  ali to    envfrom  env to     acc
2023-06-24 18:51:37,621 [amqEmbeddedWorkerJmsContainer-7] [uk.ac.ebi.interpro.scan.io.pirsf.hmmer3.PirsfHmmer3RawMatchParser:129] WARN - Couldn't parse the given raw match line, because it is of an unexpected format.
2023-06-24 18:51:37,621 [amqEmbeddedWorkerJmsContainer-7] [uk.ac.ebi.interpro.scan.io.pirsf.hmmer3.PirsfHmmer3RawMatchParser:130] WARN - Unexpected Raw match line: 1 !  208.1   0.1   2.3e-65   6.6e-63       2     257 ..      46     291 ..      45     293 .. 0.90
2023-06-24 18:51:37,621 [amqEmbeddedWorkerJmsContainer-7] [uk.ac.ebi.interpro.scan.io.pirsf.hmmer3.PirsfHmmer3RawMatchParser:129] WARN - Couldn't parse the given raw match line, because it is of an unexpected format.
2023-06-24 18:51:37,621 [amqEmbeddedWorkerJmsContainer-7] [uk.ac.ebi.interpro.scan.io.pirsf.hmmer3.PirsfHmmer3RawMatchParser:130] WARN - Unexpected Raw match line: Query sequence: 272 matches PIRSF015647: Fructose-1,6-bisphosphatase, archaeal type
2023-06-24 18:51:37,621 [amqEmbeddedWorkerJmsContainer-7] [uk.ac.ebi.interpro.scan.io.pirsf.hmmer3.PirsfHmmer3RawMatchParser:129] WARN - Couldn't parse the given raw match line, because it is of an unexpected format.
2023-06-24 18:51:37,622 [amqEmbeddedWorkerJmsContainer-7] [uk.ac.ebi.interpro.scan.io.pirsf.hmmer3.PirsfHmmer3RawMatchParser:130] WARN - Unexpected Raw match line: #    score  bias  c-Evalue  i-Evalue hmmfrom  hmm to    alifrom  ali to    envfrom  env to     acc
2023-06-24 18:51:37,622 [amqEmbeddedWorkerJmsContainer-7] [uk.ac.ebi.interpro.scan.io.pirsf.hmmer3.PirsfHmmer3RawMatchParser:129] WARN - Couldn't parse the given raw match line, because it is of an unexpected format.
2023-06-24 18:51:37,622 [amqEmbeddedWorkerJmsContainer-7] [uk.ac.ebi.interpro.scan.io.pirsf.hmmer3.PirsfHmmer3RawMatchParser:130] WARN - Unexpected Raw match line: 1 !  502.3   0.0  4.8e-155  4.1e-152       1     372 [.      34     403 ..      34     406 .. 0.97
2023-06-24 18:51:37,622 [amqEmbeddedWorkerJmsContainer-7] [uk.ac.ebi.interpro.scan.io.pirsf.hmmer3.PirsfHmmer3RawMatchParser:129] WARN - Couldn't parse the given raw match line, because it is of an unexpected format.
2023-06-24 18:51:37,622 [amqEmbeddedWorkerJmsContainer-7] [uk.ac.ebi.interpro.scan.io.pirsf.hmmer3.PirsfHmmer3RawMatchParser:130] WARN - Unexpected Raw match line: Query sequence: 311 matches PIRSF000485: Amidophosphoribosyltransferase
2023-06-24 18:51:37,622 [amqEmbeddedWorkerJmsContainer-7] [uk.ac.ebi.interpro.scan.io.pirsf.hmmer3.PirsfHmmer3RawMatchParser:129] WARN - Couldn't parse the given raw match line, because it is of an unexpected format.
2023-06-24 18:51:37,622 [amqEmbeddedWorkerJmsContainer-7] [uk.ac.ebi.interpro.scan.io.pirsf.hmmer3.PirsfHmmer3RawMatchParser:130] WARN - Unexpected Raw match line: #    score  bias  c-Evalue  i-Evalue hmmfrom  hmm to    alifrom  ali to    envfrom  env to     acc
2023-06-24 18:51:37,622 [amqEmbeddedWorkerJmsContainer-7] [uk.ac.ebi.interpro.scan.io.pirsf.hmmer3.PirsfHmmer3RawMatchParser:129] WARN - Couldn't parse the given raw match line, because it is of an unexpected format.
2023-06-24 18:51:37,622 [amqEmbeddedWorkerJmsContainer-7] [uk.ac.ebi.interpro.scan.io.pirsf.hmmer3.PirsfHmmer3RawMatchParser:130] WARN - Unexpected Raw match line: 1 !  540.4   0.0  6.2e-166  1.7e-163       4     463 ..       1     467 [.       1     475 [. 0.96
2023-06-24 18:51:37,622 [amqEmbeddedWorkerJmsContainer-7] [uk.ac.ebi.interpro.scan.io.pirsf.hmmer3.PirsfHmmer3RawMatchParser:129] WARN - Couldn't parse the given raw match line, because it is of an unexpected format.
2023-06-24 18:51:37,622 [amqEmbeddedWorkerJmsContainer-7] [uk.ac.ebi.interpro.scan.io.pirsf.hmmer3.PirsfHmmer3RawMatchParser:130] WARN - Unexpected Raw match line: Query sequence: 32 matches PIRSF000390: Predicted pyridoxal dependent aminotransferase, DegT/DnrJ/EryC1/StrS types
2023-06-24 18:51:37,622 [amqEmbeddedWorkerJmsContainer-7] [uk.ac.ebi.interpro.scan.io.pirsf.hmmer3.PirsfHmmer3RawMatchParser:129] WARN - Couldn't parse the given raw match line, because it is of an unexpected format.
2023-06-24 18:51:37,622 [amqEmbeddedWorkerJmsContainer-7] [uk.ac.ebi.interpro.scan.io.pirsf.hmmer3.PirsfHmmer3RawMatchParser:130] WARN - Unexpected Raw match line: #    score  bias  c-Evalue  i-Evalue hmmfrom  hmm to    alifrom  ali to    envfrom  env to     acc
2023-06-24 18:51:37,622 [amqEmbeddedWorkerJmsContainer-7] [uk.ac.ebi.interpro.scan.io.pirsf.hmmer3.PirsfHmmer3RawMatchParser:129] WARN - Couldn't parse the given raw match line, because it is of an unexpected format.
2023-06-24 18:51:37,622 [amqEmbeddedWorkerJmsContainer-7] [uk.ac.ebi.interpro.scan.io.pirsf.hmmer3.PirsfHmmer3RawMatchParser:130] WARN - Unexpected Raw match line: 1 !  319.0   0.0   1.3e-98   2.1e-96       5     378 ..       6     374 ..       2     377 .] 0.93
2023-06-24 18:51:37,623 [amqEmbeddedWorkerJmsContainer-7] [uk.ac.ebi.interpro.scan.io.pirsf.hmmer3.PirsfHmmer3RawMatchParser:129] WARN - Couldn't parse the given raw match line, because it is of an unexpected format.
2023-06-24 18:51:37,623 [amqEmbeddedWorkerJmsContainer-7] [uk.ac.ebi.interpro.scan.io.pirsf.hmmer3.PirsfHmmer3RawMatchParser:130] WARN - Unexpected Raw match line: Query sequence: 351 matches PIRSF002122: Ribosomal protein, S7p/S7a/S5e/organellar S7 types
2023-06-24 18:51:37,623 [amqEmbeddedWorkerJmsContainer-7] [uk.ac.ebi.interpro.scan.io.pirsf.hmmer3.PirsfHmmer3RawMatchParser:129] WARN - Couldn't parse the given raw match line, because it is of an unexpected format.
2023-06-24 18:51:37,623 [amqEmbeddedWorkerJmsContainer-7] [uk.ac.ebi.interpro.scan.io.pirsf.hmmer3.PirsfHmmer3RawMatchParser:130] WARN - Unexpected Raw match line: #    score  bias  c-Evalue  i-Evalue hmmfrom  hmm to    alifrom  ali to    envfrom  env to     acc
2023-06-24 18:51:37,623 [amqEmbeddedWorkerJmsContainer-7] [uk.ac.ebi.interpro.scan.io.pirsf.hmmer3.PirsfHmmer3RawMatchParser:129] WARN - Couldn't parse the given raw match line, because it is of an unexpected format.
2023-06-24 18:51:37,623 [amqEmbeddedWorkerJmsContainer-7] [uk.ac.ebi.interpro.scan.io.pirsf.hmmer3.PirsfHmmer3RawMatchParser:130] WARN - Unexpected Raw match line: 1 !  130.5   1.1   4.4e-42   3.7e-39      44     215 ..      10     208 ..       3     209 .] 0.95
2023-06-24 18:51:37,623 [amqEmbeddedWorkerJmsContainer-7] [uk.ac.ebi.interpro.scan.io.pirsf.hmmer3.PirsfHmmer3RawMatchParser:129] WARN - Couldn't parse the given raw match line, because it is of an unexpected format.
2023-06-24 18:51:37,623 [amqEmbeddedWorkerJmsContainer-7] [uk.ac.ebi.interpro.scan.io.pirsf.hmmer3.PirsfHmmer3RawMatchParser:130] WARN - Unexpected Raw match line: Query sequence: 382 matches PIRSF000724: Phosphoglycerate kinase
2023-06-24 18:51:37,623 [amqEmbeddedWorkerJmsContainer-7] [uk.ac.ebi.interpro.scan.io.pirsf.hmmer3.PirsfHmmer3RawMatchParser:129] WARN - Couldn't parse the given raw match line, because it is of an unexpected format.
2023-06-24 18:51:37,623 [amqEmbeddedWorkerJmsContainer-7] [uk.ac.ebi.interpro.scan.io.pirsf.hmmer3.PirsfHmmer3RawMatchParser:130] WARN - Unexpected Raw match line: #    score  bias  c-Evalue  i-Evalue hmmfrom  hmm to    alifrom  ali to    envfrom  env to     acc
2023-06-24 18:51:37,623 [amqEmbeddedWorkerJmsContainer-7] [uk.ac.ebi.interpro.scan.io.pirsf.hmmer3.PirsfHmmer3RawMatchParser:129] WARN - Couldn't parse the given raw match line, because it is of an unexpected format.
2023-06-24 18:51:37,623 [amqEmbeddedWorkerJmsContainer-7] [uk.ac.ebi.interpro.scan.io.pirsf.hmmer3.PirsfHmmer3RawMatchParser:130] WARN - Unexpected Raw match line: 1 !  450.5   0.8  2.5e-139  2.1e-136       5     404 ..      74     466 ..      71     468 .. 0.95
2023-06-24 18:51:37,623 [amqEmbeddedWorkerJmsContainer-7] [uk.ac.ebi.interpro.scan.io.pirsf.hmmer3.PirsfHmmer3RawMatchParser:129] WARN - Couldn't parse the given raw match line, because it is of an unexpected format.
2023-06-24 18:51:37,623 [amqEmbeddedWorkerJmsContainer-7] [uk.ac.ebi.interpro.scan.io.pirsf.hmmer3.PirsfHmmer3RawMatchParser:130] WARN - Unexpected Raw match line: Query sequence: 398 matches PIRSF037307: Predicted Lhr-like ATP-dependent RNA helicase
2023-06-24 18:51:37,623 [amqEmbeddedWorkerJmsContainer-7] [uk.ac.ebi.interpro.scan.io.pirsf.hmmer3.PirsfHmmer3RawMatchParser:129] WARN - Couldn't parse the given raw match line, because it is of an unexpected format.
2023-06-24 18:51:37,623 [amqEmbeddedWorkerJmsContainer-7] [uk.ac.ebi.interpro.scan.io.pirsf.hmmer3.PirsfHmmer3RawMatchParser:130] WARN - Unexpected Raw match line: #    score  bias  c-Evalue  i-Evalue hmmfrom  hmm to    alifrom  ali to    envfrom  env to     acc
2023-06-24 18:51:37,624 [amqEmbeddedWorkerJmsContainer-7] [uk.ac.ebi.interpro.scan.io.pirsf.hmmer3.PirsfHmmer3RawMatchParser:129] WARN - Couldn't parse the given raw match line, because it is of an unexpected format.
2023-06-24 18:51:37,624 [amqEmbeddedWorkerJmsContainer-7] [uk.ac.ebi.interpro.scan.io.pirsf.hmmer3.PirsfHmmer3RawMatchParser:130] WARN - Unexpected Raw match line: 1 !  811.8   0.0  2.7e-247  3.8e-245      15     817 ..      40     885 ..      27     891 .. 0.95
2023-06-24 18:51:37,624 [amqEmbeddedWorkerJmsContainer-7] [uk.ac.ebi.interpro.scan.io.pirsf.hmmer3.PirsfHmmer3RawMatchParser:129] WARN - Couldn't parse the given raw match line, because it is of an unexpected format.
2023-06-24 18:51:37,624 [amqEmbeddedWorkerJmsContainer-7] [uk.ac.ebi.interpro.scan.io.pirsf.hmmer3.PirsfHmmer3RawMatchParser:130] WARN - Unexpected Raw match line: Query sequence: 399 matches PIRSF000350: Mercury(II) reductase, MerA type
2023-06-24 18:51:37,624 [amqEmbeddedWorkerJmsContainer-7] [uk.ac.ebi.interpro.scan.io.pirsf.hmmer3.PirsfHmmer3RawMatchParser:129] WARN - Couldn't parse the given raw match line, because it is of an unexpected format.
2023-06-24 18:51:37,624 [amqEmbeddedWorkerJmsContainer-7] [uk.ac.ebi.interpro.scan.io.pirsf.hmmer3.PirsfHmmer3RawMatchParser:130] WARN - Unexpected Raw match line: #    score  bias  c-Evalue  i-Evalue hmmfrom  hmm to    alifrom  ali to    envfrom  env to     acc
2023-06-24 18:51:37,624 [amqEmbeddedWorkerJmsContainer-7] [uk.ac.ebi.interpro.scan.io.pirsf.hmmer3.PirsfHmmer3RawMatchParser:129] WARN - Couldn't parse the given raw match line, because it is of an unexpected format.
2023-06-24 18:51:37,624 [amqEmbeddedWorkerJmsContainer-7] [uk.ac.ebi.interpro.scan.io.pirsf.hmmer3.PirsfHmmer3RawMatchParser:130] WARN - Unexpected Raw match line: 1 !  290.7   8.3   3.7e-90   1.1e-87      79     512 ..      16     446 ..       3     471 .. 0.90
2023-06-24 18:51:37,624 [amqEmbeddedWorkerJmsContainer-7] [uk.ac.ebi.interpro.scan.io.pirsf.hmmer3.PirsfHmmer3RawMatchParser:129] WARN - Couldn't parse the given raw match line, because it is of an unexpected format.
2023-06-24 18:51:37,624 [amqEmbeddedWorkerJmsContainer-7] [uk.ac.ebi.interpro.scan.io.pirsf.hmmer3.PirsfHmmer3RawMatchParser:130] WARN - Unexpected Raw match line: Query sequence: 4 matches PIRSF000497: Methionine adenosyltransferase
2023-06-24 18:51:37,624 [amqEmbeddedWorkerJmsContainer-7] [uk.ac.ebi.interpro.scan.io.pirsf.hmmer3.PirsfHmmer3RawMatchParser:129] WARN - Couldn't parse the given raw match line, because it is of an unexpected format.
2023-06-24 18:51:37,624 [amqEmbeddedWorkerJmsContainer-7] [uk.ac.ebi.interpro.scan.io.pirsf.hmmer3.PirsfHmmer3RawMatchParser:130] WARN - Unexpected Raw match line: #    score  bias  c-Evalue  i-Evalue hmmfrom  hmm to    alifrom  ali to    envfrom  env to     acc
2023-06-24 18:51:37,624 [amqEmbeddedWorkerJmsContainer-7] [uk.ac.ebi.interpro.scan.io.pirsf.hmmer3.PirsfHmmer3RawMatchParser:129] WARN - Couldn't parse the given raw match line, because it is of an unexpected format.
2023-06-24 18:51:37,624 [amqEmbeddedWorkerJmsContainer-7] [uk.ac.ebi.interpro.scan.io.pirsf.hmmer3.PirsfHmmer3RawMatchParser:130] WARN - Unexpected Raw match line: 1 !  547.5   0.2  8.7e-169  7.4e-166       6     386 ..       5     377 ..       1     380 [. 0.98
2023-06-24 18:51:37,624 [amqEmbeddedWorkerJmsContainer-7] [uk.ac.ebi.interpro.scan.io.pirsf.hmmer3.PirsfHmmer3RawMatchParser:129] WARN - Couldn't parse the given raw match line, because it is of an unexpected format.
2023-06-24 18:51:37,624 [amqEmbeddedWorkerJmsContainer-7] [uk.ac.ebi.interpro.scan.io.pirsf.hmmer3.PirsfHmmer3RawMatchParser:130] WARN - Unexpected Raw match line: Query sequence: 40 matches PIRSF001586: Phosphoribosylformylglycinamidine synthase I
2023-06-24 18:51:37,625 [amqEmbeddedWorkerJmsContainer-7] [uk.ac.ebi.interpro.scan.io.pirsf.hmmer3.PirsfHmmer3RawMatchParser:129] WARN - Couldn't parse the given raw match line, because it is of an unexpected format.
2023-06-24 18:51:37,625 [amqEmbeddedWorkerJmsContainer-7] [uk.ac.ebi.interpro.scan.io.pirsf.hmmer3.PirsfHmmer3RawMatchParser:130] WARN - Unexpected Raw match line: #    score  bias  c-Evalue  i-Evalue hmmfrom  hmm to    alifrom  ali to    envfrom  env to     acc
2023-06-24 18:51:37,625 [amqEmbeddedWorkerJmsContainer-7] [uk.ac.ebi.interpro.scan.io.pirsf.hmmer3.PirsfHmmer3RawMatchParser:129] WARN - Couldn't parse the given raw match line, because it is of an unexpected format.
2023-06-24 18:51:37,625 [amqEmbeddedWorkerJmsContainer-7] [uk.ac.ebi.interpro.scan.io.pirsf.hmmer3.PirsfHmmer3RawMatchParser:130] WARN - Unexpected Raw match line: 1 !  181.2   0.0     3e-57   8.5e-55      82     242 ..       2     175 ..       1     176 [. 0.89
2023-06-24 18:51:37,625 [amqEmbeddedWorkerJmsContainer-7] [uk.ac.ebi.interpro.scan.io.pirsf.hmmer3.PirsfHmmer3RawMatchParser:129] WARN - Couldn't parse the given raw match line, because it is of an unexpected format.
2023-06-24 18:51:37,625 [amqEmbeddedWorkerJmsContainer-7] [uk.ac.ebi.interpro.scan.io.pirsf.hmmer3.PirsfHmmer3RawMatchParser:130] WARN - Unexpected Raw match line: Query sequence: 417 matches PIRSF036432: Diphthine synthase
2023-06-24 18:51:37,625 [amqEmbeddedWorkerJmsContainer-7] [uk.ac.ebi.interpro.scan.io.pirsf.hmmer3.PirsfHmmer3RawMatchParser:129] WARN - Couldn't parse the given raw match line, because it is of an unexpected format.
2023-06-24 18:51:37,625 [amqEmbeddedWorkerJmsContainer-7] [uk.ac.ebi.interpro.scan.io.pirsf.hmmer3.PirsfHmmer3RawMatchParser:130] WARN - Unexpected Raw match line: #    score  bias  c-Evalue  i-Evalue hmmfrom  hmm to    alifrom  ali to    envfrom  env to     acc
2023-06-24 18:51:37,625 [amqEmbeddedWorkerJmsContainer-7] [uk.ac.ebi.interpro.scan.io.pirsf.hmmer3.PirsfHmmer3RawMatchParser:129] WARN - Couldn't parse the given raw match line, because it is of an unexpected format.
2023-06-24 18:51:37,625 [amqEmbeddedWorkerJmsContainer-7] [uk.ac.ebi.interpro.scan.io.pirsf.hmmer3.PirsfHmmer3RawMatchParser:130] WARN - Unexpected Raw match line: 1 !  316.1   0.0   1.1e-98   9.7e-96       1     254 [.      10     257 ..      10     259 .] 0.97
2023-06-24 18:51:37,625 [amqEmbeddedWorkerJmsContainer-7] [uk.ac.ebi.interpro.scan.io.pirsf.hmmer3.PirsfHmmer3RawMatchParser:129] WARN - Couldn't parse the given raw match line, because it is of an unexpected format.
2023-06-24 18:51:37,625 [amqEmbeddedWorkerJmsContainer-7] [uk.ac.ebi.interpro.scan.io.pirsf.hmmer3.PirsfHmmer3RawMatchParser:130] WARN - Unexpected Raw match line: Query sequence: 436 matches PIRSF000149: Glyceraldehyde-3-phosphate dehydrogenase
2023-06-24 18:51:37,625 [amqEmbeddedWorkerJmsContainer-7] [uk.ac.ebi.interpro.scan.io.pirsf.hmmer3.PirsfHmmer3RawMatchParser:129] WARN - Couldn't parse the given raw match line, because it is of an unexpected format.
2023-06-24 18:51:37,625 [amqEmbeddedWorkerJmsContainer-7] [uk.ac.ebi.interpro.scan.io.pirsf.hmmer3.PirsfHmmer3RawMatchParser:130] WARN - Unexpected Raw match line: #    score  bias  c-Evalue  i-Evalue hmmfrom  hmm to    alifrom  ali to    envfrom  env to     acc
2023-06-24 18:51:37,625 [amqEmbeddedWorkerJmsContainer-7] [uk.ac.ebi.interpro.scan.io.pirsf.hmmer3.PirsfHmmer3RawMatchParser:129] WARN - Couldn't parse the given raw match line, because it is of an unexpected format.
2023-06-24 18:51:37,625 [amqEmbeddedWorkerJmsContainer-7] [uk.ac.ebi.interpro.scan.io.pirsf.hmmer3.PirsfHmmer3RawMatchParser:130] WARN - Unexpected Raw match line: 1 !  194.8   0.0   2.5e-61   1.1e-58       2     339 ..       5     326 ..       4     328 .. 0.91
2023-06-24 18:51:37,625 [amqEmbeddedWorkerJmsContainer-7] [uk.ac.ebi.interpro.scan.io.pirsf.hmmer3.PirsfHmmer3RawMatchParser:129] WARN - Couldn't parse the given raw match line, because it is of an unexpected format.
2023-06-24 18:51:37,626 [amqEmbeddedWorkerJmsContainer-7] [uk.ac.ebi.interpro.scan.io.pirsf.hmmer3.PirsfHmmer3RawMatchParser:130] WARN - Unexpected Raw match line: Query sequence: 438 matches PIRSF005719: Structural maintenance of chromosomes protein
2023-06-24 18:51:37,626 [amqEmbeddedWorkerJmsContainer-7] [uk.ac.ebi.interpro.scan.io.pirsf.hmmer3.PirsfHmmer3RawMatchParser:129] WARN - Couldn't parse the given raw match line, because it is of an unexpected format.
2023-06-24 18:51:37,626 [amqEmbeddedWorkerJmsContainer-7] [uk.ac.ebi.interpro.scan.io.pirsf.hmmer3.PirsfHmmer3RawMatchParser:130] WARN - Unexpected Raw match line: #    score  bias  c-Evalue  i-Evalue hmmfrom  hmm to    alifrom  ali to    envfrom  env to     acc
2023-06-24 18:51:37,626 [amqEmbeddedWorkerJmsContainer-7] [uk.ac.ebi.interpro.scan.io.pirsf.hmmer3.PirsfHmmer3RawMatchParser:129] WARN - Couldn't parse the given raw match line, because it is of an unexpected format.
2023-06-24 18:51:37,626 [amqEmbeddedWorkerJmsContainer-7] [uk.ac.ebi.interpro.scan.io.pirsf.hmmer3.PirsfHmmer3RawMatchParser:130] WARN - Unexpected Raw match line: 1 !  471.6  61.7  1.7e-144    2e-142       2     880 ..       7     873 ..       6     877 .. 0.86
2023-06-24 18:51:37,626 [amqEmbeddedWorkerJmsContainer-7] [uk.ac.ebi.interpro.scan.io.pirsf.hmmer3.PirsfHmmer3RawMatchParser:129] WARN - Couldn't parse the given raw match line, because it is of an unexpected format.
2023-06-24 18:51:37,626 [amqEmbeddedWorkerJmsContainer-7] [uk.ac.ebi.interpro.scan.io.pirsf.hmmer3.PirsfHmmer3RawMatchParser:130] WARN - Unexpected Raw match line: Query sequence: 447 matches PIRSF002161: Ribosomal protein, L5p/L5a/L11e/organellar L5 types
2023-06-24 18:51:37,626 [amqEmbeddedWorkerJmsContainer-7] [uk.ac.ebi.interpro.scan.io.pirsf.hmmer3.PirsfHmmer3RawMatchParser:129] WARN - Couldn't parse the given raw match line, because it is of an unexpected format.
2023-06-24 18:51:37,626 [amqEmbeddedWorkerJmsContainer-7] [uk.ac.ebi.interpro.scan.io.pirsf.hmmer3.PirsfHmmer3RawMatchParser:130] WARN - Unexpected Raw match line: #    score  bias  c-Evalue  i-Evalue hmmfrom  hmm to    alifrom  ali to    envfrom  env to     acc
2023-06-24 18:51:37,626 [amqEmbeddedWorkerJmsContainer-7] [uk.ac.ebi.interpro.scan.io.pirsf.hmmer3.PirsfHmmer3RawMatchParser:129] WARN - Couldn't parse the given raw match line, because it is of an unexpected format.
2023-06-24 18:51:37,626 [amqEmbeddedWorkerJmsContainer-7] [uk.ac.ebi.interpro.scan.io.pirsf.hmmer3.PirsfHmmer3RawMatchParser:130] WARN - Unexpected Raw match line: 1 !  138.5   0.1   9.6e-45   8.2e-42      24     191 ..      12     179 ..       3     181 .. 0.95
2023-06-24 18:51:37,626 [amqEmbeddedWorkerJmsContainer-7] [uk.ac.ebi.interpro.scan.io.pirsf.hmmer3.PirsfHmmer3RawMatchParser:129] WARN - Couldn't parse the given raw match line, because it is of an unexpected format.
2023-06-24 18:51:37,626 [amqEmbeddedWorkerJmsContainer-7] [uk.ac.ebi.interpro.scan.io.pirsf.hmmer3.PirsfHmmer3RawMatchParser:130] WARN - Unexpected Raw match line: Query sequence: 452 matches PIRSF000390: Predicted pyridoxal dependent aminotransferase, DegT/DnrJ/EryC1/StrS types
2023-06-24 18:51:37,626 [amqEmbeddedWorkerJmsContainer-7] [uk.ac.ebi.interpro.scan.io.pirsf.hmmer3.PirsfHmmer3RawMatchParser:129] WARN - Couldn't parse the given raw match line, because it is of an unexpected format.
2023-06-24 18:51:37,627 [amqEmbeddedWorkerJmsContainer-7] [uk.ac.ebi.interpro.scan.io.pirsf.hmmer3.PirsfHmmer3RawMatchParser:130] WARN - Unexpected Raw match line: #    score  bias  c-Evalue  i-Evalue hmmfrom  hmm to    alifrom  ali to    envfrom  env to     acc
2023-06-24 18:51:37,627 [amqEmbeddedWorkerJmsContainer-7] [uk.ac.ebi.interpro.scan.io.pirsf.hmmer3.PirsfHmmer3RawMatchParser:129] WARN - Couldn't parse the given raw match line, because it is of an unexpected format.
2023-06-24 18:51:37,627 [amqEmbeddedWorkerJmsContainer-7] [uk.ac.ebi.interpro.scan.io.pirsf.hmmer3.PirsfHmmer3RawMatchParser:130] WARN - Unexpected Raw match line: 1 !  408.7   0.0  7.2e-126  1.2e-123       4     375 ..       9     375 ..       7     378 .] 0.97
2023-06-24 18:51:37,627 [amqEmbeddedWorkerJmsContainer-7] [uk.ac.ebi.interpro.scan.io.pirsf.hmmer3.PirsfHmmer3RawMatchParser:129] WARN - Couldn't parse the given raw match line, because it is of an unexpected format.
2023-06-24 18:51:37,627 [amqEmbeddedWorkerJmsContainer-7] [uk.ac.ebi.interpro.scan.io.pirsf.hmmer3.PirsfHmmer3RawMatchParser:130] WARN - Unexpected Raw match line: Query sequence: 469 matches PIRSF006630: Glutamine-dependent NAD(+) synthetase with GAT domain
2023-06-24 18:51:37,627 [amqEmbeddedWorkerJmsContainer-7] [uk.ac.ebi.interpro.scan.io.pirsf.hmmer3.PirsfHmmer3RawMatchParser:129] WARN - Couldn't parse the given raw match line, because it is of an unexpected format.
2023-06-24 18:51:37,627 [amqEmbeddedWorkerJmsContainer-7] [uk.ac.ebi.interpro.scan.io.pirsf.hmmer3.PirsfHmmer3RawMatchParser:130] WARN - Unexpected Raw match line: #    score  bias  c-Evalue  i-Evalue hmmfrom  hmm to    alifrom  ali to    envfrom  env to     acc
2023-06-24 18:51:37,627 [amqEmbeddedWorkerJmsContainer-7] [uk.ac.ebi.interpro.scan.io.pirsf.hmmer3.PirsfHmmer3RawMatchParser:129] WARN - Couldn't parse the given raw match line, because it is of an unexpected format.
2023-06-24 18:51:37,627 [amqEmbeddedWorkerJmsContainer-7] [uk.ac.ebi.interpro.scan.io.pirsf.hmmer3.PirsfHmmer3RawMatchParser:130] WARN - Unexpected Raw match line: 1 !  133.8   0.0     7e-43     3e-40       3     248 ..      15     315 ..      13     332 .. 0.85
2023-06-24 18:51:37,627 [amqEmbeddedWorkerJmsContainer-7] [uk.ac.ebi.interpro.scan.io.pirsf.hmmer3.PirsfHmmer3RawMatchParser:129] WARN - Couldn't parse the given raw match line, because it is of an unexpected format.
2023-06-24 18:51:37,627 [amqEmbeddedWorkerJmsContainer-7] [uk.ac.ebi.interpro.scan.io.pirsf.hmmer3.PirsfHmmer3RawMatchParser:130] WARN - Unexpected Raw match line: 2 !  170.4   0.0   5.9e-54   2.5e-51     290     582 ..     323     653 ..     309     657 .. 0.79
2023-06-24 18:51:37,627 [amqEmbeddedWorkerJmsContainer-7] [uk.ac.ebi.interpro.scan.io.pirsf.hmmer3.PirsfHmmer3RawMatchParser:129] WARN - Couldn't parse the given raw match line, because it is of an unexpected format.
2023-06-24 18:51:37,627 [amqEmbeddedWorkerJmsContainer-7] [uk.ac.ebi.interpro.scan.io.pirsf.hmmer3.PirsfHmmer3RawMatchParser:130] WARN - Unexpected Raw match line: Query sequence: 480 matches PIRSF005378: RNA 3'-terminal phosphate cyclase
2023-06-24 18:51:37,627 [amqEmbeddedWorkerJmsContainer-7] [uk.ac.ebi.interpro.scan.io.pirsf.hmmer3.PirsfHmmer3RawMatchParser:129] WARN - Couldn't parse the given raw match line, because it is of an unexpected format.
2023-06-24 18:51:37,627 [amqEmbeddedWorkerJmsContainer-7] [uk.ac.ebi.interpro.scan.io.pirsf.hmmer3.PirsfHmmer3RawMatchParser:130] WARN - Unexpected Raw match line: #    score  bias  c-Evalue  i-Evalue hmmfrom  hmm to    alifrom  ali to    envfrom  env to     acc
2023-06-24 18:51:37,627 [amqEmbeddedWorkerJmsContainer-7] [uk.ac.ebi.interpro.scan.io.pirsf.hmmer3.PirsfHmmer3RawMatchParser:129] WARN - Couldn't parse the given raw match line, because it is of an unexpected format.
2023-06-24 18:51:37,627 [amqEmbeddedWorkerJmsContainer-7] [uk.ac.ebi.interpro.scan.io.pirsf.hmmer3.PirsfHmmer3RawMatchParser:130] WARN - Unexpected Raw match line: 1 !  331.7   0.0  2.7e-103  2.3e-100       4     345 ..       8     374 ..       5     376 .. 0.94
2023-06-24 18:51:37,628 [amqEmbeddedWorkerJmsContainer-7] [uk.ac.ebi.interpro.scan.io.pirsf.hmmer3.PirsfHmmer3RawMatchParser:129] WARN - Couldn't parse the given raw match line, because it is of an unexpected format.
2023-06-24 18:51:37,628 [amqEmbeddedWorkerJmsContainer-7] [uk.ac.ebi.interpro.scan.io.pirsf.hmmer3.PirsfHmmer3RawMatchParser:130] WARN - Unexpected Raw match line: Query sequence: 484 matches PIRSF005335: tRNA nucleotidyltransferase (CCA-adding enzyme), archaeal type
2023-06-24 18:51:37,628 [amqEmbeddedWorkerJmsContainer-7] [uk.ac.ebi.interpro.scan.io.pirsf.hmmer3.PirsfHmmer3RawMatchParser:129] WARN - Couldn't parse the given raw match line, because it is of an unexpected format.
2023-06-24 18:51:37,628 [amqEmbeddedWorkerJmsContainer-7] [uk.ac.ebi.interpro.scan.io.pirsf.hmmer3.PirsfHmmer3RawMatchParser:130] WARN - Unexpected Raw match line: #    score  bias  c-Evalue  i-Evalue hmmfrom  hmm to    alifrom  ali to    envfrom  env to     acc
2023-06-24 18:51:37,628 [amqEmbeddedWorkerJmsContainer-7] [uk.ac.ebi.interpro.scan.io.pirsf.hmmer3.PirsfHmmer3RawMatchParser:129] WARN - Couldn't parse the given raw match line, because it is of an unexpected format.
2023-06-24 18:51:37,628 [amqEmbeddedWorkerJmsContainer-7] [uk.ac.ebi.interpro.scan.io.pirsf.hmmer3.PirsfHmmer3RawMatchParser:130] WARN - Unexpected Raw match line: 1 !  267.1   1.0   1.5e-83   1.2e-80       5     402 ..      33     450 ..      27     461 .. 0.91
2023-06-24 18:51:37,628 [amqEmbeddedWorkerJmsContainer-7] [uk.ac.ebi.interpro.scan.io.pirsf.hmmer3.PirsfHmmer3RawMatchParser:129] WARN - Couldn't parse the given raw match line, because it is of an unexpected format.
2023-06-24 18:51:37,628 [amqEmbeddedWorkerJmsContainer-7] [uk.ac.ebi.interpro.scan.io.pirsf.hmmer3.PirsfHmmer3RawMatchParser:130] WARN - Unexpected Raw match line: Query sequence: 519 matches PIRSF000390: Predicted pyridoxal dependent aminotransferase, DegT/DnrJ/EryC1/StrS types
2023-06-24 18:51:37,628 [amqEmbeddedWorkerJmsContainer-7] [uk.ac.ebi.interpro.scan.io.pirsf.hmmer3.PirsfHmmer3RawMatchParser:129] WARN - Couldn't parse the given raw match line, because it is of an unexpected format.
2023-06-24 18:51:37,628 [amqEmbeddedWorkerJmsContainer-7] [uk.ac.ebi.interpro.scan.io.pirsf.hmmer3.PirsfHmmer3RawMatchParser:130] WARN - Unexpected Raw match line: #    score  bias  c-Evalue  i-Evalue hmmfrom  hmm to    alifrom  ali to    envfrom  env to     acc
2023-06-24 18:51:37,628 [amqEmbeddedWorkerJmsContainer-7] [uk.ac.ebi.interpro.scan.io.pirsf.hmmer3.PirsfHmmer3RawMatchParser:129] WARN - Couldn't parse the given raw match line, because it is of an unexpected format.
2023-06-24 18:51:37,628 [amqEmbeddedWorkerJmsContainer-7] [uk.ac.ebi.interpro.scan.io.pirsf.hmmer3.PirsfHmmer3RawMatchParser:130] WARN - Unexpected Raw match line: 1 !  424.1   0.0  1.4e-130  2.4e-128       2     377 ..      13     381 ..      12     383 .] 0.98
2023-06-24 18:51:37,628 [amqEmbeddedWorkerJmsContainer-7] [uk.ac.ebi.interpro.scan.io.pirsf.hmmer3.PirsfHmmer3RawMatchParser:129] WARN - Couldn't parse the given raw match line, because it is of an unexpected format.
2023-06-24 18:51:37,628 [amqEmbeddedWorkerJmsContainer-7] [uk.ac.ebi.interpro.scan.io.pirsf.hmmer3.PirsfHmmer3RawMatchParser:130] WARN - Unexpected Raw match line: Query sequence: 523 matches PIRSF005856: DNA repair and recombination protein, Rad51 type
2023-06-24 18:51:37,628 [amqEmbeddedWorkerJmsContainer-7] [uk.ac.ebi.interpro.scan.io.pirsf.hmmer3.PirsfHmmer3RawMatchParser:129] WARN - Couldn't parse the given raw match line, because it is of an unexpected format.
2023-06-24 18:51:37,628 [amqEmbeddedWorkerJmsContainer-7] [uk.ac.ebi.interpro.scan.io.pirsf.hmmer3.PirsfHmmer3RawMatchParser:130] WARN - Unexpected Raw match line: #    score  bias  c-Evalue  i-Evalue hmmfrom  hmm to    alifrom  ali to    envfrom  env to     acc
2023-06-24 18:51:37,628 [amqEmbeddedWorkerJmsContainer-7] [uk.ac.ebi.interpro.scan.io.pirsf.hmmer3.PirsfHmmer3RawMatchParser:129] WARN - Couldn't parse the given raw match line, because it is of an unexpected format.
2023-06-24 18:51:37,629 [amqEmbeddedWorkerJmsContainer-7] [uk.ac.ebi.interpro.scan.io.pirsf.hmmer3.PirsfHmmer3RawMatchParser:130] WARN - Unexpected Raw match line: 1 !  372.9   0.1  1.4e-115  5.9e-113       7     322 ..      69     380 ..      61     381 .] 0.97
2023-06-24 18:51:37,629 [amqEmbeddedWorkerJmsContainer-7] [uk.ac.ebi.interpro.scan.io.pirsf.hmmer3.PirsfHmmer3RawMatchParser:129] WARN - Couldn't parse the given raw match line, because it is of an unexpected format.
2023-06-24 18:51:37,629 [amqEmbeddedWorkerJmsContainer-7] [uk.ac.ebi.interpro.scan.io.pirsf.hmmer3.PirsfHmmer3RawMatchParser:130] WARN - Unexpected Raw match line: Query sequence: 560 matches PIRSF005650: Uridylate kinase
2023-06-24 18:51:37,629 [amqEmbeddedWorkerJmsContainer-7] [uk.ac.ebi.interpro.scan.io.pirsf.hmmer3.PirsfHmmer3RawMatchParser:129] WARN - Couldn't parse the given raw match line, because it is of an unexpected format.
2023-06-24 18:51:37,629 [amqEmbeddedWorkerJmsContainer-7] [uk.ac.ebi.interpro.scan.io.pirsf.hmmer3.PirsfHmmer3RawMatchParser:130] WARN - Unexpected Raw match line: #    score  bias  c-Evalue  i-Evalue hmmfrom  hmm to    alifrom  ali to    envfrom  env to     acc
2023-06-24 18:51:37,629 [amqEmbeddedWorkerJmsContainer-7] [uk.ac.ebi.interpro.scan.io.pirsf.hmmer3.PirsfHmmer3RawMatchParser:129] WARN - Couldn't parse the given raw match line, because it is of an unexpected format.
2023-06-24 18:51:37,629 [amqEmbeddedWorkerJmsContainer-7] [uk.ac.ebi.interpro.scan.io.pirsf.hmmer3.PirsfHmmer3RawMatchParser:130] WARN - Unexpected Raw match line: 1 !  148.4   0.0   2.4e-47     1e-44       3     237 ..       4     232 ..       2     233 .] 0.90
2023-06-24 18:51:37,629 [amqEmbeddedWorkerJmsContainer-7] [uk.ac.ebi.interpro.scan.io.pirsf.hmmer3.PirsfHmmer3RawMatchParser:129] WARN - Couldn't parse the given raw match line, because it is of an unexpected format.
2023-06-24 18:51:37,629 [amqEmbeddedWorkerJmsContainer-7] [uk.ac.ebi.interpro.scan.io.pirsf.hmmer3.PirsfHmmer3RawMatchParser:130] WARN - Unexpected Raw match line: Query sequence: 587 matches PIRSF033490: mRNA interferase MazF
2023-06-24 18:51:37,629 [amqEmbeddedWorkerJmsContainer-7] [uk.ac.ebi.interpro.scan.io.pirsf.hmmer3.PirsfHmmer3RawMatchParser:129] WARN - Couldn't parse the given raw match line, because it is of an unexpected format.
2023-06-24 18:51:37,629 [amqEmbeddedWorkerJmsContainer-7] [uk.ac.ebi.interpro.scan.io.pirsf.hmmer3.PirsfHmmer3RawMatchParser:130] WARN - Unexpected Raw match line: #    score  bias  c-Evalue  i-Evalue hmmfrom  hmm to    alifrom  ali to    envfrom  env to     acc
2023-06-24 18:51:37,629 [amqEmbeddedWorkerJmsContainer-7] [uk.ac.ebi.interpro.scan.io.pirsf.hmmer3.PirsfHmmer3RawMatchParser:129] WARN - Couldn't parse the given raw match line, because it is of an unexpected format.
2023-06-24 18:51:37,629 [amqEmbeddedWorkerJmsContainer-7] [uk.ac.ebi.interpro.scan.io.pirsf.hmmer3.PirsfHmmer3RawMatchParser:130] WARN - Unexpected Raw match line: 1 !   80.1   0.1     7e-27   5.9e-24       4     114 ..      13     119 ..      11     120 .. 0.89
2023-06-24 18:51:37,629 [amqEmbeddedWorkerJmsContainer-7] [uk.ac.ebi.interpro.scan.io.pirsf.hmmer3.PirsfHmmer3RawMatchParser:129] WARN - Couldn't parse the given raw match line, because it is of an unexpected format.
2023-06-24 18:51:37,629 [amqEmbeddedWorkerJmsContainer-7] [uk.ac.ebi.interpro.scan.io.pirsf.hmmer3.PirsfHmmer3RawMatchParser:130] WARN - Unexpected Raw match line: Query sequence: 618 matches PIRSF004602: ATP-grasp protein, PurP type
2023-06-24 18:51:37,629 [amqEmbeddedWorkerJmsContainer-7] [uk.ac.ebi.interpro.scan.io.pirsf.hmmer3.PirsfHmmer3RawMatchParser:129] WARN - Couldn't parse the given raw match line, because it is of an unexpected format.
2023-06-24 18:51:37,629 [amqEmbeddedWorkerJmsContainer-7] [uk.ac.ebi.interpro.scan.io.pirsf.hmmer3.PirsfHmmer3RawMatchParser:130] WARN - Unexpected Raw match line: #    score  bias  c-Evalue  i-Evalue hmmfrom  hmm to    alifrom  ali to    envfrom  env to     acc
2023-06-24 18:51:37,630 [amqEmbeddedWorkerJmsContainer-7] [uk.ac.ebi.interpro.scan.io.pirsf.hmmer3.PirsfHmmer3RawMatchParser:129] WARN - Couldn't parse the given raw match line, because it is of an unexpected format.
2023-06-24 18:51:37,630 [amqEmbeddedWorkerJmsContainer-7] [uk.ac.ebi.interpro.scan.io.pirsf.hmmer3.PirsfHmmer3RawMatchParser:130] WARN - Unexpected Raw match line: 1 !  416.2   0.1    1e-128  4.4e-126       1     364 []       2     376 .]       2     376 .] 0.97
2023-06-24 18:51:37,630 [amqEmbeddedWorkerJmsContainer-7] [uk.ac.ebi.interpro.scan.io.pirsf.hmmer3.PirsfHmmer3RawMatchParser:129] WARN - Couldn't parse the given raw match line, because it is of an unexpected format.
2023-06-24 18:51:37,630 [amqEmbeddedWorkerJmsContainer-7] [uk.ac.ebi.interpro.scan.io.pirsf.hmmer3.PirsfHmmer3RawMatchParser:130] WARN - Unexpected Raw match line: Query sequence: 62 matches PIRSF006603: Probable multidrug resistance protein
2023-06-24 18:51:37,630 [amqEmbeddedWorkerJmsContainer-7] [uk.ac.ebi.interpro.scan.io.pirsf.hmmer3.PirsfHmmer3RawMatchParser:129] WARN - Couldn't parse the given raw match line, because it is of an unexpected format.
2023-06-24 18:51:37,630 [amqEmbeddedWorkerJmsContainer-7] [uk.ac.ebi.interpro.scan.io.pirsf.hmmer3.PirsfHmmer3RawMatchParser:130] WARN - Unexpected Raw match line: #    score  bias  c-Evalue  i-Evalue hmmfrom  hmm to    alifrom  ali to    envfrom  env to     acc
2023-06-24 18:51:37,634 [amqEmbeddedWorkerJmsContainer-7] [uk.ac.ebi.interpro.scan.io.pirsf.hmmer3.PirsfHmmer3RawMatchParser:129] WARN - Couldn't parse the given raw match line, because it is of an unexpected format.
2023-06-24 18:51:37,634 [amqEmbeddedWorkerJmsContainer-7] [uk.ac.ebi.interpro.scan.io.pirsf.hmmer3.PirsfHmmer3RawMatchParser:130] WARN - Unexpected Raw match line: 1 !  413.3  46.7  5.9e-128    5e-125       5     458 ..       8     460 ..       5     464 .. 0.98
2023-06-24 18:51:37,634 [amqEmbeddedWorkerJmsContainer-7] [uk.ac.ebi.interpro.scan.io.pirsf.hmmer3.PirsfHmmer3RawMatchParser:129] WARN - Couldn't parse the given raw match line, because it is of an unexpected format.
2023-06-24 18:51:37,634 [amqEmbeddedWorkerJmsContainer-7] [uk.ac.ebi.interpro.scan.io.pirsf.hmmer3.PirsfHmmer3RawMatchParser:130] WARN - Unexpected Raw match line: Query sequence: 67 matches PIRSF005902: Mg-dependent DNase, TatD type
2023-06-24 18:51:37,634 [amqEmbeddedWorkerJmsContainer-7] [uk.ac.ebi.interpro.scan.io.pirsf.hmmer3.PirsfHmmer3RawMatchParser:129] WARN - Couldn't parse the given raw match line, because it is of an unexpected format.
2023-06-24 18:51:37,634 [amqEmbeddedWorkerJmsContainer-7] [uk.ac.ebi.interpro.scan.io.pirsf.hmmer3.PirsfHmmer3RawMatchParser:130] WARN - Unexpected Raw match line: #    score  bias  c-Evalue  i-Evalue hmmfrom  hmm to    alifrom  ali to    envfrom  env to     acc
2023-06-24 18:51:37,634 [amqEmbeddedWorkerJmsContainer-7] [uk.ac.ebi.interpro.scan.io.pirsf.hmmer3.PirsfHmmer3RawMatchParser:129] WARN - Couldn't parse the given raw match line, because it is of an unexpected format.
2023-06-24 18:51:37,634 [amqEmbeddedWorkerJmsContainer-7] [uk.ac.ebi.interpro.scan.io.pirsf.hmmer3.PirsfHmmer3RawMatchParser:130] WARN - Unexpected Raw match line: 1 !  162.7   0.0   5.7e-52   4.9e-49      60     332 ..       2     243 ..       1     244 [] 0.91
2023-06-24 18:51:37,634 [amqEmbeddedWorkerJmsContainer-7] [uk.ac.ebi.interpro.scan.io.pirsf.hmmer3.PirsfHmmer3RawMatchParser:129] WARN - Couldn't parse the given raw match line, because it is of an unexpected format.
2023-06-24 18:51:37,634 [amqEmbeddedWorkerJmsContainer-7] [uk.ac.ebi.interpro.scan.io.pirsf.hmmer3.PirsfHmmer3RawMatchParser:130] WARN - Unexpected Raw match line: Query sequence: 682 matches PIRSF000098: Homoserine dehydrogenase
2023-06-24 18:51:37,634 [amqEmbeddedWorkerJmsContainer-7] [uk.ac.ebi.interpro.scan.io.pirsf.hmmer3.PirsfHmmer3RawMatchParser:129] WARN - Couldn't parse the given raw match line, because it is of an unexpected format.
2023-06-24 18:51:37,634 [amqEmbeddedWorkerJmsContainer-7] [uk.ac.ebi.interpro.scan.io.pirsf.hmmer3.PirsfHmmer3RawMatchParser:130] WARN - Unexpected Raw match line: #    score  bias  c-Evalue  i-Evalue hmmfrom  hmm to    alifrom  ali to    envfrom  env to     acc
2023-06-24 18:51:37,634 [amqEmbeddedWorkerJmsContainer-7] [uk.ac.ebi.interpro.scan.io.pirsf.hmmer3.PirsfHmmer3RawMatchParser:129] WARN - Couldn't parse the given raw match line, because it is of an unexpected format.
2023-06-24 18:51:37,635 [amqEmbeddedWorkerJmsContainer-7] [uk.ac.ebi.interpro.scan.io.pirsf.hmmer3.PirsfHmmer3RawMatchParser:130] WARN - Unexpected Raw match line: 1 !  507.5   1.4  1.8e-156  1.5e-153       2     432 ..      20     438 .]      19     438 .] 0.97
2023-06-24 18:51:37,635 [amqEmbeddedWorkerJmsContainer-7] [uk.ac.ebi.interpro.scan.io.pirsf.hmmer3.PirsfHmmer3RawMatchParser:129] WARN - Couldn't parse the given raw match line, because it is of an unexpected format.
2023-06-24 18:51:37,635 [amqEmbeddedWorkerJmsContainer-7] [uk.ac.ebi.interpro.scan.io.pirsf.hmmer3.PirsfHmmer3RawMatchParser:130] WARN - Unexpected Raw match line: Query sequence: 686 matches PIRSF001529: Serine-tRNA ligase
2023-06-24 18:51:37,635 [amqEmbeddedWorkerJmsContainer-7] [uk.ac.ebi.interpro.scan.io.pirsf.hmmer3.PirsfHmmer3RawMatchParser:129] WARN - Couldn't parse the given raw match line, because it is of an unexpected format.
2023-06-24 18:51:37,635 [amqEmbeddedWorkerJmsContainer-7] [uk.ac.ebi.interpro.scan.io.pirsf.hmmer3.PirsfHmmer3RawMatchParser:130] WARN - Unexpected Raw match line: #    score  bias  c-Evalue  i-Evalue hmmfrom  hmm to    alifrom  ali to    envfrom  env to     acc
2023-06-24 18:51:37,635 [amqEmbeddedWorkerJmsContainer-7] [uk.ac.ebi.interpro.scan.io.pirsf.hmmer3.PirsfHmmer3RawMatchParser:129] WARN - Couldn't parse the given raw match line, because it is of an unexpected format.
2023-06-24 18:51:37,635 [amqEmbeddedWorkerJmsContainer-7] [uk.ac.ebi.interpro.scan.io.pirsf.hmmer3.PirsfHmmer3RawMatchParser:130] WARN - Unexpected Raw match line: 1 !  506.5   0.1  2.7e-156  2.3e-153       1     421 [.      27     450 ..      27     453 .. 0.98
2023-06-24 18:51:37,635 [amqEmbeddedWorkerJmsContainer-7] [uk.ac.ebi.interpro.scan.io.pirsf.hmmer3.PirsfHmmer3RawMatchParser:129] WARN - Couldn't parse the given raw match line, because it is of an unexpected format.
2023-06-24 18:51:37,635 [amqEmbeddedWorkerJmsContainer-7] [uk.ac.ebi.interpro.scan.io.pirsf.hmmer3.PirsfHmmer3RawMatchParser:130] WARN - Unexpected Raw match line: Query sequence: 703 matches PIRSF000097: Aldo-keto reductase
2023-06-24 18:51:37,635 [amqEmbeddedWorkerJmsContainer-7] [uk.ac.ebi.interpro.scan.io.pirsf.hmmer3.PirsfHmmer3RawMatchParser:129] WARN - Couldn't parse the given raw match line, because it is of an unexpected format.
2023-06-24 18:51:37,635 [amqEmbeddedWorkerJmsContainer-7] [uk.ac.ebi.interpro.scan.io.pirsf.hmmer3.PirsfHmmer3RawMatchParser:130] WARN - Unexpected Raw match line: #    score  bias  c-Evalue  i-Evalue hmmfrom  hmm to    alifrom  ali to    envfrom  env to     acc
2023-06-24 18:51:37,635 [amqEmbeddedWorkerJmsContainer-7] [uk.ac.ebi.interpro.scan.io.pirsf.hmmer3.PirsfHmmer3RawMatchParser:129] WARN - Couldn't parse the given raw match line, because it is of an unexpected format.
2023-06-24 18:51:37,635 [amqEmbeddedWorkerJmsContainer-7] [uk.ac.ebi.interpro.scan.io.pirsf.hmmer3.PirsfHmmer3RawMatchParser:130] WARN - Unexpected Raw match line: 1 !   73.1   0.0     1e-24   8.5e-22      13     115 ..      18     130 ..       8     135 .. 0.92
2023-06-24 18:51:37,635 [amqEmbeddedWorkerJmsContainer-7] [uk.ac.ebi.interpro.scan.io.pirsf.hmmer3.PirsfHmmer3RawMatchParser:129] WARN - Couldn't parse the given raw match line, because it is of an unexpected format.
2023-06-24 18:51:37,635 [amqEmbeddedWorkerJmsContainer-7] [uk.ac.ebi.interpro.scan.io.pirsf.hmmer3.PirsfHmmer3RawMatchParser:130] WARN - Unexpected Raw match line: 2 !   93.0   0.2   8.4e-31   7.1e-28     141     294 ..     135     278 ..     131     282 .. 0.84
2023-06-24 18:51:37,635 [amqEmbeddedWorkerJmsContainer-7] [uk.ac.ebi.interpro.scan.io.pirsf.hmmer3.PirsfHmmer3RawMatchParser:129] WARN - Couldn't parse the given raw match line, because it is of an unexpected format.
2023-06-24 18:51:37,635 [amqEmbeddedWorkerJmsContainer-7] [uk.ac.ebi.interpro.scan.io.pirsf.hmmer3.PirsfHmmer3RawMatchParser:130] WARN - Unexpected Raw match line: Query sequence: 714 matches PIRSF000390: Predicted pyridoxal dependent aminotransferase, DegT/DnrJ/EryC1/StrS types
2023-06-24 18:51:37,635 [amqEmbeddedWorkerJmsContainer-7] [uk.ac.ebi.interpro.scan.io.pirsf.hmmer3.PirsfHmmer3RawMatchParser:129] WARN - Couldn't parse the given raw match line, because it is of an unexpected format.
2023-06-24 18:51:37,636 [amqEmbeddedWorkerJmsContainer-7] [uk.ac.ebi.interpro.scan.io.pirsf.hmmer3.PirsfHmmer3RawMatchParser:130] WARN - Unexpected Raw match line: #    score  bias  c-Evalue  i-Evalue hmmfrom  hmm to    alifrom  ali to    envfrom  env to     acc
2023-06-24 18:51:37,636 [amqEmbeddedWorkerJmsContainer-7] [uk.ac.ebi.interpro.scan.io.pirsf.hmmer3.PirsfHmmer3RawMatchParser:129] WARN - Couldn't parse the given raw match line, because it is of an unexpected format.
2023-06-24 18:51:37,636 [amqEmbeddedWorkerJmsContainer-7] [uk.ac.ebi.interpro.scan.io.pirsf.hmmer3.PirsfHmmer3RawMatchParser:130] WARN - Unexpected Raw match line: 1 !  282.7   0.0   1.3e-87   2.3e-85       4     376 ..      27     380 ..      24     384 .. 0.94
2023-06-24 18:51:37,636 [amqEmbeddedWorkerJmsContainer-7] [uk.ac.ebi.interpro.scan.io.pirsf.hmmer3.PirsfHmmer3RawMatchParser:129] WARN - Couldn't parse the given raw match line, because it is of an unexpected format.
2023-06-24 18:51:37,636 [amqEmbeddedWorkerJmsContainer-7] [uk.ac.ebi.interpro.scan.io.pirsf.hmmer3.PirsfHmmer3RawMatchParser:130] WARN - Unexpected Raw match line: Query sequence: 747 matches PIRSF001109: Adenosylhomocysteine hydrolase, SAHH type
2023-06-24 18:51:37,636 [amqEmbeddedWorkerJmsContainer-7] [uk.ac.ebi.interpro.scan.io.pirsf.hmmer3.PirsfHmmer3RawMatchParser:129] WARN - Couldn't parse the given raw match line, because it is of an unexpected format.
2023-06-24 18:51:37,636 [amqEmbeddedWorkerJmsContainer-7] [uk.ac.ebi.interpro.scan.io.pirsf.hmmer3.PirsfHmmer3RawMatchParser:130] WARN - Unexpected Raw match line: #    score  bias  c-Evalue  i-Evalue hmmfrom  hmm to    alifrom  ali to    envfrom  env to     acc
2023-06-24 18:51:37,636 [amqEmbeddedWorkerJmsContainer-7] [uk.ac.ebi.interpro.scan.io.pirsf.hmmer3.PirsfHmmer3RawMatchParser:129] WARN - Couldn't parse the given raw match line, because it is of an unexpected format.
2023-06-24 18:51:37,636 [amqEmbeddedWorkerJmsContainer-7] [uk.ac.ebi.interpro.scan.io.pirsf.hmmer3.PirsfHmmer3RawMatchParser:130] WARN - Unexpected Raw match line: 1 !  599.3   4.2  3.8e-184  1.6e-181      10     430 ..      10     428 .]       4     428 .] 0.99
2023-06-24 18:51:37,636 [amqEmbeddedWorkerJmsContainer-7] [uk.ac.ebi.interpro.scan.io.pirsf.hmmer3.PirsfHmmer3RawMatchParser:129] WARN - Couldn't parse the given raw match line, because it is of an unexpected format.
2023-06-24 18:51:37,636 [amqEmbeddedWorkerJmsContainer-7] [uk.ac.ebi.interpro.scan.io.pirsf.hmmer3.PirsfHmmer3RawMatchParser:130] WARN - Unexpected Raw match line: Query sequence: 750 matches PIRSF006677: Phosphoenolpyruvate carboxylase, archaeal type
2023-06-24 18:51:37,636 [amqEmbeddedWorkerJmsContainer-7] [uk.ac.ebi.interpro.scan.io.pirsf.hmmer3.PirsfHmmer3RawMatchParser:129] WARN - Couldn't parse the given raw match line, because it is of an unexpected format.
2023-06-24 18:51:37,636 [amqEmbeddedWorkerJmsContainer-7] [uk.ac.ebi.interpro.scan.io.pirsf.hmmer3.PirsfHmmer3RawMatchParser:130] WARN - Unexpected Raw match line: #    score  bias  c-Evalue  i-Evalue hmmfrom  hmm to    alifrom  ali to    envfrom  env to     acc
2023-06-24 18:51:37,636 [amqEmbeddedWorkerJmsContainer-7] [uk.ac.ebi.interpro.scan.io.pirsf.hmmer3.PirsfHmmer3RawMatchParser:129] WARN - Couldn't parse the given raw match line, because it is of an unexpected format.
2023-06-24 18:51:37,636 [amqEmbeddedWorkerJmsContainer-7] [uk.ac.ebi.interpro.scan.io.pirsf.hmmer3.PirsfHmmer3RawMatchParser:130] WARN - Unexpected Raw match line: 1 !  606.3   0.0  2.3e-186  1.9e-183       2     506 .]      66     561 .]      65     561 .] 0.97
2023-06-24 18:51:37,636 [amqEmbeddedWorkerJmsContainer-7] [uk.ac.ebi.interpro.scan.io.pirsf.hmmer3.PirsfHmmer3RawMatchParser:129] WARN - Couldn't parse the given raw match line, because it is of an unexpected format.
2023-06-24 18:51:37,636 [amqEmbeddedWorkerJmsContainer-7] [uk.ac.ebi.interpro.scan.io.pirsf.hmmer3.PirsfHmmer3RawMatchParser:130] WARN - Unexpected Raw match line: Query sequence: 760 matches PIRSF000412: Serine/glycine hydroxymethyltransferase
2023-06-24 18:51:37,636 [amqEmbeddedWorkerJmsContainer-7] [uk.ac.ebi.interpro.scan.io.pirsf.hmmer3.PirsfHmmer3RawMatchParser:129] WARN - Couldn't parse the given raw match line, because it is of an unexpected format.
2023-06-24 18:51:37,636 [amqEmbeddedWorkerJmsContainer-7] [uk.ac.ebi.interpro.scan.io.pirsf.hmmer3.PirsfHmmer3RawMatchParser:130] WARN - Unexpected Raw match line: #    score  bias  c-Evalue  i-Evalue hmmfrom  hmm to    alifrom  ali to    envfrom  env to     acc
2023-06-24 18:51:37,637 [amqEmbeddedWorkerJmsContainer-7] [uk.ac.ebi.interpro.scan.io.pirsf.hmmer3.PirsfHmmer3RawMatchParser:129] WARN - Couldn't parse the given raw match line, because it is of an unexpected format.
2023-06-24 18:51:37,637 [amqEmbeddedWorkerJmsContainer-7] [uk.ac.ebi.interpro.scan.io.pirsf.hmmer3.PirsfHmmer3RawMatchParser:130] WARN - Unexpected Raw match line: 1 !  551.6   0.0  1.1e-169  4.5e-167      13     444 ..      10     451 ..       3     454 .. 0.96
2023-06-24 18:51:37,637 [amqEmbeddedWorkerJmsContainer-7] [uk.ac.ebi.interpro.scan.io.pirsf.hmmer3.PirsfHmmer3RawMatchParser:129] WARN - Couldn't parse the given raw match line, because it is of an unexpected format.
2023-06-24 18:51:37,637 [amqEmbeddedWorkerJmsContainer-7] [uk.ac.ebi.interpro.scan.io.pirsf.hmmer3.PirsfHmmer3RawMatchParser:130] WARN - Unexpected Raw match line: Query sequence: 762 matches PIRSF000124: UDP-glucose/GDP-mannose dehydrogenase
2023-06-24 18:51:37,637 [amqEmbeddedWorkerJmsContainer-7] [uk.ac.ebi.interpro.scan.io.pirsf.hmmer3.PirsfHmmer3RawMatchParser:129] WARN - Couldn't parse the given raw match line, because it is of an unexpected format.
2023-06-24 18:51:37,637 [amqEmbeddedWorkerJmsContainer-7] [uk.ac.ebi.interpro.scan.io.pirsf.hmmer3.PirsfHmmer3RawMatchParser:130] WARN - Unexpected Raw match line: #    score  bias  c-Evalue  i-Evalue hmmfrom  hmm to    alifrom  ali to    envfrom  env to     acc
2023-06-24 18:51:37,637 [amqEmbeddedWorkerJmsContainer-7] [uk.ac.ebi.interpro.scan.io.pirsf.hmmer3.PirsfHmmer3RawMatchParser:129] WARN - Couldn't parse the given raw match line, because it is of an unexpected format.
2023-06-24 18:51:37,637 [amqEmbeddedWorkerJmsContainer-7] [uk.ac.ebi.interpro.scan.io.pirsf.hmmer3.PirsfHmmer3RawMatchParser:130] WARN - Unexpected Raw match line: 1 !  225.6   0.0   1.6e-70   4.5e-68       1     418 [.       7     397 ..       7     405 .. 0.93
2023-06-24 18:51:37,637 [amqEmbeddedWorkerJmsContainer-7] [uk.ac.ebi.interpro.scan.io.pirsf.hmmer3.PirsfHmmer3RawMatchParser:129] WARN - Couldn't parse the given raw match line, because it is of an unexpected format.
2023-06-24 18:51:37,637 [amqEmbeddedWorkerJmsContainer-7] [uk.ac.ebi.interpro.scan.io.pirsf.hmmer3.PirsfHmmer3RawMatchParser:130] WARN - Unexpected Raw match line: and matches Sub-Family PIRSF500136: UDP-N-acetyl-D-mannosaminuronate dehydrogenase
2023-06-24 18:51:37,637 [amqEmbeddedWorkerJmsContainer-7] [uk.ac.ebi.interpro.scan.io.pirsf.hmmer3.PirsfHmmer3RawMatchParser:129] WARN - Couldn't parse the given raw match line, because it is of an unexpected format.
2023-06-24 18:51:37,637 [amqEmbeddedWorkerJmsContainer-7] [uk.ac.ebi.interpro.scan.io.pirsf.hmmer3.PirsfHmmer3RawMatchParser:130] WARN - Unexpected Raw match line: #    score  bias  c-Evalue  i-Evalue hmmfrom  hmm to    alifrom  ali to    envfrom  env to     acc
2023-06-24 18:51:37,637 [amqEmbeddedWorkerJmsContainer-7] [uk.ac.ebi.interpro.scan.io.pirsf.hmmer3.PirsfHmmer3RawMatchParser:129] WARN - Couldn't parse the given raw match line, because it is of an unexpected format.
2023-06-24 18:51:37,637 [amqEmbeddedWorkerJmsContainer-7] [uk.ac.ebi.interpro.scan.io.pirsf.hmmer3.PirsfHmmer3RawMatchParser:130] WARN - Unexpected Raw match line: 1 !  320.2   0.0   2.6e-99   7.3e-97       8     431 ..       4     404 ..       1     413 [. 0.92
2023-06-24 18:51:37,637 [amqEmbeddedWorkerJmsContainer-7] [uk.ac.ebi.interpro.scan.io.pirsf.hmmer3.PirsfHmmer3RawMatchParser:129] WARN - Couldn't parse the given raw match line, because it is of an unexpected format.
2023-06-24 18:51:37,637 [amqEmbeddedWorkerJmsContainer-7] [uk.ac.ebi.interpro.scan.io.pirsf.hmmer3.PirsfHmmer3RawMatchParser:130] WARN - Unexpected Raw match line: Query sequence: 764 matches PIRSF000185: Glutamate dehydrogenase
2023-06-24 18:51:37,637 [amqEmbeddedWorkerJmsContainer-7] [uk.ac.ebi.interpro.scan.io.pirsf.hmmer3.PirsfHmmer3RawMatchParser:129] WARN - Couldn't parse the given raw match line, because it is of an unexpected format.
2023-06-24 18:51:37,638 [amqEmbeddedWorkerJmsContainer-7] [uk.ac.ebi.interpro.scan.io.pirsf.hmmer3.PirsfHmmer3RawMatchParser:130] WARN - Unexpected Raw match line: #    score  bias  c-Evalue  i-Evalue hmmfrom  hmm to    alifrom  ali to    envfrom  env to     acc
2023-06-24 18:51:37,638 [amqEmbeddedWorkerJmsContainer-7] [uk.ac.ebi.interpro.scan.io.pirsf.hmmer3.PirsfHmmer3RawMatchParser:129] WARN - Couldn't parse the given raw match line, because it is of an unexpected format.
2023-06-24 18:51:37,638 [amqEmbeddedWorkerJmsContainer-7] [uk.ac.ebi.interpro.scan.io.pirsf.hmmer3.PirsfHmmer3RawMatchParser:130] WARN - Unexpected Raw match line: 1 !  513.8   0.1  3.3e-158  1.4e-155       4     416 ..       7     420 ..       4     422 .] 0.97
2023-06-24 18:51:37,638 [amqEmbeddedWorkerJmsContainer-7] [uk.ac.ebi.interpro.scan.io.pirsf.hmmer3.PirsfHmmer3RawMatchParser:129] WARN - Couldn't parse the given raw match line, because it is of an unexpected format.
2023-06-24 18:51:37,638 [amqEmbeddedWorkerJmsContainer-7] [uk.ac.ebi.interpro.scan.io.pirsf.hmmer3.PirsfHmmer3RawMatchParser:130] WARN - Unexpected Raw match line: Query sequence: 788 matches PIRSF000726: Aspartate kinase
2023-06-24 18:51:37,638 [amqEmbeddedWorkerJmsContainer-7] [uk.ac.ebi.interpro.scan.io.pirsf.hmmer3.PirsfHmmer3RawMatchParser:129] WARN - Couldn't parse the given raw match line, because it is of an unexpected format.
2023-06-24 18:51:37,638 [amqEmbeddedWorkerJmsContainer-7] [uk.ac.ebi.interpro.scan.io.pirsf.hmmer3.PirsfHmmer3RawMatchParser:130] WARN - Unexpected Raw match line: #    score  bias  c-Evalue  i-Evalue hmmfrom  hmm to    alifrom  ali to    envfrom  env to     acc
2023-06-24 18:51:37,638 [amqEmbeddedWorkerJmsContainer-7] [uk.ac.ebi.interpro.scan.io.pirsf.hmmer3.PirsfHmmer3RawMatchParser:129] WARN - Couldn't parse the given raw match line, because it is of an unexpected format.
2023-06-24 18:51:37,638 [amqEmbeddedWorkerJmsContainer-7] [uk.ac.ebi.interpro.scan.io.pirsf.hmmer3.PirsfHmmer3RawMatchParser:130] WARN - Unexpected Raw match line: 1 !  375.6   3.2  3.3e-116  1.4e-113       3     455 ..      10     452 ..       8     457 .. 0.89
2023-06-24 18:51:37,638 [amqEmbeddedWorkerJmsContainer-7] [uk.ac.ebi.interpro.scan.io.pirsf.hmmer3.PirsfHmmer3RawMatchParser:129] WARN - Couldn't parse the given raw match line, because it is of an unexpected format.
2023-06-24 18:51:37,638 [amqEmbeddedWorkerJmsContainer-7] [uk.ac.ebi.interpro.scan.io.pirsf.hmmer3.PirsfHmmer3RawMatchParser:130] WARN - Unexpected Raw match line: Query sequence: 800 matches PIRSF004602: ATP-grasp protein, PurP type
2023-06-24 18:51:37,638 [amqEmbeddedWorkerJmsContainer-7] [uk.ac.ebi.interpro.scan.io.pirsf.hmmer3.PirsfHmmer3RawMatchParser:129] WARN - Couldn't parse the given raw match line, because it is of an unexpected format.
2023-06-24 18:51:37,638 [amqEmbeddedWorkerJmsContainer-7] [uk.ac.ebi.interpro.scan.io.pirsf.hmmer3.PirsfHmmer3RawMatchParser:130] WARN - Unexpected Raw match line: #    score  bias  c-Evalue  i-Evalue hmmfrom  hmm to    alifrom  ali to    envfrom  env to     acc
2023-06-24 18:51:37,638 [amqEmbeddedWorkerJmsContainer-7] [uk.ac.ebi.interpro.scan.io.pirsf.hmmer3.PirsfHmmer3RawMatchParser:129] WARN - Couldn't parse the given raw match line, because it is of an unexpected format.
2023-06-24 18:51:37,639 [amqEmbeddedWorkerJmsContainer-7] [uk.ac.ebi.interpro.scan.io.pirsf.hmmer3.PirsfHmmer3RawMatchParser:130] WARN - Unexpected Raw match line: 1 !  448.7   0.0  1.4e-138  5.8e-136      16     363 ..      12     346 ..       8     347 .] 0.97
2023-06-24 18:51:37,639 [amqEmbeddedWorkerJmsContainer-7] [uk.ac.ebi.interpro.scan.io.pirsf.hmmer3.PirsfHmmer3RawMatchParser:129] WARN - Couldn't parse the given raw match line, because it is of an unexpected format.
2023-06-24 18:51:37,639 [amqEmbeddedWorkerJmsContainer-7] [uk.ac.ebi.interpro.scan.io.pirsf.hmmer3.PirsfHmmer3RawMatchParser:130] WARN - Unexpected Raw match line: Query sequence: 825 matches PIRSF004808: Predicted tRNA/rRNA methyltransferase, LasT type
2023-06-24 18:51:37,639 [amqEmbeddedWorkerJmsContainer-7] [uk.ac.ebi.interpro.scan.io.pirsf.hmmer3.PirsfHmmer3RawMatchParser:129] WARN - Couldn't parse the given raw match line, because it is of an unexpected format.
2023-06-24 18:51:37,639 [amqEmbeddedWorkerJmsContainer-7] [uk.ac.ebi.interpro.scan.io.pirsf.hmmer3.PirsfHmmer3RawMatchParser:130] WARN - Unexpected Raw match line: #    score  bias  c-Evalue  i-Evalue hmmfrom  hmm to    alifrom  ali to    envfrom  env to     acc
2023-06-24 18:51:37,639 [amqEmbeddedWorkerJmsContainer-7] [uk.ac.ebi.interpro.scan.io.pirsf.hmmer3.PirsfHmmer3RawMatchParser:129] WARN - Couldn't parse the given raw match line, because it is of an unexpected format.
2023-06-24 18:51:37,639 [amqEmbeddedWorkerJmsContainer-7] [uk.ac.ebi.interpro.scan.io.pirsf.hmmer3.PirsfHmmer3RawMatchParser:130] WARN - Unexpected Raw match line: 1 !  211.9   0.0   5.8e-67   4.9e-64       5     243 ..      12     246 ..       9     249 .] 0.88
2023-06-24 18:51:37,639 [amqEmbeddedWorkerJmsContainer-7] [uk.ac.ebi.interpro.scan.io.pirsf.hmmer3.PirsfHmmer3RawMatchParser:129] WARN - Couldn't parse the given raw match line, because it is of an unexpected format.
2023-06-24 18:51:37,639 [amqEmbeddedWorkerJmsContainer-7] [uk.ac.ebi.interpro.scan.io.pirsf.hmmer3.PirsfHmmer3RawMatchParser:130] WARN - Unexpected Raw match line: Query sequence: 835 matches PIRSF000148: Aspartate-semialdehyde dehydrogenase
2023-06-24 18:51:37,639 [amqEmbeddedWorkerJmsContainer-7] [uk.ac.ebi.interpro.scan.io.pirsf.hmmer3.PirsfHmmer3RawMatchParser:129] WARN - Couldn't parse the given raw match line, because it is of an unexpected format.
2023-06-24 18:51:37,639 [amqEmbeddedWorkerJmsContainer-7] [uk.ac.ebi.interpro.scan.io.pirsf.hmmer3.PirsfHmmer3RawMatchParser:130] WARN - Unexpected Raw match line: #    score  bias  c-Evalue  i-Evalue hmmfrom  hmm to    alifrom  ali to    envfrom  env to     acc
2023-06-24 18:51:37,639 [amqEmbeddedWorkerJmsContainer-7] [uk.ac.ebi.interpro.scan.io.pirsf.hmmer3.PirsfHmmer3RawMatchParser:129] WARN - Couldn't parse the given raw match line, because it is of an unexpected format.
2023-06-24 18:51:37,639 [amqEmbeddedWorkerJmsContainer-7] [uk.ac.ebi.interpro.scan.io.pirsf.hmmer3.PirsfHmmer3RawMatchParser:130] WARN - Unexpected Raw match line: 1 !  342.5   0.0  1.5e-106  1.2e-103       1     342 [.      16     367 ..      16     368 .] 0.99
2023-06-24 18:51:37,639 [amqEmbeddedWorkerJmsContainer-7] [uk.ac.ebi.interpro.scan.io.pirsf.hmmer3.PirsfHmmer3RawMatchParser:129] WARN - Couldn't parse the given raw match line, because it is of an unexpected format.
2023-06-24 18:51:37,639 [amqEmbeddedWorkerJmsContainer-7] [uk.ac.ebi.interpro.scan.io.pirsf.hmmer3.PirsfHmmer3RawMatchParser:130] WARN - Unexpected Raw match line: Query sequence: 84 matches PIRSF005963: Lipoyl synthase
2023-06-24 18:51:37,639 [amqEmbeddedWorkerJmsContainer-7] [uk.ac.ebi.interpro.scan.io.pirsf.hmmer3.PirsfHmmer3RawMatchParser:129] WARN - Couldn't parse the given raw match line, because it is of an unexpected format.
2023-06-24 18:51:37,639 [amqEmbeddedWorkerJmsContainer-7] [uk.ac.ebi.interpro.scan.io.pirsf.hmmer3.PirsfHmmer3RawMatchParser:130] WARN - Unexpected Raw match line: #    score  bias  c-Evalue  i-Evalue hmmfrom  hmm to    alifrom  ali to    envfrom  env to     acc
2023-06-24 18:51:37,639 [amqEmbeddedWorkerJmsContainer-7] [uk.ac.ebi.interpro.scan.io.pirsf.hmmer3.PirsfHmmer3RawMatchParser:129] WARN - Couldn't parse the given raw match line, because it is of an unexpected format.
2023-06-24 18:51:37,639 [amqEmbeddedWorkerJmsContainer-7] [uk.ac.ebi.interpro.scan.io.pirsf.hmmer3.PirsfHmmer3RawMatchParser:130] WARN - Unexpected Raw match line: 1 !  434.3   0.0  1.9e-134  1.6e-131      61     348 ..      17     309 ..       5     310 .] 0.96
2023-06-24 18:51:37,639 [amqEmbeddedWorkerJmsContainer-7] [uk.ac.ebi.interpro.scan.io.pirsf.hmmer3.PirsfHmmer3RawMatchParser:129] WARN - Couldn't parse the given raw match line, because it is of an unexpected format.
2023-06-24 18:51:37,640 [amqEmbeddedWorkerJmsContainer-7] [uk.ac.ebi.interpro.scan.io.pirsf.hmmer3.PirsfHmmer3RawMatchParser:130] WARN - Unexpected Raw match line: Query sequence: 91 matches PIRSF000484: Nicotinate phosphoribosyltransferase
2023-06-24 18:51:37,640 [amqEmbeddedWorkerJmsContainer-7] [uk.ac.ebi.interpro.scan.io.pirsf.hmmer3.PirsfHmmer3RawMatchParser:129] WARN - Couldn't parse the given raw match line, because it is of an unexpected format.
2023-06-24 18:51:37,640 [amqEmbeddedWorkerJmsContainer-7] [uk.ac.ebi.interpro.scan.io.pirsf.hmmer3.PirsfHmmer3RawMatchParser:130] WARN - Unexpected Raw match line: #    score  bias  c-Evalue  i-Evalue hmmfrom  hmm to    alifrom  ali to    envfrom  env to     acc
2023-06-24 18:51:37,640 [amqEmbeddedWorkerJmsContainer-7] [uk.ac.ebi.interpro.scan.io.pirsf.hmmer3.PirsfHmmer3RawMatchParser:129] WARN - Couldn't parse the given raw match line, because it is of an unexpected format.
2023-06-24 18:51:37,640 [amqEmbeddedWorkerJmsContainer-7] [uk.ac.ebi.interpro.scan.io.pirsf.hmmer3.PirsfHmmer3RawMatchParser:130] WARN - Unexpected Raw match line: 1 !  168.2   0.5   1.4e-53   1.1e-50      12     280 ..      18     294 ..      11     300 .. 0.95
2023-06-24 18:51:37,640 [amqEmbeddedWorkerJmsContainer-7] [uk.ac.ebi.interpro.scan.io.pirsf.hmmer3.PirsfHmmer3RawMatchParser:129] WARN - Couldn't parse the given raw match line, because it is of an unexpected format.
2023-06-24 18:51:37,640 [amqEmbeddedWorkerJmsContainer-7] [uk.ac.ebi.interpro.scan.io.pirsf.hmmer3.PirsfHmmer3RawMatchParser:130] WARN - Unexpected Raw match line: Query sequence: 94 matches PIRSF006431: Proline iminopeptidase
2023-06-24 18:51:37,640 [amqEmbeddedWorkerJmsContainer-7] [uk.ac.ebi.interpro.scan.io.pirsf.hmmer3.PirsfHmmer3RawMatchParser:129] WARN - Couldn't parse the given raw match line, because it is of an unexpected format.
2023-06-24 18:51:37,640 [amqEmbeddedWorkerJmsContainer-7] [uk.ac.ebi.interpro.scan.io.pirsf.hmmer3.PirsfHmmer3RawMatchParser:130] WARN - Unexpected Raw match line: #    score  bias  c-Evalue  i-Evalue hmmfrom  hmm to    alifrom  ali to    envfrom  env to     acc
2023-06-24 18:51:37,640 [amqEmbeddedWorkerJmsContainer-7] [uk.ac.ebi.interpro.scan.io.pirsf.hmmer3.PirsfHmmer3RawMatchParser:129] WARN - Couldn't parse the given raw match line, because it is of an unexpected format.
2023-06-24 18:51:37,640 [amqEmbeddedWorkerJmsContainer-7] [uk.ac.ebi.interpro.scan.io.pirsf.hmmer3.PirsfHmmer3RawMatchParser:130] WARN - Unexpected Raw match line: 1 !  367.1   0.0  8.6e-114  3.6e-111       4     316 ..      16     330 ..      13     331 .] 0.96
2023-06-24 18:51:37,640 [amqEmbeddedWorkerJmsContainer-7] [uk.ac.ebi.interpro.scan.io.pirsf.hmmer3.PirsfHmmer3RawMatchParser:129] WARN - Couldn't parse the given raw match line, because it is of an unexpected format.
2023-06-24 18:51:37,640 [amqEmbeddedWorkerJmsContainer-7] [uk.ac.ebi.interpro.scan.io.pirsf.hmmer3.PirsfHmmer3RawMatchParser:130] WARN - Unexpected Raw match line: Query sequence: 95 matches PIRSF039114: V-type ATP synthase, beta subunit/V-type ATPase, subunit B
2023-06-24 18:51:37,640 [amqEmbeddedWorkerJmsContainer-7] [uk.ac.ebi.interpro.scan.io.pirsf.hmmer3.PirsfHmmer3RawMatchParser:129] WARN - Couldn't parse the given raw match line, because it is of an unexpected format.
2023-06-24 18:51:37,640 [amqEmbeddedWorkerJmsContainer-7] [uk.ac.ebi.interpro.scan.io.pirsf.hmmer3.PirsfHmmer3RawMatchParser:130] WARN - Unexpected Raw match line: #    score  bias  c-Evalue  i-Evalue hmmfrom  hmm to    alifrom  ali to    envfrom  env to     acc
2023-06-24 18:51:37,640 [amqEmbeddedWorkerJmsContainer-7] [uk.ac.ebi.interpro.scan.io.pirsf.hmmer3.PirsfHmmer3RawMatchParser:129] WARN - Couldn't parse the given raw match line, because it is of an unexpected format.
2023-06-24 18:51:37,640 [amqEmbeddedWorkerJmsContainer-7] [uk.ac.ebi.interpro.scan.io.pirsf.hmmer3.PirsfHmmer3RawMatchParser:130] WARN - Unexpected Raw match line: 1 !  779.9   0.1  7.5e-239  3.2e-236       5     462 ..       6     461 ..       2     463 .] 0.98
2023-06-24 18:51:37,640 [amqEmbeddedWorkerJmsContainer-7] [uk.ac.ebi.interpro.scan.io.pirsf.hmmer3.PirsfHmmer3RawMatchParser:129] WARN - Couldn't parse the given raw match line, because it is of an unexpected format.
2023-06-24 18:51:37,640 [amqEmbeddedWorkerJmsContainer-7] [uk.ac.ebi.interpro.scan.io.pirsf.hmmer3.PirsfHmmer3RawMatchParser:130] WARN - Unexpected Raw match line: Query sequence: 97 matches PIRSF038925: Adenosine monophosphate-protein transferase
2023-06-24 18:51:37,640 [amqEmbeddedWorkerJmsContainer-7] [uk.ac.ebi.interpro.scan.io.pirsf.hmmer3.PirsfHmmer3RawMatchParser:129] WARN - Couldn't parse the given raw match line, because it is of an unexpected format.
2023-06-24 18:51:37,641 [amqEmbeddedWorkerJmsContainer-7] [uk.ac.ebi.interpro.scan.io.pirsf.hmmer3.PirsfHmmer3RawMatchParser:130] WARN - Unexpected Raw match line: #    score  bias  c-Evalue  i-Evalue hmmfrom  hmm to    alifrom  ali to    envfrom  env to     acc
2023-06-24 18:51:37,641 [amqEmbeddedWorkerJmsContainer-7] [uk.ac.ebi.interpro.scan.io.pirsf.hmmer3.PirsfHmmer3RawMatchParser:129] WARN - Couldn't parse the given raw match line, because it is of an unexpected format.
2023-06-24 18:51:37,641 [amqEmbeddedWorkerJmsContainer-7] [uk.ac.ebi.interpro.scan.io.pirsf.hmmer3.PirsfHmmer3RawMatchParser:130] WARN - Unexpected Raw match line: 1 !  320.0   0.3   3.7e-99   7.8e-97      16     368 ..      36     390 ..      24     392 .] 0.94
2023-06-24 18:51:37,641 [amqEmbeddedWorkerJmsContainer-7] [uk.ac.ebi.interpro.scan.io.pirsf.hmmer3.PirsfHmmer3RawMatchParser:129] WARN - Couldn't parse the given raw match line, because it is of an unexpected format.
2023-06-24 18:51:37,641 [amqEmbeddedWorkerJmsContainer-7] [uk.ac.ebi.interpro.scan.io.pirsf.hmmer3.PirsfHmmer3RawMatchParser:130] WARN - Unexpected Raw match line: Query sequence: 99 matches PIRSF002134: Ribosomal protein, S13p/S13a/S18e/organellar S13 types
2023-06-24 18:51:37,641 [amqEmbeddedWorkerJmsContainer-7] [uk.ac.ebi.interpro.scan.io.pirsf.hmmer3.PirsfHmmer3RawMatchParser:129] WARN - Couldn't parse the given raw match line, because it is of an unexpected format.
2023-06-24 18:51:37,641 [amqEmbeddedWorkerJmsContainer-7] [uk.ac.ebi.interpro.scan.io.pirsf.hmmer3.PirsfHmmer3RawMatchParser:130] WARN - Unexpected Raw match line: #    score  bias  c-Evalue  i-Evalue hmmfrom  hmm to    alifrom  ali to    envfrom  env to     acc
2023-06-24 18:51:37,641 [amqEmbeddedWorkerJmsContainer-7] [uk.ac.ebi.interpro.scan.io.pirsf.hmmer3.PirsfHmmer3RawMatchParser:129] WARN - Couldn't parse the given raw match line, because it is of an unexpected format.
2023-06-24 18:51:37,641 [amqEmbeddedWorkerJmsContainer-7] [uk.ac.ebi.interpro.scan.io.pirsf.hmmer3.PirsfHmmer3RawMatchParser:130] WARN - Unexpected Raw match line: 1 !  118.4   1.7   1.1e-38   9.6e-36       4     126 ..      10     152 ..       3     156 .. 0.94
24/06/2023 19:07:27:588 100% done:  InterProScan analyses completed 

2023-06-24 19:07:28,090 [main] [uk.ac.ebi.interpro.scan.jms.master.AbstractMaster:259] WARN - Master process unable to delete temporary directory /projects/raw_lab/jobs/metacerberus/temp/str-c93.uncc.edu_20230624_184529767_dzhv
4557.91user 500.47system 22:02.89elapsed 382%CPU (0avgtext+0avgdata 3549676maxresident)k
1722720inputs+1532496outputs (392major+26517100minor)pagefaults 0swaps

======================================================
End Time   : Sat Jun 24 19:07:28 EDT 2023
Run Time   : 1324 seconds
======================================================

