=====================================================
Start Time  : Sat Jun 24 21:39:21 EDT 2023
Submit Dir  : /projects/raw_lab/jobs/metacerberus
Job ID/Name : 3996884 / InterProScan
Node List   : str-c97
Num Tasks   : 1 total [1 nodes @ 16 CPUs/node]
======================================================

Loading interproscan/5.60-92.0
  Loading requirement: anaconda3/2020.11 openjdk/15
======================================================
Running InterProScan On VIRAL_ARCHAEA/KC292021.fna
======================================================
24/06/2023 21:39:22:695 Welcome to InterProScan-5.60-92.0
24/06/2023 21:39:22:695 Running InterProScan v5 in STANDALONE mode... on Linux
24/06/2023 21:39:26:637 RunID: str-c97.uncc.edu_20230624_213926464_c9vy
24/06/2023 21:39:35:156 Loading file /projects/raw_lab/jobs/metacerberus/VIRAL_ARCHAEA/KC292021.fna
24/06/2023 21:39:35:633 Running the following analyses:
[AntiFam-7.0,CDD-3.20,Coils-2.2.1,FunFam-4.3.0,Gene3D-4.3.0,Hamap-2021_04,MobiDBLite-2.0,PANTHER-17.0,Pfam-35.0,PIRSF-3.10,PIRSR-2021_05,PRINTS-42.0,ProSitePatterns-2022_01,ProSiteProfiles-2022_01,SFLD-4,SMART-7.1,SUPERFAMILY-1.75,TIGRFAM-15.0]
Pre-calculated match lookup service DISABLED.  Please wait for match calculations to complete...
2023-06-24 21:41:03,321 [amqEmbeddedWorkerJmsContainer-7] [uk.ac.ebi.interpro.scan.management.model.implementations.WriteOutputStep:344] WARN - At write output completion, unable to delete temporary directory /projects/raw_lab/jobs/metacerberus/temp/str-c97.uncc.edu_20230624_213926464_c9vy
24/06/2023 21:41:03:349 100% done:  InterProScan analyses completed 

2023-06-24 21:41:03,851 [main] [uk.ac.ebi.interpro.scan.jms.master.AbstractMaster:259] WARN - Master process unable to delete temporary directory /projects/raw_lab/jobs/metacerberus/temp/str-c97.uncc.edu_20230624_213926464_c9vy
2023-06-24 21:41:03,857 [main] [uk.ac.ebi.interpro.scan.jms.main.Run:1778] WARN - At Run completion, unable to delete temporary directory /projects/raw_lab/jobs/metacerberus/temp/str-c97.uncc.edu_20230624_213926464_c9vy
239.26user 23.13system 1:41.89elapsed 257%CPU (0avgtext+0avgdata 3402972maxresident)k
507720inputs+494936outputs (13major+1662954minor)pagefaults 0swaps

======================================================
End Time   : Sat Jun 24 21:41:03 EDT 2023
Run Time   : 102 seconds
======================================================

