=====================================================
Start Time  : Sat Jun 24 18:23:40 EDT 2023
Submit Dir  : /projects/raw_lab/jobs/metacerberus
Job ID/Name : 3995210 / InterProScan
Node List   : str-c102
Num Tasks   : 1 total [1 nodes @ 16 CPUs/node]
======================================================

Loading interproscan/5.60-92.0
  Loading requirement: anaconda3/2020.11 openjdk/15
======================================================
Running InterProScan On GTDB-100/genomes/archaea/GCA_014361295.1.fna
======================================================
24/06/2023 18:23:42:014 Welcome to InterProScan-5.60-92.0
24/06/2023 18:23:42:015 Running InterProScan v5 in STANDALONE mode... on Linux
24/06/2023 18:23:46:053 RunID: str-c102.uncc.edu_20230624_182345890_7ei3
24/06/2023 18:23:54:835 Loading file /projects/raw_lab/jobs/metacerberus/GTDB-100/genomes/archaea/GCA_014361295.1.fna
24/06/2023 18:23:55:865 Running the following analyses:
[AntiFam-7.0,CDD-3.20,Coils-2.2.1,FunFam-4.3.0,Gene3D-4.3.0,Hamap-2021_04,MobiDBLite-2.0,PANTHER-17.0,Pfam-35.0,PIRSF-3.10,PIRSR-2021_05,PRINTS-42.0,ProSitePatterns-2022_01,ProSiteProfiles-2022_01,SFLD-4,SMART-7.1,SUPERFAMILY-1.75,TIGRFAM-15.0]
Pre-calculated match lookup service DISABLED.  Please wait for match calculations to complete...
2023-06-24 18:25:33,870 [amqEmbeddedWorkerJmsContainer-15] [uk.ac.ebi.interpro.scan.io.pirsf.hmmer3.PirsfHmmer3RawMatchParser:129] WARN - Couldn't parse the given raw match line, because it is of an unexpected format.
2023-06-24 18:25:33,875 [amqEmbeddedWorkerJmsContainer-15] [uk.ac.ebi.interpro.scan.io.pirsf.hmmer3.PirsfHmmer3RawMatchParser:130] WARN - Unexpected Raw match line: Query sequence: 126 matches PIRSF038994: N-acetylglucosamine-6-phosphate deacetylase
2023-06-24 18:25:33,876 [amqEmbeddedWorkerJmsContainer-15] [uk.ac.ebi.interpro.scan.io.pirsf.hmmer3.PirsfHmmer3RawMatchParser:129] WARN - Couldn't parse the given raw match line, because it is of an unexpected format.
2023-06-24 18:25:33,876 [amqEmbeddedWorkerJmsContainer-15] [uk.ac.ebi.interpro.scan.io.pirsf.hmmer3.PirsfHmmer3RawMatchParser:130] WARN - Unexpected Raw match line: #    score  bias  c-Evalue  i-Evalue hmmfrom  hmm to    alifrom  ali to    envfrom  env to     acc
2023-06-24 18:25:33,876 [amqEmbeddedWorkerJmsContainer-15] [uk.ac.ebi.interpro.scan.io.pirsf.hmmer3.PirsfHmmer3RawMatchParser:129] WARN - Couldn't parse the given raw match line, because it is of an unexpected format.
2023-06-24 18:25:33,876 [amqEmbeddedWorkerJmsContainer-15] [uk.ac.ebi.interpro.scan.io.pirsf.hmmer3.PirsfHmmer3RawMatchParser:130] WARN - Unexpected Raw match line: 1 !  385.9   0.0  6.2e-119    9e-117      10     390 ..      16     409 ..       9     410 .. 0.93
2023-06-24 18:25:33,876 [amqEmbeddedWorkerJmsContainer-15] [uk.ac.ebi.interpro.scan.io.pirsf.hmmer3.PirsfHmmer3RawMatchParser:129] WARN - Couldn't parse the given raw match line, because it is of an unexpected format.
2023-06-24 18:25:33,876 [amqEmbeddedWorkerJmsContainer-15] [uk.ac.ebi.interpro.scan.io.pirsf.hmmer3.PirsfHmmer3RawMatchParser:130] WARN - Unexpected Raw match line: Query sequence: 23 matches PIRSF000915: Monoester phosphate phosphatase, PGP type
2023-06-24 18:25:33,876 [amqEmbeddedWorkerJmsContainer-15] [uk.ac.ebi.interpro.scan.io.pirsf.hmmer3.PirsfHmmer3RawMatchParser:129] WARN - Couldn't parse the given raw match line, because it is of an unexpected format.
2023-06-24 18:25:33,876 [amqEmbeddedWorkerJmsContainer-15] [uk.ac.ebi.interpro.scan.io.pirsf.hmmer3.PirsfHmmer3RawMatchParser:130] WARN - Unexpected Raw match line: #    score  bias  c-Evalue  i-Evalue hmmfrom  hmm to    alifrom  ali to    envfrom  env to     acc
2023-06-24 18:25:33,876 [amqEmbeddedWorkerJmsContainer-15] [uk.ac.ebi.interpro.scan.io.pirsf.hmmer3.PirsfHmmer3RawMatchParser:129] WARN - Couldn't parse the given raw match line, because it is of an unexpected format.
2023-06-24 18:25:33,876 [amqEmbeddedWorkerJmsContainer-15] [uk.ac.ebi.interpro.scan.io.pirsf.hmmer3.PirsfHmmer3RawMatchParser:130] WARN - Unexpected Raw match line: 1 !  201.7   0.0   2.8e-63   7.1e-61      27     311 ..       9     262 ..       5     265 .. 0.92
2023-06-24 18:25:33,876 [amqEmbeddedWorkerJmsContainer-15] [uk.ac.ebi.interpro.scan.io.pirsf.hmmer3.PirsfHmmer3RawMatchParser:129] WARN - Couldn't parse the given raw match line, because it is of an unexpected format.
2023-06-24 18:25:33,876 [amqEmbeddedWorkerJmsContainer-15] [uk.ac.ebi.interpro.scan.io.pirsf.hmmer3.PirsfHmmer3RawMatchParser:130] WARN - Unexpected Raw match line: Query sequence: 401 matches PIRSF017184: Bifunctional NAD(P)H-hydrate repair enzyme Nnr
2023-06-24 18:25:33,876 [amqEmbeddedWorkerJmsContainer-15] [uk.ac.ebi.interpro.scan.io.pirsf.hmmer3.PirsfHmmer3RawMatchParser:129] WARN - Couldn't parse the given raw match line, because it is of an unexpected format.
2023-06-24 18:25:33,877 [amqEmbeddedWorkerJmsContainer-15] [uk.ac.ebi.interpro.scan.io.pirsf.hmmer3.PirsfHmmer3RawMatchParser:130] WARN - Unexpected Raw match line: #    score  bias  c-Evalue  i-Evalue hmmfrom  hmm to    alifrom  ali to    envfrom  env to     acc
2023-06-24 18:25:33,877 [amqEmbeddedWorkerJmsContainer-15] [uk.ac.ebi.interpro.scan.io.pirsf.hmmer3.PirsfHmmer3RawMatchParser:129] WARN - Couldn't parse the given raw match line, because it is of an unexpected format.
2023-06-24 18:25:33,877 [amqEmbeddedWorkerJmsContainer-15] [uk.ac.ebi.interpro.scan.io.pirsf.hmmer3.PirsfHmmer3RawMatchParser:130] WARN - Unexpected Raw match line: 1 !  312.7   0.0   1.9e-97   1.9e-94       8     500 ..      17     487 ..      11     491 .. 0.89
2023-06-24 18:25:33,877 [amqEmbeddedWorkerJmsContainer-15] [uk.ac.ebi.interpro.scan.io.pirsf.hmmer3.PirsfHmmer3RawMatchParser:129] WARN - Couldn't parse the given raw match line, because it is of an unexpected format.
2023-06-24 18:25:33,877 [amqEmbeddedWorkerJmsContainer-15] [uk.ac.ebi.interpro.scan.io.pirsf.hmmer3.PirsfHmmer3RawMatchParser:130] WARN - Unexpected Raw match line: Query sequence: 408 matches PIRSF000124: UDP-glucose/GDP-mannose dehydrogenase
2023-06-24 18:25:33,877 [amqEmbeddedWorkerJmsContainer-15] [uk.ac.ebi.interpro.scan.io.pirsf.hmmer3.PirsfHmmer3RawMatchParser:129] WARN - Couldn't parse the given raw match line, because it is of an unexpected format.
2023-06-24 18:25:33,877 [amqEmbeddedWorkerJmsContainer-15] [uk.ac.ebi.interpro.scan.io.pirsf.hmmer3.PirsfHmmer3RawMatchParser:130] WARN - Unexpected Raw match line: #    score  bias  c-Evalue  i-Evalue hmmfrom  hmm to    alifrom  ali to    envfrom  env to     acc
2023-06-24 18:25:33,877 [amqEmbeddedWorkerJmsContainer-15] [uk.ac.ebi.interpro.scan.io.pirsf.hmmer3.PirsfHmmer3RawMatchParser:129] WARN - Couldn't parse the given raw match line, because it is of an unexpected format.
2023-06-24 18:25:33,877 [amqEmbeddedWorkerJmsContainer-15] [uk.ac.ebi.interpro.scan.io.pirsf.hmmer3.PirsfHmmer3RawMatchParser:130] WARN - Unexpected Raw match line: 1 !  425.4   0.0  2.5e-131  1.3e-128       1     438 []       8     434 ..       8     434 .. 0.95
2023-06-24 18:25:33,877 [amqEmbeddedWorkerJmsContainer-15] [uk.ac.ebi.interpro.scan.io.pirsf.hmmer3.PirsfHmmer3RawMatchParser:129] WARN - Couldn't parse the given raw match line, because it is of an unexpected format.
2023-06-24 18:25:33,877 [amqEmbeddedWorkerJmsContainer-15] [uk.ac.ebi.interpro.scan.io.pirsf.hmmer3.PirsfHmmer3RawMatchParser:130] WARN - Unexpected Raw match line: and matches Sub-Family PIRSF500134: UDP-glucose 6-dehydrogenase, bacterial type
2023-06-24 18:25:33,877 [amqEmbeddedWorkerJmsContainer-15] [uk.ac.ebi.interpro.scan.io.pirsf.hmmer3.PirsfHmmer3RawMatchParser:129] WARN - Couldn't parse the given raw match line, because it is of an unexpected format.
2023-06-24 18:25:33,877 [amqEmbeddedWorkerJmsContainer-15] [uk.ac.ebi.interpro.scan.io.pirsf.hmmer3.PirsfHmmer3RawMatchParser:130] WARN - Unexpected Raw match line: #    score  bias  c-Evalue  i-Evalue hmmfrom  hmm to    alifrom  ali to    envfrom  env to     acc
2023-06-24 18:25:33,877 [amqEmbeddedWorkerJmsContainer-15] [uk.ac.ebi.interpro.scan.io.pirsf.hmmer3.PirsfHmmer3RawMatchParser:129] WARN - Couldn't parse the given raw match line, because it is of an unexpected format.
2023-06-24 18:25:33,878 [amqEmbeddedWorkerJmsContainer-15] [uk.ac.ebi.interpro.scan.io.pirsf.hmmer3.PirsfHmmer3RawMatchParser:130] WARN - Unexpected Raw match line: 1 !  488.7   0.0  7.3e-151  7.4e-148       1     438 [.       8     435 ..       8     436 .. 0.97
2023-06-24 18:25:33,878 [amqEmbeddedWorkerJmsContainer-15] [uk.ac.ebi.interpro.scan.io.pirsf.hmmer3.PirsfHmmer3RawMatchParser:129] WARN - Couldn't parse the given raw match line, because it is of an unexpected format.
2023-06-24 18:25:33,878 [amqEmbeddedWorkerJmsContainer-15] [uk.ac.ebi.interpro.scan.io.pirsf.hmmer3.PirsfHmmer3RawMatchParser:130] WARN - Unexpected Raw match line: Query sequence: 439 matches PIRSF000538: Keto-sugar kinase
2023-06-24 18:25:33,878 [amqEmbeddedWorkerJmsContainer-15] [uk.ac.ebi.interpro.scan.io.pirsf.hmmer3.PirsfHmmer3RawMatchParser:129] WARN - Couldn't parse the given raw match line, because it is of an unexpected format.
2023-06-24 18:25:33,878 [amqEmbeddedWorkerJmsContainer-15] [uk.ac.ebi.interpro.scan.io.pirsf.hmmer3.PirsfHmmer3RawMatchParser:130] WARN - Unexpected Raw match line: #    score  bias  c-Evalue  i-Evalue hmmfrom  hmm to    alifrom  ali to    envfrom  env to     acc
2023-06-24 18:25:33,878 [amqEmbeddedWorkerJmsContainer-15] [uk.ac.ebi.interpro.scan.io.pirsf.hmmer3.PirsfHmmer3RawMatchParser:129] WARN - Couldn't parse the given raw match line, because it is of an unexpected format.
2023-06-24 18:25:33,878 [amqEmbeddedWorkerJmsContainer-15] [uk.ac.ebi.interpro.scan.io.pirsf.hmmer3.PirsfHmmer3RawMatchParser:130] WARN - Unexpected Raw match line: 1 !  559.9   0.0  4.5e-172  2.3e-169       6     495 ..      14     501 ..      10     502 .. 0.98
2023-06-24 18:25:33,878 [amqEmbeddedWorkerJmsContainer-15] [uk.ac.ebi.interpro.scan.io.pirsf.hmmer3.PirsfHmmer3RawMatchParser:129] WARN - Couldn't parse the given raw match line, because it is of an unexpected format.
2023-06-24 18:25:33,878 [amqEmbeddedWorkerJmsContainer-15] [uk.ac.ebi.interpro.scan.io.pirsf.hmmer3.PirsfHmmer3RawMatchParser:130] WARN - Unexpected Raw match line: Query sequence: 466 matches PIRSF000538: Keto-sugar kinase
2023-06-24 18:25:33,878 [amqEmbeddedWorkerJmsContainer-15] [uk.ac.ebi.interpro.scan.io.pirsf.hmmer3.PirsfHmmer3RawMatchParser:129] WARN - Couldn't parse the given raw match line, because it is of an unexpected format.
2023-06-24 18:25:33,878 [amqEmbeddedWorkerJmsContainer-15] [uk.ac.ebi.interpro.scan.io.pirsf.hmmer3.PirsfHmmer3RawMatchParser:130] WARN - Unexpected Raw match line: #    score  bias  c-Evalue  i-Evalue hmmfrom  hmm to    alifrom  ali to    envfrom  env to     acc
2023-06-24 18:25:33,878 [amqEmbeddedWorkerJmsContainer-15] [uk.ac.ebi.interpro.scan.io.pirsf.hmmer3.PirsfHmmer3RawMatchParser:129] WARN - Couldn't parse the given raw match line, because it is of an unexpected format.
2023-06-24 18:25:33,878 [amqEmbeddedWorkerJmsContainer-15] [uk.ac.ebi.interpro.scan.io.pirsf.hmmer3.PirsfHmmer3RawMatchParser:130] WARN - Unexpected Raw match line: 1 !  491.3   0.0  2.7e-151  1.4e-148       2     496 ..       7     509 ..       6     511 .. 0.98
2023-06-24 18:25:33,878 [amqEmbeddedWorkerJmsContainer-15] [uk.ac.ebi.interpro.scan.io.pirsf.hmmer3.PirsfHmmer3RawMatchParser:129] WARN - Couldn't parse the given raw match line, because it is of an unexpected format.
2023-06-24 18:25:33,879 [amqEmbeddedWorkerJmsContainer-15] [uk.ac.ebi.interpro.scan.io.pirsf.hmmer3.PirsfHmmer3RawMatchParser:130] WARN - Unexpected Raw match line: Query sequence: 536 matches PIRSF001549: Histidyl-tRNA synthetase
2023-06-24 18:25:33,879 [amqEmbeddedWorkerJmsContainer-15] [uk.ac.ebi.interpro.scan.io.pirsf.hmmer3.PirsfHmmer3RawMatchParser:129] WARN - Couldn't parse the given raw match line, because it is of an unexpected format.
2023-06-24 18:25:33,879 [amqEmbeddedWorkerJmsContainer-15] [uk.ac.ebi.interpro.scan.io.pirsf.hmmer3.PirsfHmmer3RawMatchParser:130] WARN - Unexpected Raw match line: #    score  bias  c-Evalue  i-Evalue hmmfrom  hmm to    alifrom  ali to    envfrom  env to     acc
2023-06-24 18:25:33,879 [amqEmbeddedWorkerJmsContainer-15] [uk.ac.ebi.interpro.scan.io.pirsf.hmmer3.PirsfHmmer3RawMatchParser:129] WARN - Couldn't parse the given raw match line, because it is of an unexpected format.
2023-06-24 18:25:33,879 [amqEmbeddedWorkerJmsContainer-15] [uk.ac.ebi.interpro.scan.io.pirsf.hmmer3.PirsfHmmer3RawMatchParser:130] WARN - Unexpected Raw match line: 1 !  396.2   0.0  1.8e-122  9.1e-120       2     432 ..      94     507 ..      93     511 .. 0.96
2023-06-24 18:25:33,879 [amqEmbeddedWorkerJmsContainer-15] [uk.ac.ebi.interpro.scan.io.pirsf.hmmer3.PirsfHmmer3RawMatchParser:129] WARN - Couldn't parse the given raw match line, because it is of an unexpected format.
2023-06-24 18:25:33,879 [amqEmbeddedWorkerJmsContainer-15] [uk.ac.ebi.interpro.scan.io.pirsf.hmmer3.PirsfHmmer3RawMatchParser:130] WARN - Unexpected Raw match line: Query sequence: 621 matches PIRSF000429: Acetyl-CoA acetyltransferase
2023-06-24 18:25:33,879 [amqEmbeddedWorkerJmsContainer-15] [uk.ac.ebi.interpro.scan.io.pirsf.hmmer3.PirsfHmmer3RawMatchParser:129] WARN - Couldn't parse the given raw match line, because it is of an unexpected format.
2023-06-24 18:25:33,879 [amqEmbeddedWorkerJmsContainer-15] [uk.ac.ebi.interpro.scan.io.pirsf.hmmer3.PirsfHmmer3RawMatchParser:130] WARN - Unexpected Raw match line: #    score  bias  c-Evalue  i-Evalue hmmfrom  hmm to    alifrom  ali to    envfrom  env to     acc
2023-06-24 18:25:33,879 [amqEmbeddedWorkerJmsContainer-15] [uk.ac.ebi.interpro.scan.io.pirsf.hmmer3.PirsfHmmer3RawMatchParser:129] WARN - Couldn't parse the given raw match line, because it is of an unexpected format.
2023-06-24 18:25:33,879 [amqEmbeddedWorkerJmsContainer-15] [uk.ac.ebi.interpro.scan.io.pirsf.hmmer3.PirsfHmmer3RawMatchParser:130] WARN - Unexpected Raw match line: 1 !  218.5   5.6   9.3e-69   9.4e-66       3     394 ..      24     400 ..      23     407 .. 0.89
2023-06-24 18:25:33,879 [amqEmbeddedWorkerJmsContainer-15] [uk.ac.ebi.interpro.scan.io.pirsf.hmmer3.PirsfHmmer3RawMatchParser:129] WARN - Couldn't parse the given raw match line, because it is of an unexpected format.
2023-06-24 18:25:33,879 [amqEmbeddedWorkerJmsContainer-15] [uk.ac.ebi.interpro.scan.io.pirsf.hmmer3.PirsfHmmer3RawMatchParser:130] WARN - Unexpected Raw match line: Query sequence: 729 matches PIRSF000723: Carbamate kinase
2023-06-24 18:25:33,879 [amqEmbeddedWorkerJmsContainer-15] [uk.ac.ebi.interpro.scan.io.pirsf.hmmer3.PirsfHmmer3RawMatchParser:129] WARN - Couldn't parse the given raw match line, because it is of an unexpected format.
2023-06-24 18:25:33,879 [amqEmbeddedWorkerJmsContainer-15] [uk.ac.ebi.interpro.scan.io.pirsf.hmmer3.PirsfHmmer3RawMatchParser:130] WARN - Unexpected Raw match line: #    score  bias  c-Evalue  i-Evalue hmmfrom  hmm to    alifrom  ali to    envfrom  env to     acc
2023-06-24 18:25:33,880 [amqEmbeddedWorkerJmsContainer-15] [uk.ac.ebi.interpro.scan.io.pirsf.hmmer3.PirsfHmmer3RawMatchParser:129] WARN - Couldn't parse the given raw match line, because it is of an unexpected format.
2023-06-24 18:25:33,880 [amqEmbeddedWorkerJmsContainer-15] [uk.ac.ebi.interpro.scan.io.pirsf.hmmer3.PirsfHmmer3RawMatchParser:130] WARN - Unexpected Raw match line: 1 !  464.0   2.7    1e-143    1e-140       2     311 ..      17     329 ..      16     330 .] 0.98
2023-06-24 18:25:33,880 [amqEmbeddedWorkerJmsContainer-15] [uk.ac.ebi.interpro.scan.io.pirsf.hmmer3.PirsfHmmer3RawMatchParser:129] WARN - Couldn't parse the given raw match line, because it is of an unexpected format.
2023-06-24 18:25:33,880 [amqEmbeddedWorkerJmsContainer-15] [uk.ac.ebi.interpro.scan.io.pirsf.hmmer3.PirsfHmmer3RawMatchParser:130] WARN - Unexpected Raw match line: Query sequence: 799 matches PIRSF038994: N-acetylglucosamine-6-phosphate deacetylase
2023-06-24 18:25:33,880 [amqEmbeddedWorkerJmsContainer-15] [uk.ac.ebi.interpro.scan.io.pirsf.hmmer3.PirsfHmmer3RawMatchParser:129] WARN - Couldn't parse the given raw match line, because it is of an unexpected format.
2023-06-24 18:25:33,880 [amqEmbeddedWorkerJmsContainer-15] [uk.ac.ebi.interpro.scan.io.pirsf.hmmer3.PirsfHmmer3RawMatchParser:130] WARN - Unexpected Raw match line: #    score  bias  c-Evalue  i-Evalue hmmfrom  hmm to    alifrom  ali to    envfrom  env to     acc
2023-06-24 18:25:33,880 [amqEmbeddedWorkerJmsContainer-15] [uk.ac.ebi.interpro.scan.io.pirsf.hmmer3.PirsfHmmer3RawMatchParser:129] WARN - Couldn't parse the given raw match line, because it is of an unexpected format.
2023-06-24 18:25:33,880 [amqEmbeddedWorkerJmsContainer-15] [uk.ac.ebi.interpro.scan.io.pirsf.hmmer3.PirsfHmmer3RawMatchParser:130] WARN - Unexpected Raw match line: 1 !  395.7   0.1  6.7e-122  9.8e-120       9     390 ..      19     413 ..      12     414 .. 0.93
2023-06-24 18:25:33,880 [amqEmbeddedWorkerJmsContainer-15] [uk.ac.ebi.interpro.scan.io.pirsf.hmmer3.PirsfHmmer3RawMatchParser:129] WARN - Couldn't parse the given raw match line, because it is of an unexpected format.
2023-06-24 18:25:33,880 [amqEmbeddedWorkerJmsContainer-15] [uk.ac.ebi.interpro.scan.io.pirsf.hmmer3.PirsfHmmer3RawMatchParser:130] WARN - Unexpected Raw match line: Query sequence: 852 matches PIRSF001123: Glutamyl aminopeptidase, PepA type
2023-06-24 18:25:33,880 [amqEmbeddedWorkerJmsContainer-15] [uk.ac.ebi.interpro.scan.io.pirsf.hmmer3.PirsfHmmer3RawMatchParser:129] WARN - Couldn't parse the given raw match line, because it is of an unexpected format.
2023-06-24 18:25:33,880 [amqEmbeddedWorkerJmsContainer-15] [uk.ac.ebi.interpro.scan.io.pirsf.hmmer3.PirsfHmmer3RawMatchParser:130] WARN - Unexpected Raw match line: #    score  bias  c-Evalue  i-Evalue hmmfrom  hmm to    alifrom  ali to    envfrom  env to     acc
2023-06-24 18:25:33,880 [amqEmbeddedWorkerJmsContainer-15] [uk.ac.ebi.interpro.scan.io.pirsf.hmmer3.PirsfHmmer3RawMatchParser:129] WARN - Couldn't parse the given raw match line, because it is of an unexpected format.
2023-06-24 18:25:33,881 [amqEmbeddedWorkerJmsContainer-15] [uk.ac.ebi.interpro.scan.io.pirsf.hmmer3.PirsfHmmer3RawMatchParser:130] WARN - Unexpected Raw match line: 1 !   37.7   0.0   5.1e-14   5.2e-11       5      69 ..      16      81 ..      12      83 .. 0.92
2023-06-24 18:25:33,881 [amqEmbeddedWorkerJmsContainer-15] [uk.ac.ebi.interpro.scan.io.pirsf.hmmer3.PirsfHmmer3RawMatchParser:129] WARN - Couldn't parse the given raw match line, because it is of an unexpected format.
2023-06-24 18:25:33,881 [amqEmbeddedWorkerJmsContainer-15] [uk.ac.ebi.interpro.scan.io.pirsf.hmmer3.PirsfHmmer3RawMatchParser:130] WARN - Unexpected Raw match line: 2 !    0.7   0.0     0.009       9.2     170     214 ..     100     144 ..      95     146 .. 0.76
2023-06-24 18:25:33,881 [amqEmbeddedWorkerJmsContainer-15] [uk.ac.ebi.interpro.scan.io.pirsf.hmmer3.PirsfHmmer3RawMatchParser:129] WARN - Couldn't parse the given raw match line, because it is of an unexpected format.
2023-06-24 18:25:33,881 [amqEmbeddedWorkerJmsContainer-15] [uk.ac.ebi.interpro.scan.io.pirsf.hmmer3.PirsfHmmer3RawMatchParser:130] WARN - Unexpected Raw match line: 3 !   -2.5   0.0     0.083        84     272     316 ..     319     361 ..     316     381 .. 0.76
2023-06-24 18:25:33,881 [amqEmbeddedWorkerJmsContainer-15] [uk.ac.ebi.interpro.scan.io.pirsf.hmmer3.PirsfHmmer3RawMatchParser:129] WARN - Couldn't parse the given raw match line, because it is of an unexpected format.
2023-06-24 18:25:33,881 [amqEmbeddedWorkerJmsContainer-15] [uk.ac.ebi.interpro.scan.io.pirsf.hmmer3.PirsfHmmer3RawMatchParser:130] WARN - Unexpected Raw match line: Query sequence: 873 matches PIRSF036483: Predicted phosphofructokinase, XF0274 type
2023-06-24 18:25:33,881 [amqEmbeddedWorkerJmsContainer-15] [uk.ac.ebi.interpro.scan.io.pirsf.hmmer3.PirsfHmmer3RawMatchParser:129] WARN - Couldn't parse the given raw match line, because it is of an unexpected format.
2023-06-24 18:25:33,881 [amqEmbeddedWorkerJmsContainer-15] [uk.ac.ebi.interpro.scan.io.pirsf.hmmer3.PirsfHmmer3RawMatchParser:130] WARN - Unexpected Raw match line: #    score  bias  c-Evalue  i-Evalue hmmfrom  hmm to    alifrom  ali to    envfrom  env to     acc
2023-06-24 18:25:33,881 [amqEmbeddedWorkerJmsContainer-15] [uk.ac.ebi.interpro.scan.io.pirsf.hmmer3.PirsfHmmer3RawMatchParser:129] WARN - Couldn't parse the given raw match line, because it is of an unexpected format.
2023-06-24 18:25:33,881 [amqEmbeddedWorkerJmsContainer-15] [uk.ac.ebi.interpro.scan.io.pirsf.hmmer3.PirsfHmmer3RawMatchParser:130] WARN - Unexpected Raw match line: 1 !  294.1   0.0   6.9e-92   7.1e-89       3     405 ..       8     413 ..       6     425 .. 0.90
2023-06-24 18:25:33,881 [amqEmbeddedWorkerJmsContainer-15] [uk.ac.ebi.interpro.scan.io.pirsf.hmmer3.PirsfHmmer3RawMatchParser:129] WARN - Couldn't parse the given raw match line, because it is of an unexpected format.
2023-06-24 18:25:33,881 [amqEmbeddedWorkerJmsContainer-15] [uk.ac.ebi.interpro.scan.io.pirsf.hmmer3.PirsfHmmer3RawMatchParser:130] WARN - Unexpected Raw match line: Query sequence: 919 matches PIRSF000915: Monoester phosphate phosphatase, PGP type
2023-06-24 18:25:33,881 [amqEmbeddedWorkerJmsContainer-15] [uk.ac.ebi.interpro.scan.io.pirsf.hmmer3.PirsfHmmer3RawMatchParser:129] WARN - Couldn't parse the given raw match line, because it is of an unexpected format.
2023-06-24 18:25:33,881 [amqEmbeddedWorkerJmsContainer-15] [uk.ac.ebi.interpro.scan.io.pirsf.hmmer3.PirsfHmmer3RawMatchParser:130] WARN - Unexpected Raw match line: #    score  bias  c-Evalue  i-Evalue hmmfrom  hmm to    alifrom  ali to    envfrom  env to     acc
2023-06-24 18:25:33,882 [amqEmbeddedWorkerJmsContainer-15] [uk.ac.ebi.interpro.scan.io.pirsf.hmmer3.PirsfHmmer3RawMatchParser:129] WARN - Couldn't parse the given raw match line, because it is of an unexpected format.
2023-06-24 18:25:33,882 [amqEmbeddedWorkerJmsContainer-15] [uk.ac.ebi.interpro.scan.io.pirsf.hmmer3.PirsfHmmer3RawMatchParser:130] WARN - Unexpected Raw match line: 1 !  235.4   0.1   1.6e-73     4e-71      29     313 ..      27     283 ..      25     284 .. 0.92
2023-06-24 18:25:33,882 [amqEmbeddedWorkerJmsContainer-15] [uk.ac.ebi.interpro.scan.io.pirsf.hmmer3.PirsfHmmer3RawMatchParser:129] WARN - Couldn't parse the given raw match line, because it is of an unexpected format.
2023-06-24 18:25:33,882 [amqEmbeddedWorkerJmsContainer-15] [uk.ac.ebi.interpro.scan.io.pirsf.hmmer3.PirsfHmmer3RawMatchParser:130] WARN - Unexpected Raw match line: Query sequence: 932 matches PIRSF002849: Predicted AAA-type ATPase enzymatic complex assembly chaperone, MoxR type
2023-06-24 18:25:33,882 [amqEmbeddedWorkerJmsContainer-15] [uk.ac.ebi.interpro.scan.io.pirsf.hmmer3.PirsfHmmer3RawMatchParser:129] WARN - Couldn't parse the given raw match line, because it is of an unexpected format.
2023-06-24 18:25:33,882 [amqEmbeddedWorkerJmsContainer-15] [uk.ac.ebi.interpro.scan.io.pirsf.hmmer3.PirsfHmmer3RawMatchParser:130] WARN - Unexpected Raw match line: #    score  bias  c-Evalue  i-Evalue hmmfrom  hmm to    alifrom  ali to    envfrom  env to     acc
2023-06-24 18:25:33,882 [amqEmbeddedWorkerJmsContainer-15] [uk.ac.ebi.interpro.scan.io.pirsf.hmmer3.PirsfHmmer3RawMatchParser:129] WARN - Couldn't parse the given raw match line, because it is of an unexpected format.
2023-06-24 18:25:33,882 [amqEmbeddedWorkerJmsContainer-15] [uk.ac.ebi.interpro.scan.io.pirsf.hmmer3.PirsfHmmer3RawMatchParser:130] WARN - Unexpected Raw match line: 1 !  458.2   0.9  2.8e-141  7.1e-139      27     337 ..       3     315 ..       1     316 [. 0.97
2023-06-24 18:25:33,882 [amqEmbeddedWorkerJmsContainer-15] [uk.ac.ebi.interpro.scan.io.pirsf.hmmer3.PirsfHmmer3RawMatchParser:129] WARN - Couldn't parse the given raw match line, because it is of an unexpected format.
2023-06-24 18:25:33,882 [amqEmbeddedWorkerJmsContainer-15] [uk.ac.ebi.interpro.scan.io.pirsf.hmmer3.PirsfHmmer3RawMatchParser:130] WARN - Unexpected Raw match line: Query sequence: 983 matches PIRSF019115: Uncharacterised conserved protein, UCP019115 type
2023-06-24 18:25:33,882 [amqEmbeddedWorkerJmsContainer-15] [uk.ac.ebi.interpro.scan.io.pirsf.hmmer3.PirsfHmmer3RawMatchParser:129] WARN - Couldn't parse the given raw match line, because it is of an unexpected format.
2023-06-24 18:25:33,882 [amqEmbeddedWorkerJmsContainer-15] [uk.ac.ebi.interpro.scan.io.pirsf.hmmer3.PirsfHmmer3RawMatchParser:130] WARN - Unexpected Raw match line: #    score  bias  c-Evalue  i-Evalue hmmfrom  hmm to    alifrom  ali to    envfrom  env to     acc
2023-06-24 18:25:33,882 [amqEmbeddedWorkerJmsContainer-15] [uk.ac.ebi.interpro.scan.io.pirsf.hmmer3.PirsfHmmer3RawMatchParser:129] WARN - Couldn't parse the given raw match line, because it is of an unexpected format.
2023-06-24 18:25:33,882 [amqEmbeddedWorkerJmsContainer-15] [uk.ac.ebi.interpro.scan.io.pirsf.hmmer3.PirsfHmmer3RawMatchParser:130] WARN - Unexpected Raw match line: 1 !  210.7   5.6   5.3e-67   5.4e-64       1     160 []      20     183 ..      20     183 .. 0.99
24/06/2023 18:48:30:035 100% done:  InterProScan analyses completed 

2023-06-24 18:48:30,538 [main] [uk.ac.ebi.interpro.scan.jms.master.AbstractMaster:259] WARN - Master process unable to delete temporary directory /projects/raw_lab/jobs/metacerberus/temp/str-c102.uncc.edu_20230624_182345890_7ei3
4302.26user 580.26system 24:49.28elapsed 327%CPU (0avgtext+0avgdata 3696668maxresident)k
3730448inputs+1603896outputs (545major+24528735minor)pagefaults 0swaps

======================================================
End Time   : Sat Jun 24 18:48:30 EDT 2023
Run Time   : 1490 seconds
======================================================

