=====================================================
Start Time  : Wed Jun 28 12:04:43 EDT 2023
Submit Dir  : /projects/raw_lab/jobs/metacerberus
Job ID/Name : 4041571 / PROKKA
Node List   : str-c106
Num Tasks   : 1 total [1 nodes @ 16 CPUs/node]
======================================================

Loading prokka/1.14.6
  Loading requirement: anaconda3/2022.10
======================================================
Running PROKKA On GTDB-100/genomes/bacteria/GCA_905480645.1.fna
======================================================
Bacteria
[12:04:45] This is prokka 1.14.6
[12:04:45] Written by Torsten Seemann <torsten.seemann@gmail.com>
[12:04:45] Homepage is https://github.com/tseemann/prokka
[12:04:45] Local time is Wed Jun 28 12:04:45 2023
[12:04:45] You are jlfiguer
[12:04:45] Operating system is linux
[12:04:45] You have BioPerl 1.7.8
Argument "1.7.8" isn't numeric in numeric lt (<) at /apps/pkg/anaconda3/2022.10/envs/prokka-1.14.6/bin/prokka line 259.
[12:04:45] System has 16 cores.
[12:04:45] Will use maximum of 16 cores.
[12:04:45] Annotating as >>> Bacteria <<<
[12:04:45] Generating locus_tag from 'GTDB-100/genomes/bacteria/GCA_905480645.1.fna' contents.
[12:04:45] Setting --locustag CMHAOAFO from MD5 c61a8af87332db3b59e8d34e34bfe65b
[12:04:45] Creating new output folder: results/PROKKA/GTDB-100/genomes/bacteria/GCA_905480645.1
[12:04:45] Running: mkdir -p results\/PROKKA\/GTDB\-100\/genomes\/bacteria\/GCA_905480645\.1
[12:04:45] Using filename prefix: GCA_905480645.1.XXX
[12:04:45] Setting HMMER_NCPU=1
[12:04:45] Writing log to: results/PROKKA/GTDB-100/genomes/bacteria/GCA_905480645.1/GCA_905480645.1.log
[12:04:45] Command: /apps/pkg/anaconda3/2022.10/envs/prokka-1.14.6/bin/prokka --prefix GCA_905480645.1 --outdir results/PROKKA/GTDB-100/genomes/bacteria/GCA_905480645.1 --kingdom Bacteria --cpus 16 GTDB-100/genomes/bacteria/GCA_905480645.1.fna
[12:04:45] Appending to PATH: /apps/pkg/anaconda3/2022.10/envs/prokka-1.14.6/bin
[12:04:45] Looking for 'aragorn' - found /apps/pkg/anaconda3/2022.10/envs/prokka-1.14.6/bin/aragorn
[12:04:45] Determined aragorn version is 001002 from 'ARAGORN v1.2.41 Dean Laslett'
[12:04:45] Looking for 'barrnap' - found /apps/pkg/anaconda3/2022.10/envs/prokka-1.14.6/bin/barrnap
[12:04:45] Determined barrnap version is 000009 from 'barrnap 0.9'
[12:04:45] Looking for 'blastp' - found /apps/pkg/anaconda3/2022.10/envs/prokka-1.14.6/bin/blastp
[12:04:45] Determined blastp version is 002013 from 'blastp: 2.13.0+'
[12:04:45] Looking for 'cmpress' - found /apps/pkg/anaconda3/2022.10/envs/prokka-1.14.6/bin/cmpress
[12:04:45] Determined cmpress version is 001001 from '# INFERNAL 1.1.4 (Dec 2020)'
[12:04:45] Looking for 'cmscan' - found /apps/pkg/anaconda3/2022.10/envs/prokka-1.14.6/bin/cmscan
[12:04:45] Determined cmscan version is 001001 from '# INFERNAL 1.1.4 (Dec 2020)'
[12:04:45] Looking for 'egrep' - found /usr/bin/egrep
[12:04:45] Looking for 'find' - found /usr/bin/find
[12:04:45] Looking for 'grep' - found /usr/bin/grep
[12:04:45] Looking for 'hmmpress' - found /apps/pkg/anaconda3/2022.10/envs/prokka-1.14.6/bin/hmmpress
[12:04:45] Determined hmmpress version is 003003 from '# HMMER 3.3.2 (Nov 2020); http://hmmer.org/'
[12:04:45] Looking for 'hmmscan' - found /apps/pkg/anaconda3/2022.10/envs/prokka-1.14.6/bin/hmmscan
[12:04:45] Determined hmmscan version is 003003 from '# HMMER 3.3.2 (Nov 2020); http://hmmer.org/'
[12:04:45] Looking for 'java' - found /apps/pkg/anaconda3/2022.10/envs/prokka-1.14.6/bin/java
[12:04:45] Looking for 'makeblastdb' - found /apps/pkg/anaconda3/2022.10/envs/prokka-1.14.6/bin/makeblastdb
[12:04:45] Determined makeblastdb version is 002013 from 'makeblastdb: 2.13.0+'
[12:04:45] Looking for 'minced' - found /apps/pkg/anaconda3/2022.10/envs/prokka-1.14.6/bin/minced
[12:04:46] Determined minced version is 004002 from 'minced 0.4.2'
[12:04:46] Looking for 'parallel' - found /apps/pkg/anaconda3/2022.10/envs/prokka-1.14.6/bin/parallel
[12:04:46] Determined parallel version is 20230122 from 'GNU parallel 20230122'
[12:04:46] Looking for 'prodigal' - found /apps/pkg/anaconda3/2022.10/envs/prokka-1.14.6/bin/prodigal
[12:04:46] Determined prodigal version is 002006 from 'Prodigal V2.6.3: February, 2016'
[12:04:46] Looking for 'prokka-genbank_to_fasta_db' - found /apps/pkg/anaconda3/2022.10/envs/prokka-1.14.6/bin/prokka-genbank_to_fasta_db
[12:04:46] Looking for 'sed' - found /usr/bin/sed
[12:04:46] Looking for 'tbl2asn' - found /apps/pkg/anaconda3/2022.10/envs/prokka-1.14.6/bin/tbl2asn
[12:04:46] Determined tbl2asn version is 025007 from 'tbl2asn 25.7   arguments:'
[12:04:46] Using genetic code table 11.
[12:04:46] Loading and checking input file: GTDB-100/genomes/bacteria/GCA_905480645.1.fna
[12:04:46] Wrote 68 contigs totalling 3074632 bp.
[12:04:46] Predicting tRNAs and tmRNAs
[12:04:46] Running: aragorn -l -gc11  -w results\/PROKKA\/GTDB\-100\/genomes\/bacteria\/GCA_905480645\.1\/GCA_905480645\.1\.fna
[12:04:47] 1 tRNA-Leu c[56736,56819] 35 (tag)
[12:04:47] 2 tRNA-Gly [66887,66961] 33 (gcc)
[12:04:47] 3 tRNA-Glu [100128,100202] 34 (ttc)
[12:04:47] 1 tRNA-Tyr c[21305,21388] 33 (gta)
[12:04:47] 2 tRNA-His c[106505,106581] 35 (gtg)
[12:04:47] 1 tRNA-Val c[38247,38321] 33 (gac)
[12:04:47] 1 tRNA-Ala c[62374,62449] 34 (ggc)
[12:04:47] 2 tRNA-Met [132469,132545] 35 (cat)
[12:04:47] 3 tRNA-Trp [193946,194021] 34 (cca)
[12:04:47] 4 tRNA-Arg [248857,248933] 35 (acg)
[12:04:47] 1 tmRNA* c[7331,7662] 203,241 ANDNRAPMAVAA*
[12:04:47] 1 tRNA-Leu [10762,10847] 34 (taa)
[12:04:47] 1 tRNA-Pro [182635,182711] 35 (tgg)
[12:04:47] 2 tRNA-Ser [199006,199095] 35 (gga)
[12:04:47] 1 tRNA-Gln c[12184,12258] 33 (ttg)
[12:04:47] 1 tRNA-Lys [25390,25465] 34 (ttt)
[12:04:47] 1 tRNA-Met [48,124] 35 (cat)
[12:04:47] 1 tRNA-Thr c[7784,7858] 33 (ggt)
[12:04:47] 1 tRNA-Pro c[46179,46255] 35 (ggg)
[12:04:47] 1 tRNA-Ala c[2281,2355] 35 (tgc)
[12:04:47] 2 tRNA-Ile c[2369,2443] 35 (gat)
[12:04:47] 1 tRNA-Val [100191,100266] 34 (tac)
[12:04:47] 2 tRNA-Asp [105572,105648] 35 (gtc)
[12:04:47] 3 tRNA-Asp [105692,105768] 35 (gtc)
[12:04:47] 1 tRNA-Gly [28327,28400] 33 (tcc)
[12:04:47] 1 tRNA-Ser [10161,10250] 35 (cga)
[12:04:47] 1 tRNA-Ser [8111,8200] 35 (tga)
[12:04:47] 1 tRNA-Cys c[2054,2127] 33 (gca)
[12:04:47] 1 tRNA-Leu c[78131,78216] 34 (cag)
[12:04:47] 1 tRNA-Leu [13743,13825] 34 (cag)
[12:04:47] 1 tRNA-Leu [10491,10576] 34 (caa)
[12:04:47] 1 tRNA-Arg [248,324] 35 (ccg)
[12:04:47] 2 tRNA-Asn c[17328,17402] 33 (gtt)
[12:04:47] 3 tRNA-Met c[19905,19981] 35 (cat)
[12:04:47] 1 tRNA-Arg [12037,12113] 35 (cct)
[12:04:47] 1 tRNA-Leu [32190,32276] 35 (gag)
[12:04:47] Found 36 tRNAs
[12:04:47] Predicting Ribosomal RNAs
[12:04:47] Running Barrnap with 16 threads
[12:04:47] 1 CAJQRC010000035.1 1 23S ribosomal RNA (partial)
[12:04:47] 2 CAJQRC010000035.1 2612 16S ribosomal RNA
[12:04:47] Found 2 rRNAs
[12:04:47] Skipping ncRNA search, enable with --rfam if desired.
[12:04:47] Total of 37 tRNA + rRNA features
[12:04:47] Searching for CRISPR repeats
[12:04:47] Found 0 CRISPRs
[12:04:47] Predicting coding sequences
[12:04:47] Contigs total 3074632 bp, so using single mode
[12:04:47] Running: prodigal -i results\/PROKKA\/GTDB\-100\/genomes\/bacteria\/GCA_905480645\.1\/GCA_905480645\.1\.fna -c -m -g 11 -p single -f sco -q
[12:04:50] Excluding CDS which overlaps existing RNA (tRNA) at CAJQRC010000001.1:66810..66998 on - strand
[12:04:51] Found 2833 CDS
[12:04:51] Connecting features back to sequences
[12:04:51] Not using genus-specific database. Try --usegenus to enable it.
[12:04:51] Annotating CDS, please be patient.
[12:04:51] Will use 16 CPUs for similarity searching.
[12:04:52] There are still 2833 unannotated CDS left (started with 2833)
[12:04:52] Will use blast to search against /apps/pkg/anaconda3/2022.10/envs/prokka-1.14.6/db/kingdom/Bacteria/IS with 16 CPUs
[12:04:52] Running: cat results\/PROKKA\/GTDB\-100\/genomes\/bacteria\/GCA_905480645\.1\/GCA_905480645\.1\.IS\.tmp\.2362253\.faa | parallel --gnu --plain -j 16 --block 28002 --recstart '>' --pipe blastp -query - -db /apps/pkg/anaconda3/2022.10/envs/prokka-1.14.6/db/kingdom/Bacteria/IS -evalue 1e-30 -qcov_hsp_perc 90 -num_threads 1 -num_descriptions 1 -num_alignments 1 -seg no > results\/PROKKA\/GTDB\-100\/genomes\/bacteria\/GCA_905480645\.1\/GCA_905480645\.1\.IS\.tmp\.2362253\.blast 2> /dev/null
[12:04:56] Deleting unwanted file: results/PROKKA/GTDB-100/genomes/bacteria/GCA_905480645.1/GCA_905480645.1.IS.tmp.2362253.faa
[12:04:56] Deleting unwanted file: results/PROKKA/GTDB-100/genomes/bacteria/GCA_905480645.1/GCA_905480645.1.IS.tmp.2362253.blast
[12:04:57] There are still 2824 unannotated CDS left (started with 2833)
[12:04:57] Will use blast to search against /apps/pkg/anaconda3/2022.10/envs/prokka-1.14.6/db/kingdom/Bacteria/AMR with 16 CPUs
[12:04:57] Running: cat results\/PROKKA\/GTDB\-100\/genomes\/bacteria\/GCA_905480645\.1\/GCA_905480645\.1\.AMR\.tmp\.2362253\.faa | parallel --gnu --plain -j 16 --block 27937 --recstart '>' --pipe blastp -query - -db /apps/pkg/anaconda3/2022.10/envs/prokka-1.14.6/db/kingdom/Bacteria/AMR -evalue 1e-300 -qcov_hsp_perc 90 -num_threads 1 -num_descriptions 1 -num_alignments 1 -seg no > results\/PROKKA\/GTDB\-100\/genomes\/bacteria\/GCA_905480645\.1\/GCA_905480645\.1\.AMR\.tmp\.2362253\.blast 2> /dev/null
[12:05:01] Deleting unwanted file: results/PROKKA/GTDB-100/genomes/bacteria/GCA_905480645.1/GCA_905480645.1.AMR.tmp.2362253.faa
[12:05:01] Deleting unwanted file: results/PROKKA/GTDB-100/genomes/bacteria/GCA_905480645.1/GCA_905480645.1.AMR.tmp.2362253.blast
[12:05:01] There are still 2824 unannotated CDS left (started with 2833)
[12:05:01] Will use blast to search against /apps/pkg/anaconda3/2022.10/envs/prokka-1.14.6/db/kingdom/Bacteria/sprot with 16 CPUs
[12:05:01] Running: cat results\/PROKKA\/GTDB\-100\/genomes\/bacteria\/GCA_905480645\.1\/GCA_905480645\.1\.sprot\.tmp\.2362253\.faa | parallel --gnu --plain -j 16 --block 27937 --recstart '>' --pipe blastp -query - -db /apps/pkg/anaconda3/2022.10/envs/prokka-1.14.6/db/kingdom/Bacteria/sprot -evalue 1e-09 -qcov_hsp_perc 80 -num_threads 1 -num_descriptions 1 -num_alignments 1 -seg no > results\/PROKKA\/GTDB\-100\/genomes\/bacteria\/GCA_905480645\.1\/GCA_905480645\.1\.sprot\.tmp\.2362253\.blast 2> /dev/null
[12:05:16] Modify product: Probable CtpA-like serine protease => putative CtpA-like serine protease
[12:05:16] Modify product: TelA-like protein SA1238 => TelA-like protein
[12:05:16] Modify product: Uncharacterized protein YcjX => putative protein YcjX
[12:05:16] Modify product: Solute-binding protein Dde_0634 => Solute-binding protein
[12:05:16] Modify product: Probable chaperone CsaA => putative chaperone CsaA
[12:05:16] Modify product: Probable bifunctional SAT/APS kinase => putative bifunctional SAT/APS kinase
[12:05:16] Modify product: Uncharacterized isomerase YddE => putative isomerase YddE
[12:05:16] Modify product: Uncharacterized zinc protease Rv2782c => putative zinc protease
[12:05:16] Modify product: Probable enoyl-CoA hydratase 1 => putative enoyl-CoA hydratase 1
[12:05:16] Modify product: Probable enoyl-CoA hydratase echA17 => putative enoyl-CoA hydratase echA17
[12:05:16] Modify product: Uncharacterized protein Rv1367c => putative protein
[12:05:16] Modify product: UPF0701 protein HI_0467 => hypothetical protein
[12:05:16] Modify product: Multifunctional alkaline phosphatase superfamily protein pRL90232 => Multifunctional alkaline phosphatase superfamily protein
[12:05:16] Modify product: Uncharacterized ABC transporter ATP-binding protein YejF => putative ABC transporter ATP-binding protein YejF
[12:05:16] Modify product: Solute-binding protein Dde_0634 => Solute-binding protein
[12:05:16] Modify product: Probable 3-hydroxybutyryl-CoA dehydrogenase => putative 3-hydroxybutyryl-CoA dehydrogenase
[12:05:16] Modify product: Putative multidrug export ATP-binding/permease protein SAV1866 => Putative multidrug export ATP-binding/permease protein
[12:05:16] Modify product: Probable peptidoglycan D,D-transpeptidase FtsI => putative peptidoglycan D,D-transpeptidase FtsI
[12:05:16] Modify product: Uncharacterized protein HI_0933 => putative protein
[12:05:16] Modify product: Probable peptidoglycan glycosyltransferase FtsW => putative peptidoglycan glycosyltransferase FtsW
[12:05:16] Modify product: Uncharacterized oxidoreductase YgfF => putative oxidoreductase YgfF
[12:05:16] Modify product: Probable riboflavin import permease protein RfuD => putative riboflavin import permease protein RfuD
[12:05:16] Modify product: Purine-binding protein BAB2_0673 => Purine-binding protein
[12:05:16] Modify product: Probable enoyl-CoA hydratase echA8 => putative enoyl-CoA hydratase echA8
[12:05:16] Modify product: Probable protein kinase UbiB => putative protein kinase UbiB
[12:05:16] Modify product: Acetyltransferase SACOL1063 => Acetyltransferase
[12:05:16] Modify product: UPF0178 protein YaiI => hypothetical protein
[12:05:16] Modify product: Probable transcriptional regulatory protein TcrX => putative transcriptional regulatory protein TcrX
[12:05:16] Modify product: UPF0335 protein CCNA_03428 => hypothetical protein
[12:05:16] Modify product: Probable sulfoacetate--CoA ligase => putative sulfoacetate--CoA ligase
[12:05:17] Modify product: Uncharacterized aminopeptidase Rv1333 => putative aminopeptidase
[12:05:17] Modify product: Probable metallo-hydrolase BURPS1710b_2304 => putative metallo-hydrolase
[12:05:17] Modify product: Probable succinyl-CoA:3-ketoacid coenzyme A transferase subunit B => putative succinyl-CoA:3-ketoacid coenzyme A transferase subunit B
[12:05:17] Modify product: Probable succinyl-CoA:3-ketoacid coenzyme A transferase subunit A => putative succinyl-CoA:3-ketoacid coenzyme A transferase subunit A
[12:05:17] Modify product: Probable hydrolase YcaC => putative hydrolase YcaC
[12:05:17] Modify product: Probable phosphite transport system-binding protein PtxB => putative phosphite transport system-binding protein PtxB
[12:05:17] Modify product: Lactate-binding periplasmic protein TTHA0766 => Lactate-binding periplasmic protein
[12:05:17] Modify product: Uncharacterized oxidoreductase SA2266 => putative oxidoreductase
[12:05:17] Modify product: Probable dipeptidase PepE => putative dipeptidase PepE
[12:05:17] Modify product: Probable glycerophosphodiester phosphodiesterase 1 => putative glycerophosphodiester phosphodiesterase 1
[12:05:17] Modify product: Probable glutamine ABC transporter permease protein GlnM => putative glutamine ABC transporter permease protein GlnM
[12:05:17] Modify product: Probable glutamine ABC transporter permease protein GlnM => putative glutamine ABC transporter permease protein GlnM
[12:05:17] Modify product: Uncharacterized sugar kinase YdjH => putative sugar kinase YdjH
[12:05:17] Modify product: Uncharacterized protein YcgM => putative protein YcgM
[12:05:17] Modify product: UPF0056 inner membrane protein YhgN => hypothetical protein
[12:05:17] Modify product: Uncharacterized MFS-type transporter YcaD => putative MFS-type transporter YcaD
[12:05:17] Modify product: Uncharacterized HTH-type transcriptional regulator Rv1395 => putative HTH-type transcriptional regulator
[12:05:17] Modify product: Probable ribonucleotide transport ATP-binding protein mkl => putative ribonucleotide transport ATP-binding protein mkl
[12:05:17] Modify product: Monocarboxylate 2-oxoacid-binding periplasmic protein all3028 => Monocarboxylate 2-oxoacid-binding periplasmic protein
[12:05:17] Modify product: Uncharacterized protein HI_0103 => putative protein
[12:05:17] Modify product: Probable cold shock protein A => putative cold shock protein A
[12:05:17] Modify product: Probable transcriptional regulatory protein aq_1575 => putative transcriptional regulatory protein
[12:05:17] Modify product: Uncharacterized GST-like protein YibF => putative GST-like protein YibF
[12:05:17] Modify product: UPF0434 protein NMA0874 => hypothetical protein
[12:05:17] Modify product: UPF0053 inner membrane protein YfjD => hypothetical protein
[12:05:17] Modify product: Putative zinc metalloprotease aq_1964 => Putative zinc metalloprotease
[12:05:17] Modify product: Uncharacterized ABC transporter ATP-binding protein YheS => putative ABC transporter ATP-binding protein YheS
[12:05:17] Modify product: Uncharacterized protein HI_0131 => putative protein
[12:05:17] Modify product: Putative 2-hydroxyacid dehydrogenase SA2098 => Putative 2-hydroxyacid dehydrogenase
[12:05:17] Modify product: Uncharacterized FAD-linked oxidoreductase Rv2280 => putative FAD-linked oxidoreductase
[12:05:17] Modify product: Purine-binding protein BAB2_0673 => Purine-binding protein
[12:05:17] Modify product: Uncharacterized protein RP812 => putative protein RP812
[12:05:17] Modify product: Uncharacterized protein YxeI => putative protein YxeI
[12:05:17] Modify product: UPF0394 membrane protein XF_0766 => hypothetical protein
[12:05:17] Modify product: Uncharacterized ABC transporter ATP-binding protein Rv0986 => putative ABC transporter ATP-binding protein
[12:05:17] Modify product: Probable ATP-dependent transporter SufC => putative ATP-dependent transporter SufC
[12:05:17] Modify product: Uncharacterized protein Rv2715 => putative protein
[12:05:17] Modify product: Uncharacterized metal-dependent hydrolase YcfH => putative metal-dependent hydrolase YcfH
[12:05:17] Modify product: Probable enoyl-CoA hydratase echA8 => putative enoyl-CoA hydratase echA8
[12:05:17] Modify product: Probable lipid II flippase MurJ => putative lipid II flippase MurJ
[12:05:17] Modify product: Bifunctional protein FolD => Bifunctional protein FolD protein
[12:05:17] Modify product: Uncharacterized oxidoreductase Rv1144 => putative oxidoreductase
[12:05:17] Modify product: Solute-binding protein Csal_2479 => Solute-binding protein
[12:05:17] Modify product: Multifunctional alkaline phosphatase superfamily protein pRL90232 => Multifunctional alkaline phosphatase superfamily protein
[12:05:17] Modify product: Uncharacterized protein HI_0131 => putative protein
[12:05:17] Modify product: Uncharacterized protein YccU => putative protein YccU
[12:05:17] Modify product: Probable D,D-dipeptide-binding periplasmic protein DdpA => putative D,D-dipeptide-binding periplasmic protein DdpA
[12:05:17] Modify product: Probable D,D-dipeptide transport system permease protein DdpC => putative D,D-dipeptide transport system permease protein DdpC
[12:05:18] Modify product: Uncharacterized oxidoreductase Rv2073c => putative oxidoreductase
[12:05:18] Modify product: Probable L,D-transpeptidase YcbB => putative L,D-transpeptidase YcbB
[12:05:18] Modify product: Uncharacterized MFS-type transporter YcaD => putative MFS-type transporter YcaD
[12:05:18] Modify product: Uncharacterized zinc protease Rv2782c => putative zinc protease
[12:05:18] Modify product: Uncharacterized FAD-linked oxidoreductase Rv2280 => putative FAD-linked oxidoreductase
[12:05:18] Modify product: Uncharacterized ABC transporter ATP-binding protein YknY => putative ABC transporter ATP-binding protein YknY
[12:05:18] Modify product: Probable 2-ketoarginine decarboxylase AruI => putative 2-ketoarginine decarboxylase AruI
[12:05:18] Modify product: Uncharacterized protein YqeY => putative protein YqeY
[12:05:18] Modify product: Probable lipoprotein YiaD => putative lipoprotein YiaD
[12:05:18] Modify product: Uncharacterized sugar kinase YdjH => putative sugar kinase YdjH
[12:05:18] Modify product: Peroxiredoxin sll1621 => Peroxiredoxin
[12:05:18] Modify product: Probable D-xylose utilization operon transcriptional repressor => putative D-xylose utilization operon transcriptional repressor
[12:05:18] Modify product: Solute-binding protein Veis_3954 => Solute-binding protein
[12:05:18] Modify product: Monocarboxylate 2-oxoacid-binding periplasmic protein all3028 => Monocarboxylate 2-oxoacid-binding periplasmic protein
[12:05:18] Modify product: Probable 2-dehydro-3-deoxygalactonokinase DgoK1 => putative 2-dehydro-3-deoxygalactonokinase DgoK1
[12:05:18] Modify product: Probable GTPase Rv1496 => putative GTPase
[12:05:18] Modify product: Uncharacterized FAD-linked oxidoreductase Rv2280 => putative FAD-linked oxidoreductase
[12:05:18] Modify product: Uncharacterized ABC transporter ATP-binding protein YadG => putative ABC transporter ATP-binding protein YadG
[12:05:18] Modify product: Probable glycerol-3-phosphate acyltransferase => putative glycerol-3-phosphate acyltransferase
[12:05:18] Modify product: UPF0301 protein VC_0467 => hypothetical protein
[12:05:18] Modify product: Uncharacterized protein YaeQ => putative protein YaeQ
[12:05:18] Modify product: Probable manganese-dependent inorganic pyrophosphatase => putative manganese-dependent inorganic pyrophosphatase
[12:05:18] Cleaned 100 /product names
[12:05:18] Deleting unwanted file: results/PROKKA/GTDB-100/genomes/bacteria/GCA_905480645.1/GCA_905480645.1.sprot.tmp.2362253.faa
[12:05:18] Deleting unwanted file: results/PROKKA/GTDB-100/genomes/bacteria/GCA_905480645.1/GCA_905480645.1.sprot.tmp.2362253.blast
[12:05:18] There are still 1273 unannotated CDS left (started with 2833)
[12:05:18] Will use hmmer3 to search against /apps/pkg/anaconda3/2022.10/envs/prokka-1.14.6/db/hmm/HAMAP.hmm with 16 CPUs
[12:05:18] Running: cat results\/PROKKA\/GTDB\-100\/genomes\/bacteria\/GCA_905480645\.1\/GCA_905480645\.1\.HAMAP\.hmm\.tmp\.2362253\.faa | parallel --gnu --plain -j 16 --block 10535 --recstart '>' --pipe hmmscan --noali --notextw --acc -E 1e-09 --cpu 1 /apps/pkg/anaconda3/2022.10/envs/prokka-1.14.6/db/hmm/HAMAP.hmm /dev/stdin > results\/PROKKA\/GTDB\-100\/genomes\/bacteria\/GCA_905480645\.1\/GCA_905480645\.1\.HAMAP\.hmm\.tmp\.2362253\.hmmer3 2> /dev/null
[12:05:25] Modify product: Uncharacterized Nudix hydrolase NudL => putative Nudix hydrolase NudL
[12:05:25] Modify product: Uncharacterized MFS-type transporter YcaD => putative MFS-type transporter YcaD
[12:05:25] Cleaned 2 /product names
[12:05:25] Deleting unwanted file: results/PROKKA/GTDB-100/genomes/bacteria/GCA_905480645.1/GCA_905480645.1.HAMAP.hmm.tmp.2362253.faa
[12:05:25] Deleting unwanted file: results/PROKKA/GTDB-100/genomes/bacteria/GCA_905480645.1/GCA_905480645.1.HAMAP.hmm.tmp.2362253.hmmer3
[12:05:25] Labelling remaining 1077 proteins as 'hypothetical protein'
[12:05:25] Possible /pseudo '4-methylaminobutanoate oxidase (formaldehyde-forming)' at CAJQRC010000001.1 position 35385
[12:05:25] Possible /pseudo 'Phosphate-import permease protein PhnE' at CAJQRC010000004.1 position 133927
[12:05:25] Possible /pseudo 'Hippurate hydrolase' at CAJQRC010000021.1 position 62155
[12:05:25] Possible /pseudo 'D-inositol-3-phosphate glycosyltransferase' at CAJQRC010000028.1 position 29635
[12:05:25] Possible /pseudo 'Glyceraldehyde-3-phosphate dehydrogenase 3' at CAJQRC010000033.1 position 43336
[12:05:25] Possible /pseudo 'Glyceraldehyde-3-phosphate dehydrogenase' at CAJQRC010000037.1 position 70588
[12:05:25] Possible /pseudo 'tRNA 5-methylaminomethyl-2-thiouridine biosynthesis bifunctional protein MnmC' at CAJQRC010000052.1 position 31435
[12:05:25] Possible /pseudo 'Methionine synthase' at CAJQRC010000057.1 position 25814
[12:05:25] Found 1361 unique /gene codes.
[12:05:25] Fixed 3 duplicate /gene - acsA_1 acsA_2 acsA_3
[12:05:25] Fixed 3 duplicate /gene - dxs_1 dxs_2 dxs_3
[12:05:25] Fixed 5 duplicate /gene - ugpC_1 ugpC_2 ugpC_3 ugpC_4 ugpC_5
[12:05:25] Fixed 3 duplicate /gene - tauB_1 tauB_2 tauB_3
[12:05:25] Fixed 2 duplicate /gene - amgK_1 amgK_2
[12:05:25] Fixed 2 duplicate /gene - gsiD_1 gsiD_2
[12:05:25] Fixed 4 duplicate /gene - msmX_1 msmX_2 msmX_3 msmX_4
[12:05:25] Fixed 2 duplicate /gene - pucC_1 pucC_2
[12:05:25] Fixed 2 duplicate /gene - purK_1 purK_2
[12:05:25] Fixed 2 duplicate /gene - ydjH_1 ydjH_2
[12:05:25] Fixed 2 duplicate /gene - caiD_1 caiD_2
[12:05:25] Fixed 3 duplicate /gene - ycaD_1 ycaD_2 ycaD_3
[12:05:25] Fixed 2 duplicate /gene - hpsN_1 hpsN_2
[12:05:25] Fixed 2 duplicate /gene - hisN_1 hisN_2
[12:05:25] Fixed 3 duplicate /gene - iolE_1 iolE_2 iolE_3
[12:05:25] Fixed 2 duplicate /gene - ubiG_1 ubiG_2
[12:05:25] Fixed 2 duplicate /gene - gltX_1 gltX_2
[12:05:25] Fixed 9 duplicate /gene - abo_1 abo_2 abo_3 abo_4 abo_5 abo_6 abo_7 abo_8 abo_9
[12:05:25] Fixed 2 duplicate /gene - potB_1 potB_2
[12:05:25] Fixed 2 duplicate /gene - rhlE_1 rhlE_2
[12:05:25] Fixed 3 duplicate /gene - pal_1 pal_2 pal_3
[12:05:25] Fixed 2 duplicate /gene - gppA_1 gppA_2
[12:05:25] Fixed 3 duplicate /gene - gcvT_1 gcvT_2 gcvT_3
[12:05:25] Fixed 2 duplicate /gene - RBKS_1 RBKS_2
[12:05:25] Fixed 2 duplicate /gene - bacC_1 bacC_2
[12:05:25] Fixed 2 duplicate /gene - idnD_1 idnD_2
[12:05:25] Fixed 2 duplicate /gene - lcdH_1 lcdH_2
[12:05:25] Fixed 2 duplicate /gene - agpA_1 agpA_2
[12:05:25] Fixed 2 duplicate /gene - dsbB_1 dsbB_2
[12:05:25] Fixed 2 duplicate /gene - gph_1 gph_2
[12:05:25] Fixed 2 duplicate /gene - dctP_1 dctP_2
[12:05:25] Fixed 13 duplicate /gene - btuD_1 btuD_2 btuD_3 btuD_4 btuD_5 btuD_6 btuD_7 btuD_8 btuD_9 btuD_10 btuD_11 btuD_12 btuD_13
[12:05:25] Fixed 2 duplicate /gene - rbsK_1 rbsK_2
[12:05:25] Fixed 2 duplicate /gene - rhaM_1 rhaM_2
[12:05:25] Fixed 2 duplicate /gene - soxA_1 soxA_2
[12:05:25] Fixed 2 duplicate /gene - fucU_1 fucU_2
[12:05:25] Fixed 2 duplicate /gene - ubiB_1 ubiB_2
[12:05:25] Fixed 2 duplicate /gene - echA8_1 echA8_2
[12:05:25] Fixed 2 duplicate /gene - ltnD_1 ltnD_2
[12:05:25] Fixed 3 duplicate /gene - glnQ_1 glnQ_2 glnQ_3
[12:05:25] Fixed 3 duplicate /gene - oppF_1 oppF_2 oppF_3
[12:05:25] Fixed 2 duplicate /gene - gno_1 gno_2
[12:05:25] Fixed 2 duplicate /gene - lsrD_1 lsrD_2
[12:05:25] Fixed 2 duplicate /gene - nrgA_1 nrgA_2
[12:05:25] Fixed 2 duplicate /gene - cpdA_1 cpdA_2
[12:05:25] Fixed 2 duplicate /gene - hisC_1 hisC_2
[12:05:25] Fixed 2 duplicate /gene - ilvI_1 ilvI_2
[12:05:25] Fixed 4 duplicate /gene - lptB_1 lptB_2 lptB_3 lptB_4
[12:05:25] Fixed 2 duplicate /gene - uctC_1 uctC_2
[12:05:25] Fixed 5 duplicate /gene - potA_1 potA_2 potA_3 potA_4 potA_5
[12:05:25] Fixed 2 duplicate /gene - rnd_1 rnd_2
[12:05:25] Fixed 2 duplicate /gene - ppsC_1 ppsC_2
[12:05:25] Fixed 2 duplicate /gene - phnW_1 phnW_2
[12:05:25] Fixed 2 duplicate /gene - glnM_1 glnM_2
[12:05:25] Fixed 8 duplicate /gene - ribN_1 ribN_2 ribN_3 ribN_4 ribN_5 ribN_6 ribN_7 ribN_8
[12:05:25] Fixed 8 duplicate /gene - iolG_1 iolG_2 iolG_3 iolG_4 iolG_5 iolG_6 iolG_7 iolG_8
[12:05:25] Fixed 2 duplicate /gene - xthA_1 xthA_2
[12:05:25] Fixed 4 duplicate /gene - livF_1 livF_2 livF_3 livF_4
[12:05:25] Fixed 2 duplicate /gene - mobA_1 mobA_2
[12:05:25] Fixed 2 duplicate /gene - gyrB_1 gyrB_2
[12:05:25] Fixed 2 duplicate /gene - atpG_1 atpG_2
[12:05:25] Fixed 2 duplicate /gene - rsmB_1 rsmB_2
[12:05:25] Fixed 4 duplicate /gene - cdhR_1 cdhR_2 cdhR_3 cdhR_4
[12:05:25] Fixed 3 duplicate /gene - lcfB_1 lcfB_2 lcfB_3
[12:05:25] Fixed 2 duplicate /gene - mshA_1 mshA_2
[12:05:25] Fixed 2 duplicate /gene - ubiL_1 ubiL_2
[12:05:25] Fixed 2 duplicate /gene - pepA_1 pepA_2
[12:05:25] Fixed 2 duplicate /gene - metH_1 metH_2
[12:05:25] Fixed 2 duplicate /gene - glyA2_1 glyA2_2
[12:05:25] Fixed 2 duplicate /gene - qorA_1 qorA_2
[12:05:25] Fixed 2 duplicate /gene - eryB_1 eryB_2
[12:05:25] Fixed 2 duplicate /gene - suhB_1 suhB_2
[12:05:25] Fixed 4 duplicate /gene - hcaB_1 hcaB_2 hcaB_3 hcaB_4
[12:05:25] Fixed 3 duplicate /gene - frcA_1 frcA_2 frcA_3
[12:05:25] Fixed 4 duplicate /gene - garR_1 garR_2 garR_3 garR_4
[12:05:25] Fixed 4 duplicate /gene - fabG_1 fabG_2 fabG_3 fabG_4
[12:05:25] Fixed 2 duplicate /gene - ngcG_1 ngcG_2
[12:05:25] Fixed 3 duplicate /gene - mtgB_1 mtgB_2 mtgB_3
[12:05:25] Fixed 2 duplicate /gene - dppB_1 dppB_2
[12:05:25] Fixed 2 duplicate /gene - nikA_1 nikA_2
[12:05:25] Fixed 2 duplicate /gene - fabF_1 fabF_2
[12:05:25] Fixed 2 duplicate /gene - aroE_1 aroE_2
[12:05:25] Fixed 3 duplicate /gene - acpP_1 acpP_2 acpP_3
[12:05:25] Fixed 2 duplicate /gene - hdfR_1 hdfR_2
[12:05:25] Fixed 3 duplicate /gene - gntR_1 gntR_2 gntR_3
[12:05:25] Fixed 5 duplicate /gene - gsiC_1 gsiC_2 gsiC_3 gsiC_4 gsiC_5
[12:05:25] Fixed 2 duplicate /gene - rbsC_1 rbsC_2
[12:05:25] Fixed 2 duplicate /gene - cysA_1 cysA_2
[12:05:25] Fixed 2 duplicate /gene - soxB_1 soxB_2
[12:05:25] Fixed 2 duplicate /gene - fhs_1 fhs_2
[12:05:25] Fixed 2 duplicate /gene - smc_1 smc_2
[12:05:25] Fixed 3 duplicate /gene - sugA_1 sugA_2 sugA_3
[12:05:25] Fixed 2 duplicate /gene - glnB_1 glnB_2
[12:05:25] Fixed 2 duplicate /gene - mcl1_1 mcl1_2
[12:05:25] Fixed 2 duplicate /gene - pcm_1 pcm_2
[12:05:25] Fixed 2 duplicate /gene - ybjJ_1 ybjJ_2
[12:05:25] Fixed 2 duplicate /gene - napA_1 napA_2
[12:05:25] Fixed 2 duplicate /gene - ywrD_1 ywrD_2
[12:05:25] Fixed 2 duplicate /gene - por_1 por_2
[12:05:25] Fixed 2 duplicate /gene - frc_1 frc_2
[12:05:25] Fixed 2 duplicate /gene - coxS_1 coxS_2
[12:05:25] Fixed 2 duplicate /gene - sugC_1 sugC_2
[12:05:25] Fixed 3 duplicate /gene - dmdA_1 dmdA_2 dmdA_3
[12:05:25] Fixed 2 duplicate /gene - mdlB_1 mdlB_2
[12:05:25] Fixed 2 duplicate /gene - mdh_1 mdh_2
[12:05:25] Fixed 3 duplicate /gene - acdA_1 acdA_2 acdA_3
[12:05:25] Fixed 3 duplicate /gene - rbsA_1 rbsA_2 rbsA_3
[12:05:25] Fixed 4 duplicate /gene - gsiA_1 gsiA_2 gsiA_3 gsiA_4
[12:05:25] Fixed 2 duplicate /gene - gloA_1 gloA_2
[12:05:25] Fixed 5 duplicate /gene - sasA_1 sasA_2 sasA_3 sasA_4 sasA_5
[12:05:25] Fixed 3 duplicate /gene - spuC_1 spuC_2 spuC_3
[12:05:25] Fixed 3 duplicate /gene - melD_1 melD_2 melD_3
[12:05:25] Fixed 3 duplicate /gene - hipO_1 hipO_2 hipO_3
[12:05:25] Fixed 3 duplicate /gene - lrp_1 lrp_2 lrp_3
[12:05:25] Fixed 2 duplicate /gene - phnE_1 phnE_2
[12:05:25] Fixed 2 duplicate /gene - fabI_1 fabI_2
[12:05:25] Fixed 3 duplicate /gene - sucC_1 sucC_2 sucC_3
[12:05:25] Fixed 2 duplicate /gene - apsI_1 apsI_2
[12:05:25] Fixed 2 duplicate /gene - nusG_1 nusG_2
[12:05:25] Fixed 2 duplicate /gene - cutL_1 cutL_2
[12:05:25] Fixed 2 duplicate /gene - iolD_1 iolD_2
[12:05:25] Fixed 2 duplicate /gene - ugpB_1 ugpB_2
[12:05:25] Fixed 3 duplicate /gene - rspR_1 rspR_2 rspR_3
[12:05:25] Fixed 8 duplicate /gene - dctM_1 dctM_2 dctM_3 dctM_4 dctM_5 dctM_6 dctM_7 dctM_8
[12:05:25] Fixed 2 duplicate /gene - puuA_1 puuA_2
[12:05:25] Fixed 2 duplicate /gene - ald_1 ald_2
[12:05:25] Fixed 3 duplicate /gene - bepA_1 bepA_2 bepA_3
[12:05:25] Fixed 2 duplicate /gene - rpoH_1 rpoH_2
[12:05:25] Fixed 2 duplicate /gene - cspA_1 cspA_2
[12:05:25] Fixed 2 duplicate /gene - soxD_1 soxD_2
[12:05:25] Fixed 2 duplicate /gene - maiA_1 maiA_2
[12:05:25] Fixed 2 duplicate /gene - opuAA_1 opuAA_2
[12:05:25] Fixed 2 duplicate /gene - dnaE2_1 dnaE2_2
[12:05:25] Fixed 2 duplicate /gene - mdtC_1 mdtC_2
[12:05:25] Fixed 2 duplicate /gene - bdhA_1 bdhA_2
[12:05:25] Fixed 3 duplicate /gene - dapE_1 dapE_2 dapE_3
[12:05:25] Fixed 2 duplicate /gene - idhA_1 idhA_2
[12:05:25] Fixed 2 duplicate /gene - gloB_1 gloB_2
[12:05:25] Fixed 2 duplicate /gene - potD_1 potD_2
[12:05:25] Fixed 2 duplicate /gene - FCS1_1 FCS1_2
[12:05:25] Fixed 2 duplicate /gene - oppD_1 oppD_2
[12:05:25] Fixed 3 duplicate /gene - kce_1 kce_2 kce_3
[12:05:25] Fixed 2 duplicate /gene - pyrC_1 pyrC_2
[12:05:25] Fixed 2 duplicate /gene - lpxL_1 lpxL_2
[12:05:25] Fixed 2 duplicate /gene - fmt_1 fmt_2
[12:05:25] Fixed 6 duplicate /gene - ydcV_1 ydcV_2 ydcV_3 ydcV_4 ydcV_5 ydcV_6
[12:05:25] Fixed 3 duplicate /gene - xylB_1 xylB_2 xylB_3
[12:05:25] Fixed 2 duplicate /gene - mnmC_1 mnmC_2
[12:05:25] Fixed 2 duplicate /gene - tolQ_1 tolQ_2
[12:05:25] Fixed 2 duplicate /gene - mglA_1 mglA_2
[12:05:25] Fixed 2 duplicate /gene - mtoX_1 mtoX_2
[12:05:25] Fixed 2 duplicate /gene - pip_1 pip_2
[12:05:25] Fixed 2 duplicate /gene - decR_1 decR_2
[12:05:25] Fixed 2 duplicate /gene - ribX_1 ribX_2
[12:05:25] Fixed 2 duplicate /gene - cobK_1 cobK_2
[12:05:25] Fixed 2 duplicate /gene - alkJ_1 alkJ_2
[12:05:25] Fixed 2 duplicate /gene - purF_1 purF_2
[12:05:25] Fixed 2 duplicate /gene - coxM_1 coxM_2
[12:05:25] Fixed 2 duplicate /gene - uxuA_1 uxuA_2
[12:05:25] Fixed 2 duplicate /gene - bamA_1 bamA_2
[12:05:25] Fixed 2 duplicate /gene - esiB_1 esiB_2
[12:05:25] Fixed 2 duplicate /gene - gsiB_1 gsiB_2
[12:05:25] Fixed 5 duplicate /gene - livH_1 livH_2 livH_3 livH_4 livH_5
[12:05:25] Fixed 2 duplicate /gene - bcr_1 bcr_2
[12:05:25] Fixed 3 duplicate /gene - ilvE_1 ilvE_2 ilvE_3
[12:05:25] Fixed 3 duplicate /gene - dmlR_1 dmlR_2 dmlR_3
[12:05:25] Fixed 3 duplicate /gene - sucD_1 sucD_2 sucD_3
[12:05:25] Fixed 3 duplicate /gene - dasC_1 dasC_2 dasC_3
[12:05:25] Fixed 2 duplicate /gene - puuB_1 puuB_2
[12:05:25] Fixed 2 duplicate /gene - thiK_1 thiK_2
[12:05:25] Fixed 2 duplicate /gene - uxaC_1 uxaC_2
[12:05:25] Fixed 2 duplicate /gene - gap3_1 gap3_2
[12:05:25] Fixed 2 duplicate /gene - hemA_1 hemA_2
[12:05:25] Fixed 173 colliding /gene names.
[12:05:25] Adding /locus_tag identifiers
[12:05:25] Assigned 2871 locus_tags to CDS and RNA features.
[12:05:25] Writing outputs to results/PROKKA/GTDB-100/genomes/bacteria/GCA_905480645.1/
[12:05:27] Generating annotation statistics file
[12:05:27] Generating Genbank and Sequin files
[12:05:27] Running: tbl2asn -V b -a r10k -l paired-ends -M n -N 1 -y 'Annotated using prokka 1.14.6 from https://github.com/tseemann/prokka' -Z results\/PROKKA\/GTDB\-100\/genomes\/bacteria\/GCA_905480645\.1\/GCA_905480645\.1\.err -i results\/PROKKA\/GTDB\-100\/genomes\/bacteria\/GCA_905480645\.1\/GCA_905480645\.1\.fsa 2> /dev/null
[tbl2asn-forever] Found Prokka input, correcting dates in .gbf|.sqn files.
[tbl2asn-forever] Correcting dates in results/PROKKA/GTDB-100/genomes/bacteria/GCA_905480645.1/GCA_905480645.1.gbf
[tbl2asn-forever] Correcting dates in results/PROKKA/GTDB-100/genomes/bacteria/GCA_905480645.1/GCA_905480645.1.sqn
[tbl2asn-forever] Dates changed from 01-JAN-2019 to 28-JUN-2023
[12:05:32] Deleting unwanted file: results/PROKKA/GTDB-100/genomes/bacteria/GCA_905480645.1/errorsummary.val
[12:05:32] Deleting unwanted file: results/PROKKA/GTDB-100/genomes/bacteria/GCA_905480645.1/GCA_905480645.1.dr
[12:05:32] Deleting unwanted file: results/PROKKA/GTDB-100/genomes/bacteria/GCA_905480645.1/GCA_905480645.1.fixedproducts
[12:05:32] Deleting unwanted file: results/PROKKA/GTDB-100/genomes/bacteria/GCA_905480645.1/GCA_905480645.1.ecn
[12:05:32] Deleting unwanted file: results/PROKKA/GTDB-100/genomes/bacteria/GCA_905480645.1/GCA_905480645.1.val
[12:05:32] Repairing broken .GBK output that tbl2asn produces...
[12:05:32] Running: sed 's/COORDINATES: profile/COORDINATES:profile/' < results\/PROKKA\/GTDB\-100\/genomes\/bacteria\/GCA_905480645\.1\/GCA_905480645\.1\.gbf > results\/PROKKA\/GTDB\-100\/genomes\/bacteria\/GCA_905480645\.1\/GCA_905480645\.1\.gbk
[12:05:32] Deleting unwanted file: results/PROKKA/GTDB-100/genomes/bacteria/GCA_905480645.1/GCA_905480645.1.gbf
[12:05:32] Output files:
[12:05:32] results/PROKKA/GTDB-100/genomes/bacteria/GCA_905480645.1/GCA_905480645.1.log
[12:05:32] results/PROKKA/GTDB-100/genomes/bacteria/GCA_905480645.1/GCA_905480645.1.fna
[12:05:32] results/PROKKA/GTDB-100/genomes/bacteria/GCA_905480645.1/GCA_905480645.1.gff
[12:05:32] results/PROKKA/GTDB-100/genomes/bacteria/GCA_905480645.1/GCA_905480645.1.faa
[12:05:32] results/PROKKA/GTDB-100/genomes/bacteria/GCA_905480645.1/GCA_905480645.1.ffn
[12:05:32] results/PROKKA/GTDB-100/genomes/bacteria/GCA_905480645.1/GCA_905480645.1.tbl
[12:05:32] results/PROKKA/GTDB-100/genomes/bacteria/GCA_905480645.1/GCA_905480645.1.fsa
[12:05:32] results/PROKKA/GTDB-100/genomes/bacteria/GCA_905480645.1/GCA_905480645.1.tsv
[12:05:32] results/PROKKA/GTDB-100/genomes/bacteria/GCA_905480645.1/GCA_905480645.1.txt
[12:05:32] results/PROKKA/GTDB-100/genomes/bacteria/GCA_905480645.1/GCA_905480645.1.err
[12:05:32] results/PROKKA/GTDB-100/genomes/bacteria/GCA_905480645.1/GCA_905480645.1.sqn
[12:05:32] results/PROKKA/GTDB-100/genomes/bacteria/GCA_905480645.1/GCA_905480645.1.gbk
[12:05:32] Annotation finished successfully.
[12:05:32] Walltime used: 0.78 minutes
[12:05:32] If you use this result please cite the Prokka paper:
[12:05:32] Seemann T (2014) Prokka: rapid prokaryotic genome annotation. Bioinformatics. 30(14):2068-9.
[12:05:32] Type 'prokka --citation' for more details.
[12:05:32] Share and enjoy!
372.53user 38.11system 0:46.78elapsed 877%CPU (0avgtext+0avgdata 202684maxresident)k
63672inputs+264448outputs (3major+7534347minor)pagefaults 0swaps

======================================================
End Time   : Wed Jun 28 12:05:32 EDT 2023
Run Time   : 49 seconds
======================================================

