=====================================================
Start Time  : Sat Jul  1 17:14:52 EDT 2023
Submit Dir  : /projects/raw_lab/jobs/metacerberus
Job ID/Name : 4128858 / PROKKA
Node List   : str-c102
Num Tasks   : 1 total [1 nodes @ 16 CPUs/node]
======================================================

Loading prokka/1.14.6
  Loading requirement: anaconda3/2022.10
======================================================
Running PROKKA On VIRAL_ARCHAEA/MN901521.fna
======================================================
Viruses
[17:14:54] This is prokka 1.14.6
[17:14:54] Written by Torsten Seemann <torsten.seemann@gmail.com>
[17:14:54] Homepage is https://github.com/tseemann/prokka
[17:14:54] Local time is Sat Jul  1 17:14:54 2023
[17:14:54] You are jlfiguer
[17:14:54] Operating system is linux
[17:14:54] You have BioPerl 1.7.8
Argument "1.7.8" isn't numeric in numeric lt (<) at /apps/pkg/anaconda3/2022.10/envs/prokka-1.14.6/bin/prokka line 259.
[17:14:54] System has 16 cores.
[17:14:54] Will use maximum of 16 cores.
[17:14:54] Annotating as >>> Viruses <<<
[17:14:54] Generating locus_tag from 'VIRAL_ARCHAEA/MN901521.fna' contents.
[17:14:55] Setting --locustag GNIHHJDN from MD5 072113d7bcdf25a05bf351fef8f61699
[17:14:55] Creating new output folder: results/PROKKA/VIRAL_ARCHAEA/MN901521
[17:14:55] Running: mkdir -p results\/PROKKA\/VIRAL_ARCHAEA\/MN901521
[17:14:55] Using filename prefix: MN901521.XXX
[17:14:55] Setting HMMER_NCPU=1
[17:14:55] Writing log to: results/PROKKA/VIRAL_ARCHAEA/MN901521/MN901521.log
[17:14:55] Command: /apps/pkg/anaconda3/2022.10/envs/prokka-1.14.6/bin/prokka --prefix MN901521 --outdir results/PROKKA/VIRAL_ARCHAEA/MN901521 --kingdom Viruses --cpus 16 VIRAL_ARCHAEA/MN901521.fna
[17:14:55] Appending to PATH: /apps/pkg/anaconda3/2022.10/envs/prokka-1.14.6/bin
[17:14:55] Looking for 'aragorn' - found /apps/pkg/anaconda3/2022.10/envs/prokka-1.14.6/bin/aragorn
[17:14:55] Determined aragorn version is 001002 from 'ARAGORN v1.2.41 Dean Laslett'
[17:14:55] Looking for 'barrnap' - found /apps/pkg/anaconda3/2022.10/envs/prokka-1.14.6/bin/barrnap
[17:14:55] Determined barrnap version is 000009 from 'barrnap 0.9'
[17:14:55] Looking for 'blastp' - found /apps/pkg/anaconda3/2022.10/envs/prokka-1.14.6/bin/blastp
[17:14:55] Determined blastp version is 002013 from 'blastp: 2.13.0+'
[17:14:55] Looking for 'cmpress' - found /apps/pkg/anaconda3/2022.10/envs/prokka-1.14.6/bin/cmpress
[17:14:55] Determined cmpress version is 001001 from '# INFERNAL 1.1.4 (Dec 2020)'
[17:14:55] Looking for 'cmscan' - found /apps/pkg/anaconda3/2022.10/envs/prokka-1.14.6/bin/cmscan
[17:14:55] Determined cmscan version is 001001 from '# INFERNAL 1.1.4 (Dec 2020)'
[17:14:55] Looking for 'egrep' - found /usr/bin/egrep
[17:14:55] Looking for 'find' - found /usr/bin/find
[17:14:55] Looking for 'grep' - found /usr/bin/grep
[17:14:55] Looking for 'hmmpress' - found /apps/pkg/anaconda3/2022.10/envs/prokka-1.14.6/bin/hmmpress
[17:14:55] Determined hmmpress version is 003003 from '# HMMER 3.3.2 (Nov 2020); http://hmmer.org/'
[17:14:55] Looking for 'hmmscan' - found /apps/pkg/anaconda3/2022.10/envs/prokka-1.14.6/bin/hmmscan
[17:14:55] Determined hmmscan version is 003003 from '# HMMER 3.3.2 (Nov 2020); http://hmmer.org/'
[17:14:55] Looking for 'java' - found /apps/pkg/anaconda3/2022.10/envs/prokka-1.14.6/bin/java
[17:14:55] Looking for 'makeblastdb' - found /apps/pkg/anaconda3/2022.10/envs/prokka-1.14.6/bin/makeblastdb
[17:14:55] Determined makeblastdb version is 002013 from 'makeblastdb: 2.13.0+'
[17:14:55] Looking for 'minced' - found /apps/pkg/anaconda3/2022.10/envs/prokka-1.14.6/bin/minced
[17:14:55] Determined minced version is 004002 from 'minced 0.4.2'
[17:14:55] Looking for 'parallel' - found /apps/pkg/anaconda3/2022.10/envs/prokka-1.14.6/bin/parallel
[17:14:55] Determined parallel version is 20230122 from 'GNU parallel 20230122'
[17:14:55] Looking for 'prodigal' - found /apps/pkg/anaconda3/2022.10/envs/prokka-1.14.6/bin/prodigal
[17:14:55] Determined prodigal version is 002006 from 'Prodigal V2.6.3: February, 2016'
[17:14:55] Looking for 'prokka-genbank_to_fasta_db' - found /apps/pkg/anaconda3/2022.10/envs/prokka-1.14.6/bin/prokka-genbank_to_fasta_db
[17:14:55] Looking for 'sed' - found /usr/bin/sed
[17:14:55] Looking for 'tbl2asn' - found /apps/pkg/anaconda3/2022.10/envs/prokka-1.14.6/bin/tbl2asn
[17:14:55] Determined tbl2asn version is 025007 from 'tbl2asn 25.7   arguments:'
[17:14:55] Using genetic code table 1.
[17:14:55] Loading and checking input file: VIRAL_ARCHAEA/MN901521.fna
[17:14:55] Wrote 1 contigs totalling 74196 bp.
[17:14:55] Predicting tRNAs and tmRNAs
[17:14:55] Running: aragorn -l -gc1  -w results\/PROKKA\/VIRAL_ARCHAEA\/MN901521\/MN901521\.fna
[17:14:55] 1 tRNA-Pro [2968,3039] 34 (tgg)
[17:14:55] 2 tRNA-Tyr c[52829,52898] 31 (gta)
[17:14:55] 3 tRNA-Asn c[52979,53052] 34 (gtt)
[17:14:55] Found 3 tRNAs
[17:14:55] Disabling rRNA search: --kingdom=Viruses or --norrna=0
[17:14:55] Skipping ncRNA search, enable with --rfam if desired.
[17:14:55] Total of 3 tRNA + rRNA features
[17:14:55] Searching for CRISPR repeats
[17:14:56] Found 0 CRISPRs
[17:14:56] Predicting coding sequences
[17:14:56] Contigs total 74196 bp, so using meta mode
[17:14:56] Running: prodigal -i results\/PROKKA\/VIRAL_ARCHAEA\/MN901521\/MN901521\.fna -c -m -g 1 -p meta -f sco -q
[17:14:57] Found 119 CDS
[17:14:57] Connecting features back to sequences
[17:14:57] Not using genus-specific database. Try --usegenus to enable it.
[17:14:57] Annotating CDS, please be patient.
[17:14:57] Will use 16 CPUs for similarity searching.

--------------------- WARNING ---------------------
MSG: Seq [MN901521.1]: Not using a valid initiator codon!
---------------------------------------------------

--------------------- WARNING ---------------------
MSG: Seq [MN901521.1]: Not using a valid initiator codon!
---------------------------------------------------

--------------------- WARNING ---------------------
MSG: Seq [MN901521.1]: Not using a valid initiator codon!
---------------------------------------------------

--------------------- WARNING ---------------------
MSG: Seq [MN901521.1]: Not using a valid initiator codon!
---------------------------------------------------

--------------------- WARNING ---------------------
MSG: Seq [MN901521.1]: Not using a valid initiator codon!
---------------------------------------------------

--------------------- WARNING ---------------------
MSG: Seq [MN901521.1]: Not using a valid initiator codon!
---------------------------------------------------

--------------------- WARNING ---------------------
MSG: Seq [MN901521.1]: Not using a valid initiator codon!
---------------------------------------------------

--------------------- WARNING ---------------------
MSG: Seq [MN901521.1]: Not using a valid initiator codon!
---------------------------------------------------
[17:14:57] There are still 119 unannotated CDS left (started with 119)
[17:14:57] Will use blast to search against /apps/pkg/anaconda3/2022.10/envs/prokka-1.14.6/db/kingdom/Viruses/sprot with 16 CPUs
[17:14:57] Running: cat results\/PROKKA\/VIRAL_ARCHAEA\/MN901521\/MN901521\.sprot\.tmp\.3288182\.faa | parallel --gnu --plain -j 16 --block 712 --recstart '>' --pipe blastp -query - -db /apps/pkg/anaconda3/2022.10/envs/prokka-1.14.6/db/kingdom/Viruses/sprot -evalue 1e-09 -qcov_hsp_perc 80 -num_threads 1 -num_descriptions 1 -num_alignments 1 -seg no > results\/PROKKA\/VIRAL_ARCHAEA\/MN901521\/MN901521\.sprot\.tmp\.3288182\.blast 2> /dev/null
[17:14:57] Deleting unwanted file: results/PROKKA/VIRAL_ARCHAEA/MN901521/MN901521.sprot.tmp.3288182.faa
[17:14:57] Deleting unwanted file: results/PROKKA/VIRAL_ARCHAEA/MN901521/MN901521.sprot.tmp.3288182.blast
[17:14:57] Labelling remaining 118 proteins as 'hypothetical protein'
[17:14:57] Found 1 unique /gene codes.
[17:14:57] Fixed 0 colliding /gene names.
[17:14:57] Adding /locus_tag identifiers
[17:14:57] Assigned 122 locus_tags to CDS and RNA features.
[17:14:57] Writing outputs to results/PROKKA/VIRAL_ARCHAEA/MN901521/

--------------------- WARNING ---------------------
MSG: Seq [GNIHHJDN_00006]: Not using a valid initiator codon!
---------------------------------------------------

--------------------- WARNING ---------------------
MSG: Seq [GNIHHJDN_00043]: Not using a valid initiator codon!
---------------------------------------------------

--------------------- WARNING ---------------------
MSG: Seq [GNIHHJDN_00048]: Not using a valid initiator codon!
---------------------------------------------------

--------------------- WARNING ---------------------
MSG: Seq [GNIHHJDN_00061]: Not using a valid initiator codon!
---------------------------------------------------

--------------------- WARNING ---------------------
MSG: Seq [GNIHHJDN_00074]: Not using a valid initiator codon!
---------------------------------------------------

--------------------- WARNING ---------------------
MSG: Seq [GNIHHJDN_00085]: Not using a valid initiator codon!
---------------------------------------------------

--------------------- WARNING ---------------------
MSG: Seq [GNIHHJDN_00087]: Not using a valid initiator codon!
---------------------------------------------------

--------------------- WARNING ---------------------
MSG: Seq [GNIHHJDN_00106]: Not using a valid initiator codon!
---------------------------------------------------
[17:14:57] Generating annotation statistics file
[17:14:57] Generating Genbank and Sequin files
[17:14:57] Running: tbl2asn -V b -a r10k -l paired-ends -M n -N 1 -y 'Annotated using prokka 1.14.6 from https://github.com/tseemann/prokka' -Z results\/PROKKA\/VIRAL_ARCHAEA\/MN901521\/MN901521\.err -i results\/PROKKA\/VIRAL_ARCHAEA\/MN901521\/MN901521\.fsa 2> /dev/null
[tbl2asn-forever] Found Prokka input, correcting dates in .gbf|.sqn files.
[tbl2asn-forever] Correcting dates in results/PROKKA/VIRAL_ARCHAEA/MN901521/MN901521.gbf
[tbl2asn-forever] Correcting dates in results/PROKKA/VIRAL_ARCHAEA/MN901521/MN901521.sqn
[tbl2asn-forever] Dates changed from 01-JAN-2019 to 01-JUL-2023
[17:14:58] Deleting unwanted file: results/PROKKA/VIRAL_ARCHAEA/MN901521/errorsummary.val
[17:14:58] Deleting unwanted file: results/PROKKA/VIRAL_ARCHAEA/MN901521/MN901521.dr
[17:14:58] Deleting unwanted file: results/PROKKA/VIRAL_ARCHAEA/MN901521/MN901521.fixedproducts
[17:14:58] Deleting unwanted file: results/PROKKA/VIRAL_ARCHAEA/MN901521/MN901521.ecn
[17:14:58] Deleting unwanted file: results/PROKKA/VIRAL_ARCHAEA/MN901521/MN901521.val
[17:14:58] Repairing broken .GBK output that tbl2asn produces...
[17:14:58] Running: sed 's/COORDINATES: profile/COORDINATES:profile/' < results\/PROKKA\/VIRAL_ARCHAEA\/MN901521\/MN901521\.gbf > results\/PROKKA\/VIRAL_ARCHAEA\/MN901521\/MN901521\.gbk
[17:14:58] Deleting unwanted file: results/PROKKA/VIRAL_ARCHAEA/MN901521/MN901521.gbf
[17:14:58] Output files:
[17:14:58] results/PROKKA/VIRAL_ARCHAEA/MN901521/MN901521.log
[17:14:58] results/PROKKA/VIRAL_ARCHAEA/MN901521/MN901521.fna
[17:14:58] results/PROKKA/VIRAL_ARCHAEA/MN901521/MN901521.gff
[17:14:58] results/PROKKA/VIRAL_ARCHAEA/MN901521/MN901521.faa
[17:14:58] results/PROKKA/VIRAL_ARCHAEA/MN901521/MN901521.ffn
[17:14:58] results/PROKKA/VIRAL_ARCHAEA/MN901521/MN901521.tbl
[17:14:58] results/PROKKA/VIRAL_ARCHAEA/MN901521/MN901521.fsa
[17:14:58] results/PROKKA/VIRAL_ARCHAEA/MN901521/MN901521.tsv
[17:14:58] results/PROKKA/VIRAL_ARCHAEA/MN901521/MN901521.txt
[17:14:58] results/PROKKA/VIRAL_ARCHAEA/MN901521/MN901521.err
[17:14:58] results/PROKKA/VIRAL_ARCHAEA/MN901521/MN901521.sqn
[17:14:58] results/PROKKA/VIRAL_ARCHAEA/MN901521/MN901521.gbk
[17:14:58] Annotation finished successfully.
[17:14:58] Walltime used: 0.07 minutes
[17:14:58] If you use this result please cite the Prokka paper:
[17:14:58] Seemann T (2014) Prokka: rapid prokaryotic genome annotation. Bioinformatics. 30(14):2068-9.
[17:14:58] Type 'prokka --citation' for more details.
[17:14:58] Thank you, come again.
4.78user 0.55system 0:03.33elapsed 160%CPU (0avgtext+0avgdata 67000maxresident)k
1104inputs+10200outputs (0major+182034minor)pagefaults 0swaps

======================================================
End Time   : Sat Jul  1 17:14:58 EDT 2023
Run Time   : 6 seconds
======================================================

