=====================================================
Start Time  : Sat Jul  1 17:14:25 EDT 2023
Submit Dir  : /projects/raw_lab/jobs/metacerberus
Job ID/Name : 4128764 / PROKKA
Node List   : str-c95
Num Tasks   : 1 total [1 nodes @ 16 CPUs/node]
======================================================

Loading prokka/1.14.6
  Loading requirement: anaconda3/2022.10
======================================================
Running PROKKA On CPR/SAMN03319988.fna
======================================================
Viruses
[17:14:27] This is prokka 1.14.6
[17:14:27] Written by Torsten Seemann <torsten.seemann@gmail.com>
[17:14:27] Homepage is https://github.com/tseemann/prokka
[17:14:27] Local time is Sat Jul  1 17:14:27 2023
[17:14:27] You are jlfiguer
[17:14:27] Operating system is linux
[17:14:27] You have BioPerl 1.7.8
Argument "1.7.8" isn't numeric in numeric lt (<) at /apps/pkg/anaconda3/2022.10/envs/prokka-1.14.6/bin/prokka line 259.
[17:14:27] System has 16 cores.
[17:14:27] Will use maximum of 16 cores.
[17:14:27] Annotating as >>> Viruses <<<
[17:14:27] Generating locus_tag from 'CPR/SAMN03319988.fna' contents.
[17:14:27] Setting --locustag HPFPIIGA from MD5 19f9220a46566af690a852a6348c973f
[17:14:27] Creating new output folder: results/PROKKA/CPR/SAMN03319988
[17:14:27] Running: mkdir -p results\/PROKKA\/CPR\/SAMN03319988
[17:14:27] Using filename prefix: SAMN03319988.XXX
[17:14:27] Setting HMMER_NCPU=1
[17:14:27] Writing log to: results/PROKKA/CPR/SAMN03319988/SAMN03319988.log
[17:14:27] Command: /apps/pkg/anaconda3/2022.10/envs/prokka-1.14.6/bin/prokka --prefix SAMN03319988 --outdir results/PROKKA/CPR/SAMN03319988 --kingdom Viruses --cpus 16 CPR/SAMN03319988.fna
[17:14:27] Appending to PATH: /apps/pkg/anaconda3/2022.10/envs/prokka-1.14.6/bin
[17:14:27] Looking for 'aragorn' - found /apps/pkg/anaconda3/2022.10/envs/prokka-1.14.6/bin/aragorn
[17:14:27] Determined aragorn version is 001002 from 'ARAGORN v1.2.41 Dean Laslett'
[17:14:27] Looking for 'barrnap' - found /apps/pkg/anaconda3/2022.10/envs/prokka-1.14.6/bin/barrnap
[17:14:27] Determined barrnap version is 000009 from 'barrnap 0.9'
[17:14:27] Looking for 'blastp' - found /apps/pkg/anaconda3/2022.10/envs/prokka-1.14.6/bin/blastp
[17:14:27] Determined blastp version is 002013 from 'blastp: 2.13.0+'
[17:14:27] Looking for 'cmpress' - found /apps/pkg/anaconda3/2022.10/envs/prokka-1.14.6/bin/cmpress
[17:14:27] Determined cmpress version is 001001 from '# INFERNAL 1.1.4 (Dec 2020)'
[17:14:27] Looking for 'cmscan' - found /apps/pkg/anaconda3/2022.10/envs/prokka-1.14.6/bin/cmscan
[17:14:27] Determined cmscan version is 001001 from '# INFERNAL 1.1.4 (Dec 2020)'
[17:14:27] Looking for 'egrep' - found /usr/bin/egrep
[17:14:27] Looking for 'find' - found /usr/bin/find
[17:14:27] Looking for 'grep' - found /usr/bin/grep
[17:14:27] Looking for 'hmmpress' - found /apps/pkg/anaconda3/2022.10/envs/prokka-1.14.6/bin/hmmpress
[17:14:27] Determined hmmpress version is 003003 from '# HMMER 3.3.2 (Nov 2020); http://hmmer.org/'
[17:14:27] Looking for 'hmmscan' - found /apps/pkg/anaconda3/2022.10/envs/prokka-1.14.6/bin/hmmscan
[17:14:27] Determined hmmscan version is 003003 from '# HMMER 3.3.2 (Nov 2020); http://hmmer.org/'
[17:14:27] Looking for 'java' - found /apps/pkg/anaconda3/2022.10/envs/prokka-1.14.6/bin/java
[17:14:27] Looking for 'makeblastdb' - found /apps/pkg/anaconda3/2022.10/envs/prokka-1.14.6/bin/makeblastdb
[17:14:27] Determined makeblastdb version is 002013 from 'makeblastdb: 2.13.0+'
[17:14:27] Looking for 'minced' - found /apps/pkg/anaconda3/2022.10/envs/prokka-1.14.6/bin/minced
[17:14:27] Determined minced version is 004002 from 'minced 0.4.2'
[17:14:27] Looking for 'parallel' - found /apps/pkg/anaconda3/2022.10/envs/prokka-1.14.6/bin/parallel
[17:14:27] Determined parallel version is 20230122 from 'GNU parallel 20230122'
[17:14:27] Looking for 'prodigal' - found /apps/pkg/anaconda3/2022.10/envs/prokka-1.14.6/bin/prodigal
[17:14:28] Determined prodigal version is 002006 from 'Prodigal V2.6.3: February, 2016'
[17:14:28] Looking for 'prokka-genbank_to_fasta_db' - found /apps/pkg/anaconda3/2022.10/envs/prokka-1.14.6/bin/prokka-genbank_to_fasta_db
[17:14:28] Looking for 'sed' - found /usr/bin/sed
[17:14:28] Looking for 'tbl2asn' - found /apps/pkg/anaconda3/2022.10/envs/prokka-1.14.6/bin/tbl2asn
[17:14:28] Determined tbl2asn version is 025007 from 'tbl2asn 25.7   arguments:'
[17:14:28] Using genetic code table 1.
[17:14:28] Loading and checking input file: CPR/SAMN03319988.fna
[17:14:28] Wrote 1 contigs totalling 602646 bp.
[17:14:28] Predicting tRNAs and tmRNAs
[17:14:28] Running: aragorn -l -gc1  -w results\/PROKKA\/CPR\/SAMN03319988\/SAMN03319988\.fna
[17:14:28] 1 tRNA-Ser [1256,1346] 35 (gga)
[17:14:28] 2 tRNA-Asn [7494,7568] 33 (gtt)
[17:14:28] 3 tRNA-Arg [20555,20630] 34 (tct)
[17:14:28] 4 tRNA-Met [27018,27092] 33 (cat)
[17:14:28] 5 tRNA-Met c[27924,27998] 33 (cat)
[17:14:28] 6 tRNA-Met c[28863,28937] 33 (cat)
[17:14:28] 7 tRNA-Ala c[50785,50860] 34 (tgc)
[17:14:28] 8 tRNA-Ile [51145,51221] 35 (gat)
[17:14:28] 9 tRNA-Leu c[62431,62514] 34 (tag)
[17:14:28] 10 tRNA-Thr [76968,77043] 34 (ggt)
[17:14:28] 11 tRNA-Tyr [77080,77165] 35 (gta)
[17:14:28] 12 tRNA-Thr [77499,77573] 33 (tgt)
[17:14:28] 13 tRNA-Val [114701,114776] 34 (cac)
[17:14:28] 14 tRNA-Gln [169577,169650] 33 (ttg)
[17:14:28] 15 tRNA-Glu [243568,243642] 34 (ctc)
[17:14:28] 16 tRNA-Gln c[249800,249873] 33 (ctg)
[17:14:28] 17 tRNA-Leu c[262027,262112] 34 (caa)
[17:14:28] 18 tRNA-Trp c[285597,285670] 33 (cca)
[17:14:28] 19 tRNA-Leu c[318931,319018] 34 (taa)
[17:14:28] 20 tRNA-Leu c[319212,319297] 34 (cag)
[17:14:28] 21 tRNA-Cys c[319298,319371] 33 (gca)
[17:14:28] 22 tRNA-Gly c[319550,319624] 34 (gcc)
[17:14:28] 23 tRNA-Phe c[319627,319701] 33 (gaa)
[17:14:28] 24 tRNA-Val c[319733,319808] 34 (tac)
[17:14:28] 25 tRNA-Leu c[319902,319988] 35 (aag)
[17:14:28] 26 tRNA-Val c[331156,331232] 35 (gac)
[17:14:28] 27 tRNA-Pro [354520,354596] 35 (tgg)
[17:14:28] 28 tRNA-Arg [361697,361772] 36 (acg)
[17:14:28] 29 tRNA-Arg [361794,361867] 35 (tct)
[17:14:28] 30 tRNA-Arg [361874,361949] 36 (ccg)
[17:14:28] 31 tRNA-Arg [361962,362033] 34 (cct)
[17:14:28] 32 tRNA-Ala c[390075,390148] 33 (cgc)
[17:14:28] 33 tmRNA [409463,409835] 93,143 ANKAFSGSSAFAPALA*
[17:14:28] 34 tRNA-Thr [419634,419708] 33 (cgt)
[17:14:28] 35 tRNA-Pro [419710,419784] 33 (cgg)
[17:14:28] 36 tRNA-Gly [421855,421928] 33 (ccc)
[17:14:28] 37 tRNA-Pro c[422606,422681] 34 (ggg)
[17:14:28] 38 tRNA-Arg c[422723,422797] 34 (cct)
[17:14:28] 39 tRNA-Asp [424050,424126] 35 (gtc)
[17:14:28] 40 tRNA-Lys [472957,473030] 33 (ttt)
[17:14:28] 41 tRNA-Glu c[482220,482294] 34 (ttc)
[17:14:28] 42 tRNA-Lys c[482416,482491] 34 (ctt)
[17:14:28] 43 tRNA-Arg c[483148,483223] 34 (ccg)
[17:14:28] 44 tRNA-His c[483246,483320] 33 (gtg)
[17:14:28] 45 tRNA-Arg c[483323,483398] 34 (tct)
[17:14:28] 46 tRNA-Gly c[484168,484242] 34 (tcc)
[17:14:28] 47 tRNA-Ser [565291,565380] 35 (tga)
[17:14:28] 48 tRNA-Arg [565895,565970] 34 (acg)
[17:14:28] 49 tRNA-Ser [566127,566218] 35 (gct)
[17:14:28] 50 tRNA-Ser [566721,566810] 35 (cga)
[17:14:28] 51 tRNA-Ala [578474,578549] 34 (ggc)
[17:14:28] Found 51 tRNAs
[17:14:28] Disabling rRNA search: --kingdom=Viruses or --norrna=0
[17:14:28] Skipping ncRNA search, enable with --rfam if desired.
[17:14:28] Total of 50 tRNA + rRNA features
[17:14:28] Searching for CRISPR repeats
[17:14:28] Found 0 CRISPRs
[17:14:28] Predicting coding sequences
[17:14:28] Contigs total 602646 bp, so using single mode
[17:14:28] Running: prodigal -i results\/PROKKA\/CPR\/SAMN03319988\/SAMN03319988\.fna -c -m -g 1 -p single -f sco -q
[17:14:28] Excluding CDS which overlaps existing RNA (tRNA) at CP011216.1:7249..7503 on + strand
[17:14:28] Excluding CDS which overlaps existing RNA (tRNA) at CP011216.1:50860..51081 on - strand
[17:14:28] Excluding CDS which overlaps existing RNA (tRNA) at CP011216.1:77199..77519 on + strand
[17:14:29] Excluding CDS which overlaps existing RNA (tRNA) at CP011216.1:319988..321541 on - strand
[17:14:29] Found 569 CDS
[17:14:29] Connecting features back to sequences
[17:14:29] Not using genus-specific database. Try --usegenus to enable it.
[17:14:29] Annotating CDS, please be patient.
[17:14:29] Will use 16 CPUs for similarity searching.
[17:14:29] There are still 569 unannotated CDS left (started with 569)
[17:14:29] Will use blast to search against /apps/pkg/anaconda3/2022.10/envs/prokka-1.14.6/db/kingdom/Viruses/sprot with 16 CPUs
[17:14:29] Running: cat results\/PROKKA\/CPR\/SAMN03319988\/SAMN03319988\.sprot\.tmp\.799727\.faa | parallel --gnu --plain -j 16 --block 5570 --recstart '>' --pipe blastp -query - -db /apps/pkg/anaconda3/2022.10/envs/prokka-1.14.6/db/kingdom/Viruses/sprot -evalue 1e-09 -qcov_hsp_perc 80 -num_threads 1 -num_descriptions 1 -num_alignments 1 -seg no > results\/PROKKA\/CPR\/SAMN03319988\/SAMN03319988\.sprot\.tmp\.799727\.blast 2> /dev/null
[17:14:30] Modify product: Uncharacterized protein L612 => putative protein L612
[17:14:30] Cleaned 1 /product names
[17:14:30] Deleting unwanted file: results/PROKKA/CPR/SAMN03319988/SAMN03319988.sprot.tmp.799727.faa
[17:14:30] Deleting unwanted file: results/PROKKA/CPR/SAMN03319988/SAMN03319988.sprot.tmp.799727.blast
[17:14:30] Labelling remaining 563 proteins as 'hypothetical protein'
[17:14:30] Found 4 unique /gene codes.
[17:14:30] Fixed 0 colliding /gene names.
[17:14:30] Adding /locus_tag identifiers
[17:14:30] Assigned 620 locus_tags to CDS and RNA features.
[17:14:30] Writing outputs to results/PROKKA/CPR/SAMN03319988/
[17:14:31] Generating annotation statistics file
[17:14:31] Generating Genbank and Sequin files
[17:14:31] Running: tbl2asn -V b -a r10k -l paired-ends -M n -N 1 -y 'Annotated using prokka 1.14.6 from https://github.com/tseemann/prokka' -Z results\/PROKKA\/CPR\/SAMN03319988\/SAMN03319988\.err -i results\/PROKKA\/CPR\/SAMN03319988\/SAMN03319988\.fsa 2> /dev/null
[tbl2asn-forever] Found Prokka input, correcting dates in .gbf|.sqn files.
[tbl2asn-forever] Correcting dates in results/PROKKA/CPR/SAMN03319988/SAMN03319988.gbf
[tbl2asn-forever] Correcting dates in results/PROKKA/CPR/SAMN03319988/SAMN03319988.sqn
[tbl2asn-forever] Dates changed from 01-JAN-2019 to 01-JUL-2023
[17:14:32] Deleting unwanted file: results/PROKKA/CPR/SAMN03319988/errorsummary.val
[17:14:32] Deleting unwanted file: results/PROKKA/CPR/SAMN03319988/SAMN03319988.dr
[17:14:32] Deleting unwanted file: results/PROKKA/CPR/SAMN03319988/SAMN03319988.fixedproducts
[17:14:32] Deleting unwanted file: results/PROKKA/CPR/SAMN03319988/SAMN03319988.ecn
[17:14:32] Deleting unwanted file: results/PROKKA/CPR/SAMN03319988/SAMN03319988.val
[17:14:32] Repairing broken .GBK output that tbl2asn produces...
[17:14:32] Running: sed 's/COORDINATES: profile/COORDINATES:profile/' < results\/PROKKA\/CPR\/SAMN03319988\/SAMN03319988\.gbf > results\/PROKKA\/CPR\/SAMN03319988\/SAMN03319988\.gbk
[17:14:32] Deleting unwanted file: results/PROKKA/CPR/SAMN03319988/SAMN03319988.gbf
[17:14:32] Output files:
[17:14:32] results/PROKKA/CPR/SAMN03319988/SAMN03319988.log
[17:14:32] results/PROKKA/CPR/SAMN03319988/SAMN03319988.fna
[17:14:32] results/PROKKA/CPR/SAMN03319988/SAMN03319988.gff
[17:14:32] results/PROKKA/CPR/SAMN03319988/SAMN03319988.faa
[17:14:32] results/PROKKA/CPR/SAMN03319988/SAMN03319988.ffn
[17:14:32] results/PROKKA/CPR/SAMN03319988/SAMN03319988.tbl
[17:14:32] results/PROKKA/CPR/SAMN03319988/SAMN03319988.fsa
[17:14:32] results/PROKKA/CPR/SAMN03319988/SAMN03319988.tsv
[17:14:32] results/PROKKA/CPR/SAMN03319988/SAMN03319988.txt
[17:14:32] results/PROKKA/CPR/SAMN03319988/SAMN03319988.err
[17:14:32] results/PROKKA/CPR/SAMN03319988/SAMN03319988.sqn
[17:14:32] results/PROKKA/CPR/SAMN03319988/SAMN03319988.gbk
[17:14:32] Annotation finished successfully.
[17:14:32] Walltime used: 0.08 minutes
[17:14:32] If you use this result please cite the Prokka paper:
[17:14:32] Seemann T (2014) Prokka: rapid prokaryotic genome annotation. Bioinformatics. 30(14):2068-9.
[17:14:32] Type 'prokka --citation' for more details.
[17:14:32] Share and enjoy!
15.63user 0.78system 0:05.18elapsed 316%CPU (0avgtext+0avgdata 102600maxresident)k
9976inputs+36976outputs (0major+247803minor)pagefaults 0swaps

======================================================
End Time   : Sat Jul  1 17:14:32 EDT 2023
Run Time   : 7 seconds
======================================================

