=====================================================
Start Time  : Sat Jul  1 17:14:25 EDT 2023
Submit Dir  : /projects/raw_lab/jobs/metacerberus
Job ID/Name : 4128759 / PROKKA
Node List   : str-c104
Num Tasks   : 1 total [1 nodes @ 16 CPUs/node]
======================================================

Loading prokka/1.14.6
  Loading requirement: anaconda3/2022.10
======================================================
Running PROKKA On CPR/SAMN04313692.fna
======================================================
Viruses
[17:14:27] This is prokka 1.14.6
[17:14:27] Written by Torsten Seemann <torsten.seemann@gmail.com>
[17:14:27] Homepage is https://github.com/tseemann/prokka
[17:14:27] Local time is Sat Jul  1 17:14:27 2023
[17:14:27] You are jlfiguer
[17:14:27] Operating system is linux
[17:14:27] You have BioPerl 1.7.8
Argument "1.7.8" isn't numeric in numeric lt (<) at /apps/pkg/anaconda3/2022.10/envs/prokka-1.14.6/bin/prokka line 259.
[17:14:27] System has 16 cores.
[17:14:27] Will use maximum of 16 cores.
[17:14:27] Annotating as >>> Viruses <<<
[17:14:27] Generating locus_tag from 'CPR/SAMN04313692.fna' contents.
[17:14:27] Setting --locustag IMMMPNCN from MD5 266697c768dba3f95b93b3b8a3014994
[17:14:27] Creating new output folder: results/PROKKA/CPR/SAMN04313692
[17:14:27] Running: mkdir -p results\/PROKKA\/CPR\/SAMN04313692
[17:14:27] Using filename prefix: SAMN04313692.XXX
[17:14:27] Setting HMMER_NCPU=1
[17:14:27] Writing log to: results/PROKKA/CPR/SAMN04313692/SAMN04313692.log
[17:14:27] Command: /apps/pkg/anaconda3/2022.10/envs/prokka-1.14.6/bin/prokka --prefix SAMN04313692 --outdir results/PROKKA/CPR/SAMN04313692 --kingdom Viruses --cpus 16 CPR/SAMN04313692.fna
[17:14:27] Appending to PATH: /apps/pkg/anaconda3/2022.10/envs/prokka-1.14.6/bin
[17:14:27] Looking for 'aragorn' - found /apps/pkg/anaconda3/2022.10/envs/prokka-1.14.6/bin/aragorn
[17:14:27] Determined aragorn version is 001002 from 'ARAGORN v1.2.41 Dean Laslett'
[17:14:27] Looking for 'barrnap' - found /apps/pkg/anaconda3/2022.10/envs/prokka-1.14.6/bin/barrnap
[17:14:27] Determined barrnap version is 000009 from 'barrnap 0.9'
[17:14:27] Looking for 'blastp' - found /apps/pkg/anaconda3/2022.10/envs/prokka-1.14.6/bin/blastp
[17:14:27] Determined blastp version is 002013 from 'blastp: 2.13.0+'
[17:14:27] Looking for 'cmpress' - found /apps/pkg/anaconda3/2022.10/envs/prokka-1.14.6/bin/cmpress
[17:14:27] Determined cmpress version is 001001 from '# INFERNAL 1.1.4 (Dec 2020)'
[17:14:27] Looking for 'cmscan' - found /apps/pkg/anaconda3/2022.10/envs/prokka-1.14.6/bin/cmscan
[17:14:27] Determined cmscan version is 001001 from '# INFERNAL 1.1.4 (Dec 2020)'
[17:14:27] Looking for 'egrep' - found /usr/bin/egrep
[17:14:27] Looking for 'find' - found /usr/bin/find
[17:14:27] Looking for 'grep' - found /usr/bin/grep
[17:14:27] Looking for 'hmmpress' - found /apps/pkg/anaconda3/2022.10/envs/prokka-1.14.6/bin/hmmpress
[17:14:27] Determined hmmpress version is 003003 from '# HMMER 3.3.2 (Nov 2020); http://hmmer.org/'
[17:14:27] Looking for 'hmmscan' - found /apps/pkg/anaconda3/2022.10/envs/prokka-1.14.6/bin/hmmscan
[17:14:27] Determined hmmscan version is 003003 from '# HMMER 3.3.2 (Nov 2020); http://hmmer.org/'
[17:14:27] Looking for 'java' - found /apps/pkg/anaconda3/2022.10/envs/prokka-1.14.6/bin/java
[17:14:27] Looking for 'makeblastdb' - found /apps/pkg/anaconda3/2022.10/envs/prokka-1.14.6/bin/makeblastdb
[17:14:27] Determined makeblastdb version is 002013 from 'makeblastdb: 2.13.0+'
[17:14:27] Looking for 'minced' - found /apps/pkg/anaconda3/2022.10/envs/prokka-1.14.6/bin/minced
[17:14:27] Determined minced version is 004002 from 'minced 0.4.2'
[17:14:27] Looking for 'parallel' - found /apps/pkg/anaconda3/2022.10/envs/prokka-1.14.6/bin/parallel
[17:14:27] Determined parallel version is 20230122 from 'GNU parallel 20230122'
[17:14:27] Looking for 'prodigal' - found /apps/pkg/anaconda3/2022.10/envs/prokka-1.14.6/bin/prodigal
[17:14:27] Determined prodigal version is 002006 from 'Prodigal V2.6.3: February, 2016'
[17:14:27] Looking for 'prokka-genbank_to_fasta_db' - found /apps/pkg/anaconda3/2022.10/envs/prokka-1.14.6/bin/prokka-genbank_to_fasta_db
[17:14:27] Looking for 'sed' - found /usr/bin/sed
[17:14:27] Looking for 'tbl2asn' - found /apps/pkg/anaconda3/2022.10/envs/prokka-1.14.6/bin/tbl2asn
[17:14:27] Determined tbl2asn version is 025007 from 'tbl2asn 25.7   arguments:'
[17:14:27] Using genetic code table 1.
[17:14:27] Loading and checking input file: CPR/SAMN04313692.fna
[17:14:27] Wrote 33 contigs totalling 839957 bp.
[17:14:27] Predicting tRNAs and tmRNAs
[17:14:27] Running: aragorn -l -gc1  -w results\/PROKKA\/CPR\/SAMN04313692\/SAMN04313692\.fna
[17:14:27] 1 tRNA-Leu c[5373,5458] 34 (caa)
[17:14:27] 2 tRNA-Ala [5557,5631] 33 (cgc)
[17:14:27] 3 tRNA-Ala [28834,28908] 33 (ggc)
[17:14:27] 1 tRNA-Arg c[7151,7225] 35 (ccg)
[17:14:27] 1 tRNA-Glu c[51191,51267] 35 (ctc)
[17:14:27] 1 tRNA-Glu c[4087,4161] 34 (ttc)
[17:14:27] 2 tRNA-His c[26417,26490] 33 (gtg)
[17:14:27] 3 tRNA-Arg c[27317,27392] 34 (tct)
[17:14:27] 4 tRNA-Gly c[27441,27514] 33 (tcc)
[17:14:27] 5 tRNA-Pro c[27516,27590] 33 (tgg)
[17:14:27] 6 tRNA-Thr c[31190,31263] 33 (cgt)
[17:14:27] 7 tRNA-Gly c[31875,31948] 33 (ccc)
[17:14:27] 8 tRNA-Asp c[32016,32094] 37 (gtc)
[17:14:27] 1 tRNA-Lys c[19753,19826] 33 (ttt)
[17:14:27] 1 tRNA-Pro c[4751,4826] 34 (ggg)
[17:14:27] 2 tRNA-Thr [8463,8537] 33 (tgt)
[17:14:27] 3 tRNA-Tyr [9520,9605] 35 (gta)
[17:14:27] 4 tRNA-Thr [9669,9743] 33 (ggt)
[17:14:27] 5 tRNA-Trp [10266,10339] 33 (cca)
[17:14:27] 1 tRNA-Arg c[2654,2729] 34 (gcg)
[17:14:27] 1 tRNA-Gln c[5043,5115] 33 (ttg)
[17:14:27] 1 tRNA-Ala c[8675,8751] 35 (tgc)
[17:14:27] 2 tRNA-Ile c[9457,9533] 35 (gat)
[17:14:27] 1 tRNA-Leu c[1411,1498] 34 (taa)
[17:14:27] 2 tRNA-Phe c[4552,4626] 33 (gaa)
[17:14:27] 3 tRNA-Val c[4793,4867] 33 (tac)
[17:14:27] 4 tRNA-Leu c[4882,4968] 35 (gag)
[17:14:27] 5 tRNA-Leu c[6405,6491] 35 (cag)
[17:14:27] 6 tRNA-Cys [8482,8555] 33 (gca)
[17:14:27] 1 tRNA-Gln [38797,38869] 34 (ttg)
[17:14:27] 2 tRNA-Val [53881,53955] 33 (cac)
[17:14:27] 1 tRNA-Arg c[4558,4632] 34 (cct)
[17:14:27] 2 tRNA-Pro [4731,4807] 35 (cgg)
[17:14:27] 3 tRNA-Val c[9947,10021] 33 (gac)
[17:14:27] 1 tRNA-Leu c[7140,7225] 34 (tag)
[17:14:27] 1 tRNA-Ser c[2031,2118] 35 (gga)
[17:14:27] Found 36 tRNAs
[17:14:27] Disabling rRNA search: --kingdom=Viruses or --norrna=0
[17:14:27] Skipping ncRNA search, enable with --rfam if desired.
[17:14:27] Total of 36 tRNA + rRNA features
[17:14:27] Searching for CRISPR repeats
[17:14:28] Found 0 CRISPRs
[17:14:28] Predicting coding sequences
[17:14:28] Contigs total 839957 bp, so using single mode
[17:14:28] Running: prodigal -i results\/PROKKA\/CPR\/SAMN04313692\/SAMN04313692\.fna -c -m -g 1 -p single -f sco -q
[17:14:28] Excluding CDS which overlaps existing RNA (tRNA) at MEZT01000009.1:27138..27419 on - strand
[17:14:28] Found 824 CDS
[17:14:28] Connecting features back to sequences
[17:14:28] Not using genus-specific database. Try --usegenus to enable it.
[17:14:28] Annotating CDS, please be patient.
[17:14:28] Will use 16 CPUs for similarity searching.
[17:14:28] There are still 824 unannotated CDS left (started with 824)
[17:14:28] Will use blast to search against /apps/pkg/anaconda3/2022.10/envs/prokka-1.14.6/db/kingdom/Viruses/sprot with 16 CPUs
[17:14:28] Running: cat results\/PROKKA\/CPR\/SAMN04313692\/SAMN04313692\.sprot\.tmp\.2987487\.faa | parallel --gnu --plain -j 16 --block 6634 --recstart '>' --pipe blastp -query - -db /apps/pkg/anaconda3/2022.10/envs/prokka-1.14.6/db/kingdom/Viruses/sprot -evalue 1e-09 -qcov_hsp_perc 80 -num_threads 1 -num_descriptions 1 -num_alignments 1 -seg no > results\/PROKKA\/CPR\/SAMN04313692\/SAMN04313692\.sprot\.tmp\.2987487\.blast 2> /dev/null
[17:14:30] Modify product: Probable flavin-dependent thymidylate synthase => putative flavin-dependent thymidylate synthase
[17:14:30] Cleaned 1 /product names
[17:14:30] Deleting unwanted file: results/PROKKA/CPR/SAMN04313692/SAMN04313692.sprot.tmp.2987487.faa
[17:14:30] Deleting unwanted file: results/PROKKA/CPR/SAMN04313692/SAMN04313692.sprot.tmp.2987487.blast
[17:14:30] Labelling remaining 819 proteins as 'hypothetical protein'
[17:14:30] Found 3 unique /gene codes.
[17:14:30] Fixed 0 colliding /gene names.
[17:14:30] Adding /locus_tag identifiers
[17:14:30] Assigned 860 locus_tags to CDS and RNA features.
[17:14:30] Writing outputs to results/PROKKA/CPR/SAMN04313692/
[17:14:31] Generating annotation statistics file
[17:14:31] Generating Genbank and Sequin files
[17:14:31] Running: tbl2asn -V b -a r10k -l paired-ends -M n -N 1 -y 'Annotated using prokka 1.14.6 from https://github.com/tseemann/prokka' -Z results\/PROKKA\/CPR\/SAMN04313692\/SAMN04313692\.err -i results\/PROKKA\/CPR\/SAMN04313692\/SAMN04313692\.fsa 2> /dev/null
[tbl2asn-forever] Found Prokka input, correcting dates in .gbf|.sqn files.
[tbl2asn-forever] Correcting dates in results/PROKKA/CPR/SAMN04313692/SAMN04313692.gbf
[tbl2asn-forever] Correcting dates in results/PROKKA/CPR/SAMN04313692/SAMN04313692.sqn
[tbl2asn-forever] Dates changed from 01-JAN-2019 to 01-JUL-2023
[17:14:32] Deleting unwanted file: results/PROKKA/CPR/SAMN04313692/errorsummary.val
[17:14:32] Deleting unwanted file: results/PROKKA/CPR/SAMN04313692/SAMN04313692.dr
[17:14:32] Deleting unwanted file: results/PROKKA/CPR/SAMN04313692/SAMN04313692.fixedproducts
[17:14:32] Deleting unwanted file: results/PROKKA/CPR/SAMN04313692/SAMN04313692.ecn
[17:14:32] Deleting unwanted file: results/PROKKA/CPR/SAMN04313692/SAMN04313692.val
[17:14:32] Repairing broken .GBK output that tbl2asn produces...
[17:14:32] Running: sed 's/COORDINATES: profile/COORDINATES:profile/' < results\/PROKKA\/CPR\/SAMN04313692\/SAMN04313692\.gbf > results\/PROKKA\/CPR\/SAMN04313692\/SAMN04313692\.gbk
[17:14:32] Deleting unwanted file: results/PROKKA/CPR/SAMN04313692/SAMN04313692.gbf
[17:14:32] Output files:
[17:14:32] results/PROKKA/CPR/SAMN04313692/SAMN04313692.log
[17:14:32] results/PROKKA/CPR/SAMN04313692/SAMN04313692.fna
[17:14:32] results/PROKKA/CPR/SAMN04313692/SAMN04313692.gff
[17:14:32] results/PROKKA/CPR/SAMN04313692/SAMN04313692.faa
[17:14:32] results/PROKKA/CPR/SAMN04313692/SAMN04313692.ffn
[17:14:32] results/PROKKA/CPR/SAMN04313692/SAMN04313692.tbl
[17:14:32] results/PROKKA/CPR/SAMN04313692/SAMN04313692.fsa
[17:14:32] results/PROKKA/CPR/SAMN04313692/SAMN04313692.tsv
[17:14:32] results/PROKKA/CPR/SAMN04313692/SAMN04313692.txt
[17:14:32] results/PROKKA/CPR/SAMN04313692/SAMN04313692.err
[17:14:32] results/PROKKA/CPR/SAMN04313692/SAMN04313692.sqn
[17:14:32] results/PROKKA/CPR/SAMN04313692/SAMN04313692.gbk
[17:14:32] Annotation finished successfully.
[17:14:32] Walltime used: 0.08 minutes
[17:14:32] If you use this result please cite the Prokka paper:
[17:14:32] Seemann T (2014) Prokka: rapid prokaryotic genome annotation. Bioinformatics. 30(14):2068-9.
[17:14:32] Type 'prokka --citation' for more details.
[17:14:32] Share and enjoy!
18.28user 0.76system 0:05.76elapsed 330%CPU (0avgtext+0avgdata 114936maxresident)k
13848inputs+47136outputs (0major+245405minor)pagefaults 0swaps

======================================================
End Time   : Sat Jul  1 17:14:32 EDT 2023
Run Time   : 7 seconds
======================================================

