=====================================================
Start Time  : Sat Jun 24 20:10:19 EDT 2023
Submit Dir  : /projects/raw_lab/jobs/metacerberus
Job ID/Name : 3995411 / InterProScan
Node List   : str-c103
Num Tasks   : 1 total [1 nodes @ 16 CPUs/node]
======================================================

Loading interproscan/5.60-92.0
  Loading requirement: anaconda3/2020.11 openjdk/15
======================================================
Running InterProScan On GTDB-100/genomes/bacteria/GCA_019456225.1.fna
======================================================
24/06/2023 20:10:20:661 Welcome to InterProScan-5.60-92.0
24/06/2023 20:10:20:662 Running InterProScan v5 in STANDALONE mode... on Linux
24/06/2023 20:10:24:662 RunID: str-c103.uncc.edu_20230624_201024491_4gd6
24/06/2023 20:10:33:279 Loading file /projects/raw_lab/jobs/metacerberus/GTDB-100/genomes/bacteria/GCA_019456225.1.fna
24/06/2023 20:10:34:974 Running the following analyses:
[AntiFam-7.0,CDD-3.20,Coils-2.2.1,FunFam-4.3.0,Gene3D-4.3.0,Hamap-2021_04,MobiDBLite-2.0,PANTHER-17.0,Pfam-35.0,PIRSF-3.10,PIRSR-2021_05,PRINTS-42.0,ProSitePatterns-2022_01,ProSiteProfiles-2022_01,SFLD-4,SMART-7.1,SUPERFAMILY-1.75,TIGRFAM-15.0]
Pre-calculated match lookup service DISABLED.  Please wait for match calculations to complete...
2023-06-24 20:15:01,198 [amqEmbeddedWorkerJmsContainer-7] [uk.ac.ebi.interpro.scan.io.pirsf.hmmer3.PirsfHmmer3RawMatchParser:129] WARN - Couldn't parse the given raw match line, because it is of an unexpected format.
2023-06-24 20:15:01,203 [amqEmbeddedWorkerJmsContainer-7] [uk.ac.ebi.interpro.scan.io.pirsf.hmmer3.PirsfHmmer3RawMatchParser:130] WARN - Unexpected Raw match line: Query sequence: 1012 matches PIRSF001174: Lon protease
2023-06-24 20:15:01,203 [amqEmbeddedWorkerJmsContainer-7] [uk.ac.ebi.interpro.scan.io.pirsf.hmmer3.PirsfHmmer3RawMatchParser:129] WARN - Couldn't parse the given raw match line, because it is of an unexpected format.
2023-06-24 20:15:01,203 [amqEmbeddedWorkerJmsContainer-7] [uk.ac.ebi.interpro.scan.io.pirsf.hmmer3.PirsfHmmer3RawMatchParser:130] WARN - Unexpected Raw match line: #    score  bias  c-Evalue  i-Evalue hmmfrom  hmm to    alifrom  ali to    envfrom  env to     acc
2023-06-24 20:15:01,203 [amqEmbeddedWorkerJmsContainer-7] [uk.ac.ebi.interpro.scan.io.pirsf.hmmer3.PirsfHmmer3RawMatchParser:129] WARN - Couldn't parse the given raw match line, because it is of an unexpected format.
2023-06-24 20:15:01,203 [amqEmbeddedWorkerJmsContainer-7] [uk.ac.ebi.interpro.scan.io.pirsf.hmmer3.PirsfHmmer3RawMatchParser:130] WARN - Unexpected Raw match line: 1 !  990.7   0.6  8.2e-302  3.3e-299       7     774 ..      36     804 ..      30     805 .] 0.99
2023-06-24 20:15:01,203 [amqEmbeddedWorkerJmsContainer-7] [uk.ac.ebi.interpro.scan.io.pirsf.hmmer3.PirsfHmmer3RawMatchParser:129] WARN - Couldn't parse the given raw match line, because it is of an unexpected format.
2023-06-24 20:15:01,203 [amqEmbeddedWorkerJmsContainer-7] [uk.ac.ebi.interpro.scan.io.pirsf.hmmer3.PirsfHmmer3RawMatchParser:130] WARN - Unexpected Raw match line: Query sequence: 1072 matches PIRSF039102: D-alanine--D-alanine ligase/D-alanine--D-lactate ligase
2023-06-24 20:15:01,203 [amqEmbeddedWorkerJmsContainer-7] [uk.ac.ebi.interpro.scan.io.pirsf.hmmer3.PirsfHmmer3RawMatchParser:129] WARN - Couldn't parse the given raw match line, because it is of an unexpected format.
2023-06-24 20:15:01,203 [amqEmbeddedWorkerJmsContainer-7] [uk.ac.ebi.interpro.scan.io.pirsf.hmmer3.PirsfHmmer3RawMatchParser:130] WARN - Unexpected Raw match line: #    score  bias  c-Evalue  i-Evalue hmmfrom  hmm to    alifrom  ali to    envfrom  env to     acc
2023-06-24 20:15:01,203 [amqEmbeddedWorkerJmsContainer-7] [uk.ac.ebi.interpro.scan.io.pirsf.hmmer3.PirsfHmmer3RawMatchParser:129] WARN - Couldn't parse the given raw match line, because it is of an unexpected format.
2023-06-24 20:15:01,204 [amqEmbeddedWorkerJmsContainer-7] [uk.ac.ebi.interpro.scan.io.pirsf.hmmer3.PirsfHmmer3RawMatchParser:130] WARN - Unexpected Raw match line: 1 !   27.2   0.1     2e-10   1.2e-07       3      46 ..      53      96 ..      51     103 .. 0.90
2023-06-24 20:15:01,204 [amqEmbeddedWorkerJmsContainer-7] [uk.ac.ebi.interpro.scan.io.pirsf.hmmer3.PirsfHmmer3RawMatchParser:129] WARN - Couldn't parse the given raw match line, because it is of an unexpected format.
2023-06-24 20:15:01,204 [amqEmbeddedWorkerJmsContainer-7] [uk.ac.ebi.interpro.scan.io.pirsf.hmmer3.PirsfHmmer3RawMatchParser:130] WARN - Unexpected Raw match line: 2 !  239.1   0.0     8e-75   4.9e-72      94     355 ..     102     350 ..      96     352 .] 0.93
2023-06-24 20:15:01,204 [amqEmbeddedWorkerJmsContainer-7] [uk.ac.ebi.interpro.scan.io.pirsf.hmmer3.PirsfHmmer3RawMatchParser:129] WARN - Couldn't parse the given raw match line, because it is of an unexpected format.
2023-06-24 20:15:01,204 [amqEmbeddedWorkerJmsContainer-7] [uk.ac.ebi.interpro.scan.io.pirsf.hmmer3.PirsfHmmer3RawMatchParser:130] WARN - Unexpected Raw match line: Query sequence: 110 matches PIRSF000853: Pyruvate, phosphate dikinase
2023-06-24 20:15:01,204 [amqEmbeddedWorkerJmsContainer-7] [uk.ac.ebi.interpro.scan.io.pirsf.hmmer3.PirsfHmmer3RawMatchParser:129] WARN - Couldn't parse the given raw match line, because it is of an unexpected format.
2023-06-24 20:15:01,204 [amqEmbeddedWorkerJmsContainer-7] [uk.ac.ebi.interpro.scan.io.pirsf.hmmer3.PirsfHmmer3RawMatchParser:130] WARN - Unexpected Raw match line: #    score  bias  c-Evalue  i-Evalue hmmfrom  hmm to    alifrom  ali to    envfrom  env to     acc
2023-06-24 20:15:01,204 [amqEmbeddedWorkerJmsContainer-7] [uk.ac.ebi.interpro.scan.io.pirsf.hmmer3.PirsfHmmer3RawMatchParser:129] WARN - Couldn't parse the given raw match line, because it is of an unexpected format.
2023-06-24 20:15:01,204 [amqEmbeddedWorkerJmsContainer-7] [uk.ac.ebi.interpro.scan.io.pirsf.hmmer3.PirsfHmmer3RawMatchParser:130] WARN - Unexpected Raw match line: 1 !  893.8   1.0  1.8e-272  7.2e-270       2     588 ..       6     590 ..       5     607 .. 0.98
2023-06-24 20:15:01,204 [amqEmbeddedWorkerJmsContainer-7] [uk.ac.ebi.interpro.scan.io.pirsf.hmmer3.PirsfHmmer3RawMatchParser:129] WARN - Couldn't parse the given raw match line, because it is of an unexpected format.
2023-06-24 20:15:01,204 [amqEmbeddedWorkerJmsContainer-7] [uk.ac.ebi.interpro.scan.io.pirsf.hmmer3.PirsfHmmer3RawMatchParser:130] WARN - Unexpected Raw match line: 2 !  482.0   0.2  5.3e-148  2.2e-145     584     877 ..     614     905 ..     601     906 .] 0.97
2023-06-24 20:15:01,204 [amqEmbeddedWorkerJmsContainer-7] [uk.ac.ebi.interpro.scan.io.pirsf.hmmer3.PirsfHmmer3RawMatchParser:129] WARN - Couldn't parse the given raw match line, because it is of an unexpected format.
2023-06-24 20:15:01,204 [amqEmbeddedWorkerJmsContainer-7] [uk.ac.ebi.interpro.scan.io.pirsf.hmmer3.PirsfHmmer3RawMatchParser:130] WARN - Unexpected Raw match line: Query sequence: 1103 matches PIRSF001109: Adenosylhomocysteine hydrolase, SAHH type
2023-06-24 20:15:01,205 [amqEmbeddedWorkerJmsContainer-7] [uk.ac.ebi.interpro.scan.io.pirsf.hmmer3.PirsfHmmer3RawMatchParser:129] WARN - Couldn't parse the given raw match line, because it is of an unexpected format.
2023-06-24 20:15:01,205 [amqEmbeddedWorkerJmsContainer-7] [uk.ac.ebi.interpro.scan.io.pirsf.hmmer3.PirsfHmmer3RawMatchParser:130] WARN - Unexpected Raw match line: #    score  bias  c-Evalue  i-Evalue hmmfrom  hmm to    alifrom  ali to    envfrom  env to     acc
2023-06-24 20:15:01,205 [amqEmbeddedWorkerJmsContainer-7] [uk.ac.ebi.interpro.scan.io.pirsf.hmmer3.PirsfHmmer3RawMatchParser:129] WARN - Couldn't parse the given raw match line, because it is of an unexpected format.
2023-06-24 20:15:01,205 [amqEmbeddedWorkerJmsContainer-7] [uk.ac.ebi.interpro.scan.io.pirsf.hmmer3.PirsfHmmer3RawMatchParser:130] WARN - Unexpected Raw match line: 1 !  619.8   0.0  4.7e-190  1.4e-187      11     438 .]      14     480 .]       7     480 .] 0.98
2023-06-24 20:15:01,205 [amqEmbeddedWorkerJmsContainer-7] [uk.ac.ebi.interpro.scan.io.pirsf.hmmer3.PirsfHmmer3RawMatchParser:129] WARN - Couldn't parse the given raw match line, because it is of an unexpected format.
2023-06-24 20:15:01,205 [amqEmbeddedWorkerJmsContainer-7] [uk.ac.ebi.interpro.scan.io.pirsf.hmmer3.PirsfHmmer3RawMatchParser:130] WARN - Unexpected Raw match line: Query sequence: 1107 matches PIRSF000538: Keto-sugar kinase
2023-06-24 20:15:01,205 [amqEmbeddedWorkerJmsContainer-7] [uk.ac.ebi.interpro.scan.io.pirsf.hmmer3.PirsfHmmer3RawMatchParser:129] WARN - Couldn't parse the given raw match line, because it is of an unexpected format.
2023-06-24 20:15:01,205 [amqEmbeddedWorkerJmsContainer-7] [uk.ac.ebi.interpro.scan.io.pirsf.hmmer3.PirsfHmmer3RawMatchParser:130] WARN - Unexpected Raw match line: #    score  bias  c-Evalue  i-Evalue hmmfrom  hmm to    alifrom  ali to    envfrom  env to     acc
2023-06-24 20:15:01,205 [amqEmbeddedWorkerJmsContainer-7] [uk.ac.ebi.interpro.scan.io.pirsf.hmmer3.PirsfHmmer3RawMatchParser:129] WARN - Couldn't parse the given raw match line, because it is of an unexpected format.
2023-06-24 20:15:01,205 [amqEmbeddedWorkerJmsContainer-7] [uk.ac.ebi.interpro.scan.io.pirsf.hmmer3.PirsfHmmer3RawMatchParser:130] WARN - Unexpected Raw match line: 1 !  366.1   0.0  2.4e-113  1.5e-110       2     495 ..       7     504 ..       6     507 .] 0.96
2023-06-24 20:15:01,205 [amqEmbeddedWorkerJmsContainer-7] [uk.ac.ebi.interpro.scan.io.pirsf.hmmer3.PirsfHmmer3RawMatchParser:129] WARN - Couldn't parse the given raw match line, because it is of an unexpected format.
2023-06-24 20:15:01,205 [amqEmbeddedWorkerJmsContainer-7] [uk.ac.ebi.interpro.scan.io.pirsf.hmmer3.PirsfHmmer3RawMatchParser:130] WARN - Unexpected Raw match line: Query sequence: 1111 matches PIRSF010631: Alpha-L-rhamnosidase
2023-06-24 20:15:01,205 [amqEmbeddedWorkerJmsContainer-7] [uk.ac.ebi.interpro.scan.io.pirsf.hmmer3.PirsfHmmer3RawMatchParser:129] WARN - Couldn't parse the given raw match line, because it is of an unexpected format.
2023-06-24 20:15:01,205 [amqEmbeddedWorkerJmsContainer-7] [uk.ac.ebi.interpro.scan.io.pirsf.hmmer3.PirsfHmmer3RawMatchParser:130] WARN - Unexpected Raw match line: #    score  bias  c-Evalue  i-Evalue hmmfrom  hmm to    alifrom  ali to    envfrom  env to     acc
2023-06-24 20:15:01,206 [amqEmbeddedWorkerJmsContainer-7] [uk.ac.ebi.interpro.scan.io.pirsf.hmmer3.PirsfHmmer3RawMatchParser:129] WARN - Couldn't parse the given raw match line, because it is of an unexpected format.
2023-06-24 20:15:01,206 [amqEmbeddedWorkerJmsContainer-7] [uk.ac.ebi.interpro.scan.io.pirsf.hmmer3.PirsfHmmer3RawMatchParser:130] WARN - Unexpected Raw match line: 1 !  803.2   2.2  9.8e-245    2e-242       9     922 ..      33    1122 ..      26    1124 .] 0.95
2023-06-24 20:15:01,206 [amqEmbeddedWorkerJmsContainer-7] [uk.ac.ebi.interpro.scan.io.pirsf.hmmer3.PirsfHmmer3RawMatchParser:129] WARN - Couldn't parse the given raw match line, because it is of an unexpected format.
2023-06-24 20:15:01,206 [amqEmbeddedWorkerJmsContainer-7] [uk.ac.ebi.interpro.scan.io.pirsf.hmmer3.PirsfHmmer3RawMatchParser:130] WARN - Unexpected Raw match line: Query sequence: 1113 matches PIRSF005719: Structural maintenance of chromosomes protein
2023-06-24 20:15:01,206 [amqEmbeddedWorkerJmsContainer-7] [uk.ac.ebi.interpro.scan.io.pirsf.hmmer3.PirsfHmmer3RawMatchParser:129] WARN - Couldn't parse the given raw match line, because it is of an unexpected format.
2023-06-24 20:15:01,206 [amqEmbeddedWorkerJmsContainer-7] [uk.ac.ebi.interpro.scan.io.pirsf.hmmer3.PirsfHmmer3RawMatchParser:130] WARN - Unexpected Raw match line: #    score  bias  c-Evalue  i-Evalue hmmfrom  hmm to    alifrom  ali to    envfrom  env to     acc
2023-06-24 20:15:01,206 [amqEmbeddedWorkerJmsContainer-7] [uk.ac.ebi.interpro.scan.io.pirsf.hmmer3.PirsfHmmer3RawMatchParser:129] WARN - Couldn't parse the given raw match line, because it is of an unexpected format.
2023-06-24 20:15:01,206 [amqEmbeddedWorkerJmsContainer-7] [uk.ac.ebi.interpro.scan.io.pirsf.hmmer3.PirsfHmmer3RawMatchParser:130] WARN - Unexpected Raw match line: 1 !  878.8  64.8  3.3e-267  3.4e-265       2    1189 ..       8    1189 ..       7    1195 .. 0.98
2023-06-24 20:15:01,206 [amqEmbeddedWorkerJmsContainer-7] [uk.ac.ebi.interpro.scan.io.pirsf.hmmer3.PirsfHmmer3RawMatchParser:129] WARN - Couldn't parse the given raw match line, because it is of an unexpected format.
2023-06-24 20:15:01,206 [amqEmbeddedWorkerJmsContainer-7] [uk.ac.ebi.interpro.scan.io.pirsf.hmmer3.PirsfHmmer3RawMatchParser:130] WARN - Unexpected Raw match line: Query sequence: 1138 matches PIRSF000216: NADH dehydrogenase [ubiquinone] (complex I), flavoprotein 2/NADH:quinone oxidoreductase (complex I), NuoE subunit
2023-06-24 20:15:01,206 [amqEmbeddedWorkerJmsContainer-7] [uk.ac.ebi.interpro.scan.io.pirsf.hmmer3.PirsfHmmer3RawMatchParser:129] WARN - Couldn't parse the given raw match line, because it is of an unexpected format.
2023-06-24 20:15:01,206 [amqEmbeddedWorkerJmsContainer-7] [uk.ac.ebi.interpro.scan.io.pirsf.hmmer3.PirsfHmmer3RawMatchParser:130] WARN - Unexpected Raw match line: #    score  bias  c-Evalue  i-Evalue hmmfrom  hmm to    alifrom  ali to    envfrom  env to     acc
2023-06-24 20:15:01,206 [amqEmbeddedWorkerJmsContainer-7] [uk.ac.ebi.interpro.scan.io.pirsf.hmmer3.PirsfHmmer3RawMatchParser:129] WARN - Couldn't parse the given raw match line, because it is of an unexpected format.
2023-06-24 20:15:01,206 [amqEmbeddedWorkerJmsContainer-7] [uk.ac.ebi.interpro.scan.io.pirsf.hmmer3.PirsfHmmer3RawMatchParser:130] WARN - Unexpected Raw match line: 1 !  166.6   0.1   1.2e-52   4.8e-50      28     173 ..      16     159 ..       5     160 .] 0.95
2023-06-24 20:15:01,207 [amqEmbeddedWorkerJmsContainer-7] [uk.ac.ebi.interpro.scan.io.pirsf.hmmer3.PirsfHmmer3RawMatchParser:129] WARN - Couldn't parse the given raw match line, because it is of an unexpected format.
2023-06-24 20:15:01,207 [amqEmbeddedWorkerJmsContainer-7] [uk.ac.ebi.interpro.scan.io.pirsf.hmmer3.PirsfHmmer3RawMatchParser:130] WARN - Unexpected Raw match line: Query sequence: 1139 matches PIRSF010631: Alpha-L-rhamnosidase
2023-06-24 20:15:01,207 [amqEmbeddedWorkerJmsContainer-7] [uk.ac.ebi.interpro.scan.io.pirsf.hmmer3.PirsfHmmer3RawMatchParser:129] WARN - Couldn't parse the given raw match line, because it is of an unexpected format.
2023-06-24 20:15:01,207 [amqEmbeddedWorkerJmsContainer-7] [uk.ac.ebi.interpro.scan.io.pirsf.hmmer3.PirsfHmmer3RawMatchParser:130] WARN - Unexpected Raw match line: #    score  bias  c-Evalue  i-Evalue hmmfrom  hmm to    alifrom  ali to    envfrom  env to     acc
2023-06-24 20:15:01,207 [amqEmbeddedWorkerJmsContainer-7] [uk.ac.ebi.interpro.scan.io.pirsf.hmmer3.PirsfHmmer3RawMatchParser:129] WARN - Couldn't parse the given raw match line, because it is of an unexpected format.
2023-06-24 20:15:01,207 [amqEmbeddedWorkerJmsContainer-7] [uk.ac.ebi.interpro.scan.io.pirsf.hmmer3.PirsfHmmer3RawMatchParser:130] WARN - Unexpected Raw match line: 1 !  994.0   0.7  2.2e-302  4.4e-300       8     921 ..      19     927 ..      13     930 .] 0.94
2023-06-24 20:15:01,207 [amqEmbeddedWorkerJmsContainer-7] [uk.ac.ebi.interpro.scan.io.pirsf.hmmer3.PirsfHmmer3RawMatchParser:129] WARN - Couldn't parse the given raw match line, because it is of an unexpected format.
2023-06-24 20:15:01,207 [amqEmbeddedWorkerJmsContainer-7] [uk.ac.ebi.interpro.scan.io.pirsf.hmmer3.PirsfHmmer3RawMatchParser:130] WARN - Unexpected Raw match line: Query sequence: 1156 matches PIRSF001348: Phosphoenolpyruvate carboxykinase (GTP)
2023-06-24 20:15:01,207 [amqEmbeddedWorkerJmsContainer-7] [uk.ac.ebi.interpro.scan.io.pirsf.hmmer3.PirsfHmmer3RawMatchParser:129] WARN - Couldn't parse the given raw match line, because it is of an unexpected format.
2023-06-24 20:15:01,207 [amqEmbeddedWorkerJmsContainer-7] [uk.ac.ebi.interpro.scan.io.pirsf.hmmer3.PirsfHmmer3RawMatchParser:130] WARN - Unexpected Raw match line: #    score  bias  c-Evalue  i-Evalue hmmfrom  hmm to    alifrom  ali to    envfrom  env to     acc
2023-06-24 20:15:01,208 [amqEmbeddedWorkerJmsContainer-7] [uk.ac.ebi.interpro.scan.io.pirsf.hmmer3.PirsfHmmer3RawMatchParser:129] WARN - Couldn't parse the given raw match line, because it is of an unexpected format.
2023-06-24 20:15:01,208 [amqEmbeddedWorkerJmsContainer-7] [uk.ac.ebi.interpro.scan.io.pirsf.hmmer3.PirsfHmmer3RawMatchParser:130] WARN - Unexpected Raw match line: 1 !  562.8   0.0    4e-173  4.8e-170       6     610 ..      22     621 ..      17     623 .. 0.95
2023-06-24 20:15:01,208 [amqEmbeddedWorkerJmsContainer-7] [uk.ac.ebi.interpro.scan.io.pirsf.hmmer3.PirsfHmmer3RawMatchParser:129] WARN - Couldn't parse the given raw match line, because it is of an unexpected format.
2023-06-24 20:15:01,208 [amqEmbeddedWorkerJmsContainer-7] [uk.ac.ebi.interpro.scan.io.pirsf.hmmer3.PirsfHmmer3RawMatchParser:130] WARN - Unexpected Raw match line: Query sequence: 1163 matches PIRSF000390: Predicted pyridoxal dependent aminotransferase, DegT/DnrJ/EryC1/StrS types
2023-06-24 20:15:01,208 [amqEmbeddedWorkerJmsContainer-7] [uk.ac.ebi.interpro.scan.io.pirsf.hmmer3.PirsfHmmer3RawMatchParser:129] WARN - Couldn't parse the given raw match line, because it is of an unexpected format.
2023-06-24 20:15:01,208 [amqEmbeddedWorkerJmsContainer-7] [uk.ac.ebi.interpro.scan.io.pirsf.hmmer3.PirsfHmmer3RawMatchParser:130] WARN - Unexpected Raw match line: #    score  bias  c-Evalue  i-Evalue hmmfrom  hmm to    alifrom  ali to    envfrom  env to     acc
2023-06-24 20:15:01,208 [amqEmbeddedWorkerJmsContainer-7] [uk.ac.ebi.interpro.scan.io.pirsf.hmmer3.PirsfHmmer3RawMatchParser:129] WARN - Couldn't parse the given raw match line, because it is of an unexpected format.
2023-06-24 20:15:01,208 [amqEmbeddedWorkerJmsContainer-7] [uk.ac.ebi.interpro.scan.io.pirsf.hmmer3.PirsfHmmer3RawMatchParser:130] WARN - Unexpected Raw match line: 1 !  334.0   0.0  6.8e-104  8.3e-101       8     379 ..      52     418 ..      48     419 .] 0.98
2023-06-24 20:15:01,208 [amqEmbeddedWorkerJmsContainer-7] [uk.ac.ebi.interpro.scan.io.pirsf.hmmer3.PirsfHmmer3RawMatchParser:129] WARN - Couldn't parse the given raw match line, because it is of an unexpected format.
2023-06-24 20:15:01,208 [amqEmbeddedWorkerJmsContainer-7] [uk.ac.ebi.interpro.scan.io.pirsf.hmmer3.PirsfHmmer3RawMatchParser:130] WARN - Unexpected Raw match line: Query sequence: 1197 matches PIRSF006066: Predicted TRAP transporter permease protein
2023-06-24 20:15:01,208 [amqEmbeddedWorkerJmsContainer-7] [uk.ac.ebi.interpro.scan.io.pirsf.hmmer3.PirsfHmmer3RawMatchParser:129] WARN - Couldn't parse the given raw match line, because it is of an unexpected format.
2023-06-24 20:15:01,208 [amqEmbeddedWorkerJmsContainer-7] [uk.ac.ebi.interpro.scan.io.pirsf.hmmer3.PirsfHmmer3RawMatchParser:130] WARN - Unexpected Raw match line: #    score  bias  c-Evalue  i-Evalue hmmfrom  hmm to    alifrom  ali to    envfrom  env to     acc
2023-06-24 20:15:01,208 [amqEmbeddedWorkerJmsContainer-7] [uk.ac.ebi.interpro.scan.io.pirsf.hmmer3.PirsfHmmer3RawMatchParser:129] WARN - Couldn't parse the given raw match line, because it is of an unexpected format.
2023-06-24 20:15:01,209 [amqEmbeddedWorkerJmsContainer-7] [uk.ac.ebi.interpro.scan.io.pirsf.hmmer3.PirsfHmmer3RawMatchParser:130] WARN - Unexpected Raw match line: 1 !  501.3  55.9  9.4e-155  1.1e-151       2     425 ..       4     431 ..       3     433 .. 0.97
2023-06-24 20:15:01,209 [amqEmbeddedWorkerJmsContainer-7] [uk.ac.ebi.interpro.scan.io.pirsf.hmmer3.PirsfHmmer3RawMatchParser:129] WARN - Couldn't parse the given raw match line, because it is of an unexpected format.
2023-06-24 20:15:01,209 [amqEmbeddedWorkerJmsContainer-7] [uk.ac.ebi.interpro.scan.io.pirsf.hmmer3.PirsfHmmer3RawMatchParser:130] WARN - Unexpected Raw match line: Query sequence: 138 matches PIRSF004491: Riboflavin biosynthesis protein RibF/RibC types
2023-06-24 20:15:01,209 [amqEmbeddedWorkerJmsContainer-7] [uk.ac.ebi.interpro.scan.io.pirsf.hmmer3.PirsfHmmer3RawMatchParser:129] WARN - Couldn't parse the given raw match line, because it is of an unexpected format.
2023-06-24 20:15:01,209 [amqEmbeddedWorkerJmsContainer-7] [uk.ac.ebi.interpro.scan.io.pirsf.hmmer3.PirsfHmmer3RawMatchParser:130] WARN - Unexpected Raw match line: #    score  bias  c-Evalue  i-Evalue hmmfrom  hmm to    alifrom  ali to    envfrom  env to     acc
2023-06-24 20:15:01,209 [amqEmbeddedWorkerJmsContainer-7] [uk.ac.ebi.interpro.scan.io.pirsf.hmmer3.PirsfHmmer3RawMatchParser:129] WARN - Couldn't parse the given raw match line, because it is of an unexpected format.
2023-06-24 20:15:01,209 [amqEmbeddedWorkerJmsContainer-7] [uk.ac.ebi.interpro.scan.io.pirsf.hmmer3.PirsfHmmer3RawMatchParser:130] WARN - Unexpected Raw match line: 1 !  262.1   0.0   3.1e-82   3.8e-79       1     305 [.      10     328 ..      10     332 .] 0.93
2023-06-24 20:15:01,209 [amqEmbeddedWorkerJmsContainer-7] [uk.ac.ebi.interpro.scan.io.pirsf.hmmer3.PirsfHmmer3RawMatchParser:129] WARN - Couldn't parse the given raw match line, because it is of an unexpected format.
2023-06-24 20:15:01,209 [amqEmbeddedWorkerJmsContainer-7] [uk.ac.ebi.interpro.scan.io.pirsf.hmmer3.PirsfHmmer3RawMatchParser:130] WARN - Unexpected Raw match line: Query sequence: 153 matches PIRSF001435: Endonuclease III
2023-06-24 20:15:01,209 [amqEmbeddedWorkerJmsContainer-7] [uk.ac.ebi.interpro.scan.io.pirsf.hmmer3.PirsfHmmer3RawMatchParser:129] WARN - Couldn't parse the given raw match line, because it is of an unexpected format.
2023-06-24 20:15:01,209 [amqEmbeddedWorkerJmsContainer-7] [uk.ac.ebi.interpro.scan.io.pirsf.hmmer3.PirsfHmmer3RawMatchParser:130] WARN - Unexpected Raw match line: #    score  bias  c-Evalue  i-Evalue hmmfrom  hmm to    alifrom  ali to    envfrom  env to     acc
2023-06-24 20:15:01,209 [amqEmbeddedWorkerJmsContainer-7] [uk.ac.ebi.interpro.scan.io.pirsf.hmmer3.PirsfHmmer3RawMatchParser:129] WARN - Couldn't parse the given raw match line, because it is of an unexpected format.
2023-06-24 20:15:01,209 [amqEmbeddedWorkerJmsContainer-7] [uk.ac.ebi.interpro.scan.io.pirsf.hmmer3.PirsfHmmer3RawMatchParser:130] WARN - Unexpected Raw match line: 1 !  172.8   0.0     7e-55   4.3e-52       4     220 ..      27     236 ..      24     239 .. 0.93
2023-06-24 20:15:01,210 [amqEmbeddedWorkerJmsContainer-7] [uk.ac.ebi.interpro.scan.io.pirsf.hmmer3.PirsfHmmer3RawMatchParser:129] WARN - Couldn't parse the given raw match line, because it is of an unexpected format.
2023-06-24 20:15:01,210 [amqEmbeddedWorkerJmsContainer-7] [uk.ac.ebi.interpro.scan.io.pirsf.hmmer3.PirsfHmmer3RawMatchParser:130] WARN - Unexpected Raw match line: Query sequence: 247 matches PIRSF000538: Keto-sugar kinase
2023-06-24 20:15:01,210 [amqEmbeddedWorkerJmsContainer-7] [uk.ac.ebi.interpro.scan.io.pirsf.hmmer3.PirsfHmmer3RawMatchParser:129] WARN - Couldn't parse the given raw match line, because it is of an unexpected format.
2023-06-24 20:15:01,210 [amqEmbeddedWorkerJmsContainer-7] [uk.ac.ebi.interpro.scan.io.pirsf.hmmer3.PirsfHmmer3RawMatchParser:130] WARN - Unexpected Raw match line: #    score  bias  c-Evalue  i-Evalue hmmfrom  hmm to    alifrom  ali to    envfrom  env to     acc
2023-06-24 20:15:01,210 [amqEmbeddedWorkerJmsContainer-7] [uk.ac.ebi.interpro.scan.io.pirsf.hmmer3.PirsfHmmer3RawMatchParser:129] WARN - Couldn't parse the given raw match line, because it is of an unexpected format.
2023-06-24 20:15:01,210 [amqEmbeddedWorkerJmsContainer-7] [uk.ac.ebi.interpro.scan.io.pirsf.hmmer3.PirsfHmmer3RawMatchParser:130] WARN - Unexpected Raw match line: 1 !  401.3   0.1  5.3e-124  3.2e-121       1     495 [.      18     522 ..      18     525 .. 0.95
2023-06-24 20:15:01,210 [amqEmbeddedWorkerJmsContainer-7] [uk.ac.ebi.interpro.scan.io.pirsf.hmmer3.PirsfHmmer3RawMatchParser:129] WARN - Couldn't parse the given raw match line, because it is of an unexpected format.
2023-06-24 20:15:01,210 [amqEmbeddedWorkerJmsContainer-7] [uk.ac.ebi.interpro.scan.io.pirsf.hmmer3.PirsfHmmer3RawMatchParser:130] WARN - Unexpected Raw match line: Query sequence: 296 matches PIRSF009407: Isocitrate dehydrogenase, monomeric type
2023-06-24 20:15:01,210 [amqEmbeddedWorkerJmsContainer-7] [uk.ac.ebi.interpro.scan.io.pirsf.hmmer3.PirsfHmmer3RawMatchParser:129] WARN - Couldn't parse the given raw match line, because it is of an unexpected format.
2023-06-24 20:15:01,210 [amqEmbeddedWorkerJmsContainer-7] [uk.ac.ebi.interpro.scan.io.pirsf.hmmer3.PirsfHmmer3RawMatchParser:130] WARN - Unexpected Raw match line: #    score  bias  c-Evalue  i-Evalue hmmfrom  hmm to    alifrom  ali to    envfrom  env to     acc
2023-06-24 20:15:01,211 [amqEmbeddedWorkerJmsContainer-7] [uk.ac.ebi.interpro.scan.io.pirsf.hmmer3.PirsfHmmer3RawMatchParser:129] WARN - Couldn't parse the given raw match line, because it is of an unexpected format.
2023-06-24 20:15:01,211 [amqEmbeddedWorkerJmsContainer-7] [uk.ac.ebi.interpro.scan.io.pirsf.hmmer3.PirsfHmmer3RawMatchParser:130] WARN - Unexpected Raw match line: 1 ! 1239.7   6.8         0         0       3     741 ..      25     765 ..      23     767 .] 0.99
2023-06-24 20:15:01,211 [amqEmbeddedWorkerJmsContainer-7] [uk.ac.ebi.interpro.scan.io.pirsf.hmmer3.PirsfHmmer3RawMatchParser:129] WARN - Couldn't parse the given raw match line, because it is of an unexpected format.
2023-06-24 20:15:01,211 [amqEmbeddedWorkerJmsContainer-7] [uk.ac.ebi.interpro.scan.io.pirsf.hmmer3.PirsfHmmer3RawMatchParser:130] WARN - Unexpected Raw match line: Query sequence: 319 matches PIRSF007663: Uncharacterised conserved protein, UCP007663 type
2023-06-24 20:15:01,211 [amqEmbeddedWorkerJmsContainer-7] [uk.ac.ebi.interpro.scan.io.pirsf.hmmer3.PirsfHmmer3RawMatchParser:129] WARN - Couldn't parse the given raw match line, because it is of an unexpected format.
2023-06-24 20:15:01,211 [amqEmbeddedWorkerJmsContainer-7] [uk.ac.ebi.interpro.scan.io.pirsf.hmmer3.PirsfHmmer3RawMatchParser:130] WARN - Unexpected Raw match line: #    score  bias  c-Evalue  i-Evalue hmmfrom  hmm to    alifrom  ali to    envfrom  env to     acc
2023-06-24 20:15:01,211 [amqEmbeddedWorkerJmsContainer-7] [uk.ac.ebi.interpro.scan.io.pirsf.hmmer3.PirsfHmmer3RawMatchParser:129] WARN - Couldn't parse the given raw match line, because it is of an unexpected format.
2023-06-24 20:15:01,211 [amqEmbeddedWorkerJmsContainer-7] [uk.ac.ebi.interpro.scan.io.pirsf.hmmer3.PirsfHmmer3RawMatchParser:130] WARN - Unexpected Raw match line: 1 !  838.8   0.0  7.3e-256    3e-253      22     759 ..      45     776 ..      29     795 .. 0.95
2023-06-24 20:15:01,211 [amqEmbeddedWorkerJmsContainer-7] [uk.ac.ebi.interpro.scan.io.pirsf.hmmer3.PirsfHmmer3RawMatchParser:129] WARN - Couldn't parse the given raw match line, because it is of an unexpected format.
2023-06-24 20:15:01,211 [amqEmbeddedWorkerJmsContainer-7] [uk.ac.ebi.interpro.scan.io.pirsf.hmmer3.PirsfHmmer3RawMatchParser:130] WARN - Unexpected Raw match line: Query sequence: 360 matches PIRSF002811: DNA primase
2023-06-24 20:15:01,211 [amqEmbeddedWorkerJmsContainer-7] [uk.ac.ebi.interpro.scan.io.pirsf.hmmer3.PirsfHmmer3RawMatchParser:129] WARN - Couldn't parse the given raw match line, because it is of an unexpected format.
2023-06-24 20:15:01,212 [amqEmbeddedWorkerJmsContainer-7] [uk.ac.ebi.interpro.scan.io.pirsf.hmmer3.PirsfHmmer3RawMatchParser:130] WARN - Unexpected Raw match line: #    score  bias  c-Evalue  i-Evalue hmmfrom  hmm to    alifrom  ali to    envfrom  env to     acc
2023-06-24 20:15:01,212 [amqEmbeddedWorkerJmsContainer-7] [uk.ac.ebi.interpro.scan.io.pirsf.hmmer3.PirsfHmmer3RawMatchParser:129] WARN - Couldn't parse the given raw match line, because it is of an unexpected format.
2023-06-24 20:15:01,212 [amqEmbeddedWorkerJmsContainer-7] [uk.ac.ebi.interpro.scan.io.pirsf.hmmer3.PirsfHmmer3RawMatchParser:130] WARN - Unexpected Raw match line: 1 !  462.7   0.0  3.9e-142  1.6e-139       6     572 ..       8     588 ..       4     603 .. 0.90
2023-06-24 20:15:01,212 [amqEmbeddedWorkerJmsContainer-7] [uk.ac.ebi.interpro.scan.io.pirsf.hmmer3.PirsfHmmer3RawMatchParser:129] WARN - Couldn't parse the given raw match line, because it is of an unexpected format.
2023-06-24 20:15:01,212 [amqEmbeddedWorkerJmsContainer-7] [uk.ac.ebi.interpro.scan.io.pirsf.hmmer3.PirsfHmmer3RawMatchParser:130] WARN - Unexpected Raw match line: Query sequence: 38 matches PIRSF001492: Cofactor-independent phosphoglycerate mutase
2023-06-24 20:15:01,212 [amqEmbeddedWorkerJmsContainer-7] [uk.ac.ebi.interpro.scan.io.pirsf.hmmer3.PirsfHmmer3RawMatchParser:129] WARN - Couldn't parse the given raw match line, because it is of an unexpected format.
2023-06-24 20:15:01,212 [amqEmbeddedWorkerJmsContainer-7] [uk.ac.ebi.interpro.scan.io.pirsf.hmmer3.PirsfHmmer3RawMatchParser:130] WARN - Unexpected Raw match line: #    score  bias  c-Evalue  i-Evalue hmmfrom  hmm to    alifrom  ali to    envfrom  env to     acc
2023-06-24 20:15:01,212 [amqEmbeddedWorkerJmsContainer-7] [uk.ac.ebi.interpro.scan.io.pirsf.hmmer3.PirsfHmmer3RawMatchParser:129] WARN - Couldn't parse the given raw match line, because it is of an unexpected format.
2023-06-24 20:15:01,212 [amqEmbeddedWorkerJmsContainer-7] [uk.ac.ebi.interpro.scan.io.pirsf.hmmer3.PirsfHmmer3RawMatchParser:130] WARN - Unexpected Raw match line: 1 !  650.8   0.0  2.9e-199  8.8e-197       5     515 ..      14     529 .]      10     529 .] 0.96
2023-06-24 20:15:01,212 [amqEmbeddedWorkerJmsContainer-7] [uk.ac.ebi.interpro.scan.io.pirsf.hmmer3.PirsfHmmer3RawMatchParser:129] WARN - Couldn't parse the given raw match line, because it is of an unexpected format.
2023-06-24 20:15:01,212 [amqEmbeddedWorkerJmsContainer-7] [uk.ac.ebi.interpro.scan.io.pirsf.hmmer3.PirsfHmmer3RawMatchParser:130] WARN - Unexpected Raw match line: Query sequence: 394 matches PIRSF005023: Predicted carbon-monoxide dehydrogenase, beta subunit
2023-06-24 20:15:01,214 [amqEmbeddedWorkerJmsContainer-7] [uk.ac.ebi.interpro.scan.io.pirsf.hmmer3.PirsfHmmer3RawMatchParser:129] WARN - Couldn't parse the given raw match line, because it is of an unexpected format.
2023-06-24 20:15:01,214 [amqEmbeddedWorkerJmsContainer-7] [uk.ac.ebi.interpro.scan.io.pirsf.hmmer3.PirsfHmmer3RawMatchParser:130] WARN - Unexpected Raw match line: #    score  bias  c-Evalue  i-Evalue hmmfrom  hmm to    alifrom  ali to    envfrom  env to     acc
2023-06-24 20:15:01,214 [amqEmbeddedWorkerJmsContainer-7] [uk.ac.ebi.interpro.scan.io.pirsf.hmmer3.PirsfHmmer3RawMatchParser:129] WARN - Couldn't parse the given raw match line, because it is of an unexpected format.
2023-06-24 20:15:01,214 [amqEmbeddedWorkerJmsContainer-7] [uk.ac.ebi.interpro.scan.io.pirsf.hmmer3.PirsfHmmer3RawMatchParser:130] WARN - Unexpected Raw match line: 1 !  709.8  12.5  1.3e-217  1.6e-214      11     635 ..      16     635 ..      10     636 .. 0.97
2023-06-24 20:15:01,214 [amqEmbeddedWorkerJmsContainer-7] [uk.ac.ebi.interpro.scan.io.pirsf.hmmer3.PirsfHmmer3RawMatchParser:129] WARN - Couldn't parse the given raw match line, because it is of an unexpected format.
2023-06-24 20:15:01,214 [amqEmbeddedWorkerJmsContainer-7] [uk.ac.ebi.interpro.scan.io.pirsf.hmmer3.PirsfHmmer3RawMatchParser:130] WARN - Unexpected Raw match line: Query sequence: 399 matches PIRSF000414: Bifunctional purine biosynthesis protein, PurH type
2023-06-24 20:15:01,214 [amqEmbeddedWorkerJmsContainer-7] [uk.ac.ebi.interpro.scan.io.pirsf.hmmer3.PirsfHmmer3RawMatchParser:129] WARN - Couldn't parse the given raw match line, because it is of an unexpected format.
2023-06-24 20:15:01,214 [amqEmbeddedWorkerJmsContainer-7] [uk.ac.ebi.interpro.scan.io.pirsf.hmmer3.PirsfHmmer3RawMatchParser:130] WARN - Unexpected Raw match line: #    score  bias  c-Evalue  i-Evalue hmmfrom  hmm to    alifrom  ali to    envfrom  env to     acc
2023-06-24 20:15:01,215 [amqEmbeddedWorkerJmsContainer-7] [uk.ac.ebi.interpro.scan.io.pirsf.hmmer3.PirsfHmmer3RawMatchParser:129] WARN - Couldn't parse the given raw match line, because it is of an unexpected format.
2023-06-24 20:15:01,215 [amqEmbeddedWorkerJmsContainer-7] [uk.ac.ebi.interpro.scan.io.pirsf.hmmer3.PirsfHmmer3RawMatchParser:130] WARN - Unexpected Raw match line: 1 !  628.0   0.3  1.2e-192  7.6e-190       3     526 .]      17     552 .]      15     552 .] 0.95
2023-06-24 20:15:01,215 [amqEmbeddedWorkerJmsContainer-7] [uk.ac.ebi.interpro.scan.io.pirsf.hmmer3.PirsfHmmer3RawMatchParser:129] WARN - Couldn't parse the given raw match line, because it is of an unexpected format.
2023-06-24 20:15:01,215 [amqEmbeddedWorkerJmsContainer-7] [uk.ac.ebi.interpro.scan.io.pirsf.hmmer3.PirsfHmmer3RawMatchParser:130] WARN - Unexpected Raw match line: Query sequence: 40 matches PIRSF001435: Endonuclease III
2023-06-24 20:15:01,215 [amqEmbeddedWorkerJmsContainer-7] [uk.ac.ebi.interpro.scan.io.pirsf.hmmer3.PirsfHmmer3RawMatchParser:129] WARN - Couldn't parse the given raw match line, because it is of an unexpected format.
2023-06-24 20:15:01,215 [amqEmbeddedWorkerJmsContainer-7] [uk.ac.ebi.interpro.scan.io.pirsf.hmmer3.PirsfHmmer3RawMatchParser:130] WARN - Unexpected Raw match line: #    score  bias  c-Evalue  i-Evalue hmmfrom  hmm to    alifrom  ali to    envfrom  env to     acc
2023-06-24 20:15:01,215 [amqEmbeddedWorkerJmsContainer-7] [uk.ac.ebi.interpro.scan.io.pirsf.hmmer3.PirsfHmmer3RawMatchParser:129] WARN - Couldn't parse the given raw match line, because it is of an unexpected format.
2023-06-24 20:15:01,216 [amqEmbeddedWorkerJmsContainer-7] [uk.ac.ebi.interpro.scan.io.pirsf.hmmer3.PirsfHmmer3RawMatchParser:130] WARN - Unexpected Raw match line: 1 !  234.8   0.0   7.7e-74   4.7e-71       3     214 ..      25     236 ..      23     244 .. 0.97
2023-06-24 20:15:01,216 [amqEmbeddedWorkerJmsContainer-7] [uk.ac.ebi.interpro.scan.io.pirsf.hmmer3.PirsfHmmer3RawMatchParser:129] WARN - Couldn't parse the given raw match line, because it is of an unexpected format.
2023-06-24 20:15:01,216 [amqEmbeddedWorkerJmsContainer-7] [uk.ac.ebi.interpro.scan.io.pirsf.hmmer3.PirsfHmmer3RawMatchParser:130] WARN - Unexpected Raw match line: Query sequence: 449 matches PIRSF006256: Carbamoyltransferase, HypF type
2023-06-24 20:15:01,216 [amqEmbeddedWorkerJmsContainer-7] [uk.ac.ebi.interpro.scan.io.pirsf.hmmer3.PirsfHmmer3RawMatchParser:129] WARN - Couldn't parse the given raw match line, because it is of an unexpected format.
2023-06-24 20:15:01,216 [amqEmbeddedWorkerJmsContainer-7] [uk.ac.ebi.interpro.scan.io.pirsf.hmmer3.PirsfHmmer3RawMatchParser:130] WARN - Unexpected Raw match line: #    score  bias  c-Evalue  i-Evalue hmmfrom  hmm to    alifrom  ali to    envfrom  env to     acc
2023-06-24 20:15:01,216 [amqEmbeddedWorkerJmsContainer-7] [uk.ac.ebi.interpro.scan.io.pirsf.hmmer3.PirsfHmmer3RawMatchParser:129] WARN - Couldn't parse the given raw match line, because it is of an unexpected format.
2023-06-24 20:15:01,216 [amqEmbeddedWorkerJmsContainer-7] [uk.ac.ebi.interpro.scan.io.pirsf.hmmer3.PirsfHmmer3RawMatchParser:130] WARN - Unexpected Raw match line: 1 !  252.0   2.2   6.2e-79   7.6e-76       4     197 ..      40     237 ..      37     253 .. 0.92
2023-06-24 20:15:01,216 [amqEmbeddedWorkerJmsContainer-7] [uk.ac.ebi.interpro.scan.io.pirsf.hmmer3.PirsfHmmer3RawMatchParser:129] WARN - Couldn't parse the given raw match line, because it is of an unexpected format.
2023-06-24 20:15:01,216 [amqEmbeddedWorkerJmsContainer-7] [uk.ac.ebi.interpro.scan.io.pirsf.hmmer3.PirsfHmmer3RawMatchParser:130] WARN - Unexpected Raw match line: 2 !  652.5   0.3  4.8e-200  5.9e-197     193     765 ..     277     841 ..     269     844 .] 0.95
2023-06-24 20:15:01,216 [amqEmbeddedWorkerJmsContainer-7] [uk.ac.ebi.interpro.scan.io.pirsf.hmmer3.PirsfHmmer3RawMatchParser:129] WARN - Couldn't parse the given raw match line, because it is of an unexpected format.
2023-06-24 20:15:01,216 [amqEmbeddedWorkerJmsContainer-7] [uk.ac.ebi.interpro.scan.io.pirsf.hmmer3.PirsfHmmer3RawMatchParser:130] WARN - Unexpected Raw match line: Query sequence: 451 matches PIRSF029347: Predicted RecF protein
2023-06-24 20:15:01,216 [amqEmbeddedWorkerJmsContainer-7] [uk.ac.ebi.interpro.scan.io.pirsf.hmmer3.PirsfHmmer3RawMatchParser:129] WARN - Couldn't parse the given raw match line, because it is of an unexpected format.
2023-06-24 20:15:01,216 [amqEmbeddedWorkerJmsContainer-7] [uk.ac.ebi.interpro.scan.io.pirsf.hmmer3.PirsfHmmer3RawMatchParser:130] WARN - Unexpected Raw match line: #    score  bias  c-Evalue  i-Evalue hmmfrom  hmm to    alifrom  ali to    envfrom  env to     acc
2023-06-24 20:15:01,216 [amqEmbeddedWorkerJmsContainer-7] [uk.ac.ebi.interpro.scan.io.pirsf.hmmer3.PirsfHmmer3RawMatchParser:129] WARN - Couldn't parse the given raw match line, because it is of an unexpected format.
2023-06-24 20:15:01,216 [amqEmbeddedWorkerJmsContainer-7] [uk.ac.ebi.interpro.scan.io.pirsf.hmmer3.PirsfHmmer3RawMatchParser:130] WARN - Unexpected Raw match line: 1 !   60.4   0.0   6.8e-20   9.2e-18       3      82 ..      28     103 ..      26     137 .. 0.85
2023-06-24 20:15:01,216 [amqEmbeddedWorkerJmsContainer-7] [uk.ac.ebi.interpro.scan.io.pirsf.hmmer3.PirsfHmmer3RawMatchParser:129] WARN - Couldn't parse the given raw match line, because it is of an unexpected format.
2023-06-24 20:15:01,216 [amqEmbeddedWorkerJmsContainer-7] [uk.ac.ebi.interpro.scan.io.pirsf.hmmer3.PirsfHmmer3RawMatchParser:130] WARN - Unexpected Raw match line: 2 !   13.2   0.0   1.6e-05    0.0021     182     234 ..     173     226 ..     161     234 .. 0.88
2023-06-24 20:15:01,217 [amqEmbeddedWorkerJmsContainer-7] [uk.ac.ebi.interpro.scan.io.pirsf.hmmer3.PirsfHmmer3RawMatchParser:129] WARN - Couldn't parse the given raw match line, because it is of an unexpected format.
2023-06-24 20:15:01,217 [amqEmbeddedWorkerJmsContainer-7] [uk.ac.ebi.interpro.scan.io.pirsf.hmmer3.PirsfHmmer3RawMatchParser:130] WARN - Unexpected Raw match line: 3 !   88.9   0.0   1.5e-28   2.1e-26     241     380 ..     255     392 ..     240     393 .. 0.93
2023-06-24 20:15:01,217 [amqEmbeddedWorkerJmsContainer-7] [uk.ac.ebi.interpro.scan.io.pirsf.hmmer3.PirsfHmmer3RawMatchParser:129] WARN - Couldn't parse the given raw match line, because it is of an unexpected format.
2023-06-24 20:15:01,217 [amqEmbeddedWorkerJmsContainer-7] [uk.ac.ebi.interpro.scan.io.pirsf.hmmer3.PirsfHmmer3RawMatchParser:130] WARN - Unexpected Raw match line: Query sequence: 458 matches PIRSF006470: C4-dicarboxylate binding protein, DctB type
2023-06-24 20:15:01,217 [amqEmbeddedWorkerJmsContainer-7] [uk.ac.ebi.interpro.scan.io.pirsf.hmmer3.PirsfHmmer3RawMatchParser:129] WARN - Couldn't parse the given raw match line, because it is of an unexpected format.
2023-06-24 20:15:01,217 [amqEmbeddedWorkerJmsContainer-7] [uk.ac.ebi.interpro.scan.io.pirsf.hmmer3.PirsfHmmer3RawMatchParser:130] WARN - Unexpected Raw match line: #    score  bias  c-Evalue  i-Evalue hmmfrom  hmm to    alifrom  ali to    envfrom  env to     acc
2023-06-24 20:15:01,217 [amqEmbeddedWorkerJmsContainer-7] [uk.ac.ebi.interpro.scan.io.pirsf.hmmer3.PirsfHmmer3RawMatchParser:129] WARN - Couldn't parse the given raw match line, because it is of an unexpected format.
2023-06-24 20:15:01,217 [amqEmbeddedWorkerJmsContainer-7] [uk.ac.ebi.interpro.scan.io.pirsf.hmmer3.PirsfHmmer3RawMatchParser:130] WARN - Unexpected Raw match line: 1 !  312.8   0.0   1.6e-97   1.9e-94       5     331 ..       6     332 ..       3     335 .] 0.94
2023-06-24 20:15:01,217 [amqEmbeddedWorkerJmsContainer-7] [uk.ac.ebi.interpro.scan.io.pirsf.hmmer3.PirsfHmmer3RawMatchParser:129] WARN - Couldn't parse the given raw match line, because it is of an unexpected format.
2023-06-24 20:15:01,217 [amqEmbeddedWorkerJmsContainer-7] [uk.ac.ebi.interpro.scan.io.pirsf.hmmer3.PirsfHmmer3RawMatchParser:130] WARN - Unexpected Raw match line: Query sequence: 486 matches PIRSF004681: Uncharacterised conserved protein, UCP004681 type
2023-06-24 20:15:01,217 [amqEmbeddedWorkerJmsContainer-7] [uk.ac.ebi.interpro.scan.io.pirsf.hmmer3.PirsfHmmer3RawMatchParser:129] WARN - Couldn't parse the given raw match line, because it is of an unexpected format.
2023-06-24 20:15:01,219 [amqEmbeddedWorkerJmsContainer-7] [uk.ac.ebi.interpro.scan.io.pirsf.hmmer3.PirsfHmmer3RawMatchParser:130] WARN - Unexpected Raw match line: #    score  bias  c-Evalue  i-Evalue hmmfrom  hmm to    alifrom  ali to    envfrom  env to     acc
2023-06-24 20:15:01,219 [amqEmbeddedWorkerJmsContainer-7] [uk.ac.ebi.interpro.scan.io.pirsf.hmmer3.PirsfHmmer3RawMatchParser:129] WARN - Couldn't parse the given raw match line, because it is of an unexpected format.
2023-06-24 20:15:01,219 [amqEmbeddedWorkerJmsContainer-7] [uk.ac.ebi.interpro.scan.io.pirsf.hmmer3.PirsfHmmer3RawMatchParser:130] WARN - Unexpected Raw match line: 1 !  135.9   0.2   3.9e-44   4.8e-41       2     140 .]      12     148 .]      11     148 .] 0.96
2023-06-24 20:15:01,219 [amqEmbeddedWorkerJmsContainer-7] [uk.ac.ebi.interpro.scan.io.pirsf.hmmer3.PirsfHmmer3RawMatchParser:129] WARN - Couldn't parse the given raw match line, because it is of an unexpected format.
2023-06-24 20:15:01,219 [amqEmbeddedWorkerJmsContainer-7] [uk.ac.ebi.interpro.scan.io.pirsf.hmmer3.PirsfHmmer3RawMatchParser:130] WARN - Unexpected Raw match line: Query sequence: 489 matches PIRSF000159: Pyruvate-flavodoxin oxidoreductase
2023-06-24 20:15:01,219 [amqEmbeddedWorkerJmsContainer-7] [uk.ac.ebi.interpro.scan.io.pirsf.hmmer3.PirsfHmmer3RawMatchParser:129] WARN - Couldn't parse the given raw match line, because it is of an unexpected format.
2023-06-24 20:15:01,219 [amqEmbeddedWorkerJmsContainer-7] [uk.ac.ebi.interpro.scan.io.pirsf.hmmer3.PirsfHmmer3RawMatchParser:130] WARN - Unexpected Raw match line: #    score  bias  c-Evalue  i-Evalue hmmfrom  hmm to    alifrom  ali to    envfrom  env to     acc
2023-06-24 20:15:01,219 [amqEmbeddedWorkerJmsContainer-7] [uk.ac.ebi.interpro.scan.io.pirsf.hmmer3.PirsfHmmer3RawMatchParser:129] WARN - Couldn't parse the given raw match line, because it is of an unexpected format.
2023-06-24 20:15:01,219 [amqEmbeddedWorkerJmsContainer-7] [uk.ac.ebi.interpro.scan.io.pirsf.hmmer3.PirsfHmmer3RawMatchParser:130] WARN - Unexpected Raw match line: 1 ! 1768.3   3.1         0         0       2    1174 ..       5    1189 ..       4    1190 .] 0.98
2023-06-24 20:15:01,220 [amqEmbeddedWorkerJmsContainer-7] [uk.ac.ebi.interpro.scan.io.pirsf.hmmer3.PirsfHmmer3RawMatchParser:129] WARN - Couldn't parse the given raw match line, because it is of an unexpected format.
2023-06-24 20:15:01,220 [amqEmbeddedWorkerJmsContainer-7] [uk.ac.ebi.interpro.scan.io.pirsf.hmmer3.PirsfHmmer3RawMatchParser:130] WARN - Unexpected Raw match line: Query sequence: 571 matches PIRSF000350: Mercury(II) reductase, MerA type
2023-06-24 20:15:01,220 [amqEmbeddedWorkerJmsContainer-7] [uk.ac.ebi.interpro.scan.io.pirsf.hmmer3.PirsfHmmer3RawMatchParser:129] WARN - Couldn't parse the given raw match line, because it is of an unexpected format.
2023-06-24 20:15:01,220 [amqEmbeddedWorkerJmsContainer-7] [uk.ac.ebi.interpro.scan.io.pirsf.hmmer3.PirsfHmmer3RawMatchParser:130] WARN - Unexpected Raw match line: #    score  bias  c-Evalue  i-Evalue hmmfrom  hmm to    alifrom  ali to    envfrom  env to     acc
2023-06-24 20:15:01,220 [amqEmbeddedWorkerJmsContainer-7] [uk.ac.ebi.interpro.scan.io.pirsf.hmmer3.PirsfHmmer3RawMatchParser:129] WARN - Couldn't parse the given raw match line, because it is of an unexpected format.
2023-06-24 20:15:01,220 [amqEmbeddedWorkerJmsContainer-7] [uk.ac.ebi.interpro.scan.io.pirsf.hmmer3.PirsfHmmer3RawMatchParser:130] WARN - Unexpected Raw match line: 1 !  342.9   1.8  9.1e-106  2.2e-103      81     540 ..      67     527 ..      35     530 .. 0.92
2023-06-24 20:15:01,220 [amqEmbeddedWorkerJmsContainer-7] [uk.ac.ebi.interpro.scan.io.pirsf.hmmer3.PirsfHmmer3RawMatchParser:129] WARN - Couldn't parse the given raw match line, because it is of an unexpected format.
2023-06-24 20:15:01,220 [amqEmbeddedWorkerJmsContainer-7] [uk.ac.ebi.interpro.scan.io.pirsf.hmmer3.PirsfHmmer3RawMatchParser:130] WARN - Unexpected Raw match line: Query sequence: 581 matches PIRSF036643: Predicted formate dehydrogenase, alpha subunit
2023-06-24 20:15:01,220 [amqEmbeddedWorkerJmsContainer-7] [uk.ac.ebi.interpro.scan.io.pirsf.hmmer3.PirsfHmmer3RawMatchParser:129] WARN - Couldn't parse the given raw match line, because it is of an unexpected format.
2023-06-24 20:15:01,220 [amqEmbeddedWorkerJmsContainer-7] [uk.ac.ebi.interpro.scan.io.pirsf.hmmer3.PirsfHmmer3RawMatchParser:130] WARN - Unexpected Raw match line: #    score  bias  c-Evalue  i-Evalue hmmfrom  hmm to    alifrom  ali to    envfrom  env to     acc
2023-06-24 20:15:01,220 [amqEmbeddedWorkerJmsContainer-7] [uk.ac.ebi.interpro.scan.io.pirsf.hmmer3.PirsfHmmer3RawMatchParser:129] WARN - Couldn't parse the given raw match line, because it is of an unexpected format.
2023-06-24 20:15:01,220 [amqEmbeddedWorkerJmsContainer-7] [uk.ac.ebi.interpro.scan.io.pirsf.hmmer3.PirsfHmmer3RawMatchParser:130] WARN - Unexpected Raw match line: 1 ! 1200.7   3.0         0         0       4     907 ..       5     903 .]       2     903 .] 0.97
2023-06-24 20:15:01,220 [amqEmbeddedWorkerJmsContainer-7] [uk.ac.ebi.interpro.scan.io.pirsf.hmmer3.PirsfHmmer3RawMatchParser:129] WARN - Couldn't parse the given raw match line, because it is of an unexpected format.
2023-06-24 20:15:01,220 [amqEmbeddedWorkerJmsContainer-7] [uk.ac.ebi.interpro.scan.io.pirsf.hmmer3.PirsfHmmer3RawMatchParser:130] WARN - Unexpected Raw match line: Query sequence: 585 matches PIRSF006402: Uncharacterised protein with thioredoxin domain
2023-06-24 20:15:01,220 [amqEmbeddedWorkerJmsContainer-7] [uk.ac.ebi.interpro.scan.io.pirsf.hmmer3.PirsfHmmer3RawMatchParser:129] WARN - Couldn't parse the given raw match line, because it is of an unexpected format.
2023-06-24 20:15:01,220 [amqEmbeddedWorkerJmsContainer-7] [uk.ac.ebi.interpro.scan.io.pirsf.hmmer3.PirsfHmmer3RawMatchParser:130] WARN - Unexpected Raw match line: #    score  bias  c-Evalue  i-Evalue hmmfrom  hmm to    alifrom  ali to    envfrom  env to     acc
2023-06-24 20:15:01,221 [amqEmbeddedWorkerJmsContainer-7] [uk.ac.ebi.interpro.scan.io.pirsf.hmmer3.PirsfHmmer3RawMatchParser:129] WARN - Couldn't parse the given raw match line, because it is of an unexpected format.
2023-06-24 20:15:01,221 [amqEmbeddedWorkerJmsContainer-7] [uk.ac.ebi.interpro.scan.io.pirsf.hmmer3.PirsfHmmer3RawMatchParser:130] WARN - Unexpected Raw match line: 1 !  820.3   0.0  2.8e-250  1.1e-247      14     711 ..      55     735 ..      49     739 .. 0.96
2023-06-24 20:15:01,221 [amqEmbeddedWorkerJmsContainer-7] [uk.ac.ebi.interpro.scan.io.pirsf.hmmer3.PirsfHmmer3RawMatchParser:129] WARN - Couldn't parse the given raw match line, because it is of an unexpected format.
2023-06-24 20:15:01,221 [amqEmbeddedWorkerJmsContainer-7] [uk.ac.ebi.interpro.scan.io.pirsf.hmmer3.PirsfHmmer3RawMatchParser:130] WARN - Unexpected Raw match line: Query sequence: 62 matches PIRSF005499: Polyribonucleotide nucleotidyltransferase
2023-06-24 20:15:01,221 [amqEmbeddedWorkerJmsContainer-7] [uk.ac.ebi.interpro.scan.io.pirsf.hmmer3.PirsfHmmer3RawMatchParser:129] WARN - Couldn't parse the given raw match line, because it is of an unexpected format.
2023-06-24 20:15:01,221 [amqEmbeddedWorkerJmsContainer-7] [uk.ac.ebi.interpro.scan.io.pirsf.hmmer3.PirsfHmmer3RawMatchParser:130] WARN - Unexpected Raw match line: #    score  bias  c-Evalue  i-Evalue hmmfrom  hmm to    alifrom  ali to    envfrom  env to     acc
2023-06-24 20:15:01,221 [amqEmbeddedWorkerJmsContainer-7] [uk.ac.ebi.interpro.scan.io.pirsf.hmmer3.PirsfHmmer3RawMatchParser:129] WARN - Couldn't parse the given raw match line, because it is of an unexpected format.
2023-06-24 20:15:01,221 [amqEmbeddedWorkerJmsContainer-7] [uk.ac.ebi.interpro.scan.io.pirsf.hmmer3.PirsfHmmer3RawMatchParser:130] WARN - Unexpected Raw match line: 1 !  924.9   0.2  3.5e-282  2.1e-279       2     709 ..      19     726 ..      18     728 .] 0.97
2023-06-24 20:15:01,221 [amqEmbeddedWorkerJmsContainer-7] [uk.ac.ebi.interpro.scan.io.pirsf.hmmer3.PirsfHmmer3RawMatchParser:129] WARN - Couldn't parse the given raw match line, because it is of an unexpected format.
2023-06-24 20:15:01,221 [amqEmbeddedWorkerJmsContainer-7] [uk.ac.ebi.interpro.scan.io.pirsf.hmmer3.PirsfHmmer3RawMatchParser:130] WARN - Unexpected Raw match line: Query sequence: 629 matches PIRSF010631: Alpha-L-rhamnosidase
2023-06-24 20:15:01,221 [amqEmbeddedWorkerJmsContainer-7] [uk.ac.ebi.interpro.scan.io.pirsf.hmmer3.PirsfHmmer3RawMatchParser:129] WARN - Couldn't parse the given raw match line, because it is of an unexpected format.
2023-06-24 20:15:01,221 [amqEmbeddedWorkerJmsContainer-7] [uk.ac.ebi.interpro.scan.io.pirsf.hmmer3.PirsfHmmer3RawMatchParser:130] WARN - Unexpected Raw match line: #    score  bias  c-Evalue  i-Evalue hmmfrom  hmm to    alifrom  ali to    envfrom  env to     acc
2023-06-24 20:15:01,221 [amqEmbeddedWorkerJmsContainer-7] [uk.ac.ebi.interpro.scan.io.pirsf.hmmer3.PirsfHmmer3RawMatchParser:129] WARN - Couldn't parse the given raw match line, because it is of an unexpected format.
2023-06-24 20:15:01,221 [amqEmbeddedWorkerJmsContainer-7] [uk.ac.ebi.interpro.scan.io.pirsf.hmmer3.PirsfHmmer3RawMatchParser:130] WARN - Unexpected Raw match line: 1 !  807.9   2.3  3.9e-246    8e-244      17     922 ..      25    1106 ..      11    1108 .] 0.95
2023-06-24 20:15:01,221 [amqEmbeddedWorkerJmsContainer-7] [uk.ac.ebi.interpro.scan.io.pirsf.hmmer3.PirsfHmmer3RawMatchParser:129] WARN - Couldn't parse the given raw match line, because it is of an unexpected format.
2023-06-24 20:15:01,221 [amqEmbeddedWorkerJmsContainer-7] [uk.ac.ebi.interpro.scan.io.pirsf.hmmer3.PirsfHmmer3RawMatchParser:130] WARN - Unexpected Raw match line: Query sequence: 636 matches PIRSF000485: Amidophosphoribosyltransferase
2023-06-24 20:15:01,222 [amqEmbeddedWorkerJmsContainer-7] [uk.ac.ebi.interpro.scan.io.pirsf.hmmer3.PirsfHmmer3RawMatchParser:129] WARN - Couldn't parse the given raw match line, because it is of an unexpected format.
2023-06-24 20:15:01,222 [amqEmbeddedWorkerJmsContainer-7] [uk.ac.ebi.interpro.scan.io.pirsf.hmmer3.PirsfHmmer3RawMatchParser:130] WARN - Unexpected Raw match line: #    score  bias  c-Evalue  i-Evalue hmmfrom  hmm to    alifrom  ali to    envfrom  env to     acc
2023-06-24 20:15:01,222 [amqEmbeddedWorkerJmsContainer-7] [uk.ac.ebi.interpro.scan.io.pirsf.hmmer3.PirsfHmmer3RawMatchParser:129] WARN - Couldn't parse the given raw match line, because it is of an unexpected format.
2023-06-24 20:15:01,222 [amqEmbeddedWorkerJmsContainer-7] [uk.ac.ebi.interpro.scan.io.pirsf.hmmer3.PirsfHmmer3RawMatchParser:130] WARN - Unexpected Raw match line: 1 !  546.2   0.0  1.4e-167  4.2e-165       2     463 ..      10     465 ..       9     473 .. 0.96
2023-06-24 20:15:01,222 [amqEmbeddedWorkerJmsContainer-7] [uk.ac.ebi.interpro.scan.io.pirsf.hmmer3.PirsfHmmer3RawMatchParser:129] WARN - Couldn't parse the given raw match line, because it is of an unexpected format.
2023-06-24 20:15:01,222 [amqEmbeddedWorkerJmsContainer-7] [uk.ac.ebi.interpro.scan.io.pirsf.hmmer3.PirsfHmmer3RawMatchParser:130] WARN - Unexpected Raw match line: Query sequence: 64 matches PIRSF006625: 5-keto-4-deoxyuronate isomerase
2023-06-24 20:15:01,222 [amqEmbeddedWorkerJmsContainer-7] [uk.ac.ebi.interpro.scan.io.pirsf.hmmer3.PirsfHmmer3RawMatchParser:129] WARN - Couldn't parse the given raw match line, because it is of an unexpected format.
2023-06-24 20:15:01,222 [amqEmbeddedWorkerJmsContainer-7] [uk.ac.ebi.interpro.scan.io.pirsf.hmmer3.PirsfHmmer3RawMatchParser:130] WARN - Unexpected Raw match line: #    score  bias  c-Evalue  i-Evalue hmmfrom  hmm to    alifrom  ali to    envfrom  env to     acc
2023-06-24 20:15:01,222 [amqEmbeddedWorkerJmsContainer-7] [uk.ac.ebi.interpro.scan.io.pirsf.hmmer3.PirsfHmmer3RawMatchParser:129] WARN - Couldn't parse the given raw match line, because it is of an unexpected format.
2023-06-24 20:15:01,222 [amqEmbeddedWorkerJmsContainer-7] [uk.ac.ebi.interpro.scan.io.pirsf.hmmer3.PirsfHmmer3RawMatchParser:130] WARN - Unexpected Raw match line: 1 !  399.7   0.0  3.5e-124  4.3e-121       1     275 [.       8     282 ..       8     283 .] 0.99
2023-06-24 20:15:01,222 [amqEmbeddedWorkerJmsContainer-7] [uk.ac.ebi.interpro.scan.io.pirsf.hmmer3.PirsfHmmer3RawMatchParser:129] WARN - Couldn't parse the given raw match line, because it is of an unexpected format.
2023-06-24 20:15:01,222 [amqEmbeddedWorkerJmsContainer-7] [uk.ac.ebi.interpro.scan.io.pirsf.hmmer3.PirsfHmmer3RawMatchParser:130] WARN - Unexpected Raw match line: Query sequence: 693 matches PIRSF010631: Alpha-L-rhamnosidase
2023-06-24 20:15:01,222 [amqEmbeddedWorkerJmsContainer-7] [uk.ac.ebi.interpro.scan.io.pirsf.hmmer3.PirsfHmmer3RawMatchParser:129] WARN - Couldn't parse the given raw match line, because it is of an unexpected format.
2023-06-24 20:15:01,222 [amqEmbeddedWorkerJmsContainer-7] [uk.ac.ebi.interpro.scan.io.pirsf.hmmer3.PirsfHmmer3RawMatchParser:130] WARN - Unexpected Raw match line: #    score  bias  c-Evalue  i-Evalue hmmfrom  hmm to    alifrom  ali to    envfrom  env to     acc
2023-06-24 20:15:01,222 [amqEmbeddedWorkerJmsContainer-7] [uk.ac.ebi.interpro.scan.io.pirsf.hmmer3.PirsfHmmer3RawMatchParser:129] WARN - Couldn't parse the given raw match line, because it is of an unexpected format.
2023-06-24 20:15:01,222 [amqEmbeddedWorkerJmsContainer-7] [uk.ac.ebi.interpro.scan.io.pirsf.hmmer3.PirsfHmmer3RawMatchParser:130] WARN - Unexpected Raw match line: 1 ! 1056.6   7.8         0         0       5     923 ..       6     906 ..       3     908 .] 0.97
2023-06-24 20:15:01,222 [amqEmbeddedWorkerJmsContainer-7] [uk.ac.ebi.interpro.scan.io.pirsf.hmmer3.PirsfHmmer3RawMatchParser:129] WARN - Couldn't parse the given raw match line, because it is of an unexpected format.
2023-06-24 20:15:01,222 [amqEmbeddedWorkerJmsContainer-7] [uk.ac.ebi.interpro.scan.io.pirsf.hmmer3.PirsfHmmer3RawMatchParser:130] WARN - Unexpected Raw match line: Query sequence: 705 matches PIRSF036758: Adenine methyltransferase with ParB-like nuclease domain
2023-06-24 20:15:01,223 [amqEmbeddedWorkerJmsContainer-7] [uk.ac.ebi.interpro.scan.io.pirsf.hmmer3.PirsfHmmer3RawMatchParser:129] WARN - Couldn't parse the given raw match line, because it is of an unexpected format.
2023-06-24 20:15:01,223 [amqEmbeddedWorkerJmsContainer-7] [uk.ac.ebi.interpro.scan.io.pirsf.hmmer3.PirsfHmmer3RawMatchParser:130] WARN - Unexpected Raw match line: #    score  bias  c-Evalue  i-Evalue hmmfrom  hmm to    alifrom  ali to    envfrom  env to     acc
2023-06-24 20:15:01,223 [amqEmbeddedWorkerJmsContainer-7] [uk.ac.ebi.interpro.scan.io.pirsf.hmmer3.PirsfHmmer3RawMatchParser:129] WARN - Couldn't parse the given raw match line, because it is of an unexpected format.
2023-06-24 20:15:01,223 [amqEmbeddedWorkerJmsContainer-7] [uk.ac.ebi.interpro.scan.io.pirsf.hmmer3.PirsfHmmer3RawMatchParser:130] WARN - Unexpected Raw match line: 1 !  377.7   0.0    1e-116  4.1e-114       1     396 [.       2     439 ..       2     443 .. 0.97
2023-06-24 20:15:01,223 [amqEmbeddedWorkerJmsContainer-7] [uk.ac.ebi.interpro.scan.io.pirsf.hmmer3.PirsfHmmer3RawMatchParser:129] WARN - Couldn't parse the given raw match line, because it is of an unexpected format.
2023-06-24 20:15:01,223 [amqEmbeddedWorkerJmsContainer-7] [uk.ac.ebi.interpro.scan.io.pirsf.hmmer3.PirsfHmmer3RawMatchParser:130] WARN - Unexpected Raw match line: Query sequence: 732 matches PIRSF000460: Glucan phosphorylase
2023-06-24 20:15:01,223 [amqEmbeddedWorkerJmsContainer-7] [uk.ac.ebi.interpro.scan.io.pirsf.hmmer3.PirsfHmmer3RawMatchParser:129] WARN - Couldn't parse the given raw match line, because it is of an unexpected format.
2023-06-24 20:15:01,223 [amqEmbeddedWorkerJmsContainer-7] [uk.ac.ebi.interpro.scan.io.pirsf.hmmer3.PirsfHmmer3RawMatchParser:130] WARN - Unexpected Raw match line: #    score  bias  c-Evalue  i-Evalue hmmfrom  hmm to    alifrom  ali to    envfrom  env to     acc
2023-06-24 20:15:01,223 [amqEmbeddedWorkerJmsContainer-7] [uk.ac.ebi.interpro.scan.io.pirsf.hmmer3.PirsfHmmer3RawMatchParser:129] WARN - Couldn't parse the given raw match line, because it is of an unexpected format.
2023-06-24 20:15:01,223 [amqEmbeddedWorkerJmsContainer-7] [uk.ac.ebi.interpro.scan.io.pirsf.hmmer3.PirsfHmmer3RawMatchParser:130] WARN - Unexpected Raw match line: 1 !  944.9   0.0  1.7e-288    2e-285       3     772 ..      10     815 ..       8     817 .. 0.98
2023-06-24 20:15:01,223 [amqEmbeddedWorkerJmsContainer-7] [uk.ac.ebi.interpro.scan.io.pirsf.hmmer3.PirsfHmmer3RawMatchParser:129] WARN - Couldn't parse the given raw match line, because it is of an unexpected format.
2023-06-24 20:15:01,223 [amqEmbeddedWorkerJmsContainer-7] [uk.ac.ebi.interpro.scan.io.pirsf.hmmer3.PirsfHmmer3RawMatchParser:130] WARN - Unexpected Raw match line: Query sequence: 740 matches PIRSF001092: Alpha-L-fucosidase
2023-06-24 20:15:01,223 [amqEmbeddedWorkerJmsContainer-7] [uk.ac.ebi.interpro.scan.io.pirsf.hmmer3.PirsfHmmer3RawMatchParser:129] WARN - Couldn't parse the given raw match line, because it is of an unexpected format.
2023-06-24 20:15:01,223 [amqEmbeddedWorkerJmsContainer-7] [uk.ac.ebi.interpro.scan.io.pirsf.hmmer3.PirsfHmmer3RawMatchParser:130] WARN - Unexpected Raw match line: #    score  bias  c-Evalue  i-Evalue hmmfrom  hmm to    alifrom  ali to    envfrom  env to     acc
2023-06-24 20:15:01,223 [amqEmbeddedWorkerJmsContainer-7] [uk.ac.ebi.interpro.scan.io.pirsf.hmmer3.PirsfHmmer3RawMatchParser:129] WARN - Couldn't parse the given raw match line, because it is of an unexpected format.
2023-06-24 20:15:01,223 [amqEmbeddedWorkerJmsContainer-7] [uk.ac.ebi.interpro.scan.io.pirsf.hmmer3.PirsfHmmer3RawMatchParser:130] WARN - Unexpected Raw match line: 1 !  345.8   7.5  2.2e-107  2.7e-104      15     462 ..      36     511 ..      25     521 .. 0.79
2023-06-24 20:15:01,223 [amqEmbeddedWorkerJmsContainer-7] [uk.ac.ebi.interpro.scan.io.pirsf.hmmer3.PirsfHmmer3RawMatchParser:129] WARN - Couldn't parse the given raw match line, because it is of an unexpected format.
2023-06-24 20:15:01,224 [amqEmbeddedWorkerJmsContainer-7] [uk.ac.ebi.interpro.scan.io.pirsf.hmmer3.PirsfHmmer3RawMatchParser:130] WARN - Unexpected Raw match line: Query sequence: 78 matches PIRSF000171: Succinate dehydrogenase, flavoprotein subunit (SDHA/APRA/LASPO)
2023-06-24 20:15:01,224 [amqEmbeddedWorkerJmsContainer-7] [uk.ac.ebi.interpro.scan.io.pirsf.hmmer3.PirsfHmmer3RawMatchParser:129] WARN - Couldn't parse the given raw match line, because it is of an unexpected format.
2023-06-24 20:15:01,224 [amqEmbeddedWorkerJmsContainer-7] [uk.ac.ebi.interpro.scan.io.pirsf.hmmer3.PirsfHmmer3RawMatchParser:130] WARN - Unexpected Raw match line: #    score  bias  c-Evalue  i-Evalue hmmfrom  hmm to    alifrom  ali to    envfrom  env to     acc
2023-06-24 20:15:01,224 [amqEmbeddedWorkerJmsContainer-7] [uk.ac.ebi.interpro.scan.io.pirsf.hmmer3.PirsfHmmer3RawMatchParser:129] WARN - Couldn't parse the given raw match line, because it is of an unexpected format.
2023-06-24 20:15:01,224 [amqEmbeddedWorkerJmsContainer-7] [uk.ac.ebi.interpro.scan.io.pirsf.hmmer3.PirsfHmmer3RawMatchParser:130] WARN - Unexpected Raw match line: 1 !  121.0   3.5   1.3e-38   3.1e-36       4     558 ..      19     531 ..      16     537 .] 0.80
2023-06-24 20:15:01,224 [amqEmbeddedWorkerJmsContainer-7] [uk.ac.ebi.interpro.scan.io.pirsf.hmmer3.PirsfHmmer3RawMatchParser:129] WARN - Couldn't parse the given raw match line, because it is of an unexpected format.
2023-06-24 20:15:01,224 [amqEmbeddedWorkerJmsContainer-7] [uk.ac.ebi.interpro.scan.io.pirsf.hmmer3.PirsfHmmer3RawMatchParser:130] WARN - Unexpected Raw match line: Query sequence: 806 matches PIRSF000183: Alanine dehydrogenase
2023-06-24 20:15:01,224 [amqEmbeddedWorkerJmsContainer-7] [uk.ac.ebi.interpro.scan.io.pirsf.hmmer3.PirsfHmmer3RawMatchParser:129] WARN - Couldn't parse the given raw match line, because it is of an unexpected format.
2023-06-24 20:15:01,224 [amqEmbeddedWorkerJmsContainer-7] [uk.ac.ebi.interpro.scan.io.pirsf.hmmer3.PirsfHmmer3RawMatchParser:130] WARN - Unexpected Raw match line: #    score  bias  c-Evalue  i-Evalue hmmfrom  hmm to    alifrom  ali to    envfrom  env to     acc
2023-06-24 20:15:01,224 [amqEmbeddedWorkerJmsContainer-7] [uk.ac.ebi.interpro.scan.io.pirsf.hmmer3.PirsfHmmer3RawMatchParser:129] WARN - Couldn't parse the given raw match line, because it is of an unexpected format.
2023-06-24 20:15:01,224 [amqEmbeddedWorkerJmsContainer-7] [uk.ac.ebi.interpro.scan.io.pirsf.hmmer3.PirsfHmmer3RawMatchParser:130] WARN - Unexpected Raw match line: 1 !  504.7   2.2  1.5e-155  8.8e-153       1     370 [.      13     382 ..      13     383 .] 0.99
2023-06-24 20:15:01,224 [amqEmbeddedWorkerJmsContainer-7] [uk.ac.ebi.interpro.scan.io.pirsf.hmmer3.PirsfHmmer3RawMatchParser:129] WARN - Couldn't parse the given raw match line, because it is of an unexpected format.
2023-06-24 20:15:01,224 [amqEmbeddedWorkerJmsContainer-7] [uk.ac.ebi.interpro.scan.io.pirsf.hmmer3.PirsfHmmer3RawMatchParser:130] WARN - Unexpected Raw match line: Query sequence: 814 matches PIRSF037420: Coenzyme PQQ biosynthesis protein E
2023-06-24 20:15:01,224 [amqEmbeddedWorkerJmsContainer-7] [uk.ac.ebi.interpro.scan.io.pirsf.hmmer3.PirsfHmmer3RawMatchParser:129] WARN - Couldn't parse the given raw match line, because it is of an unexpected format.
2023-06-24 20:15:01,224 [amqEmbeddedWorkerJmsContainer-7] [uk.ac.ebi.interpro.scan.io.pirsf.hmmer3.PirsfHmmer3RawMatchParser:130] WARN - Unexpected Raw match line: #    score  bias  c-Evalue  i-Evalue hmmfrom  hmm to    alifrom  ali to    envfrom  env to     acc
2023-06-24 20:15:01,225 [amqEmbeddedWorkerJmsContainer-7] [uk.ac.ebi.interpro.scan.io.pirsf.hmmer3.PirsfHmmer3RawMatchParser:129] WARN - Couldn't parse the given raw match line, because it is of an unexpected format.
2023-06-24 20:15:01,225 [amqEmbeddedWorkerJmsContainer-7] [uk.ac.ebi.interpro.scan.io.pirsf.hmmer3.PirsfHmmer3RawMatchParser:130] WARN - Unexpected Raw match line: 1 !  162.8   0.0   2.2e-51   6.8e-49      13     359 ..      57     382 ..      47     391 .. 0.87
2023-06-24 20:15:01,225 [amqEmbeddedWorkerJmsContainer-7] [uk.ac.ebi.interpro.scan.io.pirsf.hmmer3.PirsfHmmer3RawMatchParser:129] WARN - Couldn't parse the given raw match line, because it is of an unexpected format.
2023-06-24 20:15:01,225 [amqEmbeddedWorkerJmsContainer-7] [uk.ac.ebi.interpro.scan.io.pirsf.hmmer3.PirsfHmmer3RawMatchParser:130] WARN - Unexpected Raw match line: Query sequence: 824 matches PIRSF037677: DNA mismatch repair protein Msh6
2023-06-24 20:15:01,225 [amqEmbeddedWorkerJmsContainer-7] [uk.ac.ebi.interpro.scan.io.pirsf.hmmer3.PirsfHmmer3RawMatchParser:129] WARN - Couldn't parse the given raw match line, because it is of an unexpected format.
2023-06-24 20:15:01,225 [amqEmbeddedWorkerJmsContainer-7] [uk.ac.ebi.interpro.scan.io.pirsf.hmmer3.PirsfHmmer3RawMatchParser:130] WARN - Unexpected Raw match line: #    score  bias  c-Evalue  i-Evalue hmmfrom  hmm to    alifrom  ali to    envfrom  env to     acc
2023-06-24 20:15:01,225 [amqEmbeddedWorkerJmsContainer-7] [uk.ac.ebi.interpro.scan.io.pirsf.hmmer3.PirsfHmmer3RawMatchParser:129] WARN - Couldn't parse the given raw match line, because it is of an unexpected format.
2023-06-24 20:15:01,225 [amqEmbeddedWorkerJmsContainer-7] [uk.ac.ebi.interpro.scan.io.pirsf.hmmer3.PirsfHmmer3RawMatchParser:130] WARN - Unexpected Raw match line: 1 !  576.2   0.0  9.1e-177  1.1e-173     337    1209 ..      10     826 ..       7     873 .. 0.87
2023-06-24 20:15:01,225 [amqEmbeddedWorkerJmsContainer-7] [uk.ac.ebi.interpro.scan.io.pirsf.hmmer3.PirsfHmmer3RawMatchParser:129] WARN - Couldn't parse the given raw match line, because it is of an unexpected format.
2023-06-24 20:15:01,225 [amqEmbeddedWorkerJmsContainer-7] [uk.ac.ebi.interpro.scan.io.pirsf.hmmer3.PirsfHmmer3RawMatchParser:130] WARN - Unexpected Raw match line: Query sequence: 839 matches PIRSF001604: DNA ligase (NAD), LigA type
2023-06-24 20:15:01,225 [amqEmbeddedWorkerJmsContainer-7] [uk.ac.ebi.interpro.scan.io.pirsf.hmmer3.PirsfHmmer3RawMatchParser:129] WARN - Couldn't parse the given raw match line, because it is of an unexpected format.
2023-06-24 20:15:01,225 [amqEmbeddedWorkerJmsContainer-7] [uk.ac.ebi.interpro.scan.io.pirsf.hmmer3.PirsfHmmer3RawMatchParser:130] WARN - Unexpected Raw match line: #    score  bias  c-Evalue  i-Evalue hmmfrom  hmm to    alifrom  ali to    envfrom  env to     acc
2023-06-24 20:15:01,225 [amqEmbeddedWorkerJmsContainer-7] [uk.ac.ebi.interpro.scan.io.pirsf.hmmer3.PirsfHmmer3RawMatchParser:129] WARN - Couldn't parse the given raw match line, because it is of an unexpected format.
2023-06-24 20:15:01,225 [amqEmbeddedWorkerJmsContainer-7] [uk.ac.ebi.interpro.scan.io.pirsf.hmmer3.PirsfHmmer3RawMatchParser:130] WARN - Unexpected Raw match line: 1 !  789.2   0.1  3.2e-241  1.9e-238       8     678 ..      25     701 ..      20     702 .] 0.96
2023-06-24 20:15:01,225 [amqEmbeddedWorkerJmsContainer-7] [uk.ac.ebi.interpro.scan.io.pirsf.hmmer3.PirsfHmmer3RawMatchParser:129] WARN - Couldn't parse the given raw match line, because it is of an unexpected format.
2023-06-24 20:15:01,226 [amqEmbeddedWorkerJmsContainer-7] [uk.ac.ebi.interpro.scan.io.pirsf.hmmer3.PirsfHmmer3RawMatchParser:130] WARN - Unexpected Raw match line: Query sequence: 846 matches PIRSF000161: Dihydrodipicolinate reductase
2023-06-24 20:15:01,226 [amqEmbeddedWorkerJmsContainer-7] [uk.ac.ebi.interpro.scan.io.pirsf.hmmer3.PirsfHmmer3RawMatchParser:129] WARN - Couldn't parse the given raw match line, because it is of an unexpected format.
2023-06-24 20:15:01,226 [amqEmbeddedWorkerJmsContainer-7] [uk.ac.ebi.interpro.scan.io.pirsf.hmmer3.PirsfHmmer3RawMatchParser:130] WARN - Unexpected Raw match line: #    score  bias  c-Evalue  i-Evalue hmmfrom  hmm to    alifrom  ali to    envfrom  env to     acc
2023-06-24 20:15:01,226 [amqEmbeddedWorkerJmsContainer-7] [uk.ac.ebi.interpro.scan.io.pirsf.hmmer3.PirsfHmmer3RawMatchParser:129] WARN - Couldn't parse the given raw match line, because it is of an unexpected format.
2023-06-24 20:15:01,226 [amqEmbeddedWorkerJmsContainer-7] [uk.ac.ebi.interpro.scan.io.pirsf.hmmer3.PirsfHmmer3RawMatchParser:130] WARN - Unexpected Raw match line: 1 !  271.2   0.7   4.4e-85   5.3e-82       3     258 ..       7     267 ..       5     269 .] 0.97
2023-06-24 20:15:01,226 [amqEmbeddedWorkerJmsContainer-7] [uk.ac.ebi.interpro.scan.io.pirsf.hmmer3.PirsfHmmer3RawMatchParser:129] WARN - Couldn't parse the given raw match line, because it is of an unexpected format.
2023-06-24 20:15:01,226 [amqEmbeddedWorkerJmsContainer-7] [uk.ac.ebi.interpro.scan.io.pirsf.hmmer3.PirsfHmmer3RawMatchParser:130] WARN - Unexpected Raw match line: Query sequence: 865 matches PIRSF001589: Asparagine synthetase [glutamine-hydrolysing]
2023-06-24 20:15:01,226 [amqEmbeddedWorkerJmsContainer-7] [uk.ac.ebi.interpro.scan.io.pirsf.hmmer3.PirsfHmmer3RawMatchParser:129] WARN - Couldn't parse the given raw match line, because it is of an unexpected format.
2023-06-24 20:15:01,226 [amqEmbeddedWorkerJmsContainer-7] [uk.ac.ebi.interpro.scan.io.pirsf.hmmer3.PirsfHmmer3RawMatchParser:130] WARN - Unexpected Raw match line: #    score  bias  c-Evalue  i-Evalue hmmfrom  hmm to    alifrom  ali to    envfrom  env to     acc
2023-06-24 20:15:01,226 [amqEmbeddedWorkerJmsContainer-7] [uk.ac.ebi.interpro.scan.io.pirsf.hmmer3.PirsfHmmer3RawMatchParser:129] WARN - Couldn't parse the given raw match line, because it is of an unexpected format.
2023-06-24 20:15:01,226 [amqEmbeddedWorkerJmsContainer-7] [uk.ac.ebi.interpro.scan.io.pirsf.hmmer3.PirsfHmmer3RawMatchParser:130] WARN - Unexpected Raw match line: 1 !  552.3   0.0  1.5e-169  9.2e-167       1     588 [.      11     644 ..      11     652 .. 0.91
2023-06-24 20:15:01,226 [amqEmbeddedWorkerJmsContainer-7] [uk.ac.ebi.interpro.scan.io.pirsf.hmmer3.PirsfHmmer3RawMatchParser:129] WARN - Couldn't parse the given raw match line, because it is of an unexpected format.
2023-06-24 20:15:01,226 [amqEmbeddedWorkerJmsContainer-7] [uk.ac.ebi.interpro.scan.io.pirsf.hmmer3.PirsfHmmer3RawMatchParser:130] WARN - Unexpected Raw match line: Query sequence: 871 matches PIRSF001549: Histidyl-tRNA synthetase
2023-06-24 20:15:01,226 [amqEmbeddedWorkerJmsContainer-7] [uk.ac.ebi.interpro.scan.io.pirsf.hmmer3.PirsfHmmer3RawMatchParser:129] WARN - Couldn't parse the given raw match line, because it is of an unexpected format.
2023-06-24 20:15:01,226 [amqEmbeddedWorkerJmsContainer-7] [uk.ac.ebi.interpro.scan.io.pirsf.hmmer3.PirsfHmmer3RawMatchParser:130] WARN - Unexpected Raw match line: #    score  bias  c-Evalue  i-Evalue hmmfrom  hmm to    alifrom  ali to    envfrom  env to     acc
2023-06-24 20:15:01,226 [amqEmbeddedWorkerJmsContainer-7] [uk.ac.ebi.interpro.scan.io.pirsf.hmmer3.PirsfHmmer3RawMatchParser:129] WARN - Couldn't parse the given raw match line, because it is of an unexpected format.
2023-06-24 20:15:01,226 [amqEmbeddedWorkerJmsContainer-7] [uk.ac.ebi.interpro.scan.io.pirsf.hmmer3.PirsfHmmer3RawMatchParser:130] WARN - Unexpected Raw match line: 1 !  360.5   0.0  2.5e-111  7.6e-109       2     434 ..       3     430 ..       2     432 .] 0.92
2023-06-24 20:15:01,227 [amqEmbeddedWorkerJmsContainer-7] [uk.ac.ebi.interpro.scan.io.pirsf.hmmer3.PirsfHmmer3RawMatchParser:129] WARN - Couldn't parse the given raw match line, because it is of an unexpected format.
2023-06-24 20:15:01,227 [amqEmbeddedWorkerJmsContainer-7] [uk.ac.ebi.interpro.scan.io.pirsf.hmmer3.PirsfHmmer3RawMatchParser:130] WARN - Unexpected Raw match line: Query sequence: 885 matches PIRSF000732: Phosphoenolpyruvate-protein phosphotransferase
2023-06-24 20:15:01,227 [amqEmbeddedWorkerJmsContainer-7] [uk.ac.ebi.interpro.scan.io.pirsf.hmmer3.PirsfHmmer3RawMatchParser:129] WARN - Couldn't parse the given raw match line, because it is of an unexpected format.
2023-06-24 20:15:01,227 [amqEmbeddedWorkerJmsContainer-7] [uk.ac.ebi.interpro.scan.io.pirsf.hmmer3.PirsfHmmer3RawMatchParser:130] WARN - Unexpected Raw match line: #    score  bias  c-Evalue  i-Evalue hmmfrom  hmm to    alifrom  ali to    envfrom  env to     acc
2023-06-24 20:15:01,227 [amqEmbeddedWorkerJmsContainer-7] [uk.ac.ebi.interpro.scan.io.pirsf.hmmer3.PirsfHmmer3RawMatchParser:129] WARN - Couldn't parse the given raw match line, because it is of an unexpected format.
2023-06-24 20:15:01,227 [amqEmbeddedWorkerJmsContainer-7] [uk.ac.ebi.interpro.scan.io.pirsf.hmmer3.PirsfHmmer3RawMatchParser:130] WARN - Unexpected Raw match line: 1 !  658.3   0.5  2.2e-201  6.8e-199       5     575 ..       7     572 ..       4     578 .. 0.98
2023-06-24 20:15:01,227 [amqEmbeddedWorkerJmsContainer-7] [uk.ac.ebi.interpro.scan.io.pirsf.hmmer3.PirsfHmmer3RawMatchParser:129] WARN - Couldn't parse the given raw match line, because it is of an unexpected format.
2023-06-24 20:15:01,227 [amqEmbeddedWorkerJmsContainer-7] [uk.ac.ebi.interpro.scan.io.pirsf.hmmer3.PirsfHmmer3RawMatchParser:130] WARN - Unexpected Raw match line: Query sequence: 890 matches PIRSF001265: H(+)-translocating inorganic pyrophosphatase
2023-06-24 20:15:01,227 [amqEmbeddedWorkerJmsContainer-7] [uk.ac.ebi.interpro.scan.io.pirsf.hmmer3.PirsfHmmer3RawMatchParser:129] WARN - Couldn't parse the given raw match line, because it is of an unexpected format.
2023-06-24 20:15:01,227 [amqEmbeddedWorkerJmsContainer-7] [uk.ac.ebi.interpro.scan.io.pirsf.hmmer3.PirsfHmmer3RawMatchParser:130] WARN - Unexpected Raw match line: #    score  bias  c-Evalue  i-Evalue hmmfrom  hmm to    alifrom  ali to    envfrom  env to     acc
2023-06-24 20:15:01,227 [amqEmbeddedWorkerJmsContainer-7] [uk.ac.ebi.interpro.scan.io.pirsf.hmmer3.PirsfHmmer3RawMatchParser:129] WARN - Couldn't parse the given raw match line, because it is of an unexpected format.
2023-06-24 20:15:01,227 [amqEmbeddedWorkerJmsContainer-7] [uk.ac.ebi.interpro.scan.io.pirsf.hmmer3.PirsfHmmer3RawMatchParser:130] WARN - Unexpected Raw match line: 1 !  830.9  53.9  5.8e-254  7.1e-251       8     709 ..      61     836 ..      56     843 .. 0.94
2023-06-24 20:15:01,227 [amqEmbeddedWorkerJmsContainer-7] [uk.ac.ebi.interpro.scan.io.pirsf.hmmer3.PirsfHmmer3RawMatchParser:129] WARN - Couldn't parse the given raw match line, because it is of an unexpected format.
2023-06-24 20:15:01,227 [amqEmbeddedWorkerJmsContainer-7] [uk.ac.ebi.interpro.scan.io.pirsf.hmmer3.PirsfHmmer3RawMatchParser:130] WARN - Unexpected Raw match line: Query sequence: 911 matches PIRSF000770: RNA polymerase sporulation-specific sigma factor, SigK/SigE types
2023-06-24 20:15:01,227 [amqEmbeddedWorkerJmsContainer-7] [uk.ac.ebi.interpro.scan.io.pirsf.hmmer3.PirsfHmmer3RawMatchParser:129] WARN - Couldn't parse the given raw match line, because it is of an unexpected format.
2023-06-24 20:15:01,227 [amqEmbeddedWorkerJmsContainer-7] [uk.ac.ebi.interpro.scan.io.pirsf.hmmer3.PirsfHmmer3RawMatchParser:130] WARN - Unexpected Raw match line: #    score  bias  c-Evalue  i-Evalue hmmfrom  hmm to    alifrom  ali to    envfrom  env to     acc
2023-06-24 20:15:01,227 [amqEmbeddedWorkerJmsContainer-7] [uk.ac.ebi.interpro.scan.io.pirsf.hmmer3.PirsfHmmer3RawMatchParser:129] WARN - Couldn't parse the given raw match line, because it is of an unexpected format.
2023-06-24 20:15:01,227 [amqEmbeddedWorkerJmsContainer-7] [uk.ac.ebi.interpro.scan.io.pirsf.hmmer3.PirsfHmmer3RawMatchParser:130] WARN - Unexpected Raw match line: 1 !  129.8   0.1   1.7e-41     7e-39      34     246 ..      22     280 ..      10     283 .. 0.91
2023-06-24 20:15:01,228 [amqEmbeddedWorkerJmsContainer-7] [uk.ac.ebi.interpro.scan.io.pirsf.hmmer3.PirsfHmmer3RawMatchParser:129] WARN - Couldn't parse the given raw match line, because it is of an unexpected format.
2023-06-24 20:15:01,228 [amqEmbeddedWorkerJmsContainer-7] [uk.ac.ebi.interpro.scan.io.pirsf.hmmer3.PirsfHmmer3RawMatchParser:130] WARN - Unexpected Raw match line: Query sequence: 989 matches PIRSF001619: Biotin synthetase
2023-06-24 20:15:01,228 [amqEmbeddedWorkerJmsContainer-7] [uk.ac.ebi.interpro.scan.io.pirsf.hmmer3.PirsfHmmer3RawMatchParser:129] WARN - Couldn't parse the given raw match line, because it is of an unexpected format.
2023-06-24 20:15:01,228 [amqEmbeddedWorkerJmsContainer-7] [uk.ac.ebi.interpro.scan.io.pirsf.hmmer3.PirsfHmmer3RawMatchParser:130] WARN - Unexpected Raw match line: #    score  bias  c-Evalue  i-Evalue hmmfrom  hmm to    alifrom  ali to    envfrom  env to     acc
2023-06-24 20:15:01,228 [amqEmbeddedWorkerJmsContainer-7] [uk.ac.ebi.interpro.scan.io.pirsf.hmmer3.PirsfHmmer3RawMatchParser:129] WARN - Couldn't parse the given raw match line, because it is of an unexpected format.
2023-06-24 20:15:01,228 [amqEmbeddedWorkerJmsContainer-7] [uk.ac.ebi.interpro.scan.io.pirsf.hmmer3.PirsfHmmer3RawMatchParser:130] WARN - Unexpected Raw match line: 1 !  352.1   0.0  1.7e-109    2e-106      18     332 ..      22     331 ..       5     334 .] 0.94
2023-06-24 20:15:01,228 [amqEmbeddedWorkerJmsContainer-7] [uk.ac.ebi.interpro.scan.io.pirsf.hmmer3.PirsfHmmer3RawMatchParser:129] WARN - Couldn't parse the given raw match line, because it is of an unexpected format.
2023-06-24 20:15:01,228 [amqEmbeddedWorkerJmsContainer-7] [uk.ac.ebi.interpro.scan.io.pirsf.hmmer3.PirsfHmmer3RawMatchParser:130] WARN - Unexpected Raw match line: Query sequence: 991 matches PIRSF016202: Predicted glycosidase, PH1107 type
2023-06-24 20:15:01,228 [amqEmbeddedWorkerJmsContainer-7] [uk.ac.ebi.interpro.scan.io.pirsf.hmmer3.PirsfHmmer3RawMatchParser:129] WARN - Couldn't parse the given raw match line, because it is of an unexpected format.
2023-06-24 20:15:01,228 [amqEmbeddedWorkerJmsContainer-7] [uk.ac.ebi.interpro.scan.io.pirsf.hmmer3.PirsfHmmer3RawMatchParser:130] WARN - Unexpected Raw match line: #    score  bias  c-Evalue  i-Evalue hmmfrom  hmm to    alifrom  ali to    envfrom  env to     acc
2023-06-24 20:15:01,229 [amqEmbeddedWorkerJmsContainer-7] [uk.ac.ebi.interpro.scan.io.pirsf.hmmer3.PirsfHmmer3RawMatchParser:129] WARN - Couldn't parse the given raw match line, because it is of an unexpected format.
2023-06-24 20:15:01,229 [amqEmbeddedWorkerJmsContainer-7] [uk.ac.ebi.interpro.scan.io.pirsf.hmmer3.PirsfHmmer3RawMatchParser:130] WARN - Unexpected Raw match line: 1 !  349.0   0.0  4.5e-108  1.4e-105      28     332 ..      11     315 ..       5     316 .. 0.97
2023-06-24 20:15:01,229 [amqEmbeddedWorkerJmsContainer-7] [uk.ac.ebi.interpro.scan.io.pirsf.hmmer3.PirsfHmmer3RawMatchParser:129] WARN - Couldn't parse the given raw match line, because it is of an unexpected format.
2023-06-24 20:15:01,229 [amqEmbeddedWorkerJmsContainer-7] [uk.ac.ebi.interpro.scan.io.pirsf.hmmer3.PirsfHmmer3RawMatchParser:130] WARN - Unexpected Raw match line: Query sequence: 994 matches PIRSF006078: Glycerate kinase
2023-06-24 20:15:01,229 [amqEmbeddedWorkerJmsContainer-7] [uk.ac.ebi.interpro.scan.io.pirsf.hmmer3.PirsfHmmer3RawMatchParser:129] WARN - Couldn't parse the given raw match line, because it is of an unexpected format.
2023-06-24 20:15:01,229 [amqEmbeddedWorkerJmsContainer-7] [uk.ac.ebi.interpro.scan.io.pirsf.hmmer3.PirsfHmmer3RawMatchParser:130] WARN - Unexpected Raw match line: #    score  bias  c-Evalue  i-Evalue hmmfrom  hmm to    alifrom  ali to    envfrom  env to     acc
2023-06-24 20:15:01,229 [amqEmbeddedWorkerJmsContainer-7] [uk.ac.ebi.interpro.scan.io.pirsf.hmmer3.PirsfHmmer3RawMatchParser:129] WARN - Couldn't parse the given raw match line, because it is of an unexpected format.
2023-06-24 20:15:01,229 [amqEmbeddedWorkerJmsContainer-7] [uk.ac.ebi.interpro.scan.io.pirsf.hmmer3.PirsfHmmer3RawMatchParser:130] WARN - Unexpected Raw match line: 1 !  421.5  10.8  1.6e-130  1.9e-127       1     373 [.       3     371 ..       3     375 .] 0.94
24/06/2023 20:45:13:368 100% done:  InterProScan analyses completed 

2023-06-24 20:45:13,870 [main] [uk.ac.ebi.interpro.scan.jms.master.AbstractMaster:259] WARN - Master process unable to delete temporary directory /projects/raw_lab/jobs/metacerberus/temp/str-c103.uncc.edu_20230624_201024491_4gd6
9571.86user 740.20system 34:53.93elapsed 492%CPU (0avgtext+0avgdata 3765412maxresident)k
3331376inputs+2805440outputs (1057major+47403772minor)pagefaults 0swaps

======================================================
End Time   : Sat Jun 24 20:45:13 EDT 2023
Run Time   : 2094 seconds
======================================================

