=====================================================
Start Time  : Wed Jun 28 12:02:14 EDT 2023
Submit Dir  : /projects/raw_lab/jobs/metacerberus
Job ID/Name : 4041441 / PROKKA
Node List   : str-c99
Num Tasks   : 1 total [1 nodes @ 16 CPUs/node]
======================================================

Loading prokka/1.14.6
  Loading requirement: anaconda3/2022.10
======================================================
Running PROKKA On GTDB-100/genomes/archaea/GCA_016783545.1.fna
======================================================
Archaea
[12:02:17] This is prokka 1.14.6
[12:02:17] Written by Torsten Seemann <torsten.seemann@gmail.com>
[12:02:17] Homepage is https://github.com/tseemann/prokka
[12:02:17] Local time is Wed Jun 28 12:02:17 2023
[12:02:17] You are jlfiguer
[12:02:17] Operating system is linux
[12:02:17] You have BioPerl 1.7.8
Argument "1.7.8" isn't numeric in numeric lt (<) at /apps/pkg/anaconda3/2022.10/envs/prokka-1.14.6/bin/prokka line 259.
[12:02:17] System has 16 cores.
[12:02:17] Will use maximum of 16 cores.
[12:02:17] Annotating as >>> Archaea <<<
[12:02:17] Generating locus_tag from 'GTDB-100/genomes/archaea/GCA_016783545.1.fna' contents.
[12:02:17] Setting --locustag CPFPDGGE from MD5 c9f9d00eeead44afb7c8fda0aa5a8859
[12:02:17] Creating new output folder: results/PROKKA/GTDB-100/genomes/archaea/GCA_016783545.1
[12:02:17] Running: mkdir -p results\/PROKKA\/GTDB\-100\/genomes\/archaea\/GCA_016783545\.1
[12:02:17] Using filename prefix: GCA_016783545.1.XXX
[12:02:17] Setting HMMER_NCPU=1
[12:02:17] Writing log to: results/PROKKA/GTDB-100/genomes/archaea/GCA_016783545.1/GCA_016783545.1.log
[12:02:17] Command: /apps/pkg/anaconda3/2022.10/envs/prokka-1.14.6/bin/prokka --prefix GCA_016783545.1 --outdir results/PROKKA/GTDB-100/genomes/archaea/GCA_016783545.1 --kingdom Archaea --cpus 16 GTDB-100/genomes/archaea/GCA_016783545.1.fna
[12:02:17] Appending to PATH: /apps/pkg/anaconda3/2022.10/envs/prokka-1.14.6/bin
[12:02:17] Looking for 'aragorn' - found /apps/pkg/anaconda3/2022.10/envs/prokka-1.14.6/bin/aragorn
[12:02:17] Determined aragorn version is 001002 from 'ARAGORN v1.2.41 Dean Laslett'
[12:02:17] Looking for 'barrnap' - found /apps/pkg/anaconda3/2022.10/envs/prokka-1.14.6/bin/barrnap
[12:02:17] Determined barrnap version is 000009 from 'barrnap 0.9'
[12:02:17] Looking for 'blastp' - found /apps/pkg/anaconda3/2022.10/envs/prokka-1.14.6/bin/blastp
[12:02:18] Determined blastp version is 002013 from 'blastp: 2.13.0+'
[12:02:18] Looking for 'cmpress' - found /apps/pkg/anaconda3/2022.10/envs/prokka-1.14.6/bin/cmpress
[12:02:18] Determined cmpress version is 001001 from '# INFERNAL 1.1.4 (Dec 2020)'
[12:02:18] Looking for 'cmscan' - found /apps/pkg/anaconda3/2022.10/envs/prokka-1.14.6/bin/cmscan
[12:02:18] Determined cmscan version is 001001 from '# INFERNAL 1.1.4 (Dec 2020)'
[12:02:18] Looking for 'egrep' - found /usr/bin/egrep
[12:02:18] Looking for 'find' - found /usr/bin/find
[12:02:18] Looking for 'grep' - found /usr/bin/grep
[12:02:18] Looking for 'hmmpress' - found /apps/pkg/anaconda3/2022.10/envs/prokka-1.14.6/bin/hmmpress
[12:02:18] Determined hmmpress version is 003003 from '# HMMER 3.3.2 (Nov 2020); http://hmmer.org/'
[12:02:18] Looking for 'hmmscan' - found /apps/pkg/anaconda3/2022.10/envs/prokka-1.14.6/bin/hmmscan
[12:02:18] Determined hmmscan version is 003003 from '# HMMER 3.3.2 (Nov 2020); http://hmmer.org/'
[12:02:18] Looking for 'java' - found /apps/pkg/anaconda3/2022.10/envs/prokka-1.14.6/bin/java
[12:02:18] Looking for 'makeblastdb' - found /apps/pkg/anaconda3/2022.10/envs/prokka-1.14.6/bin/makeblastdb
[12:02:18] Determined makeblastdb version is 002013 from 'makeblastdb: 2.13.0+'
[12:02:18] Looking for 'minced' - found /apps/pkg/anaconda3/2022.10/envs/prokka-1.14.6/bin/minced
[12:02:18] Determined minced version is 004002 from 'minced 0.4.2'
[12:02:18] Looking for 'parallel' - found /apps/pkg/anaconda3/2022.10/envs/prokka-1.14.6/bin/parallel
[12:02:18] Determined parallel version is 20230122 from 'GNU parallel 20230122'
[12:02:18] Looking for 'prodigal' - found /apps/pkg/anaconda3/2022.10/envs/prokka-1.14.6/bin/prodigal
[12:02:18] Determined prodigal version is 002006 from 'Prodigal V2.6.3: February, 2016'
[12:02:18] Looking for 'prokka-genbank_to_fasta_db' - found /apps/pkg/anaconda3/2022.10/envs/prokka-1.14.6/bin/prokka-genbank_to_fasta_db
[12:02:18] Looking for 'sed' - found /usr/bin/sed
[12:02:18] Looking for 'tbl2asn' - found /apps/pkg/anaconda3/2022.10/envs/prokka-1.14.6/bin/tbl2asn
[12:02:18] Determined tbl2asn version is 025007 from 'tbl2asn 25.7   arguments:'
[12:02:18] Using genetic code table 11.
[12:02:18] Loading and checking input file: GTDB-100/genomes/archaea/GCA_016783545.1.fna
[12:02:19] Wrote 18 contigs totalling 885693 bp.
[12:02:19] Predicting tRNAs and tmRNAs
[12:02:19] Running: aragorn -l -gc11  -w results\/PROKKA\/GTDB\-100\/genomes\/archaea\/GCA_016783545\.1\/GCA_016783545\.1\.fna
[12:02:19] 1 tRNA-Asn [28959,29033] 36 (gtt)
[12:02:19] 2 tRNA-Thr [29462,29536] 33 (ggt)
[12:02:19] 3 tRNA-Thr [29541,29616] 35 (cgt)
[12:02:19] 4 tRNA-Glu [29850,29927] 37 (ctc)
[12:02:19] 1 tRNA-His c[15232,15304] 34 (gtg)
[12:02:19] Found 5 tRNAs
[12:02:19] Predicting Ribosomal RNAs
[12:02:19] Running Barrnap with 16 threads
[12:02:19] Found 0 rRNAs
[12:02:19] Skipping ncRNA search, enable with --rfam if desired.
[12:02:19] Total of 5 tRNA + rRNA features
[12:02:19] Searching for CRISPR repeats
[12:02:19] Found 0 CRISPRs
[12:02:19] Predicting coding sequences
[12:02:19] Contigs total 885693 bp, so using single mode
[12:02:19] Running: prodigal -i results\/PROKKA\/GTDB\-100\/genomes\/archaea\/GCA_016783545\.1\/GCA_016783545\.1\.fna -c -m -g 11 -p single -f sco -q
[12:02:20] Excluding CDS which overlaps existing RNA (tRNA) at JADHWJ010000008.1:15183..15440 on - strand
[12:02:20] Found 928 CDS
[12:02:20] Connecting features back to sequences
[12:02:20] Not using genus-specific database. Try --usegenus to enable it.
[12:02:20] Annotating CDS, please be patient.
[12:02:20] Will use 16 CPUs for similarity searching.
[12:02:21] There are still 928 unannotated CDS left (started with 928)
[12:02:21] Will use blast to search against /apps/pkg/anaconda3/2022.10/envs/prokka-1.14.6/db/kingdom/Archaea/sprot with 16 CPUs
[12:02:21] Running: cat results\/PROKKA\/GTDB\-100\/genomes\/archaea\/GCA_016783545\.1\/GCA_016783545\.1\.sprot\.tmp\.23297\.faa | parallel --gnu --plain -j 16 --block 8461 --recstart '>' --pipe blastp -query - -db /apps/pkg/anaconda3/2022.10/envs/prokka-1.14.6/db/kingdom/Archaea/sprot -evalue 1e-09 -qcov_hsp_perc 80 -num_threads 1 -num_descriptions 1 -num_alignments 1 -seg no > results\/PROKKA\/GTDB\-100\/genomes\/archaea\/GCA_016783545\.1\/GCA_016783545\.1\.sprot\.tmp\.23297\.blast 2> /dev/null
[12:02:22] Modify product: Uncharacterized protein MJ1225 => putative protein
[12:02:22] Modify product: Probable translation initiation factor IF-2 => putative translation initiation factor IF-2
[12:02:22] Modify product: UPF0107 protein AF_0055 => hypothetical protein
[12:02:22] Modify product: Putative sugar kinase PH1459 => Putative sugar kinase
[12:02:22] Modify product: Probable ribosomal RNA small subunit methyltransferase A => putative ribosomal RNA small subunit methyltransferase A
[12:02:22] Modify product: Protein pelota homolog => Protein pelota 
[12:02:22] Modify product: Uncharacterized ABC transporter ATP-binding protein MJ0796 => putative ABC transporter ATP-binding protein
[12:02:22] Modify product: Probable copper-exporting P-type ATPase => putative copper-exporting P-type ATPase
[12:02:22] Modify product: Uncharacterized protein MJ0609 => putative protein
[12:02:22] Modify product: Uncharacterized KH and PIN-domain containing protein MJ1533 => putative KH and PIN-domain containing protein
[12:02:22] Modify product: Uncharacterized HTH-type transcriptional regulator PH0140 => putative HTH-type transcriptional regulator
[12:02:22] Modify product: Protein translation factor SUI1 homolog => Protein translation factor SUI1 
[12:02:22] Modify product: Uncharacterized protein MJ0039 => putative protein
[12:02:22] Modify product: UPF0200/UPF0201 protein AF_1395 => hypothetical protein
[12:02:22] Modify product: Protein PH0010 => Protein
[12:02:22] Cleaned 15 /product names
[12:02:22] Deleting unwanted file: results/PROKKA/GTDB-100/genomes/archaea/GCA_016783545.1/GCA_016783545.1.sprot.tmp.23297.faa
[12:02:22] Deleting unwanted file: results/PROKKA/GTDB-100/genomes/archaea/GCA_016783545.1/GCA_016783545.1.sprot.tmp.23297.blast
[12:02:22] There are still 744 unannotated CDS left (started with 928)
[12:02:22] Will use hmmer3 to search against /apps/pkg/anaconda3/2022.10/envs/prokka-1.14.6/db/hmm/HAMAP.hmm with 16 CPUs
[12:02:22] Running: cat results\/PROKKA\/GTDB\-100\/genomes\/archaea\/GCA_016783545\.1\/GCA_016783545\.1\.HAMAP\.hmm\.tmp\.23297\.faa | parallel --gnu --plain -j 16 --block 6695 --recstart '>' --pipe hmmscan --noali --notextw --acc -E 1e-09 --cpu 1 /apps/pkg/anaconda3/2022.10/envs/prokka-1.14.6/db/hmm/HAMAP.hmm /dev/stdin > results\/PROKKA\/GTDB\-100\/genomes\/archaea\/GCA_016783545\.1\/GCA_016783545\.1\.HAMAP\.hmm\.tmp\.23297\.hmmer3 2> /dev/null
[12:02:27] Deleting unwanted file: results/PROKKA/GTDB-100/genomes/archaea/GCA_016783545.1/GCA_016783545.1.HAMAP.hmm.tmp.23297.faa
[12:02:27] Deleting unwanted file: results/PROKKA/GTDB-100/genomes/archaea/GCA_016783545.1/GCA_016783545.1.HAMAP.hmm.tmp.23297.hmmer3
[12:02:27] Labelling remaining 614 proteins as 'hypothetical protein'
[12:02:27] Possible /pseudo 'Ubiquinone biosynthesis O-methyltransferase, mitochondrial' at JADHWJ010000001.1 position 98755
[12:02:27] Possible /pseudo 'GTP 3',8-cyclase' at JADHWJ010000001.1 position 118534
[12:02:27] Possible /pseudo 'Bifunctional protein HldE' at JADHWJ010000015.1 position 5980
[12:02:27] Found 215 unique /gene codes.
[12:02:27] Fixed 2 duplicate /gene - nfo_1 nfo_2
[12:02:27] Fixed 4 duplicate /gene - moaA_1 moaA_2 moaA_3 moaA_4
[12:02:27] Fixed 2 duplicate /gene - aglD_1 aglD_2
[12:02:27] Fixed 2 duplicate /gene - btuD_1 btuD_2
[12:02:27] Fixed 3 duplicate /gene - purF_1 purF_2 purF_3
[12:02:27] Fixed 4 duplicate /gene - mshA_1 mshA_2 mshA_3 mshA_4
[12:02:27] Fixed 2 duplicate /gene - gtfA_1 gtfA_2
[12:02:27] Fixed 3 duplicate /gene - miaB_1 miaB_2 miaB_3
[12:02:27] Fixed 2 duplicate /gene - murJ_1 murJ_2
[12:02:27] Fixed 2 duplicate /gene - xerA_1 xerA_2
[12:02:27] Fixed 2 duplicate /gene - nudI_1 nudI_2
[12:02:27] Fixed 2 duplicate /gene - ileS_1 ileS_2
[12:02:27] Fixed 2 duplicate /gene - ftsZ1_1 ftsZ1_2
[12:02:27] Fixed 6 duplicate /gene - hldD_1 hldD_2 hldD_3 hldD_4 hldD_5 hldD_6
[12:02:27] Fixed 2 duplicate /gene - smc_1 smc_2
[12:02:27] Fixed 2 duplicate /gene - cdc6_1 cdc6_2
[12:02:27] Fixed 2 duplicate /gene - aglK_1 aglK_2
[12:02:27] Fixed 2 duplicate /gene - rbn_1 rbn_2
[12:02:27] Fixed 2 duplicate /gene - ttuA_1 ttuA_2
[12:02:27] Fixed 2 duplicate /gene - arnC_1 arnC_2
[12:02:27] Fixed 3 duplicate /gene - hldE_1 hldE_2 hldE_3
[12:02:27] Fixed 2 duplicate /gene - ppsA_1 ppsA_2
[12:02:27] Fixed 2 duplicate /gene - metG_1 metG_2
[12:02:27] Fixed 2 duplicate /gene - pol_1 pol_2
[12:02:27] Fixed 3 duplicate /gene - bamB_1 bamB_2 bamB_3
[12:02:27] Fixed 2 duplicate /gene - idi_1 idi_2
[12:02:27] Fixed 2 duplicate /gene - COQ5_1 COQ5_2
[12:02:27] Fixed 3 duplicate /gene - fcl_1 fcl_2 fcl_3
[12:02:27] Fixed 3 duplicate /gene - nudF_1 nudF_2 nudF_3
[12:02:27] Fixed 8 duplicate /gene - COQ3_1 COQ3_2 COQ3_3 COQ3_4 COQ3_5 COQ3_6 COQ3_7 COQ3_8
[12:02:27] Fixed 30 colliding /gene names.
[12:02:27] Adding /locus_tag identifiers
[12:02:27] Assigned 933 locus_tags to CDS and RNA features.
[12:02:27] Writing outputs to results/PROKKA/GTDB-100/genomes/archaea/GCA_016783545.1/
[12:02:28] Generating annotation statistics file
[12:02:28] Generating Genbank and Sequin files
[12:02:28] Running: tbl2asn -V b -a r10k -l paired-ends -M n -N 1 -y 'Annotated using prokka 1.14.6 from https://github.com/tseemann/prokka' -Z results\/PROKKA\/GTDB\-100\/genomes\/archaea\/GCA_016783545\.1\/GCA_016783545\.1\.err -i results\/PROKKA\/GTDB\-100\/genomes\/archaea\/GCA_016783545\.1\/GCA_016783545\.1\.fsa 2> /dev/null
[tbl2asn-forever] Found Prokka input, correcting dates in .gbf|.sqn files.
[tbl2asn-forever] Correcting dates in results/PROKKA/GTDB-100/genomes/archaea/GCA_016783545.1/GCA_016783545.1.gbf
[tbl2asn-forever] Correcting dates in results/PROKKA/GTDB-100/genomes/archaea/GCA_016783545.1/GCA_016783545.1.sqn
[tbl2asn-forever] Dates changed from 01-JAN-2019 to 28-JUN-2023
[12:02:30] Deleting unwanted file: results/PROKKA/GTDB-100/genomes/archaea/GCA_016783545.1/errorsummary.val
[12:02:30] Deleting unwanted file: results/PROKKA/GTDB-100/genomes/archaea/GCA_016783545.1/GCA_016783545.1.dr
[12:02:30] Deleting unwanted file: results/PROKKA/GTDB-100/genomes/archaea/GCA_016783545.1/GCA_016783545.1.fixedproducts
[12:02:30] Deleting unwanted file: results/PROKKA/GTDB-100/genomes/archaea/GCA_016783545.1/GCA_016783545.1.ecn
[12:02:30] Deleting unwanted file: results/PROKKA/GTDB-100/genomes/archaea/GCA_016783545.1/GCA_016783545.1.val
[12:02:30] Repairing broken .GBK output that tbl2asn produces...
[12:02:30] Running: sed 's/COORDINATES: profile/COORDINATES:profile/' < results\/PROKKA\/GTDB\-100\/genomes\/archaea\/GCA_016783545\.1\/GCA_016783545\.1\.gbf > results\/PROKKA\/GTDB\-100\/genomes\/archaea\/GCA_016783545\.1\/GCA_016783545\.1\.gbk
[12:02:30] Deleting unwanted file: results/PROKKA/GTDB-100/genomes/archaea/GCA_016783545.1/GCA_016783545.1.gbf
[12:02:30] Output files:
[12:02:30] results/PROKKA/GTDB-100/genomes/archaea/GCA_016783545.1/GCA_016783545.1.log
[12:02:30] results/PROKKA/GTDB-100/genomes/archaea/GCA_016783545.1/GCA_016783545.1.fna
[12:02:30] results/PROKKA/GTDB-100/genomes/archaea/GCA_016783545.1/GCA_016783545.1.gff
[12:02:30] results/PROKKA/GTDB-100/genomes/archaea/GCA_016783545.1/GCA_016783545.1.faa
[12:02:30] results/PROKKA/GTDB-100/genomes/archaea/GCA_016783545.1/GCA_016783545.1.ffn
[12:02:30] results/PROKKA/GTDB-100/genomes/archaea/GCA_016783545.1/GCA_016783545.1.tbl
[12:02:30] results/PROKKA/GTDB-100/genomes/archaea/GCA_016783545.1/GCA_016783545.1.fsa
[12:02:30] results/PROKKA/GTDB-100/genomes/archaea/GCA_016783545.1/GCA_016783545.1.tsv
[12:02:30] results/PROKKA/GTDB-100/genomes/archaea/GCA_016783545.1/GCA_016783545.1.txt
[12:02:30] results/PROKKA/GTDB-100/genomes/archaea/GCA_016783545.1/GCA_016783545.1.err
[12:02:30] results/PROKKA/GTDB-100/genomes/archaea/GCA_016783545.1/GCA_016783545.1.sqn
[12:02:30] results/PROKKA/GTDB-100/genomes/archaea/GCA_016783545.1/GCA_016783545.1.gbk
[12:02:30] Annotation finished successfully.
[12:02:30] Walltime used: 0.22 minutes
[12:02:30] If you use this result please cite the Prokka paper:
[12:02:30] Seemann T (2014) Prokka: rapid prokaryotic genome annotation. Bioinformatics. 30(14):2068-9.
[12:02:30] Type 'prokka --citation' for more details.
[12:02:30] Share and enjoy!
46.78user 22.29system 0:12.76elapsed 540%CPU (0avgtext+0avgdata 150328maxresident)k
533328inputs+91144outputs (842major+4227648minor)pagefaults 0swaps

======================================================
End Time   : Wed Jun 28 12:02:30 EDT 2023
Run Time   : 16 seconds
======================================================

