=====================================================
Start Time  : Sat Jun 24 20:38:28 EDT 2023
Submit Dir  : /projects/raw_lab/jobs/metacerberus
Job ID/Name : 3995607 / InterProScan
Node List   : str-c101
Num Tasks   : 1 total [1 nodes @ 16 CPUs/node]
======================================================

Loading interproscan/5.60-92.0
  Loading requirement: anaconda3/2020.11 openjdk/15
======================================================
Running InterProScan On PHAGES/genomes/NC_051733.fna
======================================================
24/06/2023 20:38:29:834 Welcome to InterProScan-5.60-92.0
24/06/2023 20:38:29:834 Running InterProScan v5 in STANDALONE mode... on Linux
24/06/2023 20:38:33:962 RunID: str-c101.uncc.edu_20230624_203833781_3c7i
24/06/2023 20:38:42:658 Loading file /projects/raw_lab/jobs/metacerberus/PHAGES/genomes/NC_051733.fna
24/06/2023 20:38:43:250 Running the following analyses:
[AntiFam-7.0,CDD-3.20,Coils-2.2.1,FunFam-4.3.0,Gene3D-4.3.0,Hamap-2021_04,MobiDBLite-2.0,PANTHER-17.0,Pfam-35.0,PIRSF-3.10,PIRSR-2021_05,PRINTS-42.0,ProSitePatterns-2022_01,ProSiteProfiles-2022_01,SFLD-4,SMART-7.1,SUPERFAMILY-1.75,TIGRFAM-15.0]
Pre-calculated match lookup service DISABLED.  Please wait for match calculations to complete...
2023-06-24 20:40:08,498 [amqEmbeddedWorkerJmsContainer-12] [uk.ac.ebi.interpro.scan.management.model.implementations.WriteOutputStep:344] WARN - At write output completion, unable to delete temporary directory /projects/raw_lab/jobs/metacerberus/temp/str-c101.uncc.edu_20230624_203833781_3c7i
24/06/2023 20:40:08:535 100% done:  InterProScan analyses completed 

2023-06-24 20:40:09,037 [main] [uk.ac.ebi.interpro.scan.jms.master.AbstractMaster:259] WARN - Master process unable to delete temporary directory /projects/raw_lab/jobs/metacerberus/temp/str-c101.uncc.edu_20230624_203833781_3c7i
2023-06-24 20:40:09,043 [main] [uk.ac.ebi.interpro.scan.jms.main.Run:1778] WARN - At Run completion, unable to delete temporary directory /projects/raw_lab/jobs/metacerberus/temp/str-c101.uncc.edu_20230624_203833781_3c7i
236.55user 23.35system 1:39.93elapsed 260%CPU (0avgtext+0avgdata 3280640maxresident)k
529984inputs+475304outputs (13major+1726040minor)pagefaults 0swaps

======================================================
End Time   : Sat Jun 24 20:40:09 EDT 2023
Run Time   : 101 seconds
======================================================

