=====================================================
Start Time  : Wed Jun 28 12:02:14 EDT 2023
Submit Dir  : /projects/raw_lab/jobs/metacerberus
Job ID/Name : 4041444 / PROKKA
Node List   : str-c102
Num Tasks   : 1 total [1 nodes @ 16 CPUs/node]
======================================================

Loading prokka/1.14.6
  Loading requirement: anaconda3/2022.10
======================================================
Running PROKKA On GTDB-100/genomes/archaea/GCA_002779595.1.fna
======================================================
Archaea
[12:02:17] This is prokka 1.14.6
[12:02:17] Written by Torsten Seemann <torsten.seemann@gmail.com>
[12:02:17] Homepage is https://github.com/tseemann/prokka
[12:02:17] Local time is Wed Jun 28 12:02:17 2023
[12:02:17] You are jlfiguer
[12:02:17] Operating system is linux
[12:02:17] You have BioPerl 1.7.8
Argument "1.7.8" isn't numeric in numeric lt (<) at /apps/pkg/anaconda3/2022.10/envs/prokka-1.14.6/bin/prokka line 259.
[12:02:17] System has 16 cores.
[12:02:17] Will use maximum of 16 cores.
[12:02:17] Annotating as >>> Archaea <<<
[12:02:17] Generating locus_tag from 'GTDB-100/genomes/archaea/GCA_002779595.1.fna' contents.
[12:02:17] Setting --locustag PICPOJEF from MD5 92c983ef7c468634dda91c82b90b0f0c
[12:02:17] Creating new output folder: results/PROKKA/GTDB-100/genomes/archaea/GCA_002779595.1
[12:02:17] Running: mkdir -p results\/PROKKA\/GTDB\-100\/genomes\/archaea\/GCA_002779595\.1
[12:02:17] Using filename prefix: GCA_002779595.1.XXX
[12:02:17] Setting HMMER_NCPU=1
[12:02:17] Writing log to: results/PROKKA/GTDB-100/genomes/archaea/GCA_002779595.1/GCA_002779595.1.log
[12:02:17] Command: /apps/pkg/anaconda3/2022.10/envs/prokka-1.14.6/bin/prokka --prefix GCA_002779595.1 --outdir results/PROKKA/GTDB-100/genomes/archaea/GCA_002779595.1 --kingdom Archaea --cpus 16 GTDB-100/genomes/archaea/GCA_002779595.1.fna
[12:02:17] Appending to PATH: /apps/pkg/anaconda3/2022.10/envs/prokka-1.14.6/bin
[12:02:17] Looking for 'aragorn' - found /apps/pkg/anaconda3/2022.10/envs/prokka-1.14.6/bin/aragorn
[12:02:17] Determined aragorn version is 001002 from 'ARAGORN v1.2.41 Dean Laslett'
[12:02:17] Looking for 'barrnap' - found /apps/pkg/anaconda3/2022.10/envs/prokka-1.14.6/bin/barrnap
[12:02:17] Determined barrnap version is 000009 from 'barrnap 0.9'
[12:02:17] Looking for 'blastp' - found /apps/pkg/anaconda3/2022.10/envs/prokka-1.14.6/bin/blastp
[12:02:18] Determined blastp version is 002013 from 'blastp: 2.13.0+'
[12:02:18] Looking for 'cmpress' - found /apps/pkg/anaconda3/2022.10/envs/prokka-1.14.6/bin/cmpress
[12:02:18] Determined cmpress version is 001001 from '# INFERNAL 1.1.4 (Dec 2020)'
[12:02:18] Looking for 'cmscan' - found /apps/pkg/anaconda3/2022.10/envs/prokka-1.14.6/bin/cmscan
[12:02:18] Determined cmscan version is 001001 from '# INFERNAL 1.1.4 (Dec 2020)'
[12:02:18] Looking for 'egrep' - found /usr/bin/egrep
[12:02:18] Looking for 'find' - found /usr/bin/find
[12:02:18] Looking for 'grep' - found /usr/bin/grep
[12:02:18] Looking for 'hmmpress' - found /apps/pkg/anaconda3/2022.10/envs/prokka-1.14.6/bin/hmmpress
[12:02:18] Determined hmmpress version is 003003 from '# HMMER 3.3.2 (Nov 2020); http://hmmer.org/'
[12:02:18] Looking for 'hmmscan' - found /apps/pkg/anaconda3/2022.10/envs/prokka-1.14.6/bin/hmmscan
[12:02:18] Determined hmmscan version is 003003 from '# HMMER 3.3.2 (Nov 2020); http://hmmer.org/'
[12:02:18] Looking for 'java' - found /apps/pkg/anaconda3/2022.10/envs/prokka-1.14.6/bin/java
[12:02:18] Looking for 'makeblastdb' - found /apps/pkg/anaconda3/2022.10/envs/prokka-1.14.6/bin/makeblastdb
[12:02:18] Determined makeblastdb version is 002013 from 'makeblastdb: 2.13.0+'
[12:02:18] Looking for 'minced' - found /apps/pkg/anaconda3/2022.10/envs/prokka-1.14.6/bin/minced
[12:02:18] Determined minced version is 004002 from 'minced 0.4.2'
[12:02:18] Looking for 'parallel' - found /apps/pkg/anaconda3/2022.10/envs/prokka-1.14.6/bin/parallel
[12:02:18] Determined parallel version is 20230122 from 'GNU parallel 20230122'
[12:02:18] Looking for 'prodigal' - found /apps/pkg/anaconda3/2022.10/envs/prokka-1.14.6/bin/prodigal
[12:02:18] Determined prodigal version is 002006 from 'Prodigal V2.6.3: February, 2016'
[12:02:18] Looking for 'prokka-genbank_to_fasta_db' - found /apps/pkg/anaconda3/2022.10/envs/prokka-1.14.6/bin/prokka-genbank_to_fasta_db
[12:02:18] Looking for 'sed' - found /usr/bin/sed
[12:02:18] Looking for 'tbl2asn' - found /apps/pkg/anaconda3/2022.10/envs/prokka-1.14.6/bin/tbl2asn
[12:02:18] Determined tbl2asn version is 025007 from 'tbl2asn 25.7   arguments:'
[12:02:18] Using genetic code table 11.
[12:02:18] Loading and checking input file: GTDB-100/genomes/archaea/GCA_002779595.1.fna
[12:02:18] Wrote 122 contigs totalling 809810 bp.
[12:02:18] Predicting tRNAs and tmRNAs
[12:02:18] Running: aragorn -l -gc11  -w results\/PROKKA\/GTDB\-100\/genomes\/archaea\/GCA_002779595\.1\/GCA_002779595\.1\.fna
[12:02:19] 1 tRNA-Cys [984,1054] 33 (gca)
[12:02:19] 1 tRNA-Ser c[2229,2313] 35 (cga)
[12:02:19] 1 tRNA-Cys c[3119,3190] 33 (gca)
[12:02:19] 1 tRNA-Ile c[10157,10232] 36 (gat)
[12:02:19] 1 tRNA-Arg [4328,4404] 37 (tct)
[12:02:19] 1 tRNA-Ala c[587,658] 33 (ggc)
[12:02:19] 1 tRNA-Pro c[3389,3464] 37 (tgg)
[12:02:19] 1 tRNA-Gly [3931,4002] 34 (ccc)
[12:02:19] 2 tRNA-Gly [4432,4504] 35 (gcc)
[12:02:19] 3 tRNA-Val [6012,6084] 34 (gac)
[12:02:19] 1 tRNA-Lys c[2826,2901] 36 (ttt)
[12:02:19] 1 tRNA-Asp [13035,13112] 38 (gtc)
[12:02:19] 1 tRNA-Ser [981,1066] 36 (gga)
[12:02:19] 1 tRNA-Tyr [3622,3694] 33 (gta)
[12:02:19] 1 tRNA-Leu [7573,7657] 35 (gag)
[12:02:19] 1 tRNA-Gln [2275,2347] 35 (ttg)
[12:02:19] 1 tRNA-Lys c[1113,1188] 36 (ctt)
[12:02:19] 1 tRNA-Thr [-1,71] 33 (tgt)
[12:02:19] 1 tRNA-Asn c[3925,3999] 35 (gtt)
[12:02:19] 1 tRNA-Ala [6731,6802] 33 (tgc)
[12:02:19] 1 tRNA-Leu c[1424,1511] 38 (taa)
[12:02:19] 1 tRNA-Leu c[7818,7903] 36 (tag)
[12:02:19] 2 tRNA-Thr [7973,8044] 33 (agt)
[12:02:19] 1 tRNA-Thr c[8594,8665] 33 (cgt)
[12:02:19] 2 tRNA-Phe c[15508,15583] 36 (gaa)
[12:02:19] 1 tRNA-Gly [3251,3321] 33 (tcc)
[12:02:19] 1 tRNA-Arg [3551,3622] 34 (tcg)
[12:02:19] 2 tRNA-Ala [8690,8763] 35 (cgc)
[12:02:19] 3 tRNA-Arg [10148,10223] 37 (gcg)
[12:02:19] Found 29 tRNAs
[12:02:19] Predicting Ribosomal RNAs
[12:02:19] Running Barrnap with 16 threads
[12:02:19] 1 PEWF01000003.1 2357 16S ribosomal RNA
[12:02:19] 2 PEWF01000026.1 12564 5S ribosomal RNA (partial)
[12:02:19] 3 PEWF01000118.1 726 23S ribosomal RNA
[12:02:19] Found 3 rRNAs
[12:02:19] Skipping ncRNA search, enable with --rfam if desired.
[12:02:19] Total of 32 tRNA + rRNA features
[12:02:19] Searching for CRISPR repeats
[12:02:19] Found 0 CRISPRs
[12:02:19] Predicting coding sequences
[12:02:19] Contigs total 809810 bp, so using single mode
[12:02:19] Running: prodigal -i results\/PROKKA\/GTDB\-100\/genomes\/archaea\/GCA_002779595\.1\/GCA_002779595\.1\.fna -c -m -g 11 -p single -f sco -q
[12:02:20] Excluding CDS which overlaps existing RNA (rRNA) at PEWF01000118.1:2495..2743 on - strand
[12:02:20] Excluding CDS which overlaps existing RNA (tRNA) at PEWF01000010.1:4439..5611 on + strand
[12:02:20] Found 945 CDS
[12:02:20] Connecting features back to sequences
[12:02:20] Not using genus-specific database. Try --usegenus to enable it.
[12:02:20] Annotating CDS, please be patient.
[12:02:20] Will use 16 CPUs for similarity searching.
[12:02:21] There are still 945 unannotated CDS left (started with 945)
[12:02:21] Will use blast to search against /apps/pkg/anaconda3/2022.10/envs/prokka-1.14.6/db/kingdom/Archaea/sprot with 16 CPUs
[12:02:21] Running: cat results\/PROKKA\/GTDB\-100\/genomes\/archaea\/GCA_002779595\.1\/GCA_002779595\.1\.sprot\.tmp\.3067258\.faa | parallel --gnu --plain -j 16 --block 7245 --recstart '>' --pipe blastp -query - -db /apps/pkg/anaconda3/2022.10/envs/prokka-1.14.6/db/kingdom/Archaea/sprot -evalue 1e-09 -qcov_hsp_perc 80 -num_threads 1 -num_descriptions 1 -num_alignments 1 -seg no > results\/PROKKA\/GTDB\-100\/genomes\/archaea\/GCA_002779595\.1\/GCA_002779595\.1\.sprot\.tmp\.3067258\.blast 2> /dev/null
[12:02:22] Modify product: Probable tRNA pseudouridine synthase B => putative tRNA pseudouridine synthase B
[12:02:22] Modify product: Probable S-adenosylmethionine-dependent methyltransferase MJ0882 => putative S-adenosylmethionine-dependent methyltransferase
[12:02:22] Modify product: Probable membrane-bound hydrogenase subunit mbhJ => putative membrane-bound hydrogenase subunit mbhJ
[12:02:22] Modify product: Uncharacterized ABC transporter ATP-binding protein MJ0796 => putative ABC transporter ATP-binding protein
[12:02:22] Modify product: Probable ATP-dependent RNA helicase MJ0669 => putative ATP-dependent RNA helicase
[12:02:22] Modify product: UPF0200/UPF0201 protein AF_1395 => hypothetical protein
[12:02:22] Modify product: Probable tRNA pseudouridine synthase D => putative tRNA pseudouridine synthase D
[12:02:22] Modify product: Zinc metalloprotease TldD homolog => Zinc metalloprotease TldD 
[12:02:22] Modify product: Protein pelota homolog => Protein pelota 
[12:02:22] Modify product: Putative FKBP-type peptidyl-prolyl cis-trans isomerase MJ0825 => Putative FKBP-type peptidyl-prolyl cis-trans isomerase
[12:02:22] Modify product: Protein MM_0484 => Protein
[12:02:22] Modify product: UPF0200/UPF0201 protein AF_1395 => hypothetical protein
[12:02:22] Modify product: Protein translation factor SUI1 homolog => Protein translation factor SUI1 
[12:02:22] Modify product: Probable deoxyhypusine synthase => putative deoxyhypusine synthase
[12:02:22] Modify product: Uncharacterized NOP5 family protein MJ0694 => putative NOP5 family protein
[12:02:22] Modify product: Probable branched-chain amino acid transport ATP-binding protein LivG => putative branched-chain amino acid transport ATP-binding protein LivG
[12:02:22] Modify product: Probable translation initiation factor IF-2 => putative translation initiation factor IF-2
[12:02:22] Modify product: Ribosome maturation protein SDO1 homolog => Ribosome maturation protein SDO1 
[12:02:22] Modify product: Probable copper-exporting P-type ATPase => putative copper-exporting P-type ATPase
[12:02:22] Modify product: Uncharacterized ABC transporter ATP-binding protein MJ0796 => putative ABC transporter ATP-binding protein
[12:02:22] Modify product: Probable ribosomal RNA small subunit methyltransferase A => putative ribosomal RNA small subunit methyltransferase A
[12:02:22] Modify product: Uncharacterized KH and PIN-domain containing protein MJ1533 => putative KH and PIN-domain containing protein
[12:02:22] Modify product: Probable phosphoenolpyruvate synthase => putative phosphoenolpyruvate synthase
[12:02:22] Modify product: Probable ribonuclease FAU-1 => putative ribonuclease FAU-1
[12:02:22] Modify product: Uncharacterized protein AF_1382 => putative protein
[12:02:22] Cleaned 25 /product names
[12:02:22] Deleting unwanted file: results/PROKKA/GTDB-100/genomes/archaea/GCA_002779595.1/GCA_002779595.1.sprot.tmp.3067258.faa
[12:02:22] Deleting unwanted file: results/PROKKA/GTDB-100/genomes/archaea/GCA_002779595.1/GCA_002779595.1.sprot.tmp.3067258.blast
[12:02:22] There are still 708 unannotated CDS left (started with 945)
[12:02:22] Will use hmmer3 to search against /apps/pkg/anaconda3/2022.10/envs/prokka-1.14.6/db/hmm/HAMAP.hmm with 16 CPUs
[12:02:22] Running: cat results\/PROKKA\/GTDB\-100\/genomes\/archaea\/GCA_002779595\.1\/GCA_002779595\.1\.HAMAP\.hmm\.tmp\.3067258\.faa | parallel --gnu --plain -j 16 --block 5143 --recstart '>' --pipe hmmscan --noali --notextw --acc -E 1e-09 --cpu 1 /apps/pkg/anaconda3/2022.10/envs/prokka-1.14.6/db/hmm/HAMAP.hmm /dev/stdin > results\/PROKKA\/GTDB\-100\/genomes\/archaea\/GCA_002779595\.1\/GCA_002779595\.1\.HAMAP\.hmm\.tmp\.3067258\.hmmer3 2> /dev/null
[12:02:28] Deleting unwanted file: results/PROKKA/GTDB-100/genomes/archaea/GCA_002779595.1/GCA_002779595.1.HAMAP.hmm.tmp.3067258.faa
[12:02:28] Deleting unwanted file: results/PROKKA/GTDB-100/genomes/archaea/GCA_002779595.1/GCA_002779595.1.HAMAP.hmm.tmp.3067258.hmmer3
[12:02:28] Labelling remaining 621 proteins as 'hypothetical protein'
[12:02:28] Possible /pseudo 'Methionine--tRNA ligase' at PEWF01000109.1 position 9835
[12:02:28] Possible /pseudo 'Glycerol-3-phosphate acyltransferase' at PEWF01000102.1 position 2032
[12:02:28] Possible /pseudo 'N-glycosylase/DNA lyase' at PEWF01000064.1 position 1305
[12:02:28] Possible /pseudo 'UTP--glucose-1-phosphate uridylyltransferase AglF' at PEWF01000001.1 position 3594
[12:02:28] Found 224 unique /gene codes.
[12:02:28] Fixed 2 duplicate /gene - rsmF_1 rsmF_2
[12:02:28] Fixed 2 duplicate /gene - metG_1 metG_2
[12:02:28] Fixed 2 duplicate /gene - glmS_1 glmS_2
[12:02:28] Fixed 2 duplicate /gene - plsY_1 plsY_2
[12:02:28] Fixed 2 duplicate /gene - miaB_1 miaB_2
[12:02:28] Fixed 3 duplicate /gene - aglF_1 aglF_2 aglF_3
[12:02:28] Fixed 2 duplicate /gene - resA_1 resA_2
[12:02:28] Fixed 2 duplicate /gene - rnj_1 rnj_2
[12:02:28] Fixed 2 duplicate /gene - glmU_1 glmU_2
[12:02:28] Fixed 2 duplicate /gene - purF_1 purF_2
[12:02:28] Fixed 2 duplicate /gene - arnC_1 arnC_2
[12:02:28] Fixed 2 duplicate /gene - trpS_1 trpS_2
[12:02:28] Fixed 2 duplicate /gene - kdpB_1 kdpB_2
[12:02:28] Fixed 4 duplicate /gene - moaA_1 moaA_2 moaA_3 moaA_4
[12:02:28] Fixed 5 duplicate /gene - btuD_1 btuD_2 btuD_3 btuD_4 btuD_5
[12:02:28] Fixed 2 duplicate /gene - ftsZ1_1 ftsZ1_2
[12:02:28] Fixed 2 duplicate /gene - lon_1 lon_2
[12:02:28] Fixed 2 duplicate /gene - obg_1 obg_2
[12:02:28] Fixed 2 duplicate /gene - thiI_1 thiI_2
[12:02:28] Fixed 2 duplicate /gene - ogg_1 ogg_2
[12:02:28] Fixed 2 duplicate /gene - ppsA_1 ppsA_2
[12:02:28] Fixed 3 duplicate /gene - mshA_1 mshA_2 mshA_3
[12:02:28] Fixed 2 duplicate /gene - aspS_1 aspS_2
[12:02:28] Fixed 23 colliding /gene names.
[12:02:28] Adding /locus_tag identifiers
[12:02:28] Assigned 977 locus_tags to CDS and RNA features.
[12:02:28] Writing outputs to results/PROKKA/GTDB-100/genomes/archaea/GCA_002779595.1/
[12:02:28] Generating annotation statistics file
[12:02:28] Generating Genbank and Sequin files
[12:02:28] Running: tbl2asn -V b -a r10k -l paired-ends -M n -N 1 -y 'Annotated using prokka 1.14.6 from https://github.com/tseemann/prokka' -Z results\/PROKKA\/GTDB\-100\/genomes\/archaea\/GCA_002779595\.1\/GCA_002779595\.1\.err -i results\/PROKKA\/GTDB\-100\/genomes\/archaea\/GCA_002779595\.1\/GCA_002779595\.1\.fsa 2> /dev/null
[tbl2asn-forever] Found Prokka input, correcting dates in .gbf|.sqn files.
[tbl2asn-forever] Correcting dates in results/PROKKA/GTDB-100/genomes/archaea/GCA_002779595.1/GCA_002779595.1.gbf
[tbl2asn-forever] Correcting dates in results/PROKKA/GTDB-100/genomes/archaea/GCA_002779595.1/GCA_002779595.1.sqn
[tbl2asn-forever] Dates changed from 01-JAN-2019 to 28-JUN-2023
[12:02:30] Deleting unwanted file: results/PROKKA/GTDB-100/genomes/archaea/GCA_002779595.1/errorsummary.val
[12:02:30] Deleting unwanted file: results/PROKKA/GTDB-100/genomes/archaea/GCA_002779595.1/GCA_002779595.1.dr
[12:02:30] Deleting unwanted file: results/PROKKA/GTDB-100/genomes/archaea/GCA_002779595.1/GCA_002779595.1.fixedproducts
[12:02:30] Deleting unwanted file: results/PROKKA/GTDB-100/genomes/archaea/GCA_002779595.1/GCA_002779595.1.ecn
[12:02:30] Deleting unwanted file: results/PROKKA/GTDB-100/genomes/archaea/GCA_002779595.1/GCA_002779595.1.val
[12:02:30] Repairing broken .GBK output that tbl2asn produces...
[12:02:30] Running: sed 's/COORDINATES: profile/COORDINATES:profile/' < results\/PROKKA\/GTDB\-100\/genomes\/archaea\/GCA_002779595\.1\/GCA_002779595\.1\.gbf > results\/PROKKA\/GTDB\-100\/genomes\/archaea\/GCA_002779595\.1\/GCA_002779595\.1\.gbk
[12:02:30] Deleting unwanted file: results/PROKKA/GTDB-100/genomes/archaea/GCA_002779595.1/GCA_002779595.1.gbf
[12:02:30] Output files:
[12:02:30] results/PROKKA/GTDB-100/genomes/archaea/GCA_002779595.1/GCA_002779595.1.log
[12:02:30] results/PROKKA/GTDB-100/genomes/archaea/GCA_002779595.1/GCA_002779595.1.fna
[12:02:30] results/PROKKA/GTDB-100/genomes/archaea/GCA_002779595.1/GCA_002779595.1.gff
[12:02:30] results/PROKKA/GTDB-100/genomes/archaea/GCA_002779595.1/GCA_002779595.1.faa
[12:02:30] results/PROKKA/GTDB-100/genomes/archaea/GCA_002779595.1/GCA_002779595.1.ffn
[12:02:30] results/PROKKA/GTDB-100/genomes/archaea/GCA_002779595.1/GCA_002779595.1.tbl
[12:02:30] results/PROKKA/GTDB-100/genomes/archaea/GCA_002779595.1/GCA_002779595.1.fsa
[12:02:30] results/PROKKA/GTDB-100/genomes/archaea/GCA_002779595.1/GCA_002779595.1.tsv
[12:02:30] results/PROKKA/GTDB-100/genomes/archaea/GCA_002779595.1/GCA_002779595.1.txt
[12:02:30] results/PROKKA/GTDB-100/genomes/archaea/GCA_002779595.1/GCA_002779595.1.err
[12:02:30] results/PROKKA/GTDB-100/genomes/archaea/GCA_002779595.1/GCA_002779595.1.sqn
[12:02:30] results/PROKKA/GTDB-100/genomes/archaea/GCA_002779595.1/GCA_002779595.1.gbk
[12:02:30] Annotation finished successfully.
[12:02:30] Walltime used: 0.22 minutes
[12:02:30] If you use this result please cite the Prokka paper:
[12:02:30] Seemann T (2014) Prokka: rapid prokaryotic genome annotation. Bioinformatics. 30(14):2068-9.
[12:02:30] Type 'prokka --citation' for more details.
[12:02:30] Share and enjoy!
41.36user 22.49system 0:13.09elapsed 487%CPU (0avgtext+0avgdata 259940maxresident)k
533040inputs+93560outputs (829major+4815455minor)pagefaults 0swaps

======================================================
End Time   : Wed Jun 28 12:02:30 EDT 2023
Run Time   : 16 seconds
======================================================

