=====================================================
Start Time  : Sat Jul  1 17:15:05 EDT 2023
Submit Dir  : /projects/raw_lab/jobs/metacerberus
Job ID/Name : 4128939 / PROKKA
Node List   : str-c105
Num Tasks   : 1 total [1 nodes @ 16 CPUs/node]
======================================================

Loading prokka/1.14.6
  Loading requirement: anaconda3/2022.10
======================================================
Running PROKKA On VIRAL/genomes/NC_029083.1.fna
======================================================
Viruses
[17:15:07] This is prokka 1.14.6
[17:15:07] Written by Torsten Seemann <torsten.seemann@gmail.com>
[17:15:07] Homepage is https://github.com/tseemann/prokka
[17:15:07] Local time is Sat Jul  1 17:15:07 2023
[17:15:07] You are jlfiguer
[17:15:07] Operating system is linux
[17:15:07] You have BioPerl 1.7.8
Argument "1.7.8" isn't numeric in numeric lt (<) at /apps/pkg/anaconda3/2022.10/envs/prokka-1.14.6/bin/prokka line 259.
[17:15:07] System has 16 cores.
[17:15:07] Will use maximum of 16 cores.
[17:15:07] Annotating as >>> Viruses <<<
[17:15:07] Generating locus_tag from 'VIRAL/genomes/NC_029083.1.fna' contents.
[17:15:07] Setting --locustag CNGPELJD from MD5 c709e53dc7faa61a1249c31a6ee41d8b
[17:15:07] Creating new output folder: results/PROKKA/VIRAL/genomes/NC_029083.1
[17:15:07] Running: mkdir -p results\/PROKKA\/VIRAL\/genomes\/NC_029083\.1
[17:15:07] Using filename prefix: NC_029083.1.XXX
[17:15:07] Setting HMMER_NCPU=1
[17:15:07] Writing log to: results/PROKKA/VIRAL/genomes/NC_029083.1/NC_029083.1.log
[17:15:07] Command: /apps/pkg/anaconda3/2022.10/envs/prokka-1.14.6/bin/prokka --prefix NC_029083.1 --outdir results/PROKKA/VIRAL/genomes/NC_029083.1 --kingdom Viruses --cpus 16 VIRAL/genomes/NC_029083.1.fna
[17:15:07] Appending to PATH: /apps/pkg/anaconda3/2022.10/envs/prokka-1.14.6/bin
[17:15:07] Looking for 'aragorn' - found /apps/pkg/anaconda3/2022.10/envs/prokka-1.14.6/bin/aragorn
[17:15:07] Determined aragorn version is 001002 from 'ARAGORN v1.2.41 Dean Laslett'
[17:15:07] Looking for 'barrnap' - found /apps/pkg/anaconda3/2022.10/envs/prokka-1.14.6/bin/barrnap
[17:15:07] Determined barrnap version is 000009 from 'barrnap 0.9'
[17:15:07] Looking for 'blastp' - found /apps/pkg/anaconda3/2022.10/envs/prokka-1.14.6/bin/blastp
[17:15:07] Determined blastp version is 002013 from 'blastp: 2.13.0+'
[17:15:07] Looking for 'cmpress' - found /apps/pkg/anaconda3/2022.10/envs/prokka-1.14.6/bin/cmpress
[17:15:07] Determined cmpress version is 001001 from '# INFERNAL 1.1.4 (Dec 2020)'
[17:15:07] Looking for 'cmscan' - found /apps/pkg/anaconda3/2022.10/envs/prokka-1.14.6/bin/cmscan
[17:15:07] Determined cmscan version is 001001 from '# INFERNAL 1.1.4 (Dec 2020)'
[17:15:07] Looking for 'egrep' - found /usr/bin/egrep
[17:15:07] Looking for 'find' - found /usr/bin/find
[17:15:07] Looking for 'grep' - found /usr/bin/grep
[17:15:07] Looking for 'hmmpress' - found /apps/pkg/anaconda3/2022.10/envs/prokka-1.14.6/bin/hmmpress
[17:15:07] Determined hmmpress version is 003003 from '# HMMER 3.3.2 (Nov 2020); http://hmmer.org/'
[17:15:07] Looking for 'hmmscan' - found /apps/pkg/anaconda3/2022.10/envs/prokka-1.14.6/bin/hmmscan
[17:15:07] Determined hmmscan version is 003003 from '# HMMER 3.3.2 (Nov 2020); http://hmmer.org/'
[17:15:07] Looking for 'java' - found /apps/pkg/anaconda3/2022.10/envs/prokka-1.14.6/bin/java
[17:15:07] Looking for 'makeblastdb' - found /apps/pkg/anaconda3/2022.10/envs/prokka-1.14.6/bin/makeblastdb
[17:15:07] Determined makeblastdb version is 002013 from 'makeblastdb: 2.13.0+'
[17:15:07] Looking for 'minced' - found /apps/pkg/anaconda3/2022.10/envs/prokka-1.14.6/bin/minced
[17:15:07] Determined minced version is 004002 from 'minced 0.4.2'
[17:15:07] Looking for 'parallel' - found /apps/pkg/anaconda3/2022.10/envs/prokka-1.14.6/bin/parallel
[17:15:07] Determined parallel version is 20230122 from 'GNU parallel 20230122'
[17:15:07] Looking for 'prodigal' - found /apps/pkg/anaconda3/2022.10/envs/prokka-1.14.6/bin/prodigal
[17:15:07] Determined prodigal version is 002006 from 'Prodigal V2.6.3: February, 2016'
[17:15:07] Looking for 'prokka-genbank_to_fasta_db' - found /apps/pkg/anaconda3/2022.10/envs/prokka-1.14.6/bin/prokka-genbank_to_fasta_db
[17:15:07] Looking for 'sed' - found /usr/bin/sed
[17:15:07] Looking for 'tbl2asn' - found /apps/pkg/anaconda3/2022.10/envs/prokka-1.14.6/bin/tbl2asn
[17:15:07] Determined tbl2asn version is 025007 from 'tbl2asn 25.7   arguments:'
[17:15:07] Using genetic code table 1.
[17:15:07] Loading and checking input file: VIRAL/genomes/NC_029083.1.fna
[17:15:07] Wrote 1 contigs totalling 93464 bp.
[17:15:07] Predicting tRNAs and tmRNAs
[17:15:07] Running: aragorn -l -gc1  -w results\/PROKKA\/VIRAL\/genomes\/NC_029083\.1\/NC_029083\.1\.fna
[17:15:07] 1 tRNA-Gln [21140,21213] 33 (ttg)
[17:15:07] 2 tRNA-Arg [21419,21494] 34 (tct)
[17:15:07] 3 tRNA-Leu [22310,22394] 35 (tag)
[17:15:07] 4 tRNA-Ile [22605,22680] 34 (gat)
[17:15:07] 5 tRNA-Asp [22690,22768] 37 (gtc)
[17:15:07] 6 tRNA-Met [22869,22943] 34 (cat)
[17:15:07] 7 tRNA-Cys [23179,23254] 34 (gca)
[17:15:07] 8 tRNA-Asn [23265,23340] 34 (gtt)
[17:15:07] 9 tRNA-Pro [23404,23481] 36 (tgg)
[17:15:07] 10 tRNA-Gly [23653,23728] 34 (tcc)
[17:15:07] 11 tRNA-Phe [23735,23810] 35 (gaa)
[17:15:07] 12 tRNA-Glu [23817,23892] 35 (ttc)
[17:15:07] 13 tRNA-His [23953,24027] 37 (gtg)
[17:15:07] 14 tRNA-Thr [24214,24288] 34 (tgt)
[17:15:07] Found 14 tRNAs
[17:15:07] Disabling rRNA search: --kingdom=Viruses or --norrna=0
[17:15:07] Skipping ncRNA search, enable with --rfam if desired.
[17:15:07] Total of 14 tRNA + rRNA features
[17:15:07] Searching for CRISPR repeats
[17:15:07] Found 0 CRISPRs
[17:15:07] Predicting coding sequences
[17:15:07] Contigs total 93464 bp, so using meta mode
[17:15:07] Running: prodigal -i results\/PROKKA\/VIRAL\/genomes\/NC_029083\.1\/NC_029083\.1\.fna -c -m -g 1 -p meta -f sco -q
[17:15:08] Found 172 CDS
[17:15:08] Connecting features back to sequences
[17:15:08] Not using genus-specific database. Try --usegenus to enable it.
[17:15:08] Annotating CDS, please be patient.
[17:15:08] Will use 16 CPUs for similarity searching.

--------------------- WARNING ---------------------
MSG: Seq [NC_029083.1]: Not using a valid initiator codon!
---------------------------------------------------

--------------------- WARNING ---------------------
MSG: Seq [NC_029083.1]: Not using a valid initiator codon!
---------------------------------------------------

--------------------- WARNING ---------------------
MSG: Seq [NC_029083.1]: Not using a valid initiator codon!
---------------------------------------------------

--------------------- WARNING ---------------------
MSG: Seq [NC_029083.1]: Not using a valid initiator codon!
---------------------------------------------------

--------------------- WARNING ---------------------
MSG: Seq [NC_029083.1]: Not using a valid initiator codon!
---------------------------------------------------

--------------------- WARNING ---------------------
MSG: Seq [NC_029083.1]: Not using a valid initiator codon!
---------------------------------------------------

--------------------- WARNING ---------------------
MSG: Seq [NC_029083.1]: Not using a valid initiator codon!
---------------------------------------------------

--------------------- WARNING ---------------------
MSG: Seq [NC_029083.1]: Not using a valid initiator codon!
---------------------------------------------------

--------------------- WARNING ---------------------
MSG: Seq [NC_029083.1]: Not using a valid initiator codon!
---------------------------------------------------

--------------------- WARNING ---------------------
MSG: Seq [NC_029083.1]: Not using a valid initiator codon!
---------------------------------------------------

--------------------- WARNING ---------------------
MSG: Seq [NC_029083.1]: Not using a valid initiator codon!
---------------------------------------------------

--------------------- WARNING ---------------------
MSG: Seq [NC_029083.1]: Not using a valid initiator codon!
---------------------------------------------------

--------------------- WARNING ---------------------
MSG: Seq [NC_029083.1]: Not using a valid initiator codon!
---------------------------------------------------

--------------------- WARNING ---------------------
MSG: Seq [NC_029083.1]: Not using a valid initiator codon!
---------------------------------------------------
[17:15:08] There are still 172 unannotated CDS left (started with 172)
[17:15:08] Will use blast to search against /apps/pkg/anaconda3/2022.10/envs/prokka-1.14.6/db/kingdom/Viruses/sprot with 16 CPUs
[17:15:08] Running: cat results\/PROKKA\/VIRAL\/genomes\/NC_029083\.1\/NC_029083\.1\.sprot\.tmp\.3776864\.faa | parallel --gnu --plain -j 16 --block 890 --recstart '>' --pipe blastp -query - -db /apps/pkg/anaconda3/2022.10/envs/prokka-1.14.6/db/kingdom/Viruses/sprot -evalue 1e-09 -qcov_hsp_perc 80 -num_threads 1 -num_descriptions 1 -num_alignments 1 -seg no > results\/PROKKA\/VIRAL\/genomes\/NC_029083\.1\/NC_029083\.1\.sprot\.tmp\.3776864\.blast 2> /dev/null
[17:15:09] Deleting unwanted file: results/PROKKA/VIRAL/genomes/NC_029083.1/NC_029083.1.sprot.tmp.3776864.faa
[17:15:09] Deleting unwanted file: results/PROKKA/VIRAL/genomes/NC_029083.1/NC_029083.1.sprot.tmp.3776864.blast
[17:15:09] Labelling remaining 168 proteins as 'hypothetical protein'
[17:15:09] Possible /pseudo 'Structural protein ORF10' at NC_029083.1 position 34076
[17:15:09] Possible /pseudo 'Structural protein ORF10' at NC_029083.1 position 34578
[17:15:09] Found 1 unique /gene codes.
[17:15:09] Fixed 0 colliding /gene names.
[17:15:09] Adding /locus_tag identifiers
[17:15:09] Assigned 186 locus_tags to CDS and RNA features.
[17:15:09] Writing outputs to results/PROKKA/VIRAL/genomes/NC_029083.1/

--------------------- WARNING ---------------------
MSG: Seq [CNGPELJD_00010]: Not using a valid initiator codon!
---------------------------------------------------

--------------------- WARNING ---------------------
MSG: Seq [CNGPELJD_00020]: Not using a valid initiator codon!
---------------------------------------------------

--------------------- WARNING ---------------------
MSG: Seq [CNGPELJD_00024]: Not using a valid initiator codon!
---------------------------------------------------

--------------------- WARNING ---------------------
MSG: Seq [CNGPELJD_00033]: Not using a valid initiator codon!
---------------------------------------------------

--------------------- WARNING ---------------------
MSG: Seq [CNGPELJD_00070]: Not using a valid initiator codon!
---------------------------------------------------

--------------------- WARNING ---------------------
MSG: Seq [CNGPELJD_00078]: Not using a valid initiator codon!
---------------------------------------------------

--------------------- WARNING ---------------------
MSG: Seq [CNGPELJD_00082]: Not using a valid initiator codon!
---------------------------------------------------

--------------------- WARNING ---------------------
MSG: Seq [CNGPELJD_00097]: Not using a valid initiator codon!
---------------------------------------------------

--------------------- WARNING ---------------------
MSG: Seq [CNGPELJD_00100]: Not using a valid initiator codon!
---------------------------------------------------

--------------------- WARNING ---------------------
MSG: Seq [CNGPELJD_00102]: Not using a valid initiator codon!
---------------------------------------------------

--------------------- WARNING ---------------------
MSG: Seq [CNGPELJD_00108]: Not using a valid initiator codon!
---------------------------------------------------

--------------------- WARNING ---------------------
MSG: Seq [CNGPELJD_00115]: Not using a valid initiator codon!
---------------------------------------------------

--------------------- WARNING ---------------------
MSG: Seq [CNGPELJD_00125]: Not using a valid initiator codon!
---------------------------------------------------

--------------------- WARNING ---------------------
MSG: Seq [CNGPELJD_00132]: Not using a valid initiator codon!
---------------------------------------------------
[17:15:09] Generating annotation statistics file
[17:15:09] Generating Genbank and Sequin files
[17:15:09] Running: tbl2asn -V b -a r10k -l paired-ends -M n -N 1 -y 'Annotated using prokka 1.14.6 from https://github.com/tseemann/prokka' -Z results\/PROKKA\/VIRAL\/genomes\/NC_029083\.1\/NC_029083\.1\.err -i results\/PROKKA\/VIRAL\/genomes\/NC_029083\.1\/NC_029083\.1\.fsa 2> /dev/null
[tbl2asn-forever] Found Prokka input, correcting dates in .gbf|.sqn files.
[tbl2asn-forever] Correcting dates in results/PROKKA/VIRAL/genomes/NC_029083.1/NC_029083.1.gbf
[tbl2asn-forever] Correcting dates in results/PROKKA/VIRAL/genomes/NC_029083.1/NC_029083.1.sqn
[tbl2asn-forever] Dates changed from 01-JAN-2019 to 01-JUL-2023
[17:15:09] Deleting unwanted file: results/PROKKA/VIRAL/genomes/NC_029083.1/errorsummary.val
[17:15:09] Deleting unwanted file: results/PROKKA/VIRAL/genomes/NC_029083.1/NC_029083.1.dr
[17:15:09] Deleting unwanted file: results/PROKKA/VIRAL/genomes/NC_029083.1/NC_029083.1.fixedproducts
[17:15:09] Deleting unwanted file: results/PROKKA/VIRAL/genomes/NC_029083.1/NC_029083.1.ecn
[17:15:09] Deleting unwanted file: results/PROKKA/VIRAL/genomes/NC_029083.1/NC_029083.1.val
[17:15:09] Repairing broken .GBK output that tbl2asn produces...
[17:15:09] Running: sed 's/COORDINATES: profile/COORDINATES:profile/' < results\/PROKKA\/VIRAL\/genomes\/NC_029083\.1\/NC_029083\.1\.gbf > results\/PROKKA\/VIRAL\/genomes\/NC_029083\.1\/NC_029083\.1\.gbk
[17:15:09] Deleting unwanted file: results/PROKKA/VIRAL/genomes/NC_029083.1/NC_029083.1.gbf
[17:15:09] Output files:
[17:15:09] results/PROKKA/VIRAL/genomes/NC_029083.1/NC_029083.1.log
[17:15:09] results/PROKKA/VIRAL/genomes/NC_029083.1/NC_029083.1.fna
[17:15:09] results/PROKKA/VIRAL/genomes/NC_029083.1/NC_029083.1.gff
[17:15:09] results/PROKKA/VIRAL/genomes/NC_029083.1/NC_029083.1.faa
[17:15:09] results/PROKKA/VIRAL/genomes/NC_029083.1/NC_029083.1.ffn
[17:15:09] results/PROKKA/VIRAL/genomes/NC_029083.1/NC_029083.1.tbl
[17:15:09] results/PROKKA/VIRAL/genomes/NC_029083.1/NC_029083.1.fsa
[17:15:09] results/PROKKA/VIRAL/genomes/NC_029083.1/NC_029083.1.tsv
[17:15:09] results/PROKKA/VIRAL/genomes/NC_029083.1/NC_029083.1.txt
[17:15:09] results/PROKKA/VIRAL/genomes/NC_029083.1/NC_029083.1.err
[17:15:09] results/PROKKA/VIRAL/genomes/NC_029083.1/NC_029083.1.sqn
[17:15:09] results/PROKKA/VIRAL/genomes/NC_029083.1/NC_029083.1.gbk
[17:15:09] Annotation finished successfully.
[17:15:09] Walltime used: 0.03 minutes
[17:15:09] If you use this result please cite the Prokka paper:
[17:15:09] Seemann T (2014) Prokka: rapid prokaryotic genome annotation. Bioinformatics. 30(14):2068-9.
[17:15:09] Type 'prokka --citation' for more details.
[17:15:09] Thank you, come again.
5.90user 0.77system 0:02.62elapsed 254%CPU (0avgtext+0avgdata 68392maxresident)k
1504inputs+21336outputs (0major+253448minor)pagefaults 0swaps

======================================================
End Time   : Sat Jul  1 17:15:09 EDT 2023
Run Time   : 4 seconds
======================================================

