=====================================================
Start Time  : Sat Jun 24 20:38:32 EDT 2023
Submit Dir  : /projects/raw_lab/jobs/metacerberus
Job ID/Name : 3995608 / InterProScan
Node List   : str-c105
Num Tasks   : 1 total [1 nodes @ 16 CPUs/node]
======================================================

Loading interproscan/5.60-92.0
  Loading requirement: anaconda3/2020.11 openjdk/15
======================================================
Running InterProScan On PHAGES/genomes/NC_048109.fna
======================================================
24/06/2023 20:38:33:574 Welcome to InterProScan-5.60-92.0
24/06/2023 20:38:33:575 Running InterProScan v5 in STANDALONE mode... on Linux
24/06/2023 20:38:37:582 RunID: str-c105.uncc.edu_20230624_203837410_15kr
24/06/2023 20:38:46:106 Loading file /projects/raw_lab/jobs/metacerberus/PHAGES/genomes/NC_048109.fna
24/06/2023 20:38:46:583 Running the following analyses:
[AntiFam-7.0,CDD-3.20,Coils-2.2.1,FunFam-4.3.0,Gene3D-4.3.0,Hamap-2021_04,MobiDBLite-2.0,PANTHER-17.0,Pfam-35.0,PIRSF-3.10,PIRSR-2021_05,PRINTS-42.0,ProSitePatterns-2022_01,ProSiteProfiles-2022_01,SFLD-4,SMART-7.1,SUPERFAMILY-1.75,TIGRFAM-15.0]
Pre-calculated match lookup service DISABLED.  Please wait for match calculations to complete...
24/06/2023 20:40:16:373 100% done:  InterProScan analyses completed 

2023-06-24 20:40:16,878 [main] [uk.ac.ebi.interpro.scan.jms.master.AbstractMaster:259] WARN - Master process unable to delete temporary directory /projects/raw_lab/jobs/metacerberus/temp/str-c105.uncc.edu_20230624_203837410_15kr
240.27user 23.37system 1:44.03elapsed 253%CPU (0avgtext+0avgdata 3215184maxresident)k
510064inputs+488800outputs (12major+1622694minor)pagefaults 0swaps

======================================================
End Time   : Sat Jun 24 20:40:16 EDT 2023
Run Time   : 104 seconds
======================================================

