=====================================================
Start Time  : Wed Jun 28 12:03:45 EDT 2023
Submit Dir  : /projects/raw_lab/jobs/metacerberus
Job ID/Name : 4041539 / PROKKA
Node List   : str-c102
Num Tasks   : 1 total [1 nodes @ 16 CPUs/node]
======================================================

Loading prokka/1.14.6
  Loading requirement: anaconda3/2022.10
======================================================
Running PROKKA On GTDB-100/genomes/bacteria/GCF_007677725.1.fna
======================================================
Bacteria
[12:03:48] This is prokka 1.14.6
[12:03:48] Written by Torsten Seemann <torsten.seemann@gmail.com>
[12:03:48] Homepage is https://github.com/tseemann/prokka
[12:03:48] Local time is Wed Jun 28 12:03:48 2023
[12:03:48] You are jlfiguer
[12:03:48] Operating system is linux
[12:03:48] You have BioPerl 1.7.8
Argument "1.7.8" isn't numeric in numeric lt (<) at /apps/pkg/anaconda3/2022.10/envs/prokka-1.14.6/bin/prokka line 259.
[12:03:48] System has 16 cores.
[12:03:48] Will use maximum of 16 cores.
[12:03:48] Annotating as >>> Bacteria <<<
[12:03:48] Generating locus_tag from 'GTDB-100/genomes/bacteria/GCF_007677725.1.fna' contents.
[12:03:48] Setting --locustag HOKABNPG from MD5 184ab79002b6e3d02728dbf8d3f49452
[12:03:48] Creating new output folder: results/PROKKA/GTDB-100/genomes/bacteria/GCF_007677725.1
[12:03:48] Running: mkdir -p results\/PROKKA\/GTDB\-100\/genomes\/bacteria\/GCF_007677725\.1
[12:03:48] Using filename prefix: GCF_007677725.1.XXX
[12:03:48] Setting HMMER_NCPU=1
[12:03:48] Writing log to: results/PROKKA/GTDB-100/genomes/bacteria/GCF_007677725.1/GCF_007677725.1.log
[12:03:48] Command: /apps/pkg/anaconda3/2022.10/envs/prokka-1.14.6/bin/prokka --prefix GCF_007677725.1 --outdir results/PROKKA/GTDB-100/genomes/bacteria/GCF_007677725.1 --kingdom Bacteria --cpus 16 GTDB-100/genomes/bacteria/GCF_007677725.1.fna
[12:03:48] Appending to PATH: /apps/pkg/anaconda3/2022.10/envs/prokka-1.14.6/bin
[12:03:48] Looking for 'aragorn' - found /apps/pkg/anaconda3/2022.10/envs/prokka-1.14.6/bin/aragorn
[12:03:48] Determined aragorn version is 001002 from 'ARAGORN v1.2.41 Dean Laslett'
[12:03:48] Looking for 'barrnap' - found /apps/pkg/anaconda3/2022.10/envs/prokka-1.14.6/bin/barrnap
[12:03:48] Determined barrnap version is 000009 from 'barrnap 0.9'
[12:03:48] Looking for 'blastp' - found /apps/pkg/anaconda3/2022.10/envs/prokka-1.14.6/bin/blastp
[12:03:48] Determined blastp version is 002013 from 'blastp: 2.13.0+'
[12:03:48] Looking for 'cmpress' - found /apps/pkg/anaconda3/2022.10/envs/prokka-1.14.6/bin/cmpress
[12:03:48] Determined cmpress version is 001001 from '# INFERNAL 1.1.4 (Dec 2020)'
[12:03:48] Looking for 'cmscan' - found /apps/pkg/anaconda3/2022.10/envs/prokka-1.14.6/bin/cmscan
[12:03:48] Determined cmscan version is 001001 from '# INFERNAL 1.1.4 (Dec 2020)'
[12:03:48] Looking for 'egrep' - found /usr/bin/egrep
[12:03:48] Looking for 'find' - found /usr/bin/find
[12:03:48] Looking for 'grep' - found /usr/bin/grep
[12:03:48] Looking for 'hmmpress' - found /apps/pkg/anaconda3/2022.10/envs/prokka-1.14.6/bin/hmmpress
[12:03:48] Determined hmmpress version is 003003 from '# HMMER 3.3.2 (Nov 2020); http://hmmer.org/'
[12:03:48] Looking for 'hmmscan' - found /apps/pkg/anaconda3/2022.10/envs/prokka-1.14.6/bin/hmmscan
[12:03:48] Determined hmmscan version is 003003 from '# HMMER 3.3.2 (Nov 2020); http://hmmer.org/'
[12:03:48] Looking for 'java' - found /apps/pkg/anaconda3/2022.10/envs/prokka-1.14.6/bin/java
[12:03:48] Looking for 'makeblastdb' - found /apps/pkg/anaconda3/2022.10/envs/prokka-1.14.6/bin/makeblastdb
[12:03:48] Determined makeblastdb version is 002013 from 'makeblastdb: 2.13.0+'
[12:03:48] Looking for 'minced' - found /apps/pkg/anaconda3/2022.10/envs/prokka-1.14.6/bin/minced
[12:03:48] Determined minced version is 004002 from 'minced 0.4.2'
[12:03:48] Looking for 'parallel' - found /apps/pkg/anaconda3/2022.10/envs/prokka-1.14.6/bin/parallel
[12:03:48] Determined parallel version is 20230122 from 'GNU parallel 20230122'
[12:03:48] Looking for 'prodigal' - found /apps/pkg/anaconda3/2022.10/envs/prokka-1.14.6/bin/prodigal
[12:03:48] Determined prodigal version is 002006 from 'Prodigal V2.6.3: February, 2016'
[12:03:48] Looking for 'prokka-genbank_to_fasta_db' - found /apps/pkg/anaconda3/2022.10/envs/prokka-1.14.6/bin/prokka-genbank_to_fasta_db
[12:03:48] Looking for 'sed' - found /usr/bin/sed
[12:03:48] Looking for 'tbl2asn' - found /apps/pkg/anaconda3/2022.10/envs/prokka-1.14.6/bin/tbl2asn
[12:03:48] Determined tbl2asn version is 025007 from 'tbl2asn 25.7   arguments:'
[12:03:48] Using genetic code table 11.
[12:03:48] Loading and checking input file: GTDB-100/genomes/bacteria/GCF_007677725.1.fna
[12:03:48] Wrote 90 contigs totalling 5090125 bp.
[12:03:48] Predicting tRNAs and tmRNAs
[12:03:48] Running: aragorn -l -gc11  -w results\/PROKKA\/GTDB\-100\/genomes\/bacteria\/GCF_007677725\.1\/GCF_007677725\.1\.fna
[12:03:50] 1 tRNA-Asn [21479,21554] 34 (gtt)
[12:03:50] 2 tRNA-Pro [21559,21635] 35 (tgg)
[12:03:50] 3 tRNA-Lys [21642,21717] 34 (ttt)
[12:03:50] 4 tRNA-Pro [21766,21842] 35 (tgg)
[12:03:50] 5 tRNA-Lys [21848,21923] 34 (ttt)
[12:03:50] 6 tRNA-Thr [28962,29037] 34 (cgt)
[12:03:50] 7 tRNA-Met c[89716,89792] 35 (cat)
[12:03:50] 8 tRNA-Gln c[108372,108446] 33 (ttg)
[12:03:50] 1 tRNA-Ser c[9454,9543] 35 (gga)
[12:03:50] 1 tRNA-Glu [14881,14956] 35 (ttc)
[12:03:50] 2 tRNA-Gly [14961,15036] 34 (gcc)
[12:03:50] 3 tRNA-Glu [15129,15204] 35 (ttc)
[12:03:50] 4 tRNA-Gly [15208,15283] 34 (gcc)
[12:03:50] 5 tRNA-Gly [15370,15445] 34 (gcc)
[12:03:50] 6 tRNA-Asn c[78914,78989] 34 (gtt)
[12:03:50] 7 tRNA-Ala [84365,84440] 34 (ggc)
[12:03:50] 8 tRNA-Glu [84513,84588] 35 (ttc)
[12:03:50] 9 tRNA-Ala [84640,84715] 34 (ggc)
[12:03:50] 10 tRNA-Glu [84758,84833] 35 (ttc)
[12:03:50] 11 tRNA-Ala [84896,84971] 34 (ggc)
[12:03:50] 12 tRNA-Glu [85014,85089] 35 (ttc)
[12:03:50] 13 tRNA-Val [111011,111086] 34 (tac)
[12:03:50] 1 tRNA-Val [95146,95221] 34 (tac)
[12:03:50] 2 tRNA-Asp [95235,95311] 35 (gtc)
[12:03:50] 3 tRNA-Val [95481,95556] 34 (tac)
[12:03:50] 4 tRNA-Asp [95570,95646] 35 (gtc)
[12:03:50] 1 tRNA-Ser [12593,12683] 35 (gct)
[12:03:50] 2 tRNA-Arg [12788,12863] 36 (acg)
[12:03:50] 3 tRNA-Arg [12963,13039] 35 (acg)
[12:03:50] 4 tRNA-Arg [16323,16397] 34 (cct)
[12:03:50] 1 tRNA-Asp [-1,76] 35 (gtc)
[12:03:50] 2 tRNA-Asp [214,290] 35 (gtc)
[12:03:50] 3 tRNA-Pro c[82301,82377] 35 (cgg)
[12:03:50] 4 tRNA-Arg [201509,201585] 35 (tct)
[12:03:50] 5 tRNA-His [201628,201703] 34 (gtg)
[12:03:50] 6 tRNA-Leu [201759,201843] 35 (tag)
[12:03:50] 7 tRNA-His [201887,201962] 34 (gtg)
[12:03:50] 8 tRNA-Gln [265133,265207] 33 (ttg)
[12:03:50] 9 tRNA-Cys [339090,339163] 33 (gca)
[12:03:50] 10 tRNA-Leu c[393228,393312] 35 (taa)
[12:03:50] 11 tRNA-Val [416358,416434] 35 (gac)
[12:03:50] 12 tRNA-Val [416610,416686] 35 (gac)
[12:03:50] 13 tRNA-Pro [436375,436451] 35 (ggg)
[12:03:50] 1 tRNA-Trp c[15385,15460] 34 (cca)
[12:03:50] 1 tRNA-Tyr [2467,2550] 35 (gta)
[12:03:50] 2 tRNA-Gly [2575,2648] 33 (tcc)
[12:03:50] 3 tRNA-Thr [2678,2753] 34 (ggt)
[12:03:50] 1 tRNA-Met [56582,56658] 35 (cat)
[12:03:50] 2 tRNA-Phe [183544,183619] 34 (gaa)
[12:03:50] 3 tRNA-Thr [193269,193344] 34 (tgt)
[12:03:50] 4 tRNA-Arg [289024,289100] 35 (ccg)
[12:03:50] tRNA c[350711,350807] is a pseudo/wacky gene - skipping.
[12:03:50] 6 tRNA-Gly c[392666,392764] 38 (gcc)
[12:03:50] 1 tRNA-Pro [715,796] 39 (cgg)
[12:03:50] 1 tRNA-Arg [3,79] 35 (acg)
[12:03:50] 2 tRNA-Arg [152,228] 35 (acg)
[12:03:51] 3 tRNA-Arg [300,376] 35 (acg)
[12:03:51] 4 tRNA-Arg [448,524] 35 (acg)
[12:03:51] 1 tRNA-Leu c[11749,11833] 35 (caa)
[12:03:51] 2 tRNA-Met c[355764,355840] 35 (cat)
[12:03:51] 3 tRNA-Met c[355986,356062] 35 (cat)
[12:03:51] 4 tRNA-Met c[356201,356277] 35 (cat)
[12:03:51] 5 tRNA-Lys [377370,377445] 34 (ttt)
[12:03:51] 6 tRNA-Ser [393949,394038] 35 (cga)
[12:03:51] 1 tRNA-Ala c[151,226] 34 (tgc)
[12:03:51] 2 tRNA-Ile c[251,327] 35 (gat)
[12:03:51] 1 tRNA-Ser c[396504,396593] 35 (tga)
[12:03:51] 2 tRNA-Gly c[451815,451890] 34 (gcc)
[12:03:51] 1 tRNA-Ser c[89607,89685] 38 (gct)
[12:03:51] 2 tRNA-Gly [136936,137009] 33 (ccc)
[12:03:51] 1 tRNA-Asp [-1,76] 35 (gtc)
[12:03:51] 2 tRNA-Asp [176,249] 35 (gtc)
[12:03:51] 1 tRNA-Val [-1,75] 34 (tac)
[12:03:51] 2 tRNA-Asp [143,217] 35 (gtc)
[12:03:51] 1 tRNA-Leu c[194248,194334] 35 (cag)
[12:03:51] 2 tRNA-Leu c[194422,194508] 35 (cag)
[12:03:51] 1 tRNA-SeC [30462,30557] 35 (tca)
[12:03:51] 2 tmRNA c[216524,216915] 97,138 ANDENYEGYALAA*
[12:03:51] 3 tRNA-Leu [245529,245614] 35 (gag)
[12:03:51] 4 tRNA-Met [245715,245791] 35 (cat)
[12:03:51] Found 79 tRNAs
[12:03:51] Predicting Ribosomal RNAs
[12:03:51] Running Barrnap with 16 threads
[12:03:52] 1 NZ_VEDF01000031.1 7 23S ribosomal RNA (partial)
[12:03:52] 2 NZ_VEDF01000033.1 3 16S ribosomal RNA
[12:03:52] 3 NZ_VEDF01000034.1 6 23S ribosomal RNA (partial)
[12:03:52] 4 NZ_VEDF01000061.1 139 5S ribosomal RNA
[12:03:52] Found 4 rRNAs
[12:03:52] Skipping ncRNA search, enable with --rfam if desired.
[12:03:52] Total of 82 tRNA + rRNA features
[12:03:52] Searching for CRISPR repeats
[12:03:52] Found 0 CRISPRs
[12:03:52] Predicting coding sequences
[12:03:52] Contigs total 5090125 bp, so using single mode
[12:03:52] Running: prodigal -i results\/PROKKA\/GTDB\-100\/genomes\/bacteria\/GCF_007677725\.1\/GCF_007677725\.1\.fna -c -m -g 11 -p single -f sco -q
[12:04:01] Excluding CDS which overlaps existing RNA (tRNA) at NZ_VEDF01000002.1:392101..392826 on + strand
[12:04:02] Excluding CDS which overlaps existing RNA (tRNA) at NZ_VEDF01000005.1:89445..92582 on + strand
[12:04:03] Found 4552 CDS
[12:04:03] Connecting features back to sequences
[12:04:03] Not using genus-specific database. Try --usegenus to enable it.
[12:04:03] Annotating CDS, please be patient.
[12:04:03] Will use 16 CPUs for similarity searching.
[12:04:05] There are still 4552 unannotated CDS left (started with 4552)
[12:04:05] Will use blast to search against /apps/pkg/anaconda3/2022.10/envs/prokka-1.14.6/db/kingdom/Bacteria/IS with 16 CPUs
[12:04:05] Running: cat results\/PROKKA\/GTDB\-100\/genomes\/bacteria\/GCF_007677725\.1\/GCF_007677725\.1\.IS\.tmp\.3079043\.faa | parallel --gnu --plain -j 16 --block 48315 --recstart '>' --pipe blastp -query - -db /apps/pkg/anaconda3/2022.10/envs/prokka-1.14.6/db/kingdom/Bacteria/IS -evalue 1e-30 -qcov_hsp_perc 90 -num_threads 1 -num_descriptions 1 -num_alignments 1 -seg no > results\/PROKKA\/GTDB\-100\/genomes\/bacteria\/GCF_007677725\.1\/GCF_007677725\.1\.IS\.tmp\.3079043\.blast 2> /dev/null
[12:04:12] Deleting unwanted file: results/PROKKA/GTDB-100/genomes/bacteria/GCF_007677725.1/GCF_007677725.1.IS.tmp.3079043.faa
[12:04:12] Deleting unwanted file: results/PROKKA/GTDB-100/genomes/bacteria/GCF_007677725.1/GCF_007677725.1.IS.tmp.3079043.blast
[12:04:13] There are still 4546 unannotated CDS left (started with 4552)
[12:04:13] Will use blast to search against /apps/pkg/anaconda3/2022.10/envs/prokka-1.14.6/db/kingdom/Bacteria/AMR with 16 CPUs
[12:04:13] Running: cat results\/PROKKA\/GTDB\-100\/genomes\/bacteria\/GCF_007677725\.1\/GCF_007677725\.1\.AMR\.tmp\.3079043\.faa | parallel --gnu --plain -j 16 --block 48252 --recstart '>' --pipe blastp -query - -db /apps/pkg/anaconda3/2022.10/envs/prokka-1.14.6/db/kingdom/Bacteria/AMR -evalue 1e-300 -qcov_hsp_perc 90 -num_threads 1 -num_descriptions 1 -num_alignments 1 -seg no > results\/PROKKA\/GTDB\-100\/genomes\/bacteria\/GCF_007677725\.1\/GCF_007677725\.1\.AMR\.tmp\.3079043\.blast 2> /dev/null
[12:04:19] Deleting unwanted file: results/PROKKA/GTDB-100/genomes/bacteria/GCF_007677725.1/GCF_007677725.1.AMR.tmp.3079043.faa
[12:04:19] Deleting unwanted file: results/PROKKA/GTDB-100/genomes/bacteria/GCF_007677725.1/GCF_007677725.1.AMR.tmp.3079043.blast
[12:04:20] There are still 4545 unannotated CDS left (started with 4552)
[12:04:20] Will use blast to search against /apps/pkg/anaconda3/2022.10/envs/prokka-1.14.6/db/kingdom/Bacteria/sprot with 16 CPUs
[12:04:20] Running: cat results\/PROKKA\/GTDB\-100\/genomes\/bacteria\/GCF_007677725\.1\/GCF_007677725\.1\.sprot\.tmp\.3079043\.faa | parallel --gnu --plain -j 16 --block 48219 --recstart '>' --pipe blastp -query - -db /apps/pkg/anaconda3/2022.10/envs/prokka-1.14.6/db/kingdom/Bacteria/sprot -evalue 1e-09 -qcov_hsp_perc 80 -num_threads 1 -num_descriptions 1 -num_alignments 1 -seg no > results\/PROKKA\/GTDB\-100\/genomes\/bacteria\/GCF_007677725\.1\/GCF_007677725\.1\.sprot\.tmp\.3079043\.blast 2> /dev/null
[12:04:45] Modify product: Probable lipid II flippase MurJ => putative lipid II flippase MurJ
[12:04:45] Modify product: Probable RNA polymerase sigma factor FecI => putative RNA polymerase sigma factor FecI
[12:04:45] Modify product: Epimerase family protein SA0724 => Epimerase family protein
[12:04:45] Modify product: Uncharacterized protein PA3922 => putative protein
[12:04:45] Modify product: Probable lipoprotein YiaD => putative lipoprotein YiaD
[12:04:45] Modify product: Probable amino-acid metabolite efflux pump => putative amino-acid metabolite efflux pump
[12:04:45] Modify product: UPF0145 protein YbjQ => hypothetical protein
[12:04:45] Modify product: Cytochrome b561 homolog 1 => Cytochrome b561 
[12:04:45] Modify product: Phosphorylated carbohydrates phosphatase TM_1254 => Phosphorylated carbohydrates phosphatase
[12:04:45] Modify product: Uncharacterized oxidoreductase MSMEG_2408/MSMEI_2347 => putative oxidoreductase/MSMEI_2347
[12:04:45] Modify product: Probable succinyl-CoA:3-ketoacid coenzyme A transferase subunit A => putative succinyl-CoA:3-ketoacid coenzyme A transferase subunit A
[12:04:45] Modify product: Probable succinyl-CoA:3-ketoacid coenzyme A transferase subunit B => putative succinyl-CoA:3-ketoacid coenzyme A transferase subunit B
[12:04:45] Modify product: UPF0053 inner membrane protein YoaE => hypothetical protein
[12:04:45] Modify product: Probable cyclic di-GMP phosphodiesterase PdeG => putative cyclic di-GMP phosphodiesterase PdeG
[12:04:45] Modify product: Uncharacterized protein HI_1163 => putative protein
[12:04:45] Modify product: Uncharacterized MFS-type transporter YhhS => putative MFS-type transporter YhhS
[12:04:45] Modify product: Glycogen operon protein GlgX homolog => Glycogen operon protein GlgX 
[12:04:45] Modify product: Probable allantoin permease => putative allantoin permease
[12:04:45] Modify product: Probable membrane transporter protein YfcA => putative membrane transporter protein YfcA
[12:04:45] Modify product: Probable membrane transporter protein YfcA => putative membrane transporter protein YfcA
[12:04:45] Modify product: Probable protease SohB => putative protease SohB
[12:04:45] Modify product: Uncharacterized HTH-type transcriptional regulator Rv1395 => putative HTH-type transcriptional regulator
[12:04:45] Modify product: Uncharacterized acyl-CoA thioester hydrolase HI_0827 => putative acyl-CoA thioester hydrolase
[12:04:45] Modify product: Probable GABA permease => putative GABA permease
[12:04:45] Modify product: Probable chromosome-partitioning protein ParB => putative chromosome-partitioning protein ParB
[12:04:45] Modify product: Probable metallo-hydrolase BURPS1710b_2304 => putative metallo-hydrolase
[12:04:45] Modify product: Uncharacterized protein YqjD => putative protein YqjD
[12:04:45] Modify product: Uncharacterized methyltransferase YcgJ => putative methyltransferase YcgJ
[12:04:45] Modify product: USG-1 protein homolog => USG-1 protein 
[12:04:45] Modify product: Uncharacterized protein YphB => putative protein YphB
[12:04:45] Modify product: Solute-binding protein Bpro_3107 => Solute-binding protein
[12:04:45] Modify product: Probable 2-dehydro-3-deoxygalactonokinase DgoK1 => putative 2-dehydro-3-deoxygalactonokinase DgoK1
[12:04:45] Modify product: Uncharacterized protein YfgD => putative protein YfgD
[12:04:46] Modify product: Putative outer membrane protein NMB0088 => Putative outer membrane protein
[12:04:46] Modify product: Uncharacterized MFS-type transporter YcaD => putative MFS-type transporter YcaD
[12:04:46] Modify product: Probable D,D-dipeptide transport system permease protein DdpC => putative D,D-dipeptide transport system permease protein DdpC
[12:04:46] Modify product: Zinc-type alcohol dehydrogenase-like protein SA1988 => Zinc-type alcohol dehydrogenase-like protein
[12:04:46] Modify product: Uncharacterized protein PA3922 => putative protein
[12:04:46] Modify product: Probable sulfoacetate transporter SauU => putative sulfoacetate transporter SauU
[12:04:46] Modify product: Uncharacterized ABC transporter ATP-binding protein Rv0986 => putative ABC transporter ATP-binding protein
[12:04:46] Modify product: Probable lipid kinase YegS => putative lipid kinase YegS
[12:04:46] Modify product: Uncharacterized protein YcbX => putative protein YcbX
[12:04:46] Modify product: Universal stress protein A homolog 2 => Universal stress protein A 
[12:04:46] Modify product: Putative formate dehydrogenase SA2102 => Putative formate dehydrogenase
[12:04:46] Modify product: Bifunctional protein FolD => Bifunctional protein FolD protein
[12:04:46] Modify product: Uncharacterized NTE family protein Rv1063c => putative NTE family protein
[12:04:46] Modify product: UPF0502 protein PSPTO_2686 => hypothetical protein
[12:04:46] Modify product: UPF0053 inner membrane protein YoaE => hypothetical protein
[12:04:46] Modify product: Probable chromate transport protein => putative chromate transport protein
[12:04:46] Modify product: Probable transporter SCO4007 => putative transporter
[12:04:46] Modify product: Uncharacterized transporter YycB => putative transporter YycB
[12:04:46] Modify product: Uncharacterized amino acid permease YhdG => putative amino acid permease YhdG
[12:04:46] Modify product: Uncharacterized MFS-type transporter Rv2456c => putative MFS-type transporter
[12:04:46] Modify product: Shikimate dehydrogenase-like protein HI_0607 => Shikimate dehydrogenase-like protein
[12:04:46] Modify product: Probable 3-hydroxybutyryl-CoA dehydrogenase => putative 3-hydroxybutyryl-CoA dehydrogenase
[12:04:46] Modify product: Probable transcriptional regulatory protein YebC => putative transcriptional regulatory protein YebC
[12:04:46] Modify product: Stress response UPF0229 protein YhbH => hypothetical protein
[12:04:46] Modify product: Probable glycerol-3-phosphate acyltransferase => putative glycerol-3-phosphate acyltransferase
[12:04:46] Modify product: Probable RNA polymerase sigma factor FecI => putative RNA polymerase sigma factor FecI
[12:04:46] Modify product: Probable M18 family aminopeptidase 2 => putative M18 family aminopeptidase 2
[12:04:46] Modify product: Probable phosphatase Rv3661 => putative phosphatase
[12:04:46] Modify product: Uncharacterized protein YcgM => putative protein YcgM
[12:04:46] Modify product: Uncharacterized signaling protein PA1727 => putative signaling protein
[12:04:46] Modify product: Probable efflux pump outer membrane protein TtgC => putative efflux pump outer membrane protein TtgC
[12:04:46] Modify product: Probable glucarate transporter => putative glucarate transporter
[12:04:46] Modify product: Probable 5-dehydro-4-deoxyglucarate dehydratase => putative 5-dehydro-4-deoxyglucarate dehydratase
[12:04:46] Modify product: Uncharacterized signaling protein PA1727 => putative signaling protein
[12:04:46] Modify product: 23S rRNA 5-hydroxycytidine C2501 synthase => 23S rRNA 5-hydroxycytidine synthase
[12:04:46] Modify product: Uncharacterized HTH-type transcriptional regulator Rv1395 => putative HTH-type transcriptional regulator
[12:04:46] Modify product: Probable intracellular septation protein A => putative intracellular septation protein A
[12:04:46] Modify product: Uncharacterized protein YciO => putative protein YciO
[12:04:46] Modify product: Cytochrome b561 homolog 1 => Cytochrome b561 
[12:04:46] Modify product: Uncharacterized protein Rv1480 => putative protein
[12:04:46] Modify product: Probable transcriptional regulatory protein pdtaR => putative transcriptional regulatory protein pdtaR
[12:04:46] Modify product: Uncharacterized protein HI_0341 => putative protein
[12:04:46] Modify product: Uncharacterized protein YqjD => putative protein YqjD
[12:04:46] Modify product: Uncharacterized metal-dependent hydrolase YjjV => putative metal-dependent hydrolase YjjV
[12:04:46] Modify product: Probable 3-phenylpropionic acid transporter => putative 3-phenylpropionic acid transporter
[12:04:46] Modify product: Probable DNA endonuclease SmrA => putative DNA endonuclease SmrA
[12:04:46] Modify product: Ribonuclease TTHA0252 => Ribonuclease
[12:04:46] Modify product: Uncharacterized oxidoreductase YciK => putative oxidoreductase YciK
[12:04:46] Modify product: Uncharacterized inner membrane transporter YhbE => putative inner membrane transporter YhbE
[12:04:46] Modify product: UPF0270 protein PA3463 => hypothetical protein
[12:04:46] Modify product: Uncharacterized ABC transporter ATP-binding protein YheS => putative ABC transporter ATP-binding protein YheS
[12:04:46] Modify product: Probable hydrolase YcaC => putative hydrolase YcaC
[12:04:46] Modify product: Probable hydrolase YcaC => putative hydrolase YcaC
[12:04:46] Modify product: Uncharacterized protein Rv3292 => putative protein
[12:04:46] Modify product: UPF0758 protein YsxA => hypothetical protein
[12:04:46] Modify product: UPF0701 protein HI_0467 => hypothetical protein
[12:04:46] Modify product: Phosphate-specific transport system accessory protein PhoU homolog => Phosphate-specific transport system accessory protein PhoU 
[12:04:46] Modify product: Uncharacterized acyl-CoA thioester hydrolase HI_0827 => putative acyl-CoA thioester hydrolase
[12:04:46] Modify product: Probable GTP-binding protein EngB => putative GTP-binding protein EngB
[12:04:46] Modify product: Probable cyclic di-GMP phosphodiesterase PdeB => putative cyclic di-GMP phosphodiesterase PdeB
[12:04:46] Modify product: Probable ribonucleotide transport ATP-binding protein mkl => putative ribonucleotide transport ATP-binding protein mkl
[12:04:46] Modify product: UPF0053 inner membrane protein YgdQ => hypothetical protein
[12:04:46] Modify product: Probable ABC transporter phosphite binding protein PhnD1 => putative ABC transporter phosphite binding protein PhnD1
[12:04:46] Modify product: Probable diguanylate cyclase DgcC => putative diguanylate cyclase DgcC
[12:04:46] Modify product: UPF0070 protein HI_0370 => hypothetical protein
[12:04:46] Modify product: Probable TonB-dependent receptor BfrD => putative TonB-dependent receptor BfrD
[12:04:46] Modify product: PKHD-type hydroxylase Sbal_3634 => PKHD-type hydroxylase
[12:04:46] Modify product: UPF0307 protein PSPTO_4464 => hypothetical protein
[12:04:46] Modify product: Uncharacterized GST-like protein YibF => putative GST-like protein YibF
[12:04:46] Modify product: Probable acyltransferase YihG => putative acyltransferase YihG
[12:04:46] Modify product: Probable N-methylproline demethylase => putative N-methylproline demethylase
[12:04:46] Modify product: Probable RNA polymerase sigma factor FecI => putative RNA polymerase sigma factor FecI
[12:04:46] Modify product: Probable Fe(2+)-trafficking protein => putative Fe(2+)-trafficking protein
[12:04:47] Modify product: Uncharacterized protein YfhP => putative protein YfhP
[12:04:47] Modify product: Probable RNA polymerase sigma factor FecI => putative RNA polymerase sigma factor FecI
[12:04:47] Modify product: Uncharacterized ABC transporter ATP-binding protein YbiT => putative ABC transporter ATP-binding protein YbiT
[12:04:47] Modify product: Uncharacterized MFS-type transporter YhhS => putative MFS-type transporter YhhS
[12:04:47] Modify product: Uncharacterized protein Rv2850c => putative protein
[12:04:47] Modify product: Probable fimbrial chaperone YadV => putative fimbrial chaperone YadV
[12:04:47] Modify product: Probable major fimbrial subunit LpfA => putative major fimbrial subunit LpfA
[12:04:47] Modify product: Uncharacterized ABC transporter ATP-binding protein YadG => putative ABC transporter ATP-binding protein YadG
[12:04:47] Modify product: UPF0434 protein PFL_1779 => hypothetical protein
[12:04:47] Modify product: Putative low molecular weight protein-tyrosine-phosphatase slr0328 => Putative low molecular weight protein-tyrosine-phosphatase
[12:04:47] Modify product: Uncharacterized metal-dependent hydrolase YcfH => putative metal-dependent hydrolase YcfH
[12:04:47] Modify product: Acetyltransferase SACOL1063 => Acetyltransferase
[12:04:47] Modify product: Probable alginate O-acetylase AlgJ => putative alginate O-acetylase AlgJ
[12:04:47] Modify product: 23S rRNA 5-hydroxycytidine C2501 synthase => 23S rRNA 5-hydroxycytidine synthase
[12:04:47] Modify product: Uncharacterized protein Rv0906 => putative protein
[12:04:47] Modify product: Uncharacterized signaling protein PA1727 => putative signaling protein
[12:04:47] Modify product: UPF0761 membrane protein YihY => hypothetical protein
[12:04:47] Modify product: Putative multidrug export ATP-binding/permease protein SAV1866 => Putative multidrug export ATP-binding/permease protein
[12:04:47] Modify product: Probable xanthine dehydrogenase subunit A => putative xanthine dehydrogenase subunit A
[12:04:47] Modify product: Putative anti-sigma factor antagonist TM_1442 => Putative anti-sigma factor antagonist
[12:04:47] Modify product: Uncharacterized protein HI_1082 => putative protein
[12:04:47] Modify product: Uncharacterized transporter YycB => putative transporter YycB
[12:04:47] Modify product: Probable sugar-binding periplasmic protein => putative sugar-binding periplasmic protein
[12:04:47] Modify product: GTP cyclohydrolase 1 type 2 homolog => GTP cyclohydrolase 1 type 2 
[12:04:47] Modify product: UPF0053 inner membrane protein YfjD => hypothetical protein
[12:04:47] Modify product: Uncharacterized protein YaeQ => putative protein YaeQ
[12:04:47] Modify product: Probable biofilm formation methyltransferase WspC => putative biofilm formation methyltransferase WspC
[12:04:47] Modify product: Uncharacterized protein Rv1998c => putative protein
[12:04:47] Modify product: Probable cardiolipin synthase YwiE => putative cardiolipin synthase YwiE
[12:04:47] Modify product: Uncharacterized HTH-type transcriptional regulator Rv1985c => putative HTH-type transcriptional regulator
[12:04:47] Modify product: UPF0234 protein XC_3703 => hypothetical protein
[12:04:47] Modify product: Probable peptidoglycan glycosyltransferase FtsW => putative peptidoglycan glycosyltransferase FtsW
[12:04:47] Modify product: GTP cyclohydrolase 1 type 2 homolog => GTP cyclohydrolase 1 type 2 
[12:04:47] Modify product: Uncharacterized ABC transporter ATP-binding protein YknY => putative ABC transporter ATP-binding protein YknY
[12:04:47] Modify product: Probable alginate O-acetylase AlgJ => putative alginate O-acetylase AlgJ
[12:04:47] Modify product: Uncharacterized FAD-linked oxidoreductase Rv2280 => putative FAD-linked oxidoreductase
[12:04:47] Modify product: Uncharacterized transporter YycB => putative transporter YycB
[12:04:47] Modify product: Probable RNA polymerase sigma factor FecI => putative RNA polymerase sigma factor FecI
[12:04:47] Modify product: Probable formate transporter 1 => putative formate transporter 1
[12:04:47] Modify product: Uncharacterized ABC transporter ATP-binding protein YheS => putative ABC transporter ATP-binding protein YheS
[12:04:47] Modify product: Probable multidrug resistance protein EmrY => putative multidrug resistance protein EmrY
[12:04:47] Modify product: Prophage bactoprenol glucosyl transferase homolog => Prophage bactoprenol glucosyl transferase 
[12:04:47] Modify product: Putative short-chain type dehydrogenase/reductase Rv0148 => Putative short-chain type dehydrogenase/reductase
[12:04:47] Modify product: Uncharacterized protein PA3435 => putative protein
[12:04:47] Modify product: Cyclic diguanosine monophosphate-binding protein PA4608 => Cyclic diguanosine monophosphate-binding protein
[12:04:47] Modify product: Putative monooxygenase Rv0793 => Putative monooxygenase
[12:04:47] Modify product: Probable enoyl-CoA hydratase echA8 => putative enoyl-CoA hydratase echA8
[12:04:47] Modify product: Uncharacterized oxidoreductase Rv1144 => putative oxidoreductase
[12:04:47] Modify product: Uncharacterized ABC transporter ATP-binding protein YejF => putative ABC transporter ATP-binding protein YejF
[12:04:47] Modify product: Fanconi-associated nuclease 1 homolog => Fanconi-associated nuclease 1 
[12:04:47] Modify product: Probable zinc-binding alcohol dehydrogenase Rv1895 => putative zinc-binding alcohol dehydrogenase
[12:04:47] Modify product: Probable galactarate transporter => putative galactarate transporter
[12:04:47] Modify product: UPF0324 inner membrane protein YeiH => hypothetical protein
[12:04:47] Modify product: STAS-domain containing protein PA14_20770 => STAS-domain containing protein
[12:04:47] Modify product: Probable deoxyribonuclease RhsA => putative deoxyribonuclease RhsA
[12:04:47] Modify product: UPF0225 protein YchJ => hypothetical protein
[12:04:47] Modify product: DNA-binding protein VF_0530 => DNA-binding protein
[12:04:47] Modify product: Probable TonB-dependent receptor NMB0964 => putative TonB-dependent receptor
[12:04:48] Modify product: Probable sulfate transporter Rv1739c => putative sulfate transporter
[12:04:48] Modify product: Probable 2-ketoarginine decarboxylase AruI => putative 2-ketoarginine decarboxylase AruI
[12:04:48] Modify product: Probable efflux pump periplasmic linker TtgA => putative efflux pump periplasmic linker TtgA
[12:04:48] Modify product: Probable efflux pump outer membrane protein TtgC => putative efflux pump outer membrane protein TtgC
[12:04:48] Modify product: Uncharacterized ABC transporter ATP-binding protein Rv0986 => putative ABC transporter ATP-binding protein
[12:04:48] Modify product: Riboflavin biosynthesis protein VVA0006 => Riboflavin biosynthesis protein
[12:04:48] Modify product: Probable enoyl-CoA hydratase 1 => putative enoyl-CoA hydratase 1
[12:04:48] Modify product: Probable nicotinate-nucleotide adenylyltransferase => putative nicotinate-nucleotide adenylyltransferase
[12:04:48] Modify product: Probable murein peptide carboxypeptidase => putative murein peptide carboxypeptidase
[12:04:48] Modify product: Uncharacterized inner membrane transporter YedA => putative inner membrane transporter YedA
[12:04:48] Modify product: Acetyltransferase PA3944 => Acetyltransferase
[12:04:48] Modify product: Probable glucarate transporter => putative glucarate transporter
[12:04:48] Modify product: Probable GABA permease => putative GABA permease
[12:04:48] Modify product: UPF0153 protein YeiW => hypothetical protein
[12:04:48] Modify product: Probable xanthine dehydrogenase subunit A => putative xanthine dehydrogenase subunit A
[12:04:48] Modify product: Probable copper-importing P-type ATPase A => putative copper-importing P-type ATPase A
[12:04:48] Modify product: Probable xanthine dehydrogenase subunit D => putative xanthine dehydrogenase subunit D
[12:04:48] Modify product: Urea transporter DVU1160 => Urea transporter
[12:04:48] Modify product: Probable allantoin permease => putative allantoin permease
[12:04:48] Modify product: Probable protein kinase UbiB => putative protein kinase UbiB
[12:04:48] Modify product: UPF0301 protein AlgH => hypothetical protein
[12:04:48] Modify product: UPF0073 inner membrane protein YqfA => hypothetical protein
[12:04:48] Modify product: Cytochrome b561 homolog 2 => Cytochrome b561 
[12:04:48] Modify product: Uncharacterized signaling protein CC_0091 => putative signaling protein
[12:04:48] Modify product: Uncharacterized protein HI_0933 => putative protein
[12:04:48] Modify product: Probable transport protein HsrA => putative transport protein HsrA
[12:04:48] Modify product: Probable FAD-dependent oxidoreductase PA4991 => putative FAD-dependent oxidoreductase
[12:04:48] Modify product: Multidrug transporter PA4990 => Multidrug transporter
[12:04:48] Modify product: UPF0126 inner membrane protein YicG => hypothetical protein
[12:04:48] Modify product: UPF0758 protein => hypothetical protein
[12:04:48] Modify product: Uncharacterized protein PA14_33160 => putative protein
[12:04:48] Modify product: Probable alginate O-acetylase AlgJ => putative alginate O-acetylase AlgJ
[12:04:48] Modify product: UPF0178 protein YaiI => hypothetical protein
[12:04:48] Modify product: UPF0056 inner membrane protein YhgN => hypothetical protein
[12:04:48] Modify product: Uncharacterized Nudix hydrolase YfcD => putative Nudix hydrolase YfcD
[12:04:48] Modify product: Uncharacterized protein YciH => putative protein YciH
[12:04:48] Modify product: Uncharacterized protein Rv2004c => putative protein
[12:04:48] Modify product: Protein FdhE homolog => Protein FdhE 
[12:04:48] Modify product: Probable binding protein component of ABC iron transporter PA5217 => putative binding protein component of ABC iron transporter
[12:04:48] Modify product: Probable D-methionine-binding lipoprotein MetQ => putative D-methionine-binding lipoprotein MetQ
[12:04:48] Modify product: Uncharacterized FAD-linked oxidoreductase Rv2280 => putative FAD-linked oxidoreductase
[12:04:48] Modify product: Uncharacterized protein YcgM => putative protein YcgM
[12:04:48] Modify product: Uncharacterized protein YjiK => putative protein YjiK
[12:04:48] Modify product: Uncharacterized protein YjiK => putative protein YjiK
[12:04:48] Modify product: Uncharacterized membrane protein NMB1645 => putative membrane protein
[12:04:48] Modify product: Uncharacterized zinc protease Rv2782c => putative zinc protease
[12:04:48] Modify product: Uncharacterized zinc protease Rv2782c => putative zinc protease
[12:04:48] Modify product: UPF0382 membrane protein YwdK => hypothetical protein
[12:04:48] Modify product: Uncharacterized protein HI_0755 => putative protein
[12:04:48] Modify product: Uncharacterized protein YibN => putative protein YibN
[12:04:48] Cleaned 214 /product names
[12:04:48] Deleting unwanted file: results/PROKKA/GTDB-100/genomes/bacteria/GCF_007677725.1/GCF_007677725.1.sprot.tmp.3079043.faa
[12:04:48] Deleting unwanted file: results/PROKKA/GTDB-100/genomes/bacteria/GCF_007677725.1/GCF_007677725.1.sprot.tmp.3079043.blast
[12:04:49] There are still 2052 unannotated CDS left (started with 4552)
[12:04:49] Will use hmmer3 to search against /apps/pkg/anaconda3/2022.10/envs/prokka-1.14.6/db/hmm/HAMAP.hmm with 16 CPUs
[12:04:49] Running: cat results\/PROKKA\/GTDB\-100\/genomes\/bacteria\/GCF_007677725\.1\/GCF_007677725\.1\.HAMAP\.hmm\.tmp\.3079043\.faa | parallel --gnu --plain -j 16 --block 19448 --recstart '>' --pipe hmmscan --noali --notextw --acc -E 1e-09 --cpu 1 /apps/pkg/anaconda3/2022.10/envs/prokka-1.14.6/db/hmm/HAMAP.hmm /dev/stdin > results\/PROKKA\/GTDB\-100\/genomes\/bacteria\/GCF_007677725\.1\/GCF_007677725\.1\.HAMAP\.hmm\.tmp\.3079043\.hmmer3 2> /dev/null
[12:05:00] Modify product: Uncharacterized MFS-type transporter YcaD => putative MFS-type transporter YcaD
[12:05:00] Modify product: Uncharacterized MFS-type transporter YcaD => putative MFS-type transporter YcaD
[12:05:00] Modify product: Uncharacterized MFS-type transporter YcaD => putative MFS-type transporter YcaD
[12:05:00] Modify product: Uncharacterized Nudix hydrolase NudL => putative Nudix hydrolase NudL
[12:05:01] Cleaned 4 /product names
[12:05:01] Deleting unwanted file: results/PROKKA/GTDB-100/genomes/bacteria/GCF_007677725.1/GCF_007677725.1.HAMAP.hmm.tmp.3079043.faa
[12:05:01] Deleting unwanted file: results/PROKKA/GTDB-100/genomes/bacteria/GCF_007677725.1/GCF_007677725.1.HAMAP.hmm.tmp.3079043.hmmer3
[12:05:01] Labelling remaining 1789 proteins as 'hypothetical protein'
[12:05:01] Possible /pseudo 'Putative aliphatic sulfonates-binding protein' at NZ_VEDF01000013.1 position 5264
[12:05:01] Possible /pseudo 'L-carnitine dehydrogenase' at NZ_VEDF01000002.1 position 156274
[12:05:01] Possible /pseudo 'Dibenzothiophene desulfurization enzyme C' at NZ_VEDF01000002.1 position 257720
[12:05:01] Possible /pseudo 'Glycine betaine transport system permease protein OpuAB' at NZ_VEDF01000002.1 position 490047
[12:05:01] Possible /pseudo 'Periplasmic dipeptide transport protein' at NZ_VEDF01000003.1 position 66192
[12:05:01] Possible /pseudo 'Arginine/ornithine antiporter' at NZ_VEDF01000003.1 position 142386
[12:05:01] Possible /pseudo 'Protein-glutamate methylesterase/protein-glutamine glutaminase' at NZ_VEDF01000003.1 position 239935
[12:05:01] Possible /pseudo 'Long-chain-fatty-acid--CoA ligase' at NZ_VEDF01000003.1 position 479168
[12:05:01] Possible /pseudo 'Sensor histidine kinase RcsC' at NZ_VEDF01000004.1 position 193188
[12:05:01] Possible /pseudo 'L-cystine transport system permease protein YecS' at NZ_VEDF01000004.1 position 368196
[12:05:01] Possible /pseudo 'Isocitrate dehydrogenase [NADP]' at NZ_VEDF01000004.1 position 417370
[12:05:01] Possible /pseudo 'Mannuronan synthase' at NZ_VEDF01000004.1 position 458935
[12:05:01] Possible /pseudo 'Mannuronan synthase' at NZ_VEDF01000005.1 position 318779
[12:05:01] Possible /pseudo 'Methyl-accepting chemotaxis protein McpQ' at NZ_VEDF01000007.1 position 39254
[12:05:01] Possible /pseudo 'Formate dehydrogenase-O major subunit' at NZ_VEDF01000008.1 position 22022
[12:05:01] Possible /pseudo 'putative protein YjiK' at NZ_VEDF01000009.1 position 113146
[12:05:01] Found 2030 unique /gene codes.
[12:05:01] Fixed 3 duplicate /gene - puuP_1 puuP_2 puuP_3
[12:05:01] Fixed 2 duplicate /gene - occM_1 occM_2
[12:05:01] Fixed 2 duplicate /gene - mqo_1 mqo_2
[12:05:01] Fixed 2 duplicate /gene - fadB_1 fadB_2
[12:05:01] Fixed 2 duplicate /gene - amiC_1 amiC_2
[12:05:01] Fixed 2 duplicate /gene - ftsH_1 ftsH_2
[12:05:01] Fixed 4 duplicate /gene - ttgI_1 ttgI_2 ttgI_3 ttgI_4
[12:05:01] Fixed 2 duplicate /gene - tauD_1 tauD_2
[12:05:01] Fixed 3 duplicate /gene - yycB_1 yycB_2 yycB_3
[12:05:01] Fixed 2 duplicate /gene - ydiK_1 ydiK_2
[12:05:01] Fixed 2 duplicate /gene - moxC_1 moxC_2
[12:05:01] Fixed 2 duplicate /gene - phoP_1 phoP_2
[12:05:01] Fixed 2 duplicate /gene - fdx_1 fdx_2
[12:05:01] Fixed 2 duplicate /gene - algL_1 algL_2
[12:05:01] Fixed 2 duplicate /gene - metN_1 metN_2
[12:05:01] Fixed 2 duplicate /gene - bcr_1 bcr_2
[12:05:01] Fixed 2 duplicate /gene - hprA_1 hprA_2
[12:05:01] Fixed 3 duplicate /gene - exbD_1 exbD_2 exbD_3
[12:05:01] Fixed 2 duplicate /gene - sir_1 sir_2
[12:05:01] Fixed 2 duplicate /gene - norR_1 norR_2
[12:05:01] Fixed 2 duplicate /gene - yqjD_1 yqjD_2
[12:05:01] Fixed 2 duplicate /gene - benM_1 benM_2
[12:05:01] Fixed 2 duplicate /gene - lcdH_1 lcdH_2
[12:05:01] Fixed 3 duplicate /gene - slyA_1 slyA_2 slyA_3
[12:05:01] Fixed 2 duplicate /gene - pucI_1 pucI_2
[12:05:01] Fixed 2 duplicate /gene - dctA2_1 dctA2_2
[12:05:01] Fixed 2 duplicate /gene - tyrR_1 tyrR_2
[12:05:01] Fixed 2 duplicate /gene - yeaD_1 yeaD_2
[12:05:01] Fixed 2 duplicate /gene - mcpS_1 mcpS_2
[12:05:01] Fixed 2 duplicate /gene - egtB_1 egtB_2
[12:05:01] Fixed 2 duplicate /gene - moaB_1 moaB_2
[12:05:01] Fixed 2 duplicate /gene - prsE_1 prsE_2
[12:05:01] Fixed 3 duplicate /gene - cynR_1 cynR_2 cynR_3
[12:05:01] Fixed 2 duplicate /gene - argE_1 argE_2
[12:05:01] Fixed 2 duplicate /gene - prmC_1 prmC_2
[12:05:01] Fixed 2 duplicate /gene - ppiC_1 ppiC_2
[12:05:01] Fixed 2 duplicate /gene - napA_1 napA_2
[12:05:01] Fixed 3 duplicate /gene - pagL_1 pagL_2 pagL_3
[12:05:01] Fixed 2 duplicate /gene - trpD_1 trpD_2
[12:05:01] Fixed 3 duplicate /gene - yhaJ_1 yhaJ_2 yhaJ_3
[12:05:01] Fixed 3 duplicate /gene - mcpU_1 mcpU_2 mcpU_3
[12:05:01] Fixed 5 duplicate /gene - puuA_1 puuA_2 puuA_3 puuA_4 puuA_5
[12:05:01] Fixed 8 duplicate /gene - cdhR_1 cdhR_2 cdhR_3 cdhR_4 cdhR_5 cdhR_6 cdhR_7 cdhR_8
[12:05:01] Fixed 2 duplicate /gene - mrdA_1 mrdA_2
[12:05:01] Fixed 2 duplicate /gene - yphA_1 yphA_2
[12:05:01] Fixed 2 duplicate /gene - aer_1 aer_2
[12:05:01] Fixed 2 duplicate /gene - lolE_1 lolE_2
[12:05:01] Fixed 2 duplicate /gene - motB_1 motB_2
[12:05:01] Fixed 3 duplicate /gene - livF_1 livF_2 livF_3
[12:05:01] Fixed 6 duplicate /gene - puuB_1 puuB_2 puuB_3 puuB_4 puuB_5 puuB_6
[12:05:01] Fixed 2 duplicate /gene - hsaB_1 hsaB_2
[12:05:01] Fixed 2 duplicate /gene - oxyR_1 oxyR_2
[12:05:01] Fixed 2 duplicate /gene - dsbB_1 dsbB_2
[12:05:01] Fixed 2 duplicate /gene - fcuA_1 fcuA_2
[12:05:01] Fixed 2 duplicate /gene - pfeS_1 pfeS_2
[12:05:01] Fixed 5 duplicate /gene - ompR_1 ompR_2 ompR_3 ompR_4 ompR_5
[12:05:01] Fixed 2 duplicate /gene - glyA_1 glyA_2
[12:05:01] Fixed 2 duplicate /gene - map_1 map_2
[12:05:01] Fixed 2 duplicate /gene - bfr_1 bfr_2
[12:05:01] Fixed 3 duplicate /gene - ttgC_1 ttgC_2 ttgC_3
[12:05:01] Fixed 2 duplicate /gene - ydeP_1 ydeP_2
[12:05:01] Fixed 2 duplicate /gene - lldR_1 lldR_2
[12:05:01] Fixed 2 duplicate /gene - gltD_1 gltD_2
[12:05:01] Fixed 2 duplicate /gene - rhlB_1 rhlB_2
[12:05:01] Fixed 2 duplicate /gene - arcD_1 arcD_2
[12:05:01] Fixed 3 duplicate /gene - dapA_1 dapA_2 dapA_3
[12:05:01] Fixed 3 duplicate /gene - fpvA_1 fpvA_2 fpvA_3
[12:05:01] Fixed 2 duplicate /gene - pdhR_1 pdhR_2
[12:05:01] Fixed 16 duplicate /gene - dmlR_1 dmlR_2 dmlR_3 dmlR_4 dmlR_5 dmlR_6 dmlR_7 dmlR_8 dmlR_9 dmlR_10 dmlR_11 dmlR_12 dmlR_13 dmlR_14 dmlR_15 dmlR_16
[12:05:01] Fixed 2 duplicate /gene - mobA_1 mobA_2
[12:05:01] Fixed 2 duplicate /gene - yedK_1 yedK_2
[12:05:01] Fixed 2 duplicate /gene - gpFI_1 gpFI_2
[12:05:01] Fixed 2 duplicate /gene - tusA_1 tusA_2
[12:05:01] Fixed 2 duplicate /gene - spuC_1 spuC_2
[12:05:01] Fixed 7 duplicate /gene - btuB_1 btuB_2 btuB_3 btuB_4 btuB_5 btuB_6 btuB_7
[12:05:01] Fixed 2 duplicate /gene - dltA_1 dltA_2
[12:05:01] Fixed 2 duplicate /gene - algD_1 algD_2
[12:05:01] Fixed 2 duplicate /gene - gudP_1 gudP_2
[12:05:01] Fixed 2 duplicate /gene - fumC_1 fumC_2
[12:05:01] Fixed 2 duplicate /gene - alg8_1 alg8_2
[12:05:01] Fixed 2 duplicate /gene - yodB_1 yodB_2
[12:05:01] Fixed 3 duplicate /gene - nudC_1 nudC_2 nudC_3
[12:05:01] Fixed 2 duplicate /gene - rmlD_1 rmlD_2
[12:05:01] Fixed 2 duplicate /gene - yrdA_1 yrdA_2
[12:05:01] Fixed 2 duplicate /gene - yfcA_1 yfcA_2
[12:05:01] Fixed 2 duplicate /gene - puuR_1 puuR_2
[12:05:01] Fixed 2 duplicate /gene - mupP_1 mupP_2
[12:05:01] Fixed 2 duplicate /gene - hmp_1 hmp_2
[12:05:01] Fixed 5 duplicate /gene - gltC_1 gltC_2 gltC_3 gltC_4 gltC_5
[12:05:01] Fixed 3 duplicate /gene - patA_1 patA_2 patA_3
[12:05:01] Fixed 3 duplicate /gene - hmuU_1 hmuU_2 hmuU_3
[12:05:01] Fixed 2 duplicate /gene - pncC_1 pncC_2
[12:05:01] Fixed 2 duplicate /gene - htpX_1 htpX_2
[12:05:01] Fixed 2 duplicate /gene - gcvH_1 gcvH_2
[12:05:01] Fixed 2 duplicate /gene - sodB_1 sodB_2
[12:05:01] Fixed 2 duplicate /gene - sotB_1 sotB_2
[12:05:01] Fixed 2 duplicate /gene - thiE_1 thiE_2
[12:05:01] Fixed 3 duplicate /gene - spuD_1 spuD_2 spuD_3
[12:05:01] Fixed 2 duplicate /gene - citN_1 citN_2
[12:05:01] Fixed 5 duplicate /gene - xerC_1 xerC_2 xerC_3 xerC_4 xerC_5
[12:05:01] Fixed 5 duplicate /gene - hdfR_1 hdfR_2 hdfR_3 hdfR_4 hdfR_5
[12:05:01] Fixed 2 duplicate /gene - rhlE_1 rhlE_2
[12:05:01] Fixed 2 duplicate /gene - aes_1 aes_2
[12:05:01] Fixed 3 duplicate /gene - acsA_1 acsA_2 acsA_3
[12:05:01] Fixed 7 duplicate /gene - oprD_1 oprD_2 oprD_3 oprD_4 oprD_5 oprD_6 oprD_7
[12:05:01] Fixed 2 duplicate /gene - pstS_1 pstS_2
[12:05:01] Fixed 2 duplicate /gene - dnaK_1 dnaK_2
[12:05:01] Fixed 8 duplicate /gene - pal_1 pal_2 pal_3 pal_4 pal_5 pal_6 pal_7 pal_8
[12:05:01] Fixed 3 duplicate /gene - dctD_1 dctD_2 dctD_3
[12:05:01] Fixed 2 duplicate /gene - murG_1 murG_2
[12:05:01] Fixed 2 duplicate /gene - ghrB_1 ghrB_2
[12:05:01] Fixed 2 duplicate /gene - cspA_1 cspA_2
[12:05:01] Fixed 2 duplicate /gene - btuE_1 btuE_2
[12:05:01] Fixed 2 duplicate /gene - resA_1 resA_2
[12:05:01] Fixed 2 duplicate /gene - nrtD_1 nrtD_2
[12:05:01] Fixed 2 duplicate /gene - yheS_1 yheS_2
[12:05:01] Fixed 2 duplicate /gene - argP_1 argP_2
[12:05:01] Fixed 2 duplicate /gene - ghrA_1 ghrA_2
[12:05:01] Fixed 2 duplicate /gene - apaH_1 apaH_2
[12:05:01] Fixed 2 duplicate /gene - blc_1 blc_2
[12:05:01] Fixed 2 duplicate /gene - rlmL_1 rlmL_2
[12:05:01] Fixed 2 duplicate /gene - hyuA_1 hyuA_2
[12:05:01] Fixed 4 duplicate /gene - lgrB_1 lgrB_2 lgrB_3 lgrB_4
[12:05:01] Fixed 2 duplicate /gene - aldA_1 aldA_2
[12:05:01] Fixed 2 duplicate /gene - soxC_1 soxC_2
[12:05:01] Fixed 3 duplicate /gene - zwf_1 zwf_2 zwf_3
[12:05:01] Fixed 3 duplicate /gene - algJ_1 algJ_2 algJ_3
[12:05:01] Fixed 2 duplicate /gene - imm_1 imm_2
[12:05:01] Fixed 2 duplicate /gene - COQ3_1 COQ3_2
[12:05:01] Fixed 20 duplicate /gene - rcsC_1 rcsC_2 rcsC_3 rcsC_4 rcsC_5 rcsC_6 rcsC_7 rcsC_8 rcsC_9 rcsC_10 rcsC_11 rcsC_12 rcsC_13 rcsC_14 rcsC_15 rcsC_16 rcsC_17 rcsC_18 rcsC_19 rcsC_20
[12:05:01] Fixed 2 duplicate /gene - rep_1 rep_2
[12:05:01] Fixed 3 duplicate /gene - qorA_1 qorA_2 qorA_3
[12:05:01] Fixed 3 duplicate /gene - bdlA_1 bdlA_2 bdlA_3
[12:05:01] Fixed 2 duplicate /gene - purU_1 purU_2
[12:05:01] Fixed 3 duplicate /gene - rutR_1 rutR_2 rutR_3
[12:05:01] Fixed 3 duplicate /gene - ssuB_1 ssuB_2 ssuB_3
[12:05:01] Fixed 2 duplicate /gene - ftsN_1 ftsN_2
[12:05:01] Fixed 2 duplicate /gene - ybaN_1 ybaN_2
[12:05:01] Fixed 4 duplicate /gene - decR_1 decR_2 decR_3 decR_4
[12:05:01] Fixed 6 duplicate /gene - ssuA_1 ssuA_2 ssuA_3 ssuA_4 ssuA_5 ssuA_6
[12:05:01] Fixed 2 duplicate /gene - crtI_1 crtI_2
[12:05:01] Fixed 2 duplicate /gene - pncB2_1 pncB2_2
[12:05:01] Fixed 3 duplicate /gene - lrp_1 lrp_2 lrp_3
[12:05:01] Fixed 2 duplicate /gene - sbp_1 sbp_2
[12:05:01] Fixed 2 duplicate /gene - ccoP2_1 ccoP2_2
[12:05:01] Fixed 2 duplicate /gene - xthA_1 xthA_2
[12:05:01] Fixed 2 duplicate /gene - entS_1 entS_2
[12:05:01] Fixed 2 duplicate /gene - icd_1 icd_2
[12:05:01] Fixed 2 duplicate /gene - iscS_1 iscS_2
[12:05:01] Fixed 2 duplicate /gene - zupT_1 zupT_2
[12:05:01] Fixed 3 duplicate /gene - rssB_1 rssB_2 rssB_3
[12:05:01] Fixed 2 duplicate /gene - metQ_1 metQ_2
[12:05:01] Fixed 3 duplicate /gene - abaF_1 abaF_2 abaF_3
[12:05:01] Fixed 3 duplicate /gene - clpP_1 clpP_2 clpP_3
[12:05:01] Fixed 2 duplicate /gene - capB_1 capB_2
[12:05:01] Fixed 2 duplicate /gene - tyrB_1 tyrB_2
[12:05:01] Fixed 2 duplicate /gene - bepC_1 bepC_2
[12:05:01] Fixed 11 duplicate /gene - sasA_1 sasA_2 sasA_3 sasA_4 sasA_5 sasA_6 sasA_7 sasA_8 sasA_9 sasA_10 sasA_11
[12:05:01] Fixed 4 duplicate /gene - dmdC_1 dmdC_2 dmdC_3 dmdC_4
[12:05:01] Fixed 2 duplicate /gene - der_1 der_2
[12:05:01] Fixed 5 duplicate /gene - mmgC_1 mmgC_2 mmgC_3 mmgC_4 mmgC_5
[12:05:01] Fixed 2 duplicate /gene - uppP_1 uppP_2
[12:05:01] Fixed 2 duplicate /gene - namA_1 namA_2
[12:05:01] Fixed 2 duplicate /gene - yhhW_1 yhhW_2
[12:05:01] Fixed 6 duplicate /gene - fecR_1 fecR_2 fecR_3 fecR_4 fecR_5 fecR_6
[12:05:01] Fixed 2 duplicate /gene - algA_1 algA_2
[12:05:01] Fixed 2 duplicate /gene - livH_1 livH_2
[12:05:01] Fixed 5 duplicate /gene - rhaR_1 rhaR_2 rhaR_3 rhaR_4 rhaR_5
[12:05:01] Fixed 4 duplicate /gene - dppA_1 dppA_2 dppA_3 dppA_4
[12:05:01] Fixed 2 duplicate /gene - znuB_1 znuB_2
[12:05:01] Fixed 7 duplicate /gene - btuD_1 btuD_2 btuD_3 btuD_4 btuD_5 btuD_6 btuD_7
[12:05:01] Fixed 2 duplicate /gene - bmr3_1 bmr3_2
[12:05:01] Fixed 2 duplicate /gene - cpdR_1 cpdR_2
[12:05:01] Fixed 2 duplicate /gene - soj_1 soj_2
[12:05:01] Fixed 2 duplicate /gene - atpH_1 atpH_2
[12:05:01] Fixed 5 duplicate /gene - fabG_1 fabG_2 fabG_3 fabG_4 fabG_5
[12:05:01] Fixed 2 duplicate /gene - apxIB_1 apxIB_2
[12:05:01] Fixed 2 duplicate /gene - dsbD_1 dsbD_2
[12:05:01] Fixed 2 duplicate /gene - spuE_1 spuE_2
[12:05:01] Fixed 2 duplicate /gene - clpV1_1 clpV1_2
[12:05:01] Fixed 2 duplicate /gene - proA_1 proA_2
[12:05:01] Fixed 3 duplicate /gene - lexA_1 lexA_2 lexA_3
[12:05:01] Fixed 2 duplicate /gene - fliY_1 fliY_2
[12:05:01] Fixed 2 duplicate /gene - rlhA_1 rlhA_2
[12:05:01] Fixed 3 duplicate /gene - lcfB_1 lcfB_2 lcfB_3
[12:05:01] Fixed 3 duplicate /gene - betA_1 betA_2 betA_3
[12:05:01] Fixed 2 duplicate /gene - quiP_1 quiP_2
[12:05:01] Fixed 2 duplicate /gene - metR_1 metR_2
[12:05:01] Fixed 2 duplicate /gene - rapA_1 rapA_2
[12:05:01] Fixed 4 duplicate /gene - potA_1 potA_2 potA_3 potA_4
[12:05:01] Fixed 2 duplicate /gene - ycaC_1 ycaC_2
[12:05:01] Fixed 3 duplicate /gene - gabP_1 gabP_2 gabP_3
[12:05:01] Fixed 2 duplicate /gene - puuD_1 puuD_2
[12:05:01] Fixed 2 duplicate /gene - inaA_1 inaA_2
[12:05:01] Fixed 2 duplicate /gene - fdoG_1 fdoG_2
[12:05:01] Fixed 2 duplicate /gene - rarD_1 rarD_2
[12:05:01] Fixed 2 duplicate /gene - qseB_1 qseB_2
[12:05:01] Fixed 2 duplicate /gene - aroF_1 aroF_2
[12:05:01] Fixed 2 duplicate /gene - emrB_1 emrB_2
[12:05:01] Fixed 2 duplicate /gene - gatA_1 gatA_2
[12:05:01] Fixed 3 duplicate /gene - ssuC_1 ssuC_2 ssuC_3
[12:05:01] Fixed 2 duplicate /gene - nicT_1 nicT_2
[12:05:01] Fixed 5 duplicate /gene - cheB_1 cheB_2 cheB_3 cheB_4 cheB_5
[12:05:01] Fixed 2 duplicate /gene - aroQ1_1 aroQ1_2
[12:05:01] Fixed 2 duplicate /gene - phnX_1 phnX_2
[12:05:01] Fixed 2 duplicate /gene - ycgM_1 ycgM_2
[12:05:01] Fixed 3 duplicate /gene - lutR_1 lutR_2 lutR_3
[12:05:01] Fixed 3 duplicate /gene - ydhP_1 ydhP_2 ydhP_3
[12:05:01] Fixed 2 duplicate /gene - envZ_1 envZ_2
[12:05:01] Fixed 2 duplicate /gene - pitA_1 pitA_2
[12:05:01] Fixed 2 duplicate /gene - bmrA_1 bmrA_2
[12:05:01] Fixed 2 duplicate /gene - algX_1 algX_2
[12:05:01] Fixed 2 duplicate /gene - fabD_1 fabD_2
[12:05:01] Fixed 4 duplicate /gene - glnQ_1 glnQ_2 glnQ_3 glnQ_4
[12:05:01] Fixed 4 duplicate /gene - emrA_1 emrA_2 emrA_3 emrA_4
[12:05:01] Fixed 2 duplicate /gene - intA_1 intA_2
[12:05:01] Fixed 2 duplicate /gene - leuA_1 leuA_2
[12:05:01] Fixed 2 duplicate /gene - yejB_1 yejB_2
[12:05:01] Fixed 2 duplicate /gene - gcd_1 gcd_2
[12:05:01] Fixed 3 duplicate /gene - dapH_1 dapH_2 dapH_3
[12:05:01] Fixed 2 duplicate /gene - nodD2_1 nodD2_2
[12:05:01] Fixed 2 duplicate /gene - mcpQ_1 mcpQ_2
[12:05:01] Fixed 2 duplicate /gene - copA_1 copA_2
[12:05:01] Fixed 3 duplicate /gene - mnmC_1 mnmC_2 mnmC_3
[12:05:01] Fixed 2 duplicate /gene - hyuC_1 hyuC_2
[12:05:01] Fixed 2 duplicate /gene - tmk_1 tmk_2
[12:05:01] Fixed 2 duplicate /gene - nagR_1 nagR_2
[12:05:01] Fixed 2 duplicate /gene - argC_1 argC_2
[12:05:01] Fixed 2 duplicate /gene - rlpA_1 rlpA_2
[12:05:01] Fixed 2 duplicate /gene - hexR_1 hexR_2
[12:05:01] Fixed 5 duplicate /gene - proP_1 proP_2 proP_3 proP_4 proP_5
[12:05:01] Fixed 3 duplicate /gene - yecS_1 yecS_2 yecS_3
[12:05:01] Fixed 2 duplicate /gene - braC_1 braC_2
[12:05:01] Fixed 2 duplicate /gene - aroP_1 aroP_2
[12:05:01] Fixed 3 duplicate /gene - bepA_1 bepA_2 bepA_3
[12:05:01] Fixed 2 duplicate /gene - bcp_1 bcp_2
[12:05:01] Fixed 2 duplicate /gene - cysG_1 cysG_2
[12:05:01] Fixed 2 duplicate /gene - algF_1 algF_2
[12:05:01] Fixed 2 duplicate /gene - gcvT_1 gcvT_2
[12:05:01] Fixed 2 duplicate /gene - uacT_1 uacT_2
[12:05:01] Fixed 2 duplicate /gene - polC_1 polC_2
[12:05:01] Fixed 2 duplicate /gene - dksA_1 dksA_2
[12:05:01] Fixed 2 duplicate /gene - yhbO_1 yhbO_2
[12:05:01] Fixed 2 duplicate /gene - fadD_1 fadD_2
[12:05:01] Fixed 5 duplicate /gene - cmpR_1 cmpR_2 cmpR_3 cmpR_4 cmpR_5
[12:05:01] Fixed 2 duplicate /gene - dmoA_1 dmoA_2
[12:05:01] Fixed 2 duplicate /gene - argD_1 argD_2
[12:05:01] Fixed 2 duplicate /gene - cobO_1 cobO_2
[12:05:01] Fixed 2 duplicate /gene - zapE_1 zapE_2
[12:05:01] Fixed 3 duplicate /gene - rutC_1 rutC_2 rutC_3
[12:05:01] Fixed 2 duplicate /gene - kgtP_1 kgtP_2
[12:05:01] Fixed 3 duplicate /gene - lptB_1 lptB_2 lptB_3
[12:05:01] Fixed 3 duplicate /gene - glpE_1 glpE_2 glpE_3
[12:05:01] Fixed 2 duplicate /gene - ahpC_1 ahpC_2
[12:05:01] Fixed 3 duplicate /gene - yfcG_1 yfcG_2 yfcG_3
[12:05:01] Fixed 3 duplicate /gene - menH_1 menH_2 menH_3
[12:05:01] Fixed 2 duplicate /gene - yhhS_1 yhhS_2
[12:05:01] Fixed 3 duplicate /gene - ttuB_1 ttuB_2 ttuB_3
[12:05:01] Fixed 2 duplicate /gene - yejE_1 yejE_2
[12:05:01] Fixed 2 duplicate /gene - uvrA_1 uvrA_2
[12:05:01] Fixed 4 duplicate /gene - tolQ_1 tolQ_2 tolQ_3 tolQ_4
[12:05:01] Fixed 3 duplicate /gene - cntO_1 cntO_2 cntO_3
[12:05:01] Fixed 3 duplicate /gene - aaeA_1 aaeA_2 aaeA_3
[12:05:01] Fixed 2 duplicate /gene - ilvA_1 ilvA_2
[12:05:01] Fixed 3 duplicate /gene - dinG_1 dinG_2 dinG_3
[12:05:01] Fixed 2 duplicate /gene - phaC_1 phaC_2
[12:05:01] Fixed 3 duplicate /gene - aaeB_1 aaeB_2 aaeB_3
[12:05:01] Fixed 2 duplicate /gene - bamA_1 bamA_2
[12:05:01] Fixed 2 duplicate /gene - fpr_1 fpr_2
[12:05:01] Fixed 2 duplicate /gene - tam_1 tam_2
[12:05:01] Fixed 3 duplicate /gene - gabR_1 gabR_2 gabR_3
[12:05:01] Fixed 9 duplicate /gene - gcvA_1 gcvA_2 gcvA_3 gcvA_4 gcvA_5 gcvA_6 gcvA_7 gcvA_8 gcvA_9
[12:05:01] Fixed 2 duplicate /gene - ggt_1 ggt_2
[12:05:01] Fixed 2 duplicate /gene - rhtB_1 rhtB_2
[12:05:01] Fixed 2 duplicate /gene - acoR_1 acoR_2
[12:05:01] Fixed 3 duplicate /gene - cheV_1 cheV_2 cheV_3
[12:05:01] Fixed 2 duplicate /gene - kstR2_1 kstR2_2
[12:05:01] Fixed 6 duplicate /gene - rhaS_1 rhaS_2 rhaS_3 rhaS_4 rhaS_5 rhaS_6
[12:05:01] Fixed 3 duplicate /gene - smc_1 smc_2 smc_3
[12:05:01] Fixed 2 duplicate /gene - eamB_1 eamB_2
[12:05:01] Fixed 4 duplicate /gene - mshA_1 mshA_2 mshA_3 mshA_4
[12:05:01] Fixed 4 duplicate /gene - opuAB_1 opuAB_2 opuAB_3 opuAB_4
[12:05:01] Fixed 3 duplicate /gene - tdcG_1 tdcG_2 tdcG_3
[12:05:01] Fixed 2 duplicate /gene - csrA_1 csrA_2
[12:05:01] Fixed 2 duplicate /gene - thlA_1 thlA_2
[12:05:01] Fixed 2 duplicate /gene - fadJ_1 fadJ_2
[12:05:01] Fixed 2 duplicate /gene - macA_1 macA_2
[12:05:01] Fixed 2 duplicate /gene - pucA_1 pucA_2
[12:05:01] Fixed 3 duplicate /gene - ydcV_1 ydcV_2 ydcV_3
[12:05:01] Fixed 2 duplicate /gene - macB_1 macB_2
[12:05:01] Fixed 2 duplicate /gene - yjiK_1 yjiK_2
[12:05:01] Fixed 4 duplicate /gene - ycaD_1 ycaD_2 ycaD_3 ycaD_4
[12:05:01] Fixed 3 duplicate /gene - mdtB_1 mdtB_2 mdtB_3
[12:05:01] Fixed 3 duplicate /gene - oprB_1 oprB_2 oprB_3
[12:05:01] Fixed 3 duplicate /gene - catD_1 catD_2 catD_3
[12:05:01] Fixed 2 duplicate /gene - amtB_1 amtB_2
[12:05:01] Fixed 2 duplicate /gene - fbp_1 fbp_2
[12:05:01] Fixed 2 duplicate /gene - gltR_1 gltR_2
[12:05:01] Fixed 5 duplicate /gene - fecI_1 fecI_2 fecI_3 fecI_4 fecI_5
[12:05:01] Fixed 3 duplicate /gene - dctB_1 dctB_2 dctB_3
[12:05:01] Fixed 3 duplicate /gene - cpdA_1 cpdA_2 cpdA_3
[12:05:01] Fixed 2 duplicate /gene - greB_1 greB_2
[12:05:01] Fixed 2 duplicate /gene - ccoN1_1 ccoN1_2
[12:05:01] Fixed 3 duplicate /gene - puuC_1 puuC_2 puuC_3
[12:05:01] Fixed 4 duplicate /gene - mltF_1 mltF_2 mltF_3 mltF_4
[12:05:01] Fixed 5 duplicate /gene - mdtA_1 mdtA_2 mdtA_3 mdtA_4 mdtA_5
[12:05:01] Fixed 4 duplicate /gene - nicP_1 nicP_2 nicP_3 nicP_4
[12:05:01] Fixed 2 duplicate /gene - hcpA_1 hcpA_2
[12:05:01] Fixed 2 duplicate /gene - kdgR_1 kdgR_2
[12:05:01] Fixed 2 duplicate /gene - kdkA_1 kdkA_2
[12:05:01] Fixed 2 duplicate /gene - ribBA_1 ribBA_2
[12:05:01] Fixed 2 duplicate /gene - tcyC_1 tcyC_2
[12:05:01] Fixed 2 duplicate /gene - atoC_1 atoC_2
[12:05:01] Fixed 2 duplicate /gene - aaeX_1 aaeX_2
[12:05:01] Fixed 2 duplicate /gene - nimR_1 nimR_2
[12:05:01] Fixed 2 duplicate /gene - aroE_1 aroE_2
[12:05:01] Fixed 2 duplicate /gene - dnaB_1 dnaB_2
[12:05:01] Fixed 2 duplicate /gene - hcp1_1 hcp1_2
[12:05:01] Fixed 2 duplicate /gene - nanT_1 nanT_2
[12:05:01] Fixed 2 duplicate /gene - lolD_1 lolD_2
[12:05:01] Fixed 3 duplicate /gene - prtR_1 prtR_2 prtR_3
[12:05:01] Fixed 2 duplicate /gene - bauD_1 bauD_2
[12:05:01] Fixed 3 duplicate /gene - bvgA_1 bvgA_2 bvgA_3
[12:05:01] Fixed 2 duplicate /gene - lon_1 lon_2
[12:05:01] Fixed 2 duplicate /gene - hcaB_1 hcaB_2
[12:05:01] Fixed 4 duplicate /gene - hisC_1 hisC_2 hisC_3 hisC_4
[12:05:01] Fixed 2 duplicate /gene - def_1 def_2
[12:05:01] Fixed 3 duplicate /gene - norG_1 norG_2 norG_3
[12:05:01] Fixed 4 duplicate /gene - pcpR_1 pcpR_2 pcpR_3 pcpR_4
[12:05:01] Fixed 2 duplicate /gene - dgoT_1 dgoT_2
[12:05:01] Fixed 2 duplicate /gene - aphA_1 aphA_2
[12:05:01] Fixed 331 colliding /gene names.
[12:05:01] Adding /locus_tag identifiers
[12:05:01] Assigned 4635 locus_tags to CDS and RNA features.
[12:05:01] Writing outputs to results/PROKKA/GTDB-100/genomes/bacteria/GCF_007677725.1/
[12:05:03] Generating annotation statistics file
[12:05:03] Generating Genbank and Sequin files
[12:05:03] Running: tbl2asn -V b -a r10k -l paired-ends -M n -N 1 -y 'Annotated using prokka 1.14.6 from https://github.com/tseemann/prokka' -Z results\/PROKKA\/GTDB\-100\/genomes\/bacteria\/GCF_007677725\.1\/GCF_007677725\.1\.err -i results\/PROKKA\/GTDB\-100\/genomes\/bacteria\/GCF_007677725\.1\/GCF_007677725\.1\.fsa 2> /dev/null
[tbl2asn-forever] Found Prokka input, correcting dates in .gbf|.sqn files.
[tbl2asn-forever] Correcting dates in results/PROKKA/GTDB-100/genomes/bacteria/GCF_007677725.1/GCF_007677725.1.gbf
[tbl2asn-forever] Correcting dates in results/PROKKA/GTDB-100/genomes/bacteria/GCF_007677725.1/GCF_007677725.1.sqn
[tbl2asn-forever] Dates changed from 01-JAN-2019 to 28-JUN-2023
[12:05:12] Deleting unwanted file: results/PROKKA/GTDB-100/genomes/bacteria/GCF_007677725.1/errorsummary.val
[12:05:12] Deleting unwanted file: results/PROKKA/GTDB-100/genomes/bacteria/GCF_007677725.1/GCF_007677725.1.dr
[12:05:12] Deleting unwanted file: results/PROKKA/GTDB-100/genomes/bacteria/GCF_007677725.1/GCF_007677725.1.fixedproducts
[12:05:12] Deleting unwanted file: results/PROKKA/GTDB-100/genomes/bacteria/GCF_007677725.1/GCF_007677725.1.ecn
[12:05:12] Deleting unwanted file: results/PROKKA/GTDB-100/genomes/bacteria/GCF_007677725.1/GCF_007677725.1.val
[12:05:12] Repairing broken .GBK output that tbl2asn produces...
[12:05:12] Running: sed 's/COORDINATES: profile/COORDINATES:profile/' < results\/PROKKA\/GTDB\-100\/genomes\/bacteria\/GCF_007677725\.1\/GCF_007677725\.1\.gbf > results\/PROKKA\/GTDB\-100\/genomes\/bacteria\/GCF_007677725\.1\/GCF_007677725\.1\.gbk
[12:05:12] Deleting unwanted file: results/PROKKA/GTDB-100/genomes/bacteria/GCF_007677725.1/GCF_007677725.1.gbf
[12:05:12] Output files:
[12:05:12] results/PROKKA/GTDB-100/genomes/bacteria/GCF_007677725.1/GCF_007677725.1.log
[12:05:12] results/PROKKA/GTDB-100/genomes/bacteria/GCF_007677725.1/GCF_007677725.1.fna
[12:05:12] results/PROKKA/GTDB-100/genomes/bacteria/GCF_007677725.1/GCF_007677725.1.gff
[12:05:12] results/PROKKA/GTDB-100/genomes/bacteria/GCF_007677725.1/GCF_007677725.1.faa
[12:05:12] results/PROKKA/GTDB-100/genomes/bacteria/GCF_007677725.1/GCF_007677725.1.ffn
[12:05:12] results/PROKKA/GTDB-100/genomes/bacteria/GCF_007677725.1/GCF_007677725.1.tbl
[12:05:12] results/PROKKA/GTDB-100/genomes/bacteria/GCF_007677725.1/GCF_007677725.1.fsa
[12:05:12] results/PROKKA/GTDB-100/genomes/bacteria/GCF_007677725.1/GCF_007677725.1.tsv
[12:05:12] results/PROKKA/GTDB-100/genomes/bacteria/GCF_007677725.1/GCF_007677725.1.txt
[12:05:12] results/PROKKA/GTDB-100/genomes/bacteria/GCF_007677725.1/GCF_007677725.1.err
[12:05:12] results/PROKKA/GTDB-100/genomes/bacteria/GCF_007677725.1/GCF_007677725.1.sqn
[12:05:12] results/PROKKA/GTDB-100/genomes/bacteria/GCF_007677725.1/GCF_007677725.1.gbk
[12:05:12] Annotation finished successfully.
[12:05:12] Walltime used: 1.40 minutes
[12:05:12] If you use this result please cite the Prokka paper:
[12:05:12] Seemann T (2014) Prokka: rapid prokaryotic genome annotation. Bioinformatics. 30(14):2068-9.
[12:05:12] Type 'prokka --citation' for more details.
[12:05:12] Thank you, come again.
652.27user 57.54system 1:24.58elapsed 839%CPU (0avgtext+0avgdata 288488maxresident)k
144232inputs+366712outputs (42major+9043470minor)pagefaults 0swaps

======================================================
End Time   : Wed Jun 28 12:05:13 EDT 2023
Run Time   : 88 seconds
======================================================

