=====================================================
Start Time  : Sat Jul  1 17:14:25 EDT 2023
Submit Dir  : /projects/raw_lab/jobs/metacerberus
Job ID/Name : 4128761 / PROKKA
Node List   : str-c105
Num Tasks   : 1 total [1 nodes @ 16 CPUs/node]
======================================================

Loading prokka/1.14.6
  Loading requirement: anaconda3/2022.10
======================================================
Running PROKKA On CPR/SAMN03319353.fna
======================================================
Viruses
[17:14:27] This is prokka 1.14.6
[17:14:27] Written by Torsten Seemann <torsten.seemann@gmail.com>
[17:14:27] Homepage is https://github.com/tseemann/prokka
[17:14:27] Local time is Sat Jul  1 17:14:27 2023
[17:14:27] You are jlfiguer
[17:14:27] Operating system is linux
[17:14:27] You have BioPerl 1.7.8
Argument "1.7.8" isn't numeric in numeric lt (<) at /apps/pkg/anaconda3/2022.10/envs/prokka-1.14.6/bin/prokka line 259.
[17:14:27] System has 16 cores.
[17:14:27] Will use maximum of 16 cores.
[17:14:27] Annotating as >>> Viruses <<<
[17:14:27] Generating locus_tag from 'CPR/SAMN03319353.fna' contents.
[17:14:27] Setting --locustag KBGEEFIB from MD5 4b0eef2b1ae2bf0d5a626bc6b633a689
[17:14:27] Creating new output folder: results/PROKKA/CPR/SAMN03319353
[17:14:27] Running: mkdir -p results\/PROKKA\/CPR\/SAMN03319353
[17:14:27] Using filename prefix: SAMN03319353.XXX
[17:14:27] Setting HMMER_NCPU=1
[17:14:27] Writing log to: results/PROKKA/CPR/SAMN03319353/SAMN03319353.log
[17:14:27] Command: /apps/pkg/anaconda3/2022.10/envs/prokka-1.14.6/bin/prokka --prefix SAMN03319353 --outdir results/PROKKA/CPR/SAMN03319353 --kingdom Viruses --cpus 16 CPR/SAMN03319353.fna
[17:14:27] Appending to PATH: /apps/pkg/anaconda3/2022.10/envs/prokka-1.14.6/bin
[17:14:27] Looking for 'aragorn' - found /apps/pkg/anaconda3/2022.10/envs/prokka-1.14.6/bin/aragorn
[17:14:27] Determined aragorn version is 001002 from 'ARAGORN v1.2.41 Dean Laslett'
[17:14:27] Looking for 'barrnap' - found /apps/pkg/anaconda3/2022.10/envs/prokka-1.14.6/bin/barrnap
[17:14:27] Determined barrnap version is 000009 from 'barrnap 0.9'
[17:14:27] Looking for 'blastp' - found /apps/pkg/anaconda3/2022.10/envs/prokka-1.14.6/bin/blastp
[17:14:27] Determined blastp version is 002013 from 'blastp: 2.13.0+'
[17:14:27] Looking for 'cmpress' - found /apps/pkg/anaconda3/2022.10/envs/prokka-1.14.6/bin/cmpress
[17:14:27] Determined cmpress version is 001001 from '# INFERNAL 1.1.4 (Dec 2020)'
[17:14:27] Looking for 'cmscan' - found /apps/pkg/anaconda3/2022.10/envs/prokka-1.14.6/bin/cmscan
[17:14:27] Determined cmscan version is 001001 from '# INFERNAL 1.1.4 (Dec 2020)'
[17:14:27] Looking for 'egrep' - found /usr/bin/egrep
[17:14:27] Looking for 'find' - found /usr/bin/find
[17:14:27] Looking for 'grep' - found /usr/bin/grep
[17:14:27] Looking for 'hmmpress' - found /apps/pkg/anaconda3/2022.10/envs/prokka-1.14.6/bin/hmmpress
[17:14:27] Determined hmmpress version is 003003 from '# HMMER 3.3.2 (Nov 2020); http://hmmer.org/'
[17:14:27] Looking for 'hmmscan' - found /apps/pkg/anaconda3/2022.10/envs/prokka-1.14.6/bin/hmmscan
[17:14:27] Determined hmmscan version is 003003 from '# HMMER 3.3.2 (Nov 2020); http://hmmer.org/'
[17:14:27] Looking for 'java' - found /apps/pkg/anaconda3/2022.10/envs/prokka-1.14.6/bin/java
[17:14:27] Looking for 'makeblastdb' - found /apps/pkg/anaconda3/2022.10/envs/prokka-1.14.6/bin/makeblastdb
[17:14:27] Determined makeblastdb version is 002013 from 'makeblastdb: 2.13.0+'
[17:14:27] Looking for 'minced' - found /apps/pkg/anaconda3/2022.10/envs/prokka-1.14.6/bin/minced
[17:14:27] Determined minced version is 004002 from 'minced 0.4.2'
[17:14:27] Looking for 'parallel' - found /apps/pkg/anaconda3/2022.10/envs/prokka-1.14.6/bin/parallel
[17:14:27] Determined parallel version is 20230122 from 'GNU parallel 20230122'
[17:14:27] Looking for 'prodigal' - found /apps/pkg/anaconda3/2022.10/envs/prokka-1.14.6/bin/prodigal
[17:14:27] Determined prodigal version is 002006 from 'Prodigal V2.6.3: February, 2016'
[17:14:27] Looking for 'prokka-genbank_to_fasta_db' - found /apps/pkg/anaconda3/2022.10/envs/prokka-1.14.6/bin/prokka-genbank_to_fasta_db
[17:14:27] Looking for 'sed' - found /usr/bin/sed
[17:14:27] Looking for 'tbl2asn' - found /apps/pkg/anaconda3/2022.10/envs/prokka-1.14.6/bin/tbl2asn
[17:14:27] Determined tbl2asn version is 025007 from 'tbl2asn 25.7   arguments:'
[17:14:27] Using genetic code table 1.
[17:14:27] Loading and checking input file: CPR/SAMN03319353.fna
[17:14:27] Wrote 57 contigs totalling 568435 bp.
[17:14:27] Predicting tRNAs and tmRNAs
[17:14:27] Running: aragorn -l -gc1  -w results\/PROKKA\/CPR\/SAMN03319353\/SAMN03319353\.fna
[17:14:27] 1 tRNA-Asn c[4209,4283] 33 (gtt)
[17:14:27] 2 tRNA-Phe [15149,15224] 34 (gaa)
[17:14:27] 3 tRNA-Gly [15229,15305] 35 (gcc)
[17:14:27] 1 tRNA-Leu [14539,14622] 35 (caa)
[17:14:27] 1 tRNA-Gln [10303,10375] 34 (ctg)
[17:14:27] 1 tRNA-Arg c[7564,7639] 36 (cct)
[17:14:27] 1 tRNA-Gln c[10501,10571] 33 (ttg)
[17:14:27] 1 tRNA-Ala c[4634,4707] 35 (tgc)
[17:14:27] 2 tRNA-Ile c[4721,4797] 35 (gat)
[17:14:27] 1 tRNA-Gly [5473,5549] 35 (tcc)
[17:14:27] 1 tRNA-Lys [675,750] 36 (ttt)
[17:14:27] 1 tRNA-Glu [1194,1268] 34 (ctc)
[17:14:27] 1 tRNA-Ala [9255,9330] 36 (cgc)
[17:14:27] 2 tRNA-Ala [9342,9418] 35 (ggc)
[17:14:27] 1 tRNA-Ser c[2765,2851] 35 (cga)
[17:14:27] 1 tRNA-Leu [2511,2594] 35 (cag)
[17:14:27] 2 tRNA-Cys [6472,6547] 35 (gca)
[17:14:27] 3 tRNA-Leu [6596,6681] 36 (taa)
[17:14:27] 1 tRNA-Leu [1359,1444] 35 (gag)
[17:14:27] 2 tRNA-Val [1454,1530] 35 (tac)
[17:14:27] 3 tRNA-Val [4722,4797] 36 (cac)
[17:14:27] 1 tRNA-Asp c[14558,14633] 36 (gtc)
[17:14:27] 1 tRNA-Trp c[5467,5543] 36 (cca)
[17:14:27] 2 tRNA-Thr c[6281,6357] 35 (ggt)
[17:14:27] 1 tRNA-His [5407,5483] 35 (gtg)
[17:14:27] 1 tRNA-Arg [3296,3372] 35 (tct)
[17:14:27] 2 tRNA-Ser [3382,3471] 35 (gga)
[17:14:27] 1 tRNA-Tyr c[1406,1490] 33 (gta)
[17:14:27] 1 tRNA-Pro c[4850,4923] 35 (cgg)
[17:14:27] 1 tRNA-Thr [4663,4739] 35 (tgt)
[17:14:27] 2 tRNA-Tyr [4744,4826] 35 (gta)
[17:14:27] 1 tRNA-Pro c[1057,1132] 36 (tgg)
[17:14:27] 1 tRNA-Cys c[6897,6970] 33 (gca)
[17:14:27] 1 tRNA-Pro c[5872,5945] 35 (ggg)
[17:14:27] 1 tRNA-Lys c[750,824] 35 (ctt)
[17:14:27] 1 tRNA-Arg c[63,138] 36 (tcg)
[17:14:27] 2 tRNA-Arg c[146,222] 35 (gcg)
[17:14:27] Found 37 tRNAs
[17:14:27] Disabling rRNA search: --kingdom=Viruses or --norrna=0
[17:14:27] Skipping ncRNA search, enable with --rfam if desired.
[17:14:27] Total of 37 tRNA + rRNA features
[17:14:27] Searching for CRISPR repeats
[17:14:28] Found 0 CRISPRs
[17:14:28] Predicting coding sequences
[17:14:28] Contigs total 568435 bp, so using single mode
[17:14:28] Running: prodigal -i results\/PROKKA\/CPR\/SAMN03319353\/SAMN03319353\.fna -c -m -g 1 -p single -f sco -q
[17:14:28] Excluding CDS which overlaps existing RNA (tRNA) at LBSF01000004.1:3141..4223 on + strand
[17:14:28] Excluding CDS which overlaps existing RNA (tRNA) at LBSF01000010.1:10169..10579 on - strand
[17:14:28] Excluding CDS which overlaps existing RNA (tRNA) at LBSF01000031.1:5462..6703 on - strand
[17:14:28] Excluding CDS which overlaps existing RNA (tRNA) at LBSF01000049.1:5505..5930 on - strand
[17:14:28] Found 555 CDS
[17:14:28] Connecting features back to sequences
[17:14:28] Not using genus-specific database. Try --usegenus to enable it.
[17:14:28] Annotating CDS, please be patient.
[17:14:28] Will use 16 CPUs for similarity searching.
[17:14:28] There are still 555 unannotated CDS left (started with 555)
[17:14:28] Will use blast to search against /apps/pkg/anaconda3/2022.10/envs/prokka-1.14.6/db/kingdom/Viruses/sprot with 16 CPUs
[17:14:28] Running: cat results\/PROKKA\/CPR\/SAMN03319353\/SAMN03319353\.sprot\.tmp\.3774619\.faa | parallel --gnu --plain -j 16 --block 5061 --recstart '>' --pipe blastp -query - -db /apps/pkg/anaconda3/2022.10/envs/prokka-1.14.6/db/kingdom/Viruses/sprot -evalue 1e-09 -qcov_hsp_perc 80 -num_threads 1 -num_descriptions 1 -num_alignments 1 -seg no > results\/PROKKA\/CPR\/SAMN03319353\/SAMN03319353\.sprot\.tmp\.3774619\.blast 2> /dev/null
[17:14:30] Deleting unwanted file: results/PROKKA/CPR/SAMN03319353/SAMN03319353.sprot.tmp.3774619.faa
[17:14:30] Deleting unwanted file: results/PROKKA/CPR/SAMN03319353/SAMN03319353.sprot.tmp.3774619.blast
[17:14:30] Labelling remaining 554 proteins as 'hypothetical protein'
[17:14:30] Found 1 unique /gene codes.
[17:14:30] Fixed 0 colliding /gene names.
[17:14:30] Adding /locus_tag identifiers
[17:14:30] Assigned 592 locus_tags to CDS and RNA features.
[17:14:30] Writing outputs to results/PROKKA/CPR/SAMN03319353/
[17:14:30] Generating annotation statistics file
[17:14:30] Generating Genbank and Sequin files
[17:14:30] Running: tbl2asn -V b -a r10k -l paired-ends -M n -N 1 -y 'Annotated using prokka 1.14.6 from https://github.com/tseemann/prokka' -Z results\/PROKKA\/CPR\/SAMN03319353\/SAMN03319353\.err -i results\/PROKKA\/CPR\/SAMN03319353\/SAMN03319353\.fsa 2> /dev/null
[tbl2asn-forever] Found Prokka input, correcting dates in .gbf|.sqn files.
[tbl2asn-forever] Correcting dates in results/PROKKA/CPR/SAMN03319353/SAMN03319353.gbf
[tbl2asn-forever] Correcting dates in results/PROKKA/CPR/SAMN03319353/SAMN03319353.sqn
[tbl2asn-forever] Dates changed from 01-JAN-2019 to 01-JUL-2023
[17:14:31] Deleting unwanted file: results/PROKKA/CPR/SAMN03319353/errorsummary.val
[17:14:31] Deleting unwanted file: results/PROKKA/CPR/SAMN03319353/SAMN03319353.dr
[17:14:31] Deleting unwanted file: results/PROKKA/CPR/SAMN03319353/SAMN03319353.fixedproducts
[17:14:31] Deleting unwanted file: results/PROKKA/CPR/SAMN03319353/SAMN03319353.ecn
[17:14:31] Deleting unwanted file: results/PROKKA/CPR/SAMN03319353/SAMN03319353.val
[17:14:31] Repairing broken .GBK output that tbl2asn produces...
[17:14:31] Running: sed 's/COORDINATES: profile/COORDINATES:profile/' < results\/PROKKA\/CPR\/SAMN03319353\/SAMN03319353\.gbf > results\/PROKKA\/CPR\/SAMN03319353\/SAMN03319353\.gbk
[17:14:31] Deleting unwanted file: results/PROKKA/CPR/SAMN03319353/SAMN03319353.gbf
[17:14:31] Output files:
[17:14:31] results/PROKKA/CPR/SAMN03319353/SAMN03319353.log
[17:14:31] results/PROKKA/CPR/SAMN03319353/SAMN03319353.fna
[17:14:31] results/PROKKA/CPR/SAMN03319353/SAMN03319353.gff
[17:14:31] results/PROKKA/CPR/SAMN03319353/SAMN03319353.faa
[17:14:31] results/PROKKA/CPR/SAMN03319353/SAMN03319353.ffn
[17:14:31] results/PROKKA/CPR/SAMN03319353/SAMN03319353.tbl
[17:14:31] results/PROKKA/CPR/SAMN03319353/SAMN03319353.fsa
[17:14:31] results/PROKKA/CPR/SAMN03319353/SAMN03319353.tsv
[17:14:31] results/PROKKA/CPR/SAMN03319353/SAMN03319353.txt
[17:14:31] results/PROKKA/CPR/SAMN03319353/SAMN03319353.err
[17:14:31] results/PROKKA/CPR/SAMN03319353/SAMN03319353.sqn
[17:14:31] results/PROKKA/CPR/SAMN03319353/SAMN03319353.gbk
[17:14:31] Annotation finished successfully.
[17:14:31] Walltime used: 0.07 minutes
[17:14:31] If you use this result please cite the Prokka paper:
[17:14:31] Seemann T (2014) Prokka: rapid prokaryotic genome annotation. Bioinformatics. 30(14):2068-9.
[17:14:31] Type 'prokka --citation' for more details.
[17:14:31] Thank you, come again.
14.81user 0.72system 0:04.58elapsed 339%CPU (0avgtext+0avgdata 100792maxresident)k
9848inputs+35288outputs (0major+239380minor)pagefaults 0swaps

======================================================
End Time   : Sat Jul  1 17:14:31 EDT 2023
Run Time   : 6 seconds
======================================================

