=====================================================
Start Time  : Wed Jun 28 12:02:45 EDT 2023
Submit Dir  : /projects/raw_lab/jobs/metacerberus
Job ID/Name : 4041472 / PROKKA
Node List   : str-c112
Num Tasks   : 1 total [1 nodes @ 16 CPUs/node]
======================================================

Loading prokka/1.14.6
  Loading requirement: anaconda3/2022.10
======================================================
Running PROKKA On GTDB-100/genomes/archaea/GCA_002495235.1.fna
======================================================
Archaea
[12:02:48] This is prokka 1.14.6
[12:02:48] Written by Torsten Seemann <torsten.seemann@gmail.com>
[12:02:48] Homepage is https://github.com/tseemann/prokka
[12:02:48] Local time is Wed Jun 28 12:02:48 2023
[12:02:48] You are jlfiguer
[12:02:48] Operating system is linux
[12:02:48] You have BioPerl 1.7.8
Argument "1.7.8" isn't numeric in numeric lt (<) at /apps/pkg/anaconda3/2022.10/envs/prokka-1.14.6/bin/prokka line 259.
[12:02:48] System has 16 cores.
[12:02:48] Will use maximum of 16 cores.
[12:02:48] Annotating as >>> Archaea <<<
[12:02:48] Generating locus_tag from 'GTDB-100/genomes/archaea/GCA_002495235.1.fna' contents.
[12:02:48] Setting --locustag KLGBMKMC from MD5 450b646c1174e27fc1081cccac2247fd
[12:02:48] Creating new output folder: results/PROKKA/GTDB-100/genomes/archaea/GCA_002495235.1
[12:02:48] Running: mkdir -p results\/PROKKA\/GTDB\-100\/genomes\/archaea\/GCA_002495235\.1
[12:02:48] Using filename prefix: GCA_002495235.1.XXX
[12:02:48] Setting HMMER_NCPU=1
[12:02:48] Writing log to: results/PROKKA/GTDB-100/genomes/archaea/GCA_002495235.1/GCA_002495235.1.log
[12:02:48] Command: /apps/pkg/anaconda3/2022.10/envs/prokka-1.14.6/bin/prokka --prefix GCA_002495235.1 --outdir results/PROKKA/GTDB-100/genomes/archaea/GCA_002495235.1 --kingdom Archaea --cpus 16 GTDB-100/genomes/archaea/GCA_002495235.1.fna
[12:02:48] Appending to PATH: /apps/pkg/anaconda3/2022.10/envs/prokka-1.14.6/bin
[12:02:48] Looking for 'aragorn' - found /apps/pkg/anaconda3/2022.10/envs/prokka-1.14.6/bin/aragorn
[12:02:48] Determined aragorn version is 001002 from 'ARAGORN v1.2.41 Dean Laslett'
[12:02:48] Looking for 'barrnap' - found /apps/pkg/anaconda3/2022.10/envs/prokka-1.14.6/bin/barrnap
[12:02:48] Determined barrnap version is 000009 from 'barrnap 0.9'
[12:02:48] Looking for 'blastp' - found /apps/pkg/anaconda3/2022.10/envs/prokka-1.14.6/bin/blastp
[12:02:48] Determined blastp version is 002013 from 'blastp: 2.13.0+'
[12:02:48] Looking for 'cmpress' - found /apps/pkg/anaconda3/2022.10/envs/prokka-1.14.6/bin/cmpress
[12:02:48] Determined cmpress version is 001001 from '# INFERNAL 1.1.4 (Dec 2020)'
[12:02:48] Looking for 'cmscan' - found /apps/pkg/anaconda3/2022.10/envs/prokka-1.14.6/bin/cmscan
[12:02:48] Determined cmscan version is 001001 from '# INFERNAL 1.1.4 (Dec 2020)'
[12:02:48] Looking for 'egrep' - found /usr/bin/egrep
[12:02:48] Looking for 'find' - found /usr/bin/find
[12:02:48] Looking for 'grep' - found /usr/bin/grep
[12:02:48] Looking for 'hmmpress' - found /apps/pkg/anaconda3/2022.10/envs/prokka-1.14.6/bin/hmmpress
[12:02:48] Determined hmmpress version is 003003 from '# HMMER 3.3.2 (Nov 2020); http://hmmer.org/'
[12:02:48] Looking for 'hmmscan' - found /apps/pkg/anaconda3/2022.10/envs/prokka-1.14.6/bin/hmmscan
[12:02:48] Determined hmmscan version is 003003 from '# HMMER 3.3.2 (Nov 2020); http://hmmer.org/'
[12:02:48] Looking for 'java' - found /apps/pkg/anaconda3/2022.10/envs/prokka-1.14.6/bin/java
[12:02:48] Looking for 'makeblastdb' - found /apps/pkg/anaconda3/2022.10/envs/prokka-1.14.6/bin/makeblastdb
[12:02:48] Determined makeblastdb version is 002013 from 'makeblastdb: 2.13.0+'
[12:02:48] Looking for 'minced' - found /apps/pkg/anaconda3/2022.10/envs/prokka-1.14.6/bin/minced
[12:02:48] Determined minced version is 004002 from 'minced 0.4.2'
[12:02:48] Looking for 'parallel' - found /apps/pkg/anaconda3/2022.10/envs/prokka-1.14.6/bin/parallel
[12:02:48] Determined parallel version is 20230122 from 'GNU parallel 20230122'
[12:02:48] Looking for 'prodigal' - found /apps/pkg/anaconda3/2022.10/envs/prokka-1.14.6/bin/prodigal
[12:02:48] Determined prodigal version is 002006 from 'Prodigal V2.6.3: February, 2016'
[12:02:48] Looking for 'prokka-genbank_to_fasta_db' - found /apps/pkg/anaconda3/2022.10/envs/prokka-1.14.6/bin/prokka-genbank_to_fasta_db
[12:02:48] Looking for 'sed' - found /usr/bin/sed
[12:02:48] Looking for 'tbl2asn' - found /apps/pkg/anaconda3/2022.10/envs/prokka-1.14.6/bin/tbl2asn
[12:02:48] Determined tbl2asn version is 025007 from 'tbl2asn 25.7   arguments:'
[12:02:48] Using genetic code table 11.
[12:02:48] Loading and checking input file: GTDB-100/genomes/archaea/GCA_002495235.1.fna
[12:02:48] Wrote 109 contigs totalling 1043911 bp.
[12:02:48] Predicting tRNAs and tmRNAs
[12:02:48] Running: aragorn -l -gc11  -w results\/PROKKA\/GTDB\-100\/genomes\/archaea\/GCA_002495235\.1\/GCA_002495235\.1\.fna
[12:02:48] 1 tRNA-Leu c[4716,4800] 37 (gag)
[12:02:48] 1 tRNA-Leu [1527,1600] 37 (taa)
[12:02:48] 1 tRNA-Pro [2331,2403] 35 (cgg)
[12:02:48] 1 tRNA-Val [1581,1654] 35 (cac)
[12:02:48] 1 tRNA-Met [34,109] 36 (cat)
[12:02:48] 1 tRNA-Thr [4664,4735] 33 (cgt)
[12:02:48] 1 tRNA-Asp c[3213,3286] 35 (gtc)
[12:02:48] 1 tRNA-Met [4217,4293] 37 (cat)
[12:02:48] 1 tRNA-Pro [2113,2185] 35 (tgg)
[12:02:48] 1 tRNA-Ser [3891,3975] 34 (gct)
[12:02:48] 1 tRNA-Cys [11451,11523] 33 (gca)
[12:02:48] 1 tRNA-Gln [-1,72] 35 (ttg)
[12:02:48] 1 tRNA-Ser c[169,251] 34 (gga)
[12:02:48] 1 tRNA-Ile c[10524,10598] 36 (gat)
[12:02:48] 1 tRNA-Gln [5698,5770] 35 (ctg)
[12:02:48] 1 tRNA-Ser [4196,4280] 34 (cga)
[12:02:48] 1 tRNA-Phe [11933,12006] 34 (gaa)
[12:02:48] 1 tRNA-Gly [594,687] 37 (gcc)
[12:02:48] Found 18 tRNAs
[12:02:48] Predicting Ribosomal RNAs
[12:02:48] Running Barrnap with 16 threads
[12:02:49] 1 DAEG01000050.1 4338 5S ribosomal RNA
[12:02:49] Found 1 rRNAs
[12:02:49] Skipping ncRNA search, enable with --rfam if desired.
[12:02:49] Total of 19 tRNA + rRNA features
[12:02:49] Searching for CRISPR repeats
[12:02:49] Found 0 CRISPRs
[12:02:49] Predicting coding sequences
[12:02:49] Contigs total 1043911 bp, so using single mode
[12:02:49] Running: prodigal -i results\/PROKKA\/GTDB\-100\/genomes\/archaea\/GCA_002495235\.1\/GCA_002495235\.1\.fna -c -m -g 11 -p single -f sco -q
[12:02:51] Excluding CDS which overlaps existing RNA (tRNA) at DAEG01000025.1:1825..2331 on + strand
[12:02:51] Excluding CDS which overlaps existing RNA (tRNA) at DAEG01000025.1:2385..2741 on - strand
[12:02:51] Excluding CDS which overlaps existing RNA (rRNA) at DAEG01000050.1:4450..5133 on - strand
[12:02:51] Excluding CDS which overlaps existing RNA (tRNA) at DAEG01000045.1:1503..2186 on - strand
[12:02:52] Excluding CDS which overlaps existing RNA (tRNA) at DAEG01000044.1:10192..10542 on + strand
[12:02:52] Excluding CDS which overlaps existing RNA (tRNA) at DAEG01000079.1:5770..7407 on + strand
[12:02:52] Found 1121 CDS
[12:02:52] Connecting features back to sequences
[12:02:52] Not using genus-specific database. Try --usegenus to enable it.
[12:02:52] Annotating CDS, please be patient.
[12:02:52] Will use 16 CPUs for similarity searching.
[12:02:52] There are still 1121 unannotated CDS left (started with 1121)
[12:02:52] Will use blast to search against /apps/pkg/anaconda3/2022.10/envs/prokka-1.14.6/db/kingdom/Archaea/sprot with 16 CPUs
[12:02:52] Running: cat results\/PROKKA\/GTDB\-100\/genomes\/archaea\/GCA_002495235\.1\/GCA_002495235\.1\.sprot\.tmp\.1226703\.faa | parallel --gnu --plain -j 16 --block 9501 --recstart '>' --pipe blastp -query - -db /apps/pkg/anaconda3/2022.10/envs/prokka-1.14.6/db/kingdom/Archaea/sprot -evalue 1e-09 -qcov_hsp_perc 80 -num_threads 1 -num_descriptions 1 -num_alignments 1 -seg no > results\/PROKKA\/GTDB\-100\/genomes\/archaea\/GCA_002495235\.1\/GCA_002495235\.1\.sprot\.tmp\.1226703\.blast 2> /dev/null
[12:02:53] Modify product: ATP-dependent DNA helicase Ta0057 => ATP-dependent DNA helicase
[12:02:53] Modify product: Probable copper-exporting P-type ATPase => putative copper-exporting P-type ATPase
[12:02:53] Modify product: Uncharacterized ABC transporter ATP-binding protein MJ0796 => putative ABC transporter ATP-binding protein
[12:02:53] Modify product: Glutamate transporter homolog => Glutamate transporter 
[12:02:53] Modify product: Probable thymidylate kinase => putative thymidylate kinase
[12:02:53] Modify product: Probable thymidylate kinase => putative thymidylate kinase
[12:02:53] Modify product: Ribosome maturation protein SDO1 homolog => Ribosome maturation protein SDO1 
[12:02:53] Modify product: Uncharacterized protein MJ0100 => putative protein
[12:02:53] Modify product: Probable aquaporin AqpM => putative aquaporin AqpM
[12:02:53] Modify product: Probable branched-chain amino acid transport ATP-binding protein LivG => putative branched-chain amino acid transport ATP-binding protein LivG
[12:02:53] Modify product: UPF0215 protein AF_1433 => hypothetical protein
[12:02:53] Modify product: UPF0273 protein PH0284 => hypothetical protein
[12:02:53] Modify product: Probable metalloprotease HVO_1016 => putative metalloprotease
[12:02:53] Modify product: Uncharacterized HTH-type transcriptional regulator PH1519 => putative HTH-type transcriptional regulator
[12:02:53] Modify product: Putative FKBP-type peptidyl-prolyl cis-trans isomerase MJ0825 => Putative FKBP-type peptidyl-prolyl cis-trans isomerase
[12:02:53] Modify product: Probable tRNA pseudouridine synthase D => putative tRNA pseudouridine synthase D
[12:02:53] Modify product: UPF0200/UPF0201 protein AF_1395 => hypothetical protein
[12:02:53] Modify product: Bifunctional protein FolD => Bifunctional protein FolD protein
[12:02:53] Modify product: Probable translation initiation factor IF-2 => putative translation initiation factor IF-2
[12:02:53] Modify product: Zinc metalloprotease MJ0392 => Zinc metalloprotease
[12:02:53] Modify product: Uncharacterized ABC transporter ATP-binding protein MJ0796 => putative ABC transporter ATP-binding protein
[12:02:53] Modify product: Uncharacterized protein AF_1796 => putative protein
[12:02:53] Modify product: Probable deoxyhypusine synthase => putative deoxyhypusine synthase
[12:02:53] Modify product: Uncharacterized protein MJ0039 => putative protein
[12:02:53] Modify product: Uncharacterized protein MJ1225 => putative protein
[12:02:53] Modify product: Probable thymidylate kinase => putative thymidylate kinase
[12:02:53] Modify product: Probable thymidylate kinase => putative thymidylate kinase
[12:02:53] Modify product: Probable aminomethyltransferase => putative aminomethyltransferase
[12:02:53] Modify product: Protein pelota homolog => Protein pelota 
[12:02:53] Modify product: Probable cyclic pyranopterin monophosphate synthase => putative cyclic pyranopterin monophosphate synthase
[12:02:53] Modify product: Protein PH0010 => Protein
[12:02:53] Modify product: Uncharacterized ABC transporter ATP-binding protein MJ0796 => putative ABC transporter ATP-binding protein
[12:02:53] Modify product: Zinc metalloprotease TldD homolog => Zinc metalloprotease TldD 
[12:02:54] Cleaned 33 /product names
[12:02:54] Deleting unwanted file: results/PROKKA/GTDB-100/genomes/archaea/GCA_002495235.1/GCA_002495235.1.sprot.tmp.1226703.faa
[12:02:54] Deleting unwanted file: results/PROKKA/GTDB-100/genomes/archaea/GCA_002495235.1/GCA_002495235.1.sprot.tmp.1226703.blast
[12:02:54] There are still 811 unannotated CDS left (started with 1121)
[12:02:54] Will use hmmer3 to search against /apps/pkg/anaconda3/2022.10/envs/prokka-1.14.6/db/hmm/HAMAP.hmm with 16 CPUs
[12:02:54] Running: cat results\/PROKKA\/GTDB\-100\/genomes\/archaea\/GCA_002495235\.1\/GCA_002495235\.1\.HAMAP\.hmm\.tmp\.1226703\.faa | parallel --gnu --plain -j 16 --block 6654 --recstart '>' --pipe hmmscan --noali --notextw --acc -E 1e-09 --cpu 1 /apps/pkg/anaconda3/2022.10/envs/prokka-1.14.6/db/hmm/HAMAP.hmm /dev/stdin > results\/PROKKA\/GTDB\-100\/genomes\/archaea\/GCA_002495235\.1\/GCA_002495235\.1\.HAMAP\.hmm\.tmp\.1226703\.hmmer3 2> /dev/null
[12:02:58] Deleting unwanted file: results/PROKKA/GTDB-100/genomes/archaea/GCA_002495235.1/GCA_002495235.1.HAMAP.hmm.tmp.1226703.faa
[12:02:58] Deleting unwanted file: results/PROKKA/GTDB-100/genomes/archaea/GCA_002495235.1/GCA_002495235.1.HAMAP.hmm.tmp.1226703.hmmer3
[12:02:58] Labelling remaining 646 proteins as 'hypothetical protein'
[12:02:58] Possible /pseudo '5-formaminoimidazole-4-carboxamide-1-(beta)-D-ribofuranosyl 5'-monophosphate synthetase' at DAEG01000094.1 position 1563
[12:02:58] Possible /pseudo '2-amino-3-ketobutyrate coenzyme A ligase' at DAEG01000050.1 position 5459
[12:02:58] Possible /pseudo 'putative thymidylate kinase' at DAEG01000080.1 position 998
[12:02:58] Possible /pseudo 'Chromosome partition protein Smc' at DAEG01000064.1 position 2986
[12:02:58] Possible /pseudo 'Zinc transporter ZitB' at DAEG01000072.1 position 1215
[12:02:58] Possible /pseudo 'DNA polymerase II large subunit' at DAEG01000091.1 position 5913
[12:02:58] Possible /pseudo 'Fructose-1,6-bisphosphate aldolase/phosphatase' at DAEG01000089.1 position 9705
[12:02:58] Possible /pseudo 'putative thymidylate kinase' at DAEG01000008.1 position 2851
[12:02:58] Possible /pseudo 'D-alanine--D-alanine ligase' at DAEG01000008.1 position 15081
[12:02:58] Possible /pseudo 'Thiol-disulfide oxidoreductase ResA' at DAEG01000062.1 position 2885
[12:02:58] Found 319 unique /gene codes.
[12:02:58] Fixed 2 duplicate /gene - polC_1 polC_2
[12:02:58] Fixed 2 duplicate /gene - msrP_1 msrP_2
[12:02:58] Fixed 2 duplicate /gene - cysH_1 cysH_2
[12:02:58] Fixed 3 duplicate /gene - glpK_1 glpK_2 glpK_3
[12:02:58] Fixed 2 duplicate /gene - rhaD_1 rhaD_2
[12:02:58] Fixed 3 duplicate /gene - mshA_1 mshA_2 mshA_3
[12:02:58] Fixed 3 duplicate /gene - guaAA_1 guaAA_2 guaAA_3
[12:02:58] Fixed 3 duplicate /gene - fixA_1 fixA_2 fixA_3
[12:02:58] Fixed 2 duplicate /gene - purP_1 purP_2
[12:02:58] Fixed 2 duplicate /gene - purC_1 purC_2
[12:02:58] Fixed 2 duplicate /gene - hemL_1 hemL_2
[12:02:58] Fixed 2 duplicate /gene - hutI_1 hutI_2
[12:02:58] Fixed 2 duplicate /gene - fbp_1 fbp_2
[12:02:58] Fixed 2 duplicate /gene - acdAI_1 acdAI_2
[12:02:58] Fixed 2 duplicate /gene - tuf_1 tuf_2
[12:02:58] Fixed 2 duplicate /gene - glcV_1 glcV_2
[12:02:58] Fixed 3 duplicate /gene - fixB_1 fixB_2 fixB_3
[12:02:58] Fixed 2 duplicate /gene - mdtK_1 mdtK_2
[12:02:58] Fixed 3 duplicate /gene - malK_1 malK_2 malK_3
[12:02:58] Fixed 7 duplicate /gene - smc_1 smc_2 smc_3 smc_4 smc_5 smc_6 smc_7
[12:02:58] Fixed 7 duplicate /gene - btuD_1 btuD_2 btuD_3 btuD_4 btuD_5 btuD_6 btuD_7
[12:02:58] Fixed 2 duplicate /gene - resA_1 resA_2
[12:02:58] Fixed 2 duplicate /gene - menH_1 menH_2
[12:02:58] Fixed 2 duplicate /gene - ard1_1 ard1_2
[12:02:58] Fixed 5 duplicate /gene - tmk_1 tmk_2 tmk_3 tmk_4 tmk_5
[12:02:58] Fixed 2 duplicate /gene - pepQ_1 pepQ_2
[12:02:58] Fixed 3 duplicate /gene - fucA_1 fucA_2 fucA_3
[12:02:58] Fixed 2 duplicate /gene - pyrD_1 pyrD_2
[12:02:58] Fixed 2 duplicate /gene - porG_1 porG_2
[12:02:58] Fixed 2 duplicate /gene - gyaR_1 gyaR_2
[12:02:58] Fixed 2 duplicate /gene - kbl_1 kbl_2
[12:02:58] Fixed 2 duplicate /gene - kdpB_1 kdpB_2
[12:02:58] Fixed 2 duplicate /gene - zitB_1 zitB_2
[12:02:58] Fixed 2 duplicate /gene - tadA_1 tadA_2
[12:02:58] Fixed 3 duplicate /gene - cpdA_1 cpdA_2 cpdA_3
[12:02:58] Fixed 2 duplicate /gene - vorD_1 vorD_2
[12:02:58] Fixed 2 duplicate /gene - ppaX_1 ppaX_2
[12:02:58] Fixed 2 duplicate /gene - thiL_1 thiL_2
[12:02:58] Fixed 2 duplicate /gene - dadD_1 dadD_2
[12:02:58] Fixed 2 duplicate /gene - ddl_1 ddl_2
[12:02:58] Fixed 3 duplicate /gene - miaB_1 miaB_2 miaB_3
[12:02:58] Fixed 2 duplicate /gene - gloB_1 gloB_2
[12:02:58] Fixed 2 duplicate /gene - tdh_1 tdh_2
[12:02:58] Fixed 2 duplicate /gene - aroA'_1 aroA'_2
[12:02:58] Fixed 2 duplicate /gene - htpX_1 htpX_2
[12:02:58] Fixed 45 colliding /gene names.
[12:02:58] Adding /locus_tag identifiers
[12:02:58] Assigned 1140 locus_tags to CDS and RNA features.
[12:02:58] Writing outputs to results/PROKKA/GTDB-100/genomes/archaea/GCA_002495235.1/
[12:02:59] Generating annotation statistics file
[12:02:59] Generating Genbank and Sequin files
[12:02:59] Running: tbl2asn -V b -a r10k -l paired-ends -M n -N 1 -y 'Annotated using prokka 1.14.6 from https://github.com/tseemann/prokka' -Z results\/PROKKA\/GTDB\-100\/genomes\/archaea\/GCA_002495235\.1\/GCA_002495235\.1\.err -i results\/PROKKA\/GTDB\-100\/genomes\/archaea\/GCA_002495235\.1\/GCA_002495235\.1\.fsa 2> /dev/null
[tbl2asn-forever] Found Prokka input, correcting dates in .gbf|.sqn files.
[tbl2asn-forever] Correcting dates in results/PROKKA/GTDB-100/genomes/archaea/GCA_002495235.1/GCA_002495235.1.gbf
[tbl2asn-forever] Correcting dates in results/PROKKA/GTDB-100/genomes/archaea/GCA_002495235.1/GCA_002495235.1.sqn
[tbl2asn-forever] Dates changed from 01-JAN-2019 to 28-JUN-2023
[12:03:01] Deleting unwanted file: results/PROKKA/GTDB-100/genomes/archaea/GCA_002495235.1/errorsummary.val
[12:03:01] Deleting unwanted file: results/PROKKA/GTDB-100/genomes/archaea/GCA_002495235.1/GCA_002495235.1.dr
[12:03:01] Deleting unwanted file: results/PROKKA/GTDB-100/genomes/archaea/GCA_002495235.1/GCA_002495235.1.fixedproducts
[12:03:01] Deleting unwanted file: results/PROKKA/GTDB-100/genomes/archaea/GCA_002495235.1/GCA_002495235.1.ecn
[12:03:01] Deleting unwanted file: results/PROKKA/GTDB-100/genomes/archaea/GCA_002495235.1/GCA_002495235.1.val
[12:03:01] Repairing broken .GBK output that tbl2asn produces...
[12:03:01] Running: sed 's/COORDINATES: profile/COORDINATES:profile/' < results\/PROKKA\/GTDB\-100\/genomes\/archaea\/GCA_002495235\.1\/GCA_002495235\.1\.gbf > results\/PROKKA\/GTDB\-100\/genomes\/archaea\/GCA_002495235\.1\/GCA_002495235\.1\.gbk
[12:03:01] Deleting unwanted file: results/PROKKA/GTDB-100/genomes/archaea/GCA_002495235.1/GCA_002495235.1.gbf
[12:03:01] Output files:
[12:03:01] results/PROKKA/GTDB-100/genomes/archaea/GCA_002495235.1/GCA_002495235.1.log
[12:03:01] results/PROKKA/GTDB-100/genomes/archaea/GCA_002495235.1/GCA_002495235.1.fna
[12:03:01] results/PROKKA/GTDB-100/genomes/archaea/GCA_002495235.1/GCA_002495235.1.gff
[12:03:01] results/PROKKA/GTDB-100/genomes/archaea/GCA_002495235.1/GCA_002495235.1.faa
[12:03:01] results/PROKKA/GTDB-100/genomes/archaea/GCA_002495235.1/GCA_002495235.1.ffn
[12:03:01] results/PROKKA/GTDB-100/genomes/archaea/GCA_002495235.1/GCA_002495235.1.tbl
[12:03:01] results/PROKKA/GTDB-100/genomes/archaea/GCA_002495235.1/GCA_002495235.1.fsa
[12:03:01] results/PROKKA/GTDB-100/genomes/archaea/GCA_002495235.1/GCA_002495235.1.tsv
[12:03:01] results/PROKKA/GTDB-100/genomes/archaea/GCA_002495235.1/GCA_002495235.1.txt
[12:03:01] results/PROKKA/GTDB-100/genomes/archaea/GCA_002495235.1/GCA_002495235.1.err
[12:03:01] results/PROKKA/GTDB-100/genomes/archaea/GCA_002495235.1/GCA_002495235.1.sqn
[12:03:01] results/PROKKA/GTDB-100/genomes/archaea/GCA_002495235.1/GCA_002495235.1.gbk
[12:03:01] Annotation finished successfully.
[12:03:01] Walltime used: 0.22 minutes
[12:03:01] If you use this result please cite the Prokka paper:
[12:03:01] Seemann T (2014) Prokka: rapid prokaryotic genome annotation. Bioinformatics. 30(14):2068-9.
[12:03:01] Type 'prokka --citation' for more details.
[12:03:01] Share and enjoy!
53.54user 23.92system 0:13.79elapsed 561%CPU (0avgtext+0avgdata 148308maxresident)k
25864inputs+105944outputs (9major+4654260minor)pagefaults 0swaps

======================================================
End Time   : Wed Jun 28 12:03:01 EDT 2023
Run Time   : 16 seconds
======================================================

