=====================================================
Start Time  : Sat Jun 24 21:47:16 EDT 2023
Submit Dir  : /projects/raw_lab/jobs/metacerberus
Job ID/Name : 3997021 / InterProScan
Node List   : str-c98
Num Tasks   : 1 total [1 nodes @ 16 CPUs/node]
======================================================

Loading interproscan/5.60-92.0
  Loading requirement: anaconda3/2020.11 openjdk/15
======================================================
Running InterProScan On VIRAL/genomes/NC_035207.1.fna
======================================================
24/06/2023 21:47:18:060 Welcome to InterProScan-5.60-92.0
24/06/2023 21:47:18:061 Running InterProScan v5 in STANDALONE mode... on Linux
24/06/2023 21:47:22:188 RunID: str-c98.uncc.edu_20230624_214722004_d5ki
24/06/2023 21:47:30:652 Loading file /projects/raw_lab/jobs/metacerberus/VIRAL/genomes/NC_035207.1.fna
24/06/2023 21:47:31:123 Running the following analyses:
[AntiFam-7.0,CDD-3.20,Coils-2.2.1,FunFam-4.3.0,Gene3D-4.3.0,Hamap-2021_04,MobiDBLite-2.0,PANTHER-17.0,Pfam-35.0,PIRSF-3.10,PIRSR-2021_05,PRINTS-42.0,ProSitePatterns-2022_01,ProSiteProfiles-2022_01,SFLD-4,SMART-7.1,SUPERFAMILY-1.75,TIGRFAM-15.0]
Pre-calculated match lookup service DISABLED.  Please wait for match calculations to complete...
2023-06-24 21:47:44,301 [amqEmbeddedWorkerJmsContainer-13] [uk.ac.ebi.interpro.scan.io.pirsf.hmmer3.PirsfHmmer3RawMatchParser:129] WARN - Couldn't parse the given raw match line, because it is of an unexpected format.
2023-06-24 21:47:44,306 [amqEmbeddedWorkerJmsContainer-13] [uk.ac.ebi.interpro.scan.io.pirsf.hmmer3.PirsfHmmer3RawMatchParser:130] WARN - Unexpected Raw match line: Query sequence: 3 matches PIRSF000788: DNA polymerase, Adenovirus type
2023-06-24 21:47:44,306 [amqEmbeddedWorkerJmsContainer-13] [uk.ac.ebi.interpro.scan.io.pirsf.hmmer3.PirsfHmmer3RawMatchParser:129] WARN - Couldn't parse the given raw match line, because it is of an unexpected format.
2023-06-24 21:47:44,306 [amqEmbeddedWorkerJmsContainer-13] [uk.ac.ebi.interpro.scan.io.pirsf.hmmer3.PirsfHmmer3RawMatchParser:130] WARN - Unexpected Raw match line: #    score  bias  c-Evalue  i-Evalue hmmfrom  hmm to    alifrom  ali to    envfrom  env to     acc
2023-06-24 21:47:44,306 [amqEmbeddedWorkerJmsContainer-13] [uk.ac.ebi.interpro.scan.io.pirsf.hmmer3.PirsfHmmer3RawMatchParser:129] WARN - Couldn't parse the given raw match line, because it is of an unexpected format.
2023-06-24 21:47:44,306 [amqEmbeddedWorkerJmsContainer-13] [uk.ac.ebi.interpro.scan.io.pirsf.hmmer3.PirsfHmmer3RawMatchParser:130] WARN - Unexpected Raw match line: 1 ! 1529.3   4.7         0         0      66    1056 .]     163    1152 ..     134    1152 .. 0.96
24/06/2023 21:48:39:203 100% done:  InterProScan analyses completed 

2023-06-24 21:48:39,706 [main] [uk.ac.ebi.interpro.scan.jms.master.AbstractMaster:259] WARN - Master process unable to delete temporary directory /projects/raw_lab/jobs/metacerberus/temp/str-c98.uncc.edu_20230624_214722004_d5ki
219.25user 21.75system 1:22.59elapsed 291%CPU (0avgtext+0avgdata 3249052maxresident)k
447888inputs+438176outputs (12major+1555866minor)pagefaults 0swaps

======================================================
End Time   : Sat Jun 24 21:48:40 EDT 2023
Run Time   : 84 seconds
======================================================

