=====================================================
Start Time  : Sat Jun 24 19:37:31 EDT 2023
Submit Dir  : /projects/raw_lab/jobs/metacerberus
Job ID/Name : 3995337 / InterProScan
Node List   : str-c107
Num Tasks   : 1 total [1 nodes @ 16 CPUs/node]
======================================================

Loading interproscan/5.60-92.0
  Loading requirement: anaconda3/2020.11 openjdk/15
======================================================
Running InterProScan On GTDB-100/genomes/bacteria/GCF_014635985.1.fna
======================================================
24/06/2023 19:37:32:615 Welcome to InterProScan-5.60-92.0
24/06/2023 19:37:32:615 Running InterProScan v5 in STANDALONE mode... on Linux
24/06/2023 19:37:36:616 RunID: str-c107.uncc.edu_20230624_193736438_geq8
24/06/2023 19:37:45:170 Loading file /projects/raw_lab/jobs/metacerberus/GTDB-100/genomes/bacteria/GCF_014635985.1.fna
24/06/2023 19:37:46:207 Running the following analyses:
[AntiFam-7.0,CDD-3.20,Coils-2.2.1,FunFam-4.3.0,Gene3D-4.3.0,Hamap-2021_04,MobiDBLite-2.0,PANTHER-17.0,Pfam-35.0,PIRSF-3.10,PIRSR-2021_05,PRINTS-42.0,ProSitePatterns-2022_01,ProSiteProfiles-2022_01,SFLD-4,SMART-7.1,SUPERFAMILY-1.75,TIGRFAM-15.0]
Pre-calculated match lookup service DISABLED.  Please wait for match calculations to complete...
2023-06-24 19:38:52,903 [amqEmbeddedWorkerJmsContainer-12] [uk.ac.ebi.interpro.scan.io.pirsf.hmmer3.PirsfHmmer3RawMatchParser:129] WARN - Couldn't parse the given raw match line, because it is of an unexpected format.
2023-06-24 19:38:52,906 [amqEmbeddedWorkerJmsContainer-12] [uk.ac.ebi.interpro.scan.io.pirsf.hmmer3.PirsfHmmer3RawMatchParser:130] WARN - Unexpected Raw match line: Query sequence: 103 matches PIRSF005419: Type III secretion apparatus inner membrane protein, FlhA type
2023-06-24 19:38:52,906 [amqEmbeddedWorkerJmsContainer-12] [uk.ac.ebi.interpro.scan.io.pirsf.hmmer3.PirsfHmmer3RawMatchParser:129] WARN - Couldn't parse the given raw match line, because it is of an unexpected format.
2023-06-24 19:38:52,906 [amqEmbeddedWorkerJmsContainer-12] [uk.ac.ebi.interpro.scan.io.pirsf.hmmer3.PirsfHmmer3RawMatchParser:130] WARN - Unexpected Raw match line: #    score  bias  c-Evalue  i-Evalue hmmfrom  hmm to    alifrom  ali to    envfrom  env to     acc
2023-06-24 19:38:52,906 [amqEmbeddedWorkerJmsContainer-12] [uk.ac.ebi.interpro.scan.io.pirsf.hmmer3.PirsfHmmer3RawMatchParser:129] WARN - Couldn't parse the given raw match line, because it is of an unexpected format.
2023-06-24 19:38:52,906 [amqEmbeddedWorkerJmsContainer-12] [uk.ac.ebi.interpro.scan.io.pirsf.hmmer3.PirsfHmmer3RawMatchParser:130] WARN - Unexpected Raw match line: 1 !  794.3  15.7  5.2e-243  1.2e-240       6     689 ..      12     698 .]       6     698 .] 0.96
2023-06-24 19:38:52,907 [amqEmbeddedWorkerJmsContainer-12] [uk.ac.ebi.interpro.scan.io.pirsf.hmmer3.PirsfHmmer3RawMatchParser:129] WARN - Couldn't parse the given raw match line, because it is of an unexpected format.
2023-06-24 19:38:52,907 [amqEmbeddedWorkerJmsContainer-12] [uk.ac.ebi.interpro.scan.io.pirsf.hmmer3.PirsfHmmer3RawMatchParser:130] WARN - Unexpected Raw match line: Query sequence: 122 matches PIRSF036289: Maltose phosphorylase/glycosyl hydrolase/vacuolar acid trehalase
2023-06-24 19:38:52,907 [amqEmbeddedWorkerJmsContainer-12] [uk.ac.ebi.interpro.scan.io.pirsf.hmmer3.PirsfHmmer3RawMatchParser:129] WARN - Couldn't parse the given raw match line, because it is of an unexpected format.
2023-06-24 19:38:52,907 [amqEmbeddedWorkerJmsContainer-12] [uk.ac.ebi.interpro.scan.io.pirsf.hmmer3.PirsfHmmer3RawMatchParser:130] WARN - Unexpected Raw match line: #    score  bias  c-Evalue  i-Evalue hmmfrom  hmm to    alifrom  ali to    envfrom  env to     acc
2023-06-24 19:38:52,907 [amqEmbeddedWorkerJmsContainer-12] [uk.ac.ebi.interpro.scan.io.pirsf.hmmer3.PirsfHmmer3RawMatchParser:129] WARN - Couldn't parse the given raw match line, because it is of an unexpected format.
2023-06-24 19:38:52,907 [amqEmbeddedWorkerJmsContainer-12] [uk.ac.ebi.interpro.scan.io.pirsf.hmmer3.PirsfHmmer3RawMatchParser:130] WARN - Unexpected Raw match line: 1 !  907.8  14.9    6e-277  6.8e-275       5     776 ..      11     754 ..       7     759 .. 0.98
2023-06-24 19:38:52,907 [amqEmbeddedWorkerJmsContainer-12] [uk.ac.ebi.interpro.scan.io.pirsf.hmmer3.PirsfHmmer3RawMatchParser:129] WARN - Couldn't parse the given raw match line, because it is of an unexpected format.
2023-06-24 19:38:52,907 [amqEmbeddedWorkerJmsContainer-12] [uk.ac.ebi.interpro.scan.io.pirsf.hmmer3.PirsfHmmer3RawMatchParser:130] WARN - Unexpected Raw match line: Query sequence: 141 matches PIRSF000116: Ketol-acid reductoisomerase, Gammaproteobacteria type
2023-06-24 19:38:52,907 [amqEmbeddedWorkerJmsContainer-12] [uk.ac.ebi.interpro.scan.io.pirsf.hmmer3.PirsfHmmer3RawMatchParser:129] WARN - Couldn't parse the given raw match line, because it is of an unexpected format.
2023-06-24 19:38:52,907 [amqEmbeddedWorkerJmsContainer-12] [uk.ac.ebi.interpro.scan.io.pirsf.hmmer3.PirsfHmmer3RawMatchParser:130] WARN - Unexpected Raw match line: #    score  bias  c-Evalue  i-Evalue hmmfrom  hmm to    alifrom  ali to    envfrom  env to     acc
2023-06-24 19:38:52,907 [amqEmbeddedWorkerJmsContainer-12] [uk.ac.ebi.interpro.scan.io.pirsf.hmmer3.PirsfHmmer3RawMatchParser:129] WARN - Couldn't parse the given raw match line, because it is of an unexpected format.
2023-06-24 19:38:52,907 [amqEmbeddedWorkerJmsContainer-12] [uk.ac.ebi.interpro.scan.io.pirsf.hmmer3.PirsfHmmer3RawMatchParser:130] WARN - Unexpected Raw match line: 1 !  127.4   0.0   3.1e-41   7.2e-39      31     229 ..      20     211 ..       3     215 .. 0.92
2023-06-24 19:38:52,907 [amqEmbeddedWorkerJmsContainer-12] [uk.ac.ebi.interpro.scan.io.pirsf.hmmer3.PirsfHmmer3RawMatchParser:129] WARN - Couldn't parse the given raw match line, because it is of an unexpected format.
2023-06-24 19:38:52,907 [amqEmbeddedWorkerJmsContainer-12] [uk.ac.ebi.interpro.scan.io.pirsf.hmmer3.PirsfHmmer3RawMatchParser:130] WARN - Unexpected Raw match line: 2 !   51.9   0.0   2.5e-18   5.6e-16     367     485 ..     213     337 ..     210     340 .] 0.84
2023-06-24 19:38:52,907 [amqEmbeddedWorkerJmsContainer-12] [uk.ac.ebi.interpro.scan.io.pirsf.hmmer3.PirsfHmmer3RawMatchParser:129] WARN - Couldn't parse the given raw match line, because it is of an unexpected format.
2023-06-24 19:38:52,908 [amqEmbeddedWorkerJmsContainer-12] [uk.ac.ebi.interpro.scan.io.pirsf.hmmer3.PirsfHmmer3RawMatchParser:130] WARN - Unexpected Raw match line: Query sequence: 147 matches PIRSF000382: Cobalamin-independent methionine synthase
2023-06-24 19:38:52,908 [amqEmbeddedWorkerJmsContainer-12] [uk.ac.ebi.interpro.scan.io.pirsf.hmmer3.PirsfHmmer3RawMatchParser:129] WARN - Couldn't parse the given raw match line, because it is of an unexpected format.
2023-06-24 19:38:52,908 [amqEmbeddedWorkerJmsContainer-12] [uk.ac.ebi.interpro.scan.io.pirsf.hmmer3.PirsfHmmer3RawMatchParser:130] WARN - Unexpected Raw match line: #    score  bias  c-Evalue  i-Evalue hmmfrom  hmm to    alifrom  ali to    envfrom  env to     acc
2023-06-24 19:38:52,908 [amqEmbeddedWorkerJmsContainer-12] [uk.ac.ebi.interpro.scan.io.pirsf.hmmer3.PirsfHmmer3RawMatchParser:129] WARN - Couldn't parse the given raw match line, because it is of an unexpected format.
2023-06-24 19:38:52,908 [amqEmbeddedWorkerJmsContainer-12] [uk.ac.ebi.interpro.scan.io.pirsf.hmmer3.PirsfHmmer3RawMatchParser:130] WARN - Unexpected Raw match line: 1 ! 1016.8   1.2         0         0       2     763 ..       8     755 .]       7     755 .] 0.96
2023-06-24 19:38:52,908 [amqEmbeddedWorkerJmsContainer-12] [uk.ac.ebi.interpro.scan.io.pirsf.hmmer3.PirsfHmmer3RawMatchParser:129] WARN - Couldn't parse the given raw match line, because it is of an unexpected format.
2023-06-24 19:38:52,908 [amqEmbeddedWorkerJmsContainer-12] [uk.ac.ebi.interpro.scan.io.pirsf.hmmer3.PirsfHmmer3RawMatchParser:130] WARN - Unexpected Raw match line: Query sequence: 150 matches PIRSF005091: Predicted membrane sulfatase, HI1246 type
2023-06-24 19:38:52,908 [amqEmbeddedWorkerJmsContainer-12] [uk.ac.ebi.interpro.scan.io.pirsf.hmmer3.PirsfHmmer3RawMatchParser:129] WARN - Couldn't parse the given raw match line, because it is of an unexpected format.
2023-06-24 19:38:52,908 [amqEmbeddedWorkerJmsContainer-12] [uk.ac.ebi.interpro.scan.io.pirsf.hmmer3.PirsfHmmer3RawMatchParser:130] WARN - Unexpected Raw match line: #    score  bias  c-Evalue  i-Evalue hmmfrom  hmm to    alifrom  ali to    envfrom  env to     acc
2023-06-24 19:38:52,908 [amqEmbeddedWorkerJmsContainer-12] [uk.ac.ebi.interpro.scan.io.pirsf.hmmer3.PirsfHmmer3RawMatchParser:129] WARN - Couldn't parse the given raw match line, because it is of an unexpected format.
2023-06-24 19:38:52,908 [amqEmbeddedWorkerJmsContainer-12] [uk.ac.ebi.interpro.scan.io.pirsf.hmmer3.PirsfHmmer3RawMatchParser:130] WARN - Unexpected Raw match line: 1 !  602.9  28.0  4.4e-185    1e-182      11     635 ..      27     658 ..      11     659 .. 0.96
2023-06-24 19:38:52,908 [amqEmbeddedWorkerJmsContainer-12] [uk.ac.ebi.interpro.scan.io.pirsf.hmmer3.PirsfHmmer3RawMatchParser:129] WARN - Couldn't parse the given raw match line, because it is of an unexpected format.
2023-06-24 19:38:52,908 [amqEmbeddedWorkerJmsContainer-12] [uk.ac.ebi.interpro.scan.io.pirsf.hmmer3.PirsfHmmer3RawMatchParser:130] WARN - Unexpected Raw match line: 2 !   -2.9   1.3       0.1        24     208     246 ..     689     727 ..     673     735 .. 0.56
2023-06-24 19:38:52,908 [amqEmbeddedWorkerJmsContainer-12] [uk.ac.ebi.interpro.scan.io.pirsf.hmmer3.PirsfHmmer3RawMatchParser:129] WARN - Couldn't parse the given raw match line, because it is of an unexpected format.
2023-06-24 19:38:52,908 [amqEmbeddedWorkerJmsContainer-12] [uk.ac.ebi.interpro.scan.io.pirsf.hmmer3.PirsfHmmer3RawMatchParser:130] WARN - Unexpected Raw match line: Query sequence: 156 matches PIRSF006485: GTP-binding protein EngA
2023-06-24 19:38:52,909 [amqEmbeddedWorkerJmsContainer-12] [uk.ac.ebi.interpro.scan.io.pirsf.hmmer3.PirsfHmmer3RawMatchParser:129] WARN - Couldn't parse the given raw match line, because it is of an unexpected format.
2023-06-24 19:38:52,909 [amqEmbeddedWorkerJmsContainer-12] [uk.ac.ebi.interpro.scan.io.pirsf.hmmer3.PirsfHmmer3RawMatchParser:130] WARN - Unexpected Raw match line: #    score  bias  c-Evalue  i-Evalue hmmfrom  hmm to    alifrom  ali to    envfrom  env to     acc
2023-06-24 19:38:52,909 [amqEmbeddedWorkerJmsContainer-12] [uk.ac.ebi.interpro.scan.io.pirsf.hmmer3.PirsfHmmer3RawMatchParser:129] WARN - Couldn't parse the given raw match line, because it is of an unexpected format.
2023-06-24 19:38:52,909 [amqEmbeddedWorkerJmsContainer-12] [uk.ac.ebi.interpro.scan.io.pirsf.hmmer3.PirsfHmmer3RawMatchParser:130] WARN - Unexpected Raw match line: 1 !  558.6   0.1  1.1e-171  1.3e-169       2     437 ..       7     439 ..       6     440 .] 0.97
2023-06-24 19:38:52,909 [amqEmbeddedWorkerJmsContainer-12] [uk.ac.ebi.interpro.scan.io.pirsf.hmmer3.PirsfHmmer3RawMatchParser:129] WARN - Couldn't parse the given raw match line, because it is of an unexpected format.
2023-06-24 19:38:52,909 [amqEmbeddedWorkerJmsContainer-12] [uk.ac.ebi.interpro.scan.io.pirsf.hmmer3.PirsfHmmer3RawMatchParser:130] WARN - Unexpected Raw match line: Query sequence: 158 matches PIRSF005499: Polyribonucleotide nucleotidyltransferase
2023-06-24 19:38:52,909 [amqEmbeddedWorkerJmsContainer-12] [uk.ac.ebi.interpro.scan.io.pirsf.hmmer3.PirsfHmmer3RawMatchParser:129] WARN - Couldn't parse the given raw match line, because it is of an unexpected format.
2023-06-24 19:38:52,909 [amqEmbeddedWorkerJmsContainer-12] [uk.ac.ebi.interpro.scan.io.pirsf.hmmer3.PirsfHmmer3RawMatchParser:130] WARN - Unexpected Raw match line: #    score  bias  c-Evalue  i-Evalue hmmfrom  hmm to    alifrom  ali to    envfrom  env to     acc
2023-06-24 19:38:52,909 [amqEmbeddedWorkerJmsContainer-12] [uk.ac.ebi.interpro.scan.io.pirsf.hmmer3.PirsfHmmer3RawMatchParser:129] WARN - Couldn't parse the given raw match line, because it is of an unexpected format.
2023-06-24 19:38:52,909 [amqEmbeddedWorkerJmsContainer-12] [uk.ac.ebi.interpro.scan.io.pirsf.hmmer3.PirsfHmmer3RawMatchParser:130] WARN - Unexpected Raw match line: 1 !  952.5  12.8  2.3e-290  1.8e-288       4     701 ..      29     728 ..      26     730 .] 0.98
2023-06-24 19:38:52,909 [amqEmbeddedWorkerJmsContainer-12] [uk.ac.ebi.interpro.scan.io.pirsf.hmmer3.PirsfHmmer3RawMatchParser:129] WARN - Couldn't parse the given raw match line, because it is of an unexpected format.
2023-06-24 19:38:52,909 [amqEmbeddedWorkerJmsContainer-12] [uk.ac.ebi.interpro.scan.io.pirsf.hmmer3.PirsfHmmer3RawMatchParser:130] WARN - Unexpected Raw match line: Query sequence: 16 matches PIRSF018968: ABC-type antimicrobial peptide transport system, permease component, BceB type
2023-06-24 19:38:52,909 [amqEmbeddedWorkerJmsContainer-12] [uk.ac.ebi.interpro.scan.io.pirsf.hmmer3.PirsfHmmer3RawMatchParser:129] WARN - Couldn't parse the given raw match line, because it is of an unexpected format.
2023-06-24 19:38:52,909 [amqEmbeddedWorkerJmsContainer-12] [uk.ac.ebi.interpro.scan.io.pirsf.hmmer3.PirsfHmmer3RawMatchParser:130] WARN - Unexpected Raw match line: #    score  bias  c-Evalue  i-Evalue hmmfrom  hmm to    alifrom  ali to    envfrom  env to     acc
2023-06-24 19:38:52,910 [amqEmbeddedWorkerJmsContainer-12] [uk.ac.ebi.interpro.scan.io.pirsf.hmmer3.PirsfHmmer3RawMatchParser:129] WARN - Couldn't parse the given raw match line, because it is of an unexpected format.
2023-06-24 19:38:52,910 [amqEmbeddedWorkerJmsContainer-12] [uk.ac.ebi.interpro.scan.io.pirsf.hmmer3.PirsfHmmer3RawMatchParser:130] WARN - Unexpected Raw match line: 1 !  322.6  30.2  8.1e-100   6.2e-98       1     625 [.       5     676 ..       5     680 .. 0.86
2023-06-24 19:38:52,910 [amqEmbeddedWorkerJmsContainer-12] [uk.ac.ebi.interpro.scan.io.pirsf.hmmer3.PirsfHmmer3RawMatchParser:129] WARN - Couldn't parse the given raw match line, because it is of an unexpected format.
2023-06-24 19:38:52,910 [amqEmbeddedWorkerJmsContainer-12] [uk.ac.ebi.interpro.scan.io.pirsf.hmmer3.PirsfHmmer3RawMatchParser:130] WARN - Unexpected Raw match line: Query sequence: 160 matches PIRSF018968: ABC-type antimicrobial peptide transport system, permease component, BceB type
2023-06-24 19:38:52,910 [amqEmbeddedWorkerJmsContainer-12] [uk.ac.ebi.interpro.scan.io.pirsf.hmmer3.PirsfHmmer3RawMatchParser:129] WARN - Couldn't parse the given raw match line, because it is of an unexpected format.
2023-06-24 19:38:52,910 [amqEmbeddedWorkerJmsContainer-12] [uk.ac.ebi.interpro.scan.io.pirsf.hmmer3.PirsfHmmer3RawMatchParser:130] WARN - Unexpected Raw match line: #    score  bias  c-Evalue  i-Evalue hmmfrom  hmm to    alifrom  ali to    envfrom  env to     acc
2023-06-24 19:38:52,910 [amqEmbeddedWorkerJmsContainer-12] [uk.ac.ebi.interpro.scan.io.pirsf.hmmer3.PirsfHmmer3RawMatchParser:129] WARN - Couldn't parse the given raw match line, because it is of an unexpected format.
2023-06-24 19:38:52,910 [amqEmbeddedWorkerJmsContainer-12] [uk.ac.ebi.interpro.scan.io.pirsf.hmmer3.PirsfHmmer3RawMatchParser:130] WARN - Unexpected Raw match line: 1 !  150.3  34.5   1.1e-47   8.7e-46       4     359 ..      18     371 ..      15     383 .. 0.94
2023-06-24 19:38:52,910 [amqEmbeddedWorkerJmsContainer-12] [uk.ac.ebi.interpro.scan.io.pirsf.hmmer3.PirsfHmmer3RawMatchParser:129] WARN - Couldn't parse the given raw match line, because it is of an unexpected format.
2023-06-24 19:38:52,910 [amqEmbeddedWorkerJmsContainer-12] [uk.ac.ebi.interpro.scan.io.pirsf.hmmer3.PirsfHmmer3RawMatchParser:130] WARN - Unexpected Raw match line: 2 !   78.7   8.0   5.4e-26   4.1e-24     448     630 ..     438     619 ..     407     621 .] 0.92
2023-06-24 19:38:52,910 [amqEmbeddedWorkerJmsContainer-12] [uk.ac.ebi.interpro.scan.io.pirsf.hmmer3.PirsfHmmer3RawMatchParser:129] WARN - Couldn't parse the given raw match line, because it is of an unexpected format.
2023-06-24 19:38:52,910 [amqEmbeddedWorkerJmsContainer-12] [uk.ac.ebi.interpro.scan.io.pirsf.hmmer3.PirsfHmmer3RawMatchParser:130] WARN - Unexpected Raw match line: Query sequence: 163 matches PIRSF005719: Structural maintenance of chromosomes protein
2023-06-24 19:38:52,910 [amqEmbeddedWorkerJmsContainer-12] [uk.ac.ebi.interpro.scan.io.pirsf.hmmer3.PirsfHmmer3RawMatchParser:129] WARN - Couldn't parse the given raw match line, because it is of an unexpected format.
2023-06-24 19:38:52,910 [amqEmbeddedWorkerJmsContainer-12] [uk.ac.ebi.interpro.scan.io.pirsf.hmmer3.PirsfHmmer3RawMatchParser:130] WARN - Unexpected Raw match line: #    score  bias  c-Evalue  i-Evalue hmmfrom  hmm to    alifrom  ali to    envfrom  env to     acc
2023-06-24 19:38:52,911 [amqEmbeddedWorkerJmsContainer-12] [uk.ac.ebi.interpro.scan.io.pirsf.hmmer3.PirsfHmmer3RawMatchParser:129] WARN - Couldn't parse the given raw match line, because it is of an unexpected format.
2023-06-24 19:38:52,911 [amqEmbeddedWorkerJmsContainer-12] [uk.ac.ebi.interpro.scan.io.pirsf.hmmer3.PirsfHmmer3RawMatchParser:130] WARN - Unexpected Raw match line: 1 ! 1033.1  98.1         0         0       3    1193 ..      12    1195 ..      10    1198 .. 0.98
2023-06-24 19:38:52,911 [amqEmbeddedWorkerJmsContainer-12] [uk.ac.ebi.interpro.scan.io.pirsf.hmmer3.PirsfHmmer3RawMatchParser:129] WARN - Couldn't parse the given raw match line, because it is of an unexpected format.
2023-06-24 19:38:52,911 [amqEmbeddedWorkerJmsContainer-12] [uk.ac.ebi.interpro.scan.io.pirsf.hmmer3.PirsfHmmer3RawMatchParser:130] WARN - Unexpected Raw match line: Query sequence: 172 matches PIRSF037677: DNA mismatch repair protein Msh6
2023-06-24 19:38:52,911 [amqEmbeddedWorkerJmsContainer-12] [uk.ac.ebi.interpro.scan.io.pirsf.hmmer3.PirsfHmmer3RawMatchParser:129] WARN - Couldn't parse the given raw match line, because it is of an unexpected format.
2023-06-24 19:38:52,911 [amqEmbeddedWorkerJmsContainer-12] [uk.ac.ebi.interpro.scan.io.pirsf.hmmer3.PirsfHmmer3RawMatchParser:130] WARN - Unexpected Raw match line: #    score  bias  c-Evalue  i-Evalue hmmfrom  hmm to    alifrom  ali to    envfrom  env to     acc
2023-06-24 19:38:52,911 [amqEmbeddedWorkerJmsContainer-12] [uk.ac.ebi.interpro.scan.io.pirsf.hmmer3.PirsfHmmer3RawMatchParser:129] WARN - Couldn't parse the given raw match line, because it is of an unexpected format.
2023-06-24 19:38:52,911 [amqEmbeddedWorkerJmsContainer-12] [uk.ac.ebi.interpro.scan.io.pirsf.hmmer3.PirsfHmmer3RawMatchParser:130] WARN - Unexpected Raw match line: 1 !  111.1   0.0   2.3e-36   5.3e-34     337     506 ..      19     176 ..      12     219 .. 0.88
2023-06-24 19:38:52,911 [amqEmbeddedWorkerJmsContainer-12] [uk.ac.ebi.interpro.scan.io.pirsf.hmmer3.PirsfHmmer3RawMatchParser:129] WARN - Couldn't parse the given raw match line, because it is of an unexpected format.
2023-06-24 19:38:52,911 [amqEmbeddedWorkerJmsContainer-12] [uk.ac.ebi.interpro.scan.io.pirsf.hmmer3.PirsfHmmer3RawMatchParser:130] WARN - Unexpected Raw match line: 2 !  447.5   1.2  6.6e-138  1.5e-135     617    1204 ..     251     809 ..     213     862 .] 0.89
2023-06-24 19:38:52,911 [amqEmbeddedWorkerJmsContainer-12] [uk.ac.ebi.interpro.scan.io.pirsf.hmmer3.PirsfHmmer3RawMatchParser:129] WARN - Couldn't parse the given raw match line, because it is of an unexpected format.
2023-06-24 19:38:52,911 [amqEmbeddedWorkerJmsContainer-12] [uk.ac.ebi.interpro.scan.io.pirsf.hmmer3.PirsfHmmer3RawMatchParser:130] WARN - Unexpected Raw match line: Query sequence: 173 matches PIRSF002811: DNA primase
2023-06-24 19:38:52,911 [amqEmbeddedWorkerJmsContainer-12] [uk.ac.ebi.interpro.scan.io.pirsf.hmmer3.PirsfHmmer3RawMatchParser:129] WARN - Couldn't parse the given raw match line, because it is of an unexpected format.
2023-06-24 19:38:52,911 [amqEmbeddedWorkerJmsContainer-12] [uk.ac.ebi.interpro.scan.io.pirsf.hmmer3.PirsfHmmer3RawMatchParser:130] WARN - Unexpected Raw match line: #    score  bias  c-Evalue  i-Evalue hmmfrom  hmm to    alifrom  ali to    envfrom  env to     acc
2023-06-24 19:38:52,911 [amqEmbeddedWorkerJmsContainer-12] [uk.ac.ebi.interpro.scan.io.pirsf.hmmer3.PirsfHmmer3RawMatchParser:129] WARN - Couldn't parse the given raw match line, because it is of an unexpected format.
2023-06-24 19:38:52,912 [amqEmbeddedWorkerJmsContainer-12] [uk.ac.ebi.interpro.scan.io.pirsf.hmmer3.PirsfHmmer3RawMatchParser:130] WARN - Unexpected Raw match line: 1 !  618.5  10.2  8.7e-190    2e-187       3     593 ..      11     615 ..       9     616 .. 0.97
2023-06-24 19:38:52,912 [amqEmbeddedWorkerJmsContainer-12] [uk.ac.ebi.interpro.scan.io.pirsf.hmmer3.PirsfHmmer3RawMatchParser:129] WARN - Couldn't parse the given raw match line, because it is of an unexpected format.
2023-06-24 19:38:52,912 [amqEmbeddedWorkerJmsContainer-12] [uk.ac.ebi.interpro.scan.io.pirsf.hmmer3.PirsfHmmer3RawMatchParser:130] WARN - Unexpected Raw match line: Query sequence: 192 matches PIRSF006483: Uncharacterised membrane protein, YitT type
2023-06-24 19:38:52,912 [amqEmbeddedWorkerJmsContainer-12] [uk.ac.ebi.interpro.scan.io.pirsf.hmmer3.PirsfHmmer3RawMatchParser:129] WARN - Couldn't parse the given raw match line, because it is of an unexpected format.
2023-06-24 19:38:52,912 [amqEmbeddedWorkerJmsContainer-12] [uk.ac.ebi.interpro.scan.io.pirsf.hmmer3.PirsfHmmer3RawMatchParser:130] WARN - Unexpected Raw match line: #    score  bias  c-Evalue  i-Evalue hmmfrom  hmm to    alifrom  ali to    envfrom  env to     acc
2023-06-24 19:38:52,912 [amqEmbeddedWorkerJmsContainer-12] [uk.ac.ebi.interpro.scan.io.pirsf.hmmer3.PirsfHmmer3RawMatchParser:129] WARN - Couldn't parse the given raw match line, because it is of an unexpected format.
2023-06-24 19:38:52,912 [amqEmbeddedWorkerJmsContainer-12] [uk.ac.ebi.interpro.scan.io.pirsf.hmmer3.PirsfHmmer3RawMatchParser:130] WARN - Unexpected Raw match line: 1 !  275.1  12.5   2.6e-86   5.9e-84      10     289 ..      16     296 ..       9     299 .. 0.97
2023-06-24 19:38:52,912 [amqEmbeddedWorkerJmsContainer-12] [uk.ac.ebi.interpro.scan.io.pirsf.hmmer3.PirsfHmmer3RawMatchParser:129] WARN - Couldn't parse the given raw match line, because it is of an unexpected format.
2023-06-24 19:38:52,912 [amqEmbeddedWorkerJmsContainer-12] [uk.ac.ebi.interpro.scan.io.pirsf.hmmer3.PirsfHmmer3RawMatchParser:130] WARN - Unexpected Raw match line: Query sequence: 200 matches PIRSF001594: Pyruvate carboxylase
2023-06-24 19:38:52,912 [amqEmbeddedWorkerJmsContainer-12] [uk.ac.ebi.interpro.scan.io.pirsf.hmmer3.PirsfHmmer3RawMatchParser:129] WARN - Couldn't parse the given raw match line, because it is of an unexpected format.
2023-06-24 19:38:52,912 [amqEmbeddedWorkerJmsContainer-12] [uk.ac.ebi.interpro.scan.io.pirsf.hmmer3.PirsfHmmer3RawMatchParser:130] WARN - Unexpected Raw match line: #    score  bias  c-Evalue  i-Evalue hmmfrom  hmm to    alifrom  ali to    envfrom  env to     acc
2023-06-24 19:38:52,912 [amqEmbeddedWorkerJmsContainer-12] [uk.ac.ebi.interpro.scan.io.pirsf.hmmer3.PirsfHmmer3RawMatchParser:129] WARN - Couldn't parse the given raw match line, because it is of an unexpected format.
2023-06-24 19:38:52,912 [amqEmbeddedWorkerJmsContainer-12] [uk.ac.ebi.interpro.scan.io.pirsf.hmmer3.PirsfHmmer3RawMatchParser:130] WARN - Unexpected Raw match line: 1 ! 1825.8   1.5         0         0       5    1146 ..       6    1147 ..       2    1148 .. 1.00
2023-06-24 19:38:52,912 [amqEmbeddedWorkerJmsContainer-12] [uk.ac.ebi.interpro.scan.io.pirsf.hmmer3.PirsfHmmer3RawMatchParser:129] WARN - Couldn't parse the given raw match line, because it is of an unexpected format.
2023-06-24 19:38:52,912 [amqEmbeddedWorkerJmsContainer-12] [uk.ac.ebi.interpro.scan.io.pirsf.hmmer3.PirsfHmmer3RawMatchParser:130] WARN - Unexpected Raw match line: Query sequence: 203 matches PIRSF000111: Bifunctional aldehyde/alcohol dehydrogenase
2023-06-24 19:38:52,913 [amqEmbeddedWorkerJmsContainer-12] [uk.ac.ebi.interpro.scan.io.pirsf.hmmer3.PirsfHmmer3RawMatchParser:129] WARN - Couldn't parse the given raw match line, because it is of an unexpected format.
2023-06-24 19:38:52,913 [amqEmbeddedWorkerJmsContainer-12] [uk.ac.ebi.interpro.scan.io.pirsf.hmmer3.PirsfHmmer3RawMatchParser:130] WARN - Unexpected Raw match line: #    score  bias  c-Evalue  i-Evalue hmmfrom  hmm to    alifrom  ali to    envfrom  env to     acc
2023-06-24 19:38:52,913 [amqEmbeddedWorkerJmsContainer-12] [uk.ac.ebi.interpro.scan.io.pirsf.hmmer3.PirsfHmmer3RawMatchParser:129] WARN - Couldn't parse the given raw match line, because it is of an unexpected format.
2023-06-24 19:38:52,913 [amqEmbeddedWorkerJmsContainer-12] [uk.ac.ebi.interpro.scan.io.pirsf.hmmer3.PirsfHmmer3RawMatchParser:130] WARN - Unexpected Raw match line: 1 ! 1432.1  12.5         0         0       6     872 ..      17     874 ..      12     875 .] 0.99
2023-06-24 19:38:52,913 [amqEmbeddedWorkerJmsContainer-12] [uk.ac.ebi.interpro.scan.io.pirsf.hmmer3.PirsfHmmer3RawMatchParser:129] WARN - Couldn't parse the given raw match line, because it is of an unexpected format.
2023-06-24 19:38:52,913 [amqEmbeddedWorkerJmsContainer-12] [uk.ac.ebi.interpro.scan.io.pirsf.hmmer3.PirsfHmmer3RawMatchParser:130] WARN - Unexpected Raw match line: Query sequence: 215 matches PIRSF000429: Acetyl-CoA acetyltransferase
2023-06-24 19:38:52,913 [amqEmbeddedWorkerJmsContainer-12] [uk.ac.ebi.interpro.scan.io.pirsf.hmmer3.PirsfHmmer3RawMatchParser:129] WARN - Couldn't parse the given raw match line, because it is of an unexpected format.
2023-06-24 19:38:52,913 [amqEmbeddedWorkerJmsContainer-12] [uk.ac.ebi.interpro.scan.io.pirsf.hmmer3.PirsfHmmer3RawMatchParser:130] WARN - Unexpected Raw match line: #    score  bias  c-Evalue  i-Evalue hmmfrom  hmm to    alifrom  ali to    envfrom  env to     acc
2023-06-24 19:38:52,913 [amqEmbeddedWorkerJmsContainer-12] [uk.ac.ebi.interpro.scan.io.pirsf.hmmer3.PirsfHmmer3RawMatchParser:129] WARN - Couldn't parse the given raw match line, because it is of an unexpected format.
2023-06-24 19:38:52,913 [amqEmbeddedWorkerJmsContainer-12] [uk.ac.ebi.interpro.scan.io.pirsf.hmmer3.PirsfHmmer3RawMatchParser:130] WARN - Unexpected Raw match line: 1 !  410.3   3.6  5.3e-127  1.2e-124       5     400 ..       9     393 ..       6     394 .. 0.93
2023-06-24 19:38:52,913 [amqEmbeddedWorkerJmsContainer-12] [uk.ac.ebi.interpro.scan.io.pirsf.hmmer3.PirsfHmmer3RawMatchParser:129] WARN - Couldn't parse the given raw match line, because it is of an unexpected format.
2023-06-24 19:38:52,913 [amqEmbeddedWorkerJmsContainer-12] [uk.ac.ebi.interpro.scan.io.pirsf.hmmer3.PirsfHmmer3RawMatchParser:130] WARN - Unexpected Raw match line: Query sequence: 217 matches PIRSF001461: Ribulose-phosphate 3-epimerase
2023-06-24 19:38:52,913 [amqEmbeddedWorkerJmsContainer-12] [uk.ac.ebi.interpro.scan.io.pirsf.hmmer3.PirsfHmmer3RawMatchParser:129] WARN - Couldn't parse the given raw match line, because it is of an unexpected format.
2023-06-24 19:38:52,913 [amqEmbeddedWorkerJmsContainer-12] [uk.ac.ebi.interpro.scan.io.pirsf.hmmer3.PirsfHmmer3RawMatchParser:130] WARN - Unexpected Raw match line: #    score  bias  c-Evalue  i-Evalue hmmfrom  hmm to    alifrom  ali to    envfrom  env to     acc
2023-06-24 19:38:52,913 [amqEmbeddedWorkerJmsContainer-12] [uk.ac.ebi.interpro.scan.io.pirsf.hmmer3.PirsfHmmer3RawMatchParser:129] WARN - Couldn't parse the given raw match line, because it is of an unexpected format.
2023-06-24 19:38:52,913 [amqEmbeddedWorkerJmsContainer-12] [uk.ac.ebi.interpro.scan.io.pirsf.hmmer3.PirsfHmmer3RawMatchParser:130] WARN - Unexpected Raw match line: 1 !  307.1   1.2   2.9e-96   6.7e-94       4     220 ..      19     235 ..      16     236 .] 0.99
2023-06-24 19:38:52,913 [amqEmbeddedWorkerJmsContainer-12] [uk.ac.ebi.interpro.scan.io.pirsf.hmmer3.PirsfHmmer3RawMatchParser:129] WARN - Couldn't parse the given raw match line, because it is of an unexpected format.
2023-06-24 19:38:52,914 [amqEmbeddedWorkerJmsContainer-12] [uk.ac.ebi.interpro.scan.io.pirsf.hmmer3.PirsfHmmer3RawMatchParser:130] WARN - Unexpected Raw match line: Query sequence: 48 matches PIRSF004803: Ribonuclease J
2023-06-24 19:38:52,914 [amqEmbeddedWorkerJmsContainer-12] [uk.ac.ebi.interpro.scan.io.pirsf.hmmer3.PirsfHmmer3RawMatchParser:129] WARN - Couldn't parse the given raw match line, because it is of an unexpected format.
2023-06-24 19:38:52,914 [amqEmbeddedWorkerJmsContainer-12] [uk.ac.ebi.interpro.scan.io.pirsf.hmmer3.PirsfHmmer3RawMatchParser:130] WARN - Unexpected Raw match line: #    score  bias  c-Evalue  i-Evalue hmmfrom  hmm to    alifrom  ali to    envfrom  env to     acc
2023-06-24 19:38:52,914 [amqEmbeddedWorkerJmsContainer-12] [uk.ac.ebi.interpro.scan.io.pirsf.hmmer3.PirsfHmmer3RawMatchParser:129] WARN - Couldn't parse the given raw match line, because it is of an unexpected format.
2023-06-24 19:38:52,914 [amqEmbeddedWorkerJmsContainer-12] [uk.ac.ebi.interpro.scan.io.pirsf.hmmer3.PirsfHmmer3RawMatchParser:130] WARN - Unexpected Raw match line: 1 !  747.3   0.5  6.1e-229  1.4e-226       6     560 ..      10     559 ..       5     560 .. 0.98
2023-06-24 19:38:52,914 [amqEmbeddedWorkerJmsContainer-12] [uk.ac.ebi.interpro.scan.io.pirsf.hmmer3.PirsfHmmer3RawMatchParser:129] WARN - Couldn't parse the given raw match line, because it is of an unexpected format.
2023-06-24 19:38:52,914 [amqEmbeddedWorkerJmsContainer-12] [uk.ac.ebi.interpro.scan.io.pirsf.hmmer3.PirsfHmmer3RawMatchParser:130] WARN - Unexpected Raw match line: Query sequence: 66 matches PIRSF005536: Alpha-galactosidase
2023-06-24 19:38:52,914 [amqEmbeddedWorkerJmsContainer-12] [uk.ac.ebi.interpro.scan.io.pirsf.hmmer3.PirsfHmmer3RawMatchParser:129] WARN - Couldn't parse the given raw match line, because it is of an unexpected format.
2023-06-24 19:38:52,914 [amqEmbeddedWorkerJmsContainer-12] [uk.ac.ebi.interpro.scan.io.pirsf.hmmer3.PirsfHmmer3RawMatchParser:130] WARN - Unexpected Raw match line: #    score  bias  c-Evalue  i-Evalue hmmfrom  hmm to    alifrom  ali to    envfrom  env to     acc
2023-06-24 19:38:52,914 [amqEmbeddedWorkerJmsContainer-12] [uk.ac.ebi.interpro.scan.io.pirsf.hmmer3.PirsfHmmer3RawMatchParser:129] WARN - Couldn't parse the given raw match line, because it is of an unexpected format.
2023-06-24 19:38:52,914 [amqEmbeddedWorkerJmsContainer-12] [uk.ac.ebi.interpro.scan.io.pirsf.hmmer3.PirsfHmmer3RawMatchParser:130] WARN - Unexpected Raw match line: 1 !  949.4   0.7  7.4e-290  1.7e-287       1     733 [.      10     737 ..      10     738 .. 0.98
2023-06-24 19:38:52,914 [amqEmbeddedWorkerJmsContainer-12] [uk.ac.ebi.interpro.scan.io.pirsf.hmmer3.PirsfHmmer3RawMatchParser:129] WARN - Couldn't parse the given raw match line, because it is of an unexpected format.
2023-06-24 19:38:52,914 [amqEmbeddedWorkerJmsContainer-12] [uk.ac.ebi.interpro.scan.io.pirsf.hmmer3.PirsfHmmer3RawMatchParser:130] WARN - Unexpected Raw match line: Query sequence: 75 matches PIRSF036289: Maltose phosphorylase/glycosyl hydrolase/vacuolar acid trehalase
2023-06-24 19:38:52,914 [amqEmbeddedWorkerJmsContainer-12] [uk.ac.ebi.interpro.scan.io.pirsf.hmmer3.PirsfHmmer3RawMatchParser:129] WARN - Couldn't parse the given raw match line, because it is of an unexpected format.
2023-06-24 19:38:52,914 [amqEmbeddedWorkerJmsContainer-12] [uk.ac.ebi.interpro.scan.io.pirsf.hmmer3.PirsfHmmer3RawMatchParser:130] WARN - Unexpected Raw match line: #    score  bias  c-Evalue  i-Evalue hmmfrom  hmm to    alifrom  ali to    envfrom  env to     acc
2023-06-24 19:38:52,914 [amqEmbeddedWorkerJmsContainer-12] [uk.ac.ebi.interpro.scan.io.pirsf.hmmer3.PirsfHmmer3RawMatchParser:129] WARN - Couldn't parse the given raw match line, because it is of an unexpected format.
2023-06-24 19:38:52,915 [amqEmbeddedWorkerJmsContainer-12] [uk.ac.ebi.interpro.scan.io.pirsf.hmmer3.PirsfHmmer3RawMatchParser:130] WARN - Unexpected Raw match line: 1 !  746.1  22.6  4.9e-228  5.6e-226       7     783 ..      99     888 ..      94     890 .. 0.92
2023-06-24 19:38:52,915 [amqEmbeddedWorkerJmsContainer-12] [uk.ac.ebi.interpro.scan.io.pirsf.hmmer3.PirsfHmmer3RawMatchParser:129] WARN - Couldn't parse the given raw match line, because it is of an unexpected format.
2023-06-24 19:38:52,915 [amqEmbeddedWorkerJmsContainer-12] [uk.ac.ebi.interpro.scan.io.pirsf.hmmer3.PirsfHmmer3RawMatchParser:130] WARN - Unexpected Raw match line: Query sequence: 78 matches PIRSF000726: Aspartate kinase
2023-06-24 19:38:52,915 [amqEmbeddedWorkerJmsContainer-12] [uk.ac.ebi.interpro.scan.io.pirsf.hmmer3.PirsfHmmer3RawMatchParser:129] WARN - Couldn't parse the given raw match line, because it is of an unexpected format.
2023-06-24 19:38:52,915 [amqEmbeddedWorkerJmsContainer-12] [uk.ac.ebi.interpro.scan.io.pirsf.hmmer3.PirsfHmmer3RawMatchParser:130] WARN - Unexpected Raw match line: #    score  bias  c-Evalue  i-Evalue hmmfrom  hmm to    alifrom  ali to    envfrom  env to     acc
2023-06-24 19:38:52,915 [amqEmbeddedWorkerJmsContainer-12] [uk.ac.ebi.interpro.scan.io.pirsf.hmmer3.PirsfHmmer3RawMatchParser:129] WARN - Couldn't parse the given raw match line, because it is of an unexpected format.
2023-06-24 19:38:52,915 [amqEmbeddedWorkerJmsContainer-12] [uk.ac.ebi.interpro.scan.io.pirsf.hmmer3.PirsfHmmer3RawMatchParser:130] WARN - Unexpected Raw match line: 1 !  258.7   0.0   4.8e-81   1.1e-78       4     453 ..      10     456 ..       7     457 .] 0.93
2023-06-24 19:38:52,915 [amqEmbeddedWorkerJmsContainer-12] [uk.ac.ebi.interpro.scan.io.pirsf.hmmer3.PirsfHmmer3RawMatchParser:129] WARN - Couldn't parse the given raw match line, because it is of an unexpected format.
2023-06-24 19:38:52,915 [amqEmbeddedWorkerJmsContainer-12] [uk.ac.ebi.interpro.scan.io.pirsf.hmmer3.PirsfHmmer3RawMatchParser:130] WARN - Unexpected Raw match line: Query sequence: 81 matches PIRSF038471: Rod shape-determining protein MreC
2023-06-24 19:38:52,915 [amqEmbeddedWorkerJmsContainer-12] [uk.ac.ebi.interpro.scan.io.pirsf.hmmer3.PirsfHmmer3RawMatchParser:129] WARN - Couldn't parse the given raw match line, because it is of an unexpected format.
2023-06-24 19:38:52,915 [amqEmbeddedWorkerJmsContainer-12] [uk.ac.ebi.interpro.scan.io.pirsf.hmmer3.PirsfHmmer3RawMatchParser:130] WARN - Unexpected Raw match line: #    score  bias  c-Evalue  i-Evalue hmmfrom  hmm to    alifrom  ali to    envfrom  env to     acc
2023-06-24 19:38:52,915 [amqEmbeddedWorkerJmsContainer-12] [uk.ac.ebi.interpro.scan.io.pirsf.hmmer3.PirsfHmmer3RawMatchParser:129] WARN - Couldn't parse the given raw match line, because it is of an unexpected format.
2023-06-24 19:38:52,915 [amqEmbeddedWorkerJmsContainer-12] [uk.ac.ebi.interpro.scan.io.pirsf.hmmer3.PirsfHmmer3RawMatchParser:130] WARN - Unexpected Raw match line: 1 !  200.6   9.4   1.4e-63   3.3e-61       2     273 ..       2     282 ..       1     285 [] 0.93
2023-06-24 19:38:52,915 [amqEmbeddedWorkerJmsContainer-12] [uk.ac.ebi.interpro.scan.io.pirsf.hmmer3.PirsfHmmer3RawMatchParser:129] WARN - Couldn't parse the given raw match line, because it is of an unexpected format.
2023-06-24 19:38:52,915 [amqEmbeddedWorkerJmsContainer-12] [uk.ac.ebi.interpro.scan.io.pirsf.hmmer3.PirsfHmmer3RawMatchParser:130] WARN - Unexpected Raw match line: Query sequence: 84 matches PIRSF007663: Uncharacterised conserved protein, UCP007663 type
2023-06-24 19:38:52,916 [amqEmbeddedWorkerJmsContainer-12] [uk.ac.ebi.interpro.scan.io.pirsf.hmmer3.PirsfHmmer3RawMatchParser:129] WARN - Couldn't parse the given raw match line, because it is of an unexpected format.
2023-06-24 19:38:52,916 [amqEmbeddedWorkerJmsContainer-12] [uk.ac.ebi.interpro.scan.io.pirsf.hmmer3.PirsfHmmer3RawMatchParser:130] WARN - Unexpected Raw match line: #    score  bias  c-Evalue  i-Evalue hmmfrom  hmm to    alifrom  ali to    envfrom  env to     acc
2023-06-24 19:38:52,916 [amqEmbeddedWorkerJmsContainer-12] [uk.ac.ebi.interpro.scan.io.pirsf.hmmer3.PirsfHmmer3RawMatchParser:129] WARN - Couldn't parse the given raw match line, because it is of an unexpected format.
2023-06-24 19:38:52,916 [amqEmbeddedWorkerJmsContainer-12] [uk.ac.ebi.interpro.scan.io.pirsf.hmmer3.PirsfHmmer3RawMatchParser:130] WARN - Unexpected Raw match line: 1 !  681.8   0.3  1.4e-208  1.6e-206      35     776 ..      21     748 ..       4     755 .. 0.93
24/06/2023 19:46:35:545 100% done:  InterProScan analyses completed 

2023-06-24 19:46:36,048 [main] [uk.ac.ebi.interpro.scan.jms.master.AbstractMaster:259] WARN - Master process unable to delete temporary directory /projects/raw_lab/jobs/metacerberus/temp/str-c107.uncc.edu_20230624_193736438_geq8
2192.26user 164.51system 9:04.17elapsed 433%CPU (0avgtext+0avgdata 3565868maxresident)k
1517992inputs+1309048outputs (440major+13168731minor)pagefaults 0swaps

======================================================
End Time   : Sat Jun 24 19:46:36 EDT 2023
Run Time   : 545 seconds
======================================================

