=====================================================
Start Time  : Sat Jul  1 17:14:33 EDT 2023
Submit Dir  : /projects/raw_lab/jobs/metacerberus
Job ID/Name : 4128789 / PROKKA
Node List   : str-c109
Num Tasks   : 1 total [1 nodes @ 16 CPUs/node]
======================================================

Loading prokka/1.14.6
  Loading requirement: anaconda3/2022.10
======================================================
Running PROKKA On CPR/SAMN03319688.fna
======================================================
Viruses
[17:14:35] This is prokka 1.14.6
[17:14:35] Written by Torsten Seemann <torsten.seemann@gmail.com>
[17:14:35] Homepage is https://github.com/tseemann/prokka
[17:14:35] Local time is Sat Jul  1 17:14:35 2023
[17:14:35] You are jlfiguer
[17:14:35] Operating system is linux
[17:14:35] You have BioPerl 1.7.8
Argument "1.7.8" isn't numeric in numeric lt (<) at /apps/pkg/anaconda3/2022.10/envs/prokka-1.14.6/bin/prokka line 259.
[17:14:35] System has 16 cores.
[17:14:35] Will use maximum of 16 cores.
[17:14:35] Annotating as >>> Viruses <<<
[17:14:35] Generating locus_tag from 'CPR/SAMN03319688.fna' contents.
[17:14:35] Setting --locustag JINAFACB from MD5 327afacbf60e66cb966e41b1d329e364
[17:14:35] Creating new output folder: results/PROKKA/CPR/SAMN03319688
[17:14:35] Running: mkdir -p results\/PROKKA\/CPR\/SAMN03319688
[17:14:35] Using filename prefix: SAMN03319688.XXX
[17:14:35] Setting HMMER_NCPU=1
[17:14:35] Writing log to: results/PROKKA/CPR/SAMN03319688/SAMN03319688.log
[17:14:35] Command: /apps/pkg/anaconda3/2022.10/envs/prokka-1.14.6/bin/prokka --prefix SAMN03319688 --outdir results/PROKKA/CPR/SAMN03319688 --kingdom Viruses --cpus 16 CPR/SAMN03319688.fna
[17:14:35] Appending to PATH: /apps/pkg/anaconda3/2022.10/envs/prokka-1.14.6/bin
[17:14:35] Looking for 'aragorn' - found /apps/pkg/anaconda3/2022.10/envs/prokka-1.14.6/bin/aragorn
[17:14:35] Determined aragorn version is 001002 from 'ARAGORN v1.2.41 Dean Laslett'
[17:14:35] Looking for 'barrnap' - found /apps/pkg/anaconda3/2022.10/envs/prokka-1.14.6/bin/barrnap
[17:14:35] Determined barrnap version is 000009 from 'barrnap 0.9'
[17:14:35] Looking for 'blastp' - found /apps/pkg/anaconda3/2022.10/envs/prokka-1.14.6/bin/blastp
[17:14:35] Determined blastp version is 002013 from 'blastp: 2.13.0+'
[17:14:35] Looking for 'cmpress' - found /apps/pkg/anaconda3/2022.10/envs/prokka-1.14.6/bin/cmpress
[17:14:35] Determined cmpress version is 001001 from '# INFERNAL 1.1.4 (Dec 2020)'
[17:14:35] Looking for 'cmscan' - found /apps/pkg/anaconda3/2022.10/envs/prokka-1.14.6/bin/cmscan
[17:14:35] Determined cmscan version is 001001 from '# INFERNAL 1.1.4 (Dec 2020)'
[17:14:35] Looking for 'egrep' - found /usr/bin/egrep
[17:14:35] Looking for 'find' - found /usr/bin/find
[17:14:35] Looking for 'grep' - found /usr/bin/grep
[17:14:35] Looking for 'hmmpress' - found /apps/pkg/anaconda3/2022.10/envs/prokka-1.14.6/bin/hmmpress
[17:14:35] Determined hmmpress version is 003003 from '# HMMER 3.3.2 (Nov 2020); http://hmmer.org/'
[17:14:35] Looking for 'hmmscan' - found /apps/pkg/anaconda3/2022.10/envs/prokka-1.14.6/bin/hmmscan
[17:14:35] Determined hmmscan version is 003003 from '# HMMER 3.3.2 (Nov 2020); http://hmmer.org/'
[17:14:35] Looking for 'java' - found /apps/pkg/anaconda3/2022.10/envs/prokka-1.14.6/bin/java
[17:14:35] Looking for 'makeblastdb' - found /apps/pkg/anaconda3/2022.10/envs/prokka-1.14.6/bin/makeblastdb
[17:14:35] Determined makeblastdb version is 002013 from 'makeblastdb: 2.13.0+'
[17:14:35] Looking for 'minced' - found /apps/pkg/anaconda3/2022.10/envs/prokka-1.14.6/bin/minced
[17:14:35] Determined minced version is 004002 from 'minced 0.4.2'
[17:14:35] Looking for 'parallel' - found /apps/pkg/anaconda3/2022.10/envs/prokka-1.14.6/bin/parallel
[17:14:35] Determined parallel version is 20230122 from 'GNU parallel 20230122'
[17:14:35] Looking for 'prodigal' - found /apps/pkg/anaconda3/2022.10/envs/prokka-1.14.6/bin/prodigal
[17:14:35] Determined prodigal version is 002006 from 'Prodigal V2.6.3: February, 2016'
[17:14:35] Looking for 'prokka-genbank_to_fasta_db' - found /apps/pkg/anaconda3/2022.10/envs/prokka-1.14.6/bin/prokka-genbank_to_fasta_db
[17:14:35] Looking for 'sed' - found /usr/bin/sed
[17:14:35] Looking for 'tbl2asn' - found /apps/pkg/anaconda3/2022.10/envs/prokka-1.14.6/bin/tbl2asn
[17:14:35] Determined tbl2asn version is 025007 from 'tbl2asn 25.7   arguments:'
[17:14:35] Using genetic code table 1.
[17:14:35] Loading and checking input file: CPR/SAMN03319688.fna
[17:14:35] Wrote 54 contigs totalling 1424122 bp.
[17:14:35] Predicting tRNAs and tmRNAs
[17:14:35] Running: aragorn -l -gc1  -w results\/PROKKA\/CPR\/SAMN03319688\/SAMN03319688\.fna
[17:14:35] 1 tRNA-Ala [4219,4292] 34 (cgc)
[17:14:35] 2 tRNA-Ala [4351,4422] 33 (ggc)
[17:14:35] 3 tRNA-Thr [58857,58929] 33 (ggt)
[17:14:35] 1 tRNA-Met [5617,5690] 34 (cat)
[17:14:35] 2 tRNA-Ile c[9067,9141] 34 (tat)
[17:14:35] 1 tRNA-Gln [72440,72511] 33 (ctg)
[17:14:35] 1 tRNA-Leu [30163,30247] 35 (caa)
[17:14:35] 1 tRNA-Val [25342,25416] 35 (cac)
[17:14:35] 1 tRNA-Ala c[3929,4001] 33 (tgc)
[17:14:35] 1 tRNA-Cys [8867,8939] 33 (gca)
[17:14:35] 2 tRNA-Ile [9595,9667] 33 (gat)
[17:14:35] 1 tRNA-Val c[22623,22696] 34 (tac)
[17:14:35] 1 tRNA-Arg [7175,7251] 35 (tcg)
[17:14:35] 2 tRNA-His c[13980,14055] 34 (gtg)
[17:14:35] 3 tRNA-Arg c[16083,16155] 34 (tct)
[17:14:35] 4 tRNA-Gly c[17904,17978] 33 (tcc)
[17:14:35] 5 tRNA-Leu [19508,19596] 35 (taa)
[17:14:35] 6 tRNA-Pro [20646,20720] 35 (tgg)
[17:14:35] 1 tRNA-Tyr c[4026,4110] 35 (gta)
[17:14:35] 2 tRNA-Thr c[10761,10833] 33 (tgt)
[17:14:35] 1 tRNA-Glu c[20799,20873] 35 (ctc)
[17:14:35] 1 tRNA-Ser [19039,19129] 37 (gct)
[17:14:35] 2 tRNA-Arg [21957,22033] 35 (gcg)
[17:14:35] 3 tRNA-Ser [22098,22185] 35 (cga)
[17:14:35] 4 tRNA-Arg [23682,23754] 34 (ccg)
[17:14:35] 1 tRNA-Gly c[531,603] 33 (gcc)
[17:14:35] 2 tRNA-Phe c[2304,2377] 35 (gaa)
[17:14:35] 3 tRNA-Val c[2728,2801] 34 (gac)
[17:14:35] 4 tRNA-Gln [4978,5050] 33 (ttg)
[17:14:35] 1 tRNA-Thr c[415,488] 34 (cgt)
[17:14:35] 2 tRNA-Gly c[6681,6754] 33 (ccc)
[17:14:35] 3 tRNA-Asp c[7746,7820] 35 (gtc)
[17:14:35] 1 tRNA-Trp [1867,1938] 33 (cca)
[17:14:35] 1 tRNA-Glu c[8991,9065] 35 (ttc)
[17:14:35] 1 tRNA-Ser c[1623,1710] 35 (tga)
[17:14:35] 1 tRNA-Lys [8322,8394] 33 (ttt)
[17:14:35] 1 tRNA-Lys c[3542,3615] 34 (ctt)
[17:14:35] 2 tRNA-Leu [5945,6030] 34 (tag)
[17:14:35] 1 tRNA-Trp c[3444,3518] 34 (cca)
[17:14:35] Found 39 tRNAs
[17:14:35] Disabling rRNA search: --kingdom=Viruses or --norrna=0
[17:14:35] Skipping ncRNA search, enable with --rfam if desired.
[17:14:35] Total of 39 tRNA + rRNA features
[17:14:35] Searching for CRISPR repeats
[17:14:36] Found 0 CRISPRs
[17:14:36] Predicting coding sequences
[17:14:36] Contigs total 1424122 bp, so using single mode
[17:14:36] Running: prodigal -i results\/PROKKA\/CPR\/SAMN03319688\/SAMN03319688\.fna -c -m -g 1 -p single -f sco -q
[17:14:37] Excluding CDS which overlaps existing RNA (tRNA) at LCFB01000006.1:5690..6031 on - strand
[17:14:37] Excluding CDS which overlaps existing RNA (tRNA) at LCFB01000013.1:9347..9604 on + strand
[17:14:37] Excluding CDS which overlaps existing RNA (tRNA) at LCFB01000017.1:13571..13990 on - strand
[17:14:37] Excluding CDS which overlaps existing RNA (tRNA) at LCFB01000023.1:2728..4062 on + strand
[17:14:37] Excluding CDS which overlaps existing RNA (tRNA) at LCFB01000029.1:23656..25233 on - strand
[17:14:37] Excluding CDS which overlaps existing RNA (tRNA) at LCFB01000031.1:2368..2622 on - strand
[17:14:37] Excluding CDS which overlaps existing RNA (tRNA) at LCFB01000035.1:887..1909 on - strand
[17:14:37] Excluding CDS which overlaps existing RNA (tRNA) at LCFB01000039.1:8074..8331 on + strand
[17:14:37] Excluding CDS which overlaps existing RNA (tRNA) at LCFB01000039.1:8368..10080 on - strand
[17:14:37] Excluding CDS which overlaps existing RNA (tRNA) at LCFB01000050.1:3606..3875 on - strand
[17:14:37] Found 1482 CDS
[17:14:37] Connecting features back to sequences
[17:14:37] Not using genus-specific database. Try --usegenus to enable it.
[17:14:37] Annotating CDS, please be patient.
[17:14:37] Will use 16 CPUs for similarity searching.
[17:14:38] There are still 1482 unannotated CDS left (started with 1482)
[17:14:38] Will use blast to search against /apps/pkg/anaconda3/2022.10/envs/prokka-1.14.6/db/kingdom/Viruses/sprot with 16 CPUs
[17:14:38] Running: cat results\/PROKKA\/CPR\/SAMN03319688\/SAMN03319688\.sprot\.tmp\.3926032\.faa | parallel --gnu --plain -j 16 --block 13157 --recstart '>' --pipe blastp -query - -db /apps/pkg/anaconda3/2022.10/envs/prokka-1.14.6/db/kingdom/Viruses/sprot -evalue 1e-09 -qcov_hsp_perc 80 -num_threads 1 -num_descriptions 1 -num_alignments 1 -seg no > results\/PROKKA\/CPR\/SAMN03319688\/SAMN03319688\.sprot\.tmp\.3926032\.blast 2> /dev/null
[17:14:41] Deleting unwanted file: results/PROKKA/CPR/SAMN03319688/SAMN03319688.sprot.tmp.3926032.faa
[17:14:41] Deleting unwanted file: results/PROKKA/CPR/SAMN03319688/SAMN03319688.sprot.tmp.3926032.blast
[17:14:41] Labelling remaining 1479 proteins as 'hypothetical protein'
[17:14:41] Found 2 unique /gene codes.
[17:14:41] Fixed 0 colliding /gene names.
[17:14:41] Adding /locus_tag identifiers
[17:14:41] Assigned 1521 locus_tags to CDS and RNA features.
[17:14:41] Writing outputs to results/PROKKA/CPR/SAMN03319688/
[17:14:41] Generating annotation statistics file
[17:14:41] Generating Genbank and Sequin files
[17:14:41] Running: tbl2asn -V b -a r10k -l paired-ends -M n -N 1 -y 'Annotated using prokka 1.14.6 from https://github.com/tseemann/prokka' -Z results\/PROKKA\/CPR\/SAMN03319688\/SAMN03319688\.err -i results\/PROKKA\/CPR\/SAMN03319688\/SAMN03319688\.fsa 2> /dev/null
[tbl2asn-forever] Found Prokka input, correcting dates in .gbf|.sqn files.
[tbl2asn-forever] Correcting dates in results/PROKKA/CPR/SAMN03319688/SAMN03319688.gbf
[tbl2asn-forever] Correcting dates in results/PROKKA/CPR/SAMN03319688/SAMN03319688.sqn
[tbl2asn-forever] Dates changed from 01-JAN-2019 to 01-JUL-2023
[17:14:44] Deleting unwanted file: results/PROKKA/CPR/SAMN03319688/errorsummary.val
[17:14:44] Deleting unwanted file: results/PROKKA/CPR/SAMN03319688/SAMN03319688.dr
[17:14:44] Deleting unwanted file: results/PROKKA/CPR/SAMN03319688/SAMN03319688.fixedproducts
[17:14:44] Deleting unwanted file: results/PROKKA/CPR/SAMN03319688/SAMN03319688.ecn
[17:14:44] Deleting unwanted file: results/PROKKA/CPR/SAMN03319688/SAMN03319688.val
[17:14:44] Repairing broken .GBK output that tbl2asn produces...
[17:14:44] Running: sed 's/COORDINATES: profile/COORDINATES:profile/' < results\/PROKKA\/CPR\/SAMN03319688\/SAMN03319688\.gbf > results\/PROKKA\/CPR\/SAMN03319688\/SAMN03319688\.gbk
[17:14:44] Deleting unwanted file: results/PROKKA/CPR/SAMN03319688/SAMN03319688.gbf
[17:14:44] Output files:
[17:14:44] results/PROKKA/CPR/SAMN03319688/SAMN03319688.log
[17:14:44] results/PROKKA/CPR/SAMN03319688/SAMN03319688.fna
[17:14:44] results/PROKKA/CPR/SAMN03319688/SAMN03319688.gff
[17:14:44] results/PROKKA/CPR/SAMN03319688/SAMN03319688.faa
[17:14:44] results/PROKKA/CPR/SAMN03319688/SAMN03319688.ffn
[17:14:44] results/PROKKA/CPR/SAMN03319688/SAMN03319688.tbl
[17:14:44] results/PROKKA/CPR/SAMN03319688/SAMN03319688.fsa
[17:14:44] results/PROKKA/CPR/SAMN03319688/SAMN03319688.tsv
[17:14:44] results/PROKKA/CPR/SAMN03319688/SAMN03319688.txt
[17:14:44] results/PROKKA/CPR/SAMN03319688/SAMN03319688.err
[17:14:44] results/PROKKA/CPR/SAMN03319688/SAMN03319688.sqn
[17:14:44] results/PROKKA/CPR/SAMN03319688/SAMN03319688.gbk
[17:14:44] Annotation finished successfully.
[17:14:44] Walltime used: 0.15 minutes
[17:14:44] If you use this result please cite the Prokka paper:
[17:14:44] Seemann T (2014) Prokka: rapid prokaryotic genome annotation. Bioinformatics. 30(14):2068-9.
[17:14:44] Type 'prokka --citation' for more details.
[17:14:44] Share and enjoy!
34.52user 0.84system 0:09.64elapsed 366%CPU (0avgtext+0avgdata 151496maxresident)k
24096inputs+65256outputs (0major+268457minor)pagefaults 0swaps

======================================================
End Time   : Sat Jul  1 17:14:44 EDT 2023
Run Time   : 11 seconds
======================================================

