=====================================================
Start Time  : Sat Jun 24 21:24:41 EDT 2023
Submit Dir  : /projects/raw_lab/jobs/metacerberus
Job ID/Name : 3996820 / InterProScan
Node List   : str-c94
Num Tasks   : 1 total [1 nodes @ 16 CPUs/node]
======================================================

Loading interproscan/5.60-92.0
  Loading requirement: anaconda3/2020.11 openjdk/15
======================================================
Running InterProScan On CPR/SAMN04315426.fna
======================================================
24/06/2023 21:24:42:895 Welcome to InterProScan-5.60-92.0
24/06/2023 21:24:42:895 Running InterProScan v5 in STANDALONE mode... on Linux
24/06/2023 21:24:46:890 RunID: str-c94.uncc.edu_20230624_212446721_9zie
24/06/2023 21:24:55:285 Loading file /projects/raw_lab/jobs/metacerberus/CPR/SAMN04315426.fna
24/06/2023 21:24:55:984 Running the following analyses:
[AntiFam-7.0,CDD-3.20,Coils-2.2.1,FunFam-4.3.0,Gene3D-4.3.0,Hamap-2021_04,MobiDBLite-2.0,PANTHER-17.0,Pfam-35.0,PIRSF-3.10,PIRSR-2021_05,PRINTS-42.0,ProSitePatterns-2022_01,ProSiteProfiles-2022_01,SFLD-4,SMART-7.1,SUPERFAMILY-1.75,TIGRFAM-15.0]
Pre-calculated match lookup service DISABLED.  Please wait for match calculations to complete...
2023-06-24 21:37:24,297 [amqEmbeddedWorkerJmsContainer-2] [uk.ac.ebi.interpro.scan.io.pirsf.hmmer3.PirsfHmmer3RawMatchParser:129] WARN - Couldn't parse the given raw match line, because it is of an unexpected format.
2023-06-24 21:37:24,302 [amqEmbeddedWorkerJmsContainer-2] [uk.ac.ebi.interpro.scan.io.pirsf.hmmer3.PirsfHmmer3RawMatchParser:130] WARN - Unexpected Raw match line: Query sequence: 122 matches PIRSF000429: Acetyl-CoA acetyltransferase
2023-06-24 21:37:24,302 [amqEmbeddedWorkerJmsContainer-2] [uk.ac.ebi.interpro.scan.io.pirsf.hmmer3.PirsfHmmer3RawMatchParser:129] WARN - Couldn't parse the given raw match line, because it is of an unexpected format.
2023-06-24 21:37:24,302 [amqEmbeddedWorkerJmsContainer-2] [uk.ac.ebi.interpro.scan.io.pirsf.hmmer3.PirsfHmmer3RawMatchParser:130] WARN - Unexpected Raw match line: #    score  bias  c-Evalue  i-Evalue hmmfrom  hmm to    alifrom  ali to    envfrom  env to     acc
2023-06-24 21:37:24,302 [amqEmbeddedWorkerJmsContainer-2] [uk.ac.ebi.interpro.scan.io.pirsf.hmmer3.PirsfHmmer3RawMatchParser:129] WARN - Couldn't parse the given raw match line, because it is of an unexpected format.
2023-06-24 21:37:24,302 [amqEmbeddedWorkerJmsContainer-2] [uk.ac.ebi.interpro.scan.io.pirsf.hmmer3.PirsfHmmer3RawMatchParser:130] WARN - Unexpected Raw match line: 1 !  215.1   0.0   2.1e-67   3.8e-65       2     398 ..      13     394 ..      12     396 .] 0.90
2023-06-24 21:37:24,302 [amqEmbeddedWorkerJmsContainer-2] [uk.ac.ebi.interpro.scan.io.pirsf.hmmer3.PirsfHmmer3RawMatchParser:129] WARN - Couldn't parse the given raw match line, because it is of an unexpected format.
2023-06-24 21:37:24,302 [amqEmbeddedWorkerJmsContainer-2] [uk.ac.ebi.interpro.scan.io.pirsf.hmmer3.PirsfHmmer3RawMatchParser:130] WARN - Unexpected Raw match line: Query sequence: 125 matches PIRSF006641: Predicted GTP-dependent nucleic acid-binding protein, EngD type
2023-06-24 21:37:24,303 [amqEmbeddedWorkerJmsContainer-2] [uk.ac.ebi.interpro.scan.io.pirsf.hmmer3.PirsfHmmer3RawMatchParser:129] WARN - Couldn't parse the given raw match line, because it is of an unexpected format.
2023-06-24 21:37:24,303 [amqEmbeddedWorkerJmsContainer-2] [uk.ac.ebi.interpro.scan.io.pirsf.hmmer3.PirsfHmmer3RawMatchParser:130] WARN - Unexpected Raw match line: #    score  bias  c-Evalue  i-Evalue hmmfrom  hmm to    alifrom  ali to    envfrom  env to     acc
2023-06-24 21:37:24,303 [amqEmbeddedWorkerJmsContainer-2] [uk.ac.ebi.interpro.scan.io.pirsf.hmmer3.PirsfHmmer3RawMatchParser:129] WARN - Couldn't parse the given raw match line, because it is of an unexpected format.
2023-06-24 21:37:24,303 [amqEmbeddedWorkerJmsContainer-2] [uk.ac.ebi.interpro.scan.io.pirsf.hmmer3.PirsfHmmer3RawMatchParser:130] WARN - Unexpected Raw match line: 1 !  401.4   0.8  4.5e-124  8.3e-122       2     369 ..       4     355 .]       3     355 .] 0.90
2023-06-24 21:37:24,303 [amqEmbeddedWorkerJmsContainer-2] [uk.ac.ebi.interpro.scan.io.pirsf.hmmer3.PirsfHmmer3RawMatchParser:129] WARN - Couldn't parse the given raw match line, because it is of an unexpected format.
2023-06-24 21:37:24,303 [amqEmbeddedWorkerJmsContainer-2] [uk.ac.ebi.interpro.scan.io.pirsf.hmmer3.PirsfHmmer3RawMatchParser:130] WARN - Unexpected Raw match line: Query sequence: 129 matches PIRSF016578: Flavin-dependent oxidoreductase, HsaA type
2023-06-24 21:37:24,303 [amqEmbeddedWorkerJmsContainer-2] [uk.ac.ebi.interpro.scan.io.pirsf.hmmer3.PirsfHmmer3RawMatchParser:129] WARN - Couldn't parse the given raw match line, because it is of an unexpected format.
2023-06-24 21:37:24,303 [amqEmbeddedWorkerJmsContainer-2] [uk.ac.ebi.interpro.scan.io.pirsf.hmmer3.PirsfHmmer3RawMatchParser:130] WARN - Unexpected Raw match line: #    score  bias  c-Evalue  i-Evalue hmmfrom  hmm to    alifrom  ali to    envfrom  env to     acc
2023-06-24 21:37:24,303 [amqEmbeddedWorkerJmsContainer-2] [uk.ac.ebi.interpro.scan.io.pirsf.hmmer3.PirsfHmmer3RawMatchParser:129] WARN - Couldn't parse the given raw match line, because it is of an unexpected format.
2023-06-24 21:37:24,303 [amqEmbeddedWorkerJmsContainer-2] [uk.ac.ebi.interpro.scan.io.pirsf.hmmer3.PirsfHmmer3RawMatchParser:130] WARN - Unexpected Raw match line: 1 !   50.8   3.3     5e-18   1.8e-15      35     369 ..      32     366 ..      16     386 .. 0.77
2023-06-24 21:37:24,303 [amqEmbeddedWorkerJmsContainer-2] [uk.ac.ebi.interpro.scan.io.pirsf.hmmer3.PirsfHmmer3RawMatchParser:129] WARN - Couldn't parse the given raw match line, because it is of an unexpected format.
2023-06-24 21:37:24,303 [amqEmbeddedWorkerJmsContainer-2] [uk.ac.ebi.interpro.scan.io.pirsf.hmmer3.PirsfHmmer3RawMatchParser:130] WARN - Unexpected Raw match line: Query sequence: 14 matches PIRSF001549: Histidyl-tRNA synthetase
2023-06-24 21:37:24,303 [amqEmbeddedWorkerJmsContainer-2] [uk.ac.ebi.interpro.scan.io.pirsf.hmmer3.PirsfHmmer3RawMatchParser:129] WARN - Couldn't parse the given raw match line, because it is of an unexpected format.
2023-06-24 21:37:24,303 [amqEmbeddedWorkerJmsContainer-2] [uk.ac.ebi.interpro.scan.io.pirsf.hmmer3.PirsfHmmer3RawMatchParser:130] WARN - Unexpected Raw match line: #    score  bias  c-Evalue  i-Evalue hmmfrom  hmm to    alifrom  ali to    envfrom  env to     acc
2023-06-24 21:37:24,303 [amqEmbeddedWorkerJmsContainer-2] [uk.ac.ebi.interpro.scan.io.pirsf.hmmer3.PirsfHmmer3RawMatchParser:129] WARN - Couldn't parse the given raw match line, because it is of an unexpected format.
2023-06-24 21:37:24,304 [amqEmbeddedWorkerJmsContainer-2] [uk.ac.ebi.interpro.scan.io.pirsf.hmmer3.PirsfHmmer3RawMatchParser:130] WARN - Unexpected Raw match line: 1 !  343.1   0.0  3.7e-106  4.5e-104       3     436 ..      10     447 ..       8     450 .. 0.97
2023-06-24 21:37:24,304 [amqEmbeddedWorkerJmsContainer-2] [uk.ac.ebi.interpro.scan.io.pirsf.hmmer3.PirsfHmmer3RawMatchParser:129] WARN - Couldn't parse the given raw match line, because it is of an unexpected format.
2023-06-24 21:37:24,304 [amqEmbeddedWorkerJmsContainer-2] [uk.ac.ebi.interpro.scan.io.pirsf.hmmer3.PirsfHmmer3RawMatchParser:130] WARN - Unexpected Raw match line: Query sequence: 148 matches PIRSF005572: Cysteine desulphurase, NifS type
2023-06-24 21:37:24,304 [amqEmbeddedWorkerJmsContainer-2] [uk.ac.ebi.interpro.scan.io.pirsf.hmmer3.PirsfHmmer3RawMatchParser:129] WARN - Couldn't parse the given raw match line, because it is of an unexpected format.
2023-06-24 21:37:24,304 [amqEmbeddedWorkerJmsContainer-2] [uk.ac.ebi.interpro.scan.io.pirsf.hmmer3.PirsfHmmer3RawMatchParser:130] WARN - Unexpected Raw match line: #    score  bias  c-Evalue  i-Evalue hmmfrom  hmm to    alifrom  ali to    envfrom  env to     acc
2023-06-24 21:37:24,304 [amqEmbeddedWorkerJmsContainer-2] [uk.ac.ebi.interpro.scan.io.pirsf.hmmer3.PirsfHmmer3RawMatchParser:129] WARN - Couldn't parse the given raw match line, because it is of an unexpected format.
2023-06-24 21:37:24,304 [amqEmbeddedWorkerJmsContainer-2] [uk.ac.ebi.interpro.scan.io.pirsf.hmmer3.PirsfHmmer3RawMatchParser:130] WARN - Unexpected Raw match line: 1 !  403.8   0.0  4.2e-125  1.6e-122       2     379 ..       5     439 ..       4     442 .. 0.98
2023-06-24 21:37:24,304 [amqEmbeddedWorkerJmsContainer-2] [uk.ac.ebi.interpro.scan.io.pirsf.hmmer3.PirsfHmmer3RawMatchParser:129] WARN - Couldn't parse the given raw match line, because it is of an unexpected format.
2023-06-24 21:37:24,304 [amqEmbeddedWorkerJmsContainer-2] [uk.ac.ebi.interpro.scan.io.pirsf.hmmer3.PirsfHmmer3RawMatchParser:130] WARN - Unexpected Raw match line: Query sequence: 155 matches PIRSF019466: Ethanolamine utilization protein EutH
2023-06-24 21:37:24,304 [amqEmbeddedWorkerJmsContainer-2] [uk.ac.ebi.interpro.scan.io.pirsf.hmmer3.PirsfHmmer3RawMatchParser:129] WARN - Couldn't parse the given raw match line, because it is of an unexpected format.
2023-06-24 21:37:24,304 [amqEmbeddedWorkerJmsContainer-2] [uk.ac.ebi.interpro.scan.io.pirsf.hmmer3.PirsfHmmer3RawMatchParser:130] WARN - Unexpected Raw match line: #    score  bias  c-Evalue  i-Evalue hmmfrom  hmm to    alifrom  ali to    envfrom  env to     acc
2023-06-24 21:37:24,304 [amqEmbeddedWorkerJmsContainer-2] [uk.ac.ebi.interpro.scan.io.pirsf.hmmer3.PirsfHmmer3RawMatchParser:129] WARN - Couldn't parse the given raw match line, because it is of an unexpected format.
2023-06-24 21:37:24,304 [amqEmbeddedWorkerJmsContainer-2] [uk.ac.ebi.interpro.scan.io.pirsf.hmmer3.PirsfHmmer3RawMatchParser:130] WARN - Unexpected Raw match line: 1 !  394.4  36.9  2.9e-122  1.1e-119       1     356 [.      24     379 ..      24     382 .. 0.99
2023-06-24 21:37:24,304 [amqEmbeddedWorkerJmsContainer-2] [uk.ac.ebi.interpro.scan.io.pirsf.hmmer3.PirsfHmmer3RawMatchParser:129] WARN - Couldn't parse the given raw match line, because it is of an unexpected format.
2023-06-24 21:37:24,304 [amqEmbeddedWorkerJmsContainer-2] [uk.ac.ebi.interpro.scan.io.pirsf.hmmer3.PirsfHmmer3RawMatchParser:130] WARN - Unexpected Raw match line: Query sequence: 174 matches PIRSF000349: Superoxide dismutase, Mn/Fe specific
2023-06-24 21:37:24,305 [amqEmbeddedWorkerJmsContainer-2] [uk.ac.ebi.interpro.scan.io.pirsf.hmmer3.PirsfHmmer3RawMatchParser:129] WARN - Couldn't parse the given raw match line, because it is of an unexpected format.
2023-06-24 21:37:24,305 [amqEmbeddedWorkerJmsContainer-2] [uk.ac.ebi.interpro.scan.io.pirsf.hmmer3.PirsfHmmer3RawMatchParser:130] WARN - Unexpected Raw match line: #    score  bias  c-Evalue  i-Evalue hmmfrom  hmm to    alifrom  ali to    envfrom  env to     acc
2023-06-24 21:37:24,305 [amqEmbeddedWorkerJmsContainer-2] [uk.ac.ebi.interpro.scan.io.pirsf.hmmer3.PirsfHmmer3RawMatchParser:129] WARN - Couldn't parse the given raw match line, because it is of an unexpected format.
2023-06-24 21:37:24,305 [amqEmbeddedWorkerJmsContainer-2] [uk.ac.ebi.interpro.scan.io.pirsf.hmmer3.PirsfHmmer3RawMatchParser:130] WARN - Unexpected Raw match line: 1 !  164.5   0.7   1.2e-52   4.6e-50      40     226 ..       9     197 ..       2     200 .. 0.92
2023-06-24 21:37:24,305 [amqEmbeddedWorkerJmsContainer-2] [uk.ac.ebi.interpro.scan.io.pirsf.hmmer3.PirsfHmmer3RawMatchParser:129] WARN - Couldn't parse the given raw match line, because it is of an unexpected format.
2023-06-24 21:37:24,305 [amqEmbeddedWorkerJmsContainer-2] [uk.ac.ebi.interpro.scan.io.pirsf.hmmer3.PirsfHmmer3RawMatchParser:130] WARN - Unexpected Raw match line: Query sequence: 179 matches PIRSF004557: Preprotein translocase Sec, SecY/Sec61-alpha subunit
2023-06-24 21:37:24,305 [amqEmbeddedWorkerJmsContainer-2] [uk.ac.ebi.interpro.scan.io.pirsf.hmmer3.PirsfHmmer3RawMatchParser:129] WARN - Couldn't parse the given raw match line, because it is of an unexpected format.
2023-06-24 21:37:24,305 [amqEmbeddedWorkerJmsContainer-2] [uk.ac.ebi.interpro.scan.io.pirsf.hmmer3.PirsfHmmer3RawMatchParser:130] WARN - Unexpected Raw match line: #    score  bias  c-Evalue  i-Evalue hmmfrom  hmm to    alifrom  ali to    envfrom  env to     acc
2023-06-24 21:37:24,305 [amqEmbeddedWorkerJmsContainer-2] [uk.ac.ebi.interpro.scan.io.pirsf.hmmer3.PirsfHmmer3RawMatchParser:129] WARN - Couldn't parse the given raw match line, because it is of an unexpected format.
2023-06-24 21:37:24,305 [amqEmbeddedWorkerJmsContainer-2] [uk.ac.ebi.interpro.scan.io.pirsf.hmmer3.PirsfHmmer3RawMatchParser:130] WARN - Unexpected Raw match line: 1 !  387.7  27.5  3.4e-120  1.3e-117      12     440 ..       6     421 ..       2     423 .] 0.92
2023-06-24 21:37:24,305 [amqEmbeddedWorkerJmsContainer-2] [uk.ac.ebi.interpro.scan.io.pirsf.hmmer3.PirsfHmmer3RawMatchParser:129] WARN - Couldn't parse the given raw match line, because it is of an unexpected format.
2023-06-24 21:37:24,305 [amqEmbeddedWorkerJmsContainer-2] [uk.ac.ebi.interpro.scan.io.pirsf.hmmer3.PirsfHmmer3RawMatchParser:130] WARN - Unexpected Raw match line: Query sequence: 190 matches PIRSF001529: Serine-tRNA ligase
2023-06-24 21:37:24,305 [amqEmbeddedWorkerJmsContainer-2] [uk.ac.ebi.interpro.scan.io.pirsf.hmmer3.PirsfHmmer3RawMatchParser:129] WARN - Couldn't parse the given raw match line, because it is of an unexpected format.
2023-06-24 21:37:24,305 [amqEmbeddedWorkerJmsContainer-2] [uk.ac.ebi.interpro.scan.io.pirsf.hmmer3.PirsfHmmer3RawMatchParser:130] WARN - Unexpected Raw match line: #    score  bias  c-Evalue  i-Evalue hmmfrom  hmm to    alifrom  ali to    envfrom  env to     acc
2023-06-24 21:37:24,306 [amqEmbeddedWorkerJmsContainer-2] [uk.ac.ebi.interpro.scan.io.pirsf.hmmer3.PirsfHmmer3RawMatchParser:129] WARN - Couldn't parse the given raw match line, because it is of an unexpected format.
2023-06-24 21:37:24,306 [amqEmbeddedWorkerJmsContainer-2] [uk.ac.ebi.interpro.scan.io.pirsf.hmmer3.PirsfHmmer3RawMatchParser:130] WARN - Unexpected Raw match line: 1 !  473.0   0.0  8.4e-146  1.5e-143       1     422 [.       8     431 ..       8     433 .] 0.96
2023-06-24 21:37:24,306 [amqEmbeddedWorkerJmsContainer-2] [uk.ac.ebi.interpro.scan.io.pirsf.hmmer3.PirsfHmmer3RawMatchParser:129] WARN - Couldn't parse the given raw match line, because it is of an unexpected format.
2023-06-24 21:37:24,306 [amqEmbeddedWorkerJmsContainer-2] [uk.ac.ebi.interpro.scan.io.pirsf.hmmer3.PirsfHmmer3RawMatchParser:130] WARN - Unexpected Raw match line: Query sequence: 202 matches PIRSF003101: Cell division protein FtsA
2023-06-24 21:37:24,306 [amqEmbeddedWorkerJmsContainer-2] [uk.ac.ebi.interpro.scan.io.pirsf.hmmer3.PirsfHmmer3RawMatchParser:129] WARN - Couldn't parse the given raw match line, because it is of an unexpected format.
2023-06-24 21:37:24,306 [amqEmbeddedWorkerJmsContainer-2] [uk.ac.ebi.interpro.scan.io.pirsf.hmmer3.PirsfHmmer3RawMatchParser:130] WARN - Unexpected Raw match line: #    score  bias  c-Evalue  i-Evalue hmmfrom  hmm to    alifrom  ali to    envfrom  env to     acc
2023-06-24 21:37:24,306 [amqEmbeddedWorkerJmsContainer-2] [uk.ac.ebi.interpro.scan.io.pirsf.hmmer3.PirsfHmmer3RawMatchParser:129] WARN - Couldn't parse the given raw match line, because it is of an unexpected format.
2023-06-24 21:37:24,306 [amqEmbeddedWorkerJmsContainer-2] [uk.ac.ebi.interpro.scan.io.pirsf.hmmer3.PirsfHmmer3RawMatchParser:130] WARN - Unexpected Raw match line: 1 !  305.5   0.6   6.5e-95   1.2e-92      10     385 ..       7     383 ..       1     406 [. 0.91
2023-06-24 21:37:24,306 [amqEmbeddedWorkerJmsContainer-2] [uk.ac.ebi.interpro.scan.io.pirsf.hmmer3.PirsfHmmer3RawMatchParser:129] WARN - Couldn't parse the given raw match line, because it is of an unexpected format.
2023-06-24 21:37:24,306 [amqEmbeddedWorkerJmsContainer-2] [uk.ac.ebi.interpro.scan.io.pirsf.hmmer3.PirsfHmmer3RawMatchParser:130] WARN - Unexpected Raw match line: Query sequence: 240 matches PIRSF015601: Predicted S-adenosyl-L-methionine dependent RNA methyltransferase, slr0722 type
2023-06-24 21:37:24,306 [amqEmbeddedWorkerJmsContainer-2] [uk.ac.ebi.interpro.scan.io.pirsf.hmmer3.PirsfHmmer3RawMatchParser:129] WARN - Couldn't parse the given raw match line, because it is of an unexpected format.
2023-06-24 21:37:24,306 [amqEmbeddedWorkerJmsContainer-2] [uk.ac.ebi.interpro.scan.io.pirsf.hmmer3.PirsfHmmer3RawMatchParser:130] WARN - Unexpected Raw match line: #    score  bias  c-Evalue  i-Evalue hmmfrom  hmm to    alifrom  ali to    envfrom  env to     acc
2023-06-24 21:37:24,306 [amqEmbeddedWorkerJmsContainer-2] [uk.ac.ebi.interpro.scan.io.pirsf.hmmer3.PirsfHmmer3RawMatchParser:129] WARN - Couldn't parse the given raw match line, because it is of an unexpected format.
2023-06-24 21:37:24,306 [amqEmbeddedWorkerJmsContainer-2] [uk.ac.ebi.interpro.scan.io.pirsf.hmmer3.PirsfHmmer3RawMatchParser:130] WARN - Unexpected Raw match line: 1 !  164.8   0.5   1.1e-52   4.1e-50       2     233 ..       3     231 ..       2     236 .. 0.92
2023-06-24 21:37:24,307 [amqEmbeddedWorkerJmsContainer-2] [uk.ac.ebi.interpro.scan.io.pirsf.hmmer3.PirsfHmmer3RawMatchParser:129] WARN - Couldn't parse the given raw match line, because it is of an unexpected format.
2023-06-24 21:37:24,307 [amqEmbeddedWorkerJmsContainer-2] [uk.ac.ebi.interpro.scan.io.pirsf.hmmer3.PirsfHmmer3RawMatchParser:130] WARN - Unexpected Raw match line: Query sequence: 245 matches PIRSF001359: Fructose-bisphosphate aldolase II
2023-06-24 21:37:24,307 [amqEmbeddedWorkerJmsContainer-2] [uk.ac.ebi.interpro.scan.io.pirsf.hmmer3.PirsfHmmer3RawMatchParser:129] WARN - Couldn't parse the given raw match line, because it is of an unexpected format.
2023-06-24 21:37:24,307 [amqEmbeddedWorkerJmsContainer-2] [uk.ac.ebi.interpro.scan.io.pirsf.hmmer3.PirsfHmmer3RawMatchParser:130] WARN - Unexpected Raw match line: #    score  bias  c-Evalue  i-Evalue hmmfrom  hmm to    alifrom  ali to    envfrom  env to     acc
2023-06-24 21:37:24,307 [amqEmbeddedWorkerJmsContainer-2] [uk.ac.ebi.interpro.scan.io.pirsf.hmmer3.PirsfHmmer3RawMatchParser:129] WARN - Couldn't parse the given raw match line, because it is of an unexpected format.
2023-06-24 21:37:24,307 [amqEmbeddedWorkerJmsContainer-2] [uk.ac.ebi.interpro.scan.io.pirsf.hmmer3.PirsfHmmer3RawMatchParser:130] WARN - Unexpected Raw match line: 1 !  248.3   1.0   5.5e-78     2e-75       6     288 ..       3     286 ..       1     287 [] 0.95
2023-06-24 21:37:24,307 [amqEmbeddedWorkerJmsContainer-2] [uk.ac.ebi.interpro.scan.io.pirsf.hmmer3.PirsfHmmer3RawMatchParser:129] WARN - Couldn't parse the given raw match line, because it is of an unexpected format.
2023-06-24 21:37:24,307 [amqEmbeddedWorkerJmsContainer-2] [uk.ac.ebi.interpro.scan.io.pirsf.hmmer3.PirsfHmmer3RawMatchParser:130] WARN - Unexpected Raw match line: Query sequence: 246 matches PIRSF002401: GTP-binding protein, obg type
2023-06-24 21:37:24,307 [amqEmbeddedWorkerJmsContainer-2] [uk.ac.ebi.interpro.scan.io.pirsf.hmmer3.PirsfHmmer3RawMatchParser:129] WARN - Couldn't parse the given raw match line, because it is of an unexpected format.
2023-06-24 21:37:24,307 [amqEmbeddedWorkerJmsContainer-2] [uk.ac.ebi.interpro.scan.io.pirsf.hmmer3.PirsfHmmer3RawMatchParser:130] WARN - Unexpected Raw match line: #    score  bias  c-Evalue  i-Evalue hmmfrom  hmm to    alifrom  ali to    envfrom  env to     acc
2023-06-24 21:37:24,307 [amqEmbeddedWorkerJmsContainer-2] [uk.ac.ebi.interpro.scan.io.pirsf.hmmer3.PirsfHmmer3RawMatchParser:129] WARN - Couldn't parse the given raw match line, because it is of an unexpected format.
2023-06-24 21:37:24,307 [amqEmbeddedWorkerJmsContainer-2] [uk.ac.ebi.interpro.scan.io.pirsf.hmmer3.PirsfHmmer3RawMatchParser:130] WARN - Unexpected Raw match line: 1 !  341.9   5.1  4.9e-106    9e-104       3     332 ..       4     321 ..       3     325 .] 0.93
2023-06-24 21:37:24,307 [amqEmbeddedWorkerJmsContainer-2] [uk.ac.ebi.interpro.scan.io.pirsf.hmmer3.PirsfHmmer3RawMatchParser:129] WARN - Couldn't parse the given raw match line, because it is of an unexpected format.
2023-06-24 21:37:24,307 [amqEmbeddedWorkerJmsContainer-2] [uk.ac.ebi.interpro.scan.io.pirsf.hmmer3.PirsfHmmer3RawMatchParser:130] WARN - Unexpected Raw match line: Query sequence: 249 matches PIRSF005917: Predicted methyltransferase, YraL type
2023-06-24 21:37:24,307 [amqEmbeddedWorkerJmsContainer-2] [uk.ac.ebi.interpro.scan.io.pirsf.hmmer3.PirsfHmmer3RawMatchParser:129] WARN - Couldn't parse the given raw match line, because it is of an unexpected format.
2023-06-24 21:37:24,307 [amqEmbeddedWorkerJmsContainer-2] [uk.ac.ebi.interpro.scan.io.pirsf.hmmer3.PirsfHmmer3RawMatchParser:130] WARN - Unexpected Raw match line: #    score  bias  c-Evalue  i-Evalue hmmfrom  hmm to    alifrom  ali to    envfrom  env to     acc
2023-06-24 21:37:24,308 [amqEmbeddedWorkerJmsContainer-2] [uk.ac.ebi.interpro.scan.io.pirsf.hmmer3.PirsfHmmer3RawMatchParser:129] WARN - Couldn't parse the given raw match line, because it is of an unexpected format.
2023-06-24 21:37:24,308 [amqEmbeddedWorkerJmsContainer-2] [uk.ac.ebi.interpro.scan.io.pirsf.hmmer3.PirsfHmmer3RawMatchParser:130] WARN - Unexpected Raw match line: 1 !  266.9   0.0   9.1e-84   3.3e-81      11     233 ..      17     235 ..      14     236 .] 0.97
2023-06-24 21:37:24,308 [amqEmbeddedWorkerJmsContainer-2] [uk.ac.ebi.interpro.scan.io.pirsf.hmmer3.PirsfHmmer3RawMatchParser:129] WARN - Couldn't parse the given raw match line, because it is of an unexpected format.
2023-06-24 21:37:24,308 [amqEmbeddedWorkerJmsContainer-2] [uk.ac.ebi.interpro.scan.io.pirsf.hmmer3.PirsfHmmer3RawMatchParser:130] WARN - Unexpected Raw match line: Query sequence: 264 matches PIRSF001265: H(+)-translocating inorganic pyrophosphatase
2023-06-24 21:37:24,308 [amqEmbeddedWorkerJmsContainer-2] [uk.ac.ebi.interpro.scan.io.pirsf.hmmer3.PirsfHmmer3RawMatchParser:129] WARN - Couldn't parse the given raw match line, because it is of an unexpected format.
2023-06-24 21:37:24,308 [amqEmbeddedWorkerJmsContainer-2] [uk.ac.ebi.interpro.scan.io.pirsf.hmmer3.PirsfHmmer3RawMatchParser:130] WARN - Unexpected Raw match line: #    score  bias  c-Evalue  i-Evalue hmmfrom  hmm to    alifrom  ali to    envfrom  env to     acc
2023-06-24 21:37:24,308 [amqEmbeddedWorkerJmsContainer-2] [uk.ac.ebi.interpro.scan.io.pirsf.hmmer3.PirsfHmmer3RawMatchParser:129] WARN - Couldn't parse the given raw match line, because it is of an unexpected format.
2023-06-24 21:37:24,308 [amqEmbeddedWorkerJmsContainer-2] [uk.ac.ebi.interpro.scan.io.pirsf.hmmer3.PirsfHmmer3RawMatchParser:130] WARN - Unexpected Raw match line: 1 !  813.7  41.8  9.7e-249  3.6e-246      11     705 ..       9     653 ..       2     654 .] 0.95
2023-06-24 21:37:24,308 [amqEmbeddedWorkerJmsContainer-2] [uk.ac.ebi.interpro.scan.io.pirsf.hmmer3.PirsfHmmer3RawMatchParser:129] WARN - Couldn't parse the given raw match line, because it is of an unexpected format.
2023-06-24 21:37:24,308 [amqEmbeddedWorkerJmsContainer-2] [uk.ac.ebi.interpro.scan.io.pirsf.hmmer3.PirsfHmmer3RawMatchParser:130] WARN - Unexpected Raw match line: Query sequence: 265 matches PIRSF000804: Predicted DNA-directed DNA polymerase III, beta subunit
2023-06-24 21:37:24,308 [amqEmbeddedWorkerJmsContainer-2] [uk.ac.ebi.interpro.scan.io.pirsf.hmmer3.PirsfHmmer3RawMatchParser:129] WARN - Couldn't parse the given raw match line, because it is of an unexpected format.
2023-06-24 21:37:24,308 [amqEmbeddedWorkerJmsContainer-2] [uk.ac.ebi.interpro.scan.io.pirsf.hmmer3.PirsfHmmer3RawMatchParser:130] WARN - Unexpected Raw match line: #    score  bias  c-Evalue  i-Evalue hmmfrom  hmm to    alifrom  ali to    envfrom  env to     acc
2023-06-24 21:37:24,308 [amqEmbeddedWorkerJmsContainer-2] [uk.ac.ebi.interpro.scan.io.pirsf.hmmer3.PirsfHmmer3RawMatchParser:129] WARN - Couldn't parse the given raw match line, because it is of an unexpected format.
2023-06-24 21:37:24,308 [amqEmbeddedWorkerJmsContainer-2] [uk.ac.ebi.interpro.scan.io.pirsf.hmmer3.PirsfHmmer3RawMatchParser:130] WARN - Unexpected Raw match line: 1 !  300.7   4.1   7.2e-94   2.7e-91       1     370 [.       2     366 ..       2     367 .. 0.97
2023-06-24 21:37:24,308 [amqEmbeddedWorkerJmsContainer-2] [uk.ac.ebi.interpro.scan.io.pirsf.hmmer3.PirsfHmmer3RawMatchParser:129] WARN - Couldn't parse the given raw match line, because it is of an unexpected format.
2023-06-24 21:37:24,308 [amqEmbeddedWorkerJmsContainer-2] [uk.ac.ebi.interpro.scan.io.pirsf.hmmer3.PirsfHmmer3RawMatchParser:130] WARN - Unexpected Raw match line: Query sequence: 269 matches PIRSF001434: Cystathionine gamma-synthase
2023-06-24 21:37:24,309 [amqEmbeddedWorkerJmsContainer-2] [uk.ac.ebi.interpro.scan.io.pirsf.hmmer3.PirsfHmmer3RawMatchParser:129] WARN - Couldn't parse the given raw match line, because it is of an unexpected format.
2023-06-24 21:37:24,309 [amqEmbeddedWorkerJmsContainer-2] [uk.ac.ebi.interpro.scan.io.pirsf.hmmer3.PirsfHmmer3RawMatchParser:130] WARN - Unexpected Raw match line: #    score  bias  c-Evalue  i-Evalue hmmfrom  hmm to    alifrom  ali to    envfrom  env to     acc
2023-06-24 21:37:24,309 [amqEmbeddedWorkerJmsContainer-2] [uk.ac.ebi.interpro.scan.io.pirsf.hmmer3.PirsfHmmer3RawMatchParser:129] WARN - Couldn't parse the given raw match line, because it is of an unexpected format.
2023-06-24 21:37:24,309 [amqEmbeddedWorkerJmsContainer-2] [uk.ac.ebi.interpro.scan.io.pirsf.hmmer3.PirsfHmmer3RawMatchParser:130] WARN - Unexpected Raw match line: 1 !  277.9   0.0   6.3e-87   2.3e-84      15     405 ..      37     421 .]      30     421 .] 0.94
2023-06-24 21:37:24,309 [amqEmbeddedWorkerJmsContainer-2] [uk.ac.ebi.interpro.scan.io.pirsf.hmmer3.PirsfHmmer3RawMatchParser:129] WARN - Couldn't parse the given raw match line, because it is of an unexpected format.
2023-06-24 21:37:24,309 [amqEmbeddedWorkerJmsContainer-2] [uk.ac.ebi.interpro.scan.io.pirsf.hmmer3.PirsfHmmer3RawMatchParser:130] WARN - Unexpected Raw match line: Query sequence: 283 matches PIRSF000412: Serine/glycine hydroxymethyltransferase
2023-06-24 21:37:24,309 [amqEmbeddedWorkerJmsContainer-2] [uk.ac.ebi.interpro.scan.io.pirsf.hmmer3.PirsfHmmer3RawMatchParser:129] WARN - Couldn't parse the given raw match line, because it is of an unexpected format.
2023-06-24 21:37:24,309 [amqEmbeddedWorkerJmsContainer-2] [uk.ac.ebi.interpro.scan.io.pirsf.hmmer3.PirsfHmmer3RawMatchParser:130] WARN - Unexpected Raw match line: #    score  bias  c-Evalue  i-Evalue hmmfrom  hmm to    alifrom  ali to    envfrom  env to     acc
2023-06-24 21:37:24,309 [amqEmbeddedWorkerJmsContainer-2] [uk.ac.ebi.interpro.scan.io.pirsf.hmmer3.PirsfHmmer3RawMatchParser:129] WARN - Couldn't parse the given raw match line, because it is of an unexpected format.
2023-06-24 21:37:24,309 [amqEmbeddedWorkerJmsContainer-2] [uk.ac.ebi.interpro.scan.io.pirsf.hmmer3.PirsfHmmer3RawMatchParser:130] WARN - Unexpected Raw match line: 1 !  518.4   0.0    6e-160  2.2e-157      18     404 ..       6     402 ..       2     404 .] 0.98
2023-06-24 21:37:24,309 [amqEmbeddedWorkerJmsContainer-2] [uk.ac.ebi.interpro.scan.io.pirsf.hmmer3.PirsfHmmer3RawMatchParser:129] WARN - Couldn't parse the given raw match line, because it is of an unexpected format.
2023-06-24 21:37:24,309 [amqEmbeddedWorkerJmsContainer-2] [uk.ac.ebi.interpro.scan.io.pirsf.hmmer3.PirsfHmmer3RawMatchParser:130] WARN - Unexpected Raw match line: Query sequence: 319 matches PIRSF038925: Adenosine monophosphate-protein transferase
2023-06-24 21:37:24,309 [amqEmbeddedWorkerJmsContainer-2] [uk.ac.ebi.interpro.scan.io.pirsf.hmmer3.PirsfHmmer3RawMatchParser:129] WARN - Couldn't parse the given raw match line, because it is of an unexpected format.
2023-06-24 21:37:24,309 [amqEmbeddedWorkerJmsContainer-2] [uk.ac.ebi.interpro.scan.io.pirsf.hmmer3.PirsfHmmer3RawMatchParser:130] WARN - Unexpected Raw match line: #    score  bias  c-Evalue  i-Evalue hmmfrom  hmm to    alifrom  ali to    envfrom  env to     acc
2023-06-24 21:37:24,309 [amqEmbeddedWorkerJmsContainer-2] [uk.ac.ebi.interpro.scan.io.pirsf.hmmer3.PirsfHmmer3RawMatchParser:129] WARN - Couldn't parse the given raw match line, because it is of an unexpected format.
2023-06-24 21:37:24,309 [amqEmbeddedWorkerJmsContainer-2] [uk.ac.ebi.interpro.scan.io.pirsf.hmmer3.PirsfHmmer3RawMatchParser:130] WARN - Unexpected Raw match line: 1 !  329.1   0.0  1.6e-102  5.7e-100       6     369 ..      22     388 ..      17     389 .. 0.93
2023-06-24 21:37:24,310 [amqEmbeddedWorkerJmsContainer-2] [uk.ac.ebi.interpro.scan.io.pirsf.hmmer3.PirsfHmmer3RawMatchParser:129] WARN - Couldn't parse the given raw match line, because it is of an unexpected format.
2023-06-24 21:37:24,310 [amqEmbeddedWorkerJmsContainer-2] [uk.ac.ebi.interpro.scan.io.pirsf.hmmer3.PirsfHmmer3RawMatchParser:130] WARN - Unexpected Raw match line: Query sequence: 35 matches PIRSF000190: Pyridoxamine-phosphate oxidase
2023-06-24 21:37:24,310 [amqEmbeddedWorkerJmsContainer-2] [uk.ac.ebi.interpro.scan.io.pirsf.hmmer3.PirsfHmmer3RawMatchParser:129] WARN - Couldn't parse the given raw match line, because it is of an unexpected format.
2023-06-24 21:37:24,310 [amqEmbeddedWorkerJmsContainer-2] [uk.ac.ebi.interpro.scan.io.pirsf.hmmer3.PirsfHmmer3RawMatchParser:130] WARN - Unexpected Raw match line: #    score  bias  c-Evalue  i-Evalue hmmfrom  hmm to    alifrom  ali to    envfrom  env to     acc
2023-06-24 21:37:24,310 [amqEmbeddedWorkerJmsContainer-2] [uk.ac.ebi.interpro.scan.io.pirsf.hmmer3.PirsfHmmer3RawMatchParser:129] WARN - Couldn't parse the given raw match line, because it is of an unexpected format.
2023-06-24 21:37:24,310 [amqEmbeddedWorkerJmsContainer-2] [uk.ac.ebi.interpro.scan.io.pirsf.hmmer3.PirsfHmmer3RawMatchParser:130] WARN - Unexpected Raw match line: 1 !  234.7   1.5   4.6e-74   1.7e-71      31     225 .]       9     198 .]       2     198 .] 0.96
2023-06-24 21:37:24,310 [amqEmbeddedWorkerJmsContainer-2] [uk.ac.ebi.interpro.scan.io.pirsf.hmmer3.PirsfHmmer3RawMatchParser:129] WARN - Couldn't parse the given raw match line, because it is of an unexpected format.
2023-06-24 21:37:24,310 [amqEmbeddedWorkerJmsContainer-2] [uk.ac.ebi.interpro.scan.io.pirsf.hmmer3.PirsfHmmer3RawMatchParser:130] WARN - Unexpected Raw match line: Query sequence: 368 matches PIRSF000386: tRNA-(m1G37) methyltransferase
2023-06-24 21:37:24,310 [amqEmbeddedWorkerJmsContainer-2] [uk.ac.ebi.interpro.scan.io.pirsf.hmmer3.PirsfHmmer3RawMatchParser:129] WARN - Couldn't parse the given raw match line, because it is of an unexpected format.
2023-06-24 21:37:24,310 [amqEmbeddedWorkerJmsContainer-2] [uk.ac.ebi.interpro.scan.io.pirsf.hmmer3.PirsfHmmer3RawMatchParser:130] WARN - Unexpected Raw match line: #    score  bias  c-Evalue  i-Evalue hmmfrom  hmm to    alifrom  ali to    envfrom  env to     acc
2023-06-24 21:37:24,310 [amqEmbeddedWorkerJmsContainer-2] [uk.ac.ebi.interpro.scan.io.pirsf.hmmer3.PirsfHmmer3RawMatchParser:129] WARN - Couldn't parse the given raw match line, because it is of an unexpected format.
2023-06-24 21:37:24,310 [amqEmbeddedWorkerJmsContainer-2] [uk.ac.ebi.interpro.scan.io.pirsf.hmmer3.PirsfHmmer3RawMatchParser:130] WARN - Unexpected Raw match line: 1 !  205.1   0.0   4.8e-65   1.8e-62       1     213 [.       5     250 ..       5     252 .] 0.85
2023-06-24 21:37:24,310 [amqEmbeddedWorkerJmsContainer-2] [uk.ac.ebi.interpro.scan.io.pirsf.hmmer3.PirsfHmmer3RawMatchParser:129] WARN - Couldn't parse the given raw match line, because it is of an unexpected format.
2023-06-24 21:37:24,310 [amqEmbeddedWorkerJmsContainer-2] [uk.ac.ebi.interpro.scan.io.pirsf.hmmer3.PirsfHmmer3RawMatchParser:130] WARN - Unexpected Raw match line: Query sequence: 38 matches PIRSF000114: Glycerol-3-phosphate dehydrogenase (NAD)
2023-06-24 21:37:24,311 [amqEmbeddedWorkerJmsContainer-2] [uk.ac.ebi.interpro.scan.io.pirsf.hmmer3.PirsfHmmer3RawMatchParser:129] WARN - Couldn't parse the given raw match line, because it is of an unexpected format.
2023-06-24 21:37:24,311 [amqEmbeddedWorkerJmsContainer-2] [uk.ac.ebi.interpro.scan.io.pirsf.hmmer3.PirsfHmmer3RawMatchParser:130] WARN - Unexpected Raw match line: #    score  bias  c-Evalue  i-Evalue hmmfrom  hmm to    alifrom  ali to    envfrom  env to     acc
2023-06-24 21:37:24,311 [amqEmbeddedWorkerJmsContainer-2] [uk.ac.ebi.interpro.scan.io.pirsf.hmmer3.PirsfHmmer3RawMatchParser:129] WARN - Couldn't parse the given raw match line, because it is of an unexpected format.
2023-06-24 21:37:24,311 [amqEmbeddedWorkerJmsContainer-2] [uk.ac.ebi.interpro.scan.io.pirsf.hmmer3.PirsfHmmer3RawMatchParser:130] WARN - Unexpected Raw match line: 1 !  155.1   0.0   2.8e-49   5.1e-47      17     327 ..      14     342 ..      12     358 .. 0.88
2023-06-24 21:37:24,311 [amqEmbeddedWorkerJmsContainer-2] [uk.ac.ebi.interpro.scan.io.pirsf.hmmer3.PirsfHmmer3RawMatchParser:129] WARN - Couldn't parse the given raw match line, because it is of an unexpected format.
2023-06-24 21:37:24,311 [amqEmbeddedWorkerJmsContainer-2] [uk.ac.ebi.interpro.scan.io.pirsf.hmmer3.PirsfHmmer3RawMatchParser:130] WARN - Unexpected Raw match line: Query sequence: 6 matches PIRSF003097: Cell division protein FtsX
2023-06-24 21:37:24,311 [amqEmbeddedWorkerJmsContainer-2] [uk.ac.ebi.interpro.scan.io.pirsf.hmmer3.PirsfHmmer3RawMatchParser:129] WARN - Couldn't parse the given raw match line, because it is of an unexpected format.
2023-06-24 21:37:24,311 [amqEmbeddedWorkerJmsContainer-2] [uk.ac.ebi.interpro.scan.io.pirsf.hmmer3.PirsfHmmer3RawMatchParser:130] WARN - Unexpected Raw match line: #    score  bias  c-Evalue  i-Evalue hmmfrom  hmm to    alifrom  ali to    envfrom  env to     acc
2023-06-24 21:37:24,311 [amqEmbeddedWorkerJmsContainer-2] [uk.ac.ebi.interpro.scan.io.pirsf.hmmer3.PirsfHmmer3RawMatchParser:129] WARN - Couldn't parse the given raw match line, because it is of an unexpected format.
2023-06-24 21:37:24,311 [amqEmbeddedWorkerJmsContainer-2] [uk.ac.ebi.interpro.scan.io.pirsf.hmmer3.PirsfHmmer3RawMatchParser:130] WARN - Unexpected Raw match line: 1 !  201.3  13.5   2.3e-63   4.3e-61       7     301 .]       7     311 .]       3     311 .] 0.95
2023-06-24 21:37:24,311 [amqEmbeddedWorkerJmsContainer-2] [uk.ac.ebi.interpro.scan.io.pirsf.hmmer3.PirsfHmmer3RawMatchParser:129] WARN - Couldn't parse the given raw match line, because it is of an unexpected format.
2023-06-24 21:37:24,311 [amqEmbeddedWorkerJmsContainer-2] [uk.ac.ebi.interpro.scan.io.pirsf.hmmer3.PirsfHmmer3RawMatchParser:130] WARN - Unexpected Raw match line: Query sequence: 65 matches PIRSF004803: Ribonuclease J
2023-06-24 21:37:24,311 [amqEmbeddedWorkerJmsContainer-2] [uk.ac.ebi.interpro.scan.io.pirsf.hmmer3.PirsfHmmer3RawMatchParser:129] WARN - Couldn't parse the given raw match line, because it is of an unexpected format.
2023-06-24 21:37:24,311 [amqEmbeddedWorkerJmsContainer-2] [uk.ac.ebi.interpro.scan.io.pirsf.hmmer3.PirsfHmmer3RawMatchParser:130] WARN - Unexpected Raw match line: #    score  bias  c-Evalue  i-Evalue hmmfrom  hmm to    alifrom  ali to    envfrom  env to     acc
2023-06-24 21:37:24,311 [amqEmbeddedWorkerJmsContainer-2] [uk.ac.ebi.interpro.scan.io.pirsf.hmmer3.PirsfHmmer3RawMatchParser:129] WARN - Couldn't parse the given raw match line, because it is of an unexpected format.
2023-06-24 21:37:24,311 [amqEmbeddedWorkerJmsContainer-2] [uk.ac.ebi.interpro.scan.io.pirsf.hmmer3.PirsfHmmer3RawMatchParser:130] WARN - Unexpected Raw match line: 1 !  600.2   7.6  6.6e-184    8e-182       6     561 .]      94     648 .]      89     648 .] 0.98
2023-06-24 21:37:24,311 [amqEmbeddedWorkerJmsContainer-2] [uk.ac.ebi.interpro.scan.io.pirsf.hmmer3.PirsfHmmer3RawMatchParser:129] WARN - Couldn't parse the given raw match line, because it is of an unexpected format.
2023-06-24 21:37:24,312 [amqEmbeddedWorkerJmsContainer-2] [uk.ac.ebi.interpro.scan.io.pirsf.hmmer3.PirsfHmmer3RawMatchParser:130] WARN - Unexpected Raw match line: Query sequence: 71 matches PIRSF000497: Methionine adenosyltransferase
2023-06-24 21:37:24,312 [amqEmbeddedWorkerJmsContainer-2] [uk.ac.ebi.interpro.scan.io.pirsf.hmmer3.PirsfHmmer3RawMatchParser:129] WARN - Couldn't parse the given raw match line, because it is of an unexpected format.
2023-06-24 21:37:24,312 [amqEmbeddedWorkerJmsContainer-2] [uk.ac.ebi.interpro.scan.io.pirsf.hmmer3.PirsfHmmer3RawMatchParser:130] WARN - Unexpected Raw match line: #    score  bias  c-Evalue  i-Evalue hmmfrom  hmm to    alifrom  ali to    envfrom  env to     acc
2023-06-24 21:37:24,312 [amqEmbeddedWorkerJmsContainer-2] [uk.ac.ebi.interpro.scan.io.pirsf.hmmer3.PirsfHmmer3RawMatchParser:129] WARN - Couldn't parse the given raw match line, because it is of an unexpected format.
2023-06-24 21:37:24,312 [amqEmbeddedWorkerJmsContainer-2] [uk.ac.ebi.interpro.scan.io.pirsf.hmmer3.PirsfHmmer3RawMatchParser:130] WARN - Unexpected Raw match line: 1 !  521.9   0.0  5.4e-161    2e-158       4     387 ..       5     386 ..       2     388 .] 0.97
2023-06-24 21:37:24,312 [amqEmbeddedWorkerJmsContainer-2] [uk.ac.ebi.interpro.scan.io.pirsf.hmmer3.PirsfHmmer3RawMatchParser:129] WARN - Couldn't parse the given raw match line, because it is of an unexpected format.
2023-06-24 21:37:24,312 [amqEmbeddedWorkerJmsContainer-2] [uk.ac.ebi.interpro.scan.io.pirsf.hmmer3.PirsfHmmer3RawMatchParser:130] WARN - Unexpected Raw match line: Query sequence: 79 matches PIRSF005047: Uncharacterised protein with DNA polymerase family X (POLIIIAc) and PHP domains
2023-06-24 21:37:24,312 [amqEmbeddedWorkerJmsContainer-2] [uk.ac.ebi.interpro.scan.io.pirsf.hmmer3.PirsfHmmer3RawMatchParser:129] WARN - Couldn't parse the given raw match line, because it is of an unexpected format.
2023-06-24 21:37:24,312 [amqEmbeddedWorkerJmsContainer-2] [uk.ac.ebi.interpro.scan.io.pirsf.hmmer3.PirsfHmmer3RawMatchParser:130] WARN - Unexpected Raw match line: #    score  bias  c-Evalue  i-Evalue hmmfrom  hmm to    alifrom  ali to    envfrom  env to     acc
2023-06-24 21:37:24,312 [amqEmbeddedWorkerJmsContainer-2] [uk.ac.ebi.interpro.scan.io.pirsf.hmmer3.PirsfHmmer3RawMatchParser:129] WARN - Couldn't parse the given raw match line, because it is of an unexpected format.
2023-06-24 21:37:24,312 [amqEmbeddedWorkerJmsContainer-2] [uk.ac.ebi.interpro.scan.io.pirsf.hmmer3.PirsfHmmer3RawMatchParser:130] WARN - Unexpected Raw match line: 1 !  685.5  12.0  8.2e-210    1e-207       1     572 [.      34     607 .]      34     607 .] 0.98
2023-06-24 21:37:24,312 [amqEmbeddedWorkerJmsContainer-2] [uk.ac.ebi.interpro.scan.io.pirsf.hmmer3.PirsfHmmer3RawMatchParser:129] WARN - Couldn't parse the given raw match line, because it is of an unexpected format.
2023-06-24 21:37:24,312 [amqEmbeddedWorkerJmsContainer-2] [uk.ac.ebi.interpro.scan.io.pirsf.hmmer3.PirsfHmmer3RawMatchParser:130] WARN - Unexpected Raw match line: Query sequence: 8 matches PIRSF000149: Glyceraldehyde-3-phosphate dehydrogenase
2023-06-24 21:37:24,312 [amqEmbeddedWorkerJmsContainer-2] [uk.ac.ebi.interpro.scan.io.pirsf.hmmer3.PirsfHmmer3RawMatchParser:129] WARN - Couldn't parse the given raw match line, because it is of an unexpected format.
2023-06-24 21:37:24,312 [amqEmbeddedWorkerJmsContainer-2] [uk.ac.ebi.interpro.scan.io.pirsf.hmmer3.PirsfHmmer3RawMatchParser:130] WARN - Unexpected Raw match line: #    score  bias  c-Evalue  i-Evalue hmmfrom  hmm to    alifrom  ali to    envfrom  env to     acc
2023-06-24 21:37:24,312 [amqEmbeddedWorkerJmsContainer-2] [uk.ac.ebi.interpro.scan.io.pirsf.hmmer3.PirsfHmmer3RawMatchParser:129] WARN - Couldn't parse the given raw match line, because it is of an unexpected format.
2023-06-24 21:37:24,313 [amqEmbeddedWorkerJmsContainer-2] [uk.ac.ebi.interpro.scan.io.pirsf.hmmer3.PirsfHmmer3RawMatchParser:130] WARN - Unexpected Raw match line: 1 !  370.0   1.4  6.7e-115  2.5e-112       2     339 ..      28     361 ..      27     362 .] 0.97
2023-06-24 21:37:57,114 [amqEmbeddedWorkerJmsContainer-6] [uk.ac.ebi.interpro.scan.management.model.implementations.WriteOutputStep:344] WARN - At write output completion, unable to delete temporary directory /projects/raw_lab/jobs/metacerberus/temp/str-c94.uncc.edu_20230624_212446721_9zie
24/06/2023 21:37:57:138 100% done:  InterProScan analyses completed 

2023-06-24 21:37:57,640 [main] [uk.ac.ebi.interpro.scan.jms.master.AbstractMaster:259] WARN - Master process unable to delete temporary directory /projects/raw_lab/jobs/metacerberus/temp/str-c94.uncc.edu_20230624_212446721_9zie
2023-06-24 21:37:57,646 [main] [uk.ac.ebi.interpro.scan.jms.main.Run:1778] WARN - At Run completion, unable to delete temporary directory /projects/raw_lab/jobs/metacerberus/temp/str-c94.uncc.edu_20230624_212446721_9zie
2635.49user 246.19system 13:15.49elapsed 362%CPU (0avgtext+0avgdata 3564312maxresident)k
1411176inputs+1275312outputs (240major+16930012minor)pagefaults 0swaps

======================================================
End Time   : Sat Jun 24 21:37:57 EDT 2023
Run Time   : 796 seconds
======================================================

