=====================================================
Start Time  : Sat Jul  1 17:14:23 EDT 2023
Submit Dir  : /projects/raw_lab/jobs/metacerberus
Job ID/Name : 4128751 / PROKKA
Node List   : str-c99
Num Tasks   : 1 total [1 nodes @ 16 CPUs/node]
======================================================

Loading prokka/1.14.6
  Loading requirement: anaconda3/2022.10
======================================================
Running PROKKA On CPR/SAMN03319891.fna
======================================================
Viruses
[17:14:25] This is prokka 1.14.6
[17:14:25] Written by Torsten Seemann <torsten.seemann@gmail.com>
[17:14:25] Homepage is https://github.com/tseemann/prokka
[17:14:25] Local time is Sat Jul  1 17:14:25 2023
[17:14:25] You are jlfiguer
[17:14:25] Operating system is linux
[17:14:25] You have BioPerl 1.7.8
Argument "1.7.8" isn't numeric in numeric lt (<) at /apps/pkg/anaconda3/2022.10/envs/prokka-1.14.6/bin/prokka line 259.
[17:14:25] System has 16 cores.
[17:14:25] Will use maximum of 16 cores.
[17:14:25] Annotating as >>> Viruses <<<
[17:14:25] Generating locus_tag from 'CPR/SAMN03319891.fna' contents.
[17:14:25] Setting --locustag HGOELFDF from MD5 108e5fdf7c73e33b9ea0f02b10edaf6e
[17:14:25] Creating new output folder: results/PROKKA/CPR/SAMN03319891
[17:14:25] Running: mkdir -p results\/PROKKA\/CPR\/SAMN03319891
[17:14:25] Using filename prefix: SAMN03319891.XXX
[17:14:25] Setting HMMER_NCPU=1
[17:14:25] Writing log to: results/PROKKA/CPR/SAMN03319891/SAMN03319891.log
[17:14:25] Command: /apps/pkg/anaconda3/2022.10/envs/prokka-1.14.6/bin/prokka --prefix SAMN03319891 --outdir results/PROKKA/CPR/SAMN03319891 --kingdom Viruses --cpus 16 CPR/SAMN03319891.fna
[17:14:25] Appending to PATH: /apps/pkg/anaconda3/2022.10/envs/prokka-1.14.6/bin
[17:14:25] Looking for 'aragorn' - found /apps/pkg/anaconda3/2022.10/envs/prokka-1.14.6/bin/aragorn
[17:14:25] Determined aragorn version is 001002 from 'ARAGORN v1.2.41 Dean Laslett'
[17:14:25] Looking for 'barrnap' - found /apps/pkg/anaconda3/2022.10/envs/prokka-1.14.6/bin/barrnap
[17:14:25] Determined barrnap version is 000009 from 'barrnap 0.9'
[17:14:25] Looking for 'blastp' - found /apps/pkg/anaconda3/2022.10/envs/prokka-1.14.6/bin/blastp
[17:14:25] Determined blastp version is 002013 from 'blastp: 2.13.0+'
[17:14:25] Looking for 'cmpress' - found /apps/pkg/anaconda3/2022.10/envs/prokka-1.14.6/bin/cmpress
[17:14:25] Determined cmpress version is 001001 from '# INFERNAL 1.1.4 (Dec 2020)'
[17:14:25] Looking for 'cmscan' - found /apps/pkg/anaconda3/2022.10/envs/prokka-1.14.6/bin/cmscan
[17:14:25] Determined cmscan version is 001001 from '# INFERNAL 1.1.4 (Dec 2020)'
[17:14:25] Looking for 'egrep' - found /usr/bin/egrep
[17:14:25] Looking for 'find' - found /usr/bin/find
[17:14:25] Looking for 'grep' - found /usr/bin/grep
[17:14:25] Looking for 'hmmpress' - found /apps/pkg/anaconda3/2022.10/envs/prokka-1.14.6/bin/hmmpress
[17:14:25] Determined hmmpress version is 003003 from '# HMMER 3.3.2 (Nov 2020); http://hmmer.org/'
[17:14:25] Looking for 'hmmscan' - found /apps/pkg/anaconda3/2022.10/envs/prokka-1.14.6/bin/hmmscan
[17:14:25] Determined hmmscan version is 003003 from '# HMMER 3.3.2 (Nov 2020); http://hmmer.org/'
[17:14:25] Looking for 'java' - found /apps/pkg/anaconda3/2022.10/envs/prokka-1.14.6/bin/java
[17:14:25] Looking for 'makeblastdb' - found /apps/pkg/anaconda3/2022.10/envs/prokka-1.14.6/bin/makeblastdb
[17:14:25] Determined makeblastdb version is 002013 from 'makeblastdb: 2.13.0+'
[17:14:25] Looking for 'minced' - found /apps/pkg/anaconda3/2022.10/envs/prokka-1.14.6/bin/minced
[17:14:25] Determined minced version is 004002 from 'minced 0.4.2'
[17:14:25] Looking for 'parallel' - found /apps/pkg/anaconda3/2022.10/envs/prokka-1.14.6/bin/parallel
[17:14:25] Determined parallel version is 20230122 from 'GNU parallel 20230122'
[17:14:25] Looking for 'prodigal' - found /apps/pkg/anaconda3/2022.10/envs/prokka-1.14.6/bin/prodigal
[17:14:25] Determined prodigal version is 002006 from 'Prodigal V2.6.3: February, 2016'
[17:14:25] Looking for 'prokka-genbank_to_fasta_db' - found /apps/pkg/anaconda3/2022.10/envs/prokka-1.14.6/bin/prokka-genbank_to_fasta_db
[17:14:25] Looking for 'sed' - found /usr/bin/sed
[17:14:25] Looking for 'tbl2asn' - found /apps/pkg/anaconda3/2022.10/envs/prokka-1.14.6/bin/tbl2asn
[17:14:25] Determined tbl2asn version is 025007 from 'tbl2asn 25.7   arguments:'
[17:14:25] Using genetic code table 1.
[17:14:25] Loading and checking input file: CPR/SAMN03319891.fna
[17:14:25] Wrote 44 contigs totalling 408073 bp.
[17:14:25] Predicting tRNAs and tmRNAs
[17:14:25] Running: aragorn -l -gc1  -w results\/PROKKA\/CPR\/SAMN03319891\/SAMN03319891\.fna
[17:14:25] 1 tRNA-Pro c[21081,21156] 34 (ggg)
[17:14:25] 2 tRNA-Thr [23966,24039] 34 (tgt)
[17:14:25] 3 tRNA-Tyr [24061,24146] 35 (gta)
[17:14:25] 4 tRNA-Thr [24148,24221] 34 (ggt)
[17:14:25] 5 tRNA-Trp [24461,24534] 33 (cca)
[17:14:25] 1 tRNA-Val c[5841,5915] 33 (cac)
[17:14:25] 1 tRNA-Val c[769,841] 33 (tac)
[17:14:25] 2 tRNA-Leu c[928,1009] 34 (taa)
[17:14:25] 3 tRNA-Leu c[5444,5527] 34 (tag)
[17:14:25] 1 tRNA-Gln [284,355] 33 (ttg)
[17:14:25] 2 tRNA-Asp [4666,4742] 37 (gtc)
[17:14:25] 3 tRNA-Lys c[5948,6020] 33 (ctt)
[17:14:25] 1 tRNA-Glu c[5284,5358] 35 (ttc)
[17:14:25] 1 tRNA-Ala c[4492,4564] 33 (cgc)
[17:14:25] 2 tRNA-Leu [4610,4693] 34 (caa)
[17:14:25] 1 tRNA-Ile [893,965] 33 (tat)
[17:14:25] 1 tRNA-Met c[13547,13622] 34 (cat)
[17:14:25] 1 tRNA-Ser [2309,2392] 33 (tga)
[17:14:25] 2 tRNA-Arg [2468,2541] 34 (gcg)
[17:14:25] 1 tRNA-Ile [4612,4684] 33 (gat)
[17:14:25] Found 20 tRNAs
[17:14:25] Disabling rRNA search: --kingdom=Viruses or --norrna=0
[17:14:25] Skipping ncRNA search, enable with --rfam if desired.
[17:14:25] Total of 20 tRNA + rRNA features
[17:14:25] Searching for CRISPR repeats
[17:14:25] Found 0 CRISPRs
[17:14:25] Predicting coding sequences
[17:14:25] Contigs total 408073 bp, so using single mode
[17:14:25] Running: prodigal -i results\/PROKKA\/CPR\/SAMN03319891\/SAMN03319891\.fna -c -m -g 1 -p single -f sco -q
[17:14:26] Excluding CDS which overlaps existing RNA (tRNA) at LCMV01000022.1:4608..5402 on + strand
[17:14:26] Found 429 CDS
[17:14:26] Connecting features back to sequences
[17:14:26] Not using genus-specific database. Try --usegenus to enable it.
[17:14:26] Annotating CDS, please be patient.
[17:14:26] Will use 16 CPUs for similarity searching.
[17:14:26] There are still 429 unannotated CDS left (started with 429)
[17:14:26] Will use blast to search against /apps/pkg/anaconda3/2022.10/envs/prokka-1.14.6/db/kingdom/Viruses/sprot with 16 CPUs
[17:14:26] Running: cat results\/PROKKA\/CPR\/SAMN03319891\/SAMN03319891\.sprot\.tmp\.189461\.faa | parallel --gnu --plain -j 16 --block 3434 --recstart '>' --pipe blastp -query - -db /apps/pkg/anaconda3/2022.10/envs/prokka-1.14.6/db/kingdom/Viruses/sprot -evalue 1e-09 -qcov_hsp_perc 80 -num_threads 1 -num_descriptions 1 -num_alignments 1 -seg no > results\/PROKKA\/CPR\/SAMN03319891\/SAMN03319891\.sprot\.tmp\.189461\.blast 2> /dev/null
[17:14:27] Deleting unwanted file: results/PROKKA/CPR/SAMN03319891/SAMN03319891.sprot.tmp.189461.faa
[17:14:27] Deleting unwanted file: results/PROKKA/CPR/SAMN03319891/SAMN03319891.sprot.tmp.189461.blast
[17:14:27] Labelling remaining 426 proteins as 'hypothetical protein'
[17:14:27] Found 2 unique /gene codes.
[17:14:27] Fixed 2 duplicate /gene - MARS_1 MARS_2
[17:14:27] Fixed 1 colliding /gene names.
[17:14:27] Adding /locus_tag identifiers
[17:14:27] Assigned 449 locus_tags to CDS and RNA features.
[17:14:27] Writing outputs to results/PROKKA/CPR/SAMN03319891/
[17:14:27] Generating annotation statistics file
[17:14:27] Generating Genbank and Sequin files
[17:14:27] Running: tbl2asn -V b -a r10k -l paired-ends -M n -N 1 -y 'Annotated using prokka 1.14.6 from https://github.com/tseemann/prokka' -Z results\/PROKKA\/CPR\/SAMN03319891\/SAMN03319891\.err -i results\/PROKKA\/CPR\/SAMN03319891\/SAMN03319891\.fsa 2> /dev/null
[tbl2asn-forever] Found Prokka input, correcting dates in .gbf|.sqn files.
[tbl2asn-forever] Correcting dates in results/PROKKA/CPR/SAMN03319891/SAMN03319891.gbf
[tbl2asn-forever] Correcting dates in results/PROKKA/CPR/SAMN03319891/SAMN03319891.sqn
[tbl2asn-forever] Dates changed from 01-JAN-2019 to 01-JUL-2023
[17:14:28] Deleting unwanted file: results/PROKKA/CPR/SAMN03319891/errorsummary.val
[17:14:28] Deleting unwanted file: results/PROKKA/CPR/SAMN03319891/SAMN03319891.dr
[17:14:28] Deleting unwanted file: results/PROKKA/CPR/SAMN03319891/SAMN03319891.fixedproducts
[17:14:28] Deleting unwanted file: results/PROKKA/CPR/SAMN03319891/SAMN03319891.ecn
[17:14:28] Deleting unwanted file: results/PROKKA/CPR/SAMN03319891/SAMN03319891.val
[17:14:28] Repairing broken .GBK output that tbl2asn produces...
[17:14:28] Running: sed 's/COORDINATES: profile/COORDINATES:profile/' < results\/PROKKA\/CPR\/SAMN03319891\/SAMN03319891\.gbf > results\/PROKKA\/CPR\/SAMN03319891\/SAMN03319891\.gbk
[17:14:28] Deleting unwanted file: results/PROKKA/CPR/SAMN03319891/SAMN03319891.gbf
[17:14:28] Output files:
[17:14:28] results/PROKKA/CPR/SAMN03319891/SAMN03319891.log
[17:14:28] results/PROKKA/CPR/SAMN03319891/SAMN03319891.fna
[17:14:28] results/PROKKA/CPR/SAMN03319891/SAMN03319891.gff
[17:14:28] results/PROKKA/CPR/SAMN03319891/SAMN03319891.faa
[17:14:28] results/PROKKA/CPR/SAMN03319891/SAMN03319891.ffn
[17:14:28] results/PROKKA/CPR/SAMN03319891/SAMN03319891.tbl
[17:14:28] results/PROKKA/CPR/SAMN03319891/SAMN03319891.fsa
[17:14:28] results/PROKKA/CPR/SAMN03319891/SAMN03319891.tsv
[17:14:28] results/PROKKA/CPR/SAMN03319891/SAMN03319891.txt
[17:14:28] results/PROKKA/CPR/SAMN03319891/SAMN03319891.err
[17:14:28] results/PROKKA/CPR/SAMN03319891/SAMN03319891.sqn
[17:14:28] results/PROKKA/CPR/SAMN03319891/SAMN03319891.gbk
[17:14:28] Annotation finished successfully.
[17:14:28] Walltime used: 0.05 minutes
[17:14:28] If you use this result please cite the Prokka paper:
[17:14:28] Seemann T (2014) Prokka: rapid prokaryotic genome annotation. Bioinformatics. 30(14):2068-9.
[17:14:28] Type 'prokka --citation' for more details.
[17:14:28] Share and enjoy!
10.93user 0.72system 0:03.66elapsed 318%CPU (0avgtext+0avgdata 92064maxresident)k
5624inputs+29360outputs (0major+238685minor)pagefaults 0swaps

======================================================
End Time   : Sat Jul  1 17:14:28 EDT 2023
Run Time   : 5 seconds
======================================================

