=====================================================
Start Time  : Sat Jul  1 17:14:24 EDT 2023
Submit Dir  : /projects/raw_lab/jobs/metacerberus
Job ID/Name : 4128757 / PROKKA
Node List   : str-c97
Num Tasks   : 1 total [1 nodes @ 16 CPUs/node]
======================================================

Loading prokka/1.14.6
  Loading requirement: anaconda3/2022.10
======================================================
Running PROKKA On CPR/SAMN04328270.fna
======================================================
Viruses
[17:14:26] This is prokka 1.14.6
[17:14:26] Written by Torsten Seemann <torsten.seemann@gmail.com>
[17:14:26] Homepage is https://github.com/tseemann/prokka
[17:14:26] Local time is Sat Jul  1 17:14:26 2023
[17:14:26] You are jlfiguer
[17:14:26] Operating system is linux
[17:14:26] You have BioPerl 1.7.8
Argument "1.7.8" isn't numeric in numeric lt (<) at /apps/pkg/anaconda3/2022.10/envs/prokka-1.14.6/bin/prokka line 259.
[17:14:26] System has 16 cores.
[17:14:26] Will use maximum of 16 cores.
[17:14:26] Annotating as >>> Viruses <<<
[17:14:26] Generating locus_tag from 'CPR/SAMN04328270.fna' contents.
[17:14:26] Setting --locustag IFOJCLIG from MD5 2f83c520cbb6c7ffd92f7094f2021727
[17:14:26] Creating new output folder: results/PROKKA/CPR/SAMN04328270
[17:14:26] Running: mkdir -p results\/PROKKA\/CPR\/SAMN04328270
[17:14:26] Using filename prefix: SAMN04328270.XXX
[17:14:26] Setting HMMER_NCPU=1
[17:14:26] Writing log to: results/PROKKA/CPR/SAMN04328270/SAMN04328270.log
[17:14:26] Command: /apps/pkg/anaconda3/2022.10/envs/prokka-1.14.6/bin/prokka --prefix SAMN04328270 --outdir results/PROKKA/CPR/SAMN04328270 --kingdom Viruses --cpus 16 CPR/SAMN04328270.fna
[17:14:26] Appending to PATH: /apps/pkg/anaconda3/2022.10/envs/prokka-1.14.6/bin
[17:14:26] Looking for 'aragorn' - found /apps/pkg/anaconda3/2022.10/envs/prokka-1.14.6/bin/aragorn
[17:14:26] Determined aragorn version is 001002 from 'ARAGORN v1.2.41 Dean Laslett'
[17:14:26] Looking for 'barrnap' - found /apps/pkg/anaconda3/2022.10/envs/prokka-1.14.6/bin/barrnap
[17:14:26] Determined barrnap version is 000009 from 'barrnap 0.9'
[17:14:26] Looking for 'blastp' - found /apps/pkg/anaconda3/2022.10/envs/prokka-1.14.6/bin/blastp
[17:14:26] Determined blastp version is 002013 from 'blastp: 2.13.0+'
[17:14:26] Looking for 'cmpress' - found /apps/pkg/anaconda3/2022.10/envs/prokka-1.14.6/bin/cmpress
[17:14:26] Determined cmpress version is 001001 from '# INFERNAL 1.1.4 (Dec 2020)'
[17:14:26] Looking for 'cmscan' - found /apps/pkg/anaconda3/2022.10/envs/prokka-1.14.6/bin/cmscan
[17:14:26] Determined cmscan version is 001001 from '# INFERNAL 1.1.4 (Dec 2020)'
[17:14:26] Looking for 'egrep' - found /usr/bin/egrep
[17:14:26] Looking for 'find' - found /usr/bin/find
[17:14:26] Looking for 'grep' - found /usr/bin/grep
[17:14:26] Looking for 'hmmpress' - found /apps/pkg/anaconda3/2022.10/envs/prokka-1.14.6/bin/hmmpress
[17:14:26] Determined hmmpress version is 003003 from '# HMMER 3.3.2 (Nov 2020); http://hmmer.org/'
[17:14:26] Looking for 'hmmscan' - found /apps/pkg/anaconda3/2022.10/envs/prokka-1.14.6/bin/hmmscan
[17:14:26] Determined hmmscan version is 003003 from '# HMMER 3.3.2 (Nov 2020); http://hmmer.org/'
[17:14:26] Looking for 'java' - found /apps/pkg/anaconda3/2022.10/envs/prokka-1.14.6/bin/java
[17:14:26] Looking for 'makeblastdb' - found /apps/pkg/anaconda3/2022.10/envs/prokka-1.14.6/bin/makeblastdb
[17:14:27] Determined makeblastdb version is 002013 from 'makeblastdb: 2.13.0+'
[17:14:27] Looking for 'minced' - found /apps/pkg/anaconda3/2022.10/envs/prokka-1.14.6/bin/minced
[17:14:27] Determined minced version is 004002 from 'minced 0.4.2'
[17:14:27] Looking for 'parallel' - found /apps/pkg/anaconda3/2022.10/envs/prokka-1.14.6/bin/parallel
[17:14:27] Determined parallel version is 20230122 from 'GNU parallel 20230122'
[17:14:27] Looking for 'prodigal' - found /apps/pkg/anaconda3/2022.10/envs/prokka-1.14.6/bin/prodigal
[17:14:27] Determined prodigal version is 002006 from 'Prodigal V2.6.3: February, 2016'
[17:14:27] Looking for 'prokka-genbank_to_fasta_db' - found /apps/pkg/anaconda3/2022.10/envs/prokka-1.14.6/bin/prokka-genbank_to_fasta_db
[17:14:27] Looking for 'sed' - found /usr/bin/sed
[17:14:27] Looking for 'tbl2asn' - found /apps/pkg/anaconda3/2022.10/envs/prokka-1.14.6/bin/tbl2asn
[17:14:27] Determined tbl2asn version is 025007 from 'tbl2asn 25.7   arguments:'
[17:14:27] Using genetic code table 1.
[17:14:27] Loading and checking input file: CPR/SAMN04328270.fna
[17:14:27] Wrote 52 contigs totalling 582114 bp.
[17:14:27] Predicting tRNAs and tmRNAs
[17:14:27] Running: aragorn -l -gc1  -w results\/PROKKA\/CPR\/SAMN04328270\/SAMN04328270\.fna
[17:14:27] 1 tRNA-Gly c[125,199] 34 (tcc)
[17:14:27] 2 tRNA-Leu c[3049,3133] 35 (gag)
[17:14:27] 3 tRNA-Phe [3206,3277] 33 (gaa)
[17:14:27] 1 tRNA-Arg [502,574] 34 (tct)
[17:14:27] 2 tRNA-His [583,656] 33 (gtg)
[17:14:27] 3 tRNA-Glu c[730,804] 34 (ttc)
[17:14:27] 4 tRNA-Lys c[1011,1082] 33 (ctt)
[17:14:27] 5 tRNA-Arg c[1219,1294] 36 (tcg)
[17:14:27] 6 tRNA-Pro [12684,12758] 33 (cgg)
[17:14:27] 1 tRNA-Ile c[29046,29122] 35 (gat)
[17:14:27] 2 tRNA-Ala [30129,30202] 34 (tgc)
[17:14:27] 1 tRNA-Ser c[5052,5141] 35 (cga)
[17:14:27] 1 tRNA-Gln [2914,2985] 33 (ctg)
[17:14:27] 1 tRNA-Val c[8798,8872] 35 (tac)
[17:14:27] 2 tRNA-Leu c[9830,9914] 35 (caa)
[17:14:27] 3 tRNA-Ala c[14427,14501] 35 (cgc)
[17:14:27] 4 tRNA-Ala [22090,22164] 33 (ggc)
[17:14:27] 1 tRNA-Leu [5660,5744] 35 (taa)
[17:14:27] 1 tRNA-Asn [3733,3807] 33 (gtt)
[17:14:27] 1 tRNA-Cys [2505,2576] 33 (gca)
[17:14:27] 1 tRNA-Leu [7241,7326] 34 (tag)
[17:14:27] 1 tRNA-Phe c[4577,4651] 33 (gaa)
[17:14:27] 1 tRNA-Pro c[18718,18790] 34 (ggg)
[17:14:27] 2 tRNA-Thr [21867,21940] 34 (ggt)
[17:14:27] 3 tRNA-Tyr [21948,22031] 35 (gta)
[17:14:27] 4 tRNA-Thr [22147,22219] 33 (tgt)
[17:14:27] 5 tRNA-Trp [23007,23079] 34 (cca)
[17:14:27] 1 tRNA-Lys [1395,1466] 33 (ttt)
[17:14:27] 1 tRNA-Gln [11108,11181] 34 (ttg)
[17:14:27] 2 tRNA-Val c[33950,34024] 33 (gac)
[17:14:27] 3 tRNA-Arg c[39775,39846] 34 (cct)
[17:14:27] 4 tRNA-Pro c[39889,39964] 34 (tgg)
[17:14:27] 5 tRNA-Thr c[44467,44538] 33 (cgt)
[17:14:27] 6 tRNA-Gly c[44550,44623] 34 (ccc)
[17:14:27] 1 tRNA-Ile c[3736,3812] 35 (tat)
[17:14:27] Found 35 tRNAs
[17:14:27] Disabling rRNA search: --kingdom=Viruses or --norrna=0
[17:14:27] Skipping ncRNA search, enable with --rfam if desired.
[17:14:27] Total of 35 tRNA + rRNA features
[17:14:27] Searching for CRISPR repeats
[17:14:27] Found 0 CRISPRs
[17:14:27] Predicting coding sequences
[17:14:27] Contigs total 582114 bp, so using single mode
[17:14:27] Running: prodigal -i results\/PROKKA\/CPR\/SAMN04328270\/SAMN04328270\.fna -c -m -g 1 -p single -f sco -q
[17:14:27] Excluding CDS which overlaps existing RNA (tRNA) at MNXR01000002.1:3245..4672 on + strand
[17:14:27] Excluding CDS which overlaps existing RNA (tRNA) at MNXR01000009.1:4938..5135 on - strand
[17:14:27] Excluding CDS which overlaps existing RNA (tRNA) at MNXR01000033.1:7255..7392 on + strand
[17:14:27] Found 563 CDS
[17:14:27] Connecting features back to sequences
[17:14:27] Not using genus-specific database. Try --usegenus to enable it.
[17:14:27] Annotating CDS, please be patient.
[17:14:27] Will use 16 CPUs for similarity searching.
[17:14:28] There are still 563 unannotated CDS left (started with 563)
[17:14:28] Will use blast to search against /apps/pkg/anaconda3/2022.10/envs/prokka-1.14.6/db/kingdom/Viruses/sprot with 16 CPUs
[17:14:28] Running: cat results\/PROKKA\/CPR\/SAMN04328270\/SAMN04328270\.sprot\.tmp\.835185\.faa | parallel --gnu --plain -j 16 --block 4839 --recstart '>' --pipe blastp -query - -db /apps/pkg/anaconda3/2022.10/envs/prokka-1.14.6/db/kingdom/Viruses/sprot -evalue 1e-09 -qcov_hsp_perc 80 -num_threads 1 -num_descriptions 1 -num_alignments 1 -seg no > results\/PROKKA\/CPR\/SAMN04328270\/SAMN04328270\.sprot\.tmp\.835185\.blast 2> /dev/null
[17:14:29] Modify product: Uncharacterized protein L612 => putative protein L612
[17:14:29] Cleaned 1 /product names
[17:14:29] Deleting unwanted file: results/PROKKA/CPR/SAMN04328270/SAMN04328270.sprot.tmp.835185.faa
[17:14:29] Deleting unwanted file: results/PROKKA/CPR/SAMN04328270/SAMN04328270.sprot.tmp.835185.blast
[17:14:29] Labelling remaining 556 proteins as 'hypothetical protein'
[17:14:29] Found 4 unique /gene codes.
[17:14:29] Fixed 0 colliding /gene names.
[17:14:29] Adding /locus_tag identifiers
[17:14:29] Assigned 598 locus_tags to CDS and RNA features.
[17:14:29] Writing outputs to results/PROKKA/CPR/SAMN04328270/
[17:14:29] Generating annotation statistics file
[17:14:29] Generating Genbank and Sequin files
[17:14:29] Running: tbl2asn -V b -a r10k -l paired-ends -M n -N 1 -y 'Annotated using prokka 1.14.6 from https://github.com/tseemann/prokka' -Z results\/PROKKA\/CPR\/SAMN04328270\/SAMN04328270\.err -i results\/PROKKA\/CPR\/SAMN04328270\/SAMN04328270\.fsa 2> /dev/null
[tbl2asn-forever] Found Prokka input, correcting dates in .gbf|.sqn files.
[tbl2asn-forever] Correcting dates in results/PROKKA/CPR/SAMN04328270/SAMN04328270.gbf
[tbl2asn-forever] Correcting dates in results/PROKKA/CPR/SAMN04328270/SAMN04328270.sqn
[tbl2asn-forever] Dates changed from 01-JAN-2019 to 01-JUL-2023
[17:14:31] Deleting unwanted file: results/PROKKA/CPR/SAMN04328270/errorsummary.val
[17:14:31] Deleting unwanted file: results/PROKKA/CPR/SAMN04328270/SAMN04328270.dr
[17:14:31] Deleting unwanted file: results/PROKKA/CPR/SAMN04328270/SAMN04328270.fixedproducts
[17:14:31] Deleting unwanted file: results/PROKKA/CPR/SAMN04328270/SAMN04328270.ecn
[17:14:31] Deleting unwanted file: results/PROKKA/CPR/SAMN04328270/SAMN04328270.val
[17:14:31] Repairing broken .GBK output that tbl2asn produces...
[17:14:31] Running: sed 's/COORDINATES: profile/COORDINATES:profile/' < results\/PROKKA\/CPR\/SAMN04328270\/SAMN04328270\.gbf > results\/PROKKA\/CPR\/SAMN04328270\/SAMN04328270\.gbk
[17:14:31] Deleting unwanted file: results/PROKKA/CPR/SAMN04328270/SAMN04328270.gbf
[17:14:31] Output files:
[17:14:31] results/PROKKA/CPR/SAMN04328270/SAMN04328270.log
[17:14:31] results/PROKKA/CPR/SAMN04328270/SAMN04328270.fna
[17:14:31] results/PROKKA/CPR/SAMN04328270/SAMN04328270.gff
[17:14:31] results/PROKKA/CPR/SAMN04328270/SAMN04328270.faa
[17:14:31] results/PROKKA/CPR/SAMN04328270/SAMN04328270.ffn
[17:14:31] results/PROKKA/CPR/SAMN04328270/SAMN04328270.tbl
[17:14:31] results/PROKKA/CPR/SAMN04328270/SAMN04328270.fsa
[17:14:31] results/PROKKA/CPR/SAMN04328270/SAMN04328270.tsv
[17:14:31] results/PROKKA/CPR/SAMN04328270/SAMN04328270.txt
[17:14:31] results/PROKKA/CPR/SAMN04328270/SAMN04328270.err
[17:14:31] results/PROKKA/CPR/SAMN04328270/SAMN04328270.sqn
[17:14:31] results/PROKKA/CPR/SAMN04328270/SAMN04328270.gbk
[17:14:31] Annotation finished successfully.
[17:14:31] Walltime used: 0.08 minutes
[17:14:31] If you use this result please cite the Prokka paper:
[17:14:31] Seemann T (2014) Prokka: rapid prokaryotic genome annotation. Bioinformatics. 30(14):2068-9.
[17:14:31] Type 'prokka --citation' for more details.
[17:14:31] Share and enjoy!
13.73user 0.71system 0:04.86elapsed 296%CPU (0avgtext+0avgdata 101328maxresident)k
9912inputs+34888outputs (0major+234056minor)pagefaults 0swaps

======================================================
End Time   : Sat Jul  1 17:14:31 EDT 2023
Run Time   : 7 seconds
======================================================

