=====================================================
Start Time  : Sat Jun 24 21:31:10 EDT 2023
Submit Dir  : /projects/raw_lab/jobs/metacerberus
Job ID/Name : 3996838 / InterProScan
Node List   : str-c95
Num Tasks   : 1 total [1 nodes @ 16 CPUs/node]
======================================================

Loading interproscan/5.60-92.0
  Loading requirement: anaconda3/2020.11 openjdk/15
======================================================
Running InterProScan On CPR/SAMN03319567.fna
======================================================
24/06/2023 21:31:11:495 Welcome to InterProScan-5.60-92.0
24/06/2023 21:31:11:496 Running InterProScan v5 in STANDALONE mode... on Linux
24/06/2023 21:31:15:627 RunID: str-c95.uncc.edu_20230624_213115456_adzp
24/06/2023 21:31:24:338 Loading file /projects/raw_lab/jobs/metacerberus/CPR/SAMN03319567.fna
24/06/2023 21:31:25:052 Running the following analyses:
[AntiFam-7.0,CDD-3.20,Coils-2.2.1,FunFam-4.3.0,Gene3D-4.3.0,Hamap-2021_04,MobiDBLite-2.0,PANTHER-17.0,Pfam-35.0,PIRSF-3.10,PIRSR-2021_05,PRINTS-42.0,ProSitePatterns-2022_01,ProSiteProfiles-2022_01,SFLD-4,SMART-7.1,SUPERFAMILY-1.75,TIGRFAM-15.0]
Pre-calculated match lookup service DISABLED.  Please wait for match calculations to complete...
2023-06-24 21:32:16,472 [amqEmbeddedWorkerJmsContainer-11] [uk.ac.ebi.interpro.scan.io.pirsf.hmmer3.PirsfHmmer3RawMatchParser:129] WARN - Couldn't parse the given raw match line, because it is of an unexpected format.
2023-06-24 21:32:16,476 [amqEmbeddedWorkerJmsContainer-11] [uk.ac.ebi.interpro.scan.io.pirsf.hmmer3.PirsfHmmer3RawMatchParser:130] WARN - Unexpected Raw match line: Query sequence: 45 matches PIRSF001492: Cofactor-independent phosphoglycerate mutase
2023-06-24 21:32:16,476 [amqEmbeddedWorkerJmsContainer-11] [uk.ac.ebi.interpro.scan.io.pirsf.hmmer3.PirsfHmmer3RawMatchParser:129] WARN - Couldn't parse the given raw match line, because it is of an unexpected format.
2023-06-24 21:32:16,476 [amqEmbeddedWorkerJmsContainer-11] [uk.ac.ebi.interpro.scan.io.pirsf.hmmer3.PirsfHmmer3RawMatchParser:130] WARN - Unexpected Raw match line: #    score  bias  c-Evalue  i-Evalue hmmfrom  hmm to    alifrom  ali to    envfrom  env to     acc
2023-06-24 21:32:16,476 [amqEmbeddedWorkerJmsContainer-11] [uk.ac.ebi.interpro.scan.io.pirsf.hmmer3.PirsfHmmer3RawMatchParser:129] WARN - Couldn't parse the given raw match line, because it is of an unexpected format.
2023-06-24 21:32:16,476 [amqEmbeddedWorkerJmsContainer-11] [uk.ac.ebi.interpro.scan.io.pirsf.hmmer3.PirsfHmmer3RawMatchParser:130] WARN - Unexpected Raw match line: 1 !  575.9   0.1  3.6e-177  3.8e-175       3     515 ..       3     513 ..       1     514 [. 0.94
2023-06-24 21:32:16,477 [amqEmbeddedWorkerJmsContainer-11] [uk.ac.ebi.interpro.scan.io.pirsf.hmmer3.PirsfHmmer3RawMatchParser:129] WARN - Couldn't parse the given raw match line, because it is of an unexpected format.
2023-06-24 21:32:16,477 [amqEmbeddedWorkerJmsContainer-11] [uk.ac.ebi.interpro.scan.io.pirsf.hmmer3.PirsfHmmer3RawMatchParser:130] WARN - Unexpected Raw match line: Query sequence: 51 matches PIRSF001174: Lon protease
2023-06-24 21:32:16,477 [amqEmbeddedWorkerJmsContainer-11] [uk.ac.ebi.interpro.scan.io.pirsf.hmmer3.PirsfHmmer3RawMatchParser:129] WARN - Couldn't parse the given raw match line, because it is of an unexpected format.
2023-06-24 21:32:16,477 [amqEmbeddedWorkerJmsContainer-11] [uk.ac.ebi.interpro.scan.io.pirsf.hmmer3.PirsfHmmer3RawMatchParser:130] WARN - Unexpected Raw match line: #    score  bias  c-Evalue  i-Evalue hmmfrom  hmm to    alifrom  ali to    envfrom  env to     acc
2023-06-24 21:32:16,477 [amqEmbeddedWorkerJmsContainer-11] [uk.ac.ebi.interpro.scan.io.pirsf.hmmer3.PirsfHmmer3RawMatchParser:129] WARN - Couldn't parse the given raw match line, because it is of an unexpected format.
2023-06-24 21:32:16,477 [amqEmbeddedWorkerJmsContainer-11] [uk.ac.ebi.interpro.scan.io.pirsf.hmmer3.PirsfHmmer3RawMatchParser:130] WARN - Unexpected Raw match line: 1 !  959.7  12.0  1.9e-292  6.6e-291      10     773 ..      13     776 ..       1     777 [] 0.98
2023-06-24 21:32:16,477 [amqEmbeddedWorkerJmsContainer-11] [uk.ac.ebi.interpro.scan.io.pirsf.hmmer3.PirsfHmmer3RawMatchParser:129] WARN - Couldn't parse the given raw match line, because it is of an unexpected format.
2023-06-24 21:32:16,477 [amqEmbeddedWorkerJmsContainer-11] [uk.ac.ebi.interpro.scan.io.pirsf.hmmer3.PirsfHmmer3RawMatchParser:130] WARN - Unexpected Raw match line: Query sequence: 56 matches PIRSF001529: Serine-tRNA ligase
2023-06-24 21:32:16,477 [amqEmbeddedWorkerJmsContainer-11] [uk.ac.ebi.interpro.scan.io.pirsf.hmmer3.PirsfHmmer3RawMatchParser:129] WARN - Couldn't parse the given raw match line, because it is of an unexpected format.
2023-06-24 21:32:16,477 [amqEmbeddedWorkerJmsContainer-11] [uk.ac.ebi.interpro.scan.io.pirsf.hmmer3.PirsfHmmer3RawMatchParser:130] WARN - Unexpected Raw match line: #    score  bias  c-Evalue  i-Evalue hmmfrom  hmm to    alifrom  ali to    envfrom  env to     acc
2023-06-24 21:32:16,477 [amqEmbeddedWorkerJmsContainer-11] [uk.ac.ebi.interpro.scan.io.pirsf.hmmer3.PirsfHmmer3RawMatchParser:129] WARN - Couldn't parse the given raw match line, because it is of an unexpected format.
2023-06-24 21:32:16,477 [amqEmbeddedWorkerJmsContainer-11] [uk.ac.ebi.interpro.scan.io.pirsf.hmmer3.PirsfHmmer3RawMatchParser:130] WARN - Unexpected Raw match line: 1 !  482.6   0.4  4.8e-149    5e-147      28     426 ..      14     398 ..       1     399 [] 0.93
24/06/2023 21:35:50:327 100% done:  InterProScan analyses completed 

2023-06-24 21:35:50,830 [main] [uk.ac.ebi.interpro.scan.jms.master.AbstractMaster:259] WARN - Master process unable to delete temporary directory /projects/raw_lab/jobs/metacerberus/temp/str-c95.uncc.edu_20230624_213115456_adzp
999.08user 86.08system 4:40.08elapsed 387%CPU (0avgtext+0avgdata 3431012maxresident)k
826272inputs+859880outputs (98major+6227810minor)pagefaults 0swaps

======================================================
End Time   : Sat Jun 24 21:35:50 EDT 2023
Run Time   : 280 seconds
======================================================

