=====================================================
Start Time  : Wed Jun 28 12:02:14 EDT 2023
Submit Dir  : /projects/raw_lab/jobs/metacerberus
Job ID/Name : 4041447 / PROKKA
Node List   : str-c105
Num Tasks   : 1 total [1 nodes @ 16 CPUs/node]
======================================================

Loading prokka/1.14.6
  Loading requirement: anaconda3/2022.10
======================================================
Running PROKKA On GTDB-100/genomes/archaea/GCA_003158115.1.fna
======================================================
Archaea
[12:02:19] This is prokka 1.14.6
[12:02:19] Written by Torsten Seemann <torsten.seemann@gmail.com>
[12:02:19] Homepage is https://github.com/tseemann/prokka
[12:02:19] Local time is Wed Jun 28 12:02:19 2023
[12:02:19] You are jlfiguer
[12:02:19] Operating system is linux
[12:02:19] You have BioPerl 1.7.8
Argument "1.7.8" isn't numeric in numeric lt (<) at /apps/pkg/anaconda3/2022.10/envs/prokka-1.14.6/bin/prokka line 259.
[12:02:19] System has 16 cores.
[12:02:19] Will use maximum of 16 cores.
[12:02:19] Annotating as >>> Archaea <<<
[12:02:19] Generating locus_tag from 'GTDB-100/genomes/archaea/GCA_003158115.1.fna' contents.
[12:02:19] Setting --locustag OFOBGHHA from MD5 8f8b011a3edd6a7e9beaeb1b39bf01dd
[12:02:19] Creating new output folder: results/PROKKA/GTDB-100/genomes/archaea/GCA_003158115.1
[12:02:19] Running: mkdir -p results\/PROKKA\/GTDB\-100\/genomes\/archaea\/GCA_003158115\.1
[12:02:19] Using filename prefix: GCA_003158115.1.XXX
[12:02:19] Setting HMMER_NCPU=1
[12:02:19] Writing log to: results/PROKKA/GTDB-100/genomes/archaea/GCA_003158115.1/GCA_003158115.1.log
[12:02:19] Command: /apps/pkg/anaconda3/2022.10/envs/prokka-1.14.6/bin/prokka --prefix GCA_003158115.1 --outdir results/PROKKA/GTDB-100/genomes/archaea/GCA_003158115.1 --kingdom Archaea --cpus 16 GTDB-100/genomes/archaea/GCA_003158115.1.fna
[12:02:19] Appending to PATH: /apps/pkg/anaconda3/2022.10/envs/prokka-1.14.6/bin
[12:02:19] Looking for 'aragorn' - found /apps/pkg/anaconda3/2022.10/envs/prokka-1.14.6/bin/aragorn
[12:02:19] Determined aragorn version is 001002 from 'ARAGORN v1.2.41 Dean Laslett'
[12:02:19] Looking for 'barrnap' - found /apps/pkg/anaconda3/2022.10/envs/prokka-1.14.6/bin/barrnap
[12:02:19] Determined barrnap version is 000009 from 'barrnap 0.9'
[12:02:19] Looking for 'blastp' - found /apps/pkg/anaconda3/2022.10/envs/prokka-1.14.6/bin/blastp
[12:02:21] Determined blastp version is 002013 from 'blastp: 2.13.0+'
[12:02:21] Looking for 'cmpress' - found /apps/pkg/anaconda3/2022.10/envs/prokka-1.14.6/bin/cmpress
[12:02:21] Determined cmpress version is 001001 from '# INFERNAL 1.1.4 (Dec 2020)'
[12:02:21] Looking for 'cmscan' - found /apps/pkg/anaconda3/2022.10/envs/prokka-1.14.6/bin/cmscan
[12:02:21] Determined cmscan version is 001001 from '# INFERNAL 1.1.4 (Dec 2020)'
[12:02:21] Looking for 'egrep' - found /usr/bin/egrep
[12:02:21] Looking for 'find' - found /usr/bin/find
[12:02:21] Looking for 'grep' - found /usr/bin/grep
[12:02:21] Looking for 'hmmpress' - found /apps/pkg/anaconda3/2022.10/envs/prokka-1.14.6/bin/hmmpress
[12:02:21] Determined hmmpress version is 003003 from '# HMMER 3.3.2 (Nov 2020); http://hmmer.org/'
[12:02:21] Looking for 'hmmscan' - found /apps/pkg/anaconda3/2022.10/envs/prokka-1.14.6/bin/hmmscan
[12:02:21] Determined hmmscan version is 003003 from '# HMMER 3.3.2 (Nov 2020); http://hmmer.org/'
[12:02:21] Looking for 'java' - found /apps/pkg/anaconda3/2022.10/envs/prokka-1.14.6/bin/java
[12:02:21] Looking for 'makeblastdb' - found /apps/pkg/anaconda3/2022.10/envs/prokka-1.14.6/bin/makeblastdb
[12:02:21] Determined makeblastdb version is 002013 from 'makeblastdb: 2.13.0+'
[12:02:21] Looking for 'minced' - found /apps/pkg/anaconda3/2022.10/envs/prokka-1.14.6/bin/minced
[12:02:22] Determined minced version is 004002 from 'minced 0.4.2'
[12:02:22] Looking for 'parallel' - found /apps/pkg/anaconda3/2022.10/envs/prokka-1.14.6/bin/parallel
[12:02:22] Determined parallel version is 20230122 from 'GNU parallel 20230122'
[12:02:22] Looking for 'prodigal' - found /apps/pkg/anaconda3/2022.10/envs/prokka-1.14.6/bin/prodigal
[12:02:23] Determined prodigal version is 002006 from 'Prodigal V2.6.3: February, 2016'
[12:02:23] Looking for 'prokka-genbank_to_fasta_db' - found /apps/pkg/anaconda3/2022.10/envs/prokka-1.14.6/bin/prokka-genbank_to_fasta_db
[12:02:23] Looking for 'sed' - found /usr/bin/sed
[12:02:23] Looking for 'tbl2asn' - found /apps/pkg/anaconda3/2022.10/envs/prokka-1.14.6/bin/tbl2asn
[12:02:23] Determined tbl2asn version is 025007 from 'tbl2asn 25.7   arguments:'
[12:02:23] Using genetic code table 11.
[12:02:23] Loading and checking input file: GTDB-100/genomes/archaea/GCA_003158115.1.fna
[12:02:23] Wrote 109 contigs totalling 2293092 bp.
[12:02:23] Predicting tRNAs and tmRNAs
[12:02:23] Running: aragorn -l -gc11  -w results\/PROKKA\/GTDB\-100\/genomes\/archaea\/GCA_003158115\.1\/GCA_003158115\.1\.fna
[12:02:23] 1 tRNA-Met [2197,2271] 36 (cat)
[12:02:23] 2 tRNA-Cys [16878,16949] 33 (gca)
[12:02:23] 1 tRNA-Gln [5049,5121] 34 (ctg)
[12:02:23] 1 tRNA-Lys [4558,4632] 35 (ctt)
[12:02:23] 1 tRNA-Val c[34925,34998] 34 (cac)
[12:02:23] 2 tRNA-Val c[35134,35205] 33 (tac)
[12:02:23] 1 tRNA-Gly c[56364,56439] 37 (tcc)
[12:02:23] 2 tRNA-Gly c[56440,56515] 37 (gcc)
[12:02:23] 3 tRNA-Ala c[66403,66475] 34 (ggc)
[12:02:23] 1 tRNA-Ser c[8499,8583] 35 (gct)
[12:02:23] 1 tRNA-Thr [30662,30736] 35 (tgt)
[12:02:23] 2 tRNA-Pro [30773,30849] 38 (tgg)
[12:02:23] 3 tRNA-Tyr [30856,30931] 36 (gta)
[12:02:23] 4 tRNA-Asp [31088,31161] 35 (gtc)
[12:02:23] 5 tRNA-Lys [31169,31244] 36 (ttt)
[12:02:23] 1 tRNA-Arg c[40255,40331] 37 (tcg)
[12:02:23] 1 tRNA-Gln c[30953,31025] 34 (ttg)
[12:02:23] 1 tRNA-Leu [11312,11396] 36 (cag)
[12:02:23] 2 tRNA-Leu [19822,19906] 36 (taa)
[12:02:23] 3 tRNA-Thr [19977,20048] 33 (ggt)
[12:02:23] 1 tRNA-Leu c[11367,11450] 35 (gag)
[12:02:23] 1 tRNA-His c[1200,1272] 35 (gtg)
[12:02:23] 2 tRNA-Leu c[1285,1368] 36 (tag)
[12:02:23] 3 tRNA-Glu c[1425,1501] 38 (ttc)
[12:02:23] 4 tRNA-Met c[1566,1641] 36 (cat)
[12:02:23] 5 tRNA-Asn c[1644,1717] 34 (gtt)
[12:02:23] 1 tRNA-Ser c[21616,21702] 36 (gga)
[12:02:23] 1 tRNA-Arg c[8551,8622] 34 (gcg)
[12:02:23] 1 tRNA-Val [6366,6439] 34 (gac)
[12:02:23] 2 tRNA-Phe [6442,6515] 34 (gaa)
[12:02:23] 1 tRNA-Glu [4417,4493] 38 (ctc)
[12:02:24] 1 tRNA-Ile c[13842,13914] 34 (gat)
[12:02:24] 2 tRNA-Ser [41872,41959] 36 (cga)
[12:02:24] 1 tRNA-Thr [15199,15273] 35 (cgt)
[12:02:24] 1 tRNA-Ser [7067,7151] 35 (tga)
[12:02:24] 1 tRNA-Arg c[20392,20465] 35 (tct)
[12:02:24] 2 tRNA-Arg c[20564,20640] 37 (cct)
[12:02:24] 3 tRNA-Arg c[20766,20839] 35 (tct)
[12:02:24] 1 tRNA-Cys [13896,13966] 33 (gca)
[12:02:24] Found 39 tRNAs
[12:02:24] Predicting Ribosomal RNAs
[12:02:24] Running Barrnap with 16 threads
[12:02:24] 1 PMGM01000065.1 8 5S ribosomal RNA
[12:02:24] Found 1 rRNAs
[12:02:24] Skipping ncRNA search, enable with --rfam if desired.
[12:02:24] Total of 40 tRNA + rRNA features
[12:02:24] Searching for CRISPR repeats
[12:02:24] Found 0 CRISPRs
[12:02:24] Predicting coding sequences
[12:02:24] Contigs total 2293092 bp, so using single mode
[12:02:24] Running: prodigal -i results\/PROKKA\/GTDB\-100\/genomes\/archaea\/GCA_003158115\.1\/GCA_003158115\.1\.fna -c -m -g 11 -p single -f sco -q
[12:02:26] Excluding CDS which overlaps existing RNA (tRNA) at PMGM01000023.1:11304..11399 on + strand
[12:02:26] Found 2396 CDS
[12:02:26] Connecting features back to sequences
[12:02:26] Not using genus-specific database. Try --usegenus to enable it.
[12:02:26] Annotating CDS, please be patient.
[12:02:26] Will use 16 CPUs for similarity searching.
[12:02:27] There are still 2396 unannotated CDS left (started with 2396)
[12:02:27] Will use blast to search against /apps/pkg/anaconda3/2022.10/envs/prokka-1.14.6/db/kingdom/Archaea/sprot with 16 CPUs
[12:02:27] Running: cat results\/PROKKA\/GTDB\-100\/genomes\/archaea\/GCA_003158115\.1\/GCA_003158115\.1\.sprot\.tmp\.3662908\.faa | parallel --gnu --plain -j 16 --block 18831 --recstart '>' --pipe blastp -query - -db /apps/pkg/anaconda3/2022.10/envs/prokka-1.14.6/db/kingdom/Archaea/sprot -evalue 1e-09 -qcov_hsp_perc 80 -num_threads 1 -num_descriptions 1 -num_alignments 1 -seg no > results\/PROKKA\/GTDB\-100\/genomes\/archaea\/GCA_003158115\.1\/GCA_003158115\.1\.sprot\.tmp\.3662908\.blast 2> /dev/null
[12:02:29] Modify product: Metallo-beta-lactamase fold-containing protein ST1585 => Metallo-beta-lactamase fold-containing protein
[12:02:29] Modify product: Uncharacterized ABC transporter ATP-binding protein MJ0796 => putative ABC transporter ATP-binding protein
[12:02:29] Modify product: Probable methanogenesis regulatory protein FilR2 => putative methanogenesis regulatory protein FilR2
[12:02:29] Modify product: UPF0200/UPF0201 protein AF_1395 => hypothetical protein
[12:02:29] Modify product: UPF0201 protein SSO1042 => hypothetical protein
[12:02:29] Modify product: Probable tRNA pseudouridine synthase D => putative tRNA pseudouridine synthase D
[12:02:29] Modify product: Probable copper-exporting P-type ATPase => putative copper-exporting P-type ATPase
[12:02:29] Modify product: UPF0107 protein AF_0055 => hypothetical protein
[12:02:29] Modify product: UPF0284 protein MJ1598 => hypothetical protein
[12:02:29] Modify product: Probable bifunctional tRNA threonylcarbamoyladenosine biosynthesis protein => putative bifunctional tRNA threonylcarbamoyladenosine biosynthesis protein
[12:02:29] Modify product: UPF0147 protein Ta0600 => hypothetical protein
[12:02:29] Modify product: Universal stress protein MJ0577 => Universal stress protein
[12:02:29] Modify product: Uncharacterized protein MJ0922 => putative protein
[12:02:29] Modify product: Uncharacterized ABC transporter ATP-binding protein MJ0796 => putative ABC transporter ATP-binding protein
[12:02:29] Modify product: UPF0425 pyridoxal phosphate-dependent protein MJ0158 => hypothetical protein
[12:02:29] Modify product: Iron-sulfur flavoprotein MJ1083 => Iron-sulfur flavoprotein
[12:02:29] Modify product: Probable ribosome biogenesis protein SSO0551 => putative ribosome biogenesis protein
[12:02:29] Modify product: Uncharacterized protein MJ1225 => putative protein
[12:02:29] Modify product: Uncharacterized protein MJ1225 => putative protein
[12:02:29] Modify product: Uncharacterized protein MJ1225 => putative protein
[12:02:29] Modify product: Uncharacterized protein MJ1225 => putative protein
[12:02:29] Modify product: Uncharacterized protein AF_1403 => putative protein
[12:02:29] Modify product: Trk system potassium uptake protein TrkA homolog => Trk system potassium uptake protein TrkA 
[12:02:29] Modify product: Universal stress protein MJ0577 => Universal stress protein
[12:02:29] Modify product: Iron-sulfur flavoprotein MJ1083 => Iron-sulfur flavoprotein
[12:02:29] Modify product: Uncharacterized ABC transporter ATP-binding protein MJ0796 => putative ABC transporter ATP-binding protein
[12:02:29] Modify product: Iron-sulfur flavoprotein MJ1083 => Iron-sulfur flavoprotein
[12:02:29] Modify product: Iron-sulfur flavoprotein MJ1083 => Iron-sulfur flavoprotein
[12:02:29] Modify product: Phosphodiesterase MJ0936 => Phosphodiesterase
[12:02:29] Modify product: Probable membrane-bound hydrogenase subunit mbhJ => putative membrane-bound hydrogenase subunit mbhJ
[12:02:29] Modify product: Protein pelota homolog => Protein pelota 
[12:02:29] Modify product: Protein pelota homolog => Protein pelota 
[12:02:29] Modify product: Probable homocitrate synthase AksA => putative homocitrate synthase AksA
[12:02:29] Modify product: Universal stress protein MJ0577 => Universal stress protein
[12:02:29] Modify product: Zinc metalloprotease TldD homolog => Zinc metalloprotease TldD 
[12:02:29] Modify product: Uncharacterized protein MJ1225 => putative protein
[12:02:29] Modify product: Universal stress protein MJ0577 => Universal stress protein
[12:02:29] Modify product: UPF0146 protein MTH_1000 => hypothetical protein
[12:02:29] Modify product: Uncharacterized protein MJ0922 => putative protein
[12:02:29] Modify product: Trk system potassium uptake protein TrkA homolog => Trk system potassium uptake protein TrkA 
[12:02:29] Modify product: Probable hydrogenase maturation factor HypB => putative hydrogenase maturation factor HypB
[12:02:29] Modify product: Putative FKBP-type peptidyl-prolyl cis-trans isomerase MJ0825 => Putative FKBP-type peptidyl-prolyl cis-trans isomerase
[12:02:29] Modify product: Uncharacterized protein MJ0951 => putative protein
[12:02:29] Modify product: Probable branched-chain amino acid transport ATP-binding protein LivG => putative branched-chain amino acid transport ATP-binding protein LivG
[12:02:29] Modify product: HEAT repeat-containing taxis protein OE_2401F => HEAT repeat-containing taxis proteinF
[12:02:29] Modify product: Putative ammonium transporter MJ1343 => Putative ammonium transporter
[12:02:29] Modify product: Uncharacterized nitrogen regulatory PII-like protein MJ0059 => putative nitrogen regulatory PII-like protein
[12:02:29] Modify product: Putative ammonium transporter MJ1343 => Putative ammonium transporter
[12:02:29] Modify product: Uncharacterized nitrogen regulatory PII-like protein MJ0059 => putative nitrogen regulatory PII-like protein
[12:02:29] Modify product: Probable 6-oxopurine nucleoside phosphorylase => putative 6-oxopurine nucleoside phosphorylase
[12:02:29] Modify product: Uncharacterized protein MJ1004 => putative protein
[12:02:29] Modify product: Probable methanogenesis regulatory protein FilR2 => putative methanogenesis regulatory protein FilR2
[12:02:29] Modify product: Trk system potassium uptake protein TrkA homolog => Trk system potassium uptake protein TrkA 
[12:02:29] Modify product: Uncharacterized protein MJ0742 => putative protein
[12:02:29] Modify product: RNA-binding protein PAB1135 => RNA-binding protein
[12:02:29] Modify product: Ribosome maturation protein SDO1 homolog => Ribosome maturation protein SDO1 
[12:02:29] Modify product: Uncharacterized protein MTH_677 => putative protein MTH_677
[12:02:29] Modify product: Uncharacterized protein MJ1311 => putative protein
[12:02:29] Modify product: Uncharacterized KH and PIN-domain containing protein MJ1533 => putative KH and PIN-domain containing protein
[12:02:29] Modify product: Probable deoxyhypusine synthase => putative deoxyhypusine synthase
[12:02:29] Modify product: Uncharacterized protein MJ1311 => putative protein
[12:02:29] Modify product: Probable L-aspartate dehydrogenase => putative L-aspartate dehydrogenase
[12:02:29] Modify product: Probable metalloprotease HVO_1016 => putative metalloprotease
[12:02:29] Modify product: Zinc metalloprotease MJ0392 => Zinc metalloprotease
[12:02:29] Modify product: Probable cyclic pyranopterin monophosphate synthase => putative cyclic pyranopterin monophosphate synthase
[12:02:29] Modify product: Probable Thioredoxin => putative Thioredoxin
[12:02:29] Modify product: Probable aspartokinase => putative aspartokinase
[12:02:29] Modify product: Universal stress protein MJ0577 => Universal stress protein
[12:02:29] Modify product: Universal stress protein MJ0577 => Universal stress protein
[12:02:29] Modify product: Probable molybdopterin synthase => putative molybdopterin synthase
[12:02:29] Modify product: Probable cobalt-precorrin-6B C(15)-methyltransferase (decarboxylating) => putative cobalt-precorrin-6B C(15)-methyltransferase (decarboxylating)
[12:02:29] Modify product: Uncharacterized protein MJ1198 => putative protein
[12:02:29] Modify product: Uncharacterized protein MJ1198 => putative protein
[12:02:29] Modify product: Protein PH0010 => Protein
[12:02:29] Modify product: Zinc metalloprotease TldD homolog => Zinc metalloprotease TldD 
[12:02:29] Modify product: Uncharacterized protein MJ0100 => putative protein
[12:02:29] Modify product: Putative sulfur carrier protein Ta1170/Ta1414 => Putative sulfur carrier protein/Ta1414
[12:02:29] Modify product: Uncharacterized protein AF_1796 => putative protein
[12:02:29] Modify product: Uncharacterized protein MJ1481 => putative protein
[12:02:29] Modify product: Uncharacterized HTH-type transcriptional regulator PH1519 => putative HTH-type transcriptional regulator
[12:02:29] Modify product: UPF0045 protein MTH_1187 => hypothetical protein
[12:02:29] Modify product: Protein MTH_1184 => Protein
[12:02:29] Modify product: Uncharacterized protein MJ1480 => putative protein
[12:02:29] Modify product: Uncharacterized protein MTH_863 => putative protein MTH_863
[12:02:29] Modify product: Uncharacterized protein MTH_862 => putative protein MTH_862
[12:02:29] Modify product: Sugar fermentation stimulation protein homolog => Sugar fermentation stimulation protein 
[12:02:29] Modify product: Trk system potassium uptake protein TrkA homolog => Trk system potassium uptake protein TrkA 
[12:02:29] Modify product: Trk system potassium uptake protein TrkA homolog => Trk system potassium uptake protein TrkA 
[12:02:29] Modify product: Uncharacterized ABC transporter ATP-binding protein MJ0796 => putative ABC transporter ATP-binding protein
[12:02:29] Modify product: Uncharacterized protein MJ0690 => putative protein
[12:02:29] Modify product: DNA-binding protein MTH_1615 => DNA-binding protein
[12:02:29] Modify product: Phosphodiesterase MJ0936 => Phosphodiesterase
[12:02:29] Modify product: UPF0273 protein PH0284 => hypothetical protein
[12:02:29] Modify product: Uncharacterized protein MJ0609 => putative protein
[12:02:29] Modify product: UPF0273 protein PH0284 => hypothetical protein
[12:02:29] Modify product: UPF0273 protein PH0284 => hypothetical protein
[12:02:29] Modify product: Damage-control phosphatase PH1575 => Damage-control phosphatase
[12:02:29] Modify product: Probable methanogenesis regulatory protein FilR2 => putative methanogenesis regulatory protein FilR2
[12:02:29] Modify product: Probable aquaporin AqpM => putative aquaporin AqpM
[12:02:29] Modify product: HEAT repeat-containing taxis protein OE_2401F => HEAT repeat-containing taxis proteinF
[12:02:30] Modify product: Uncharacterized protein MJ0922 => putative protein
[12:02:30] Modify product: UPF0235 protein MTH_637 => hypothetical protein
[12:02:30] Modify product: Uncharacterized protein MJ1225 => putative protein
[12:02:30] Modify product: Probable tRNA pseudouridine synthase B => putative tRNA pseudouridine synthase B
[12:02:30] Modify product: Protein translation factor SUI1 homolog => Protein translation factor SUI1 
[12:02:30] Modify product: Probable translation initiation factor IF-2 => putative translation initiation factor IF-2
[12:02:30] Modify product: Probable S-adenosylmethionine-dependent methyltransferase MJ0882 => putative S-adenosylmethionine-dependent methyltransferase
[12:02:30] Modify product: Probable ribosomal RNA small subunit methyltransferase A => putative ribosomal RNA small subunit methyltransferase A
[12:02:30] Modify product: Uncharacterized protein MJ0039 => putative protein
[12:02:30] Modify product: UPF0215 protein AF_1433 => hypothetical protein
[12:02:30] Modify product: UPF0273 protein PH0284 => hypothetical protein
[12:02:30] Modify product: UPF0273 protein PH0284 => hypothetical protein
[12:02:30] Modify product: S-adenosyl-L-methionine-binding protein AF_0241 => S-adenosyl-L-methionine-binding protein
[12:02:30] Cleaned 113 /product names
[12:02:30] Deleting unwanted file: results/PROKKA/GTDB-100/genomes/archaea/GCA_003158115.1/GCA_003158115.1.sprot.tmp.3662908.faa
[12:02:30] Deleting unwanted file: results/PROKKA/GTDB-100/genomes/archaea/GCA_003158115.1/GCA_003158115.1.sprot.tmp.3662908.blast
[12:02:30] There are still 1733 unannotated CDS left (started with 2396)
[12:02:30] Will use hmmer3 to search against /apps/pkg/anaconda3/2022.10/envs/prokka-1.14.6/db/hmm/HAMAP.hmm with 16 CPUs
[12:02:30] Running: cat results\/PROKKA\/GTDB\-100\/genomes\/archaea\/GCA_003158115\.1\/GCA_003158115\.1\.HAMAP\.hmm\.tmp\.3662908\.faa | parallel --gnu --plain -j 16 --block 12796 --recstart '>' --pipe hmmscan --noali --notextw --acc -E 1e-09 --cpu 1 /apps/pkg/anaconda3/2022.10/envs/prokka-1.14.6/db/hmm/HAMAP.hmm /dev/stdin > results\/PROKKA\/GTDB\-100\/genomes\/archaea\/GCA_003158115\.1\/GCA_003158115\.1\.HAMAP\.hmm\.tmp\.3662908\.hmmer3 2> /dev/null
[12:02:41] Deleting unwanted file: results/PROKKA/GTDB-100/genomes/archaea/GCA_003158115.1/GCA_003158115.1.HAMAP.hmm.tmp.3662908.faa
[12:02:41] Deleting unwanted file: results/PROKKA/GTDB-100/genomes/archaea/GCA_003158115.1/GCA_003158115.1.HAMAP.hmm.tmp.3662908.hmmer3
[12:02:41] Labelling remaining 1386 proteins as 'hypothetical protein'
[12:02:41] Possible /pseudo 'Polyferredoxin protein MvhB' at PMGM01000056.1 position 12633
[12:02:41] Possible /pseudo 'Light-independent protochlorophyllide reductase subunit B' at PMGM01000048.1 position 28802
[12:02:41] Possible /pseudo 'Protein pelota ' at PMGM01000051.1 position 1216
[12:02:41] Possible /pseudo 'D-inositol-3-phosphate glycosyltransferase' at PMGM01000109.1 position 14896
[12:02:41] Possible /pseudo 'Iron-sulfur flavoprotein' at PMGM01000024.1 position 7870
[12:02:41] Possible /pseudo 'putative protein' at PMGM01000027.1 position 41246
[12:02:41] Possible /pseudo 'putative protein' at PMGM01000027.1 position 42157
[12:02:41] Possible /pseudo 'Iron-sulfur cluster carrier protein' at PMGM01000101.1 position 1085
[12:02:41] Possible /pseudo '2-phosphoglycerate kinase' at PMGM01000068.1 position 12992
[12:02:41] Possible /pseudo 'Protein-glutamate methylesterase/protein-glutamine glutaminase' at PMGM01000046.1 position 10581
[12:02:41] Possible /pseudo '4-hydroxy-tetrahydrodipicolinate synthase' at PMGM01000098.1 position 19833
[12:02:41] Possible /pseudo 'D-inositol-3-phosphate glycosyltransferase' at PMGM01000062.1 position 2516
[12:02:41] Possible /pseudo 'putative protein' at PMGM01000053.1 position 29146
[12:02:41] Possible /pseudo 'Bifunctional NADP phosphatase/NAD kinase' at PMGM01000052.1 position 19816
[12:02:41] Possible /pseudo 'Rubredoxin' at PMGM01000070.1 position 28248
[12:02:41] Possible /pseudo 'Trk system potassium uptake protein TrkA ' at PMGM01000096.1 position 14938
[12:02:41] Possible /pseudo '1,4-dihydroxy-2-naphthoate octaprenyltransferase' at PMGM01000012.1 position 56408
[12:02:41] Possible /pseudo 'Protein-glutamate methylesterase/protein-glutamine glutaminase' at PMGM01000038.1 position 9834
[12:02:41] Possible /pseudo 'Putative multidrug resistance protein MdtD' at PMGM01000065.1 position 14424
[12:02:41] Found 560 unique /gene codes.
[12:02:41] Fixed 2 duplicate /gene - nth_1 nth_2
[12:02:41] Fixed 2 duplicate /gene - dadD_1 dadD_2
[12:02:41] Fixed 2 duplicate /gene - mfnA_1 mfnA_2
[12:02:41] Fixed 3 duplicate /gene - glmS_1 glmS_2 glmS_3
[12:02:41] Fixed 3 duplicate /gene - cmoA_1 cmoA_2 cmoA_3
[12:02:41] Fixed 2 duplicate /gene - ecfT_1 ecfT_2
[12:02:41] Fixed 2 duplicate /gene - ths_1 ths_2
[12:02:41] Fixed 3 duplicate /gene - iolD_1 iolD_2 iolD_3
[12:02:41] Fixed 2 duplicate /gene - hisC_1 hisC_2
[12:02:41] Fixed 3 duplicate /gene - htpX_1 htpX_2 htpX_3
[12:02:41] Fixed 2 duplicate /gene - bamB_1 bamB_2
[12:02:41] Fixed 2 duplicate /gene - ubiB_1 ubiB_2
[12:02:41] Fixed 2 duplicate /gene - mdh_1 mdh_2
[12:02:41] Fixed 2 duplicate /gene - cbiM_1 cbiM_2
[12:02:41] Fixed 2 duplicate /gene - menA_1 menA_2
[12:02:41] Fixed 2 duplicate /gene - cobB_1 cobB_2
[12:02:41] Fixed 2 duplicate /gene - pepQ_1 pepQ_2
[12:02:41] Fixed 3 duplicate /gene - IMPDH_1 IMPDH_2 IMPDH_3
[12:02:41] Fixed 2 duplicate /gene - pelA_1 pelA_2
[12:02:41] Fixed 4 duplicate /gene - rub_1 rub_2 rub_3 rub_4
[12:02:41] Fixed 2 duplicate /gene - arsC_1 arsC_2
[12:02:41] Fixed 2 duplicate /gene - dtd3_1 dtd3_2
[12:02:41] Fixed 2 duplicate /gene - dinG_1 dinG_2
[12:02:41] Fixed 2 duplicate /gene - tmk_1 tmk_2
[12:02:41] Fixed 2 duplicate /gene - purE_1 purE_2
[12:02:41] Fixed 2 duplicate /gene - prs_1 prs_2
[12:02:41] Fixed 5 duplicate /gene - cpdA_1 cpdA_2 cpdA_3 cpdA_4 cpdA_5
[12:02:41] Fixed 2 duplicate /gene - nucS_1 nucS_2
[12:02:41] Fixed 3 duplicate /gene - cofH_1 cofH_2 cofH_3
[12:02:41] Fixed 2 duplicate /gene - glmU_1 glmU_2
[12:02:41] Fixed 2 duplicate /gene - metZ_1 metZ_2
[12:02:41] Fixed 2 duplicate /gene - pgk2_1 pgk2_2
[12:02:41] Fixed 2 duplicate /gene - tuf_1 tuf_2
[12:02:41] Fixed 2 duplicate /gene - fno_1 fno_2
[12:02:41] Fixed 2 duplicate /gene - mvhG_1 mvhG_2
[12:02:41] Fixed 2 duplicate /gene - fni_1 fni_2
[12:02:41] Fixed 15 duplicate /gene - cheB_1 cheB_2 cheB_3 cheB_4 cheB_5 cheB_6 cheB_7 cheB_8 cheB_9 cheB_10 cheB_11 cheB_12 cheB_13 cheB_14 cheB_15
[12:02:41] Fixed 21 duplicate /gene - mdtD_1 mdtD_2 mdtD_3 mdtD_4 mdtD_5 mdtD_6 mdtD_7 mdtD_8 mdtD_9 mdtD_10 mdtD_11 mdtD_12 mdtD_13 mdtD_14 mdtD_15 mdtD_16 mdtD_17 mdtD_18 mdtD_19 mdtD_20 mdtD_21
[12:02:41] Fixed 16 duplicate /gene - btuD_1 btuD_2 btuD_3 btuD_4 btuD_5 btuD_6 btuD_7 btuD_8 btuD_9 btuD_10 btuD_11 btuD_12 btuD_13 btuD_14 btuD_15 btuD_16
[12:02:41] Fixed 7 duplicate /gene - mshA_1 mshA_2 mshA_3 mshA_4 mshA_5 mshA_6 mshA_7
[12:02:41] Fixed 2 duplicate /gene - mbhL_1 mbhL_2
[12:02:41] Fixed 2 duplicate /gene - lig_1 lig_2
[12:02:41] Fixed 2 duplicate /gene - tfrA_1 tfrA_2
[12:02:41] Fixed 2 duplicate /gene - fieF_1 fieF_2
[12:02:41] Fixed 2 duplicate /gene - leuB_1 leuB_2
[12:02:41] Fixed 2 duplicate /gene - argH_1 argH_2
[12:02:41] Fixed 2 duplicate /gene - apgM1_1 apgM1_2
[12:02:41] Fixed 2 duplicate /gene - pyrC_1 pyrC_2
[12:02:41] Fixed 8 duplicate /gene - mvhB_1 mvhB_2 mvhB_3 mvhB_4 mvhB_5 mvhB_6 mvhB_7 mvhB_8
[12:02:41] Fixed 2 duplicate /gene - tgtA_1 tgtA_2
[12:02:41] Fixed 4 duplicate /gene - bchB_1 bchB_2 bchB_3 bchB_4
[12:02:41] Fixed 2 duplicate /gene - mntH_1 mntH_2
[12:02:41] Fixed 2 duplicate /gene - arnB_1 arnB_2
[12:02:41] Fixed 5 duplicate /gene - trkA_1 trkA_2 trkA_3 trkA_4 trkA_5
[12:02:41] Fixed 2 duplicate /gene - aglK_1 aglK_2
[12:02:41] Fixed 3 duplicate /gene - fprA_1 fprA_2 fprA_3
[12:02:41] Fixed 2 duplicate /gene - menH_1 menH_2
[12:02:41] Fixed 2 duplicate /gene - queE_1 queE_2
[12:02:41] Fixed 2 duplicate /gene - murD_1 murD_2
[12:02:41] Fixed 5 duplicate /gene - queG_1 queG_2 queG_3 queG_4 queG_5
[12:02:41] Fixed 7 duplicate /gene - COQ5_1 COQ5_2 COQ5_3 COQ5_4 COQ5_5 COQ5_6 COQ5_7
[12:02:41] Fixed 2 duplicate /gene - hisF_1 hisF_2
[12:02:41] Fixed 2 duplicate /gene - leuD_1 leuD_2
[12:02:41] Fixed 2 duplicate /gene - murE_1 murE_2
[12:02:41] Fixed 3 duplicate /gene - murJ_1 murJ_2 murJ_3
[12:02:41] Fixed 3 duplicate /gene - purF_1 purF_2 purF_3
[12:02:41] Fixed 2 duplicate /gene - porC_1 porC_2
[12:02:41] Fixed 4 duplicate /gene - glpE_1 glpE_2 glpE_3 glpE_4
[12:02:41] Fixed 2 duplicate /gene - polB1_1 polB1_2
[12:02:41] Fixed 2 duplicate /gene - tldD_1 tldD_2
[12:02:41] Fixed 3 duplicate /gene - rnj_1 rnj_2 rnj_3
[12:02:41] Fixed 2 duplicate /gene - tfrB_1 tfrB_2
[12:02:41] Fixed 3 duplicate /gene - kaiC_1 kaiC_2 kaiC_3
[12:02:41] Fixed 2 duplicate /gene - thyA_1 thyA_2
[12:02:41] Fixed 2 duplicate /gene - leuA_1 leuA_2
[12:02:41] Fixed 3 duplicate /gene - thiC_1 thiC_2 thiC_3
[12:02:41] Fixed 8 duplicate /gene - sasA_1 sasA_2 sasA_3 sasA_4 sasA_5 sasA_6 sasA_7 sasA_8
[12:02:41] Fixed 2 duplicate /gene - trpS_1 trpS_2
[12:02:41] Fixed 3 duplicate /gene - arnC_1 arnC_2 arnC_3
[12:02:41] Fixed 2 duplicate /gene - hcaC_1 hcaC_2
[12:02:41] Fixed 3 duplicate /gene - filI_1 filI_2 filI_3
[12:02:41] Fixed 2 duplicate /gene - trpB1_1 trpB1_2
[12:02:41] Fixed 2 duplicate /gene - porD_1 porD_2
[12:02:41] Fixed 5 duplicate /gene - tfe_1 tfe_2 tfe_3 tfe_4 tfe_5
[12:02:41] Fixed 2 duplicate /gene - leuC_1 leuC_2
[12:02:41] Fixed 3 duplicate /gene - kdpB_1 kdpB_2 kdpB_3
[12:02:41] Fixed 2 duplicate /gene - mvhA_1 mvhA_2
[12:02:41] Fixed 2 duplicate /gene - asd_1 asd_2
[12:02:41] Fixed 2 duplicate /gene - dapA_1 dapA_2
[12:02:41] Fixed 3 duplicate /gene - cfbC_1 cfbC_2 cfbC_3
[12:02:41] Fixed 2 duplicate /gene - ttuA_1 ttuA_2
[12:02:41] Fixed 3 duplicate /gene - filR2_1 filR2_2 filR2_3
[12:02:41] Fixed 2 duplicate /gene - aspC_1 aspC_2
[12:02:41] Fixed 2 duplicate /gene - hisG_1 hisG_2
[12:02:41] Fixed 4 duplicate /gene - rsxB_1 rsxB_2 rsxB_3 rsxB_4
[12:02:41] Fixed 6 duplicate /gene - hmtA1_1 hmtA1_2 hmtA1_3 hmtA1_4 hmtA1_5 hmtA1_6
[12:02:41] Fixed 9 duplicate /gene - gloB_1 gloB_2 gloB_3 gloB_4 gloB_5 gloB_6 gloB_7 gloB_8 gloB_9
[12:02:41] Fixed 2 duplicate /gene - obg_1 obg_2
[12:02:41] Fixed 3 duplicate /gene - thi4_1 thi4_2 thi4_3
[12:02:41] Fixed 2 duplicate /gene - miaB_1 miaB_2
[12:02:41] Fixed 2 duplicate /gene - ileS_1 ileS_2
[12:02:41] Fixed 2 duplicate /gene - ftr_1 ftr_2
[12:02:41] Fixed 2 duplicate /gene - nusA_1 nusA_2
[12:02:41] Fixed 2 duplicate /gene - gmd_1 gmd_2
[12:02:41] Fixed 3 duplicate /gene - potE_1 potE_2 potE_3
[12:02:41] Fixed 2 duplicate /gene - aqpM_1 aqpM_2
[12:02:41] Fixed 2 duplicate /gene - arcS_1 arcS_2
[12:02:41] Fixed 2 duplicate /gene - dapH_1 dapH_2
[12:02:41] Fixed 4 duplicate /gene - fbiB_1 fbiB_2 fbiB_3 fbiB_4
[12:02:41] Fixed 2 duplicate /gene - coaBC_1 coaBC_2
[12:02:41] Fixed 3 duplicate /gene - ycf3_1 ycf3_2 ycf3_3
[12:02:41] Fixed 4 duplicate /gene - acsA_1 acsA_2 acsA_3 acsA_4
[12:02:41] Fixed 2 duplicate /gene - iscS2_1 iscS2_2
[12:02:41] Fixed 4 duplicate /gene - thiL_1 thiL_2 thiL_3 thiL_4
[12:02:41] Fixed 114 colliding /gene names.
[12:02:41] Adding /locus_tag identifiers
[12:02:41] Assigned 2436 locus_tags to CDS and RNA features.
[12:02:41] Writing outputs to results/PROKKA/GTDB-100/genomes/archaea/GCA_003158115.1/
[12:02:42] Generating annotation statistics file
[12:02:42] Generating Genbank and Sequin files
[12:02:42] Running: tbl2asn -V b -a r10k -l paired-ends -M n -N 1 -y 'Annotated using prokka 1.14.6 from https://github.com/tseemann/prokka' -Z results\/PROKKA\/GTDB\-100\/genomes\/archaea\/GCA_003158115\.1\/GCA_003158115\.1\.err -i results\/PROKKA\/GTDB\-100\/genomes\/archaea\/GCA_003158115\.1\/GCA_003158115\.1\.fsa 2> /dev/null
[tbl2asn-forever] Found Prokka input, correcting dates in .gbf|.sqn files.
[tbl2asn-forever] Correcting dates in results/PROKKA/GTDB-100/genomes/archaea/GCA_003158115.1/GCA_003158115.1.gbf
[tbl2asn-forever] Correcting dates in results/PROKKA/GTDB-100/genomes/archaea/GCA_003158115.1/GCA_003158115.1.sqn
[tbl2asn-forever] Dates changed from 01-JAN-2019 to 28-JUN-2023
[12:02:46] Deleting unwanted file: results/PROKKA/GTDB-100/genomes/archaea/GCA_003158115.1/errorsummary.val
[12:02:46] Deleting unwanted file: results/PROKKA/GTDB-100/genomes/archaea/GCA_003158115.1/GCA_003158115.1.dr
[12:02:46] Deleting unwanted file: results/PROKKA/GTDB-100/genomes/archaea/GCA_003158115.1/GCA_003158115.1.fixedproducts
[12:02:46] Deleting unwanted file: results/PROKKA/GTDB-100/genomes/archaea/GCA_003158115.1/GCA_003158115.1.ecn
[12:02:46] Deleting unwanted file: results/PROKKA/GTDB-100/genomes/archaea/GCA_003158115.1/GCA_003158115.1.val
[12:02:46] Repairing broken .GBK output that tbl2asn produces...
[12:02:46] Running: sed 's/COORDINATES: profile/COORDINATES:profile/' < results\/PROKKA\/GTDB\-100\/genomes\/archaea\/GCA_003158115\.1\/GCA_003158115\.1\.gbf > results\/PROKKA\/GTDB\-100\/genomes\/archaea\/GCA_003158115\.1\/GCA_003158115\.1\.gbk
[12:02:46] Deleting unwanted file: results/PROKKA/GTDB-100/genomes/archaea/GCA_003158115.1/GCA_003158115.1.gbf
[12:02:46] Output files:
[12:02:46] results/PROKKA/GTDB-100/genomes/archaea/GCA_003158115.1/GCA_003158115.1.log
[12:02:46] results/PROKKA/GTDB-100/genomes/archaea/GCA_003158115.1/GCA_003158115.1.fna
[12:02:46] results/PROKKA/GTDB-100/genomes/archaea/GCA_003158115.1/GCA_003158115.1.gff
[12:02:46] results/PROKKA/GTDB-100/genomes/archaea/GCA_003158115.1/GCA_003158115.1.faa
[12:02:46] results/PROKKA/GTDB-100/genomes/archaea/GCA_003158115.1/GCA_003158115.1.ffn
[12:02:46] results/PROKKA/GTDB-100/genomes/archaea/GCA_003158115.1/GCA_003158115.1.tbl
[12:02:46] results/PROKKA/GTDB-100/genomes/archaea/GCA_003158115.1/GCA_003158115.1.fsa
[12:02:46] results/PROKKA/GTDB-100/genomes/archaea/GCA_003158115.1/GCA_003158115.1.tsv
[12:02:46] results/PROKKA/GTDB-100/genomes/archaea/GCA_003158115.1/GCA_003158115.1.txt
[12:02:46] results/PROKKA/GTDB-100/genomes/archaea/GCA_003158115.1/GCA_003158115.1.err
[12:02:46] results/PROKKA/GTDB-100/genomes/archaea/GCA_003158115.1/GCA_003158115.1.sqn
[12:02:46] results/PROKKA/GTDB-100/genomes/archaea/GCA_003158115.1/GCA_003158115.1.gbk
[12:02:46] Annotation finished successfully.
[12:02:46] Walltime used: 0.45 minutes
[12:02:46] If you use this result please cite the Prokka paper:
[12:02:46] Seemann T (2014) Prokka: rapid prokaryotic genome annotation. Bioinformatics. 30(14):2068-9.
[12:02:46] Type 'prokka --citation' for more details.
[12:02:46] Share and enjoy!
108.27user 48.54system 0:29.04elapsed 539%CPU (0avgtext+0avgdata 167680maxresident)k
565904inputs+154488outputs (835major+7656780minor)pagefaults 0swaps

======================================================
End Time   : Wed Jun 28 12:02:46 EDT 2023
Run Time   : 32 seconds
======================================================

