=====================================================
Start Time  : Sat Jun 24 21:42:45 EDT 2023
Submit Dir  : /projects/raw_lab/jobs/metacerberus
Job ID/Name : 3996938 / InterProScan
Node List   : str-c91
Num Tasks   : 1 total [1 nodes @ 16 CPUs/node]
======================================================

Loading interproscan/5.60-92.0
  Loading requirement: anaconda3/2020.11 openjdk/15
======================================================
Running InterProScan On VIRAL/genomes/NC_022328.1.fna
======================================================
24/06/2023 21:42:46:111 Welcome to InterProScan-5.60-92.0
24/06/2023 21:42:46:112 Running InterProScan v5 in STANDALONE mode... on Linux
24/06/2023 21:42:50:179 RunID: str-c91.uncc.edu_20230624_214250008_74qb
24/06/2023 21:42:58:700 Loading file /projects/raw_lab/jobs/metacerberus/VIRAL/genomes/NC_022328.1.fna
24/06/2023 21:42:59:180 Running the following analyses:
[AntiFam-7.0,CDD-3.20,Coils-2.2.1,FunFam-4.3.0,Gene3D-4.3.0,Hamap-2021_04,MobiDBLite-2.0,PANTHER-17.0,Pfam-35.0,PIRSF-3.10,PIRSR-2021_05,PRINTS-42.0,ProSitePatterns-2022_01,ProSiteProfiles-2022_01,SFLD-4,SMART-7.1,SUPERFAMILY-1.75,TIGRFAM-15.0]
Pre-calculated match lookup service DISABLED.  Please wait for match calculations to complete...
24/06/2023 21:44:24:524 100% done:  InterProScan analyses completed 

2023-06-24 21:44:25,029 [main] [uk.ac.ebi.interpro.scan.jms.master.AbstractMaster:259] WARN - Master process unable to delete temporary directory /projects/raw_lab/jobs/metacerberus/temp/str-c91.uncc.edu_20230624_214250008_74qb
259.73user 23.22system 1:39.60elapsed 284%CPU (0avgtext+0avgdata 3232828maxresident)k
470320inputs+476528outputs (13major+1715626minor)pagefaults 0swaps

======================================================
End Time   : Sat Jun 24 21:44:25 EDT 2023
Run Time   : 100 seconds
======================================================

