=====================================================
Start Time  : Sat Jun 24 20:45:07 EDT 2023
Submit Dir  : /projects/raw_lab/jobs/metacerberus
Job ID/Name : 3995684 / InterProScan
Node List   : str-c101
Num Tasks   : 1 total [1 nodes @ 16 CPUs/node]
======================================================

Loading interproscan/5.60-92.0
  Loading requirement: anaconda3/2020.11 openjdk/15
======================================================
Running InterProScan On PHAGES/genomes/NC_028837.fna
======================================================
24/06/2023 20:45:08:828 Welcome to InterProScan-5.60-92.0
24/06/2023 20:45:08:829 Running InterProScan v5 in STANDALONE mode... on Linux
24/06/2023 20:45:12:900 RunID: str-c101.uncc.edu_20230624_204512724_616c
24/06/2023 20:45:21:518 Loading file /projects/raw_lab/jobs/metacerberus/PHAGES/genomes/NC_028837.fna
24/06/2023 20:45:21:995 Running the following analyses:
[AntiFam-7.0,CDD-3.20,Coils-2.2.1,FunFam-4.3.0,Gene3D-4.3.0,Hamap-2021_04,MobiDBLite-2.0,PANTHER-17.0,Pfam-35.0,PIRSF-3.10,PIRSR-2021_05,PRINTS-42.0,ProSitePatterns-2022_01,ProSiteProfiles-2022_01,SFLD-4,SMART-7.1,SUPERFAMILY-1.75,TIGRFAM-15.0]
Pre-calculated match lookup service DISABLED.  Please wait for match calculations to complete...
2023-06-24 20:46:44,291 [amqEmbeddedWorkerJmsContainer-5] [uk.ac.ebi.interpro.scan.management.model.implementations.WriteOutputStep:344] WARN - At write output completion, unable to delete temporary directory /projects/raw_lab/jobs/metacerberus/temp/str-c101.uncc.edu_20230624_204512724_616c
24/06/2023 20:46:44:356 100% done:  InterProScan analyses completed 

2023-06-24 20:46:44,859 [main] [uk.ac.ebi.interpro.scan.jms.master.AbstractMaster:259] WARN - Master process unable to delete temporary directory /projects/raw_lab/jobs/metacerberus/temp/str-c101.uncc.edu_20230624_204512724_616c
2023-06-24 20:46:44,867 [main] [uk.ac.ebi.interpro.scan.jms.main.Run:1778] WARN - At Run completion, unable to delete temporary directory /projects/raw_lab/jobs/metacerberus/temp/str-c101.uncc.edu_20230624_204512724_616c
230.17user 23.32system 1:36.70elapsed 262%CPU (0avgtext+0avgdata 3198448maxresident)k
498152inputs+486504outputs (12major+1630996minor)pagefaults 0swaps

======================================================
End Time   : Sat Jun 24 20:46:44 EDT 2023
Run Time   : 97 seconds
======================================================

