=====================================================
Start Time  : Wed Jun 28 12:02:33 EDT 2023
Submit Dir  : /projects/raw_lab/jobs/metacerberus
Job ID/Name : 4041460 / PROKKA
Node List   : str-c89
Num Tasks   : 1 total [1 nodes @ 16 CPUs/node]
======================================================

Loading prokka/1.14.6
  Loading requirement: anaconda3/2022.10
======================================================
Running PROKKA On GTDB-100/genomes/archaea/GCA_016200025.1.fna
======================================================
Archaea
[12:02:36] This is prokka 1.14.6
[12:02:36] Written by Torsten Seemann <torsten.seemann@gmail.com>
[12:02:36] Homepage is https://github.com/tseemann/prokka
[12:02:36] Local time is Wed Jun 28 12:02:36 2023
[12:02:36] You are jlfiguer
[12:02:36] Operating system is linux
[12:02:36] You have BioPerl 1.7.8
Argument "1.7.8" isn't numeric in numeric lt (<) at /apps/pkg/anaconda3/2022.10/envs/prokka-1.14.6/bin/prokka line 259.
[12:02:36] System has 16 cores.
[12:02:36] Will use maximum of 16 cores.
[12:02:36] Annotating as >>> Archaea <<<
[12:02:36] Generating locus_tag from 'GTDB-100/genomes/archaea/GCA_016200025.1.fna' contents.
[12:02:36] Setting --locustag FFLOLFPE from MD5 ff585f9ed03240114d6ac61f14718fc0
[12:02:36] Creating new output folder: results/PROKKA/GTDB-100/genomes/archaea/GCA_016200025.1
[12:02:36] Running: mkdir -p results\/PROKKA\/GTDB\-100\/genomes\/archaea\/GCA_016200025\.1
[12:02:36] Using filename prefix: GCA_016200025.1.XXX
[12:02:36] Setting HMMER_NCPU=1
[12:02:36] Writing log to: results/PROKKA/GTDB-100/genomes/archaea/GCA_016200025.1/GCA_016200025.1.log
[12:02:36] Command: /apps/pkg/anaconda3/2022.10/envs/prokka-1.14.6/bin/prokka --prefix GCA_016200025.1 --outdir results/PROKKA/GTDB-100/genomes/archaea/GCA_016200025.1 --kingdom Archaea --cpus 16 GTDB-100/genomes/archaea/GCA_016200025.1.fna
[12:02:36] Appending to PATH: /apps/pkg/anaconda3/2022.10/envs/prokka-1.14.6/bin
[12:02:36] Looking for 'aragorn' - found /apps/pkg/anaconda3/2022.10/envs/prokka-1.14.6/bin/aragorn
[12:02:36] Determined aragorn version is 001002 from 'ARAGORN v1.2.41 Dean Laslett'
[12:02:36] Looking for 'barrnap' - found /apps/pkg/anaconda3/2022.10/envs/prokka-1.14.6/bin/barrnap
[12:02:36] Determined barrnap version is 000009 from 'barrnap 0.9'
[12:02:36] Looking for 'blastp' - found /apps/pkg/anaconda3/2022.10/envs/prokka-1.14.6/bin/blastp
[12:02:36] Determined blastp version is 002013 from 'blastp: 2.13.0+'
[12:02:36] Looking for 'cmpress' - found /apps/pkg/anaconda3/2022.10/envs/prokka-1.14.6/bin/cmpress
[12:02:36] Determined cmpress version is 001001 from '# INFERNAL 1.1.4 (Dec 2020)'
[12:02:36] Looking for 'cmscan' - found /apps/pkg/anaconda3/2022.10/envs/prokka-1.14.6/bin/cmscan
[12:02:36] Determined cmscan version is 001001 from '# INFERNAL 1.1.4 (Dec 2020)'
[12:02:36] Looking for 'egrep' - found /usr/bin/egrep
[12:02:36] Looking for 'find' - found /usr/bin/find
[12:02:36] Looking for 'grep' - found /usr/bin/grep
[12:02:36] Looking for 'hmmpress' - found /apps/pkg/anaconda3/2022.10/envs/prokka-1.14.6/bin/hmmpress
[12:02:36] Determined hmmpress version is 003003 from '# HMMER 3.3.2 (Nov 2020); http://hmmer.org/'
[12:02:36] Looking for 'hmmscan' - found /apps/pkg/anaconda3/2022.10/envs/prokka-1.14.6/bin/hmmscan
[12:02:36] Determined hmmscan version is 003003 from '# HMMER 3.3.2 (Nov 2020); http://hmmer.org/'
[12:02:36] Looking for 'java' - found /apps/pkg/anaconda3/2022.10/envs/prokka-1.14.6/bin/java
[12:02:36] Looking for 'makeblastdb' - found /apps/pkg/anaconda3/2022.10/envs/prokka-1.14.6/bin/makeblastdb
[12:02:36] Determined makeblastdb version is 002013 from 'makeblastdb: 2.13.0+'
[12:02:36] Looking for 'minced' - found /apps/pkg/anaconda3/2022.10/envs/prokka-1.14.6/bin/minced
[12:02:36] Determined minced version is 004002 from 'minced 0.4.2'
[12:02:36] Looking for 'parallel' - found /apps/pkg/anaconda3/2022.10/envs/prokka-1.14.6/bin/parallel
[12:02:36] Determined parallel version is 20230122 from 'GNU parallel 20230122'
[12:02:36] Looking for 'prodigal' - found /apps/pkg/anaconda3/2022.10/envs/prokka-1.14.6/bin/prodigal
[12:02:36] Determined prodigal version is 002006 from 'Prodigal V2.6.3: February, 2016'
[12:02:36] Looking for 'prokka-genbank_to_fasta_db' - found /apps/pkg/anaconda3/2022.10/envs/prokka-1.14.6/bin/prokka-genbank_to_fasta_db
[12:02:36] Looking for 'sed' - found /usr/bin/sed
[12:02:36] Looking for 'tbl2asn' - found /apps/pkg/anaconda3/2022.10/envs/prokka-1.14.6/bin/tbl2asn
[12:02:36] Determined tbl2asn version is 025007 from 'tbl2asn 25.7   arguments:'
[12:02:36] Using genetic code table 11.
[12:02:36] Loading and checking input file: GTDB-100/genomes/archaea/GCA_016200025.1.fna
[12:02:36] Wrote 140 contigs totalling 1041951 bp.
[12:02:36] Predicting tRNAs and tmRNAs
[12:02:36] Running: aragorn -l -gc11  -w results\/PROKKA\/GTDB\-100\/genomes\/archaea\/GCA_016200025\.1\/GCA_016200025\.1\.fna
[12:02:36] 1 tRNA-Ala c[4262,4354] 34 (cgc)
[12:02:36] 1 tRNA-Arg [14759,14836] 38 (gcg)
[12:02:36] 1 tRNA-Glu c[2,77] 37 (ctc)
[12:02:36] tRNA [661,755] is a pseudo/wacky gene - skipping.
[12:02:36] 1 tRNA-Leu [8497,8582] 37 (cag)
[12:02:36] 1 tRNA-Pro [2761,2836] 36 (ggg)
[12:02:36] 1 tRNA-Gln c[327,399] 35 (ttg)
[12:02:36] tRNA c[1866,1955] is a pseudo/wacky gene - skipping.
[12:02:36] 1 tRNA-Arg [3227,3317] 37 (tcg)
[12:02:36] 1 tRNA-Arg [16220,16310] 37 (tcg)
[12:02:36] 1 tRNA-Leu [4074,4160] 38 (gag)
[12:02:36] Found 9 tRNAs
[12:02:36] Predicting Ribosomal RNAs
[12:02:36] Running Barrnap with 16 threads
[12:02:37] 1 JACQFO010000063.1 2108 5S ribosomal RNA
[12:02:37] Found 1 rRNAs
[12:02:37] Skipping ncRNA search, enable with --rfam if desired.
[12:02:37] Total of 10 tRNA + rRNA features
[12:02:37] Searching for CRISPR repeats
[12:02:37] Found 0 CRISPRs
[12:02:37] Predicting coding sequences
[12:02:37] Contigs total 1041951 bp, so using single mode
[12:02:37] Running: prodigal -i results\/PROKKA\/GTDB\-100\/genomes\/archaea\/GCA_016200025\.1\/GCA_016200025\.1\.fna -c -m -g 11 -p single -f sco -q
[12:02:40] Excluding CDS which overlaps existing RNA (tRNA) at JACQFO010000024.1:3248..3652 on - strand
[12:02:40] Found 1243 CDS
[12:02:40] Connecting features back to sequences
[12:02:40] Not using genus-specific database. Try --usegenus to enable it.
[12:02:40] Annotating CDS, please be patient.
[12:02:40] Will use 16 CPUs for similarity searching.
[12:02:40] There are still 1243 unannotated CDS left (started with 1243)
[12:02:40] Will use blast to search against /apps/pkg/anaconda3/2022.10/envs/prokka-1.14.6/db/kingdom/Archaea/sprot with 16 CPUs
[12:02:40] Running: cat results\/PROKKA\/GTDB\-100\/genomes\/archaea\/GCA_016200025\.1\/GCA_016200025\.1\.sprot\.tmp\.225120\.faa | parallel --gnu --plain -j 16 --block 9639 --recstart '>' --pipe blastp -query - -db /apps/pkg/anaconda3/2022.10/envs/prokka-1.14.6/db/kingdom/Archaea/sprot -evalue 1e-09 -qcov_hsp_perc 80 -num_threads 1 -num_descriptions 1 -num_alignments 1 -seg no > results\/PROKKA\/GTDB\-100\/genomes\/archaea\/GCA_016200025\.1\/GCA_016200025\.1\.sprot\.tmp\.225120\.blast 2> /dev/null
[12:02:41] Modify product: Protein pelota homolog => Protein pelota 
[12:02:41] Modify product: Probable ATP-dependent RNA helicase MJ0669 => putative ATP-dependent RNA helicase
[12:02:41] Modify product: Protein translation factor SUI1 homolog => Protein translation factor SUI1 
[12:02:41] Modify product: Probable ribosomal RNA small subunit methyltransferase A => putative ribosomal RNA small subunit methyltransferase A
[12:02:41] Modify product: Uncharacterized HTH-type transcriptional regulator PH1519 => putative HTH-type transcriptional regulator
[12:02:41] Modify product: DNA-binding protein SSO0352 => DNA-binding protein
[12:02:41] Modify product: Probable branched-chain amino acid transport ATP-binding protein LivG => putative branched-chain amino acid transport ATP-binding protein LivG
[12:02:41] Modify product: Probable branched-chain amino acid transport ATP-binding protein LivG => putative branched-chain amino acid transport ATP-binding protein LivG
[12:02:41] Modify product: Probable deoxyhypusine synthase => putative deoxyhypusine synthase
[12:02:41] Modify product: Protein MM_0484 => Protein
[12:02:41] Modify product: Probable tRNA pseudouridine synthase D => putative tRNA pseudouridine synthase D
[12:02:41] Modify product: Probable bifunctional tRNA threonylcarbamoyladenosine biosynthesis protein => putative bifunctional tRNA threonylcarbamoyladenosine biosynthesis protein
[12:02:41] Modify product: RNA-binding protein PAB1135 => RNA-binding protein
[12:02:41] Modify product: Uncharacterized HTH-type transcriptional regulator PH1519 => putative HTH-type transcriptional regulator
[12:02:41] Modify product: Probable branched-chain amino acid transport ATP-binding protein LivG => putative branched-chain amino acid transport ATP-binding protein LivG
[12:02:41] Modify product: Probable branched-chain amino acid transport ATP-binding protein LivG => putative branched-chain amino acid transport ATP-binding protein LivG
[12:02:41] Modify product: UPF0215 protein AF_1433 => hypothetical protein
[12:02:41] Modify product: Ribosome maturation protein SDO1 homolog => Ribosome maturation protein SDO1 
[12:02:41] Modify product: Probable 6-oxopurine nucleoside phosphorylase => putative 6-oxopurine nucleoside phosphorylase
[12:02:41] Modify product: Probable ribosome biogenesis protein SSO0551 => putative ribosome biogenesis protein
[12:02:41] Modify product: Probable transaldolase => putative transaldolase
[12:02:41] Modify product: Uncharacterized NOP5 family protein MJ0694 => putative NOP5 family protein
[12:02:41] Modify product: Putative FKBP-type peptidyl-prolyl cis-trans isomerase MJ0825 => Putative FKBP-type peptidyl-prolyl cis-trans isomerase
[12:02:41] Modify product: UPF0200 protein SSO1041 => hypothetical protein
[12:02:41] Modify product: UPF0201 protein SSO1042 => hypothetical protein
[12:02:41] Modify product: Protein Ta0487 => Protein
[12:02:41] Modify product: Bifunctional protein FolD => Bifunctional protein FolD protein
[12:02:41] Modify product: Uncharacterized protein MJ0922 => putative protein
[12:02:41] Modify product: Zinc metalloprotease TldD homolog => Zinc metalloprotease TldD 
[12:02:42] Modify product: Probable aminomethyltransferase => putative aminomethyltransferase
[12:02:42] Modify product: ATP-dependent DNA helicase Ta0057 => ATP-dependent DNA helicase
[12:02:42] Modify product: Probable tRNA pseudouridine synthase B => putative tRNA pseudouridine synthase B
[12:02:42] Modify product: Probable copper-exporting P-type ATPase => putative copper-exporting P-type ATPase
[12:02:42] Modify product: Uncharacterized metallohydrolase MMP1398 => putative metallohydrolase
[12:02:42] Modify product: Probable phosphoglucosamine mutase => putative phosphoglucosamine mutase
[12:02:42] Modify product: Membrane-bound protease PH1510 => Membrane-bound protease
[12:02:42] Cleaned 36 /product names
[12:02:42] Deleting unwanted file: results/PROKKA/GTDB-100/genomes/archaea/GCA_016200025.1/GCA_016200025.1.sprot.tmp.225120.faa
[12:02:42] Deleting unwanted file: results/PROKKA/GTDB-100/genomes/archaea/GCA_016200025.1/GCA_016200025.1.sprot.tmp.225120.blast
[12:02:42] There are still 940 unannotated CDS left (started with 1243)
[12:02:42] Will use hmmer3 to search against /apps/pkg/anaconda3/2022.10/envs/prokka-1.14.6/db/hmm/HAMAP.hmm with 16 CPUs
[12:02:42] Running: cat results\/PROKKA\/GTDB\-100\/genomes\/archaea\/GCA_016200025\.1\/GCA_016200025\.1\.HAMAP\.hmm\.tmp\.225120\.faa | parallel --gnu --plain -j 16 --block 6833 --recstart '>' --pipe hmmscan --noali --notextw --acc -E 1e-09 --cpu 1 /apps/pkg/anaconda3/2022.10/envs/prokka-1.14.6/db/hmm/HAMAP.hmm /dev/stdin > results\/PROKKA\/GTDB\-100\/genomes\/archaea\/GCA_016200025\.1\/GCA_016200025\.1\.HAMAP\.hmm\.tmp\.225120\.hmmer3 2> /dev/null
[12:02:47] Modify product: Uncharacterized Nudix hydrolase NudL => putative Nudix hydrolase NudL
[12:02:47] Cleaned 1 /product names
[12:02:47] Deleting unwanted file: results/PROKKA/GTDB-100/genomes/archaea/GCA_016200025.1/GCA_016200025.1.HAMAP.hmm.tmp.225120.faa
[12:02:47] Deleting unwanted file: results/PROKKA/GTDB-100/genomes/archaea/GCA_016200025.1/GCA_016200025.1.HAMAP.hmm.tmp.225120.hmmer3
[12:02:47] Labelling remaining 769 proteins as 'hypothetical protein'
[12:02:47] Possible /pseudo 'putative branched-chain amino acid transport ATP-binding protein LivG' at JACQFO010000093.1 position 2477
[12:02:47] Possible /pseudo '3-hydroxypropionyl-coenzyme A dehydratase' at JACQFO010000096.1 position 9395
[12:02:47] Possible /pseudo 'Vitamin B12 import ATP-binding protein BtuD' at JACQFO010000101.1 position 2655
[12:02:47] Possible /pseudo 'Riboflavin kinase' at JACQFO010000101.1 position 4839
[12:02:47] Possible /pseudo 'Fused isobutyryl-CoA mutase' at JACQFO010000130.1 position 16727
[12:02:47] Possible /pseudo 'Fused isobutyryl-CoA mutase' at JACQFO010000130.1 position 18571
[12:02:47] Possible /pseudo 'putative branched-chain amino acid transport ATP-binding protein LivG' at JACQFO010000017.1 position 4834
[12:02:47] Possible /pseudo 'Cell division protein B2' at JACQFO010000071.1 position 24879
[12:02:47] Possible /pseudo 'Vitamin B12 import ATP-binding protein BtuD' at JACQFO010000020.1 position 4907
[12:02:47] Found 314 unique /gene codes.
[12:02:47] Fixed 2 duplicate /gene - cyoE_1 cyoE_2
[12:02:47] Fixed 2 duplicate /gene - hcaC_1 hcaC_2
[12:02:47] Fixed 2 duplicate /gene - metG_1 metG_2
[12:02:47] Fixed 2 duplicate /gene - OLA1_1 OLA1_2
[12:02:47] Fixed 2 duplicate /gene - rtcB_1 rtcB_2
[12:02:47] Fixed 2 duplicate /gene - lig_1 lig_2
[12:02:47] Fixed 2 duplicate /gene - fixB_1 fixB_2
[12:02:47] Fixed 3 duplicate /gene - dxs_1 dxs_2 dxs_3
[12:02:47] Fixed 2 duplicate /gene - tgtA_1 tgtA_2
[12:02:47] Fixed 2 duplicate /gene - erpA_1 erpA_2
[12:02:47] Fixed 2 duplicate /gene - albA2_1 albA2_2
[12:02:47] Fixed 2 duplicate /gene - dbh_1 dbh_2
[12:02:47] Fixed 2 duplicate /gene - idi_1 idi_2
[12:02:47] Fixed 2 duplicate /gene - purD_1 purD_2
[12:02:47] Fixed 2 duplicate /gene - endA_1 endA_2
[12:02:47] Fixed 4 duplicate /gene - COQ5_1 COQ5_2 COQ5_3 COQ5_4
[12:02:47] Fixed 4 duplicate /gene - livG_1 livG_2 livG_3 livG_4
[12:02:47] Fixed 2 duplicate /gene - tfb_1 tfb_2
[12:02:47] Fixed 4 duplicate /gene - caiA_1 caiA_2 caiA_3 caiA_4
[12:02:47] Fixed 2 duplicate /gene - thsA_1 thsA_2
[12:02:47] Fixed 2 duplicate /gene - ileS_1 ileS_2
[12:02:47] Fixed 2 duplicate /gene - rnj_1 rnj_2
[12:02:47] Fixed 3 duplicate /gene - smc_1 smc_2 smc_3
[12:02:47] Fixed 2 duplicate /gene - rutD_1 rutD_2
[12:02:47] Fixed 2 duplicate /gene - metZ_1 metZ_2
[12:02:47] Fixed 2 duplicate /gene - ribK_1 ribK_2
[12:02:47] Fixed 2 duplicate /gene - psmB_1 psmB_2
[12:02:47] Fixed 2 duplicate /gene - adh_1 adh_2
[12:02:47] Fixed 3 duplicate /gene - icmF_1 icmF_2 icmF_3
[12:02:47] Fixed 3 duplicate /gene - thiL_1 thiL_2 thiL_3
[12:02:47] Fixed 2 duplicate /gene - glyA_1 glyA_2
[12:02:47] Fixed 3 duplicate /gene - fadA_1 fadA_2 fadA_3
[12:02:47] Fixed 4 duplicate /gene - cdvB2_1 cdvB2_2 cdvB2_3 cdvB2_4
[12:02:47] Fixed 2 duplicate /gene - ftsH_1 ftsH_2
[12:02:47] Fixed 2 duplicate /gene - nadE_1 nadE_2
[12:02:47] Fixed 2 duplicate /gene - gph_1 gph_2
[12:02:47] Fixed 2 duplicate /gene - ilvE_1 ilvE_2
[12:02:47] Fixed 2 duplicate /gene - gyaR_1 gyaR_2
[12:02:47] Fixed 2 duplicate /gene - mer_1 mer_2
[12:02:47] Fixed 2 duplicate /gene - queC_1 queC_2
[12:02:47] Fixed 10 duplicate /gene - btuD_1 btuD_2 btuD_3 btuD_4 btuD_5 btuD_6 btuD_7 btuD_8 btuD_9 btuD_10
[12:02:47] Fixed 41 colliding /gene names.
[12:02:47] Adding /locus_tag identifiers
[12:02:47] Assigned 1253 locus_tags to CDS and RNA features.
[12:02:47] Writing outputs to results/PROKKA/GTDB-100/genomes/archaea/GCA_016200025.1/
[12:02:47] Generating annotation statistics file
[12:02:47] Generating Genbank and Sequin files
[12:02:47] Running: tbl2asn -V b -a r10k -l paired-ends -M n -N 1 -y 'Annotated using prokka 1.14.6 from https://github.com/tseemann/prokka' -Z results\/PROKKA\/GTDB\-100\/genomes\/archaea\/GCA_016200025\.1\/GCA_016200025\.1\.err -i results\/PROKKA\/GTDB\-100\/genomes\/archaea\/GCA_016200025\.1\/GCA_016200025\.1\.fsa 2> /dev/null
[tbl2asn-forever] Found Prokka input, correcting dates in .gbf|.sqn files.
[tbl2asn-forever] Correcting dates in results/PROKKA/GTDB-100/genomes/archaea/GCA_016200025.1/GCA_016200025.1.gbf
[tbl2asn-forever] Correcting dates in results/PROKKA/GTDB-100/genomes/archaea/GCA_016200025.1/GCA_016200025.1.sqn
[tbl2asn-forever] Dates changed from 01-JAN-2019 to 28-JUN-2023
[12:02:50] Deleting unwanted file: results/PROKKA/GTDB-100/genomes/archaea/GCA_016200025.1/errorsummary.val
[12:02:50] Deleting unwanted file: results/PROKKA/GTDB-100/genomes/archaea/GCA_016200025.1/GCA_016200025.1.dr
[12:02:50] Deleting unwanted file: results/PROKKA/GTDB-100/genomes/archaea/GCA_016200025.1/GCA_016200025.1.fixedproducts
[12:02:50] Deleting unwanted file: results/PROKKA/GTDB-100/genomes/archaea/GCA_016200025.1/GCA_016200025.1.ecn
[12:02:50] Deleting unwanted file: results/PROKKA/GTDB-100/genomes/archaea/GCA_016200025.1/GCA_016200025.1.val
[12:02:50] Repairing broken .GBK output that tbl2asn produces...
[12:02:50] Running: sed 's/COORDINATES: profile/COORDINATES:profile/' < results\/PROKKA\/GTDB\-100\/genomes\/archaea\/GCA_016200025\.1\/GCA_016200025\.1\.gbf > results\/PROKKA\/GTDB\-100\/genomes\/archaea\/GCA_016200025\.1\/GCA_016200025\.1\.gbk
[12:02:50] Deleting unwanted file: results/PROKKA/GTDB-100/genomes/archaea/GCA_016200025.1/GCA_016200025.1.gbf
[12:02:50] Output files:
[12:02:50] results/PROKKA/GTDB-100/genomes/archaea/GCA_016200025.1/GCA_016200025.1.log
[12:02:50] results/PROKKA/GTDB-100/genomes/archaea/GCA_016200025.1/GCA_016200025.1.fna
[12:02:50] results/PROKKA/GTDB-100/genomes/archaea/GCA_016200025.1/GCA_016200025.1.gff
[12:02:50] results/PROKKA/GTDB-100/genomes/archaea/GCA_016200025.1/GCA_016200025.1.faa
[12:02:50] results/PROKKA/GTDB-100/genomes/archaea/GCA_016200025.1/GCA_016200025.1.ffn
[12:02:50] results/PROKKA/GTDB-100/genomes/archaea/GCA_016200025.1/GCA_016200025.1.tbl
[12:02:50] results/PROKKA/GTDB-100/genomes/archaea/GCA_016200025.1/GCA_016200025.1.fsa
[12:02:50] results/PROKKA/GTDB-100/genomes/archaea/GCA_016200025.1/GCA_016200025.1.tsv
[12:02:50] results/PROKKA/GTDB-100/genomes/archaea/GCA_016200025.1/GCA_016200025.1.txt
[12:02:50] results/PROKKA/GTDB-100/genomes/archaea/GCA_016200025.1/GCA_016200025.1.err
[12:02:50] results/PROKKA/GTDB-100/genomes/archaea/GCA_016200025.1/GCA_016200025.1.sqn
[12:02:50] results/PROKKA/GTDB-100/genomes/archaea/GCA_016200025.1/GCA_016200025.1.gbk
[12:02:50] Annotation finished successfully.
[12:02:50] Walltime used: 0.23 minutes
[12:02:50] If you use this result please cite the Prokka paper:
[12:02:50] Seemann T (2014) Prokka: rapid prokaryotic genome annotation. Bioinformatics. 30(14):2068-9.
[12:02:50] Type 'prokka --citation' for more details.
[12:02:50] Thank you, come again.
58.18user 27.42system 0:14.25elapsed 600%CPU (0avgtext+0avgdata 155600maxresident)k
23304inputs+105008outputs (0major+5042961minor)pagefaults 0swaps

======================================================
End Time   : Wed Jun 28 12:02:50 EDT 2023
Run Time   : 17 seconds
======================================================

