=====================================================
Start Time  : Wed Jun 28 12:07:08 EDT 2023
Submit Dir  : /projects/raw_lab/jobs/metacerberus
Job ID/Name : 4041634 / PROKKA
Node List   : str-c90
Num Tasks   : 1 total [1 nodes @ 16 CPUs/node]
======================================================

Loading prokka/1.14.6
  Loading requirement: anaconda3/2022.10
======================================================
Running PROKKA On GTDB-100/genomes/bacteria/GCA_002304915.1.fna
======================================================
Bacteria
[12:07:11] This is prokka 1.14.6
[12:07:11] Written by Torsten Seemann <torsten.seemann@gmail.com>
[12:07:11] Homepage is https://github.com/tseemann/prokka
[12:07:11] Local time is Wed Jun 28 12:07:11 2023
[12:07:11] You are jlfiguer
[12:07:11] Operating system is linux
[12:07:11] You have BioPerl 1.7.8
Argument "1.7.8" isn't numeric in numeric lt (<) at /apps/pkg/anaconda3/2022.10/envs/prokka-1.14.6/bin/prokka line 259.
[12:07:11] System has 16 cores.
[12:07:11] Will use maximum of 16 cores.
[12:07:11] Annotating as >>> Bacteria <<<
[12:07:11] Generating locus_tag from 'GTDB-100/genomes/bacteria/GCA_002304915.1.fna' contents.
[12:07:11] Setting --locustag KAGHGFDI from MD5 4a010fd29acd31a3031b4bad5f9fbb16
[12:07:11] Creating new output folder: results/PROKKA/GTDB-100/genomes/bacteria/GCA_002304915.1
[12:07:11] Running: mkdir -p results\/PROKKA\/GTDB\-100\/genomes\/bacteria\/GCA_002304915\.1
[12:07:11] Using filename prefix: GCA_002304915.1.XXX
[12:07:11] Setting HMMER_NCPU=1
[12:07:11] Writing log to: results/PROKKA/GTDB-100/genomes/bacteria/GCA_002304915.1/GCA_002304915.1.log
[12:07:11] Command: /apps/pkg/anaconda3/2022.10/envs/prokka-1.14.6/bin/prokka --prefix GCA_002304915.1 --outdir results/PROKKA/GTDB-100/genomes/bacteria/GCA_002304915.1 --kingdom Bacteria --cpus 16 GTDB-100/genomes/bacteria/GCA_002304915.1.fna
[12:07:11] Appending to PATH: /apps/pkg/anaconda3/2022.10/envs/prokka-1.14.6/bin
[12:07:11] Looking for 'aragorn' - found /apps/pkg/anaconda3/2022.10/envs/prokka-1.14.6/bin/aragorn
[12:07:11] Determined aragorn version is 001002 from 'ARAGORN v1.2.41 Dean Laslett'
[12:07:11] Looking for 'barrnap' - found /apps/pkg/anaconda3/2022.10/envs/prokka-1.14.6/bin/barrnap
[12:07:11] Determined barrnap version is 000009 from 'barrnap 0.9'
[12:07:11] Looking for 'blastp' - found /apps/pkg/anaconda3/2022.10/envs/prokka-1.14.6/bin/blastp
[12:07:11] Determined blastp version is 002013 from 'blastp: 2.13.0+'
[12:07:11] Looking for 'cmpress' - found /apps/pkg/anaconda3/2022.10/envs/prokka-1.14.6/bin/cmpress
[12:07:11] Determined cmpress version is 001001 from '# INFERNAL 1.1.4 (Dec 2020)'
[12:07:11] Looking for 'cmscan' - found /apps/pkg/anaconda3/2022.10/envs/prokka-1.14.6/bin/cmscan
[12:07:11] Determined cmscan version is 001001 from '# INFERNAL 1.1.4 (Dec 2020)'
[12:07:11] Looking for 'egrep' - found /usr/bin/egrep
[12:07:11] Looking for 'find' - found /usr/bin/find
[12:07:11] Looking for 'grep' - found /usr/bin/grep
[12:07:11] Looking for 'hmmpress' - found /apps/pkg/anaconda3/2022.10/envs/prokka-1.14.6/bin/hmmpress
[12:07:11] Determined hmmpress version is 003003 from '# HMMER 3.3.2 (Nov 2020); http://hmmer.org/'
[12:07:11] Looking for 'hmmscan' - found /apps/pkg/anaconda3/2022.10/envs/prokka-1.14.6/bin/hmmscan
[12:07:11] Determined hmmscan version is 003003 from '# HMMER 3.3.2 (Nov 2020); http://hmmer.org/'
[12:07:11] Looking for 'java' - found /apps/pkg/anaconda3/2022.10/envs/prokka-1.14.6/bin/java
[12:07:11] Looking for 'makeblastdb' - found /apps/pkg/anaconda3/2022.10/envs/prokka-1.14.6/bin/makeblastdb
[12:07:11] Determined makeblastdb version is 002013 from 'makeblastdb: 2.13.0+'
[12:07:11] Looking for 'minced' - found /apps/pkg/anaconda3/2022.10/envs/prokka-1.14.6/bin/minced
[12:07:11] Determined minced version is 004002 from 'minced 0.4.2'
[12:07:11] Looking for 'parallel' - found /apps/pkg/anaconda3/2022.10/envs/prokka-1.14.6/bin/parallel
[12:07:11] Determined parallel version is 20230122 from 'GNU parallel 20230122'
[12:07:11] Looking for 'prodigal' - found /apps/pkg/anaconda3/2022.10/envs/prokka-1.14.6/bin/prodigal
[12:07:11] Determined prodigal version is 002006 from 'Prodigal V2.6.3: February, 2016'
[12:07:11] Looking for 'prokka-genbank_to_fasta_db' - found /apps/pkg/anaconda3/2022.10/envs/prokka-1.14.6/bin/prokka-genbank_to_fasta_db
[12:07:11] Looking for 'sed' - found /usr/bin/sed
[12:07:11] Looking for 'tbl2asn' - found /apps/pkg/anaconda3/2022.10/envs/prokka-1.14.6/bin/tbl2asn
[12:07:11] Determined tbl2asn version is 025007 from 'tbl2asn 25.7   arguments:'
[12:07:11] Using genetic code table 11.
[12:07:11] Loading and checking input file: GTDB-100/genomes/bacteria/GCA_002304915.1.fna
[12:07:11] Wrote 134 contigs totalling 2108534 bp.
[12:07:11] Predicting tRNAs and tmRNAs
[12:07:11] Running: aragorn -l -gc11  -w results\/PROKKA\/GTDB\-100\/genomes\/bacteria\/GCA_002304915\.1\/GCA_002304915\.1\.fna
[12:07:12] 1 tRNA-Gly [28751,28824] 33 (tcc)
[12:07:12] 1 tRNA-Lys c[47355,47430] 34 (ttt)
[12:07:12] 2 tRNA-Cys [49992,50066] 33 (gca)
[12:07:12] 1 tRNA-Phe [26913,26988] 34 (gaa)
[12:07:12] 2 tRNA-Thr [27068,27143] 34 (cgt)
[12:07:12] 1 tRNA-Gln [15363,15436] 33 (ctg)
[12:07:12] 1 tRNA-Met c[16765,16840] 34 (cat)
[12:07:12] 1 tRNA-Glu [12848,12924] 35 (ttc)
[12:07:12] 1 tRNA-Pro [2613,2689] 35 (ggg)
[12:07:12] 1 tRNA-Leu [180,263] 34 (gag)
[12:07:12] 1 tRNA-Ser c[9447,9537] 35 (cga)
[12:07:12] 2 tRNA-Leu c[20073,20159] 35 (cag)
[12:07:12] 1 tRNA-Leu c[828,912] 35 (tag)
[12:07:12] 1 tRNA-Pro c[26699,26775] 35 (cgg)
[12:07:12] 1 tRNA-Arg c[6344,6420] 35 (tcg)
[12:07:12] 1 tRNA-Leu [6273,6358] 34 (taa)
[12:07:12] 1 tRNA-His [32582,32658] 35 (gtg)
[12:07:12] 1 tRNA-Asn [8725,8799] 33 (gtt)
[12:07:12] 1 tRNA-Gly [43349,43423] 33 (ccc)
[12:07:12] 2 tRNA-Thr [43530,43603] 34 (ggt)
[12:07:12] 1 tRNA-Arg c[8123,8199] 35 (ccg)
[12:07:12] 1 tRNA-Arg [15587,15663] 35 (tct)
[12:07:12] 1 tRNA-Trp c[18405,18480] 34 (cca)
[12:07:12] 2 tRNA-Thr c[20030,20105] 34 (ggt)
[12:07:12] 1 tRNA-Gly [4862,4936] 33 (gcc)
[12:07:12] 1 tRNA-Ala c[2834,2909] 34 (ggc)
[12:07:12] 1 tRNA-Arg c[3157,3233] 35 (cct)
[12:07:12] 1 tRNA-Met c[3075,3148] 35 (cat)
[12:07:12] 1 tRNA-Asp [20252,20328] 35 (gtc)
[12:07:12] 1 tmRNA c[2444,2794] 94,123 ANDELAFAA*
[12:07:12] 1 tRNA-Glu c[392,467] 35 (ttc)
[12:07:12] Found 31 tRNAs
[12:07:12] Predicting Ribosomal RNAs
[12:07:12] Running Barrnap with 16 threads
[12:07:12] 1 DBPO01000012.1 51878 5S ribosomal RNA (partial)
[12:07:12] Found 1 rRNAs
[12:07:12] Skipping ncRNA search, enable with --rfam if desired.
[12:07:12] Total of 31 tRNA + rRNA features
[12:07:12] Searching for CRISPR repeats
[12:07:13] Found 0 CRISPRs
[12:07:13] Predicting coding sequences
[12:07:13] Contigs total 2108534 bp, so using single mode
[12:07:13] Running: prodigal -i results\/PROKKA\/GTDB\-100\/genomes\/bacteria\/GCA_002304915\.1\/GCA_002304915\.1\.fna -c -m -g 11 -p single -f sco -q
[12:07:15] Excluding CDS which overlaps existing RNA (tRNA) at DBPO01000050.1:11883..13217 on + strand
[12:07:16] Excluding CDS which overlaps existing RNA (tRNA) at DBPO01000015.1:43374..43604 on - strand
[12:07:17] Found 1796 CDS
[12:07:17] Connecting features back to sequences
[12:07:17] Not using genus-specific database. Try --usegenus to enable it.
[12:07:17] Annotating CDS, please be patient.
[12:07:17] Will use 16 CPUs for similarity searching.
[12:07:17] There are still 1796 unannotated CDS left (started with 1796)
[12:07:17] Will use blast to search against /apps/pkg/anaconda3/2022.10/envs/prokka-1.14.6/db/kingdom/Bacteria/IS with 16 CPUs
[12:07:17] Running: cat results\/PROKKA\/GTDB\-100\/genomes\/bacteria\/GCA_002304915\.1\/GCA_002304915\.1\.IS\.tmp\.2879834\.faa | parallel --gnu --plain -j 16 --block 20068 --recstart '>' --pipe blastp -query - -db /apps/pkg/anaconda3/2022.10/envs/prokka-1.14.6/db/kingdom/Bacteria/IS -evalue 1e-30 -qcov_hsp_perc 90 -num_threads 1 -num_descriptions 1 -num_alignments 1 -seg no > results\/PROKKA\/GTDB\-100\/genomes\/bacteria\/GCA_002304915\.1\/GCA_002304915\.1\.IS\.tmp\.2879834\.blast 2> /dev/null
[12:07:20] Deleting unwanted file: results/PROKKA/GTDB-100/genomes/bacteria/GCA_002304915.1/GCA_002304915.1.IS.tmp.2879834.faa
[12:07:20] Deleting unwanted file: results/PROKKA/GTDB-100/genomes/bacteria/GCA_002304915.1/GCA_002304915.1.IS.tmp.2879834.blast
[12:07:21] There are still 1793 unannotated CDS left (started with 1796)
[12:07:21] Will use blast to search against /apps/pkg/anaconda3/2022.10/envs/prokka-1.14.6/db/kingdom/Bacteria/AMR with 16 CPUs
[12:07:21] Running: cat results\/PROKKA\/GTDB\-100\/genomes\/bacteria\/GCA_002304915\.1\/GCA_002304915\.1\.AMR\.tmp\.2879834\.faa | parallel --gnu --plain -j 16 --block 20029 --recstart '>' --pipe blastp -query - -db /apps/pkg/anaconda3/2022.10/envs/prokka-1.14.6/db/kingdom/Bacteria/AMR -evalue 1e-300 -qcov_hsp_perc 90 -num_threads 1 -num_descriptions 1 -num_alignments 1 -seg no > results\/PROKKA\/GTDB\-100\/genomes\/bacteria\/GCA_002304915\.1\/GCA_002304915\.1\.AMR\.tmp\.2879834\.blast 2> /dev/null
[12:07:24] Deleting unwanted file: results/PROKKA/GTDB-100/genomes/bacteria/GCA_002304915.1/GCA_002304915.1.AMR.tmp.2879834.faa
[12:07:24] Deleting unwanted file: results/PROKKA/GTDB-100/genomes/bacteria/GCA_002304915.1/GCA_002304915.1.AMR.tmp.2879834.blast
[12:07:24] There are still 1793 unannotated CDS left (started with 1796)
[12:07:24] Will use blast to search against /apps/pkg/anaconda3/2022.10/envs/prokka-1.14.6/db/kingdom/Bacteria/sprot with 16 CPUs
[12:07:24] Running: cat results\/PROKKA\/GTDB\-100\/genomes\/bacteria\/GCA_002304915\.1\/GCA_002304915\.1\.sprot\.tmp\.2879834\.faa | parallel --gnu --plain -j 16 --block 20029 --recstart '>' --pipe blastp -query - -db /apps/pkg/anaconda3/2022.10/envs/prokka-1.14.6/db/kingdom/Bacteria/sprot -evalue 1e-09 -qcov_hsp_perc 80 -num_threads 1 -num_descriptions 1 -num_alignments 1 -seg no > results\/PROKKA\/GTDB\-100\/genomes\/bacteria\/GCA_002304915\.1\/GCA_002304915\.1\.sprot\.tmp\.2879834\.blast 2> /dev/null
[12:07:35] Modify product: Probable xanthine dehydrogenase subunit A => putative xanthine dehydrogenase subunit A
[12:07:35] Modify product: Bifunctional protein FolD => Bifunctional protein FolD protein
[12:07:35] Modify product: UPF0701 protein HI_0467 => hypothetical protein
[12:07:35] Modify product: Uncharacterized protein Rv2307c => putative protein
[12:07:35] Modify product: Uncharacterized glycosyltransferase sll0501 => putative glycosyltransferase
[12:07:35] Modify product: Uncharacterized RNA pseudouridine synthase Rv1711 => putative RNA pseudouridine synthase
[12:07:35] Modify product: Probable N-acetyl-LL-diaminopimelate aminotransferase => putative N-acetyl-LL-diaminopimelate aminotransferase
[12:07:35] Modify product: UPF0126 inner membrane protein YadS => hypothetical protein
[12:07:35] Modify product: Probable nicotinate-nucleotide pyrophosphorylase [carboxylating] => putative nicotinate-nucleotide pyrophosphorylase [carboxylating]
[12:07:35] Modify product: Uncharacterized ABC transporter ATP-binding protein YxlF => putative ABC transporter ATP-binding protein YxlF
[12:07:36] Modify product: Solute-binding protein Dde_0634 => Solute-binding protein
[12:07:36] Modify product: Universal stress protein A homolog 2 => Universal stress protein A 
[12:07:36] Modify product: Uncharacterized protein TM_1410 => putative protein
[12:07:36] Modify product: PGL/p-HBAD biosynthesis glycosyltransferase Rv2957 => PGL/p-HBAD biosynthesis glycosyltransferase
[12:07:36] Modify product: Uncharacterized ABC transporter ATP-binding protein YknY => putative ABC transporter ATP-binding protein YknY
[12:07:36] Modify product: Probable transcriptional regulatory protein Rv2603c => putative transcriptional regulatory protein
[12:07:36] Modify product: Probable tRNA-dihydrouridine synthase => putative tRNA-dihydrouridine synthase
[12:07:36] Modify product: Dihydroorotate dehydrogenase B (NAD(+)), electron transfer subunit homolog => Dihydroorotate dehydrogenase B (NAD(+)), electron transfer subunit 
[12:07:36] Modify product: Uncharacterized ABC transporter ATP-binding protein YknY => putative ABC transporter ATP-binding protein YknY
[12:07:36] Modify product: Uncharacterized aminopeptidase Rv1333 => putative aminopeptidase
[12:07:36] Modify product: Putative esterase aq_1494 => Putative esterase
[12:07:36] Modify product: Uncharacterized protein YqgN => putative protein YqgN
[12:07:36] Modify product: Putative zinc metalloprotease aq_1964 => Putative zinc metalloprotease
[12:07:36] Modify product: Probable ribonucleotide transport ATP-binding protein mkl => putative ribonucleotide transport ATP-binding protein mkl
[12:07:36] Modify product: Uncharacterized AAA domain-containing protein Rv2559c => putative AAA domain-containing protein
[12:07:36] Modify product: Probable undecaprenyl-phosphate N-acetylglucosaminyl 1-phosphate transferase => putative undecaprenyl-phosphate N-acetylglucosaminyl 1-phosphate transferase
[12:07:36] Modify product: UPF0053 inner membrane protein YfjD => hypothetical protein
[12:07:36] Modify product: UPF0047 protein Rv2556c => hypothetical protein
[12:07:36] Modify product: Carbon dioxide-concentrating mechanism protein CcmK homolog 2 => Carbon dioxide-concentrating mechanism protein CcmK 
[12:07:36] Modify product: Probable glucosamine-6-phosphate deaminase 2 => putative glucosamine-6-phosphate deaminase 2
[12:07:36] Modify product: Uncharacterized metal-dependent hydrolase YcfH => putative metal-dependent hydrolase YcfH
[12:07:36] Modify product: Uncharacterized NTE family protein Rv1063c => putative NTE family protein
[12:07:36] Modify product: UPF0235 protein YggU => hypothetical protein
[12:07:36] Modify product: Uncharacterized glycosyltransferase sll0501 => putative glycosyltransferase
[12:07:36] Modify product: UPF0316 protein SA1727 => hypothetical protein
[12:07:36] Modify product: UPF0109 protein Rv2908c => hypothetical protein
[12:07:36] Modify product: Uncharacterized protein Rv2581c => putative protein
[12:07:36] Modify product: Probable xanthine dehydrogenase subunit D => putative xanthine dehydrogenase subunit D
[12:07:36] Modify product: Probable ATP-dependent DNA helicase YoaA => putative ATP-dependent DNA helicase YoaA
[12:07:36] Modify product: Ribonuclease TTHA0252 => Ribonuclease
[12:07:36] Modify product: Probable dual-specificity RNA methyltransferase RlmN => putative dual-specificity RNA methyltransferase RlmN
[12:07:36] Modify product: Probable peptidoglycan glycosyltransferase FtsW => putative peptidoglycan glycosyltransferase FtsW
[12:07:36] Modify product: Ribonuclease TTHA0252 => Ribonuclease
[12:07:36] Modify product: Probable lipid II flippase MurJ => putative lipid II flippase MurJ
[12:07:36] Modify product: Nucleoid-associated protein Cthe_2143 => Nucleoid-associated protein
[12:07:36] Modify product: UPF0365 protein SA1402 => hypothetical protein
[12:07:36] Modify product: Glycogen operon protein GlgX homolog => Glycogen operon protein GlgX 
[12:07:36] Modify product: UPF0073 inner membrane protein YqfA => hypothetical protein
[12:07:36] Modify product: UPF0758 protein YsxA => hypothetical protein
[12:07:36] Modify product: Uncharacterized oxidoreductase YjmC => putative oxidoreductase YjmC
[12:07:36] Cleaned 50 /product names
[12:07:36] Deleting unwanted file: results/PROKKA/GTDB-100/genomes/bacteria/GCA_002304915.1/GCA_002304915.1.sprot.tmp.2879834.faa
[12:07:36] Deleting unwanted file: results/PROKKA/GTDB-100/genomes/bacteria/GCA_002304915.1/GCA_002304915.1.sprot.tmp.2879834.blast
[12:07:37] There are still 1112 unannotated CDS left (started with 1796)
[12:07:37] Will use hmmer3 to search against /apps/pkg/anaconda3/2022.10/envs/prokka-1.14.6/db/hmm/HAMAP.hmm with 16 CPUs
[12:07:37] Running: cat results\/PROKKA\/GTDB\-100\/genomes\/bacteria\/GCA_002304915\.1\/GCA_002304915\.1\.HAMAP\.hmm\.tmp\.2879834\.faa | parallel --gnu --plain -j 16 --block 12176 --recstart '>' --pipe hmmscan --noali --notextw --acc -E 1e-09 --cpu 1 /apps/pkg/anaconda3/2022.10/envs/prokka-1.14.6/db/hmm/HAMAP.hmm /dev/stdin > results\/PROKKA\/GTDB\-100\/genomes\/bacteria\/GCA_002304915\.1\/GCA_002304915\.1\.HAMAP\.hmm\.tmp\.2879834\.hmmer3 2> /dev/null
[12:07:44] Deleting unwanted file: results/PROKKA/GTDB-100/genomes/bacteria/GCA_002304915.1/GCA_002304915.1.HAMAP.hmm.tmp.2879834.faa
[12:07:44] Deleting unwanted file: results/PROKKA/GTDB-100/genomes/bacteria/GCA_002304915.1/GCA_002304915.1.HAMAP.hmm.tmp.2879834.hmmer3
[12:07:44] Labelling remaining 919 proteins as 'hypothetical protein'
[12:07:44] Possible /pseudo 'TDP-4-oxo-6-deoxy-alpha-D-glucose-3,4-oxoisomerase' at DBPO01000044.1 position 27424
[12:07:44] Possible /pseudo 'Coenzyme A biosynthesis bifunctional protein CoaBC' at DBPO01000104.1 position 6070
[12:07:44] Possible /pseudo 'Lipid A biosynthesis lauroyltransferase' at DBPO01000046.1 position 1941
[12:07:44] Possible /pseudo '1,4-alpha-glucan branching enzyme GlgB' at DBPO01000098.1 position 10758
[12:07:44] Possible /pseudo 'Methionine synthase' at DBPO01000088.1 position 4864
[12:07:44] Possible /pseudo 'DNA-directed RNA polymerase subunit beta'' at DBPO01000078.1 position 10394
[12:07:44] Possible /pseudo 'Cell division coordinator CpoB' at DBPO01000038.1 position 10624
[12:07:44] Possible /pseudo 'Adenosylhomocysteinase' at DBPO01000008.1 position 4762
[12:07:44] Possible /pseudo 'Fe(2+) transporter FeoB' at DBPO01000119.1 position 6763
[12:07:44] Possible /pseudo '30S ribosomal protein S1' at DBPO01000075.1 position 4698
[12:07:44] Found 680 unique /gene codes.
[12:07:44] Fixed 2 duplicate /gene - ruvB_1 ruvB_2
[12:07:44] Fixed 2 duplicate /gene - pdxB_1 pdxB_2
[12:07:44] Fixed 2 duplicate /gene - dsbD_1 dsbD_2
[12:07:44] Fixed 2 duplicate /gene - epsE_1 epsE_2
[12:07:44] Fixed 2 duplicate /gene - pcnB_1 pcnB_2
[12:07:44] Fixed 3 duplicate /gene - feoB_1 feoB_2 feoB_3
[12:07:44] Fixed 2 duplicate /gene - ftsA_1 ftsA_2
[12:07:44] Fixed 2 duplicate /gene - murJ_1 murJ_2
[12:07:44] Fixed 2 duplicate /gene - pal_1 pal_2
[12:07:44] Fixed 3 duplicate /gene - ndhS_1 ndhS_2 ndhS_3
[12:07:44] Fixed 2 duplicate /gene - hit_1 hit_2
[12:07:44] Fixed 3 duplicate /gene - lpxL_1 lpxL_2 lpxL_3
[12:07:44] Fixed 2 duplicate /gene - murD_1 murD_2
[12:07:44] Fixed 2 duplicate /gene - sctC_1 sctC_2
[12:07:44] Fixed 2 duplicate /gene - gyrA_1 gyrA_2
[12:07:44] Fixed 2 duplicate /gene - xcpT_1 xcpT_2
[12:07:44] Fixed 2 duplicate /gene - gyrB_1 gyrB_2
[12:07:44] Fixed 2 duplicate /gene - argE_1 argE_2
[12:07:44] Fixed 3 duplicate /gene - udk_1 udk_2 udk_3
[12:07:44] Fixed 2 duplicate /gene - dapH_1 dapH_2
[12:07:44] Fixed 2 duplicate /gene - surA_1 surA_2
[12:07:44] Fixed 2 duplicate /gene - fabG_1 fabG_2
[12:07:44] Fixed 2 duplicate /gene - mntR_1 mntR_2
[12:07:44] Fixed 3 duplicate /gene - hldE_1 hldE_2 hldE_3
[12:07:44] Fixed 2 duplicate /gene - xpsE_1 xpsE_2
[12:07:44] Fixed 5 duplicate /gene - tolQ_1 tolQ_2 tolQ_3 tolQ_4 tolQ_5
[12:07:44] Fixed 3 duplicate /gene - rlmL_1 rlmL_2 rlmL_3
[12:07:44] Fixed 2 duplicate /gene - bepE_1 bepE_2
[12:07:44] Fixed 2 duplicate /gene - ppm1_1 ppm1_2
[12:07:44] Fixed 2 duplicate /gene - atoC_1 atoC_2
[12:07:44] Fixed 2 duplicate /gene - aroF_1 aroF_2
[12:07:44] Fixed 2 duplicate /gene - add_1 add_2
[12:07:44] Fixed 5 duplicate /gene - arnC_1 arnC_2 arnC_3 arnC_4 arnC_5
[12:07:44] Fixed 2 duplicate /gene - thrC_1 thrC_2
[12:07:44] Fixed 2 duplicate /gene - der_1 der_2
[12:07:44] Fixed 2 duplicate /gene - glkA_1 glkA_2
[12:07:44] Fixed 2 duplicate /gene - pta_1 pta_2
[12:07:44] Fixed 2 duplicate /gene - glgX_1 glgX_2
[12:07:44] Fixed 2 duplicate /gene - dctM_1 dctM_2
[12:07:44] Fixed 2 duplicate /gene - galE_1 galE_2
[12:07:44] Fixed 2 duplicate /gene - metH_1 metH_2
[12:07:44] Fixed 2 duplicate /gene - COQ3_1 COQ3_2
[12:07:44] Fixed 2 duplicate /gene - ahcY_1 ahcY_2
[12:07:44] Fixed 2 duplicate /gene - rpsA_1 rpsA_2
[12:07:44] Fixed 2 duplicate /gene - patA_1 patA_2
[12:07:44] Fixed 3 duplicate /gene - epsF_1 epsF_2 epsF_3
[12:07:44] Fixed 4 duplicate /gene - clsB_1 clsB_2 clsB_3 clsB_4
[12:07:44] Fixed 3 duplicate /gene - fcl_1 fcl_2 fcl_3
[12:07:44] Fixed 4 duplicate /gene - clsA_1 clsA_2 clsA_3 clsA_4
[12:07:44] Fixed 2 duplicate /gene - wbgU_1 wbgU_2
[12:07:44] Fixed 2 duplicate /gene - rpoC_1 rpoC_2
[12:07:44] Fixed 2 duplicate /gene - sasA_1 sasA_2
[12:07:44] Fixed 6 duplicate /gene - bepA_1 bepA_2 bepA_3 bepA_4 bepA_5 bepA_6
[12:07:44] Fixed 2 duplicate /gene - dinG_1 dinG_2
[12:07:44] Fixed 19 duplicate /gene - mshA_1 mshA_2 mshA_3 mshA_4 mshA_5 mshA_6 mshA_7 mshA_8 mshA_9 mshA_10 mshA_11 mshA_12 mshA_13 mshA_14 mshA_15 mshA_16 mshA_17 mshA_18 mshA_19
[12:07:44] Fixed 3 duplicate /gene - fusA_1 fusA_2 fusA_3
[12:07:44] Fixed 2 duplicate /gene - fdtA_1 fdtA_2
[12:07:44] Fixed 8 duplicate /gene - cpoB_1 cpoB_2 cpoB_3 cpoB_4 cpoB_5 cpoB_6 cpoB_7 cpoB_8
[12:07:44] Fixed 2 duplicate /gene - xerC_1 xerC_2
[12:07:44] Fixed 2 duplicate /gene - smc_1 smc_2
[12:07:44] Fixed 3 duplicate /gene - glgB_1 glgB_2 glgB_3
[12:07:44] Fixed 2 duplicate /gene - glf_1 glf_2
[12:07:44] Fixed 2 duplicate /gene - xdhA_1 xdhA_2
[12:07:44] Fixed 5 duplicate /gene - pknD_1 pknD_2 pknD_3 pknD_4 pknD_5
[12:07:44] Fixed 2 duplicate /gene - hisF_1 hisF_2
[12:07:44] Fixed 2 duplicate /gene - yknY_1 yknY_2
[12:07:44] Fixed 2 duplicate /gene - paaK_1 paaK_2
[12:07:44] Fixed 3 duplicate /gene - tolR_1 tolR_2 tolR_3
[12:07:44] Fixed 2 duplicate /gene - lpxA_1 lpxA_2
[12:07:44] Fixed 2 duplicate /gene - coaBC_1 coaBC_2
[12:07:44] Fixed 2 duplicate /gene - tolB_1 tolB_2
[12:07:44] Fixed 2 duplicate /gene - prfB_1 prfB_2
[12:07:44] Fixed 2 duplicate /gene - murC_1 murC_2
[12:07:44] Fixed 7 duplicate /gene - btuD_1 btuD_2 btuD_3 btuD_4 btuD_5 btuD_6 btuD_7
[12:07:44] Fixed 2 duplicate /gene - azoR4_1 azoR4_2
[12:07:44] Fixed 2 duplicate /gene - glpG_1 glpG_2
[12:07:44] Fixed 2 duplicate /gene - trxA_1 trxA_2
[12:07:44] Fixed 77 colliding /gene names.
[12:07:44] Adding /locus_tag identifiers
[12:07:44] Assigned 1828 locus_tags to CDS and RNA features.
[12:07:44] Writing outputs to results/PROKKA/GTDB-100/genomes/bacteria/GCA_002304915.1/
[12:07:44] Generating annotation statistics file
[12:07:44] Generating Genbank and Sequin files
[12:07:44] Running: tbl2asn -V b -a r10k -l paired-ends -M n -N 1 -y 'Annotated using prokka 1.14.6 from https://github.com/tseemann/prokka' -Z results\/PROKKA\/GTDB\-100\/genomes\/bacteria\/GCA_002304915\.1\/GCA_002304915\.1\.err -i results\/PROKKA\/GTDB\-100\/genomes\/bacteria\/GCA_002304915\.1\/GCA_002304915\.1\.fsa 2> /dev/null
[tbl2asn-forever] Found Prokka input, correcting dates in .gbf|.sqn files.
[tbl2asn-forever] Correcting dates in results/PROKKA/GTDB-100/genomes/bacteria/GCA_002304915.1/GCA_002304915.1.gbf
[tbl2asn-forever] Correcting dates in results/PROKKA/GTDB-100/genomes/bacteria/GCA_002304915.1/GCA_002304915.1.sqn
[tbl2asn-forever] Dates changed from 01-JAN-2019 to 28-JUN-2023
[12:07:48] Deleting unwanted file: results/PROKKA/GTDB-100/genomes/bacteria/GCA_002304915.1/errorsummary.val
[12:07:48] Deleting unwanted file: results/PROKKA/GTDB-100/genomes/bacteria/GCA_002304915.1/GCA_002304915.1.dr
[12:07:48] Deleting unwanted file: results/PROKKA/GTDB-100/genomes/bacteria/GCA_002304915.1/GCA_002304915.1.fixedproducts
[12:07:48] Deleting unwanted file: results/PROKKA/GTDB-100/genomes/bacteria/GCA_002304915.1/GCA_002304915.1.ecn
[12:07:48] Deleting unwanted file: results/PROKKA/GTDB-100/genomes/bacteria/GCA_002304915.1/GCA_002304915.1.val
[12:07:48] Repairing broken .GBK output that tbl2asn produces...
[12:07:48] Running: sed 's/COORDINATES: profile/COORDINATES:profile/' < results\/PROKKA\/GTDB\-100\/genomes\/bacteria\/GCA_002304915\.1\/GCA_002304915\.1\.gbf > results\/PROKKA\/GTDB\-100\/genomes\/bacteria\/GCA_002304915\.1\/GCA_002304915\.1\.gbk
[12:07:48] Deleting unwanted file: results/PROKKA/GTDB-100/genomes/bacteria/GCA_002304915.1/GCA_002304915.1.gbf
[12:07:48] Output files:
[12:07:48] results/PROKKA/GTDB-100/genomes/bacteria/GCA_002304915.1/GCA_002304915.1.log
[12:07:48] results/PROKKA/GTDB-100/genomes/bacteria/GCA_002304915.1/GCA_002304915.1.fna
[12:07:48] results/PROKKA/GTDB-100/genomes/bacteria/GCA_002304915.1/GCA_002304915.1.gff
[12:07:48] results/PROKKA/GTDB-100/genomes/bacteria/GCA_002304915.1/GCA_002304915.1.faa
[12:07:48] results/PROKKA/GTDB-100/genomes/bacteria/GCA_002304915.1/GCA_002304915.1.ffn
[12:07:48] results/PROKKA/GTDB-100/genomes/bacteria/GCA_002304915.1/GCA_002304915.1.tbl
[12:07:48] results/PROKKA/GTDB-100/genomes/bacteria/GCA_002304915.1/GCA_002304915.1.fsa
[12:07:48] results/PROKKA/GTDB-100/genomes/bacteria/GCA_002304915.1/GCA_002304915.1.tsv
[12:07:48] results/PROKKA/GTDB-100/genomes/bacteria/GCA_002304915.1/GCA_002304915.1.txt
[12:07:48] results/PROKKA/GTDB-100/genomes/bacteria/GCA_002304915.1/GCA_002304915.1.err
[12:07:48] results/PROKKA/GTDB-100/genomes/bacteria/GCA_002304915.1/GCA_002304915.1.sqn
[12:07:48] results/PROKKA/GTDB-100/genomes/bacteria/GCA_002304915.1/GCA_002304915.1.gbk
[12:07:48] Annotation finished successfully.
[12:07:48] Walltime used: 0.62 minutes
[12:07:48] If you use this result please cite the Prokka paper:
[12:07:48] Seemann T (2014) Prokka: rapid prokaryotic genome annotation. Bioinformatics. 30(14):2068-9.
[12:07:48] Type 'prokka --citation' for more details.
[12:07:48] Share and enjoy!
285.16user 32.28system 0:37.51elapsed 846%CPU (0avgtext+0avgdata 176408maxresident)k
42800inputs+210224outputs (0major+6042177minor)pagefaults 0swaps

======================================================
End Time   : Wed Jun 28 12:07:48 EDT 2023
Run Time   : 40 seconds
======================================================

