=====================================================
Start Time  : Sat Jun 24 21:41:25 EDT 2023
Submit Dir  : /projects/raw_lab/jobs/metacerberus
Job ID/Name : 3996911 / InterProScan
Node List   : str-c106
Num Tasks   : 1 total [1 nodes @ 16 CPUs/node]
======================================================

Loading interproscan/5.60-92.0
  Loading requirement: anaconda3/2020.11 openjdk/15
======================================================
Running InterProScan On VIRAL_ARCHAEA/MZ334528.fna
======================================================
24/06/2023 21:41:26:311 Welcome to InterProScan-5.60-92.0
24/06/2023 21:41:26:312 Running InterProScan v5 in STANDALONE mode... on Linux
24/06/2023 21:41:30:395 RunID: str-c106.uncc.edu_20230624_214130208_avzw
24/06/2023 21:41:39:112 Loading file /projects/raw_lab/jobs/metacerberus/VIRAL_ARCHAEA/MZ334528.fna
24/06/2023 21:41:39:582 Running the following analyses:
[AntiFam-7.0,CDD-3.20,Coils-2.2.1,FunFam-4.3.0,Gene3D-4.3.0,Hamap-2021_04,MobiDBLite-2.0,PANTHER-17.0,Pfam-35.0,PIRSF-3.10,PIRSR-2021_05,PRINTS-42.0,ProSitePatterns-2022_01,ProSiteProfiles-2022_01,SFLD-4,SMART-7.1,SUPERFAMILY-1.75,TIGRFAM-15.0]
Pre-calculated match lookup service DISABLED.  Please wait for match calculations to complete...
2023-06-24 21:43:09,751 [amqEmbeddedWorkerJmsContainer-10] [uk.ac.ebi.interpro.scan.management.model.implementations.WriteOutputStep:344] WARN - At write output completion, unable to delete temporary directory /projects/raw_lab/jobs/metacerberus/temp/str-c106.uncc.edu_20230624_214130208_avzw
24/06/2023 21:43:09:872 100% done:  InterProScan analyses completed 

2023-06-24 21:43:10,374 [main] [uk.ac.ebi.interpro.scan.jms.master.AbstractMaster:259] WARN - Master process unable to delete temporary directory /projects/raw_lab/jobs/metacerberus/temp/str-c106.uncc.edu_20230624_214130208_avzw
2023-06-24 21:43:10,380 [main] [uk.ac.ebi.interpro.scan.jms.main.Run:1778] WARN - At Run completion, unable to delete temporary directory /projects/raw_lab/jobs/metacerberus/temp/str-c106.uncc.edu_20230624_214130208_avzw
229.93user 22.92system 1:44.79elapsed 241%CPU (0avgtext+0avgdata 3374008maxresident)k
518904inputs+484136outputs (12major+1583811minor)pagefaults 0swaps

======================================================
End Time   : Sat Jun 24 21:43:10 EDT 2023
Run Time   : 105 seconds
======================================================

