=====================================================
Start Time  : Sat Jul  1 17:14:24 EDT 2023
Submit Dir  : /projects/raw_lab/jobs/metacerberus
Job ID/Name : 4128754 / PROKKA
Node List   : str-c101
Num Tasks   : 1 total [1 nodes @ 16 CPUs/node]
======================================================

Loading prokka/1.14.6
  Loading requirement: anaconda3/2022.10
======================================================
Running PROKKA On CPR/SAMN03319423.fna
======================================================
Viruses
[17:14:26] This is prokka 1.14.6
[17:14:26] Written by Torsten Seemann <torsten.seemann@gmail.com>
[17:14:26] Homepage is https://github.com/tseemann/prokka
[17:14:26] Local time is Sat Jul  1 17:14:26 2023
[17:14:26] You are jlfiguer
[17:14:26] Operating system is linux
[17:14:26] You have BioPerl 1.7.8
Argument "1.7.8" isn't numeric in numeric lt (<) at /apps/pkg/anaconda3/2022.10/envs/prokka-1.14.6/bin/prokka line 259.
[17:14:26] System has 16 cores.
[17:14:26] Will use maximum of 16 cores.
[17:14:26] Annotating as >>> Viruses <<<
[17:14:26] Generating locus_tag from 'CPR/SAMN03319423.fna' contents.
[17:14:26] Setting --locustag HIDPLMCO from MD5 12d956c8245af73452e8841d46b9bb03
[17:14:26] Creating new output folder: results/PROKKA/CPR/SAMN03319423
[17:14:26] Running: mkdir -p results\/PROKKA\/CPR\/SAMN03319423
[17:14:26] Using filename prefix: SAMN03319423.XXX
[17:14:26] Setting HMMER_NCPU=1
[17:14:26] Writing log to: results/PROKKA/CPR/SAMN03319423/SAMN03319423.log
[17:14:26] Command: /apps/pkg/anaconda3/2022.10/envs/prokka-1.14.6/bin/prokka --prefix SAMN03319423 --outdir results/PROKKA/CPR/SAMN03319423 --kingdom Viruses --cpus 16 CPR/SAMN03319423.fna
[17:14:26] Appending to PATH: /apps/pkg/anaconda3/2022.10/envs/prokka-1.14.6/bin
[17:14:26] Looking for 'aragorn' - found /apps/pkg/anaconda3/2022.10/envs/prokka-1.14.6/bin/aragorn
[17:14:26] Determined aragorn version is 001002 from 'ARAGORN v1.2.41 Dean Laslett'
[17:14:26] Looking for 'barrnap' - found /apps/pkg/anaconda3/2022.10/envs/prokka-1.14.6/bin/barrnap
[17:14:26] Determined barrnap version is 000009 from 'barrnap 0.9'
[17:14:26] Looking for 'blastp' - found /apps/pkg/anaconda3/2022.10/envs/prokka-1.14.6/bin/blastp
[17:14:26] Determined blastp version is 002013 from 'blastp: 2.13.0+'
[17:14:26] Looking for 'cmpress' - found /apps/pkg/anaconda3/2022.10/envs/prokka-1.14.6/bin/cmpress
[17:14:26] Determined cmpress version is 001001 from '# INFERNAL 1.1.4 (Dec 2020)'
[17:14:26] Looking for 'cmscan' - found /apps/pkg/anaconda3/2022.10/envs/prokka-1.14.6/bin/cmscan
[17:14:26] Determined cmscan version is 001001 from '# INFERNAL 1.1.4 (Dec 2020)'
[17:14:26] Looking for 'egrep' - found /usr/bin/egrep
[17:14:26] Looking for 'find' - found /usr/bin/find
[17:14:26] Looking for 'grep' - found /usr/bin/grep
[17:14:26] Looking for 'hmmpress' - found /apps/pkg/anaconda3/2022.10/envs/prokka-1.14.6/bin/hmmpress
[17:14:26] Determined hmmpress version is 003003 from '# HMMER 3.3.2 (Nov 2020); http://hmmer.org/'
[17:14:26] Looking for 'hmmscan' - found /apps/pkg/anaconda3/2022.10/envs/prokka-1.14.6/bin/hmmscan
[17:14:26] Determined hmmscan version is 003003 from '# HMMER 3.3.2 (Nov 2020); http://hmmer.org/'
[17:14:26] Looking for 'java' - found /apps/pkg/anaconda3/2022.10/envs/prokka-1.14.6/bin/java
[17:14:26] Looking for 'makeblastdb' - found /apps/pkg/anaconda3/2022.10/envs/prokka-1.14.6/bin/makeblastdb
[17:14:26] Determined makeblastdb version is 002013 from 'makeblastdb: 2.13.0+'
[17:14:26] Looking for 'minced' - found /apps/pkg/anaconda3/2022.10/envs/prokka-1.14.6/bin/minced
[17:14:26] Determined minced version is 004002 from 'minced 0.4.2'
[17:14:26] Looking for 'parallel' - found /apps/pkg/anaconda3/2022.10/envs/prokka-1.14.6/bin/parallel
[17:14:26] Determined parallel version is 20230122 from 'GNU parallel 20230122'
[17:14:26] Looking for 'prodigal' - found /apps/pkg/anaconda3/2022.10/envs/prokka-1.14.6/bin/prodigal
[17:14:26] Determined prodigal version is 002006 from 'Prodigal V2.6.3: February, 2016'
[17:14:26] Looking for 'prokka-genbank_to_fasta_db' - found /apps/pkg/anaconda3/2022.10/envs/prokka-1.14.6/bin/prokka-genbank_to_fasta_db
[17:14:26] Looking for 'sed' - found /usr/bin/sed
[17:14:26] Looking for 'tbl2asn' - found /apps/pkg/anaconda3/2022.10/envs/prokka-1.14.6/bin/tbl2asn
[17:14:26] Determined tbl2asn version is 025007 from 'tbl2asn 25.7   arguments:'
[17:14:26] Using genetic code table 1.
[17:14:26] Loading and checking input file: CPR/SAMN03319423.fna
[17:14:26] Wrote 48 contigs totalling 547145 bp.
[17:14:26] Predicting tRNAs and tmRNAs
[17:14:26] Running: aragorn -l -gc1  -w results\/PROKKA\/CPR\/SAMN03319423\/SAMN03319423\.fna
[17:14:26] 1 tRNA-Ala c[33474,33545] 33 (ggc)
[17:14:26] 2 tRNA-Ala c[48974,49046] 34 (cgc)
[17:14:26] 3 tRNA-Leu [49548,49633] 34 (caa)
[17:14:26] 1 tRNA-Trp c[8494,8567] 33 (cca)
[17:14:26] 2 tRNA-Thr c[9057,9131] 33 (tgt)
[17:14:26] 3 tRNA-Thr c[9156,9230] 33 (ggt)
[17:14:26] 4 tRNA-Tyr c[9327,9413] 36 (gta)
[17:14:26] 5 tRNA-Pro [13551,13624] 34 (ggg)
[17:14:26] 1 tRNA-Pro c[1336,1411] 34 (tgg)
[17:14:26] 2 tRNA-Thr c[5157,5230] 33 (cgt)
[17:14:26] 3 tRNA-Gly c[5281,5352] 33 (ccc)
[17:14:26] 4 tRNA-Asp [7554,7630] 37 (gtc)
[17:14:26] 1 tRNA-Gln [251,325] 33 (ttg)
[17:14:26] 1 tRNA-Leu c[549,634] 34 (taa)
[17:14:26] 2 tRNA-Phe c[3812,3885] 34 (gaa)
[17:14:26] 3 tRNA-Val c[4218,4292] 33 (tac)
[17:14:26] 4 tRNA-Leu c[4865,4951] 35 (gag)
[17:14:26] 5 tRNA-Leu c[5592,5675] 36 (cag)
[17:14:26] 6 tRNA-Gly [7410,7484] 33 (gcc)
[17:14:26] 7 tRNA-Cys [7534,7607] 33 (gca)
[17:14:26] 1 tRNA-Val [746,820] 33 (gac)
[17:14:26] 2 tRNA-Arg c[5210,5283] 34 (cct)
[17:14:26] 3 tRNA-Pro [5410,5486] 35 (cgg)
[17:14:26] 1 tRNA-Leu [7113,7198] 34 (tag)
[17:14:26] Found 24 tRNAs
[17:14:26] Disabling rRNA search: --kingdom=Viruses or --norrna=0
[17:14:26] Skipping ncRNA search, enable with --rfam if desired.
[17:14:26] Total of 24 tRNA + rRNA features
[17:14:26] Searching for CRISPR repeats
[17:14:26] Found 0 CRISPRs
[17:14:26] Predicting coding sequences
[17:14:26] Contigs total 547145 bp, so using single mode
[17:14:26] Running: prodigal -i results\/PROKKA\/CPR\/SAMN03319423\/SAMN03319423\.fna -c -m -g 1 -p single -f sco -q
[17:14:27] Excluding CDS which overlaps existing RNA (tRNA) at LBUX01000003.1:9375..10034 on - strand
[17:14:27] Excluding CDS which overlaps existing RNA (tRNA) at LBUX01000005.1:841..1419 on + strand
[17:14:27] Found 552 CDS
[17:14:27] Connecting features back to sequences
[17:14:27] Not using genus-specific database. Try --usegenus to enable it.
[17:14:27] Annotating CDS, please be patient.
[17:14:27] Will use 16 CPUs for similarity searching.
[17:14:27] There are still 552 unannotated CDS left (started with 552)
[17:14:27] Will use blast to search against /apps/pkg/anaconda3/2022.10/envs/prokka-1.14.6/db/kingdom/Viruses/sprot with 16 CPUs
[17:14:27] Running: cat results\/PROKKA\/CPR\/SAMN03319423\/SAMN03319423\.sprot\.tmp\.3012418\.faa | parallel --gnu --plain -j 16 --block 4709 --recstart '>' --pipe blastp -query - -db /apps/pkg/anaconda3/2022.10/envs/prokka-1.14.6/db/kingdom/Viruses/sprot -evalue 1e-09 -qcov_hsp_perc 80 -num_threads 1 -num_descriptions 1 -num_alignments 1 -seg no > results\/PROKKA\/CPR\/SAMN03319423\/SAMN03319423\.sprot\.tmp\.3012418\.blast 2> /dev/null
[17:14:28] Deleting unwanted file: results/PROKKA/CPR/SAMN03319423/SAMN03319423.sprot.tmp.3012418.faa
[17:14:28] Deleting unwanted file: results/PROKKA/CPR/SAMN03319423/SAMN03319423.sprot.tmp.3012418.blast
[17:14:28] Labelling remaining 549 proteins as 'hypothetical protein'
[17:14:28] Found 3 unique /gene codes.
[17:14:28] Fixed 0 colliding /gene names.
[17:14:28] Adding /locus_tag identifiers
[17:14:28] Assigned 576 locus_tags to CDS and RNA features.
[17:14:28] Writing outputs to results/PROKKA/CPR/SAMN03319423/
[17:14:28] Generating annotation statistics file
[17:14:28] Generating Genbank and Sequin files
[17:14:28] Running: tbl2asn -V b -a r10k -l paired-ends -M n -N 1 -y 'Annotated using prokka 1.14.6 from https://github.com/tseemann/prokka' -Z results\/PROKKA\/CPR\/SAMN03319423\/SAMN03319423\.err -i results\/PROKKA\/CPR\/SAMN03319423\/SAMN03319423\.fsa 2> /dev/null
[tbl2asn-forever] Found Prokka input, correcting dates in .gbf|.sqn files.
[tbl2asn-forever] Correcting dates in results/PROKKA/CPR/SAMN03319423/SAMN03319423.gbf
[tbl2asn-forever] Correcting dates in results/PROKKA/CPR/SAMN03319423/SAMN03319423.sqn
[tbl2asn-forever] Dates changed from 01-JAN-2019 to 01-JUL-2023
[17:14:30] Deleting unwanted file: results/PROKKA/CPR/SAMN03319423/errorsummary.val
[17:14:30] Deleting unwanted file: results/PROKKA/CPR/SAMN03319423/SAMN03319423.dr
[17:14:30] Deleting unwanted file: results/PROKKA/CPR/SAMN03319423/SAMN03319423.fixedproducts
[17:14:30] Deleting unwanted file: results/PROKKA/CPR/SAMN03319423/SAMN03319423.ecn
[17:14:30] Deleting unwanted file: results/PROKKA/CPR/SAMN03319423/SAMN03319423.val
[17:14:30] Repairing broken .GBK output that tbl2asn produces...
[17:14:30] Running: sed 's/COORDINATES: profile/COORDINATES:profile/' < results\/PROKKA\/CPR\/SAMN03319423\/SAMN03319423\.gbf > results\/PROKKA\/CPR\/SAMN03319423\/SAMN03319423\.gbk
[17:14:30] Deleting unwanted file: results/PROKKA/CPR/SAMN03319423/SAMN03319423.gbf
[17:14:30] Output files:
[17:14:30] results/PROKKA/CPR/SAMN03319423/SAMN03319423.log
[17:14:30] results/PROKKA/CPR/SAMN03319423/SAMN03319423.fna
[17:14:30] results/PROKKA/CPR/SAMN03319423/SAMN03319423.gff
[17:14:30] results/PROKKA/CPR/SAMN03319423/SAMN03319423.faa
[17:14:30] results/PROKKA/CPR/SAMN03319423/SAMN03319423.ffn
[17:14:30] results/PROKKA/CPR/SAMN03319423/SAMN03319423.tbl
[17:14:30] results/PROKKA/CPR/SAMN03319423/SAMN03319423.fsa
[17:14:30] results/PROKKA/CPR/SAMN03319423/SAMN03319423.tsv
[17:14:30] results/PROKKA/CPR/SAMN03319423/SAMN03319423.txt
[17:14:30] results/PROKKA/CPR/SAMN03319423/SAMN03319423.err
[17:14:30] results/PROKKA/CPR/SAMN03319423/SAMN03319423.sqn
[17:14:30] results/PROKKA/CPR/SAMN03319423/SAMN03319423.gbk
[17:14:30] Annotation finished successfully.
[17:14:30] Walltime used: 0.07 minutes
[17:14:30] If you use this result please cite the Prokka paper:
[17:14:30] Seemann T (2014) Prokka: rapid prokaryotic genome annotation. Bioinformatics. 30(14):2068-9.
[17:14:30] Type 'prokka --citation' for more details.
[17:14:30] Thank you, come again.
13.82user 0.75system 0:04.19elapsed 347%CPU (0avgtext+0avgdata 96416maxresident)k
9496inputs+33832outputs (1major+239364minor)pagefaults 0swaps

======================================================
End Time   : Sat Jul  1 17:14:30 EDT 2023
Run Time   : 6 seconds
======================================================

