=====================================================
Start Time  : Sat Jun 24 18:08:34 EDT 2023
Submit Dir  : /projects/raw_lab/jobs/metacerberus
Job ID/Name : 3995174 / InterProScan
Node List   : str-c98
Num Tasks   : 1 total [1 nodes @ 16 CPUs/node]
======================================================

Loading interproscan/5.60-92.0
  Loading requirement: anaconda3/2020.11 openjdk/15
======================================================
Running InterProScan On GTDB-100/genomes/archaea/GCA_016203305.1.fna
======================================================
24/06/2023 18:08:35:482 Welcome to InterProScan-5.60-92.0
24/06/2023 18:08:35:482 Running InterProScan v5 in STANDALONE mode... on Linux
24/06/2023 18:08:39:476 RunID: str-c98.uncc.edu_20230624_180839304_1uif
24/06/2023 18:08:47:958 Loading file /projects/raw_lab/jobs/metacerberus/GTDB-100/genomes/archaea/GCA_016203305.1.fna
24/06/2023 18:08:48:656 Running the following analyses:
[AntiFam-7.0,CDD-3.20,Coils-2.2.1,FunFam-4.3.0,Gene3D-4.3.0,Hamap-2021_04,MobiDBLite-2.0,PANTHER-17.0,Pfam-35.0,PIRSF-3.10,PIRSR-2021_05,PRINTS-42.0,ProSitePatterns-2022_01,ProSiteProfiles-2022_01,SFLD-4,SMART-7.1,SUPERFAMILY-1.75,TIGRFAM-15.0]
Pre-calculated match lookup service DISABLED.  Please wait for match calculations to complete...
2023-06-24 18:11:21,757 [amqEmbeddedWorkerJmsContainer-6] [uk.ac.ebi.interpro.scan.io.pirsf.hmmer3.PirsfHmmer3RawMatchParser:129] WARN - Couldn't parse the given raw match line, because it is of an unexpected format.
2023-06-24 18:11:21,761 [amqEmbeddedWorkerJmsContainer-6] [uk.ac.ebi.interpro.scan.io.pirsf.hmmer3.PirsfHmmer3RawMatchParser:130] WARN - Unexpected Raw match line: Query sequence: 107 matches PIRSF005572: Cysteine desulphurase, NifS type
2023-06-24 18:11:21,762 [amqEmbeddedWorkerJmsContainer-6] [uk.ac.ebi.interpro.scan.io.pirsf.hmmer3.PirsfHmmer3RawMatchParser:129] WARN - Couldn't parse the given raw match line, because it is of an unexpected format.
2023-06-24 18:11:21,762 [amqEmbeddedWorkerJmsContainer-6] [uk.ac.ebi.interpro.scan.io.pirsf.hmmer3.PirsfHmmer3RawMatchParser:130] WARN - Unexpected Raw match line: #    score  bias  c-Evalue  i-Evalue hmmfrom  hmm to    alifrom  ali to    envfrom  env to     acc
2023-06-24 18:11:21,762 [amqEmbeddedWorkerJmsContainer-6] [uk.ac.ebi.interpro.scan.io.pirsf.hmmer3.PirsfHmmer3RawMatchParser:129] WARN - Couldn't parse the given raw match line, because it is of an unexpected format.
2023-06-24 18:11:21,762 [amqEmbeddedWorkerJmsContainer-6] [uk.ac.ebi.interpro.scan.io.pirsf.hmmer3.PirsfHmmer3RawMatchParser:130] WARN - Unexpected Raw match line: 1 !  165.5   0.0   1.1e-52   3.4e-50       3     374 ..      30     404 ..      28     408 .. 0.87
2023-06-24 18:11:21,762 [amqEmbeddedWorkerJmsContainer-6] [uk.ac.ebi.interpro.scan.io.pirsf.hmmer3.PirsfHmmer3RawMatchParser:129] WARN - Couldn't parse the given raw match line, because it is of an unexpected format.
2023-06-24 18:11:21,762 [amqEmbeddedWorkerJmsContainer-6] [uk.ac.ebi.interpro.scan.io.pirsf.hmmer3.PirsfHmmer3RawMatchParser:130] WARN - Unexpected Raw match line: Query sequence: 163 matches PIRSF004557: Preprotein translocase Sec, SecY/Sec61-alpha subunit
2023-06-24 18:11:21,762 [amqEmbeddedWorkerJmsContainer-6] [uk.ac.ebi.interpro.scan.io.pirsf.hmmer3.PirsfHmmer3RawMatchParser:129] WARN - Couldn't parse the given raw match line, because it is of an unexpected format.
2023-06-24 18:11:21,762 [amqEmbeddedWorkerJmsContainer-6] [uk.ac.ebi.interpro.scan.io.pirsf.hmmer3.PirsfHmmer3RawMatchParser:130] WARN - Unexpected Raw match line: #    score  bias  c-Evalue  i-Evalue hmmfrom  hmm to    alifrom  ali to    envfrom  env to     acc
2023-06-24 18:11:21,762 [amqEmbeddedWorkerJmsContainer-6] [uk.ac.ebi.interpro.scan.io.pirsf.hmmer3.PirsfHmmer3RawMatchParser:129] WARN - Couldn't parse the given raw match line, because it is of an unexpected format.
2023-06-24 18:11:21,762 [amqEmbeddedWorkerJmsContainer-6] [uk.ac.ebi.interpro.scan.io.pirsf.hmmer3.PirsfHmmer3RawMatchParser:130] WARN - Unexpected Raw match line: 1 !  308.1  17.7   4.9e-96   1.6e-93       4     446 ..       4     459 ..       1     462 [. 0.91
2023-06-24 18:11:21,762 [amqEmbeddedWorkerJmsContainer-6] [uk.ac.ebi.interpro.scan.io.pirsf.hmmer3.PirsfHmmer3RawMatchParser:129] WARN - Couldn't parse the given raw match line, because it is of an unexpected format.
2023-06-24 18:11:21,762 [amqEmbeddedWorkerJmsContainer-6] [uk.ac.ebi.interpro.scan.io.pirsf.hmmer3.PirsfHmmer3RawMatchParser:130] WARN - Unexpected Raw match line: Query sequence: 170 matches PIRSF001220: L-asparaginase/Glutamyl-tRNA(Gln) amidotransferase subunit D
2023-06-24 18:11:21,762 [amqEmbeddedWorkerJmsContainer-6] [uk.ac.ebi.interpro.scan.io.pirsf.hmmer3.PirsfHmmer3RawMatchParser:129] WARN - Couldn't parse the given raw match line, because it is of an unexpected format.
2023-06-24 18:11:21,762 [amqEmbeddedWorkerJmsContainer-6] [uk.ac.ebi.interpro.scan.io.pirsf.hmmer3.PirsfHmmer3RawMatchParser:130] WARN - Unexpected Raw match line: #    score  bias  c-Evalue  i-Evalue hmmfrom  hmm to    alifrom  ali to    envfrom  env to     acc
2023-06-24 18:11:21,762 [amqEmbeddedWorkerJmsContainer-6] [uk.ac.ebi.interpro.scan.io.pirsf.hmmer3.PirsfHmmer3RawMatchParser:129] WARN - Couldn't parse the given raw match line, because it is of an unexpected format.
2023-06-24 18:11:21,763 [amqEmbeddedWorkerJmsContainer-6] [uk.ac.ebi.interpro.scan.io.pirsf.hmmer3.PirsfHmmer3RawMatchParser:130] WARN - Unexpected Raw match line: 1 !  282.0   3.5   3.4e-88   1.1e-85       3     314 ..      88     410 ..      86     424 .. 0.92
2023-06-24 18:11:21,763 [amqEmbeddedWorkerJmsContainer-6] [uk.ac.ebi.interpro.scan.io.pirsf.hmmer3.PirsfHmmer3RawMatchParser:129] WARN - Couldn't parse the given raw match line, because it is of an unexpected format.
2023-06-24 18:11:21,763 [amqEmbeddedWorkerJmsContainer-6] [uk.ac.ebi.interpro.scan.io.pirsf.hmmer3.PirsfHmmer3RawMatchParser:130] WARN - Unexpected Raw match line: and matches Sub-Family PIRSF500175: Glutamyl-tRNA(Gln) amidotransferase, subunit D
2023-06-24 18:11:21,763 [amqEmbeddedWorkerJmsContainer-6] [uk.ac.ebi.interpro.scan.io.pirsf.hmmer3.PirsfHmmer3RawMatchParser:129] WARN - Couldn't parse the given raw match line, because it is of an unexpected format.
2023-06-24 18:11:21,763 [amqEmbeddedWorkerJmsContainer-6] [uk.ac.ebi.interpro.scan.io.pirsf.hmmer3.PirsfHmmer3RawMatchParser:130] WARN - Unexpected Raw match line: #    score  bias  c-Evalue  i-Evalue hmmfrom  hmm to    alifrom  ali to    envfrom  env to     acc
2023-06-24 18:11:21,763 [amqEmbeddedWorkerJmsContainer-6] [uk.ac.ebi.interpro.scan.io.pirsf.hmmer3.PirsfHmmer3RawMatchParser:129] WARN - Couldn't parse the given raw match line, because it is of an unexpected format.
2023-06-24 18:11:21,763 [amqEmbeddedWorkerJmsContainer-6] [uk.ac.ebi.interpro.scan.io.pirsf.hmmer3.PirsfHmmer3RawMatchParser:130] WARN - Unexpected Raw match line: 1 !  444.6   3.8  1.4e-137  4.5e-135       3     415 ..      18     429 ..      16     433 .. 0.96
2023-06-24 18:11:21,763 [amqEmbeddedWorkerJmsContainer-6] [uk.ac.ebi.interpro.scan.io.pirsf.hmmer3.PirsfHmmer3RawMatchParser:129] WARN - Couldn't parse the given raw match line, because it is of an unexpected format.
2023-06-24 18:11:21,763 [amqEmbeddedWorkerJmsContainer-6] [uk.ac.ebi.interpro.scan.io.pirsf.hmmer3.PirsfHmmer3RawMatchParser:130] WARN - Unexpected Raw match line: Query sequence: 182 matches PIRSF000149: Glyceraldehyde-3-phosphate dehydrogenase
2023-06-24 18:11:21,763 [amqEmbeddedWorkerJmsContainer-6] [uk.ac.ebi.interpro.scan.io.pirsf.hmmer3.PirsfHmmer3RawMatchParser:129] WARN - Couldn't parse the given raw match line, because it is of an unexpected format.
2023-06-24 18:11:21,763 [amqEmbeddedWorkerJmsContainer-6] [uk.ac.ebi.interpro.scan.io.pirsf.hmmer3.PirsfHmmer3RawMatchParser:130] WARN - Unexpected Raw match line: #    score  bias  c-Evalue  i-Evalue hmmfrom  hmm to    alifrom  ali to    envfrom  env to     acc
2023-06-24 18:11:21,763 [amqEmbeddedWorkerJmsContainer-6] [uk.ac.ebi.interpro.scan.io.pirsf.hmmer3.PirsfHmmer3RawMatchParser:129] WARN - Couldn't parse the given raw match line, because it is of an unexpected format.
2023-06-24 18:11:21,763 [amqEmbeddedWorkerJmsContainer-6] [uk.ac.ebi.interpro.scan.io.pirsf.hmmer3.PirsfHmmer3RawMatchParser:130] WARN - Unexpected Raw match line: 1 !  437.2   0.0  2.4e-135  7.6e-133       2     334 ..       9     335 ..       8     337 .] 0.98
2023-06-24 18:11:21,763 [amqEmbeddedWorkerJmsContainer-6] [uk.ac.ebi.interpro.scan.io.pirsf.hmmer3.PirsfHmmer3RawMatchParser:129] WARN - Couldn't parse the given raw match line, because it is of an unexpected format.
2023-06-24 18:11:21,763 [amqEmbeddedWorkerJmsContainer-6] [uk.ac.ebi.interpro.scan.io.pirsf.hmmer3.PirsfHmmer3RawMatchParser:130] WARN - Unexpected Raw match line: Query sequence: 223 matches PIRSF000854: Phosphoenolpyruvate synthase
2023-06-24 18:11:21,764 [amqEmbeddedWorkerJmsContainer-6] [uk.ac.ebi.interpro.scan.io.pirsf.hmmer3.PirsfHmmer3RawMatchParser:129] WARN - Couldn't parse the given raw match line, because it is of an unexpected format.
2023-06-24 18:11:21,764 [amqEmbeddedWorkerJmsContainer-6] [uk.ac.ebi.interpro.scan.io.pirsf.hmmer3.PirsfHmmer3RawMatchParser:130] WARN - Unexpected Raw match line: #    score  bias  c-Evalue  i-Evalue hmmfrom  hmm to    alifrom  ali to    envfrom  env to     acc
2023-06-24 18:11:21,764 [amqEmbeddedWorkerJmsContainer-6] [uk.ac.ebi.interpro.scan.io.pirsf.hmmer3.PirsfHmmer3RawMatchParser:129] WARN - Couldn't parse the given raw match line, because it is of an unexpected format.
2023-06-24 18:11:21,764 [amqEmbeddedWorkerJmsContainer-6] [uk.ac.ebi.interpro.scan.io.pirsf.hmmer3.PirsfHmmer3RawMatchParser:130] WARN - Unexpected Raw match line: 1 ! 1265.7   0.0         0         0       3     793 ..      29     825 ..      27     828 .] 0.99
2023-06-24 18:11:21,764 [amqEmbeddedWorkerJmsContainer-6] [uk.ac.ebi.interpro.scan.io.pirsf.hmmer3.PirsfHmmer3RawMatchParser:129] WARN - Couldn't parse the given raw match line, because it is of an unexpected format.
2023-06-24 18:11:21,764 [amqEmbeddedWorkerJmsContainer-6] [uk.ac.ebi.interpro.scan.io.pirsf.hmmer3.PirsfHmmer3RawMatchParser:130] WARN - Unexpected Raw match line: Query sequence: 229 matches PIRSF000185: Glutamate dehydrogenase
2023-06-24 18:11:21,764 [amqEmbeddedWorkerJmsContainer-6] [uk.ac.ebi.interpro.scan.io.pirsf.hmmer3.PirsfHmmer3RawMatchParser:129] WARN - Couldn't parse the given raw match line, because it is of an unexpected format.
2023-06-24 18:11:21,764 [amqEmbeddedWorkerJmsContainer-6] [uk.ac.ebi.interpro.scan.io.pirsf.hmmer3.PirsfHmmer3RawMatchParser:130] WARN - Unexpected Raw match line: #    score  bias  c-Evalue  i-Evalue hmmfrom  hmm to    alifrom  ali to    envfrom  env to     acc
2023-06-24 18:11:21,764 [amqEmbeddedWorkerJmsContainer-6] [uk.ac.ebi.interpro.scan.io.pirsf.hmmer3.PirsfHmmer3RawMatchParser:129] WARN - Couldn't parse the given raw match line, because it is of an unexpected format.
2023-06-24 18:11:21,764 [amqEmbeddedWorkerJmsContainer-6] [uk.ac.ebi.interpro.scan.io.pirsf.hmmer3.PirsfHmmer3RawMatchParser:130] WARN - Unexpected Raw match line: 1 !  312.5   0.2     4e-97   6.4e-95      54     410 ..      28     367 ..      22     371 .. 0.95
2023-06-24 18:11:21,764 [amqEmbeddedWorkerJmsContainer-6] [uk.ac.ebi.interpro.scan.io.pirsf.hmmer3.PirsfHmmer3RawMatchParser:129] WARN - Couldn't parse the given raw match line, because it is of an unexpected format.
2023-06-24 18:11:21,764 [amqEmbeddedWorkerJmsContainer-6] [uk.ac.ebi.interpro.scan.io.pirsf.hmmer3.PirsfHmmer3RawMatchParser:130] WARN - Unexpected Raw match line: Query sequence: 271 matches PIRSF001549: Histidyl-tRNA synthetase
2023-06-24 18:11:21,764 [amqEmbeddedWorkerJmsContainer-6] [uk.ac.ebi.interpro.scan.io.pirsf.hmmer3.PirsfHmmer3RawMatchParser:129] WARN - Couldn't parse the given raw match line, because it is of an unexpected format.
2023-06-24 18:11:21,764 [amqEmbeddedWorkerJmsContainer-6] [uk.ac.ebi.interpro.scan.io.pirsf.hmmer3.PirsfHmmer3RawMatchParser:130] WARN - Unexpected Raw match line: #    score  bias  c-Evalue  i-Evalue hmmfrom  hmm to    alifrom  ali to    envfrom  env to     acc
2023-06-24 18:11:21,765 [amqEmbeddedWorkerJmsContainer-6] [uk.ac.ebi.interpro.scan.io.pirsf.hmmer3.PirsfHmmer3RawMatchParser:129] WARN - Couldn't parse the given raw match line, because it is of an unexpected format.
2023-06-24 18:11:21,765 [amqEmbeddedWorkerJmsContainer-6] [uk.ac.ebi.interpro.scan.io.pirsf.hmmer3.PirsfHmmer3RawMatchParser:130] WARN - Unexpected Raw match line: 1 !  401.9   0.9  8.9e-124  5.7e-122       3     430 ..       3     419 ..       1     420 [] 0.93
2023-06-24 18:11:21,765 [amqEmbeddedWorkerJmsContainer-6] [uk.ac.ebi.interpro.scan.io.pirsf.hmmer3.PirsfHmmer3RawMatchParser:129] WARN - Couldn't parse the given raw match line, because it is of an unexpected format.
2023-06-24 18:11:21,765 [amqEmbeddedWorkerJmsContainer-6] [uk.ac.ebi.interpro.scan.io.pirsf.hmmer3.PirsfHmmer3RawMatchParser:130] WARN - Unexpected Raw match line: Query sequence: 28 matches PIRSF006553: Type II DNA topoisomerase VI, subunit B
2023-06-24 18:11:21,765 [amqEmbeddedWorkerJmsContainer-6] [uk.ac.ebi.interpro.scan.io.pirsf.hmmer3.PirsfHmmer3RawMatchParser:129] WARN - Couldn't parse the given raw match line, because it is of an unexpected format.
2023-06-24 18:11:21,765 [amqEmbeddedWorkerJmsContainer-6] [uk.ac.ebi.interpro.scan.io.pirsf.hmmer3.PirsfHmmer3RawMatchParser:130] WARN - Unexpected Raw match line: #    score  bias  c-Evalue  i-Evalue hmmfrom  hmm to    alifrom  ali to    envfrom  env to     acc
2023-06-24 18:11:21,765 [amqEmbeddedWorkerJmsContainer-6] [uk.ac.ebi.interpro.scan.io.pirsf.hmmer3.PirsfHmmer3RawMatchParser:129] WARN - Couldn't parse the given raw match line, because it is of an unexpected format.
2023-06-24 18:11:21,765 [amqEmbeddedWorkerJmsContainer-6] [uk.ac.ebi.interpro.scan.io.pirsf.hmmer3.PirsfHmmer3RawMatchParser:130] WARN - Unexpected Raw match line: 1 !  695.1   2.1  6.1e-213  9.7e-211       4     530 ..      24     553 ..      21     563 .. 0.97
2023-06-24 18:11:21,765 [amqEmbeddedWorkerJmsContainer-6] [uk.ac.ebi.interpro.scan.io.pirsf.hmmer3.PirsfHmmer3RawMatchParser:129] WARN - Couldn't parse the given raw match line, because it is of an unexpected format.
2023-06-24 18:11:21,765 [amqEmbeddedWorkerJmsContainer-6] [uk.ac.ebi.interpro.scan.io.pirsf.hmmer3.PirsfHmmer3RawMatchParser:130] WARN - Unexpected Raw match line: Query sequence: 285 matches PIRSF005669: Predicted histone acetyltransferase with radical SAM domain, Elp3 type
2023-06-24 18:11:21,765 [amqEmbeddedWorkerJmsContainer-6] [uk.ac.ebi.interpro.scan.io.pirsf.hmmer3.PirsfHmmer3RawMatchParser:129] WARN - Couldn't parse the given raw match line, because it is of an unexpected format.
2023-06-24 18:11:21,765 [amqEmbeddedWorkerJmsContainer-6] [uk.ac.ebi.interpro.scan.io.pirsf.hmmer3.PirsfHmmer3RawMatchParser:130] WARN - Unexpected Raw match line: #    score  bias  c-Evalue  i-Evalue hmmfrom  hmm to    alifrom  ali to    envfrom  env to     acc
2023-06-24 18:11:21,765 [amqEmbeddedWorkerJmsContainer-6] [uk.ac.ebi.interpro.scan.io.pirsf.hmmer3.PirsfHmmer3RawMatchParser:129] WARN - Couldn't parse the given raw match line, because it is of an unexpected format.
2023-06-24 18:11:21,765 [amqEmbeddedWorkerJmsContainer-6] [uk.ac.ebi.interpro.scan.io.pirsf.hmmer3.PirsfHmmer3RawMatchParser:130] WARN - Unexpected Raw match line: 1 !  669.1   0.0  2.3e-205  7.3e-203      30     541 ..      10     543 .]       2     543 .] 0.93
2023-06-24 18:11:21,766 [amqEmbeddedWorkerJmsContainer-6] [uk.ac.ebi.interpro.scan.io.pirsf.hmmer3.PirsfHmmer3RawMatchParser:129] WARN - Couldn't parse the given raw match line, because it is of an unexpected format.
2023-06-24 18:11:21,766 [amqEmbeddedWorkerJmsContainer-6] [uk.ac.ebi.interpro.scan.io.pirsf.hmmer3.PirsfHmmer3RawMatchParser:130] WARN - Unexpected Raw match line: Query sequence: 287 matches PIRSF005335: tRNA nucleotidyltransferase (CCA-adding enzyme), archaeal type
2023-06-24 18:11:21,766 [amqEmbeddedWorkerJmsContainer-6] [uk.ac.ebi.interpro.scan.io.pirsf.hmmer3.PirsfHmmer3RawMatchParser:129] WARN - Couldn't parse the given raw match line, because it is of an unexpected format.
2023-06-24 18:11:21,766 [amqEmbeddedWorkerJmsContainer-6] [uk.ac.ebi.interpro.scan.io.pirsf.hmmer3.PirsfHmmer3RawMatchParser:130] WARN - Unexpected Raw match line: #    score  bias  c-Evalue  i-Evalue hmmfrom  hmm to    alifrom  ali to    envfrom  env to     acc
2023-06-24 18:11:21,766 [amqEmbeddedWorkerJmsContainer-6] [uk.ac.ebi.interpro.scan.io.pirsf.hmmer3.PirsfHmmer3RawMatchParser:129] WARN - Couldn't parse the given raw match line, because it is of an unexpected format.
2023-06-24 18:11:21,766 [amqEmbeddedWorkerJmsContainer-6] [uk.ac.ebi.interpro.scan.io.pirsf.hmmer3.PirsfHmmer3RawMatchParser:130] WARN - Unexpected Raw match line: 1 !  250.5   2.6   1.6e-78     5e-76       7     409 ..      14     412 ..       8     417 .. 0.90
2023-06-24 18:11:21,766 [amqEmbeddedWorkerJmsContainer-6] [uk.ac.ebi.interpro.scan.io.pirsf.hmmer3.PirsfHmmer3RawMatchParser:129] WARN - Couldn't parse the given raw match line, because it is of an unexpected format.
2023-06-24 18:11:21,766 [amqEmbeddedWorkerJmsContainer-6] [uk.ac.ebi.interpro.scan.io.pirsf.hmmer3.PirsfHmmer3RawMatchParser:130] WARN - Unexpected Raw match line: Query sequence: 312 matches PIRSF000124: UDP-glucose/GDP-mannose dehydrogenase
2023-06-24 18:11:21,766 [amqEmbeddedWorkerJmsContainer-6] [uk.ac.ebi.interpro.scan.io.pirsf.hmmer3.PirsfHmmer3RawMatchParser:129] WARN - Couldn't parse the given raw match line, because it is of an unexpected format.
2023-06-24 18:11:21,766 [amqEmbeddedWorkerJmsContainer-6] [uk.ac.ebi.interpro.scan.io.pirsf.hmmer3.PirsfHmmer3RawMatchParser:130] WARN - Unexpected Raw match line: #    score  bias  c-Evalue  i-Evalue hmmfrom  hmm to    alifrom  ali to    envfrom  env to     acc
2023-06-24 18:11:21,766 [amqEmbeddedWorkerJmsContainer-6] [uk.ac.ebi.interpro.scan.io.pirsf.hmmer3.PirsfHmmer3RawMatchParser:129] WARN - Couldn't parse the given raw match line, because it is of an unexpected format.
2023-06-24 18:11:21,766 [amqEmbeddedWorkerJmsContainer-6] [uk.ac.ebi.interpro.scan.io.pirsf.hmmer3.PirsfHmmer3RawMatchParser:130] WARN - Unexpected Raw match line: 1 !  289.9   0.1   1.6e-90   5.2e-88       1     425 [.      33     455 ..      33     470 .. 0.88
2023-06-24 18:11:21,766 [amqEmbeddedWorkerJmsContainer-6] [uk.ac.ebi.interpro.scan.io.pirsf.hmmer3.PirsfHmmer3RawMatchParser:129] WARN - Couldn't parse the given raw match line, because it is of an unexpected format.
2023-06-24 18:11:21,766 [amqEmbeddedWorkerJmsContainer-6] [uk.ac.ebi.interpro.scan.io.pirsf.hmmer3.PirsfHmmer3RawMatchParser:130] WARN - Unexpected Raw match line: and matches Sub-Family PIRSF500134: UDP-glucose 6-dehydrogenase, bacterial type
2023-06-24 18:11:21,766 [amqEmbeddedWorkerJmsContainer-6] [uk.ac.ebi.interpro.scan.io.pirsf.hmmer3.PirsfHmmer3RawMatchParser:129] WARN - Couldn't parse the given raw match line, because it is of an unexpected format.
2023-06-24 18:11:21,767 [amqEmbeddedWorkerJmsContainer-6] [uk.ac.ebi.interpro.scan.io.pirsf.hmmer3.PirsfHmmer3RawMatchParser:130] WARN - Unexpected Raw match line: #    score  bias  c-Evalue  i-Evalue hmmfrom  hmm to    alifrom  ali to    envfrom  env to     acc
2023-06-24 18:11:21,767 [amqEmbeddedWorkerJmsContainer-6] [uk.ac.ebi.interpro.scan.io.pirsf.hmmer3.PirsfHmmer3RawMatchParser:129] WARN - Couldn't parse the given raw match line, because it is of an unexpected format.
2023-06-24 18:11:21,767 [amqEmbeddedWorkerJmsContainer-6] [uk.ac.ebi.interpro.scan.io.pirsf.hmmer3.PirsfHmmer3RawMatchParser:130] WARN - Unexpected Raw match line: 1 !  320.9   0.0  6.3e-100     2e-97       1     438 [.      33     471 ..      33     473 .. 0.89
2023-06-24 18:11:21,767 [amqEmbeddedWorkerJmsContainer-6] [uk.ac.ebi.interpro.scan.io.pirsf.hmmer3.PirsfHmmer3RawMatchParser:129] WARN - Couldn't parse the given raw match line, because it is of an unexpected format.
2023-06-24 18:11:21,767 [amqEmbeddedWorkerJmsContainer-6] [uk.ac.ebi.interpro.scan.io.pirsf.hmmer3.PirsfHmmer3RawMatchParser:130] WARN - Unexpected Raw match line: Query sequence: 315 matches PIRSF003085: Fatty-acyl-phospholipid/mycolic acid cyclopropane synthase
2023-06-24 18:11:21,767 [amqEmbeddedWorkerJmsContainer-6] [uk.ac.ebi.interpro.scan.io.pirsf.hmmer3.PirsfHmmer3RawMatchParser:129] WARN - Couldn't parse the given raw match line, because it is of an unexpected format.
2023-06-24 18:11:21,767 [amqEmbeddedWorkerJmsContainer-6] [uk.ac.ebi.interpro.scan.io.pirsf.hmmer3.PirsfHmmer3RawMatchParser:130] WARN - Unexpected Raw match line: #    score  bias  c-Evalue  i-Evalue hmmfrom  hmm to    alifrom  ali to    envfrom  env to     acc
2023-06-24 18:11:21,767 [amqEmbeddedWorkerJmsContainer-6] [uk.ac.ebi.interpro.scan.io.pirsf.hmmer3.PirsfHmmer3RawMatchParser:129] WARN - Couldn't parse the given raw match line, because it is of an unexpected format.
2023-06-24 18:11:21,767 [amqEmbeddedWorkerJmsContainer-6] [uk.ac.ebi.interpro.scan.io.pirsf.hmmer3.PirsfHmmer3RawMatchParser:130] WARN - Unexpected Raw match line: 1 !  386.9   0.3  5.7e-120  1.8e-117      46     397 ..      30     362 ..      14     367 .. 0.94
2023-06-24 18:11:21,767 [amqEmbeddedWorkerJmsContainer-6] [uk.ac.ebi.interpro.scan.io.pirsf.hmmer3.PirsfHmmer3RawMatchParser:129] WARN - Couldn't parse the given raw match line, because it is of an unexpected format.
2023-06-24 18:11:21,767 [amqEmbeddedWorkerJmsContainer-6] [uk.ac.ebi.interpro.scan.io.pirsf.hmmer3.PirsfHmmer3RawMatchParser:130] WARN - Unexpected Raw match line: Query sequence: 32 matches PIRSF000350: Mercury(II) reductase, MerA type
2023-06-24 18:11:21,767 [amqEmbeddedWorkerJmsContainer-6] [uk.ac.ebi.interpro.scan.io.pirsf.hmmer3.PirsfHmmer3RawMatchParser:129] WARN - Couldn't parse the given raw match line, because it is of an unexpected format.
2023-06-24 18:11:21,767 [amqEmbeddedWorkerJmsContainer-6] [uk.ac.ebi.interpro.scan.io.pirsf.hmmer3.PirsfHmmer3RawMatchParser:130] WARN - Unexpected Raw match line: #    score  bias  c-Evalue  i-Evalue hmmfrom  hmm to    alifrom  ali to    envfrom  env to     acc
2023-06-24 18:11:21,767 [amqEmbeddedWorkerJmsContainer-6] [uk.ac.ebi.interpro.scan.io.pirsf.hmmer3.PirsfHmmer3RawMatchParser:129] WARN - Couldn't parse the given raw match line, because it is of an unexpected format.
2023-06-24 18:11:21,767 [amqEmbeddedWorkerJmsContainer-6] [uk.ac.ebi.interpro.scan.io.pirsf.hmmer3.PirsfHmmer3RawMatchParser:130] WARN - Unexpected Raw match line: 1 !  295.9   1.1   6.6e-92   1.1e-89      88     520 ..       7     436 ..       3     450 .. 0.93
2023-06-24 18:11:21,768 [amqEmbeddedWorkerJmsContainer-6] [uk.ac.ebi.interpro.scan.io.pirsf.hmmer3.PirsfHmmer3RawMatchParser:129] WARN - Couldn't parse the given raw match line, because it is of an unexpected format.
2023-06-24 18:11:21,768 [amqEmbeddedWorkerJmsContainer-6] [uk.ac.ebi.interpro.scan.io.pirsf.hmmer3.PirsfHmmer3RawMatchParser:130] WARN - Unexpected Raw match line: Query sequence: 44 matches PIRSF000724: Phosphoglycerate kinase
2023-06-24 18:11:21,768 [amqEmbeddedWorkerJmsContainer-6] [uk.ac.ebi.interpro.scan.io.pirsf.hmmer3.PirsfHmmer3RawMatchParser:129] WARN - Couldn't parse the given raw match line, because it is of an unexpected format.
2023-06-24 18:11:21,768 [amqEmbeddedWorkerJmsContainer-6] [uk.ac.ebi.interpro.scan.io.pirsf.hmmer3.PirsfHmmer3RawMatchParser:130] WARN - Unexpected Raw match line: #    score  bias  c-Evalue  i-Evalue hmmfrom  hmm to    alifrom  ali to    envfrom  env to     acc
2023-06-24 18:11:21,768 [amqEmbeddedWorkerJmsContainer-6] [uk.ac.ebi.interpro.scan.io.pirsf.hmmer3.PirsfHmmer3RawMatchParser:129] WARN - Couldn't parse the given raw match line, because it is of an unexpected format.
2023-06-24 18:11:21,768 [amqEmbeddedWorkerJmsContainer-6] [uk.ac.ebi.interpro.scan.io.pirsf.hmmer3.PirsfHmmer3RawMatchParser:130] WARN - Unexpected Raw match line: 1 !  459.7   0.1    4e-142  1.3e-139       5     403 ..       2     381 .]       1     381 [] 0.95
2023-06-24 18:11:21,768 [amqEmbeddedWorkerJmsContainer-6] [uk.ac.ebi.interpro.scan.io.pirsf.hmmer3.PirsfHmmer3RawMatchParser:129] WARN - Couldn't parse the given raw match line, because it is of an unexpected format.
2023-06-24 18:11:21,768 [amqEmbeddedWorkerJmsContainer-6] [uk.ac.ebi.interpro.scan.io.pirsf.hmmer3.PirsfHmmer3RawMatchParser:130] WARN - Unexpected Raw match line: Query sequence: 45 matches PIRSF001400: Enolase
2023-06-24 18:11:21,768 [amqEmbeddedWorkerJmsContainer-6] [uk.ac.ebi.interpro.scan.io.pirsf.hmmer3.PirsfHmmer3RawMatchParser:129] WARN - Couldn't parse the given raw match line, because it is of an unexpected format.
2023-06-24 18:11:21,768 [amqEmbeddedWorkerJmsContainer-6] [uk.ac.ebi.interpro.scan.io.pirsf.hmmer3.PirsfHmmer3RawMatchParser:130] WARN - Unexpected Raw match line: #    score  bias  c-Evalue  i-Evalue hmmfrom  hmm to    alifrom  ali to    envfrom  env to     acc
2023-06-24 18:11:21,768 [amqEmbeddedWorkerJmsContainer-6] [uk.ac.ebi.interpro.scan.io.pirsf.hmmer3.PirsfHmmer3RawMatchParser:129] WARN - Couldn't parse the given raw match line, because it is of an unexpected format.
2023-06-24 18:11:21,768 [amqEmbeddedWorkerJmsContainer-6] [uk.ac.ebi.interpro.scan.io.pirsf.hmmer3.PirsfHmmer3RawMatchParser:130] WARN - Unexpected Raw match line: 1 !  588.1   0.0  4.7e-181  1.5e-178       2     425 ..      13     427 ..      12     430 .. 0.98
2023-06-24 18:11:21,768 [amqEmbeddedWorkerJmsContainer-6] [uk.ac.ebi.interpro.scan.io.pirsf.hmmer3.PirsfHmmer3RawMatchParser:129] WARN - Couldn't parse the given raw match line, because it is of an unexpected format.
2023-06-24 18:11:21,768 [amqEmbeddedWorkerJmsContainer-6] [uk.ac.ebi.interpro.scan.io.pirsf.hmmer3.PirsfHmmer3RawMatchParser:130] WARN - Unexpected Raw match line: Query sequence: 63 matches PIRSF001529: Serine-tRNA ligase
2023-06-24 18:11:21,768 [amqEmbeddedWorkerJmsContainer-6] [uk.ac.ebi.interpro.scan.io.pirsf.hmmer3.PirsfHmmer3RawMatchParser:129] WARN - Couldn't parse the given raw match line, because it is of an unexpected format.
2023-06-24 18:11:21,768 [amqEmbeddedWorkerJmsContainer-6] [uk.ac.ebi.interpro.scan.io.pirsf.hmmer3.PirsfHmmer3RawMatchParser:130] WARN - Unexpected Raw match line: #    score  bias  c-Evalue  i-Evalue hmmfrom  hmm to    alifrom  ali to    envfrom  env to     acc
2023-06-24 18:11:21,769 [amqEmbeddedWorkerJmsContainer-6] [uk.ac.ebi.interpro.scan.io.pirsf.hmmer3.PirsfHmmer3RawMatchParser:129] WARN - Couldn't parse the given raw match line, because it is of an unexpected format.
2023-06-24 18:11:21,769 [amqEmbeddedWorkerJmsContainer-6] [uk.ac.ebi.interpro.scan.io.pirsf.hmmer3.PirsfHmmer3RawMatchParser:130] WARN - Unexpected Raw match line: 1 !  525.5   0.3  9.2e-162  1.5e-159       1     421 [.      12     430 ..      12     433 .. 0.99
2023-06-24 18:11:21,769 [amqEmbeddedWorkerJmsContainer-6] [uk.ac.ebi.interpro.scan.io.pirsf.hmmer3.PirsfHmmer3RawMatchParser:129] WARN - Couldn't parse the given raw match line, because it is of an unexpected format.
2023-06-24 18:11:21,769 [amqEmbeddedWorkerJmsContainer-6] [uk.ac.ebi.interpro.scan.io.pirsf.hmmer3.PirsfHmmer3RawMatchParser:130] WARN - Unexpected Raw match line: Query sequence: 74 matches PIRSF000106: Malic enzyme
2023-06-24 18:11:21,769 [amqEmbeddedWorkerJmsContainer-6] [uk.ac.ebi.interpro.scan.io.pirsf.hmmer3.PirsfHmmer3RawMatchParser:129] WARN - Couldn't parse the given raw match line, because it is of an unexpected format.
2023-06-24 18:11:21,769 [amqEmbeddedWorkerJmsContainer-6] [uk.ac.ebi.interpro.scan.io.pirsf.hmmer3.PirsfHmmer3RawMatchParser:130] WARN - Unexpected Raw match line: #    score  bias  c-Evalue  i-Evalue hmmfrom  hmm to    alifrom  ali to    envfrom  env to     acc
2023-06-24 18:11:21,769 [amqEmbeddedWorkerJmsContainer-6] [uk.ac.ebi.interpro.scan.io.pirsf.hmmer3.PirsfHmmer3RawMatchParser:129] WARN - Couldn't parse the given raw match line, because it is of an unexpected format.
2023-06-24 18:11:21,769 [amqEmbeddedWorkerJmsContainer-6] [uk.ac.ebi.interpro.scan.io.pirsf.hmmer3.PirsfHmmer3RawMatchParser:130] WARN - Unexpected Raw match line: 1 !  230.0   5.3     3e-72   9.5e-70     150     540 ..      60     395 ..      51     398 .. 0.92
2023-06-24 18:11:21,769 [amqEmbeddedWorkerJmsContainer-6] [uk.ac.ebi.interpro.scan.io.pirsf.hmmer3.PirsfHmmer3RawMatchParser:129] WARN - Couldn't parse the given raw match line, because it is of an unexpected format.
2023-06-24 18:11:21,769 [amqEmbeddedWorkerJmsContainer-6] [uk.ac.ebi.interpro.scan.io.pirsf.hmmer3.PirsfHmmer3RawMatchParser:130] WARN - Unexpected Raw match line: Query sequence: 85 matches PIRSF016275: DNA polymerase II, large subunit, Euryarchaea type
2023-06-24 18:11:21,769 [amqEmbeddedWorkerJmsContainer-6] [uk.ac.ebi.interpro.scan.io.pirsf.hmmer3.PirsfHmmer3RawMatchParser:129] WARN - Couldn't parse the given raw match line, because it is of an unexpected format.
2023-06-24 18:11:21,769 [amqEmbeddedWorkerJmsContainer-6] [uk.ac.ebi.interpro.scan.io.pirsf.hmmer3.PirsfHmmer3RawMatchParser:130] WARN - Unexpected Raw match line: #    score  bias  c-Evalue  i-Evalue hmmfrom  hmm to    alifrom  ali to    envfrom  env to     acc
2023-06-24 18:11:21,769 [amqEmbeddedWorkerJmsContainer-6] [uk.ac.ebi.interpro.scan.io.pirsf.hmmer3.PirsfHmmer3RawMatchParser:129] WARN - Couldn't parse the given raw match line, because it is of an unexpected format.
2023-06-24 18:11:21,769 [amqEmbeddedWorkerJmsContainer-6] [uk.ac.ebi.interpro.scan.io.pirsf.hmmer3.PirsfHmmer3RawMatchParser:130] WARN - Unexpected Raw match line: 1 !  885.0   0.0  3.3e-270  1.1e-267      13     859 ..      18     942 ..      10     953 .. 0.92
2023-06-24 18:11:21,769 [amqEmbeddedWorkerJmsContainer-6] [uk.ac.ebi.interpro.scan.io.pirsf.hmmer3.PirsfHmmer3RawMatchParser:129] WARN - Couldn't parse the given raw match line, because it is of an unexpected format.
2023-06-24 18:11:21,769 [amqEmbeddedWorkerJmsContainer-6] [uk.ac.ebi.interpro.scan.io.pirsf.hmmer3.PirsfHmmer3RawMatchParser:130] WARN - Unexpected Raw match line: Query sequence: 91 matches PIRSF005902: Mg-dependent DNase, TatD type
2023-06-24 18:11:21,770 [amqEmbeddedWorkerJmsContainer-6] [uk.ac.ebi.interpro.scan.io.pirsf.hmmer3.PirsfHmmer3RawMatchParser:129] WARN - Couldn't parse the given raw match line, because it is of an unexpected format.
2023-06-24 18:11:21,770 [amqEmbeddedWorkerJmsContainer-6] [uk.ac.ebi.interpro.scan.io.pirsf.hmmer3.PirsfHmmer3RawMatchParser:130] WARN - Unexpected Raw match line: #    score  bias  c-Evalue  i-Evalue hmmfrom  hmm to    alifrom  ali to    envfrom  env to     acc
2023-06-24 18:11:21,770 [amqEmbeddedWorkerJmsContainer-6] [uk.ac.ebi.interpro.scan.io.pirsf.hmmer3.PirsfHmmer3RawMatchParser:129] WARN - Couldn't parse the given raw match line, because it is of an unexpected format.
2023-06-24 18:11:21,770 [amqEmbeddedWorkerJmsContainer-6] [uk.ac.ebi.interpro.scan.io.pirsf.hmmer3.PirsfHmmer3RawMatchParser:130] WARN - Unexpected Raw match line: 1 !  195.3   1.7   6.7e-62   2.1e-59      58     333 ..      46     313 .]      23     313 .] 0.89
2023-06-24 18:11:21,770 [amqEmbeddedWorkerJmsContainer-6] [uk.ac.ebi.interpro.scan.io.pirsf.hmmer3.PirsfHmmer3RawMatchParser:129] WARN - Couldn't parse the given raw match line, because it is of an unexpected format.
2023-06-24 18:11:21,770 [amqEmbeddedWorkerJmsContainer-6] [uk.ac.ebi.interpro.scan.io.pirsf.hmmer3.PirsfHmmer3RawMatchParser:130] WARN - Unexpected Raw match line: Query sequence: 94 matches PIRSF002849: Predicted AAA-type ATPase enzymatic complex assembly chaperone, MoxR type
2023-06-24 18:11:21,770 [amqEmbeddedWorkerJmsContainer-6] [uk.ac.ebi.interpro.scan.io.pirsf.hmmer3.PirsfHmmer3RawMatchParser:129] WARN - Couldn't parse the given raw match line, because it is of an unexpected format.
2023-06-24 18:11:21,770 [amqEmbeddedWorkerJmsContainer-6] [uk.ac.ebi.interpro.scan.io.pirsf.hmmer3.PirsfHmmer3RawMatchParser:130] WARN - Unexpected Raw match line: #    score  bias  c-Evalue  i-Evalue hmmfrom  hmm to    alifrom  ali to    envfrom  env to     acc
2023-06-24 18:11:21,770 [amqEmbeddedWorkerJmsContainer-6] [uk.ac.ebi.interpro.scan.io.pirsf.hmmer3.PirsfHmmer3RawMatchParser:129] WARN - Couldn't parse the given raw match line, because it is of an unexpected format.
2023-06-24 18:11:21,770 [amqEmbeddedWorkerJmsContainer-6] [uk.ac.ebi.interpro.scan.io.pirsf.hmmer3.PirsfHmmer3RawMatchParser:130] WARN - Unexpected Raw match line: 1 !  430.8   0.4  4.4e-133  4.7e-131      17     330 ..      23     340 ..      15     341 .] 0.97
2023-06-24 18:11:21,770 [amqEmbeddedWorkerJmsContainer-6] [uk.ac.ebi.interpro.scan.io.pirsf.hmmer3.PirsfHmmer3RawMatchParser:129] WARN - Couldn't parse the given raw match line, because it is of an unexpected format.
2023-06-24 18:11:21,770 [amqEmbeddedWorkerJmsContainer-6] [uk.ac.ebi.interpro.scan.io.pirsf.hmmer3.PirsfHmmer3RawMatchParser:130] WARN - Unexpected Raw match line: Query sequence: 95 matches PIRSF005047: Uncharacterised protein with DNA polymerase family X (POLIIIAc) and PHP domains
2023-06-24 18:11:21,770 [amqEmbeddedWorkerJmsContainer-6] [uk.ac.ebi.interpro.scan.io.pirsf.hmmer3.PirsfHmmer3RawMatchParser:129] WARN - Couldn't parse the given raw match line, because it is of an unexpected format.
2023-06-24 18:11:21,770 [amqEmbeddedWorkerJmsContainer-6] [uk.ac.ebi.interpro.scan.io.pirsf.hmmer3.PirsfHmmer3RawMatchParser:130] WARN - Unexpected Raw match line: #    score  bias  c-Evalue  i-Evalue hmmfrom  hmm to    alifrom  ali to    envfrom  env to     acc
2023-06-24 18:11:21,771 [amqEmbeddedWorkerJmsContainer-6] [uk.ac.ebi.interpro.scan.io.pirsf.hmmer3.PirsfHmmer3RawMatchParser:129] WARN - Couldn't parse the given raw match line, because it is of an unexpected format.
2023-06-24 18:11:21,771 [amqEmbeddedWorkerJmsContainer-6] [uk.ac.ebi.interpro.scan.io.pirsf.hmmer3.PirsfHmmer3RawMatchParser:130] WARN - Unexpected Raw match line: 1 !  756.3   2.8  9.2e-232  2.9e-229       2     573 ..       5     573 .]       4     573 .] 0.99
24/06/2023 18:19:46:359 100% done:  InterProScan analyses completed 

2023-06-24 18:19:46,862 [main] [uk.ac.ebi.interpro.scan.jms.master.AbstractMaster:259] WARN - Master process unable to delete temporary directory /projects/raw_lab/jobs/metacerberus/temp/str-c98.uncc.edu_20230624_180839304_1uif
2751.76user 221.66system 11:12.13elapsed 442%CPU (0avgtext+0avgdata 3527236maxresident)k
2527080inputs+1283952outputs (471major+16819636minor)pagefaults 0swaps

======================================================
End Time   : Sat Jun 24 18:19:46 EDT 2023
Run Time   : 672 seconds
======================================================

