=====================================================
Start Time  : Wed Jun 28 12:03:38 EDT 2023
Submit Dir  : /projects/raw_lab/jobs/metacerberus
Job ID/Name : 4041533 / PROKKA
Node List   : str-c93
Num Tasks   : 1 total [1 nodes @ 16 CPUs/node]
======================================================

Loading prokka/1.14.6
  Loading requirement: anaconda3/2022.10
======================================================
Running PROKKA On GTDB-100/genomes/archaea/GCA_016185625.1.fna
======================================================
Archaea
[12:03:40] This is prokka 1.14.6
[12:03:40] Written by Torsten Seemann <torsten.seemann@gmail.com>
[12:03:40] Homepage is https://github.com/tseemann/prokka
[12:03:40] Local time is Wed Jun 28 12:03:40 2023
[12:03:40] You are jlfiguer
[12:03:40] Operating system is linux
[12:03:40] You have BioPerl 1.7.8
Argument "1.7.8" isn't numeric in numeric lt (<) at /apps/pkg/anaconda3/2022.10/envs/prokka-1.14.6/bin/prokka line 259.
[12:03:40] System has 16 cores.
[12:03:40] Will use maximum of 16 cores.
[12:03:40] Annotating as >>> Archaea <<<
[12:03:40] Generating locus_tag from 'GTDB-100/genomes/archaea/GCA_016185625.1.fna' contents.
[12:03:41] Setting --locustag DHCCLKOK from MD5 d1cc5484153a051a4048f64e3dccd230
[12:03:41] Creating new output folder: results/PROKKA/GTDB-100/genomes/archaea/GCA_016185625.1
[12:03:41] Running: mkdir -p results\/PROKKA\/GTDB\-100\/genomes\/archaea\/GCA_016185625\.1
[12:03:41] Using filename prefix: GCA_016185625.1.XXX
[12:03:41] Setting HMMER_NCPU=1
[12:03:41] Writing log to: results/PROKKA/GTDB-100/genomes/archaea/GCA_016185625.1/GCA_016185625.1.log
[12:03:41] Command: /apps/pkg/anaconda3/2022.10/envs/prokka-1.14.6/bin/prokka --prefix GCA_016185625.1 --outdir results/PROKKA/GTDB-100/genomes/archaea/GCA_016185625.1 --kingdom Archaea --cpus 16 GTDB-100/genomes/archaea/GCA_016185625.1.fna
[12:03:41] Appending to PATH: /apps/pkg/anaconda3/2022.10/envs/prokka-1.14.6/bin
[12:03:41] Looking for 'aragorn' - found /apps/pkg/anaconda3/2022.10/envs/prokka-1.14.6/bin/aragorn
[12:03:41] Determined aragorn version is 001002 from 'ARAGORN v1.2.41 Dean Laslett'
[12:03:41] Looking for 'barrnap' - found /apps/pkg/anaconda3/2022.10/envs/prokka-1.14.6/bin/barrnap
[12:03:41] Determined barrnap version is 000009 from 'barrnap 0.9'
[12:03:41] Looking for 'blastp' - found /apps/pkg/anaconda3/2022.10/envs/prokka-1.14.6/bin/blastp
[12:03:41] Determined blastp version is 002013 from 'blastp: 2.13.0+'
[12:03:41] Looking for 'cmpress' - found /apps/pkg/anaconda3/2022.10/envs/prokka-1.14.6/bin/cmpress
[12:03:41] Determined cmpress version is 001001 from '# INFERNAL 1.1.4 (Dec 2020)'
[12:03:41] Looking for 'cmscan' - found /apps/pkg/anaconda3/2022.10/envs/prokka-1.14.6/bin/cmscan
[12:03:41] Determined cmscan version is 001001 from '# INFERNAL 1.1.4 (Dec 2020)'
[12:03:41] Looking for 'egrep' - found /usr/bin/egrep
[12:03:41] Looking for 'find' - found /usr/bin/find
[12:03:41] Looking for 'grep' - found /usr/bin/grep
[12:03:41] Looking for 'hmmpress' - found /apps/pkg/anaconda3/2022.10/envs/prokka-1.14.6/bin/hmmpress
[12:03:41] Determined hmmpress version is 003003 from '# HMMER 3.3.2 (Nov 2020); http://hmmer.org/'
[12:03:41] Looking for 'hmmscan' - found /apps/pkg/anaconda3/2022.10/envs/prokka-1.14.6/bin/hmmscan
[12:03:41] Determined hmmscan version is 003003 from '# HMMER 3.3.2 (Nov 2020); http://hmmer.org/'
[12:03:41] Looking for 'java' - found /apps/pkg/anaconda3/2022.10/envs/prokka-1.14.6/bin/java
[12:03:41] Looking for 'makeblastdb' - found /apps/pkg/anaconda3/2022.10/envs/prokka-1.14.6/bin/makeblastdb
[12:03:41] Determined makeblastdb version is 002013 from 'makeblastdb: 2.13.0+'
[12:03:41] Looking for 'minced' - found /apps/pkg/anaconda3/2022.10/envs/prokka-1.14.6/bin/minced
[12:03:41] Determined minced version is 004002 from 'minced 0.4.2'
[12:03:41] Looking for 'parallel' - found /apps/pkg/anaconda3/2022.10/envs/prokka-1.14.6/bin/parallel
[12:03:41] Determined parallel version is 20230122 from 'GNU parallel 20230122'
[12:03:41] Looking for 'prodigal' - found /apps/pkg/anaconda3/2022.10/envs/prokka-1.14.6/bin/prodigal
[12:03:41] Determined prodigal version is 002006 from 'Prodigal V2.6.3: February, 2016'
[12:03:41] Looking for 'prokka-genbank_to_fasta_db' - found /apps/pkg/anaconda3/2022.10/envs/prokka-1.14.6/bin/prokka-genbank_to_fasta_db
[12:03:41] Looking for 'sed' - found /usr/bin/sed
[12:03:41] Looking for 'tbl2asn' - found /apps/pkg/anaconda3/2022.10/envs/prokka-1.14.6/bin/tbl2asn
[12:03:41] Determined tbl2asn version is 025007 from 'tbl2asn 25.7   arguments:'
[12:03:41] Using genetic code table 11.
[12:03:41] Loading and checking input file: GTDB-100/genomes/archaea/GCA_016185625.1.fna
[12:03:41] Wrote 46 contigs totalling 1163668 bp.
[12:03:41] Predicting tRNAs and tmRNAs
[12:03:41] Running: aragorn -l -gc11  -w results\/PROKKA\/GTDB\-100\/genomes\/archaea\/GCA_016185625\.1\/GCA_016185625\.1\.fna
[12:03:41] tRNA c[37244,37330] is a pseudo/wacky gene - skipping.
[12:03:41] 1 tRNA-Leu c[15827,15918] 32 (caa)
[12:03:41] 1 tRNA-Leu [27737,27824] 36 (gag)
[12:03:41] 1 tRNA-Asn c[7895,7980] 33 (gtt)
[12:03:41] 1 tRNA-Leu [7165,7249] 35 (tag)
[12:03:41] Found 4 tRNAs
[12:03:41] Predicting Ribosomal RNAs
[12:03:41] Running Barrnap with 16 threads
[12:03:42] 1 JACPND010000011.1 36569 16S ribosomal RNA (partial)
[12:03:42] 2 JACPND010000025.1 2 23S ribosomal RNA (partial)
[12:03:42] 3 JACPND010000046.1 7181 5S ribosomal RNA
[12:03:42] Found 3 rRNAs
[12:03:42] Skipping ncRNA search, enable with --rfam if desired.
[12:03:42] Total of 7 tRNA + rRNA features
[12:03:42] Searching for CRISPR repeats
[12:03:42] Found 0 CRISPRs
[12:03:42] Predicting coding sequences
[12:03:42] Contigs total 1163668 bp, so using single mode
[12:03:42] Running: prodigal -i results\/PROKKA\/GTDB\-100\/genomes\/archaea\/GCA_016185625\.1\/GCA_016185625\.1\.fna -c -m -g 11 -p single -f sco -q
[12:03:43] Found 1340 CDS
[12:03:43] Connecting features back to sequences
[12:03:43] Not using genus-specific database. Try --usegenus to enable it.
[12:03:43] Annotating CDS, please be patient.
[12:03:43] Will use 16 CPUs for similarity searching.
[12:03:43] There are still 1340 unannotated CDS left (started with 1340)
[12:03:43] Will use blast to search against /apps/pkg/anaconda3/2022.10/envs/prokka-1.14.6/db/kingdom/Archaea/sprot with 16 CPUs
[12:03:43] Running: cat results\/PROKKA\/GTDB\-100\/genomes\/archaea\/GCA_016185625\.1\/GCA_016185625\.1\.sprot\.tmp\.1394305\.faa | parallel --gnu --plain -j 16 --block 10566 --recstart '>' --pipe blastp -query - -db /apps/pkg/anaconda3/2022.10/envs/prokka-1.14.6/db/kingdom/Archaea/sprot -evalue 1e-09 -qcov_hsp_perc 80 -num_threads 1 -num_descriptions 1 -num_alignments 1 -seg no > results\/PROKKA\/GTDB\-100\/genomes\/archaea\/GCA_016185625\.1\/GCA_016185625\.1\.sprot\.tmp\.1394305\.blast 2> /dev/null
[12:03:45] Modify product: Uncharacterized ABC transporter ATP-binding protein MJ0796 => putative ABC transporter ATP-binding protein
[12:03:45] Modify product: Probable tRNA pseudouridine synthase D => putative tRNA pseudouridine synthase D
[12:03:45] Modify product: Probable copper-exporting P-type ATPase => putative copper-exporting P-type ATPase
[12:03:45] Modify product: Zinc metalloprotease MJ0392 => Zinc metalloprotease
[12:03:45] Modify product: Putative FKBP-type peptidyl-prolyl cis-trans isomerase MJ0825 => Putative FKBP-type peptidyl-prolyl cis-trans isomerase
[12:03:45] Modify product: ATP-dependent DNA helicase Ta0057 => ATP-dependent DNA helicase
[12:03:45] Modify product: Protein pelota homolog => Protein pelota 
[12:03:45] Modify product: UDP-N-acetylglucosamine 2-epimerase homolog => UDP-N-acetylglucosamine 2-epimerase 
[12:03:45] Modify product: Probable ATP-dependent RNA helicase MJ0669 => putative ATP-dependent RNA helicase
[12:03:45] Modify product: UPF0215 protein AF_1433 => hypothetical protein
[12:03:45] Modify product: Probable deoxyhypusine synthase => putative deoxyhypusine synthase
[12:03:45] Modify product: Ribosome maturation protein SDO1 homolog => Ribosome maturation protein SDO1 
[12:03:45] Modify product: Probable tRNA pseudouridine synthase B => putative tRNA pseudouridine synthase B
[12:03:45] Modify product: Probable branched-chain amino acid transport ATP-binding protein LivG => putative branched-chain amino acid transport ATP-binding protein LivG
[12:03:45] Modify product: Protein translation factor SUI1 homolog => Protein translation factor SUI1 
[12:03:45] Modify product: Uncharacterized NOP5 family protein MJ0694 => putative NOP5 family protein
[12:03:45] Modify product: Probable transaldolase => putative transaldolase
[12:03:45] Modify product: Uncharacterized HTH-type transcriptional regulator PH1519 => putative HTH-type transcriptional regulator
[12:03:45] Modify product: Probable branched-chain amino acid transport ATP-binding protein LivG => putative branched-chain amino acid transport ATP-binding protein LivG
[12:03:45] Modify product: Probable branched-chain amino acid transport ATP-binding protein LivG => putative branched-chain amino acid transport ATP-binding protein LivG
[12:03:45] Modify product: Probable translation initiation factor IF-2 => putative translation initiation factor IF-2
[12:03:45] Cleaned 21 /product names
[12:03:45] Deleting unwanted file: results/PROKKA/GTDB-100/genomes/archaea/GCA_016185625.1/GCA_016185625.1.sprot.tmp.1394305.faa
[12:03:45] Deleting unwanted file: results/PROKKA/GTDB-100/genomes/archaea/GCA_016185625.1/GCA_016185625.1.sprot.tmp.1394305.blast
[12:03:45] There are still 1108 unannotated CDS left (started with 1340)
[12:03:45] Will use hmmer3 to search against /apps/pkg/anaconda3/2022.10/envs/prokka-1.14.6/db/hmm/HAMAP.hmm with 16 CPUs
[12:03:45] Running: cat results\/PROKKA\/GTDB\-100\/genomes\/archaea\/GCA_016185625\.1\/GCA_016185625\.1\.HAMAP\.hmm\.tmp\.1394305\.faa | parallel --gnu --plain -j 16 --block 8328 --recstart '>' --pipe hmmscan --noali --notextw --acc -E 1e-09 --cpu 1 /apps/pkg/anaconda3/2022.10/envs/prokka-1.14.6/db/hmm/HAMAP.hmm /dev/stdin > results\/PROKKA\/GTDB\-100\/genomes\/archaea\/GCA_016185625\.1\/GCA_016185625\.1\.HAMAP\.hmm\.tmp\.1394305\.hmmer3 2> /dev/null
[12:03:52] Deleting unwanted file: results/PROKKA/GTDB-100/genomes/archaea/GCA_016185625.1/GCA_016185625.1.HAMAP.hmm.tmp.1394305.faa
[12:03:52] Deleting unwanted file: results/PROKKA/GTDB-100/genomes/archaea/GCA_016185625.1/GCA_016185625.1.HAMAP.hmm.tmp.1394305.hmmer3
[12:03:52] Labelling remaining 964 proteins as 'hypothetical protein'
[12:03:52] Possible /pseudo '4-amino-4-deoxy-L-arabinose-phosphoundecaprenol flippase subunit ArnE' at JACPND010000034.1 position 7440
[12:03:52] Possible /pseudo 'putative branched-chain amino acid transport ATP-binding protein LivG' at JACPND010000040.1 position 19905
[12:03:52] Possible /pseudo '5-methyltetrahydropteroyltriglutamate--homocysteine methyltransferase' at JACPND010000003.1 position 1156
[12:03:52] Found 265 unique /gene codes.
[12:03:52] Fixed 2 duplicate /gene - pyrB_1 pyrB_2
[12:03:52] Fixed 2 duplicate /gene - smc_1 smc_2
[12:03:52] Fixed 3 duplicate /gene - xerA_1 xerA_2 xerA_3
[12:03:52] Fixed 2 duplicate /gene - arnB_1 arnB_2
[12:03:52] Fixed 2 duplicate /gene - ileS_1 ileS_2
[12:03:52] Fixed 2 duplicate /gene - metK_1 metK_2
[12:03:52] Fixed 2 duplicate /gene - metE_1 metE_2
[12:03:52] Fixed 2 duplicate /gene - resA_1 resA_2
[12:03:52] Fixed 2 duplicate /gene - aspS_1 aspS_2
[12:03:52] Fixed 2 duplicate /gene - thiI_1 thiI_2
[12:03:52] Fixed 2 duplicate /gene - rbn_1 rbn_2
[12:03:52] Fixed 8 duplicate /gene - COQ5_1 COQ5_2 COQ5_3 COQ5_4 COQ5_5 COQ5_6 COQ5_7 COQ5_8
[12:03:52] Fixed 2 duplicate /gene - prs_1 prs_2
[12:03:52] Fixed 3 duplicate /gene - glmU_1 glmU_2 glmU_3
[12:03:52] Fixed 2 duplicate /gene - vapC_1 vapC_2
[12:03:52] Fixed 2 duplicate /gene - tmk_1 tmk_2
[12:03:52] Fixed 2 duplicate /gene - ftsZ_1 ftsZ_2
[12:03:52] Fixed 2 duplicate /gene - lon_1 lon_2
[12:03:52] Fixed 3 duplicate /gene - cugP_1 cugP_2 cugP_3
[12:03:52] Fixed 3 duplicate /gene - der_1 der_2 der_3
[12:03:52] Fixed 3 duplicate /gene - livG_1 livG_2 livG_3
[12:03:52] Fixed 2 duplicate /gene - gph_1 gph_2
[12:03:52] Fixed 2 duplicate /gene - purF_1 purF_2
[12:03:52] Fixed 2 duplicate /gene - dsbD_1 dsbD_2
[12:03:52] Fixed 2 duplicate /gene - proS_1 proS_2
[12:03:52] Fixed 2 duplicate /gene - arnE_1 arnE_2
[12:03:52] Fixed 3 duplicate /gene - arnC_1 arnC_2 arnC_3
[12:03:52] Fixed 2 duplicate /gene - trmBL2_1 trmBL2_2
[12:03:52] Fixed 2 duplicate /gene - moaA_1 moaA_2
[12:03:52] Fixed 2 duplicate /gene - rpoD_1 rpoD_2
[12:03:52] Fixed 30 colliding /gene names.
[12:03:52] Adding /locus_tag identifiers
[12:03:52] Assigned 1347 locus_tags to CDS and RNA features.
[12:03:52] Writing outputs to results/PROKKA/GTDB-100/genomes/archaea/GCA_016185625.1/
[12:03:52] Generating annotation statistics file
[12:03:52] Generating Genbank and Sequin files
[12:03:52] Running: tbl2asn -V b -a r10k -l paired-ends -M n -N 1 -y 'Annotated using prokka 1.14.6 from https://github.com/tseemann/prokka' -Z results\/PROKKA\/GTDB\-100\/genomes\/archaea\/GCA_016185625\.1\/GCA_016185625\.1\.err -i results\/PROKKA\/GTDB\-100\/genomes\/archaea\/GCA_016185625\.1\/GCA_016185625\.1\.fsa 2> /dev/null
[tbl2asn-forever] Found Prokka input, correcting dates in .gbf|.sqn files.
[tbl2asn-forever] Correcting dates in results/PROKKA/GTDB-100/genomes/archaea/GCA_016185625.1/GCA_016185625.1.gbf
[tbl2asn-forever] Correcting dates in results/PROKKA/GTDB-100/genomes/archaea/GCA_016185625.1/GCA_016185625.1.sqn
[tbl2asn-forever] Dates changed from 01-JAN-2019 to 28-JUN-2023
[12:03:55] Deleting unwanted file: results/PROKKA/GTDB-100/genomes/archaea/GCA_016185625.1/errorsummary.val
[12:03:55] Deleting unwanted file: results/PROKKA/GTDB-100/genomes/archaea/GCA_016185625.1/GCA_016185625.1.dr
[12:03:55] Deleting unwanted file: results/PROKKA/GTDB-100/genomes/archaea/GCA_016185625.1/GCA_016185625.1.fixedproducts
[12:03:55] Deleting unwanted file: results/PROKKA/GTDB-100/genomes/archaea/GCA_016185625.1/GCA_016185625.1.ecn
[12:03:55] Deleting unwanted file: results/PROKKA/GTDB-100/genomes/archaea/GCA_016185625.1/GCA_016185625.1.val
[12:03:55] Repairing broken .GBK output that tbl2asn produces...
[12:03:55] Running: sed 's/COORDINATES: profile/COORDINATES:profile/' < results\/PROKKA\/GTDB\-100\/genomes\/archaea\/GCA_016185625\.1\/GCA_016185625\.1\.gbf > results\/PROKKA\/GTDB\-100\/genomes\/archaea\/GCA_016185625\.1\/GCA_016185625\.1\.gbk
[12:03:55] Deleting unwanted file: results/PROKKA/GTDB-100/genomes/archaea/GCA_016185625.1/GCA_016185625.1.gbf
[12:03:55] Output files:
[12:03:55] results/PROKKA/GTDB-100/genomes/archaea/GCA_016185625.1/GCA_016185625.1.log
[12:03:55] results/PROKKA/GTDB-100/genomes/archaea/GCA_016185625.1/GCA_016185625.1.fna
[12:03:55] results/PROKKA/GTDB-100/genomes/archaea/GCA_016185625.1/GCA_016185625.1.gff
[12:03:55] results/PROKKA/GTDB-100/genomes/archaea/GCA_016185625.1/GCA_016185625.1.faa
[12:03:55] results/PROKKA/GTDB-100/genomes/archaea/GCA_016185625.1/GCA_016185625.1.ffn
[12:03:55] results/PROKKA/GTDB-100/genomes/archaea/GCA_016185625.1/GCA_016185625.1.tbl
[12:03:55] results/PROKKA/GTDB-100/genomes/archaea/GCA_016185625.1/GCA_016185625.1.fsa
[12:03:55] results/PROKKA/GTDB-100/genomes/archaea/GCA_016185625.1/GCA_016185625.1.tsv
[12:03:55] results/PROKKA/GTDB-100/genomes/archaea/GCA_016185625.1/GCA_016185625.1.txt
[12:03:55] results/PROKKA/GTDB-100/genomes/archaea/GCA_016185625.1/GCA_016185625.1.err
[12:03:55] results/PROKKA/GTDB-100/genomes/archaea/GCA_016185625.1/GCA_016185625.1.sqn
[12:03:55] results/PROKKA/GTDB-100/genomes/archaea/GCA_016185625.1/GCA_016185625.1.gbk
[12:03:55] Annotation finished successfully.
[12:03:55] Walltime used: 0.25 minutes
[12:03:55] If you use this result please cite the Prokka paper:
[12:03:55] Seemann T (2014) Prokka: rapid prokaryotic genome annotation. Bioinformatics. 30(14):2068-9.
[12:03:55] Type 'prokka --citation' for more details.
[12:03:55] Share and enjoy!
66.36user 31.23system 0:14.37elapsed 679%CPU (0avgtext+0avgdata 159116maxresident)k
24656inputs+110584outputs (0major+5461212minor)pagefaults 0swaps

======================================================
End Time   : Wed Jun 28 12:03:55 EDT 2023
Run Time   : 17 seconds
======================================================

