=====================================================
Start Time  : Wed Jun 28 12:02:14 EDT 2023
Submit Dir  : /projects/raw_lab/jobs/metacerberus
Job ID/Name : 4041434 / PROKKA
Node List   : str-c91
Num Tasks   : 1 total [1 nodes @ 16 CPUs/node]
======================================================

Loading prokka/1.14.6
  Loading requirement: anaconda3/2022.10
======================================================
Running PROKKA On GTDB-100/genomes/archaea/GCA_021654395.1.fna
======================================================
Archaea
[12:02:17] This is prokka 1.14.6
[12:02:17] Written by Torsten Seemann <torsten.seemann@gmail.com>
[12:02:17] Homepage is https://github.com/tseemann/prokka
[12:02:17] Local time is Wed Jun 28 12:02:17 2023
[12:02:17] You are jlfiguer
[12:02:17] Operating system is linux
[12:02:17] You have BioPerl 1.7.8
Argument "1.7.8" isn't numeric in numeric lt (<) at /apps/pkg/anaconda3/2022.10/envs/prokka-1.14.6/bin/prokka line 259.
[12:02:17] System has 16 cores.
[12:02:17] Will use maximum of 16 cores.
[12:02:17] Annotating as >>> Archaea <<<
[12:02:17] Generating locus_tag from 'GTDB-100/genomes/archaea/GCA_021654395.1.fna' contents.
[12:02:17] Setting --locustag IKPCOJFP from MD5 249c83f9411f6ad1d9f93512aadcf5df
[12:02:17] Creating new output folder: results/PROKKA/GTDB-100/genomes/archaea/GCA_021654395.1
[12:02:17] Running: mkdir -p results\/PROKKA\/GTDB\-100\/genomes\/archaea\/GCA_021654395\.1
[12:02:17] Using filename prefix: GCA_021654395.1.XXX
[12:02:17] Setting HMMER_NCPU=1
[12:02:17] Writing log to: results/PROKKA/GTDB-100/genomes/archaea/GCA_021654395.1/GCA_021654395.1.log
[12:02:17] Command: /apps/pkg/anaconda3/2022.10/envs/prokka-1.14.6/bin/prokka --prefix GCA_021654395.1 --outdir results/PROKKA/GTDB-100/genomes/archaea/GCA_021654395.1 --kingdom Archaea --cpus 16 GTDB-100/genomes/archaea/GCA_021654395.1.fna
[12:02:17] Appending to PATH: /apps/pkg/anaconda3/2022.10/envs/prokka-1.14.6/bin
[12:02:17] Looking for 'aragorn' - found /apps/pkg/anaconda3/2022.10/envs/prokka-1.14.6/bin/aragorn
[12:02:17] Determined aragorn version is 001002 from 'ARAGORN v1.2.41 Dean Laslett'
[12:02:17] Looking for 'barrnap' - found /apps/pkg/anaconda3/2022.10/envs/prokka-1.14.6/bin/barrnap
[12:02:17] Determined barrnap version is 000009 from 'barrnap 0.9'
[12:02:17] Looking for 'blastp' - found /apps/pkg/anaconda3/2022.10/envs/prokka-1.14.6/bin/blastp
[12:02:18] Determined blastp version is 002013 from 'blastp: 2.13.0+'
[12:02:18] Looking for 'cmpress' - found /apps/pkg/anaconda3/2022.10/envs/prokka-1.14.6/bin/cmpress
[12:02:18] Determined cmpress version is 001001 from '# INFERNAL 1.1.4 (Dec 2020)'
[12:02:18] Looking for 'cmscan' - found /apps/pkg/anaconda3/2022.10/envs/prokka-1.14.6/bin/cmscan
[12:02:18] Determined cmscan version is 001001 from '# INFERNAL 1.1.4 (Dec 2020)'
[12:02:18] Looking for 'egrep' - found /usr/bin/egrep
[12:02:18] Looking for 'find' - found /usr/bin/find
[12:02:18] Looking for 'grep' - found /usr/bin/grep
[12:02:18] Looking for 'hmmpress' - found /apps/pkg/anaconda3/2022.10/envs/prokka-1.14.6/bin/hmmpress
[12:02:18] Determined hmmpress version is 003003 from '# HMMER 3.3.2 (Nov 2020); http://hmmer.org/'
[12:02:18] Looking for 'hmmscan' - found /apps/pkg/anaconda3/2022.10/envs/prokka-1.14.6/bin/hmmscan
[12:02:18] Determined hmmscan version is 003003 from '# HMMER 3.3.2 (Nov 2020); http://hmmer.org/'
[12:02:18] Looking for 'java' - found /apps/pkg/anaconda3/2022.10/envs/prokka-1.14.6/bin/java
[12:02:18] Looking for 'makeblastdb' - found /apps/pkg/anaconda3/2022.10/envs/prokka-1.14.6/bin/makeblastdb
[12:02:18] Determined makeblastdb version is 002013 from 'makeblastdb: 2.13.0+'
[12:02:18] Looking for 'minced' - found /apps/pkg/anaconda3/2022.10/envs/prokka-1.14.6/bin/minced
[12:02:18] Determined minced version is 004002 from 'minced 0.4.2'
[12:02:18] Looking for 'parallel' - found /apps/pkg/anaconda3/2022.10/envs/prokka-1.14.6/bin/parallel
[12:02:18] Determined parallel version is 20230122 from 'GNU parallel 20230122'
[12:02:18] Looking for 'prodigal' - found /apps/pkg/anaconda3/2022.10/envs/prokka-1.14.6/bin/prodigal
[12:02:18] Determined prodigal version is 002006 from 'Prodigal V2.6.3: February, 2016'
[12:02:18] Looking for 'prokka-genbank_to_fasta_db' - found /apps/pkg/anaconda3/2022.10/envs/prokka-1.14.6/bin/prokka-genbank_to_fasta_db
[12:02:18] Looking for 'sed' - found /usr/bin/sed
[12:02:18] Looking for 'tbl2asn' - found /apps/pkg/anaconda3/2022.10/envs/prokka-1.14.6/bin/tbl2asn
[12:02:19] Determined tbl2asn version is 025007 from 'tbl2asn 25.7   arguments:'
[12:02:19] Using genetic code table 11.
[12:02:19] Loading and checking input file: GTDB-100/genomes/archaea/GCA_021654395.1.fna
[12:02:19] Wrote 1 contigs totalling 814439 bp.
[12:02:19] Predicting tRNAs and tmRNAs
[12:02:19] Running: aragorn -l -gc11  -w results\/PROKKA\/GTDB\-100\/genomes\/archaea\/GCA_021654395\.1\/GCA_021654395\.1\.fna
[12:02:19] 1 tRNA-Lys c[23430,23504] 35 (ttt)
[12:02:19] 2 tRNA-Asn [34081,34153] 34 (gtt)
[12:02:19] 3 tRNA-Leu c[55694,55781] 37 (gag)
[12:02:19] 4 tRNA-Thr [60522,60593] 33 (ggt)
[12:02:19] 5 tRNA-Asp c[115485,115558] 35 (gtc)
[12:02:19] 6 tRNA-Tyr c[116952,117039] 34 (gta)
[12:02:19] 7 tRNA-Gln c[153137,153209] 35 (ttg)
[12:02:19] 8 tRNA-Glu [193622,193696] 36 (ctc)
[12:02:19] 9 tRNA-Met c[233205,233280] 36 (cat)
[12:02:19] 10 tRNA-Ile c[251946,252021] 36 (tat)
[12:02:19] 11 tRNA-Gly c[261178,261252] 36 (ccc)
[12:02:19] 12 tRNA-Lys [265340,265415] 36 (ctt)
[12:02:19] 13 tRNA-Ala [340892,340968] 34 (cgc)
[12:02:19] 14 tRNA-Ser [359762,359850] 36 (cga)
[12:02:19] 15 tRNA-Leu c[377416,377503] 38 (caa)
[12:02:19] 16 tRNA-Gly [378204,378276] 35 (gcc)
[12:02:19] 17 tRNA-Gln c[443068,443142] 36 (ctg)
[12:02:19] 18 tRNA-Leu c[482442,482528] 37 (cag)
[12:02:19] 19 tRNA-Gly c[486443,486515] 35 (tcc)
[12:02:19] 20 tRNA-Thr c[500598,500670] 34 (tgt)
[12:02:19] 21 tRNA-Glu c[507522,507594] 35 (ttc)
[12:02:19] 22 tRNA-Thr c[525062,525135] 34 (cgt)
[12:02:19] 23 tRNA-Val c[542728,542799] 34 (tac)
[12:02:19] 24 tRNA-Val [555948,556020] 34 (gac)
[12:02:19] 25 tRNA-Val [558119,558190] 34 (gac)
[12:02:19] 26 tRNA-Pro c[635565,635639] 36 (cgg)
[12:02:19] 27 tRNA-Ala [688745,688816] 33 (tgc)
[12:02:19] 28 tRNA-Ile [695594,695668] 36 (gat)
[12:02:19] 29 tRNA-Arg c[748244,748317] 36 (gcg)
[12:02:19] 30 tRNA-Leu c[779534,779622] 37 (tag)
[12:02:19] 31 tRNA-Pro [791151,791224] 35 (tgg)
[12:02:19] 32 tRNA-Val c[804796,804869] 35 (cac)
[12:02:19] Found 32 tRNAs
[12:02:19] Predicting Ribosomal RNAs
[12:02:19] Running Barrnap with 16 threads
[12:02:19] 1 AP024486.1 160070 16S ribosomal RNA (partial)
[12:02:19] 2 AP024486.1 161639 16S ribosomal RNA (partial)
[12:02:19] 3 AP024486.1 281821 5S ribosomal RNA (partial)
[12:02:19] 4 AP024486.1 396774 23S ribosomal RNA
[12:02:19] 5 AP024486.1 399501 5.8S ribosomal RNA (partial)
[12:02:19] Found 5 rRNAs
[12:02:19] Skipping ncRNA search, enable with --rfam if desired.
[12:02:19] Total of 37 tRNA + rRNA features
[12:02:19] Searching for CRISPR repeats
[12:02:20] CRISPR1 AP024486.1 204436 with 17 spacers
[12:02:20] CRISPR2 AP024486.1 607242 with 17 spacers
[12:02:20] Found 2 CRISPRs
[12:02:20] Predicting coding sequences
[12:02:20] Contigs total 814439 bp, so using single mode
[12:02:20] Running: prodigal -i results\/PROKKA\/GTDB\-100\/genomes\/archaea\/GCA_021654395\.1\/GCA_021654395\.1\.fna -c -m -g 11 -p single -f sco -q
[12:02:21] Excluding CDS which overlaps existing RNA (tRNA) at AP024486.1:32674..34098 on + strand
[12:02:21] Excluding CDS which overlaps existing RNA (tRNA) at AP024486.1:192280..193632 on + strand
[12:02:21] Excluding CDS which overlaps existing RNA (tRNA) at AP024486.1:265396..265824 on - strand
[12:02:21] Found 822 CDS
[12:02:21] Connecting features back to sequences
[12:02:21] Not using genus-specific database. Try --usegenus to enable it.
[12:02:21] Annotating CDS, please be patient.
[12:02:21] Will use 16 CPUs for similarity searching.
[12:02:21] There are still 822 unannotated CDS left (started with 822)
[12:02:21] Will use blast to search against /apps/pkg/anaconda3/2022.10/envs/prokka-1.14.6/db/kingdom/Archaea/sprot with 16 CPUs
[12:02:21] Running: cat results\/PROKKA\/GTDB\-100\/genomes\/archaea\/GCA_021654395\.1\/GCA_021654395\.1\.sprot\.tmp\.68245\.faa | parallel --gnu --plain -j 16 --block 7800 --recstart '>' --pipe blastp -query - -db /apps/pkg/anaconda3/2022.10/envs/prokka-1.14.6/db/kingdom/Archaea/sprot -evalue 1e-09 -qcov_hsp_perc 80 -num_threads 1 -num_descriptions 1 -num_alignments 1 -seg no > results\/PROKKA\/GTDB\-100\/genomes\/archaea\/GCA_021654395\.1\/GCA_021654395\.1\.sprot\.tmp\.68245\.blast 2> /dev/null
[12:02:22] Modify product: DNA-binding protein SSO0352 => DNA-binding protein
[12:02:22] Modify product: Protein pelota homolog => Protein pelota 
[12:02:22] Modify product: UPF0200 protein SSO1041 => hypothetical protein
[12:02:22] Modify product: Ribosome maturation protein SDO1 homolog => Ribosome maturation protein SDO1 
[12:02:22] Modify product: Probable ribosomal RNA small subunit methyltransferase A => putative ribosomal RNA small subunit methyltransferase A
[12:02:22] Modify product: Uncharacterized HTH-type transcriptional regulator PH1519 => putative HTH-type transcriptional regulator
[12:02:23] Modify product: Probable deoxyhypusine synthase => putative deoxyhypusine synthase
[12:02:23] Modify product: Uncharacterized NOP5 family protein MJ0694 => putative NOP5 family protein
[12:02:23] Modify product: UPF0273 protein PH0284 => hypothetical protein
[12:02:23] Modify product: UPF0273 protein PH0284 => hypothetical protein
[12:02:23] Modify product: UPF0273 protein PH0284 => hypothetical protein
[12:02:23] Modify product: Uncharacterized metallohydrolase MMP1398 => putative metallohydrolase
[12:02:23] Modify product: Probable translation initiation factor IF-2 => putative translation initiation factor IF-2
[12:02:23] Modify product: Protein translation factor SUI1 homolog => Protein translation factor SUI1 
[12:02:23] Modify product: Zinc metalloprotease MJ0392 => Zinc metalloprotease
[12:02:23] Modify product: Probable branched-chain amino acid transport ATP-binding protein LivG => putative branched-chain amino acid transport ATP-binding protein LivG
[12:02:23] Modify product: Probable thymidylate kinase => putative thymidylate kinase
[12:02:23] Modify product: Probable tRNA pseudouridine synthase D => putative tRNA pseudouridine synthase D
[12:02:23] Modify product: UPF0147 protein Ta0600 => hypothetical protein
[12:02:23] Modify product: Protein PH0010 => Protein
[12:02:23] Modify product: Protein Ta0487 => Protein
[12:02:23] Modify product: Uncharacterized protein MJ0609 => putative protein
[12:02:23] Cleaned 22 /product names
[12:02:23] Deleting unwanted file: results/PROKKA/GTDB-100/genomes/archaea/GCA_021654395.1/GCA_021654395.1.sprot.tmp.68245.faa
[12:02:23] Deleting unwanted file: results/PROKKA/GTDB-100/genomes/archaea/GCA_021654395.1/GCA_021654395.1.sprot.tmp.68245.blast
[12:02:23] There are still 570 unannotated CDS left (started with 822)
[12:02:23] Will use hmmer3 to search against /apps/pkg/anaconda3/2022.10/envs/prokka-1.14.6/db/hmm/HAMAP.hmm with 16 CPUs
[12:02:23] Running: cat results\/PROKKA\/GTDB\-100\/genomes\/archaea\/GCA_021654395\.1\/GCA_021654395\.1\.HAMAP\.hmm\.tmp\.68245\.faa | parallel --gnu --plain -j 16 --block 5231 --recstart '>' --pipe hmmscan --noali --notextw --acc -E 1e-09 --cpu 1 /apps/pkg/anaconda3/2022.10/envs/prokka-1.14.6/db/hmm/HAMAP.hmm /dev/stdin > results\/PROKKA\/GTDB\-100\/genomes\/archaea\/GCA_021654395\.1\/GCA_021654395\.1\.HAMAP\.hmm\.tmp\.68245\.hmmer3 2> /dev/null
[12:02:28] Deleting unwanted file: results/PROKKA/GTDB-100/genomes/archaea/GCA_021654395.1/GCA_021654395.1.HAMAP.hmm.tmp.68245.faa
[12:02:28] Deleting unwanted file: results/PROKKA/GTDB-100/genomes/archaea/GCA_021654395.1/GCA_021654395.1.HAMAP.hmm.tmp.68245.hmmer3
[12:02:28] Labelling remaining 478 proteins as 'hypothetical protein'
[12:02:28] Possible /pseudo 'Cell division protein FtsZ 1' at AP024486.1 position 761109
[12:02:28] Found 246 unique /gene codes.
[12:02:28] Fixed 5 duplicate /gene - mshA_1 mshA_2 mshA_3 mshA_4 mshA_5
[12:02:28] Fixed 3 duplicate /gene - btuD_1 btuD_2 btuD_3
[12:02:28] Fixed 2 duplicate /gene - aspS_1 aspS_2
[12:02:28] Fixed 2 duplicate /gene - idsA_1 idsA_2
[12:02:28] Fixed 2 duplicate /gene - tbp_1 tbp_2
[12:02:28] Fixed 2 duplicate /gene - ileS_1 ileS_2
[12:02:28] Fixed 2 duplicate /gene - ftsH_1 ftsH_2
[12:02:28] Fixed 2 duplicate /gene - aglJ_1 aglJ_2
[12:02:28] Fixed 2 duplicate /gene - smc_1 smc_2
[12:02:28] Fixed 2 duplicate /gene - metG_1 metG_2
[12:02:28] Fixed 2 duplicate /gene - rnj_1 rnj_2
[12:02:28] Fixed 2 duplicate /gene - COQ5_1 COQ5_2
[12:02:28] Fixed 2 duplicate /gene - gtfA_1 gtfA_2
[12:02:28] Fixed 2 duplicate /gene - tuf_1 tuf_2
[12:02:28] Fixed 3 duplicate /gene - ftsZ1_1 ftsZ1_2 ftsZ1_3
[12:02:28] Fixed 15 colliding /gene names.
[12:02:28] Adding /locus_tag identifiers
[12:02:28] Assigned 859 locus_tags to CDS and RNA features.
[12:02:28] Writing outputs to results/PROKKA/GTDB-100/genomes/archaea/GCA_021654395.1/
[12:02:28] Generating annotation statistics file
[12:02:28] Generating Genbank and Sequin files
[12:02:28] Running: tbl2asn -V b -a r10k -l paired-ends -M n -N 1 -y 'Annotated using prokka 1.14.6 from https://github.com/tseemann/prokka' -Z results\/PROKKA\/GTDB\-100\/genomes\/archaea\/GCA_021654395\.1\/GCA_021654395\.1\.err -i results\/PROKKA\/GTDB\-100\/genomes\/archaea\/GCA_021654395\.1\/GCA_021654395\.1\.fsa 2> /dev/null
[tbl2asn-forever] Found Prokka input, correcting dates in .gbf|.sqn files.
[tbl2asn-forever] Correcting dates in results/PROKKA/GTDB-100/genomes/archaea/GCA_021654395.1/GCA_021654395.1.gbf
[tbl2asn-forever] Correcting dates in results/PROKKA/GTDB-100/genomes/archaea/GCA_021654395.1/GCA_021654395.1.sqn
[tbl2asn-forever] Dates changed from 01-JAN-2019 to 28-JUN-2023
[12:02:30] Deleting unwanted file: results/PROKKA/GTDB-100/genomes/archaea/GCA_021654395.1/errorsummary.val
[12:02:30] Deleting unwanted file: results/PROKKA/GTDB-100/genomes/archaea/GCA_021654395.1/GCA_021654395.1.dr
[12:02:30] Deleting unwanted file: results/PROKKA/GTDB-100/genomes/archaea/GCA_021654395.1/GCA_021654395.1.fixedproducts
[12:02:30] Deleting unwanted file: results/PROKKA/GTDB-100/genomes/archaea/GCA_021654395.1/GCA_021654395.1.ecn
[12:02:30] Deleting unwanted file: results/PROKKA/GTDB-100/genomes/archaea/GCA_021654395.1/GCA_021654395.1.val
[12:02:30] Repairing broken .GBK output that tbl2asn produces...
[12:02:30] Running: sed 's/COORDINATES: profile/COORDINATES:profile/' < results\/PROKKA\/GTDB\-100\/genomes\/archaea\/GCA_021654395\.1\/GCA_021654395\.1\.gbf > results\/PROKKA\/GTDB\-100\/genomes\/archaea\/GCA_021654395\.1\/GCA_021654395\.1\.gbk
[12:02:30] Deleting unwanted file: results/PROKKA/GTDB-100/genomes/archaea/GCA_021654395.1/GCA_021654395.1.gbf
[12:02:30] Output files:
[12:02:30] results/PROKKA/GTDB-100/genomes/archaea/GCA_021654395.1/GCA_021654395.1.log
[12:02:30] results/PROKKA/GTDB-100/genomes/archaea/GCA_021654395.1/GCA_021654395.1.fna
[12:02:30] results/PROKKA/GTDB-100/genomes/archaea/GCA_021654395.1/GCA_021654395.1.gff
[12:02:30] results/PROKKA/GTDB-100/genomes/archaea/GCA_021654395.1/GCA_021654395.1.faa
[12:02:30] results/PROKKA/GTDB-100/genomes/archaea/GCA_021654395.1/GCA_021654395.1.ffn
[12:02:30] results/PROKKA/GTDB-100/genomes/archaea/GCA_021654395.1/GCA_021654395.1.tbl
[12:02:30] results/PROKKA/GTDB-100/genomes/archaea/GCA_021654395.1/GCA_021654395.1.fsa
[12:02:30] results/PROKKA/GTDB-100/genomes/archaea/GCA_021654395.1/GCA_021654395.1.tsv
[12:02:30] results/PROKKA/GTDB-100/genomes/archaea/GCA_021654395.1/GCA_021654395.1.txt
[12:02:30] results/PROKKA/GTDB-100/genomes/archaea/GCA_021654395.1/GCA_021654395.1.err
[12:02:30] results/PROKKA/GTDB-100/genomes/archaea/GCA_021654395.1/GCA_021654395.1.sqn
[12:02:30] results/PROKKA/GTDB-100/genomes/archaea/GCA_021654395.1/GCA_021654395.1.gbk
[12:02:30] Annotation finished successfully.
[12:02:30] Walltime used: 0.22 minutes
[12:02:30] If you use this result please cite the Prokka paper:
[12:02:30] Seemann T (2014) Prokka: rapid prokaryotic genome annotation. Bioinformatics. 30(14):2068-9.
[12:02:30] Type 'prokka --citation' for more details.
[12:02:30] Share and enjoy!
38.01user 18.02system 0:12.69elapsed 441%CPU (0avgtext+0avgdata 253464maxresident)k
531760inputs+91488outputs (838major+3900344minor)pagefaults 0swaps

======================================================
End Time   : Wed Jun 28 12:02:30 EDT 2023
Run Time   : 16 seconds
======================================================

