=====================================================
Start Time  : Sat Jun 24 18:23:00 EDT 2023
Submit Dir  : /projects/raw_lab/jobs/metacerberus
Job ID/Name : 3995207 / InterProScan
Node List   : str-c108
Num Tasks   : 1 total [1 nodes @ 16 CPUs/node]
======================================================

Loading interproscan/5.60-92.0
  Loading requirement: anaconda3/2020.11 openjdk/15
======================================================
Running InterProScan On GTDB-100/genomes/archaea/GCA_005222965.1.fna
======================================================
24/06/2023 18:23:01:369 Welcome to InterProScan-5.60-92.0
24/06/2023 18:23:01:370 Running InterProScan v5 in STANDALONE mode... on Linux
24/06/2023 18:23:05:416 RunID: str-c108.uncc.edu_20230624_182305234_6t8p
24/06/2023 18:23:14:433 Loading file /projects/raw_lab/jobs/metacerberus/GTDB-100/genomes/archaea/GCA_005222965.1.fna
24/06/2023 18:23:15:035 Running the following analyses:
[AntiFam-7.0,CDD-3.20,Coils-2.2.1,FunFam-4.3.0,Gene3D-4.3.0,Hamap-2021_04,MobiDBLite-2.0,PANTHER-17.0,Pfam-35.0,PIRSF-3.10,PIRSR-2021_05,PRINTS-42.0,ProSitePatterns-2022_01,ProSiteProfiles-2022_01,SFLD-4,SMART-7.1,SUPERFAMILY-1.75,TIGRFAM-15.0]
Pre-calculated match lookup service DISABLED.  Please wait for match calculations to complete...
2023-06-24 18:23:42,989 [amqEmbeddedWorkerJmsContainer-16] [uk.ac.ebi.interpro.scan.io.pirsf.hmmer3.PirsfHmmer3RawMatchParser:129] WARN - Couldn't parse the given raw match line, because it is of an unexpected format.
2023-06-24 18:23:42,993 [amqEmbeddedWorkerJmsContainer-16] [uk.ac.ebi.interpro.scan.io.pirsf.hmmer3.PirsfHmmer3RawMatchParser:130] WARN - Unexpected Raw match line: Query sequence: 1 matches PIRSF016275: DNA polymerase II, large subunit, Euryarchaea type
2023-06-24 18:23:42,993 [amqEmbeddedWorkerJmsContainer-16] [uk.ac.ebi.interpro.scan.io.pirsf.hmmer3.PirsfHmmer3RawMatchParser:129] WARN - Couldn't parse the given raw match line, because it is of an unexpected format.
2023-06-24 18:23:42,993 [amqEmbeddedWorkerJmsContainer-16] [uk.ac.ebi.interpro.scan.io.pirsf.hmmer3.PirsfHmmer3RawMatchParser:130] WARN - Unexpected Raw match line: #    score  bias  c-Evalue  i-Evalue hmmfrom  hmm to    alifrom  ali to    envfrom  env to     acc
2023-06-24 18:23:42,993 [amqEmbeddedWorkerJmsContainer-16] [uk.ac.ebi.interpro.scan.io.pirsf.hmmer3.PirsfHmmer3RawMatchParser:129] WARN - Couldn't parse the given raw match line, because it is of an unexpected format.
2023-06-24 18:23:42,993 [amqEmbeddedWorkerJmsContainer-16] [uk.ac.ebi.interpro.scan.io.pirsf.hmmer3.PirsfHmmer3RawMatchParser:130] WARN - Unexpected Raw match line: 1 ! 1263.2   2.1         0         0      15    1103 ..       5    1170 ..       2    1174 .. 0.93
24/06/2023 18:26:02:592 100% done:  InterProScan analyses completed 

2023-06-24 18:26:03,095 [main] [uk.ac.ebi.interpro.scan.jms.master.AbstractMaster:259] WARN - Master process unable to delete temporary directory /projects/raw_lab/jobs/metacerberus/temp/str-c108.uncc.edu_20230624_182305234_6t8p
475.63user 39.89system 3:02.47elapsed 282%CPU (0avgtext+0avgdata 3336996maxresident)k
814760inputs+656568outputs (65major+2930774minor)pagefaults 0swaps

======================================================
End Time   : Sat Jun 24 18:26:03 EDT 2023
Run Time   : 183 seconds
======================================================

