=====================================================
Start Time  : Sat Jun 24 21:41:08 EDT 2023
Submit Dir  : /projects/raw_lab/jobs/metacerberus
Job ID/Name : 3996906 / InterProScan
Node List   : str-c91
Num Tasks   : 1 total [1 nodes @ 16 CPUs/node]
======================================================

Loading interproscan/5.60-92.0
  Loading requirement: anaconda3/2020.11 openjdk/15
======================================================
Running InterProScan On VIRAL_ARCHAEA/MK450543.fna
======================================================
24/06/2023 21:41:09:643 Welcome to InterProScan-5.60-92.0
24/06/2023 21:41:09:644 Running InterProScan v5 in STANDALONE mode... on Linux
24/06/2023 21:41:13:752 RunID: str-c91.uncc.edu_20230624_214113571_hpvc
24/06/2023 21:41:22:272 Loading file /projects/raw_lab/jobs/metacerberus/VIRAL_ARCHAEA/MK450543.fna
24/06/2023 21:41:22:752 Running the following analyses:
[AntiFam-7.0,CDD-3.20,Coils-2.2.1,FunFam-4.3.0,Gene3D-4.3.0,Hamap-2021_04,MobiDBLite-2.0,PANTHER-17.0,Pfam-35.0,PIRSF-3.10,PIRSR-2021_05,PRINTS-42.0,ProSitePatterns-2022_01,ProSiteProfiles-2022_01,SFLD-4,SMART-7.1,SUPERFAMILY-1.75,TIGRFAM-15.0]
Pre-calculated match lookup service DISABLED.  Please wait for match calculations to complete...
2023-06-24 21:41:37,921 [amqEmbeddedWorkerJmsContainer-7] [uk.ac.ebi.interpro.scan.io.pirsf.hmmer3.PirsfHmmer3RawMatchParser:129] WARN - Couldn't parse the given raw match line, because it is of an unexpected format.
2023-06-24 21:41:37,925 [amqEmbeddedWorkerJmsContainer-7] [uk.ac.ebi.interpro.scan.io.pirsf.hmmer3.PirsfHmmer3RawMatchParser:130] WARN - Unexpected Raw match line: Query sequence: 8 matches PIRSF019260: Predicted phage portal protein, PBSX XkdE type
2023-06-24 21:41:37,925 [amqEmbeddedWorkerJmsContainer-7] [uk.ac.ebi.interpro.scan.io.pirsf.hmmer3.PirsfHmmer3RawMatchParser:129] WARN - Couldn't parse the given raw match line, because it is of an unexpected format.
2023-06-24 21:41:37,925 [amqEmbeddedWorkerJmsContainer-7] [uk.ac.ebi.interpro.scan.io.pirsf.hmmer3.PirsfHmmer3RawMatchParser:130] WARN - Unexpected Raw match line: #    score  bias  c-Evalue  i-Evalue hmmfrom  hmm to    alifrom  ali to    envfrom  env to     acc
2023-06-24 21:41:37,925 [amqEmbeddedWorkerJmsContainer-7] [uk.ac.ebi.interpro.scan.io.pirsf.hmmer3.PirsfHmmer3RawMatchParser:129] WARN - Couldn't parse the given raw match line, because it is of an unexpected format.
2023-06-24 21:41:37,925 [amqEmbeddedWorkerJmsContainer-7] [uk.ac.ebi.interpro.scan.io.pirsf.hmmer3.PirsfHmmer3RawMatchParser:130] WARN - Unexpected Raw match line: 1 !  500.9   0.1  3.7e-154  6.1e-151      24     463 .]      36     518 .]      16     518 .] 0.96
2023-06-24 21:42:44,361 [amqEmbeddedWorkerJmsContainer-1] [uk.ac.ebi.interpro.scan.management.model.implementations.WriteOutputStep:344] WARN - At write output completion, unable to delete temporary directory /projects/raw_lab/jobs/metacerberus/temp/str-c91.uncc.edu_20230624_214113571_hpvc
24/06/2023 21:42:44:407 100% done:  InterProScan analyses completed 

2023-06-24 21:42:44,909 [main] [uk.ac.ebi.interpro.scan.jms.master.AbstractMaster:259] WARN - Master process unable to delete temporary directory /projects/raw_lab/jobs/metacerberus/temp/str-c91.uncc.edu_20230624_214113571_hpvc
2023-06-24 21:42:44,917 [main] [uk.ac.ebi.interpro.scan.jms.main.Run:1778] WARN - At Run completion, unable to delete temporary directory /projects/raw_lab/jobs/metacerberus/temp/str-c91.uncc.edu_20230624_214113571_hpvc
231.79user 22.87system 1:36.00elapsed 265%CPU (0avgtext+0avgdata 3266084maxresident)k
472736inputs+474984outputs (12major+1556688minor)pagefaults 0swaps

======================================================
End Time   : Sat Jun 24 21:42:44 EDT 2023
Run Time   : 96 seconds
======================================================

