=====================================================
Start Time  : Sat Jun 24 19:59:04 EDT 2023
Submit Dir  : /projects/raw_lab/jobs/metacerberus
Job ID/Name : 3995386 / InterProScan
Node List   : str-c97
Num Tasks   : 1 total [1 nodes @ 16 CPUs/node]
======================================================

Loading interproscan/5.60-92.0
  Loading requirement: anaconda3/2020.11 openjdk/15
======================================================
Running InterProScan On GTDB-100/genomes/bacteria/GCF_022267555.1.fna
======================================================
24/06/2023 19:59:05:814 Welcome to InterProScan-5.60-92.0
24/06/2023 19:59:05:814 Running InterProScan v5 in STANDALONE mode... on Linux
24/06/2023 19:59:09:824 RunID: str-c97.uncc.edu_20230624_195909653_cg54
24/06/2023 19:59:18:327 Loading file /projects/raw_lab/jobs/metacerberus/GTDB-100/genomes/bacteria/GCF_022267555.1.fna
24/06/2023 19:59:19:821 Running the following analyses:
[AntiFam-7.0,CDD-3.20,Coils-2.2.1,FunFam-4.3.0,Gene3D-4.3.0,Hamap-2021_04,MobiDBLite-2.0,PANTHER-17.0,Pfam-35.0,PIRSF-3.10,PIRSR-2021_05,PRINTS-42.0,ProSitePatterns-2022_01,ProSiteProfiles-2022_01,SFLD-4,SMART-7.1,SUPERFAMILY-1.75,TIGRFAM-15.0]
Pre-calculated match lookup service DISABLED.  Please wait for match calculations to complete...
24/06/2023 20:01:00:016 100% done:  InterProScan analyses completed 

2023-06-24 20:01:00,521 [main] [uk.ac.ebi.interpro.scan.jms.master.AbstractMaster:259] WARN - Master process unable to delete temporary directory /projects/raw_lab/jobs/metacerberus/temp/str-c97.uncc.edu_20230624_195909653_cg54
327.42user 25.33system 1:55.53elapsed 305%CPU (0avgtext+0avgdata 3394248maxresident)k
1243424inputs+834344outputs (111major+2263972minor)pagefaults 0swaps

======================================================
End Time   : Sat Jun 24 20:01:00 EDT 2023
Run Time   : 116 seconds
======================================================

