=====================================================
Start Time  : Sat Jun 24 21:36:53 EDT 2023
Submit Dir  : /projects/raw_lab/jobs/metacerberus
Job ID/Name : 3996862 / InterProScan
Node List   : str-c104
Num Tasks   : 1 total [1 nodes @ 16 CPUs/node]
======================================================

Loading interproscan/5.60-92.0
  Loading requirement: anaconda3/2020.11 openjdk/15
======================================================
Running InterProScan On VIRAL_ARCHAEA/KC292022.fna
======================================================
24/06/2023 21:36:54:975 Welcome to InterProScan-5.60-92.0
24/06/2023 21:36:54:976 Running InterProScan v5 in STANDALONE mode... on Linux
24/06/2023 21:36:59:070 RunID: str-c104.uncc.edu_20230624_213658899_dqxk
24/06/2023 21:37:07:767 Loading file /projects/raw_lab/jobs/metacerberus/VIRAL_ARCHAEA/KC292022.fna
24/06/2023 21:37:08:242 Running the following analyses:
[AntiFam-7.0,CDD-3.20,Coils-2.2.1,FunFam-4.3.0,Gene3D-4.3.0,Hamap-2021_04,MobiDBLite-2.0,PANTHER-17.0,Pfam-35.0,PIRSF-3.10,PIRSR-2021_05,PRINTS-42.0,ProSitePatterns-2022_01,ProSiteProfiles-2022_01,SFLD-4,SMART-7.1,SUPERFAMILY-1.75,TIGRFAM-15.0]
Pre-calculated match lookup service DISABLED.  Please wait for match calculations to complete...
24/06/2023 21:38:51:449 100% done:  InterProScan analyses completed 

2023-06-24 21:38:51,955 [main] [uk.ac.ebi.interpro.scan.jms.master.AbstractMaster:259] WARN - Master process unable to delete temporary directory /projects/raw_lab/jobs/metacerberus/temp/str-c104.uncc.edu_20230624_213658899_dqxk
252.19user 23.62system 1:57.72elapsed 234%CPU (0avgtext+0avgdata 3410196maxresident)k
657968inputs+493176outputs (13major+1860205minor)pagefaults 0swaps

======================================================
End Time   : Sat Jun 24 21:38:52 EDT 2023
Run Time   : 119 seconds
======================================================

