=====================================================
Start Time  : Sat Jun 24 21:42:50 EDT 2023
Submit Dir  : /projects/raw_lab/jobs/metacerberus
Job ID/Name : 3996942 / InterProScan
Node List   : str-c95
Num Tasks   : 1 total [1 nodes @ 16 CPUs/node]
======================================================

Loading interproscan/5.60-92.0
  Loading requirement: anaconda3/2020.11 openjdk/15
======================================================
Running InterProScan On VIRAL/genomes/NC_043234.1.fna
======================================================
24/06/2023 21:42:51:435 Welcome to InterProScan-5.60-92.0
24/06/2023 21:42:51:436 Running InterProScan v5 in STANDALONE mode... on Linux
24/06/2023 21:42:55:505 RunID: str-c95.uncc.edu_20230624_214255336_a3ua
24/06/2023 21:43:04:230 Loading file /projects/raw_lab/jobs/metacerberus/VIRAL/genomes/NC_043234.1.fna
24/06/2023 21:43:04:701 Running the following analyses:
[AntiFam-7.0,CDD-3.20,Coils-2.2.1,FunFam-4.3.0,Gene3D-4.3.0,Hamap-2021_04,MobiDBLite-2.0,PANTHER-17.0,Pfam-35.0,PIRSF-3.10,PIRSR-2021_05,PRINTS-42.0,ProSitePatterns-2022_01,ProSiteProfiles-2022_01,SFLD-4,SMART-7.1,SUPERFAMILY-1.75,TIGRFAM-15.0]
Pre-calculated match lookup service DISABLED.  Please wait for match calculations to complete...
2023-06-24 21:43:29,133 [amqEmbeddedWorkerJmsContainer-6] [uk.ac.ebi.interpro.scan.io.pirsf.hmmer3.PirsfHmmer3RawMatchParser:129] WARN - Couldn't parse the given raw match line, because it is of an unexpected format.
2023-06-24 21:43:29,136 [amqEmbeddedWorkerJmsContainer-6] [uk.ac.ebi.interpro.scan.io.pirsf.hmmer3.PirsfHmmer3RawMatchParser:130] WARN - Unexpected Raw match line: Query sequence: 3 matches PIRSF000398: Modification methylase (adenine-specific), M.EcoRV type
2023-06-24 21:43:29,136 [amqEmbeddedWorkerJmsContainer-6] [uk.ac.ebi.interpro.scan.io.pirsf.hmmer3.PirsfHmmer3RawMatchParser:129] WARN - Couldn't parse the given raw match line, because it is of an unexpected format.
2023-06-24 21:43:29,136 [amqEmbeddedWorkerJmsContainer-6] [uk.ac.ebi.interpro.scan.io.pirsf.hmmer3.PirsfHmmer3RawMatchParser:130] WARN - Unexpected Raw match line: #    score  bias  c-Evalue  i-Evalue hmmfrom  hmm to    alifrom  ali to    envfrom  env to     acc
2023-06-24 21:43:29,136 [amqEmbeddedWorkerJmsContainer-6] [uk.ac.ebi.interpro.scan.io.pirsf.hmmer3.PirsfHmmer3RawMatchParser:129] WARN - Couldn't parse the given raw match line, because it is of an unexpected format.
2023-06-24 21:43:29,136 [amqEmbeddedWorkerJmsContainer-6] [uk.ac.ebi.interpro.scan.io.pirsf.hmmer3.PirsfHmmer3RawMatchParser:130] WARN - Unexpected Raw match line: 1 !  208.7   6.8   1.3e-65   2.1e-62       2     281 ..       3     262 ..       2     264 .] 0.91
2023-06-24 21:44:11,349 [amqEmbeddedWorkerJmsContainer-14] [uk.ac.ebi.interpro.scan.management.model.implementations.WriteOutputStep:344] WARN - At write output completion, unable to delete temporary directory /projects/raw_lab/jobs/metacerberus/temp/str-c95.uncc.edu_20230624_214255336_a3ua
24/06/2023 21:44:11:408 100% done:  InterProScan analyses completed 

2023-06-24 21:44:11,910 [main] [uk.ac.ebi.interpro.scan.jms.master.AbstractMaster:259] WARN - Master process unable to delete temporary directory /projects/raw_lab/jobs/metacerberus/temp/str-c95.uncc.edu_20230624_214255336_a3ua
2023-06-24 21:44:11,932 [main] [uk.ac.ebi.interpro.scan.jms.main.Run:1778] WARN - At Run completion, unable to delete temporary directory /projects/raw_lab/jobs/metacerberus/temp/str-c95.uncc.edu_20230624_214255336_a3ua
185.70user 21.38system 1:21.15elapsed 255%CPU (0avgtext+0avgdata 3344120maxresident)k
433784inputs+438072outputs (12major+1419561minor)pagefaults 0swaps

======================================================
End Time   : Sat Jun 24 21:44:11 EDT 2023
Run Time   : 81 seconds
======================================================

