=====================================================
Start Time  : Sat Jul  1 20:11:15 EDT 2023
Submit Dir  : /projects/raw_lab/jobs/metacerberus
Job ID/Name : 4129801 / InterProScan
Node List   : str-c94
Num Tasks   : 1 total [1 nodes @ 16 CPUs/node]
======================================================

Loading interproscan/5.60-92.0
  Loading requirement: anaconda3/2020.11 openjdk/15
======================================================
Running InterProScan On VIRAL_ARCHAEA/GCA_003004805.1.fna
======================================================
01/07/2023 20:11:23:108 Welcome to InterProScan-5.60-92.0
01/07/2023 20:11:23:109 Running InterProScan v5 in STANDALONE mode... on Linux
01/07/2023 20:11:28:392 RunID: str-c94.uncc.edu_20230701_201128176_404m
01/07/2023 20:11:36:968 Loading file /projects/raw_lab/jobs/metacerberus/VIRAL_ARCHAEA/GCA_003004805.1.fna
01/07/2023 20:11:37:465 Running the following analyses:
[AntiFam-7.0,CDD-3.20,Coils-2.2.1,FunFam-4.3.0,Gene3D-4.3.0,Hamap-2021_04,MobiDBLite-2.0,PANTHER-17.0,Pfam-35.0,PIRSF-3.10,PIRSR-2021_05,PRINTS-42.0,ProSitePatterns-2022_01,ProSiteProfiles-2022_01,SFLD-4,SMART-7.1,SUPERFAMILY-1.75,TIGRFAM-15.0]
Pre-calculated match lookup service DISABLED.  Please wait for match calculations to complete...
2023-07-01 20:14:08,132 [amqEmbeddedWorkerJmsContainer-4] [uk.ac.ebi.interpro.scan.management.model.implementations.WriteOutputStep:344] WARN - At write output completion, unable to delete temporary directory /projects/raw_lab/jobs/metacerberus/temp/str-c94.uncc.edu_20230701_201128176_404m
01/07/2023 20:14:08:233 100% done:  InterProScan analyses completed 

2023-07-01 20:14:08,736 [main] [uk.ac.ebi.interpro.scan.jms.master.AbstractMaster:259] WARN - Master process unable to delete temporary directory /projects/raw_lab/jobs/metacerberus/temp/str-c94.uncc.edu_20230701_201128176_404m
2023-07-01 20:14:08,743 [main] [uk.ac.ebi.interpro.scan.jms.main.Run:1778] WARN - At Run completion, unable to delete temporary directory /projects/raw_lab/jobs/metacerberus/temp/str-c94.uncc.edu_20230701_201128176_404m
247.18user 27.19system 2:50.20elapsed 161%CPU (0avgtext+0avgdata 3216084maxresident)k
16480656inputs+475264outputs (5728major+2025297minor)pagefaults 0swaps

======================================================
End Time   : Sat Jul  1 20:14:08 EDT 2023
Run Time   : 173 seconds
======================================================

