=====================================================
Start Time  : Sat Jun 24 20:52:45 EDT 2023
Submit Dir  : /projects/raw_lab/jobs/metacerberus
Job ID/Name : 3996706 / InterProScan
Node List   : str-c110
Num Tasks   : 1 total [1 nodes @ 16 CPUs/node]
======================================================

Loading interproscan/5.60-92.0
  Loading requirement: anaconda3/2020.11 openjdk/15
======================================================
Running InterProScan On PHAGES/genomes/NC_047995.fna
======================================================
24/06/2023 20:52:46:229 Welcome to InterProScan-5.60-92.0
24/06/2023 20:52:46:230 Running InterProScan v5 in STANDALONE mode... on Linux
24/06/2023 20:52:50:370 RunID: str-c110.uncc.edu_20230624_205250145_vj2
24/06/2023 20:52:58:768 Loading file /projects/raw_lab/jobs/metacerberus/PHAGES/genomes/NC_047995.fna
24/06/2023 20:52:59:358 Running the following analyses:
[AntiFam-7.0,CDD-3.20,Coils-2.2.1,FunFam-4.3.0,Gene3D-4.3.0,Hamap-2021_04,MobiDBLite-2.0,PANTHER-17.0,Pfam-35.0,PIRSF-3.10,PIRSR-2021_05,PRINTS-42.0,ProSitePatterns-2022_01,ProSiteProfiles-2022_01,SFLD-4,SMART-7.1,SUPERFAMILY-1.75,TIGRFAM-15.0]
Pre-calculated match lookup service DISABLED.  Please wait for match calculations to complete...
2023-06-24 20:54:30,808 [amqEmbeddedWorkerJmsContainer-12] [uk.ac.ebi.interpro.scan.management.model.implementations.WriteOutputStep:344] WARN - At write output completion, unable to delete temporary directory /projects/raw_lab/jobs/metacerberus/temp/str-c110.uncc.edu_20230624_205250145_vj2
24/06/2023 20:54:30:899 100% done:  InterProScan analyses completed 

2023-06-24 20:54:31,401 [main] [uk.ac.ebi.interpro.scan.jms.master.AbstractMaster:259] WARN - Master process unable to delete temporary directory /projects/raw_lab/jobs/metacerberus/temp/str-c110.uncc.edu_20230624_205250145_vj2
2023-06-24 20:54:31,408 [main] [uk.ac.ebi.interpro.scan.jms.main.Run:1778] WARN - At Run completion, unable to delete temporary directory /projects/raw_lab/jobs/metacerberus/temp/str-c110.uncc.edu_20230624_205250145_vj2
279.94user 23.60system 1:45.89elapsed 286%CPU (0avgtext+0avgdata 3204740maxresident)k
524512inputs+495184outputs (17major+1888784minor)pagefaults 0swaps

======================================================
End Time   : Sat Jun 24 20:54:31 EDT 2023
Run Time   : 106 seconds
======================================================

