=====================================================
Start Time  : Sat Jun 24 21:10:13 EDT 2023
Submit Dir  : /projects/raw_lab/jobs/metacerberus
Job ID/Name : 3996770 / InterProScan
Node List   : str-c101
Num Tasks   : 1 total [1 nodes @ 16 CPUs/node]
======================================================

Loading interproscan/5.60-92.0
  Loading requirement: anaconda3/2020.11 openjdk/15
======================================================
Running InterProScan On CPR/SAMN03319513.fna
======================================================
24/06/2023 21:10:14:605 Welcome to InterProScan-5.60-92.0
24/06/2023 21:10:14:606 Running InterProScan v5 in STANDALONE mode... on Linux
24/06/2023 21:10:18:713 RunID: str-c101.uncc.edu_20230624_211018534_598j
24/06/2023 21:10:27:027 Loading file /projects/raw_lab/jobs/metacerberus/CPR/SAMN03319513.fna
24/06/2023 21:10:27:730 Running the following analyses:
[AntiFam-7.0,CDD-3.20,Coils-2.2.1,FunFam-4.3.0,Gene3D-4.3.0,Hamap-2021_04,MobiDBLite-2.0,PANTHER-17.0,Pfam-35.0,PIRSF-3.10,PIRSR-2021_05,PRINTS-42.0,ProSitePatterns-2022_01,ProSiteProfiles-2022_01,SFLD-4,SMART-7.1,SUPERFAMILY-1.75,TIGRFAM-15.0]
Pre-calculated match lookup service DISABLED.  Please wait for match calculations to complete...
2023-06-24 21:22:58,542 [amqEmbeddedWorkerJmsContainer-8] [uk.ac.ebi.interpro.scan.io.pirsf.hmmer3.PirsfHmmer3RawMatchParser:129] WARN - Couldn't parse the given raw match line, because it is of an unexpected format.
2023-06-24 21:22:58,546 [amqEmbeddedWorkerJmsContainer-8] [uk.ac.ebi.interpro.scan.io.pirsf.hmmer3.PirsfHmmer3RawMatchParser:130] WARN - Unexpected Raw match line: Query sequence: 108 matches PIRSF002811: DNA primase
2023-06-24 21:22:58,546 [amqEmbeddedWorkerJmsContainer-8] [uk.ac.ebi.interpro.scan.io.pirsf.hmmer3.PirsfHmmer3RawMatchParser:129] WARN - Couldn't parse the given raw match line, because it is of an unexpected format.
2023-06-24 21:22:58,547 [amqEmbeddedWorkerJmsContainer-8] [uk.ac.ebi.interpro.scan.io.pirsf.hmmer3.PirsfHmmer3RawMatchParser:130] WARN - Unexpected Raw match line: #    score  bias  c-Evalue  i-Evalue hmmfrom  hmm to    alifrom  ali to    envfrom  env to     acc
2023-06-24 21:22:58,547 [amqEmbeddedWorkerJmsContainer-8] [uk.ac.ebi.interpro.scan.io.pirsf.hmmer3.PirsfHmmer3RawMatchParser:129] WARN - Couldn't parse the given raw match line, because it is of an unexpected format.
2023-06-24 21:22:58,547 [amqEmbeddedWorkerJmsContainer-8] [uk.ac.ebi.interpro.scan.io.pirsf.hmmer3.PirsfHmmer3RawMatchParser:130] WARN - Unexpected Raw match line: 1 !  492.0   0.0  1.8e-151  8.3e-149       5     530 ..      13     541 ..      10     619 .. 0.87
2023-06-24 21:22:58,547 [amqEmbeddedWorkerJmsContainer-8] [uk.ac.ebi.interpro.scan.io.pirsf.hmmer3.PirsfHmmer3RawMatchParser:129] WARN - Couldn't parse the given raw match line, because it is of an unexpected format.
2023-06-24 21:22:58,547 [amqEmbeddedWorkerJmsContainer-8] [uk.ac.ebi.interpro.scan.io.pirsf.hmmer3.PirsfHmmer3RawMatchParser:130] WARN - Unexpected Raw match line: Query sequence: 120 matches PIRSF005499: Polyribonucleotide nucleotidyltransferase
2023-06-24 21:22:58,547 [amqEmbeddedWorkerJmsContainer-8] [uk.ac.ebi.interpro.scan.io.pirsf.hmmer3.PirsfHmmer3RawMatchParser:129] WARN - Couldn't parse the given raw match line, because it is of an unexpected format.
2023-06-24 21:22:58,547 [amqEmbeddedWorkerJmsContainer-8] [uk.ac.ebi.interpro.scan.io.pirsf.hmmer3.PirsfHmmer3RawMatchParser:130] WARN - Unexpected Raw match line: #    score  bias  c-Evalue  i-Evalue hmmfrom  hmm to    alifrom  ali to    envfrom  env to     acc
2023-06-24 21:22:58,547 [amqEmbeddedWorkerJmsContainer-8] [uk.ac.ebi.interpro.scan.io.pirsf.hmmer3.PirsfHmmer3RawMatchParser:129] WARN - Couldn't parse the given raw match line, because it is of an unexpected format.
2023-06-24 21:22:58,547 [amqEmbeddedWorkerJmsContainer-8] [uk.ac.ebi.interpro.scan.io.pirsf.hmmer3.PirsfHmmer3RawMatchParser:130] WARN - Unexpected Raw match line: 1 !  864.4   3.7  1.1e-263  1.7e-261       3     694 ..       7     705 ..       5     734 .. 0.96
2023-06-24 21:22:58,547 [amqEmbeddedWorkerJmsContainer-8] [uk.ac.ebi.interpro.scan.io.pirsf.hmmer3.PirsfHmmer3RawMatchParser:129] WARN - Couldn't parse the given raw match line, because it is of an unexpected format.
2023-06-24 21:22:58,547 [amqEmbeddedWorkerJmsContainer-8] [uk.ac.ebi.interpro.scan.io.pirsf.hmmer3.PirsfHmmer3RawMatchParser:130] WARN - Unexpected Raw match line: Query sequence: 179 matches PIRSF001554: Succinyl-CoA synthetase, beta subunit
2023-06-24 21:22:58,547 [amqEmbeddedWorkerJmsContainer-8] [uk.ac.ebi.interpro.scan.io.pirsf.hmmer3.PirsfHmmer3RawMatchParser:129] WARN - Couldn't parse the given raw match line, because it is of an unexpected format.
2023-06-24 21:22:58,547 [amqEmbeddedWorkerJmsContainer-8] [uk.ac.ebi.interpro.scan.io.pirsf.hmmer3.PirsfHmmer3RawMatchParser:130] WARN - Unexpected Raw match line: #    score  bias  c-Evalue  i-Evalue hmmfrom  hmm to    alifrom  ali to    envfrom  env to     acc
2023-06-24 21:22:58,547 [amqEmbeddedWorkerJmsContainer-8] [uk.ac.ebi.interpro.scan.io.pirsf.hmmer3.PirsfHmmer3RawMatchParser:129] WARN - Couldn't parse the given raw match line, because it is of an unexpected format.
2023-06-24 21:22:58,547 [amqEmbeddedWorkerJmsContainer-8] [uk.ac.ebi.interpro.scan.io.pirsf.hmmer3.PirsfHmmer3RawMatchParser:130] WARN - Unexpected Raw match line: 1 !  260.9   0.0   8.6e-82     4e-79       2     362 ..       5     381 ..       4     403 .. 0.88
2023-06-24 21:22:58,548 [amqEmbeddedWorkerJmsContainer-8] [uk.ac.ebi.interpro.scan.io.pirsf.hmmer3.PirsfHmmer3RawMatchParser:129] WARN - Couldn't parse the given raw match line, because it is of an unexpected format.
2023-06-24 21:22:58,548 [amqEmbeddedWorkerJmsContainer-8] [uk.ac.ebi.interpro.scan.io.pirsf.hmmer3.PirsfHmmer3RawMatchParser:130] WARN - Unexpected Raw match line: Query sequence: 202 matches PIRSF001174: Lon protease
2023-06-24 21:22:58,548 [amqEmbeddedWorkerJmsContainer-8] [uk.ac.ebi.interpro.scan.io.pirsf.hmmer3.PirsfHmmer3RawMatchParser:129] WARN - Couldn't parse the given raw match line, because it is of an unexpected format.
2023-06-24 21:22:58,548 [amqEmbeddedWorkerJmsContainer-8] [uk.ac.ebi.interpro.scan.io.pirsf.hmmer3.PirsfHmmer3RawMatchParser:130] WARN - Unexpected Raw match line: #    score  bias  c-Evalue  i-Evalue hmmfrom  hmm to    alifrom  ali to    envfrom  env to     acc
2023-06-24 21:22:58,548 [amqEmbeddedWorkerJmsContainer-8] [uk.ac.ebi.interpro.scan.io.pirsf.hmmer3.PirsfHmmer3RawMatchParser:129] WARN - Couldn't parse the given raw match line, because it is of an unexpected format.
2023-06-24 21:22:58,548 [amqEmbeddedWorkerJmsContainer-8] [uk.ac.ebi.interpro.scan.io.pirsf.hmmer3.PirsfHmmer3RawMatchParser:130] WARN - Unexpected Raw match line: 1 !  913.9  14.2  2.7e-278  2.1e-276      11     774 ..       4     779 ..       1     782 [. 0.97
2023-06-24 21:22:58,548 [amqEmbeddedWorkerJmsContainer-8] [uk.ac.ebi.interpro.scan.io.pirsf.hmmer3.PirsfHmmer3RawMatchParser:129] WARN - Couldn't parse the given raw match line, because it is of an unexpected format.
2023-06-24 21:22:58,548 [amqEmbeddedWorkerJmsContainer-8] [uk.ac.ebi.interpro.scan.io.pirsf.hmmer3.PirsfHmmer3RawMatchParser:130] WARN - Unexpected Raw match line: Query sequence: 230 matches PIRSF000804: Predicted DNA-directed DNA polymerase III, beta subunit
2023-06-24 21:22:58,548 [amqEmbeddedWorkerJmsContainer-8] [uk.ac.ebi.interpro.scan.io.pirsf.hmmer3.PirsfHmmer3RawMatchParser:129] WARN - Couldn't parse the given raw match line, because it is of an unexpected format.
2023-06-24 21:22:58,548 [amqEmbeddedWorkerJmsContainer-8] [uk.ac.ebi.interpro.scan.io.pirsf.hmmer3.PirsfHmmer3RawMatchParser:130] WARN - Unexpected Raw match line: #    score  bias  c-Evalue  i-Evalue hmmfrom  hmm to    alifrom  ali to    envfrom  env to     acc
2023-06-24 21:22:58,548 [amqEmbeddedWorkerJmsContainer-8] [uk.ac.ebi.interpro.scan.io.pirsf.hmmer3.PirsfHmmer3RawMatchParser:129] WARN - Couldn't parse the given raw match line, because it is of an unexpected format.
2023-06-24 21:22:58,548 [amqEmbeddedWorkerJmsContainer-8] [uk.ac.ebi.interpro.scan.io.pirsf.hmmer3.PirsfHmmer3RawMatchParser:130] WARN - Unexpected Raw match line: 1 !  312.6   0.6   1.8e-97   8.5e-95       1     371 [.       4     374 ..       4     375 .. 0.96
2023-06-24 21:22:58,548 [amqEmbeddedWorkerJmsContainer-8] [uk.ac.ebi.interpro.scan.io.pirsf.hmmer3.PirsfHmmer3RawMatchParser:129] WARN - Couldn't parse the given raw match line, because it is of an unexpected format.
2023-06-24 21:22:58,548 [amqEmbeddedWorkerJmsContainer-8] [uk.ac.ebi.interpro.scan.io.pirsf.hmmer3.PirsfHmmer3RawMatchParser:130] WARN - Unexpected Raw match line: Query sequence: 236 matches PIRSF006205: 1-deoxy-D-xylulose 5-phosphate reductoisomerase
2023-06-24 21:22:58,548 [amqEmbeddedWorkerJmsContainer-8] [uk.ac.ebi.interpro.scan.io.pirsf.hmmer3.PirsfHmmer3RawMatchParser:129] WARN - Couldn't parse the given raw match line, because it is of an unexpected format.
2023-06-24 21:22:58,548 [amqEmbeddedWorkerJmsContainer-8] [uk.ac.ebi.interpro.scan.io.pirsf.hmmer3.PirsfHmmer3RawMatchParser:130] WARN - Unexpected Raw match line: #    score  bias  c-Evalue  i-Evalue hmmfrom  hmm to    alifrom  ali to    envfrom  env to     acc
2023-06-24 21:22:58,549 [amqEmbeddedWorkerJmsContainer-8] [uk.ac.ebi.interpro.scan.io.pirsf.hmmer3.PirsfHmmer3RawMatchParser:129] WARN - Couldn't parse the given raw match line, because it is of an unexpected format.
2023-06-24 21:22:58,549 [amqEmbeddedWorkerJmsContainer-8] [uk.ac.ebi.interpro.scan.io.pirsf.hmmer3.PirsfHmmer3RawMatchParser:130] WARN - Unexpected Raw match line: 1 !  496.7   0.0  2.2e-153  1.1e-150       2     387 ..       6     383 ..       5     386 .. 0.97
2023-06-24 21:22:58,549 [amqEmbeddedWorkerJmsContainer-8] [uk.ac.ebi.interpro.scan.io.pirsf.hmmer3.PirsfHmmer3RawMatchParser:129] WARN - Couldn't parse the given raw match line, because it is of an unexpected format.
2023-06-24 21:22:58,549 [amqEmbeddedWorkerJmsContainer-8] [uk.ac.ebi.interpro.scan.io.pirsf.hmmer3.PirsfHmmer3RawMatchParser:130] WARN - Unexpected Raw match line: Query sequence: 244 matches PIRSF000398: Modification methylase (adenine-specific), M.EcoRV type
2023-06-24 21:22:58,549 [amqEmbeddedWorkerJmsContainer-8] [uk.ac.ebi.interpro.scan.io.pirsf.hmmer3.PirsfHmmer3RawMatchParser:129] WARN - Couldn't parse the given raw match line, because it is of an unexpected format.
2023-06-24 21:22:58,549 [amqEmbeddedWorkerJmsContainer-8] [uk.ac.ebi.interpro.scan.io.pirsf.hmmer3.PirsfHmmer3RawMatchParser:130] WARN - Unexpected Raw match line: #    score  bias  c-Evalue  i-Evalue hmmfrom  hmm to    alifrom  ali to    envfrom  env to     acc
2023-06-24 21:22:58,549 [amqEmbeddedWorkerJmsContainer-8] [uk.ac.ebi.interpro.scan.io.pirsf.hmmer3.PirsfHmmer3RawMatchParser:129] WARN - Couldn't parse the given raw match line, because it is of an unexpected format.
2023-06-24 21:22:58,549 [amqEmbeddedWorkerJmsContainer-8] [uk.ac.ebi.interpro.scan.io.pirsf.hmmer3.PirsfHmmer3RawMatchParser:130] WARN - Unexpected Raw match line: 1 !  120.5   0.5   4.8e-39   2.3e-36       6     279 ..      53     323 ..      40     331 .. 0.82
2023-06-24 21:22:58,549 [amqEmbeddedWorkerJmsContainer-8] [uk.ac.ebi.interpro.scan.io.pirsf.hmmer3.PirsfHmmer3RawMatchParser:129] WARN - Couldn't parse the given raw match line, because it is of an unexpected format.
2023-06-24 21:22:58,549 [amqEmbeddedWorkerJmsContainer-8] [uk.ac.ebi.interpro.scan.io.pirsf.hmmer3.PirsfHmmer3RawMatchParser:130] WARN - Unexpected Raw match line: Query sequence: 286 matches PIRSF002158: Ribosomal protein, L2p/L2a/L8e/organellar L2 types
2023-06-24 21:22:58,549 [amqEmbeddedWorkerJmsContainer-8] [uk.ac.ebi.interpro.scan.io.pirsf.hmmer3.PirsfHmmer3RawMatchParser:129] WARN - Couldn't parse the given raw match line, because it is of an unexpected format.
2023-06-24 21:22:58,549 [amqEmbeddedWorkerJmsContainer-8] [uk.ac.ebi.interpro.scan.io.pirsf.hmmer3.PirsfHmmer3RawMatchParser:130] WARN - Unexpected Raw match line: #    score  bias  c-Evalue  i-Evalue hmmfrom  hmm to    alifrom  ali to    envfrom  env to     acc
2023-06-24 21:22:58,549 [amqEmbeddedWorkerJmsContainer-8] [uk.ac.ebi.interpro.scan.io.pirsf.hmmer3.PirsfHmmer3RawMatchParser:129] WARN - Couldn't parse the given raw match line, because it is of an unexpected format.
2023-06-24 21:22:58,549 [amqEmbeddedWorkerJmsContainer-8] [uk.ac.ebi.interpro.scan.io.pirsf.hmmer3.PirsfHmmer3RawMatchParser:130] WARN - Unexpected Raw match line: 1 !  284.6   8.3     4e-89   1.9e-86       6     266 ..      47     300 ..      29     301 .] 0.94
2023-06-24 21:22:58,549 [amqEmbeddedWorkerJmsContainer-8] [uk.ac.ebi.interpro.scan.io.pirsf.hmmer3.PirsfHmmer3RawMatchParser:129] WARN - Couldn't parse the given raw match line, because it is of an unexpected format.
2023-06-24 21:22:58,550 [amqEmbeddedWorkerJmsContainer-8] [uk.ac.ebi.interpro.scan.io.pirsf.hmmer3.PirsfHmmer3RawMatchParser:130] WARN - Unexpected Raw match line: Query sequence: 3 matches PIRSF000390: Predicted pyridoxal dependent aminotransferase, DegT/DnrJ/EryC1/StrS types
2023-06-24 21:22:58,550 [amqEmbeddedWorkerJmsContainer-8] [uk.ac.ebi.interpro.scan.io.pirsf.hmmer3.PirsfHmmer3RawMatchParser:129] WARN - Couldn't parse the given raw match line, because it is of an unexpected format.
2023-06-24 21:22:58,550 [amqEmbeddedWorkerJmsContainer-8] [uk.ac.ebi.interpro.scan.io.pirsf.hmmer3.PirsfHmmer3RawMatchParser:130] WARN - Unexpected Raw match line: #    score  bias  c-Evalue  i-Evalue hmmfrom  hmm to    alifrom  ali to    envfrom  env to     acc
2023-06-24 21:22:58,550 [amqEmbeddedWorkerJmsContainer-8] [uk.ac.ebi.interpro.scan.io.pirsf.hmmer3.PirsfHmmer3RawMatchParser:129] WARN - Couldn't parse the given raw match line, because it is of an unexpected format.
2023-06-24 21:22:58,550 [amqEmbeddedWorkerJmsContainer-8] [uk.ac.ebi.interpro.scan.io.pirsf.hmmer3.PirsfHmmer3RawMatchParser:130] WARN - Unexpected Raw match line: 1 !  306.9   0.0   2.4e-95   5.7e-93      13     378 ..      42     436 ..      21     438 .] 0.96
2023-06-24 21:22:58,550 [amqEmbeddedWorkerJmsContainer-8] [uk.ac.ebi.interpro.scan.io.pirsf.hmmer3.PirsfHmmer3RawMatchParser:129] WARN - Couldn't parse the given raw match line, because it is of an unexpected format.
2023-06-24 21:22:58,550 [amqEmbeddedWorkerJmsContainer-8] [uk.ac.ebi.interpro.scan.io.pirsf.hmmer3.PirsfHmmer3RawMatchParser:130] WARN - Unexpected Raw match line: Query sequence: 308 matches PIRSF001553: Succinyl-CoA synthetase, alpha subunit
2023-06-24 21:22:58,550 [amqEmbeddedWorkerJmsContainer-8] [uk.ac.ebi.interpro.scan.io.pirsf.hmmer3.PirsfHmmer3RawMatchParser:129] WARN - Couldn't parse the given raw match line, because it is of an unexpected format.
2023-06-24 21:22:58,550 [amqEmbeddedWorkerJmsContainer-8] [uk.ac.ebi.interpro.scan.io.pirsf.hmmer3.PirsfHmmer3RawMatchParser:130] WARN - Unexpected Raw match line: #    score  bias  c-Evalue  i-Evalue hmmfrom  hmm to    alifrom  ali to    envfrom  env to     acc
2023-06-24 21:22:58,550 [amqEmbeddedWorkerJmsContainer-8] [uk.ac.ebi.interpro.scan.io.pirsf.hmmer3.PirsfHmmer3RawMatchParser:129] WARN - Couldn't parse the given raw match line, because it is of an unexpected format.
2023-06-24 21:22:58,550 [amqEmbeddedWorkerJmsContainer-8] [uk.ac.ebi.interpro.scan.io.pirsf.hmmer3.PirsfHmmer3RawMatchParser:130] WARN - Unexpected Raw match line: 1 !  307.2   7.7   5.2e-96   2.5e-93       4     293 ..       4     299 ..       1     300 [] 0.97
2023-06-24 21:22:58,550 [amqEmbeddedWorkerJmsContainer-8] [uk.ac.ebi.interpro.scan.io.pirsf.hmmer3.PirsfHmmer3RawMatchParser:129] WARN - Couldn't parse the given raw match line, because it is of an unexpected format.
2023-06-24 21:22:58,550 [amqEmbeddedWorkerJmsContainer-8] [uk.ac.ebi.interpro.scan.io.pirsf.hmmer3.PirsfHmmer3RawMatchParser:130] WARN - Unexpected Raw match line: Query sequence: 312 matches PIRSF004640: 4-hydroxy-3-methylbut-2-en-1-yl diphosphate synthase
2023-06-24 21:22:58,550 [amqEmbeddedWorkerJmsContainer-8] [uk.ac.ebi.interpro.scan.io.pirsf.hmmer3.PirsfHmmer3RawMatchParser:129] WARN - Couldn't parse the given raw match line, because it is of an unexpected format.
2023-06-24 21:22:58,550 [amqEmbeddedWorkerJmsContainer-8] [uk.ac.ebi.interpro.scan.io.pirsf.hmmer3.PirsfHmmer3RawMatchParser:130] WARN - Unexpected Raw match line: #    score  bias  c-Evalue  i-Evalue hmmfrom  hmm to    alifrom  ali to    envfrom  env to     acc
2023-06-24 21:22:58,551 [amqEmbeddedWorkerJmsContainer-8] [uk.ac.ebi.interpro.scan.io.pirsf.hmmer3.PirsfHmmer3RawMatchParser:129] WARN - Couldn't parse the given raw match line, because it is of an unexpected format.
2023-06-24 21:22:58,551 [amqEmbeddedWorkerJmsContainer-8] [uk.ac.ebi.interpro.scan.io.pirsf.hmmer3.PirsfHmmer3RawMatchParser:130] WARN - Unexpected Raw match line: 1 !  479.1   1.3    4e-148  1.9e-145       5     359 ..      18     373 ..      14     377 .. 0.98
2023-06-24 21:22:58,551 [amqEmbeddedWorkerJmsContainer-8] [uk.ac.ebi.interpro.scan.io.pirsf.hmmer3.PirsfHmmer3RawMatchParser:129] WARN - Couldn't parse the given raw match line, because it is of an unexpected format.
2023-06-24 21:22:58,551 [amqEmbeddedWorkerJmsContainer-8] [uk.ac.ebi.interpro.scan.io.pirsf.hmmer3.PirsfHmmer3RawMatchParser:130] WARN - Unexpected Raw match line: Query sequence: 346 matches PIRSF001265: H(+)-translocating inorganic pyrophosphatase
2023-06-24 21:22:58,551 [amqEmbeddedWorkerJmsContainer-8] [uk.ac.ebi.interpro.scan.io.pirsf.hmmer3.PirsfHmmer3RawMatchParser:129] WARN - Couldn't parse the given raw match line, because it is of an unexpected format.
2023-06-24 21:22:58,551 [amqEmbeddedWorkerJmsContainer-8] [uk.ac.ebi.interpro.scan.io.pirsf.hmmer3.PirsfHmmer3RawMatchParser:130] WARN - Unexpected Raw match line: #    score  bias  c-Evalue  i-Evalue hmmfrom  hmm to    alifrom  ali to    envfrom  env to     acc
2023-06-24 21:22:58,551 [amqEmbeddedWorkerJmsContainer-8] [uk.ac.ebi.interpro.scan.io.pirsf.hmmer3.PirsfHmmer3RawMatchParser:129] WARN - Couldn't parse the given raw match line, because it is of an unexpected format.
2023-06-24 21:22:58,551 [amqEmbeddedWorkerJmsContainer-8] [uk.ac.ebi.interpro.scan.io.pirsf.hmmer3.PirsfHmmer3RawMatchParser:130] WARN - Unexpected Raw match line: 1 !  839.1  45.6  3.9e-256  9.1e-254      14     706 ..      18     671 ..       9     672 .] 0.95
2023-06-24 21:22:58,551 [amqEmbeddedWorkerJmsContainer-8] [uk.ac.ebi.interpro.scan.io.pirsf.hmmer3.PirsfHmmer3RawMatchParser:129] WARN - Couldn't parse the given raw match line, because it is of an unexpected format.
2023-06-24 21:22:58,551 [amqEmbeddedWorkerJmsContainer-8] [uk.ac.ebi.interpro.scan.io.pirsf.hmmer3.PirsfHmmer3RawMatchParser:130] WARN - Unexpected Raw match line: Query sequence: 371 matches PIRSF000390: Predicted pyridoxal dependent aminotransferase, DegT/DnrJ/EryC1/StrS types
2023-06-24 21:22:58,551 [amqEmbeddedWorkerJmsContainer-8] [uk.ac.ebi.interpro.scan.io.pirsf.hmmer3.PirsfHmmer3RawMatchParser:129] WARN - Couldn't parse the given raw match line, because it is of an unexpected format.
2023-06-24 21:22:58,551 [amqEmbeddedWorkerJmsContainer-8] [uk.ac.ebi.interpro.scan.io.pirsf.hmmer3.PirsfHmmer3RawMatchParser:130] WARN - Unexpected Raw match line: #    score  bias  c-Evalue  i-Evalue hmmfrom  hmm to    alifrom  ali to    envfrom  env to     acc
2023-06-24 21:22:58,551 [amqEmbeddedWorkerJmsContainer-8] [uk.ac.ebi.interpro.scan.io.pirsf.hmmer3.PirsfHmmer3RawMatchParser:129] WARN - Couldn't parse the given raw match line, because it is of an unexpected format.
2023-06-24 21:22:58,551 [amqEmbeddedWorkerJmsContainer-8] [uk.ac.ebi.interpro.scan.io.pirsf.hmmer3.PirsfHmmer3RawMatchParser:130] WARN - Unexpected Raw match line: 1 !  212.2   0.9   1.4e-66   3.2e-64      29     374 ..      30     409 ..      12     410 .] 0.91
2023-06-24 21:22:58,551 [amqEmbeddedWorkerJmsContainer-8] [uk.ac.ebi.interpro.scan.io.pirsf.hmmer3.PirsfHmmer3RawMatchParser:129] WARN - Couldn't parse the given raw match line, because it is of an unexpected format.
2023-06-24 21:22:58,551 [amqEmbeddedWorkerJmsContainer-8] [uk.ac.ebi.interpro.scan.io.pirsf.hmmer3.PirsfHmmer3RawMatchParser:130] WARN - Unexpected Raw match line: Query sequence: 379 matches PIRSF005499: Polyribonucleotide nucleotidyltransferase
2023-06-24 21:22:58,552 [amqEmbeddedWorkerJmsContainer-8] [uk.ac.ebi.interpro.scan.io.pirsf.hmmer3.PirsfHmmer3RawMatchParser:129] WARN - Couldn't parse the given raw match line, because it is of an unexpected format.
2023-06-24 21:22:58,552 [amqEmbeddedWorkerJmsContainer-8] [uk.ac.ebi.interpro.scan.io.pirsf.hmmer3.PirsfHmmer3RawMatchParser:130] WARN - Unexpected Raw match line: #    score  bias  c-Evalue  i-Evalue hmmfrom  hmm to    alifrom  ali to    envfrom  env to     acc
2023-06-24 21:22:58,552 [amqEmbeddedWorkerJmsContainer-8] [uk.ac.ebi.interpro.scan.io.pirsf.hmmer3.PirsfHmmer3RawMatchParser:129] WARN - Couldn't parse the given raw match line, because it is of an unexpected format.
2023-06-24 21:22:58,552 [amqEmbeddedWorkerJmsContainer-8] [uk.ac.ebi.interpro.scan.io.pirsf.hmmer3.PirsfHmmer3RawMatchParser:130] WARN - Unexpected Raw match line: 1 !  856.4   5.1  2.8e-261  4.4e-259       3     680 ..      19     695 .]      17     695 .] 0.97
2023-06-24 21:22:58,552 [amqEmbeddedWorkerJmsContainer-8] [uk.ac.ebi.interpro.scan.io.pirsf.hmmer3.PirsfHmmer3RawMatchParser:129] WARN - Couldn't parse the given raw match line, because it is of an unexpected format.
2023-06-24 21:22:58,552 [amqEmbeddedWorkerJmsContainer-8] [uk.ac.ebi.interpro.scan.io.pirsf.hmmer3.PirsfHmmer3RawMatchParser:130] WARN - Unexpected Raw match line: Query sequence: 415 matches PIRSF001265: H(+)-translocating inorganic pyrophosphatase
2023-06-24 21:22:58,552 [amqEmbeddedWorkerJmsContainer-8] [uk.ac.ebi.interpro.scan.io.pirsf.hmmer3.PirsfHmmer3RawMatchParser:129] WARN - Couldn't parse the given raw match line, because it is of an unexpected format.
2023-06-24 21:22:58,552 [amqEmbeddedWorkerJmsContainer-8] [uk.ac.ebi.interpro.scan.io.pirsf.hmmer3.PirsfHmmer3RawMatchParser:130] WARN - Unexpected Raw match line: #    score  bias  c-Evalue  i-Evalue hmmfrom  hmm to    alifrom  ali to    envfrom  env to     acc
2023-06-24 21:22:58,552 [amqEmbeddedWorkerJmsContainer-8] [uk.ac.ebi.interpro.scan.io.pirsf.hmmer3.PirsfHmmer3RawMatchParser:129] WARN - Couldn't parse the given raw match line, because it is of an unexpected format.
2023-06-24 21:22:58,552 [amqEmbeddedWorkerJmsContainer-8] [uk.ac.ebi.interpro.scan.io.pirsf.hmmer3.PirsfHmmer3RawMatchParser:130] WARN - Unexpected Raw match line: 1 !  832.3  52.1  4.6e-254  1.1e-251      14     706 ..      22     675 ..      12     676 .] 0.95
2023-06-24 21:22:58,552 [amqEmbeddedWorkerJmsContainer-8] [uk.ac.ebi.interpro.scan.io.pirsf.hmmer3.PirsfHmmer3RawMatchParser:129] WARN - Couldn't parse the given raw match line, because it is of an unexpected format.
2023-06-24 21:22:58,552 [amqEmbeddedWorkerJmsContainer-8] [uk.ac.ebi.interpro.scan.io.pirsf.hmmer3.PirsfHmmer3RawMatchParser:130] WARN - Unexpected Raw match line: Query sequence: 420 matches PIRSF001174: Lon protease
2023-06-24 21:22:58,552 [amqEmbeddedWorkerJmsContainer-8] [uk.ac.ebi.interpro.scan.io.pirsf.hmmer3.PirsfHmmer3RawMatchParser:129] WARN - Couldn't parse the given raw match line, because it is of an unexpected format.
2023-06-24 21:22:58,552 [amqEmbeddedWorkerJmsContainer-8] [uk.ac.ebi.interpro.scan.io.pirsf.hmmer3.PirsfHmmer3RawMatchParser:130] WARN - Unexpected Raw match line: #    score  bias  c-Evalue  i-Evalue hmmfrom  hmm to    alifrom  ali to    envfrom  env to     acc
2023-06-24 21:22:58,552 [amqEmbeddedWorkerJmsContainer-8] [uk.ac.ebi.interpro.scan.io.pirsf.hmmer3.PirsfHmmer3RawMatchParser:129] WARN - Couldn't parse the given raw match line, because it is of an unexpected format.
2023-06-24 21:22:58,552 [amqEmbeddedWorkerJmsContainer-8] [uk.ac.ebi.interpro.scan.io.pirsf.hmmer3.PirsfHmmer3RawMatchParser:130] WARN - Unexpected Raw match line: 1 !  995.6   5.8  5.7e-303  4.4e-301       6     775 ..      17     785 ..      10     787 .. 0.99
2023-06-24 21:22:58,552 [amqEmbeddedWorkerJmsContainer-8] [uk.ac.ebi.interpro.scan.io.pirsf.hmmer3.PirsfHmmer3RawMatchParser:129] WARN - Couldn't parse the given raw match line, because it is of an unexpected format.
2023-06-24 21:22:58,553 [amqEmbeddedWorkerJmsContainer-8] [uk.ac.ebi.interpro.scan.io.pirsf.hmmer3.PirsfHmmer3RawMatchParser:130] WARN - Unexpected Raw match line: Query sequence: 446 matches PIRSF001174: Lon protease
2023-06-24 21:22:58,553 [amqEmbeddedWorkerJmsContainer-8] [uk.ac.ebi.interpro.scan.io.pirsf.hmmer3.PirsfHmmer3RawMatchParser:129] WARN - Couldn't parse the given raw match line, because it is of an unexpected format.
2023-06-24 21:22:58,553 [amqEmbeddedWorkerJmsContainer-8] [uk.ac.ebi.interpro.scan.io.pirsf.hmmer3.PirsfHmmer3RawMatchParser:130] WARN - Unexpected Raw match line: #    score  bias  c-Evalue  i-Evalue hmmfrom  hmm to    alifrom  ali to    envfrom  env to     acc
2023-06-24 21:22:58,553 [amqEmbeddedWorkerJmsContainer-8] [uk.ac.ebi.interpro.scan.io.pirsf.hmmer3.PirsfHmmer3RawMatchParser:129] WARN - Couldn't parse the given raw match line, because it is of an unexpected format.
2023-06-24 21:22:58,553 [amqEmbeddedWorkerJmsContainer-8] [uk.ac.ebi.interpro.scan.io.pirsf.hmmer3.PirsfHmmer3RawMatchParser:130] WARN - Unexpected Raw match line: 1 !  989.5   4.5  3.9e-301  3.1e-299       7     775 ..      14     781 ..       7     782 .. 0.99
2023-06-24 21:22:58,553 [amqEmbeddedWorkerJmsContainer-8] [uk.ac.ebi.interpro.scan.io.pirsf.hmmer3.PirsfHmmer3RawMatchParser:129] WARN - Couldn't parse the given raw match line, because it is of an unexpected format.
2023-06-24 21:22:58,553 [amqEmbeddedWorkerJmsContainer-8] [uk.ac.ebi.interpro.scan.io.pirsf.hmmer3.PirsfHmmer3RawMatchParser:130] WARN - Unexpected Raw match line: Query sequence: 458 matches PIRSF000149: Glyceraldehyde-3-phosphate dehydrogenase
2023-06-24 21:22:58,553 [amqEmbeddedWorkerJmsContainer-8] [uk.ac.ebi.interpro.scan.io.pirsf.hmmer3.PirsfHmmer3RawMatchParser:129] WARN - Couldn't parse the given raw match line, because it is of an unexpected format.
2023-06-24 21:22:58,553 [amqEmbeddedWorkerJmsContainer-8] [uk.ac.ebi.interpro.scan.io.pirsf.hmmer3.PirsfHmmer3RawMatchParser:130] WARN - Unexpected Raw match line: #    score  bias  c-Evalue  i-Evalue hmmfrom  hmm to    alifrom  ali to    envfrom  env to     acc
2023-06-24 21:22:58,553 [amqEmbeddedWorkerJmsContainer-8] [uk.ac.ebi.interpro.scan.io.pirsf.hmmer3.PirsfHmmer3RawMatchParser:129] WARN - Couldn't parse the given raw match line, because it is of an unexpected format.
2023-06-24 21:22:58,553 [amqEmbeddedWorkerJmsContainer-8] [uk.ac.ebi.interpro.scan.io.pirsf.hmmer3.PirsfHmmer3RawMatchParser:130] WARN - Unexpected Raw match line: 1 !  377.5   0.2  3.4e-117  1.6e-114       2     333 ..       2     347 ..       1     353 [. 0.94
2023-06-24 21:22:58,553 [amqEmbeddedWorkerJmsContainer-8] [uk.ac.ebi.interpro.scan.io.pirsf.hmmer3.PirsfHmmer3RawMatchParser:129] WARN - Couldn't parse the given raw match line, because it is of an unexpected format.
2023-06-24 21:22:58,553 [amqEmbeddedWorkerJmsContainer-8] [uk.ac.ebi.interpro.scan.io.pirsf.hmmer3.PirsfHmmer3RawMatchParser:130] WARN - Unexpected Raw match line: Query sequence: 46 matches PIRSF000124: UDP-glucose/GDP-mannose dehydrogenase
2023-06-24 21:22:58,553 [amqEmbeddedWorkerJmsContainer-8] [uk.ac.ebi.interpro.scan.io.pirsf.hmmer3.PirsfHmmer3RawMatchParser:129] WARN - Couldn't parse the given raw match line, because it is of an unexpected format.
2023-06-24 21:22:58,553 [amqEmbeddedWorkerJmsContainer-8] [uk.ac.ebi.interpro.scan.io.pirsf.hmmer3.PirsfHmmer3RawMatchParser:130] WARN - Unexpected Raw match line: #    score  bias  c-Evalue  i-Evalue hmmfrom  hmm to    alifrom  ali to    envfrom  env to     acc
2023-06-24 21:22:58,553 [amqEmbeddedWorkerJmsContainer-8] [uk.ac.ebi.interpro.scan.io.pirsf.hmmer3.PirsfHmmer3RawMatchParser:129] WARN - Couldn't parse the given raw match line, because it is of an unexpected format.
2023-06-24 21:22:58,554 [amqEmbeddedWorkerJmsContainer-8] [uk.ac.ebi.interpro.scan.io.pirsf.hmmer3.PirsfHmmer3RawMatchParser:130] WARN - Unexpected Raw match line: 1 !  226.8   0.1   4.6e-71   1.1e-68       2     437 ..       3     422 ..       2     423 .. 0.91
2023-06-24 21:22:58,554 [amqEmbeddedWorkerJmsContainer-8] [uk.ac.ebi.interpro.scan.io.pirsf.hmmer3.PirsfHmmer3RawMatchParser:129] WARN - Couldn't parse the given raw match line, because it is of an unexpected format.
2023-06-24 21:22:58,554 [amqEmbeddedWorkerJmsContainer-8] [uk.ac.ebi.interpro.scan.io.pirsf.hmmer3.PirsfHmmer3RawMatchParser:130] WARN - Unexpected Raw match line: and matches Sub-Family PIRSF500136: UDP-N-acetyl-D-mannosaminuronate dehydrogenase
2023-06-24 21:22:58,554 [amqEmbeddedWorkerJmsContainer-8] [uk.ac.ebi.interpro.scan.io.pirsf.hmmer3.PirsfHmmer3RawMatchParser:129] WARN - Couldn't parse the given raw match line, because it is of an unexpected format.
2023-06-24 21:22:58,554 [amqEmbeddedWorkerJmsContainer-8] [uk.ac.ebi.interpro.scan.io.pirsf.hmmer3.PirsfHmmer3RawMatchParser:130] WARN - Unexpected Raw match line: #    score  bias  c-Evalue  i-Evalue hmmfrom  hmm to    alifrom  ali to    envfrom  env to     acc
2023-06-24 21:22:58,554 [amqEmbeddedWorkerJmsContainer-8] [uk.ac.ebi.interpro.scan.io.pirsf.hmmer3.PirsfHmmer3RawMatchParser:129] WARN - Couldn't parse the given raw match line, because it is of an unexpected format.
2023-06-24 21:22:58,554 [amqEmbeddedWorkerJmsContainer-8] [uk.ac.ebi.interpro.scan.io.pirsf.hmmer3.PirsfHmmer3RawMatchParser:130] WARN - Unexpected Raw match line: 1 !  396.4   0.1  6.8e-123  3.2e-120      11     443 ..       2     422 ..       1     424 [] 0.95
2023-06-24 21:22:58,554 [amqEmbeddedWorkerJmsContainer-8] [uk.ac.ebi.interpro.scan.io.pirsf.hmmer3.PirsfHmmer3RawMatchParser:129] WARN - Couldn't parse the given raw match line, because it is of an unexpected format.
2023-06-24 21:22:58,554 [amqEmbeddedWorkerJmsContainer-8] [uk.ac.ebi.interpro.scan.io.pirsf.hmmer3.PirsfHmmer3RawMatchParser:130] WARN - Unexpected Raw match line: Query sequence: 56 matches PIRSF004486: S-adenosyl-L-methionine dependent methyltransferase, MraW type
2023-06-24 21:22:58,554 [amqEmbeddedWorkerJmsContainer-8] [uk.ac.ebi.interpro.scan.io.pirsf.hmmer3.PirsfHmmer3RawMatchParser:129] WARN - Couldn't parse the given raw match line, because it is of an unexpected format.
2023-06-24 21:22:58,554 [amqEmbeddedWorkerJmsContainer-8] [uk.ac.ebi.interpro.scan.io.pirsf.hmmer3.PirsfHmmer3RawMatchParser:130] WARN - Unexpected Raw match line: #    score  bias  c-Evalue  i-Evalue hmmfrom  hmm to    alifrom  ali to    envfrom  env to     acc
2023-06-24 21:22:58,554 [amqEmbeddedWorkerJmsContainer-8] [uk.ac.ebi.interpro.scan.io.pirsf.hmmer3.PirsfHmmer3RawMatchParser:129] WARN - Couldn't parse the given raw match line, because it is of an unexpected format.
2023-06-24 21:22:58,554 [amqEmbeddedWorkerJmsContainer-8] [uk.ac.ebi.interpro.scan.io.pirsf.hmmer3.PirsfHmmer3RawMatchParser:130] WARN - Unexpected Raw match line: 1 !  281.7   0.3   4.9e-88   2.3e-85       3     267 ..       5     283 ..       3     287 .. 0.92
2023-06-24 21:22:58,554 [amqEmbeddedWorkerJmsContainer-8] [uk.ac.ebi.interpro.scan.io.pirsf.hmmer3.PirsfHmmer3RawMatchParser:129] WARN - Couldn't parse the given raw match line, because it is of an unexpected format.
2023-06-24 21:22:58,554 [amqEmbeddedWorkerJmsContainer-8] [uk.ac.ebi.interpro.scan.io.pirsf.hmmer3.PirsfHmmer3RawMatchParser:130] WARN - Unexpected Raw match line: Query sequence: 60 matches PIRSF005901: Translation elongation factor P
2023-06-24 21:22:58,555 [amqEmbeddedWorkerJmsContainer-8] [uk.ac.ebi.interpro.scan.io.pirsf.hmmer3.PirsfHmmer3RawMatchParser:129] WARN - Couldn't parse the given raw match line, because it is of an unexpected format.
2023-06-24 21:22:58,555 [amqEmbeddedWorkerJmsContainer-8] [uk.ac.ebi.interpro.scan.io.pirsf.hmmer3.PirsfHmmer3RawMatchParser:130] WARN - Unexpected Raw match line: #    score  bias  c-Evalue  i-Evalue hmmfrom  hmm to    alifrom  ali to    envfrom  env to     acc
2023-06-24 21:22:58,555 [amqEmbeddedWorkerJmsContainer-8] [uk.ac.ebi.interpro.scan.io.pirsf.hmmer3.PirsfHmmer3RawMatchParser:129] WARN - Couldn't parse the given raw match line, because it is of an unexpected format.
2023-06-24 21:22:58,555 [amqEmbeddedWorkerJmsContainer-8] [uk.ac.ebi.interpro.scan.io.pirsf.hmmer3.PirsfHmmer3RawMatchParser:130] WARN - Unexpected Raw match line: 1 !  174.1   0.1   1.3e-55     6e-53       2     186 ..      19     204 .]      18     204 .] 0.97
2023-06-24 21:22:58,555 [amqEmbeddedWorkerJmsContainer-8] [uk.ac.ebi.interpro.scan.io.pirsf.hmmer3.PirsfHmmer3RawMatchParser:129] WARN - Couldn't parse the given raw match line, because it is of an unexpected format.
2023-06-24 21:22:58,555 [amqEmbeddedWorkerJmsContainer-8] [uk.ac.ebi.interpro.scan.io.pirsf.hmmer3.PirsfHmmer3RawMatchParser:130] WARN - Unexpected Raw match line: Query sequence: 95 matches PIRSF003085: Fatty-acyl-phospholipid/mycolic acid cyclopropane synthase
2023-06-24 21:22:58,555 [amqEmbeddedWorkerJmsContainer-8] [uk.ac.ebi.interpro.scan.io.pirsf.hmmer3.PirsfHmmer3RawMatchParser:129] WARN - Couldn't parse the given raw match line, because it is of an unexpected format.
2023-06-24 21:22:58,555 [amqEmbeddedWorkerJmsContainer-8] [uk.ac.ebi.interpro.scan.io.pirsf.hmmer3.PirsfHmmer3RawMatchParser:130] WARN - Unexpected Raw match line: #    score  bias  c-Evalue  i-Evalue hmmfrom  hmm to    alifrom  ali to    envfrom  env to     acc
2023-06-24 21:22:58,555 [amqEmbeddedWorkerJmsContainer-8] [uk.ac.ebi.interpro.scan.io.pirsf.hmmer3.PirsfHmmer3RawMatchParser:129] WARN - Couldn't parse the given raw match line, because it is of an unexpected format.
2023-06-24 21:22:58,555 [amqEmbeddedWorkerJmsContainer-8] [uk.ac.ebi.interpro.scan.io.pirsf.hmmer3.PirsfHmmer3RawMatchParser:130] WARN - Unexpected Raw match line: 1 !  360.2   0.4  3.6e-111  3.4e-109      40     398 ..      25     371 ..       2     377 .. 0.87
24/06/2023 21:26:01:143 100% done:  InterProScan analyses completed 

2023-06-24 21:26:01,646 [main] [uk.ac.ebi.interpro.scan.jms.master.AbstractMaster:259] WARN - Master process unable to delete temporary directory /projects/raw_lab/jobs/metacerberus/temp/str-c101.uncc.edu_20230624_211018534_598j
2995.80user 297.28system 15:47.78elapsed 347%CPU (0avgtext+0avgdata 3475200maxresident)k
1167968inputs+1208776outputs (219major+17704455minor)pagefaults 0swaps

======================================================
End Time   : Sat Jun 24 21:26:01 EDT 2023
Run Time   : 948 seconds
======================================================

