=====================================================
Start Time  : Sat Jun 24 21:45:44 EDT 2023
Submit Dir  : /projects/raw_lab/jobs/metacerberus
Job ID/Name : 3996996 / InterProScan
Node List   : str-c105
Num Tasks   : 1 total [1 nodes @ 16 CPUs/node]
======================================================

Loading interproscan/5.60-92.0
  Loading requirement: anaconda3/2020.11 openjdk/15
======================================================
Running InterProScan On VIRAL/genomes/NC_033745.1.fna
======================================================
24/06/2023 21:45:45:710 Welcome to InterProScan-5.60-92.0
24/06/2023 21:45:45:710 Running InterProScan v5 in STANDALONE mode... on Linux
24/06/2023 21:45:49:705 RunID: str-c105.uncc.edu_20230624_214549536_3kt3
24/06/2023 21:45:58:202 Loading file /projects/raw_lab/jobs/metacerberus/VIRAL/genomes/NC_033745.1.fna
24/06/2023 21:45:58:796 Running the following analyses:
[AntiFam-7.0,CDD-3.20,Coils-2.2.1,FunFam-4.3.0,Gene3D-4.3.0,Hamap-2021_04,MobiDBLite-2.0,PANTHER-17.0,Pfam-35.0,PIRSF-3.10,PIRSR-2021_05,PRINTS-42.0,ProSitePatterns-2022_01,ProSiteProfiles-2022_01,SFLD-4,SMART-7.1,SUPERFAMILY-1.75,TIGRFAM-15.0]
Pre-calculated match lookup service DISABLED.  Please wait for match calculations to complete...
2023-06-24 21:46:11,085 [amqEmbeddedWorkerJmsContainer-9] [uk.ac.ebi.interpro.scan.io.pirsf.hmmer3.PirsfHmmer3RawMatchParser:129] WARN - Couldn't parse the given raw match line, because it is of an unexpected format.
2023-06-24 21:46:11,090 [amqEmbeddedWorkerJmsContainer-9] [uk.ac.ebi.interpro.scan.io.pirsf.hmmer3.PirsfHmmer3RawMatchParser:130] WARN - Unexpected Raw match line: Query sequence: 8 matches PIRSF003383: Replication protein E1, papillomavirus type
2023-06-24 21:46:11,090 [amqEmbeddedWorkerJmsContainer-9] [uk.ac.ebi.interpro.scan.io.pirsf.hmmer3.PirsfHmmer3RawMatchParser:129] WARN - Couldn't parse the given raw match line, because it is of an unexpected format.
2023-06-24 21:46:11,091 [amqEmbeddedWorkerJmsContainer-9] [uk.ac.ebi.interpro.scan.io.pirsf.hmmer3.PirsfHmmer3RawMatchParser:130] WARN - Unexpected Raw match line: #    score  bias  c-Evalue  i-Evalue hmmfrom  hmm to    alifrom  ali to    envfrom  env to     acc
2023-06-24 21:46:11,091 [amqEmbeddedWorkerJmsContainer-9] [uk.ac.ebi.interpro.scan.io.pirsf.hmmer3.PirsfHmmer3RawMatchParser:129] WARN - Couldn't parse the given raw match line, because it is of an unexpected format.
2023-06-24 21:46:11,091 [amqEmbeddedWorkerJmsContainer-9] [uk.ac.ebi.interpro.scan.io.pirsf.hmmer3.PirsfHmmer3RawMatchParser:130] WARN - Unexpected Raw match line: 1 !  795.4   0.0  5.1e-243  8.3e-240       9     620 ..      20     670 ..      12     672 .] 0.92
2023-06-24 21:47:23,185 [amqEmbeddedWorkerJmsContainer-8] [uk.ac.ebi.interpro.scan.management.model.implementations.WriteOutputStep:344] WARN - At write output completion, unable to delete temporary directory /projects/raw_lab/jobs/metacerberus/temp/str-c105.uncc.edu_20230624_214549536_3kt3
24/06/2023 21:47:23:220 100% done:  InterProScan analyses completed 

2023-06-24 21:47:23,722 [main] [uk.ac.ebi.interpro.scan.jms.master.AbstractMaster:259] WARN - Master process unable to delete temporary directory /projects/raw_lab/jobs/metacerberus/temp/str-c105.uncc.edu_20230624_214549536_3kt3
2023-06-24 21:47:23,729 [main] [uk.ac.ebi.interpro.scan.jms.main.Run:1778] WARN - At Run completion, unable to delete temporary directory /projects/raw_lab/jobs/metacerberus/temp/str-c105.uncc.edu_20230624_214549536_3kt3
216.73user 22.31system 1:38.70elapsed 242%CPU (0avgtext+0avgdata 3413696maxresident)k
483936inputs+487936outputs (12major+1558300minor)pagefaults 0swaps

======================================================
End Time   : Sat Jun 24 21:47:23 EDT 2023
Run Time   : 99 seconds
======================================================

