=====================================================
Start Time  : Sat Jun 24 21:44:52 EDT 2023
Submit Dir  : /projects/raw_lab/jobs/metacerberus
Job ID/Name : 3996983 / InterProScan
Node List   : str-c111
Num Tasks   : 1 total [1 nodes @ 16 CPUs/node]
======================================================

Loading interproscan/5.60-92.0
  Loading requirement: anaconda3/2020.11 openjdk/15
======================================================
Running InterProScan On VIRAL/genomes/NC_019724.1.fna
======================================================
24/06/2023 21:44:53:497 Welcome to InterProScan-5.60-92.0
24/06/2023 21:44:53:497 Running InterProScan v5 in STANDALONE mode... on Linux
24/06/2023 21:44:57:603 RunID: str-c111.uncc.edu_20230624_214457429_kh32
24/06/2023 21:45:06:077 Loading file /projects/raw_lab/jobs/metacerberus/VIRAL/genomes/NC_019724.1.fna
24/06/2023 21:45:06:548 Running the following analyses:
[AntiFam-7.0,CDD-3.20,Coils-2.2.1,FunFam-4.3.0,Gene3D-4.3.0,Hamap-2021_04,MobiDBLite-2.0,PANTHER-17.0,Pfam-35.0,PIRSF-3.10,PIRSR-2021_05,PRINTS-42.0,ProSitePatterns-2022_01,ProSiteProfiles-2022_01,SFLD-4,SMART-7.1,SUPERFAMILY-1.75,TIGRFAM-15.0]
Pre-calculated match lookup service DISABLED.  Please wait for match calculations to complete...
2023-06-24 21:46:31,210 [amqEmbeddedWorkerJmsContainer-12] [uk.ac.ebi.interpro.scan.management.model.implementations.WriteOutputStep:344] WARN - At write output completion, unable to delete temporary directory /projects/raw_lab/jobs/metacerberus/temp/str-c111.uncc.edu_20230624_214457429_kh32
24/06/2023 21:46:31:255 100% done:  InterProScan analyses completed 

2023-06-24 21:46:31,758 [main] [uk.ac.ebi.interpro.scan.jms.master.AbstractMaster:259] WARN - Master process unable to delete temporary directory /projects/raw_lab/jobs/metacerberus/temp/str-c111.uncc.edu_20230624_214457429_kh32
2023-06-24 21:46:31,765 [main] [uk.ac.ebi.interpro.scan.jms.main.Run:1778] WARN - At Run completion, unable to delete temporary directory /projects/raw_lab/jobs/metacerberus/temp/str-c111.uncc.edu_20230624_214457429_kh32
240.51user 23.46system 1:38.93elapsed 266%CPU (0avgtext+0avgdata 3190748maxresident)k
645504inputs+479360outputs (12major+1745185minor)pagefaults 0swaps

======================================================
End Time   : Sat Jun 24 21:46:31 EDT 2023
Run Time   : 99 seconds
======================================================

