=====================================================
Start Time  : Sat Jun 24 20:53:42 EDT 2023
Submit Dir  : /projects/raw_lab/jobs/metacerberus
Job ID/Name : 3996718 / InterProScan
Node List   : str-c90
Num Tasks   : 1 total [1 nodes @ 16 CPUs/node]
======================================================

Loading interproscan/5.60-92.0
  Loading requirement: anaconda3/2020.11 openjdk/15
======================================================
Running InterProScan On CPR/SAMN03319891.fna
======================================================
24/06/2023 20:53:43:934 Welcome to InterProScan-5.60-92.0
24/06/2023 20:53:43:934 Running InterProScan v5 in STANDALONE mode... on Linux
24/06/2023 20:53:47:986 RunID: str-c90.uncc.edu_20230624_205347820_br1w
24/06/2023 20:53:56:793 Loading file /projects/raw_lab/jobs/metacerberus/CPR/SAMN03319891.fna
24/06/2023 20:53:57:381 Running the following analyses:
[AntiFam-7.0,CDD-3.20,Coils-2.2.1,FunFam-4.3.0,Gene3D-4.3.0,Hamap-2021_04,MobiDBLite-2.0,PANTHER-17.0,Pfam-35.0,PIRSF-3.10,PIRSR-2021_05,PRINTS-42.0,ProSitePatterns-2022_01,ProSiteProfiles-2022_01,SFLD-4,SMART-7.1,SUPERFAMILY-1.75,TIGRFAM-15.0]
Pre-calculated match lookup service DISABLED.  Please wait for match calculations to complete...
2023-06-24 20:54:33,204 [amqEmbeddedWorkerJmsContainer-4] [uk.ac.ebi.interpro.scan.io.pirsf.hmmer3.PirsfHmmer3RawMatchParser:129] WARN - Couldn't parse the given raw match line, because it is of an unexpected format.
2023-06-24 20:54:33,208 [amqEmbeddedWorkerJmsContainer-4] [uk.ac.ebi.interpro.scan.io.pirsf.hmmer3.PirsfHmmer3RawMatchParser:130] WARN - Unexpected Raw match line: Query sequence: 130 matches PIRSF001434: Cystathionine gamma-synthase
2023-06-24 20:54:33,208 [amqEmbeddedWorkerJmsContainer-4] [uk.ac.ebi.interpro.scan.io.pirsf.hmmer3.PirsfHmmer3RawMatchParser:129] WARN - Couldn't parse the given raw match line, because it is of an unexpected format.
2023-06-24 20:54:33,208 [amqEmbeddedWorkerJmsContainer-4] [uk.ac.ebi.interpro.scan.io.pirsf.hmmer3.PirsfHmmer3RawMatchParser:130] WARN - Unexpected Raw match line: #    score  bias  c-Evalue  i-Evalue hmmfrom  hmm to    alifrom  ali to    envfrom  env to     acc
2023-06-24 20:54:33,208 [amqEmbeddedWorkerJmsContainer-4] [uk.ac.ebi.interpro.scan.io.pirsf.hmmer3.PirsfHmmer3RawMatchParser:129] WARN - Couldn't parse the given raw match line, because it is of an unexpected format.
2023-06-24 20:54:33,208 [amqEmbeddedWorkerJmsContainer-4] [uk.ac.ebi.interpro.scan.io.pirsf.hmmer3.PirsfHmmer3RawMatchParser:130] WARN - Unexpected Raw match line: 1 !  392.1   0.0  2.7e-121  4.7e-119      14     405 ..      57     466 .]      45     466 .] 0.94
2023-06-24 20:54:33,208 [amqEmbeddedWorkerJmsContainer-4] [uk.ac.ebi.interpro.scan.io.pirsf.hmmer3.PirsfHmmer3RawMatchParser:129] WARN - Couldn't parse the given raw match line, because it is of an unexpected format.
2023-06-24 20:54:33,208 [amqEmbeddedWorkerJmsContainer-4] [uk.ac.ebi.interpro.scan.io.pirsf.hmmer3.PirsfHmmer3RawMatchParser:130] WARN - Unexpected Raw match line: Query sequence: 156 matches PIRSF016202: Predicted glycosidase, PH1107 type
2023-06-24 20:54:33,209 [amqEmbeddedWorkerJmsContainer-4] [uk.ac.ebi.interpro.scan.io.pirsf.hmmer3.PirsfHmmer3RawMatchParser:129] WARN - Couldn't parse the given raw match line, because it is of an unexpected format.
2023-06-24 20:54:33,209 [amqEmbeddedWorkerJmsContainer-4] [uk.ac.ebi.interpro.scan.io.pirsf.hmmer3.PirsfHmmer3RawMatchParser:130] WARN - Unexpected Raw match line: #    score  bias  c-Evalue  i-Evalue hmmfrom  hmm to    alifrom  ali to    envfrom  env to     acc
2023-06-24 20:54:33,209 [amqEmbeddedWorkerJmsContainer-4] [uk.ac.ebi.interpro.scan.io.pirsf.hmmer3.PirsfHmmer3RawMatchParser:129] WARN - Couldn't parse the given raw match line, because it is of an unexpected format.
2023-06-24 20:54:33,209 [amqEmbeddedWorkerJmsContainer-4] [uk.ac.ebi.interpro.scan.io.pirsf.hmmer3.PirsfHmmer3RawMatchParser:130] WARN - Unexpected Raw match line: 1 !  270.9   0.0   6.4e-85   2.2e-82      35     330 ..       5     306 ..       1     309 [] 0.96
2023-06-24 20:54:33,209 [amqEmbeddedWorkerJmsContainer-4] [uk.ac.ebi.interpro.scan.io.pirsf.hmmer3.PirsfHmmer3RawMatchParser:129] WARN - Couldn't parse the given raw match line, because it is of an unexpected format.
2023-06-24 20:54:33,209 [amqEmbeddedWorkerJmsContainer-4] [uk.ac.ebi.interpro.scan.io.pirsf.hmmer3.PirsfHmmer3RawMatchParser:130] WARN - Unexpected Raw match line: Query sequence: 169 matches PIRSF035652: Uncharacterised conserved protein, UCP035652 type
2023-06-24 20:54:33,209 [amqEmbeddedWorkerJmsContainer-4] [uk.ac.ebi.interpro.scan.io.pirsf.hmmer3.PirsfHmmer3RawMatchParser:129] WARN - Couldn't parse the given raw match line, because it is of an unexpected format.
2023-06-24 20:54:33,209 [amqEmbeddedWorkerJmsContainer-4] [uk.ac.ebi.interpro.scan.io.pirsf.hmmer3.PirsfHmmer3RawMatchParser:130] WARN - Unexpected Raw match line: #    score  bias  c-Evalue  i-Evalue hmmfrom  hmm to    alifrom  ali to    envfrom  env to     acc
2023-06-24 20:54:33,209 [amqEmbeddedWorkerJmsContainer-4] [uk.ac.ebi.interpro.scan.io.pirsf.hmmer3.PirsfHmmer3RawMatchParser:129] WARN - Couldn't parse the given raw match line, because it is of an unexpected format.
2023-06-24 20:54:33,209 [amqEmbeddedWorkerJmsContainer-4] [uk.ac.ebi.interpro.scan.io.pirsf.hmmer3.PirsfHmmer3RawMatchParser:130] WARN - Unexpected Raw match line: 1 !   95.9   1.0   7.5e-32   2.7e-29       4     117 ..       4     115 ..       2     118 .. 0.93
2023-06-24 20:54:33,209 [amqEmbeddedWorkerJmsContainer-4] [uk.ac.ebi.interpro.scan.io.pirsf.hmmer3.PirsfHmmer3RawMatchParser:129] WARN - Couldn't parse the given raw match line, because it is of an unexpected format.
2023-06-24 20:54:33,209 [amqEmbeddedWorkerJmsContainer-4] [uk.ac.ebi.interpro.scan.io.pirsf.hmmer3.PirsfHmmer3RawMatchParser:130] WARN - Unexpected Raw match line: Query sequence: 190 matches PIRSF001400: Enolase
2023-06-24 20:54:33,209 [amqEmbeddedWorkerJmsContainer-4] [uk.ac.ebi.interpro.scan.io.pirsf.hmmer3.PirsfHmmer3RawMatchParser:129] WARN - Couldn't parse the given raw match line, because it is of an unexpected format.
2023-06-24 20:54:33,209 [amqEmbeddedWorkerJmsContainer-4] [uk.ac.ebi.interpro.scan.io.pirsf.hmmer3.PirsfHmmer3RawMatchParser:130] WARN - Unexpected Raw match line: #    score  bias  c-Evalue  i-Evalue hmmfrom  hmm to    alifrom  ali to    envfrom  env to     acc
2023-06-24 20:54:33,210 [amqEmbeddedWorkerJmsContainer-4] [uk.ac.ebi.interpro.scan.io.pirsf.hmmer3.PirsfHmmer3RawMatchParser:129] WARN - Couldn't parse the given raw match line, because it is of an unexpected format.
2023-06-24 20:54:33,210 [amqEmbeddedWorkerJmsContainer-4] [uk.ac.ebi.interpro.scan.io.pirsf.hmmer3.PirsfHmmer3RawMatchParser:130] WARN - Unexpected Raw match line: 1 !  444.1   0.0  2.3e-137  8.3e-135       2     415 ..       4     401 ..       3     404 .. 0.95
2023-06-24 20:54:33,210 [amqEmbeddedWorkerJmsContainer-4] [uk.ac.ebi.interpro.scan.io.pirsf.hmmer3.PirsfHmmer3RawMatchParser:129] WARN - Couldn't parse the given raw match line, because it is of an unexpected format.
2023-06-24 20:54:33,210 [amqEmbeddedWorkerJmsContainer-4] [uk.ac.ebi.interpro.scan.io.pirsf.hmmer3.PirsfHmmer3RawMatchParser:130] WARN - Unexpected Raw match line: Query sequence: 208 matches PIRSF005572: Cysteine desulphurase, NifS type
2023-06-24 20:54:33,210 [amqEmbeddedWorkerJmsContainer-4] [uk.ac.ebi.interpro.scan.io.pirsf.hmmer3.PirsfHmmer3RawMatchParser:129] WARN - Couldn't parse the given raw match line, because it is of an unexpected format.
2023-06-24 20:54:33,210 [amqEmbeddedWorkerJmsContainer-4] [uk.ac.ebi.interpro.scan.io.pirsf.hmmer3.PirsfHmmer3RawMatchParser:130] WARN - Unexpected Raw match line: #    score  bias  c-Evalue  i-Evalue hmmfrom  hmm to    alifrom  ali to    envfrom  env to     acc
2023-06-24 20:54:33,210 [amqEmbeddedWorkerJmsContainer-4] [uk.ac.ebi.interpro.scan.io.pirsf.hmmer3.PirsfHmmer3RawMatchParser:129] WARN - Couldn't parse the given raw match line, because it is of an unexpected format.
2023-06-24 20:54:33,210 [amqEmbeddedWorkerJmsContainer-4] [uk.ac.ebi.interpro.scan.io.pirsf.hmmer3.PirsfHmmer3RawMatchParser:130] WARN - Unexpected Raw match line: 1 !  398.1   1.7  2.2e-123  7.7e-121       2     369 ..       6     371 ..       5     375 .. 0.99
2023-06-24 20:54:33,210 [amqEmbeddedWorkerJmsContainer-4] [uk.ac.ebi.interpro.scan.io.pirsf.hmmer3.PirsfHmmer3RawMatchParser:129] WARN - Couldn't parse the given raw match line, because it is of an unexpected format.
2023-06-24 20:54:33,210 [amqEmbeddedWorkerJmsContainer-4] [uk.ac.ebi.interpro.scan.io.pirsf.hmmer3.PirsfHmmer3RawMatchParser:130] WARN - Unexpected Raw match line: Query sequence: 209 matches PIRSF005902: Mg-dependent DNase, TatD type
2023-06-24 20:54:33,210 [amqEmbeddedWorkerJmsContainer-4] [uk.ac.ebi.interpro.scan.io.pirsf.hmmer3.PirsfHmmer3RawMatchParser:129] WARN - Couldn't parse the given raw match line, because it is of an unexpected format.
2023-06-24 20:54:33,210 [amqEmbeddedWorkerJmsContainer-4] [uk.ac.ebi.interpro.scan.io.pirsf.hmmer3.PirsfHmmer3RawMatchParser:130] WARN - Unexpected Raw match line: #    score  bias  c-Evalue  i-Evalue hmmfrom  hmm to    alifrom  ali to    envfrom  env to     acc
2023-06-24 20:54:33,210 [amqEmbeddedWorkerJmsContainer-4] [uk.ac.ebi.interpro.scan.io.pirsf.hmmer3.PirsfHmmer3RawMatchParser:129] WARN - Couldn't parse the given raw match line, because it is of an unexpected format.
2023-06-24 20:54:33,210 [amqEmbeddedWorkerJmsContainer-4] [uk.ac.ebi.interpro.scan.io.pirsf.hmmer3.PirsfHmmer3RawMatchParser:130] WARN - Unexpected Raw match line: 1 !  252.3   0.0     3e-79   1.1e-76      61     335 ..      25     285 ..      17     287 .] 0.90
2023-06-24 20:54:33,211 [amqEmbeddedWorkerJmsContainer-4] [uk.ac.ebi.interpro.scan.io.pirsf.hmmer3.PirsfHmmer3RawMatchParser:129] WARN - Couldn't parse the given raw match line, because it is of an unexpected format.
2023-06-24 20:54:33,211 [amqEmbeddedWorkerJmsContainer-4] [uk.ac.ebi.interpro.scan.io.pirsf.hmmer3.PirsfHmmer3RawMatchParser:130] WARN - Unexpected Raw match line: Query sequence: 229 matches PIRSF002811: DNA primase
2023-06-24 20:54:33,211 [amqEmbeddedWorkerJmsContainer-4] [uk.ac.ebi.interpro.scan.io.pirsf.hmmer3.PirsfHmmer3RawMatchParser:129] WARN - Couldn't parse the given raw match line, because it is of an unexpected format.
2023-06-24 20:54:33,211 [amqEmbeddedWorkerJmsContainer-4] [uk.ac.ebi.interpro.scan.io.pirsf.hmmer3.PirsfHmmer3RawMatchParser:130] WARN - Unexpected Raw match line: #    score  bias  c-Evalue  i-Evalue hmmfrom  hmm to    alifrom  ali to    envfrom  env to     acc
2023-06-24 20:54:33,211 [amqEmbeddedWorkerJmsContainer-4] [uk.ac.ebi.interpro.scan.io.pirsf.hmmer3.PirsfHmmer3RawMatchParser:129] WARN - Couldn't parse the given raw match line, because it is of an unexpected format.
2023-06-24 20:54:33,211 [amqEmbeddedWorkerJmsContainer-4] [uk.ac.ebi.interpro.scan.io.pirsf.hmmer3.PirsfHmmer3RawMatchParser:130] WARN - Unexpected Raw match line: 1 !  446.8   0.0  8.3e-138  2.9e-135       4     588 ..      37     607 ..      34     615 .. 0.90
2023-06-24 20:54:33,211 [amqEmbeddedWorkerJmsContainer-4] [uk.ac.ebi.interpro.scan.io.pirsf.hmmer3.PirsfHmmer3RawMatchParser:129] WARN - Couldn't parse the given raw match line, because it is of an unexpected format.
2023-06-24 20:54:33,211 [amqEmbeddedWorkerJmsContainer-4] [uk.ac.ebi.interpro.scan.io.pirsf.hmmer3.PirsfHmmer3RawMatchParser:130] WARN - Unexpected Raw match line: Query sequence: 233 matches PIRSF005499: Polyribonucleotide nucleotidyltransferase
2023-06-24 20:54:33,211 [amqEmbeddedWorkerJmsContainer-4] [uk.ac.ebi.interpro.scan.io.pirsf.hmmer3.PirsfHmmer3RawMatchParser:129] WARN - Couldn't parse the given raw match line, because it is of an unexpected format.
2023-06-24 20:54:33,211 [amqEmbeddedWorkerJmsContainer-4] [uk.ac.ebi.interpro.scan.io.pirsf.hmmer3.PirsfHmmer3RawMatchParser:130] WARN - Unexpected Raw match line: #    score  bias  c-Evalue  i-Evalue hmmfrom  hmm to    alifrom  ali to    envfrom  env to     acc
2023-06-24 20:54:33,211 [amqEmbeddedWorkerJmsContainer-4] [uk.ac.ebi.interpro.scan.io.pirsf.hmmer3.PirsfHmmer3RawMatchParser:129] WARN - Couldn't parse the given raw match line, because it is of an unexpected format.
2023-06-24 20:54:33,211 [amqEmbeddedWorkerJmsContainer-4] [uk.ac.ebi.interpro.scan.io.pirsf.hmmer3.PirsfHmmer3RawMatchParser:130] WARN - Unexpected Raw match line: 1 !  824.3   8.9  1.4e-251  1.7e-249       5     691 ..      10     699 ..       6     703 .] 0.95
2023-06-24 20:54:33,211 [amqEmbeddedWorkerJmsContainer-4] [uk.ac.ebi.interpro.scan.io.pirsf.hmmer3.PirsfHmmer3RawMatchParser:129] WARN - Couldn't parse the given raw match line, because it is of an unexpected format.
2023-06-24 20:54:33,211 [amqEmbeddedWorkerJmsContainer-4] [uk.ac.ebi.interpro.scan.io.pirsf.hmmer3.PirsfHmmer3RawMatchParser:130] WARN - Unexpected Raw match line: Query sequence: 241 matches PIRSF002162: Ribosomal protein, L6p/L6a/L9e/organellar L9 types
2023-06-24 20:54:33,212 [amqEmbeddedWorkerJmsContainer-4] [uk.ac.ebi.interpro.scan.io.pirsf.hmmer3.PirsfHmmer3RawMatchParser:129] WARN - Couldn't parse the given raw match line, because it is of an unexpected format.
2023-06-24 20:54:33,212 [amqEmbeddedWorkerJmsContainer-4] [uk.ac.ebi.interpro.scan.io.pirsf.hmmer3.PirsfHmmer3RawMatchParser:130] WARN - Unexpected Raw match line: #    score  bias  c-Evalue  i-Evalue hmmfrom  hmm to    alifrom  ali to    envfrom  env to     acc
2023-06-24 20:54:33,212 [amqEmbeddedWorkerJmsContainer-4] [uk.ac.ebi.interpro.scan.io.pirsf.hmmer3.PirsfHmmer3RawMatchParser:129] WARN - Couldn't parse the given raw match line, because it is of an unexpected format.
2023-06-24 20:54:33,212 [amqEmbeddedWorkerJmsContainer-4] [uk.ac.ebi.interpro.scan.io.pirsf.hmmer3.PirsfHmmer3RawMatchParser:130] WARN - Unexpected Raw match line: 1 !  148.7   0.0     7e-48   2.5e-45       2     184 ..      15     189 ..      14     190 .. 0.94
2023-06-24 20:54:33,212 [amqEmbeddedWorkerJmsContainer-4] [uk.ac.ebi.interpro.scan.io.pirsf.hmmer3.PirsfHmmer3RawMatchParser:129] WARN - Couldn't parse the given raw match line, because it is of an unexpected format.
2023-06-24 20:54:33,212 [amqEmbeddedWorkerJmsContainer-4] [uk.ac.ebi.interpro.scan.io.pirsf.hmmer3.PirsfHmmer3RawMatchParser:130] WARN - Unexpected Raw match line: Query sequence: 252 matches PIRSF000349: Superoxide dismutase, Mn/Fe specific
2023-06-24 20:54:33,212 [amqEmbeddedWorkerJmsContainer-4] [uk.ac.ebi.interpro.scan.io.pirsf.hmmer3.PirsfHmmer3RawMatchParser:129] WARN - Couldn't parse the given raw match line, because it is of an unexpected format.
2023-06-24 20:54:33,212 [amqEmbeddedWorkerJmsContainer-4] [uk.ac.ebi.interpro.scan.io.pirsf.hmmer3.PirsfHmmer3RawMatchParser:130] WARN - Unexpected Raw match line: #    score  bias  c-Evalue  i-Evalue hmmfrom  hmm to    alifrom  ali to    envfrom  env to     acc
2023-06-24 20:54:33,212 [amqEmbeddedWorkerJmsContainer-4] [uk.ac.ebi.interpro.scan.io.pirsf.hmmer3.PirsfHmmer3RawMatchParser:129] WARN - Couldn't parse the given raw match line, because it is of an unexpected format.
2023-06-24 20:54:33,212 [amqEmbeddedWorkerJmsContainer-4] [uk.ac.ebi.interpro.scan.io.pirsf.hmmer3.PirsfHmmer3RawMatchParser:130] WARN - Unexpected Raw match line: 1 !  162.2   0.3   6.7e-52   2.3e-49      48     225 ..      23     198 ..       7     201 .. 0.93
2023-06-24 20:54:33,212 [amqEmbeddedWorkerJmsContainer-4] [uk.ac.ebi.interpro.scan.io.pirsf.hmmer3.PirsfHmmer3RawMatchParser:129] WARN - Couldn't parse the given raw match line, because it is of an unexpected format.
2023-06-24 20:54:33,212 [amqEmbeddedWorkerJmsContainer-4] [uk.ac.ebi.interpro.scan.io.pirsf.hmmer3.PirsfHmmer3RawMatchParser:130] WARN - Unexpected Raw match line: Query sequence: 30 matches PIRSF001265: H(+)-translocating inorganic pyrophosphatase
2023-06-24 20:54:33,212 [amqEmbeddedWorkerJmsContainer-4] [uk.ac.ebi.interpro.scan.io.pirsf.hmmer3.PirsfHmmer3RawMatchParser:129] WARN - Couldn't parse the given raw match line, because it is of an unexpected format.
2023-06-24 20:54:33,212 [amqEmbeddedWorkerJmsContainer-4] [uk.ac.ebi.interpro.scan.io.pirsf.hmmer3.PirsfHmmer3RawMatchParser:130] WARN - Unexpected Raw match line: #    score  bias  c-Evalue  i-Evalue hmmfrom  hmm to    alifrom  ali to    envfrom  env to     acc
2023-06-24 20:54:33,213 [amqEmbeddedWorkerJmsContainer-4] [uk.ac.ebi.interpro.scan.io.pirsf.hmmer3.PirsfHmmer3RawMatchParser:129] WARN - Couldn't parse the given raw match line, because it is of an unexpected format.
2023-06-24 20:54:33,213 [amqEmbeddedWorkerJmsContainer-4] [uk.ac.ebi.interpro.scan.io.pirsf.hmmer3.PirsfHmmer3RawMatchParser:130] WARN - Unexpected Raw match line: 1 !  728.5  40.4  5.5e-223  1.9e-220       4     635 ..      17     631 ..      14     632 .. 0.96
2023-06-24 20:54:33,213 [amqEmbeddedWorkerJmsContainer-4] [uk.ac.ebi.interpro.scan.io.pirsf.hmmer3.PirsfHmmer3RawMatchParser:129] WARN - Couldn't parse the given raw match line, because it is of an unexpected format.
2023-06-24 20:54:33,213 [amqEmbeddedWorkerJmsContainer-4] [uk.ac.ebi.interpro.scan.io.pirsf.hmmer3.PirsfHmmer3RawMatchParser:130] WARN - Unexpected Raw match line: Query sequence: 327 matches PIRSF006641: Predicted GTP-dependent nucleic acid-binding protein, EngD type
2023-06-24 20:54:33,213 [amqEmbeddedWorkerJmsContainer-4] [uk.ac.ebi.interpro.scan.io.pirsf.hmmer3.PirsfHmmer3RawMatchParser:129] WARN - Couldn't parse the given raw match line, because it is of an unexpected format.
2023-06-24 20:54:33,213 [amqEmbeddedWorkerJmsContainer-4] [uk.ac.ebi.interpro.scan.io.pirsf.hmmer3.PirsfHmmer3RawMatchParser:130] WARN - Unexpected Raw match line: #    score  bias  c-Evalue  i-Evalue hmmfrom  hmm to    alifrom  ali to    envfrom  env to     acc
2023-06-24 20:54:33,213 [amqEmbeddedWorkerJmsContainer-4] [uk.ac.ebi.interpro.scan.io.pirsf.hmmer3.PirsfHmmer3RawMatchParser:129] WARN - Couldn't parse the given raw match line, because it is of an unexpected format.
2023-06-24 20:54:33,213 [amqEmbeddedWorkerJmsContainer-4] [uk.ac.ebi.interpro.scan.io.pirsf.hmmer3.PirsfHmmer3RawMatchParser:130] WARN - Unexpected Raw match line: 1 !  439.8   0.1    1e-135  1.8e-133       5     370 ..       2     350 ..       1     351 [] 0.93
2023-06-24 20:54:33,213 [amqEmbeddedWorkerJmsContainer-4] [uk.ac.ebi.interpro.scan.io.pirsf.hmmer3.PirsfHmmer3RawMatchParser:129] WARN - Couldn't parse the given raw match line, because it is of an unexpected format.
2023-06-24 20:54:33,213 [amqEmbeddedWorkerJmsContainer-4] [uk.ac.ebi.interpro.scan.io.pirsf.hmmer3.PirsfHmmer3RawMatchParser:130] WARN - Unexpected Raw match line: Query sequence: 341 matches PIRSF002122: Ribosomal protein, S7p/S7a/S5e/organellar S7 types
2023-06-24 20:54:33,213 [amqEmbeddedWorkerJmsContainer-4] [uk.ac.ebi.interpro.scan.io.pirsf.hmmer3.PirsfHmmer3RawMatchParser:129] WARN - Couldn't parse the given raw match line, because it is of an unexpected format.
2023-06-24 20:54:33,213 [amqEmbeddedWorkerJmsContainer-4] [uk.ac.ebi.interpro.scan.io.pirsf.hmmer3.PirsfHmmer3RawMatchParser:130] WARN - Unexpected Raw match line: #    score  bias  c-Evalue  i-Evalue hmmfrom  hmm to    alifrom  ali to    envfrom  env to     acc
2023-06-24 20:54:33,213 [amqEmbeddedWorkerJmsContainer-4] [uk.ac.ebi.interpro.scan.io.pirsf.hmmer3.PirsfHmmer3RawMatchParser:129] WARN - Couldn't parse the given raw match line, because it is of an unexpected format.
2023-06-24 20:54:33,213 [amqEmbeddedWorkerJmsContainer-4] [uk.ac.ebi.interpro.scan.io.pirsf.hmmer3.PirsfHmmer3RawMatchParser:130] WARN - Unexpected Raw match line: 1 !  140.3   1.1   4.1e-45   1.5e-42      80     221 ..      21     160 ..       6     162 .. 0.96
2023-06-24 20:54:33,213 [amqEmbeddedWorkerJmsContainer-4] [uk.ac.ebi.interpro.scan.io.pirsf.hmmer3.PirsfHmmer3RawMatchParser:129] WARN - Couldn't parse the given raw match line, because it is of an unexpected format.
2023-06-24 20:54:33,214 [amqEmbeddedWorkerJmsContainer-4] [uk.ac.ebi.interpro.scan.io.pirsf.hmmer3.PirsfHmmer3RawMatchParser:130] WARN - Unexpected Raw match line: Query sequence: 342 matches PIRSF000185: Glutamate dehydrogenase
2023-06-24 20:54:33,214 [amqEmbeddedWorkerJmsContainer-4] [uk.ac.ebi.interpro.scan.io.pirsf.hmmer3.PirsfHmmer3RawMatchParser:129] WARN - Couldn't parse the given raw match line, because it is of an unexpected format.
2023-06-24 20:54:33,214 [amqEmbeddedWorkerJmsContainer-4] [uk.ac.ebi.interpro.scan.io.pirsf.hmmer3.PirsfHmmer3RawMatchParser:130] WARN - Unexpected Raw match line: #    score  bias  c-Evalue  i-Evalue hmmfrom  hmm to    alifrom  ali to    envfrom  env to     acc
2023-06-24 20:54:33,214 [amqEmbeddedWorkerJmsContainer-4] [uk.ac.ebi.interpro.scan.io.pirsf.hmmer3.PirsfHmmer3RawMatchParser:129] WARN - Couldn't parse the given raw match line, because it is of an unexpected format.
2023-06-24 20:54:33,214 [amqEmbeddedWorkerJmsContainer-4] [uk.ac.ebi.interpro.scan.io.pirsf.hmmer3.PirsfHmmer3RawMatchParser:130] WARN - Unexpected Raw match line: 1 !  265.2   0.0   4.7e-83   1.6e-80      46     404 ..      13     359 ..       4     368 .. 0.90
2023-06-24 20:54:33,214 [amqEmbeddedWorkerJmsContainer-4] [uk.ac.ebi.interpro.scan.io.pirsf.hmmer3.PirsfHmmer3RawMatchParser:129] WARN - Couldn't parse the given raw match line, because it is of an unexpected format.
2023-06-24 20:54:33,214 [amqEmbeddedWorkerJmsContainer-4] [uk.ac.ebi.interpro.scan.io.pirsf.hmmer3.PirsfHmmer3RawMatchParser:130] WARN - Unexpected Raw match line: Query sequence: 343 matches PIRSF002161: Ribosomal protein, L5p/L5a/L11e/organellar L5 types
2023-06-24 20:54:33,214 [amqEmbeddedWorkerJmsContainer-4] [uk.ac.ebi.interpro.scan.io.pirsf.hmmer3.PirsfHmmer3RawMatchParser:129] WARN - Couldn't parse the given raw match line, because it is of an unexpected format.
2023-06-24 20:54:33,214 [amqEmbeddedWorkerJmsContainer-4] [uk.ac.ebi.interpro.scan.io.pirsf.hmmer3.PirsfHmmer3RawMatchParser:130] WARN - Unexpected Raw match line: #    score  bias  c-Evalue  i-Evalue hmmfrom  hmm to    alifrom  ali to    envfrom  env to     acc
2023-06-24 20:54:33,214 [amqEmbeddedWorkerJmsContainer-4] [uk.ac.ebi.interpro.scan.io.pirsf.hmmer3.PirsfHmmer3RawMatchParser:129] WARN - Couldn't parse the given raw match line, because it is of an unexpected format.
2023-06-24 20:54:33,214 [amqEmbeddedWorkerJmsContainer-4] [uk.ac.ebi.interpro.scan.io.pirsf.hmmer3.PirsfHmmer3RawMatchParser:130] WARN - Unexpected Raw match line: 1 !  149.2   0.1   5.2e-48   1.8e-45      16     180 ..      17     178 ..       6     184 .. 0.93
2023-06-24 20:54:33,214 [amqEmbeddedWorkerJmsContainer-4] [uk.ac.ebi.interpro.scan.io.pirsf.hmmer3.PirsfHmmer3RawMatchParser:129] WARN - Couldn't parse the given raw match line, because it is of an unexpected format.
2023-06-24 20:54:33,214 [amqEmbeddedWorkerJmsContainer-4] [uk.ac.ebi.interpro.scan.io.pirsf.hmmer3.PirsfHmmer3RawMatchParser:130] WARN - Unexpected Raw match line: Query sequence: 346 matches PIRSF001492: Cofactor-independent phosphoglycerate mutase
2023-06-24 20:54:33,214 [amqEmbeddedWorkerJmsContainer-4] [uk.ac.ebi.interpro.scan.io.pirsf.hmmer3.PirsfHmmer3RawMatchParser:129] WARN - Couldn't parse the given raw match line, because it is of an unexpected format.
2023-06-24 20:54:33,215 [amqEmbeddedWorkerJmsContainer-4] [uk.ac.ebi.interpro.scan.io.pirsf.hmmer3.PirsfHmmer3RawMatchParser:130] WARN - Unexpected Raw match line: #    score  bias  c-Evalue  i-Evalue hmmfrom  hmm to    alifrom  ali to    envfrom  env to     acc
2023-06-24 20:54:33,215 [amqEmbeddedWorkerJmsContainer-4] [uk.ac.ebi.interpro.scan.io.pirsf.hmmer3.PirsfHmmer3RawMatchParser:129] WARN - Couldn't parse the given raw match line, because it is of an unexpected format.
2023-06-24 20:54:33,215 [amqEmbeddedWorkerJmsContainer-4] [uk.ac.ebi.interpro.scan.io.pirsf.hmmer3.PirsfHmmer3RawMatchParser:130] WARN - Unexpected Raw match line: 1 !   76.9   0.0   6.1e-26   2.1e-23       4      75 ..       4      74 ..       2      77 .. 0.95
2023-06-24 20:54:33,215 [amqEmbeddedWorkerJmsContainer-4] [uk.ac.ebi.interpro.scan.io.pirsf.hmmer3.PirsfHmmer3RawMatchParser:129] WARN - Couldn't parse the given raw match line, because it is of an unexpected format.
2023-06-24 20:54:33,215 [amqEmbeddedWorkerJmsContainer-4] [uk.ac.ebi.interpro.scan.io.pirsf.hmmer3.PirsfHmmer3RawMatchParser:130] WARN - Unexpected Raw match line: 2 !  429.1   0.0  1.2e-132  4.1e-130     130     514 ..      81     463 ..      78     465 .. 0.95
2023-06-24 20:54:33,215 [amqEmbeddedWorkerJmsContainer-4] [uk.ac.ebi.interpro.scan.io.pirsf.hmmer3.PirsfHmmer3RawMatchParser:129] WARN - Couldn't parse the given raw match line, because it is of an unexpected format.
2023-06-24 20:54:33,215 [amqEmbeddedWorkerJmsContainer-4] [uk.ac.ebi.interpro.scan.io.pirsf.hmmer3.PirsfHmmer3RawMatchParser:130] WARN - Unexpected Raw match line: Query sequence: 39 matches PIRSF000497: Methionine adenosyltransferase
2023-06-24 20:54:33,215 [amqEmbeddedWorkerJmsContainer-4] [uk.ac.ebi.interpro.scan.io.pirsf.hmmer3.PirsfHmmer3RawMatchParser:129] WARN - Couldn't parse the given raw match line, because it is of an unexpected format.
2023-06-24 20:54:33,215 [amqEmbeddedWorkerJmsContainer-4] [uk.ac.ebi.interpro.scan.io.pirsf.hmmer3.PirsfHmmer3RawMatchParser:130] WARN - Unexpected Raw match line: #    score  bias  c-Evalue  i-Evalue hmmfrom  hmm to    alifrom  ali to    envfrom  env to     acc
2023-06-24 20:54:33,215 [amqEmbeddedWorkerJmsContainer-4] [uk.ac.ebi.interpro.scan.io.pirsf.hmmer3.PirsfHmmer3RawMatchParser:129] WARN - Couldn't parse the given raw match line, because it is of an unexpected format.
2023-06-24 20:54:33,215 [amqEmbeddedWorkerJmsContainer-4] [uk.ac.ebi.interpro.scan.io.pirsf.hmmer3.PirsfHmmer3RawMatchParser:130] WARN - Unexpected Raw match line: 1 !  350.8   0.0  5.1e-109  1.8e-106       4     379 ..       7     359 ..       4     361 .] 0.94
2023-06-24 20:54:33,215 [amqEmbeddedWorkerJmsContainer-4] [uk.ac.ebi.interpro.scan.io.pirsf.hmmer3.PirsfHmmer3RawMatchParser:129] WARN - Couldn't parse the given raw match line, because it is of an unexpected format.
2023-06-24 20:54:33,215 [amqEmbeddedWorkerJmsContainer-4] [uk.ac.ebi.interpro.scan.io.pirsf.hmmer3.PirsfHmmer3RawMatchParser:130] WARN - Unexpected Raw match line: Query sequence: 48 matches PIRSF006485: GTP-binding protein EngA
2023-06-24 20:54:33,215 [amqEmbeddedWorkerJmsContainer-4] [uk.ac.ebi.interpro.scan.io.pirsf.hmmer3.PirsfHmmer3RawMatchParser:129] WARN - Couldn't parse the given raw match line, because it is of an unexpected format.
2023-06-24 20:54:33,215 [amqEmbeddedWorkerJmsContainer-4] [uk.ac.ebi.interpro.scan.io.pirsf.hmmer3.PirsfHmmer3RawMatchParser:130] WARN - Unexpected Raw match line: #    score  bias  c-Evalue  i-Evalue hmmfrom  hmm to    alifrom  ali to    envfrom  env to     acc
2023-06-24 20:54:33,216 [amqEmbeddedWorkerJmsContainer-4] [uk.ac.ebi.interpro.scan.io.pirsf.hmmer3.PirsfHmmer3RawMatchParser:129] WARN - Couldn't parse the given raw match line, because it is of an unexpected format.
2023-06-24 20:54:33,216 [amqEmbeddedWorkerJmsContainer-4] [uk.ac.ebi.interpro.scan.io.pirsf.hmmer3.PirsfHmmer3RawMatchParser:130] WARN - Unexpected Raw match line: 1 !  331.5   0.1  2.6e-102  1.5e-100       2     355 ..      63     402 ..      62     405 .. 0.95
2023-06-24 20:54:33,216 [amqEmbeddedWorkerJmsContainer-4] [uk.ac.ebi.interpro.scan.io.pirsf.hmmer3.PirsfHmmer3RawMatchParser:129] WARN - Couldn't parse the given raw match line, because it is of an unexpected format.
2023-06-24 20:54:33,216 [amqEmbeddedWorkerJmsContainer-4] [uk.ac.ebi.interpro.scan.io.pirsf.hmmer3.PirsfHmmer3RawMatchParser:130] WARN - Unexpected Raw match line: Query sequence: 49 matches PIRSF006092: Transcription elongation factor GreA/GreB
2023-06-24 20:54:33,216 [amqEmbeddedWorkerJmsContainer-4] [uk.ac.ebi.interpro.scan.io.pirsf.hmmer3.PirsfHmmer3RawMatchParser:129] WARN - Couldn't parse the given raw match line, because it is of an unexpected format.
2023-06-24 20:54:33,216 [amqEmbeddedWorkerJmsContainer-4] [uk.ac.ebi.interpro.scan.io.pirsf.hmmer3.PirsfHmmer3RawMatchParser:130] WARN - Unexpected Raw match line: #    score  bias  c-Evalue  i-Evalue hmmfrom  hmm to    alifrom  ali to    envfrom  env to     acc
2023-06-24 20:54:33,216 [amqEmbeddedWorkerJmsContainer-4] [uk.ac.ebi.interpro.scan.io.pirsf.hmmer3.PirsfHmmer3RawMatchParser:129] WARN - Couldn't parse the given raw match line, because it is of an unexpected format.
2023-06-24 20:54:33,216 [amqEmbeddedWorkerJmsContainer-4] [uk.ac.ebi.interpro.scan.io.pirsf.hmmer3.PirsfHmmer3RawMatchParser:130] WARN - Unexpected Raw match line: 1 !  161.8   0.2   8.7e-52   3.1e-49       2     157 ..      11     164 ..      10     165 .] 0.96
2023-06-24 20:54:33,216 [amqEmbeddedWorkerJmsContainer-4] [uk.ac.ebi.interpro.scan.io.pirsf.hmmer3.PirsfHmmer3RawMatchParser:129] WARN - Couldn't parse the given raw match line, because it is of an unexpected format.
2023-06-24 20:54:33,216 [amqEmbeddedWorkerJmsContainer-4] [uk.ac.ebi.interpro.scan.io.pirsf.hmmer3.PirsfHmmer3RawMatchParser:130] WARN - Unexpected Raw match line: Query sequence: 81 matches PIRSF000149: Glyceraldehyde-3-phosphate dehydrogenase
2023-06-24 20:54:33,216 [amqEmbeddedWorkerJmsContainer-4] [uk.ac.ebi.interpro.scan.io.pirsf.hmmer3.PirsfHmmer3RawMatchParser:129] WARN - Couldn't parse the given raw match line, because it is of an unexpected format.
2023-06-24 20:54:33,216 [amqEmbeddedWorkerJmsContainer-4] [uk.ac.ebi.interpro.scan.io.pirsf.hmmer3.PirsfHmmer3RawMatchParser:130] WARN - Unexpected Raw match line: #    score  bias  c-Evalue  i-Evalue hmmfrom  hmm to    alifrom  ali to    envfrom  env to     acc
2023-06-24 20:54:33,216 [amqEmbeddedWorkerJmsContainer-4] [uk.ac.ebi.interpro.scan.io.pirsf.hmmer3.PirsfHmmer3RawMatchParser:129] WARN - Couldn't parse the given raw match line, because it is of an unexpected format.
2023-06-24 20:54:33,216 [amqEmbeddedWorkerJmsContainer-4] [uk.ac.ebi.interpro.scan.io.pirsf.hmmer3.PirsfHmmer3RawMatchParser:130] WARN - Unexpected Raw match line: 1 !  362.8   0.5    1e-112  3.5e-110      30     334 ..       1     303 [.       1     307 [] 0.97
2023-06-24 20:54:33,216 [amqEmbeddedWorkerJmsContainer-4] [uk.ac.ebi.interpro.scan.io.pirsf.hmmer3.PirsfHmmer3RawMatchParser:129] WARN - Couldn't parse the given raw match line, because it is of an unexpected format.
2023-06-24 20:54:33,217 [amqEmbeddedWorkerJmsContainer-4] [uk.ac.ebi.interpro.scan.io.pirsf.hmmer3.PirsfHmmer3RawMatchParser:130] WARN - Unexpected Raw match line: Query sequence: 87 matches PIRSF002133: Ribosomal protein, S12p/S12a/S23e/organellar S12 types
2023-06-24 20:54:33,217 [amqEmbeddedWorkerJmsContainer-4] [uk.ac.ebi.interpro.scan.io.pirsf.hmmer3.PirsfHmmer3RawMatchParser:129] WARN - Couldn't parse the given raw match line, because it is of an unexpected format.
2023-06-24 20:54:33,217 [amqEmbeddedWorkerJmsContainer-4] [uk.ac.ebi.interpro.scan.io.pirsf.hmmer3.PirsfHmmer3RawMatchParser:130] WARN - Unexpected Raw match line: #    score  bias  c-Evalue  i-Evalue hmmfrom  hmm to    alifrom  ali to    envfrom  env to     acc
2023-06-24 20:54:33,217 [amqEmbeddedWorkerJmsContainer-4] [uk.ac.ebi.interpro.scan.io.pirsf.hmmer3.PirsfHmmer3RawMatchParser:129] WARN - Couldn't parse the given raw match line, because it is of an unexpected format.
2023-06-24 20:54:33,217 [amqEmbeddedWorkerJmsContainer-4] [uk.ac.ebi.interpro.scan.io.pirsf.hmmer3.PirsfHmmer3RawMatchParser:130] WARN - Unexpected Raw match line: 1 !  156.1   4.6   1.6e-50   5.6e-48       1     125 [.       5     142 .]       5     142 .] 0.87
2023-06-24 20:54:33,217 [amqEmbeddedWorkerJmsContainer-4] [uk.ac.ebi.interpro.scan.io.pirsf.hmmer3.PirsfHmmer3RawMatchParser:129] WARN - Couldn't parse the given raw match line, because it is of an unexpected format.
2023-06-24 20:54:33,217 [amqEmbeddedWorkerJmsContainer-4] [uk.ac.ebi.interpro.scan.io.pirsf.hmmer3.PirsfHmmer3RawMatchParser:130] WARN - Unexpected Raw match line: Query sequence: 92 matches PIRSF001529: Serine-tRNA ligase
2023-06-24 20:54:33,217 [amqEmbeddedWorkerJmsContainer-4] [uk.ac.ebi.interpro.scan.io.pirsf.hmmer3.PirsfHmmer3RawMatchParser:129] WARN - Couldn't parse the given raw match line, because it is of an unexpected format.
2023-06-24 20:54:33,217 [amqEmbeddedWorkerJmsContainer-4] [uk.ac.ebi.interpro.scan.io.pirsf.hmmer3.PirsfHmmer3RawMatchParser:130] WARN - Unexpected Raw match line: #    score  bias  c-Evalue  i-Evalue hmmfrom  hmm to    alifrom  ali to    envfrom  env to     acc
2023-06-24 20:54:33,217 [amqEmbeddedWorkerJmsContainer-4] [uk.ac.ebi.interpro.scan.io.pirsf.hmmer3.PirsfHmmer3RawMatchParser:129] WARN - Couldn't parse the given raw match line, because it is of an unexpected format.
2023-06-24 20:54:33,217 [amqEmbeddedWorkerJmsContainer-4] [uk.ac.ebi.interpro.scan.io.pirsf.hmmer3.PirsfHmmer3RawMatchParser:130] WARN - Unexpected Raw match line: 1 !  398.8   0.0  3.9e-123  4.6e-121       1     412 [.      34     432 ..      34     435 .. 0.97
2023-06-24 20:54:33,217 [amqEmbeddedWorkerJmsContainer-4] [uk.ac.ebi.interpro.scan.io.pirsf.hmmer3.PirsfHmmer3RawMatchParser:129] WARN - Couldn't parse the given raw match line, because it is of an unexpected format.
2023-06-24 20:54:33,217 [amqEmbeddedWorkerJmsContainer-4] [uk.ac.ebi.interpro.scan.io.pirsf.hmmer3.PirsfHmmer3RawMatchParser:130] WARN - Unexpected Raw match line: Query sequence: 96 matches PIRSF006630: Glutamine-dependent NAD(+) synthetase with GAT domain
2023-06-24 20:54:33,217 [amqEmbeddedWorkerJmsContainer-4] [uk.ac.ebi.interpro.scan.io.pirsf.hmmer3.PirsfHmmer3RawMatchParser:129] WARN - Couldn't parse the given raw match line, because it is of an unexpected format.
2023-06-24 20:54:33,218 [amqEmbeddedWorkerJmsContainer-4] [uk.ac.ebi.interpro.scan.io.pirsf.hmmer3.PirsfHmmer3RawMatchParser:130] WARN - Unexpected Raw match line: #    score  bias  c-Evalue  i-Evalue hmmfrom  hmm to    alifrom  ali to    envfrom  env to     acc
2023-06-24 20:54:33,218 [amqEmbeddedWorkerJmsContainer-4] [uk.ac.ebi.interpro.scan.io.pirsf.hmmer3.PirsfHmmer3RawMatchParser:129] WARN - Couldn't parse the given raw match line, because it is of an unexpected format.
2023-06-24 20:54:33,218 [amqEmbeddedWorkerJmsContainer-4] [uk.ac.ebi.interpro.scan.io.pirsf.hmmer3.PirsfHmmer3RawMatchParser:130] WARN - Unexpected Raw match line: 1 !  313.7   0.0   2.4e-97   4.2e-95       3     575 ..       5     599 ..       3     606 .. 0.89
24/06/2023 21:03:16:121 100% done:  InterProScan analyses completed 

2023-06-24 21:03:16,624 [main] [uk.ac.ebi.interpro.scan.jms.master.AbstractMaster:259] WARN - Master process unable to delete temporary directory /projects/raw_lab/jobs/metacerberus/temp/str-c90.uncc.edu_20230624_205347820_br1w
2056.91user 230.74system 9:33.47elapsed 398%CPU (0avgtext+0avgdata 3516968maxresident)k
1132896inputs+1023376outputs (140major+14402085minor)pagefaults 0swaps

======================================================
End Time   : Sat Jun 24 21:03:16 EDT 2023
Run Time   : 574 seconds
======================================================

