=====================================================
Start Time  : Sat Jun 24 19:39:18 EDT 2023
Submit Dir  : /projects/raw_lab/jobs/metacerberus
Job ID/Name : 3995343 / InterProScan
Node List   : str-c94
Num Tasks   : 1 total [1 nodes @ 16 CPUs/node]
======================================================

Loading interproscan/5.60-92.0
  Loading requirement: anaconda3/2020.11 openjdk/15
======================================================
Running InterProScan On GTDB-100/genomes/bacteria/GCA_014649575.1.fna
======================================================
24/06/2023 19:39:19:579 Welcome to InterProScan-5.60-92.0
24/06/2023 19:39:19:579 Running InterProScan v5 in STANDALONE mode... on Linux
24/06/2023 19:39:23:599 RunID: str-c94.uncc.edu_20230624_193923408_9n6m
24/06/2023 19:39:32:099 Loading file /projects/raw_lab/jobs/metacerberus/GTDB-100/genomes/bacteria/GCA_014649575.1.fna
24/06/2023 19:39:34:005 Running the following analyses:
[AntiFam-7.0,CDD-3.20,Coils-2.2.1,FunFam-4.3.0,Gene3D-4.3.0,Hamap-2021_04,MobiDBLite-2.0,PANTHER-17.0,Pfam-35.0,PIRSF-3.10,PIRSR-2021_05,PRINTS-42.0,ProSitePatterns-2022_01,ProSiteProfiles-2022_01,SFLD-4,SMART-7.1,SUPERFAMILY-1.75,TIGRFAM-15.0]
Pre-calculated match lookup service DISABLED.  Please wait for match calculations to complete...
2023-06-24 19:40:53,673 [amqEmbeddedWorkerJmsContainer-3] [uk.ac.ebi.interpro.scan.io.pirsf.hmmer3.PirsfHmmer3RawMatchParser:129] WARN - Couldn't parse the given raw match line, because it is of an unexpected format.
2023-06-24 19:40:53,679 [amqEmbeddedWorkerJmsContainer-3] [uk.ac.ebi.interpro.scan.io.pirsf.hmmer3.PirsfHmmer3RawMatchParser:130] WARN - Unexpected Raw match line: Query sequence: 12 matches PIRSF015589: Polyphosphate kinase, bacterial type
2023-06-24 19:40:53,679 [amqEmbeddedWorkerJmsContainer-3] [uk.ac.ebi.interpro.scan.io.pirsf.hmmer3.PirsfHmmer3RawMatchParser:129] WARN - Couldn't parse the given raw match line, because it is of an unexpected format.
2023-06-24 19:40:53,679 [amqEmbeddedWorkerJmsContainer-3] [uk.ac.ebi.interpro.scan.io.pirsf.hmmer3.PirsfHmmer3RawMatchParser:130] WARN - Unexpected Raw match line: #    score  bias  c-Evalue  i-Evalue hmmfrom  hmm to    alifrom  ali to    envfrom  env to     acc
2023-06-24 19:40:53,679 [amqEmbeddedWorkerJmsContainer-3] [uk.ac.ebi.interpro.scan.io.pirsf.hmmer3.PirsfHmmer3RawMatchParser:129] WARN - Couldn't parse the given raw match line, because it is of an unexpected format.
2023-06-24 19:40:53,679 [amqEmbeddedWorkerJmsContainer-3] [uk.ac.ebi.interpro.scan.io.pirsf.hmmer3.PirsfHmmer3RawMatchParser:130] WARN - Unexpected Raw match line: 1 !  947.0   0.0  4.6e-289  4.5e-286      17     697 ..     103     782 ..      90     787 .. 0.98
2023-06-24 19:40:53,679 [amqEmbeddedWorkerJmsContainer-3] [uk.ac.ebi.interpro.scan.io.pirsf.hmmer3.PirsfHmmer3RawMatchParser:129] WARN - Couldn't parse the given raw match line, because it is of an unexpected format.
2023-06-24 19:40:53,679 [amqEmbeddedWorkerJmsContainer-3] [uk.ac.ebi.interpro.scan.io.pirsf.hmmer3.PirsfHmmer3RawMatchParser:130] WARN - Unexpected Raw match line: Query sequence: 306 matches PIRSF017184: Bifunctional NAD(P)H-hydrate repair enzyme Nnr
2023-06-24 19:40:53,679 [amqEmbeddedWorkerJmsContainer-3] [uk.ac.ebi.interpro.scan.io.pirsf.hmmer3.PirsfHmmer3RawMatchParser:129] WARN - Couldn't parse the given raw match line, because it is of an unexpected format.
2023-06-24 19:40:53,679 [amqEmbeddedWorkerJmsContainer-3] [uk.ac.ebi.interpro.scan.io.pirsf.hmmer3.PirsfHmmer3RawMatchParser:130] WARN - Unexpected Raw match line: #    score  bias  c-Evalue  i-Evalue hmmfrom  hmm to    alifrom  ali to    envfrom  env to     acc
2023-06-24 19:40:53,679 [amqEmbeddedWorkerJmsContainer-3] [uk.ac.ebi.interpro.scan.io.pirsf.hmmer3.PirsfHmmer3RawMatchParser:129] WARN - Couldn't parse the given raw match line, because it is of an unexpected format.
2023-06-24 19:40:53,680 [amqEmbeddedWorkerJmsContainer-3] [uk.ac.ebi.interpro.scan.io.pirsf.hmmer3.PirsfHmmer3RawMatchParser:130] WARN - Unexpected Raw match line: 1 !  322.9   7.7  1.5e-100   1.4e-97       5     500 ..      86     560 ..      82     566 .. 0.89
2023-06-24 19:40:53,680 [amqEmbeddedWorkerJmsContainer-3] [uk.ac.ebi.interpro.scan.io.pirsf.hmmer3.PirsfHmmer3RawMatchParser:129] WARN - Couldn't parse the given raw match line, because it is of an unexpected format.
2023-06-24 19:40:53,680 [amqEmbeddedWorkerJmsContainer-3] [uk.ac.ebi.interpro.scan.io.pirsf.hmmer3.PirsfHmmer3RawMatchParser:130] WARN - Unexpected Raw match line: Query sequence: 343 matches PIRSF004640: 4-hydroxy-3-methylbut-2-en-1-yl diphosphate synthase
2023-06-24 19:40:53,680 [amqEmbeddedWorkerJmsContainer-3] [uk.ac.ebi.interpro.scan.io.pirsf.hmmer3.PirsfHmmer3RawMatchParser:129] WARN - Couldn't parse the given raw match line, because it is of an unexpected format.
2023-06-24 19:40:53,680 [amqEmbeddedWorkerJmsContainer-3] [uk.ac.ebi.interpro.scan.io.pirsf.hmmer3.PirsfHmmer3RawMatchParser:130] WARN - Unexpected Raw match line: #    score  bias  c-Evalue  i-Evalue hmmfrom  hmm to    alifrom  ali to    envfrom  env to     acc
2023-06-24 19:40:53,680 [amqEmbeddedWorkerJmsContainer-3] [uk.ac.ebi.interpro.scan.io.pirsf.hmmer3.PirsfHmmer3RawMatchParser:129] WARN - Couldn't parse the given raw match line, because it is of an unexpected format.
2023-06-24 19:40:53,680 [amqEmbeddedWorkerJmsContainer-3] [uk.ac.ebi.interpro.scan.io.pirsf.hmmer3.PirsfHmmer3RawMatchParser:130] WARN - Unexpected Raw match line: 1 !  480.6   1.5  1.3e-148  1.3e-145      12     361 ..       1     351 [.       1     353 [] 0.99
2023-06-24 19:40:53,680 [amqEmbeddedWorkerJmsContainer-3] [uk.ac.ebi.interpro.scan.io.pirsf.hmmer3.PirsfHmmer3RawMatchParser:129] WARN - Couldn't parse the given raw match line, because it is of an unexpected format.
2023-06-24 19:40:53,680 [amqEmbeddedWorkerJmsContainer-3] [uk.ac.ebi.interpro.scan.io.pirsf.hmmer3.PirsfHmmer3RawMatchParser:130] WARN - Unexpected Raw match line: Query sequence: 721 matches PIRSF016838: Protein PafC
2023-06-24 19:40:53,680 [amqEmbeddedWorkerJmsContainer-3] [uk.ac.ebi.interpro.scan.io.pirsf.hmmer3.PirsfHmmer3RawMatchParser:129] WARN - Couldn't parse the given raw match line, because it is of an unexpected format.
2023-06-24 19:40:53,680 [amqEmbeddedWorkerJmsContainer-3] [uk.ac.ebi.interpro.scan.io.pirsf.hmmer3.PirsfHmmer3RawMatchParser:130] WARN - Unexpected Raw match line: #    score  bias  c-Evalue  i-Evalue hmmfrom  hmm to    alifrom  ali to    envfrom  env to     acc
2023-06-24 19:40:53,680 [amqEmbeddedWorkerJmsContainer-3] [uk.ac.ebi.interpro.scan.io.pirsf.hmmer3.PirsfHmmer3RawMatchParser:129] WARN - Couldn't parse the given raw match line, because it is of an unexpected format.
2023-06-24 19:40:53,680 [amqEmbeddedWorkerJmsContainer-3] [uk.ac.ebi.interpro.scan.io.pirsf.hmmer3.PirsfHmmer3RawMatchParser:130] WARN - Unexpected Raw match line: 1 !    8.0   0.0   7.9e-05     0.077       9      53 ..      45      89 ..      42      92 .. 0.92
2023-06-24 19:40:53,680 [amqEmbeddedWorkerJmsContainer-3] [uk.ac.ebi.interpro.scan.io.pirsf.hmmer3.PirsfHmmer3RawMatchParser:129] WARN - Couldn't parse the given raw match line, because it is of an unexpected format.
2023-06-24 19:40:53,681 [amqEmbeddedWorkerJmsContainer-3] [uk.ac.ebi.interpro.scan.io.pirsf.hmmer3.PirsfHmmer3RawMatchParser:130] WARN - Unexpected Raw match line: 2 !   67.5   0.5     6e-23   5.9e-20      82     320 ..     110     357 ..     108     362 .. 0.86
2023-06-24 19:40:53,681 [amqEmbeddedWorkerJmsContainer-3] [uk.ac.ebi.interpro.scan.io.pirsf.hmmer3.PirsfHmmer3RawMatchParser:129] WARN - Couldn't parse the given raw match line, because it is of an unexpected format.
2023-06-24 19:40:53,681 [amqEmbeddedWorkerJmsContainer-3] [uk.ac.ebi.interpro.scan.io.pirsf.hmmer3.PirsfHmmer3RawMatchParser:130] WARN - Unexpected Raw match line: Query sequence: 727 matches PIRSF000185: Glutamate dehydrogenase
2023-06-24 19:40:53,681 [amqEmbeddedWorkerJmsContainer-3] [uk.ac.ebi.interpro.scan.io.pirsf.hmmer3.PirsfHmmer3RawMatchParser:129] WARN - Couldn't parse the given raw match line, because it is of an unexpected format.
2023-06-24 19:40:53,681 [amqEmbeddedWorkerJmsContainer-3] [uk.ac.ebi.interpro.scan.io.pirsf.hmmer3.PirsfHmmer3RawMatchParser:130] WARN - Unexpected Raw match line: #    score  bias  c-Evalue  i-Evalue hmmfrom  hmm to    alifrom  ali to    envfrom  env to     acc
2023-06-24 19:40:53,681 [amqEmbeddedWorkerJmsContainer-3] [uk.ac.ebi.interpro.scan.io.pirsf.hmmer3.PirsfHmmer3RawMatchParser:129] WARN - Couldn't parse the given raw match line, because it is of an unexpected format.
2023-06-24 19:40:53,681 [amqEmbeddedWorkerJmsContainer-3] [uk.ac.ebi.interpro.scan.io.pirsf.hmmer3.PirsfHmmer3RawMatchParser:130] WARN - Unexpected Raw match line: 1 !  381.5   0.2  4.7e-118  2.3e-115       5     417 ..      96     517 ..      92     518 .] 0.94
2023-06-24 19:40:53,681 [amqEmbeddedWorkerJmsContainer-3] [uk.ac.ebi.interpro.scan.io.pirsf.hmmer3.PirsfHmmer3RawMatchParser:129] WARN - Couldn't parse the given raw match line, because it is of an unexpected format.
2023-06-24 19:40:53,681 [amqEmbeddedWorkerJmsContainer-3] [uk.ac.ebi.interpro.scan.io.pirsf.hmmer3.PirsfHmmer3RawMatchParser:130] WARN - Unexpected Raw match line: Query sequence: 762 matches PIRSF037852: Predicted subtilisin-related serine protease, SAV5721 type
2023-06-24 19:40:53,681 [amqEmbeddedWorkerJmsContainer-3] [uk.ac.ebi.interpro.scan.io.pirsf.hmmer3.PirsfHmmer3RawMatchParser:129] WARN - Couldn't parse the given raw match line, because it is of an unexpected format.
2023-06-24 19:40:53,681 [amqEmbeddedWorkerJmsContainer-3] [uk.ac.ebi.interpro.scan.io.pirsf.hmmer3.PirsfHmmer3RawMatchParser:130] WARN - Unexpected Raw match line: #    score  bias  c-Evalue  i-Evalue hmmfrom  hmm to    alifrom  ali to    envfrom  env to     acc
2023-06-24 19:40:53,681 [amqEmbeddedWorkerJmsContainer-3] [uk.ac.ebi.interpro.scan.io.pirsf.hmmer3.PirsfHmmer3RawMatchParser:129] WARN - Couldn't parse the given raw match line, because it is of an unexpected format.
2023-06-24 19:40:53,681 [amqEmbeddedWorkerJmsContainer-3] [uk.ac.ebi.interpro.scan.io.pirsf.hmmer3.PirsfHmmer3RawMatchParser:130] WARN - Unexpected Raw match line: 1 ! 1427.7  81.3         0         0       3    1246 .]      19    1269 ..      17    1269 .. 0.95
2023-06-24 19:40:53,682 [amqEmbeddedWorkerJmsContainer-3] [uk.ac.ebi.interpro.scan.io.pirsf.hmmer3.PirsfHmmer3RawMatchParser:129] WARN - Couldn't parse the given raw match line, because it is of an unexpected format.
2023-06-24 19:40:53,682 [amqEmbeddedWorkerJmsContainer-3] [uk.ac.ebi.interpro.scan.io.pirsf.hmmer3.PirsfHmmer3RawMatchParser:130] WARN - Unexpected Raw match line: Query sequence: 772 matches PIRSF001594: Pyruvate carboxylase
2023-06-24 19:40:53,682 [amqEmbeddedWorkerJmsContainer-3] [uk.ac.ebi.interpro.scan.io.pirsf.hmmer3.PirsfHmmer3RawMatchParser:129] WARN - Couldn't parse the given raw match line, because it is of an unexpected format.
2023-06-24 19:40:53,684 [amqEmbeddedWorkerJmsContainer-3] [uk.ac.ebi.interpro.scan.io.pirsf.hmmer3.PirsfHmmer3RawMatchParser:130] WARN - Unexpected Raw match line: #    score  bias  c-Evalue  i-Evalue hmmfrom  hmm to    alifrom  ali to    envfrom  env to     acc
2023-06-24 19:40:53,693 [amqEmbeddedWorkerJmsContainer-3] [uk.ac.ebi.interpro.scan.io.pirsf.hmmer3.PirsfHmmer3RawMatchParser:129] WARN - Couldn't parse the given raw match line, because it is of an unexpected format.
2023-06-24 19:40:53,693 [amqEmbeddedWorkerJmsContainer-3] [uk.ac.ebi.interpro.scan.io.pirsf.hmmer3.PirsfHmmer3RawMatchParser:130] WARN - Unexpected Raw match line: 1 ! 1691.1   0.0         0         0       4    1145 ..      64    1187 ..      61    1188 .] 0.98
2023-06-24 19:40:53,693 [amqEmbeddedWorkerJmsContainer-3] [uk.ac.ebi.interpro.scan.io.pirsf.hmmer3.PirsfHmmer3RawMatchParser:129] WARN - Couldn't parse the given raw match line, because it is of an unexpected format.
2023-06-24 19:40:53,693 [amqEmbeddedWorkerJmsContainer-3] [uk.ac.ebi.interpro.scan.io.pirsf.hmmer3.PirsfHmmer3RawMatchParser:130] WARN - Unexpected Raw match line: Query sequence: 931 matches PIRSF000112: Glycerol dehydrogenase
2023-06-24 19:40:53,693 [amqEmbeddedWorkerJmsContainer-3] [uk.ac.ebi.interpro.scan.io.pirsf.hmmer3.PirsfHmmer3RawMatchParser:129] WARN - Couldn't parse the given raw match line, because it is of an unexpected format.
2023-06-24 19:40:53,694 [amqEmbeddedWorkerJmsContainer-3] [uk.ac.ebi.interpro.scan.io.pirsf.hmmer3.PirsfHmmer3RawMatchParser:130] WARN - Unexpected Raw match line: #    score  bias  c-Evalue  i-Evalue hmmfrom  hmm to    alifrom  ali to    envfrom  env to     acc
2023-06-24 19:40:53,694 [amqEmbeddedWorkerJmsContainer-3] [uk.ac.ebi.interpro.scan.io.pirsf.hmmer3.PirsfHmmer3RawMatchParser:129] WARN - Couldn't parse the given raw match line, because it is of an unexpected format.
2023-06-24 19:40:53,694 [amqEmbeddedWorkerJmsContainer-3] [uk.ac.ebi.interpro.scan.io.pirsf.hmmer3.PirsfHmmer3RawMatchParser:130] WARN - Unexpected Raw match line: 1 !  302.7   0.0   1.7e-94   1.6e-91       5     364 ..      26     372 ..      23     374 .] 0.98
24/06/2023 20:06:17:660 100% done:  InterProScan analyses completed 

2023-06-24 20:06:18,163 [main] [uk.ac.ebi.interpro.scan.jms.master.AbstractMaster:259] WARN - Master process unable to delete temporary directory /projects/raw_lab/jobs/metacerberus/temp/str-c94.uncc.edu_20230624_193923408_9n6m
6911.57user 583.71system 26:59.34elapsed 462%CPU (0avgtext+0avgdata 3713904maxresident)k
2383008inputs+2212152outputs (1095major+31854786minor)pagefaults 0swaps

======================================================
End Time   : Sat Jun 24 20:06:18 EDT 2023
Run Time   : 1620 seconds
======================================================

