=====================================================
Start Time  : Sat Jun 24 21:47:20 EDT 2023
Submit Dir  : /projects/raw_lab/jobs/metacerberus
Job ID/Name : 3997024 / InterProScan
Node List   : str-c94
Num Tasks   : 1 total [1 nodes @ 16 CPUs/node]
======================================================

Loading interproscan/5.60-92.0
  Loading requirement: anaconda3/2020.11 openjdk/15
======================================================
Running InterProScan On VIRAL/genomes/NC_027329.1.fna
======================================================
24/06/2023 21:47:21:323 Welcome to InterProScan-5.60-92.0
24/06/2023 21:47:21:324 Running InterProScan v5 in STANDALONE mode... on Linux
24/06/2023 21:47:25:306 RunID: str-c94.uncc.edu_20230624_214725129_9ruk
24/06/2023 21:47:33:872 Loading file /projects/raw_lab/jobs/metacerberus/VIRAL/genomes/NC_027329.1.fna
24/06/2023 21:47:34:349 Running the following analyses:
[AntiFam-7.0,CDD-3.20,Coils-2.2.1,FunFam-4.3.0,Gene3D-4.3.0,Hamap-2021_04,MobiDBLite-2.0,PANTHER-17.0,Pfam-35.0,PIRSF-3.10,PIRSR-2021_05,PRINTS-42.0,ProSitePatterns-2022_01,ProSiteProfiles-2022_01,SFLD-4,SMART-7.1,SUPERFAMILY-1.75,TIGRFAM-15.0]
Pre-calculated match lookup service DISABLED.  Please wait for match calculations to complete...
2023-06-24 21:48:58,550 [amqEmbeddedWorkerJmsContainer-13] [uk.ac.ebi.interpro.scan.management.model.implementations.WriteOutputStep:344] WARN - At write output completion, unable to delete temporary directory /projects/raw_lab/jobs/metacerberus/temp/str-c94.uncc.edu_20230624_214725129_9ruk
24/06/2023 21:48:58:588 100% done:  InterProScan analyses completed 

2023-06-24 21:48:59,091 [main] [uk.ac.ebi.interpro.scan.jms.master.AbstractMaster:259] WARN - Master process unable to delete temporary directory /projects/raw_lab/jobs/metacerberus/temp/str-c94.uncc.edu_20230624_214725129_9ruk
2023-06-24 21:48:59,098 [main] [uk.ac.ebi.interpro.scan.jms.main.Run:1778] WARN - At Run completion, unable to delete temporary directory /projects/raw_lab/jobs/metacerberus/temp/str-c94.uncc.edu_20230624_214725129_9ruk
244.07user 23.16system 1:38.44elapsed 271%CPU (0avgtext+0avgdata 3446564maxresident)k
484136inputs+490832outputs (13major+1729887minor)pagefaults 0swaps

======================================================
End Time   : Sat Jun 24 21:48:59 EDT 2023
Run Time   : 99 seconds
======================================================

