=====================================================
Start Time  : Sat Jun 24 18:37:50 EDT 2023
Submit Dir  : /projects/raw_lab/jobs/metacerberus
Job ID/Name : 3995240 / InterProScan
Node List   : str-c99
Num Tasks   : 1 total [1 nodes @ 16 CPUs/node]
======================================================

Loading interproscan/5.60-92.0
  Loading requirement: anaconda3/2020.11 openjdk/15
======================================================
Running InterProScan On GTDB-100/genomes/archaea/GCA_018303325.1.fna
======================================================
24/06/2023 18:37:51:616 Welcome to InterProScan-5.60-92.0
24/06/2023 18:37:51:616 Running InterProScan v5 in STANDALONE mode... on Linux
24/06/2023 18:37:55:591 RunID: str-c99.uncc.edu_20230624_183755420_7p0t
24/06/2023 18:38:04:077 Loading file /projects/raw_lab/jobs/metacerberus/GTDB-100/genomes/archaea/GCA_018303325.1.fna
24/06/2023 18:38:04:991 Running the following analyses:
[AntiFam-7.0,CDD-3.20,Coils-2.2.1,FunFam-4.3.0,Gene3D-4.3.0,Hamap-2021_04,MobiDBLite-2.0,PANTHER-17.0,Pfam-35.0,PIRSF-3.10,PIRSR-2021_05,PRINTS-42.0,ProSitePatterns-2022_01,ProSiteProfiles-2022_01,SFLD-4,SMART-7.1,SUPERFAMILY-1.75,TIGRFAM-15.0]
Pre-calculated match lookup service DISABLED.  Please wait for match calculations to complete...
2023-06-24 18:42:56,872 [amqEmbeddedWorkerJmsContainer-14] [uk.ac.ebi.interpro.scan.io.pirsf.hmmer3.PirsfHmmer3RawMatchParser:129] WARN - Couldn't parse the given raw match line, because it is of an unexpected format.
2023-06-24 18:42:56,877 [amqEmbeddedWorkerJmsContainer-14] [uk.ac.ebi.interpro.scan.io.pirsf.hmmer3.PirsfHmmer3RawMatchParser:130] WARN - Unexpected Raw match line: Query sequence: 114 matches PIRSF001529: Serine-tRNA ligase
2023-06-24 18:42:56,877 [amqEmbeddedWorkerJmsContainer-14] [uk.ac.ebi.interpro.scan.io.pirsf.hmmer3.PirsfHmmer3RawMatchParser:129] WARN - Couldn't parse the given raw match line, because it is of an unexpected format.
2023-06-24 18:42:56,877 [amqEmbeddedWorkerJmsContainer-14] [uk.ac.ebi.interpro.scan.io.pirsf.hmmer3.PirsfHmmer3RawMatchParser:130] WARN - Unexpected Raw match line: #    score  bias  c-Evalue  i-Evalue hmmfrom  hmm to    alifrom  ali to    envfrom  env to     acc
2023-06-24 18:42:56,877 [amqEmbeddedWorkerJmsContainer-14] [uk.ac.ebi.interpro.scan.io.pirsf.hmmer3.PirsfHmmer3RawMatchParser:129] WARN - Couldn't parse the given raw match line, because it is of an unexpected format.
2023-06-24 18:42:56,877 [amqEmbeddedWorkerJmsContainer-14] [uk.ac.ebi.interpro.scan.io.pirsf.hmmer3.PirsfHmmer3RawMatchParser:130] WARN - Unexpected Raw match line: 1 !  524.0   6.5  2.6e-161  8.2e-159       1     426 [.       9     447 ..       9     448 .. 0.94
2023-06-24 18:42:56,877 [amqEmbeddedWorkerJmsContainer-14] [uk.ac.ebi.interpro.scan.io.pirsf.hmmer3.PirsfHmmer3RawMatchParser:129] WARN - Couldn't parse the given raw match line, because it is of an unexpected format.
2023-06-24 18:42:56,878 [amqEmbeddedWorkerJmsContainer-14] [uk.ac.ebi.interpro.scan.io.pirsf.hmmer3.PirsfHmmer3RawMatchParser:130] WARN - Unexpected Raw match line: Query sequence: 128 matches PIRSF000149: Glyceraldehyde-3-phosphate dehydrogenase
2023-06-24 18:42:56,878 [amqEmbeddedWorkerJmsContainer-14] [uk.ac.ebi.interpro.scan.io.pirsf.hmmer3.PirsfHmmer3RawMatchParser:129] WARN - Couldn't parse the given raw match line, because it is of an unexpected format.
2023-06-24 18:42:56,878 [amqEmbeddedWorkerJmsContainer-14] [uk.ac.ebi.interpro.scan.io.pirsf.hmmer3.PirsfHmmer3RawMatchParser:130] WARN - Unexpected Raw match line: #    score  bias  c-Evalue  i-Evalue hmmfrom  hmm to    alifrom  ali to    envfrom  env to     acc
2023-06-24 18:42:56,878 [amqEmbeddedWorkerJmsContainer-14] [uk.ac.ebi.interpro.scan.io.pirsf.hmmer3.PirsfHmmer3RawMatchParser:129] WARN - Couldn't parse the given raw match line, because it is of an unexpected format.
2023-06-24 18:42:56,878 [amqEmbeddedWorkerJmsContainer-14] [uk.ac.ebi.interpro.scan.io.pirsf.hmmer3.PirsfHmmer3RawMatchParser:130] WARN - Unexpected Raw match line: 1 !  225.2   1.2   2.1e-70   4.4e-68       2     337 ..      18     340 ..      17     344 .. 0.91
2023-06-24 18:42:56,878 [amqEmbeddedWorkerJmsContainer-14] [uk.ac.ebi.interpro.scan.io.pirsf.hmmer3.PirsfHmmer3RawMatchParser:129] WARN - Couldn't parse the given raw match line, because it is of an unexpected format.
2023-06-24 18:42:56,878 [amqEmbeddedWorkerJmsContainer-14] [uk.ac.ebi.interpro.scan.io.pirsf.hmmer3.PirsfHmmer3RawMatchParser:130] WARN - Unexpected Raw match line: Query sequence: 167 matches PIRSF037677: DNA mismatch repair protein Msh6
2023-06-24 18:42:56,878 [amqEmbeddedWorkerJmsContainer-14] [uk.ac.ebi.interpro.scan.io.pirsf.hmmer3.PirsfHmmer3RawMatchParser:129] WARN - Couldn't parse the given raw match line, because it is of an unexpected format.
2023-06-24 18:42:56,878 [amqEmbeddedWorkerJmsContainer-14] [uk.ac.ebi.interpro.scan.io.pirsf.hmmer3.PirsfHmmer3RawMatchParser:130] WARN - Unexpected Raw match line: #    score  bias  c-Evalue  i-Evalue hmmfrom  hmm to    alifrom  ali to    envfrom  env to     acc
2023-06-24 18:42:56,878 [amqEmbeddedWorkerJmsContainer-14] [uk.ac.ebi.interpro.scan.io.pirsf.hmmer3.PirsfHmmer3RawMatchParser:129] WARN - Couldn't parse the given raw match line, because it is of an unexpected format.
2023-06-24 18:42:56,878 [amqEmbeddedWorkerJmsContainer-14] [uk.ac.ebi.interpro.scan.io.pirsf.hmmer3.PirsfHmmer3RawMatchParser:130] WARN - Unexpected Raw match line: 1 !  630.4  16.5  8.2e-193  2.6e-190     337    1234 ..       4     891 ..       2     902 .. 0.87
2023-06-24 18:42:56,878 [amqEmbeddedWorkerJmsContainer-14] [uk.ac.ebi.interpro.scan.io.pirsf.hmmer3.PirsfHmmer3RawMatchParser:129] WARN - Couldn't parse the given raw match line, because it is of an unexpected format.
2023-06-24 18:42:56,878 [amqEmbeddedWorkerJmsContainer-14] [uk.ac.ebi.interpro.scan.io.pirsf.hmmer3.PirsfHmmer3RawMatchParser:130] WARN - Unexpected Raw match line: Query sequence: 174 matches PIRSF036979: Ureohydrolase/formiminoglutamase/proclavaminate amidino hydrolase
2023-06-24 18:42:56,878 [amqEmbeddedWorkerJmsContainer-14] [uk.ac.ebi.interpro.scan.io.pirsf.hmmer3.PirsfHmmer3RawMatchParser:129] WARN - Couldn't parse the given raw match line, because it is of an unexpected format.
2023-06-24 18:42:56,879 [amqEmbeddedWorkerJmsContainer-14] [uk.ac.ebi.interpro.scan.io.pirsf.hmmer3.PirsfHmmer3RawMatchParser:130] WARN - Unexpected Raw match line: #    score  bias  c-Evalue  i-Evalue hmmfrom  hmm to    alifrom  ali to    envfrom  env to     acc
2023-06-24 18:42:56,879 [amqEmbeddedWorkerJmsContainer-14] [uk.ac.ebi.interpro.scan.io.pirsf.hmmer3.PirsfHmmer3RawMatchParser:129] WARN - Couldn't parse the given raw match line, because it is of an unexpected format.
2023-06-24 18:42:56,879 [amqEmbeddedWorkerJmsContainer-14] [uk.ac.ebi.interpro.scan.io.pirsf.hmmer3.PirsfHmmer3RawMatchParser:130] WARN - Unexpected Raw match line: 1 !  185.3   0.0   1.5e-58   4.7e-56      24     297 ..      59     340 ..      51     343 .] 0.87
2023-06-24 18:42:56,879 [amqEmbeddedWorkerJmsContainer-14] [uk.ac.ebi.interpro.scan.io.pirsf.hmmer3.PirsfHmmer3RawMatchParser:129] WARN - Couldn't parse the given raw match line, because it is of an unexpected format.
2023-06-24 18:42:56,879 [amqEmbeddedWorkerJmsContainer-14] [uk.ac.ebi.interpro.scan.io.pirsf.hmmer3.PirsfHmmer3RawMatchParser:130] WARN - Unexpected Raw match line: Query sequence: 183 matches PIRSF005303: Thiamine monophosphate kinase
2023-06-24 18:42:56,879 [amqEmbeddedWorkerJmsContainer-14] [uk.ac.ebi.interpro.scan.io.pirsf.hmmer3.PirsfHmmer3RawMatchParser:129] WARN - Couldn't parse the given raw match line, because it is of an unexpected format.
2023-06-24 18:42:56,879 [amqEmbeddedWorkerJmsContainer-14] [uk.ac.ebi.interpro.scan.io.pirsf.hmmer3.PirsfHmmer3RawMatchParser:130] WARN - Unexpected Raw match line: #    score  bias  c-Evalue  i-Evalue hmmfrom  hmm to    alifrom  ali to    envfrom  env to     acc
2023-06-24 18:42:56,879 [amqEmbeddedWorkerJmsContainer-14] [uk.ac.ebi.interpro.scan.io.pirsf.hmmer3.PirsfHmmer3RawMatchParser:129] WARN - Couldn't parse the given raw match line, because it is of an unexpected format.
2023-06-24 18:42:56,879 [amqEmbeddedWorkerJmsContainer-14] [uk.ac.ebi.interpro.scan.io.pirsf.hmmer3.PirsfHmmer3RawMatchParser:130] WARN - Unexpected Raw match line: 1 !  317.4   0.1   4.7e-99   2.9e-96       7     326 .]      12     342 .]       6     342 .] 0.93
2023-06-24 18:42:56,879 [amqEmbeddedWorkerJmsContainer-14] [uk.ac.ebi.interpro.scan.io.pirsf.hmmer3.PirsfHmmer3RawMatchParser:129] WARN - Couldn't parse the given raw match line, because it is of an unexpected format.
2023-06-24 18:42:56,879 [amqEmbeddedWorkerJmsContainer-14] [uk.ac.ebi.interpro.scan.io.pirsf.hmmer3.PirsfHmmer3RawMatchParser:130] WARN - Unexpected Raw match line: Query sequence: 220 matches PIRSF001492: Cofactor-independent phosphoglycerate mutase
2023-06-24 18:42:56,879 [amqEmbeddedWorkerJmsContainer-14] [uk.ac.ebi.interpro.scan.io.pirsf.hmmer3.PirsfHmmer3RawMatchParser:129] WARN - Couldn't parse the given raw match line, because it is of an unexpected format.
2023-06-24 18:42:56,879 [amqEmbeddedWorkerJmsContainer-14] [uk.ac.ebi.interpro.scan.io.pirsf.hmmer3.PirsfHmmer3RawMatchParser:130] WARN - Unexpected Raw match line: #    score  bias  c-Evalue  i-Evalue hmmfrom  hmm to    alifrom  ali to    envfrom  env to     acc
2023-06-24 18:42:56,879 [amqEmbeddedWorkerJmsContainer-14] [uk.ac.ebi.interpro.scan.io.pirsf.hmmer3.PirsfHmmer3RawMatchParser:129] WARN - Couldn't parse the given raw match line, because it is of an unexpected format.
2023-06-24 18:42:56,879 [amqEmbeddedWorkerJmsContainer-14] [uk.ac.ebi.interpro.scan.io.pirsf.hmmer3.PirsfHmmer3RawMatchParser:130] WARN - Unexpected Raw match line: 1 !  601.4   0.3  1.4e-184  4.3e-182       4     513 ..      16     550 ..      12     551 .] 0.93
2023-06-24 18:42:56,880 [amqEmbeddedWorkerJmsContainer-14] [uk.ac.ebi.interpro.scan.io.pirsf.hmmer3.PirsfHmmer3RawMatchParser:129] WARN - Couldn't parse the given raw match line, because it is of an unexpected format.
2023-06-24 18:42:56,880 [amqEmbeddedWorkerJmsContainer-14] [uk.ac.ebi.interpro.scan.io.pirsf.hmmer3.PirsfHmmer3RawMatchParser:130] WARN - Unexpected Raw match line: Query sequence: 221 matches PIRSF000853: Pyruvate, phosphate dikinase
2023-06-24 18:42:56,880 [amqEmbeddedWorkerJmsContainer-14] [uk.ac.ebi.interpro.scan.io.pirsf.hmmer3.PirsfHmmer3RawMatchParser:129] WARN - Couldn't parse the given raw match line, because it is of an unexpected format.
2023-06-24 18:42:56,880 [amqEmbeddedWorkerJmsContainer-14] [uk.ac.ebi.interpro.scan.io.pirsf.hmmer3.PirsfHmmer3RawMatchParser:130] WARN - Unexpected Raw match line: #    score  bias  c-Evalue  i-Evalue hmmfrom  hmm to    alifrom  ali to    envfrom  env to     acc
2023-06-24 18:42:56,880 [amqEmbeddedWorkerJmsContainer-14] [uk.ac.ebi.interpro.scan.io.pirsf.hmmer3.PirsfHmmer3RawMatchParser:129] WARN - Couldn't parse the given raw match line, because it is of an unexpected format.
2023-06-24 18:42:56,880 [amqEmbeddedWorkerJmsContainer-14] [uk.ac.ebi.interpro.scan.io.pirsf.hmmer3.PirsfHmmer3RawMatchParser:130] WARN - Unexpected Raw match line: 1 ! 1407.8   0.5         0         0       2     876 ..       5     887 ..       4     888 .] 0.98
2023-06-24 18:42:56,880 [amqEmbeddedWorkerJmsContainer-14] [uk.ac.ebi.interpro.scan.io.pirsf.hmmer3.PirsfHmmer3RawMatchParser:129] WARN - Couldn't parse the given raw match line, because it is of an unexpected format.
2023-06-24 18:42:56,880 [amqEmbeddedWorkerJmsContainer-14] [uk.ac.ebi.interpro.scan.io.pirsf.hmmer3.PirsfHmmer3RawMatchParser:130] WARN - Unexpected Raw match line: Query sequence: 245 matches PIRSF005572: Cysteine desulphurase, NifS type
2023-06-24 18:42:56,880 [amqEmbeddedWorkerJmsContainer-14] [uk.ac.ebi.interpro.scan.io.pirsf.hmmer3.PirsfHmmer3RawMatchParser:129] WARN - Couldn't parse the given raw match line, because it is of an unexpected format.
2023-06-24 18:42:56,880 [amqEmbeddedWorkerJmsContainer-14] [uk.ac.ebi.interpro.scan.io.pirsf.hmmer3.PirsfHmmer3RawMatchParser:130] WARN - Unexpected Raw match line: #    score  bias  c-Evalue  i-Evalue hmmfrom  hmm to    alifrom  ali to    envfrom  env to     acc
2023-06-24 18:42:56,880 [amqEmbeddedWorkerJmsContainer-14] [uk.ac.ebi.interpro.scan.io.pirsf.hmmer3.PirsfHmmer3RawMatchParser:129] WARN - Couldn't parse the given raw match line, because it is of an unexpected format.
2023-06-24 18:42:56,880 [amqEmbeddedWorkerJmsContainer-14] [uk.ac.ebi.interpro.scan.io.pirsf.hmmer3.PirsfHmmer3RawMatchParser:130] WARN - Unexpected Raw match line: 1 !  387.5   0.5  1.1e-119  2.3e-117       2     379 ..       9     427 ..       8     429 .. 0.96
2023-06-24 18:42:56,880 [amqEmbeddedWorkerJmsContainer-14] [uk.ac.ebi.interpro.scan.io.pirsf.hmmer3.PirsfHmmer3RawMatchParser:129] WARN - Couldn't parse the given raw match line, because it is of an unexpected format.
2023-06-24 18:42:56,880 [amqEmbeddedWorkerJmsContainer-14] [uk.ac.ebi.interpro.scan.io.pirsf.hmmer3.PirsfHmmer3RawMatchParser:130] WARN - Unexpected Raw match line: Query sequence: 247 matches PIRSF001549: Histidyl-tRNA synthetase
2023-06-24 18:42:56,881 [amqEmbeddedWorkerJmsContainer-14] [uk.ac.ebi.interpro.scan.io.pirsf.hmmer3.PirsfHmmer3RawMatchParser:129] WARN - Couldn't parse the given raw match line, because it is of an unexpected format.
2023-06-24 18:42:56,881 [amqEmbeddedWorkerJmsContainer-14] [uk.ac.ebi.interpro.scan.io.pirsf.hmmer3.PirsfHmmer3RawMatchParser:130] WARN - Unexpected Raw match line: #    score  bias  c-Evalue  i-Evalue hmmfrom  hmm to    alifrom  ali to    envfrom  env to     acc
2023-06-24 18:42:56,881 [amqEmbeddedWorkerJmsContainer-14] [uk.ac.ebi.interpro.scan.io.pirsf.hmmer3.PirsfHmmer3RawMatchParser:129] WARN - Couldn't parse the given raw match line, because it is of an unexpected format.
2023-06-24 18:42:56,881 [amqEmbeddedWorkerJmsContainer-14] [uk.ac.ebi.interpro.scan.io.pirsf.hmmer3.PirsfHmmer3RawMatchParser:130] WARN - Unexpected Raw match line: 1 !  390.4   5.3  1.1e-120  3.4e-118       3     430 ..       5     448 ..       4     454 .. 0.88
2023-06-24 18:42:56,881 [amqEmbeddedWorkerJmsContainer-14] [uk.ac.ebi.interpro.scan.io.pirsf.hmmer3.PirsfHmmer3RawMatchParser:129] WARN - Couldn't parse the given raw match line, because it is of an unexpected format.
2023-06-24 18:42:56,881 [amqEmbeddedWorkerJmsContainer-14] [uk.ac.ebi.interpro.scan.io.pirsf.hmmer3.PirsfHmmer3RawMatchParser:130] WARN - Unexpected Raw match line: Query sequence: 251 matches PIRSF037016: Predicted pseudouridine synthase, eukaryotic type
2023-06-24 18:42:56,881 [amqEmbeddedWorkerJmsContainer-14] [uk.ac.ebi.interpro.scan.io.pirsf.hmmer3.PirsfHmmer3RawMatchParser:129] WARN - Couldn't parse the given raw match line, because it is of an unexpected format.
2023-06-24 18:42:56,881 [amqEmbeddedWorkerJmsContainer-14] [uk.ac.ebi.interpro.scan.io.pirsf.hmmer3.PirsfHmmer3RawMatchParser:130] WARN - Unexpected Raw match line: #    score  bias  c-Evalue  i-Evalue hmmfrom  hmm to    alifrom  ali to    envfrom  env to     acc
2023-06-24 18:42:56,881 [amqEmbeddedWorkerJmsContainer-14] [uk.ac.ebi.interpro.scan.io.pirsf.hmmer3.PirsfHmmer3RawMatchParser:129] WARN - Couldn't parse the given raw match line, because it is of an unexpected format.
2023-06-24 18:42:56,881 [amqEmbeddedWorkerJmsContainer-14] [uk.ac.ebi.interpro.scan.io.pirsf.hmmer3.PirsfHmmer3RawMatchParser:130] WARN - Unexpected Raw match line: 1 !  134.8   3.6   1.8e-43   1.1e-40     235     479 ..      20     255 ..       3     265 .. 0.86
2023-06-24 18:42:56,881 [amqEmbeddedWorkerJmsContainer-14] [uk.ac.ebi.interpro.scan.io.pirsf.hmmer3.PirsfHmmer3RawMatchParser:129] WARN - Couldn't parse the given raw match line, because it is of an unexpected format.
2023-06-24 18:42:56,881 [amqEmbeddedWorkerJmsContainer-14] [uk.ac.ebi.interpro.scan.io.pirsf.hmmer3.PirsfHmmer3RawMatchParser:130] WARN - Unexpected Raw match line: 2 !    1.7   0.0    0.0034       2.1     648     666 ..     374     392 ..     296     397 .] 0.77
2023-06-24 18:42:56,881 [amqEmbeddedWorkerJmsContainer-14] [uk.ac.ebi.interpro.scan.io.pirsf.hmmer3.PirsfHmmer3RawMatchParser:129] WARN - Couldn't parse the given raw match line, because it is of an unexpected format.
2023-06-24 18:42:56,881 [amqEmbeddedWorkerJmsContainer-14] [uk.ac.ebi.interpro.scan.io.pirsf.hmmer3.PirsfHmmer3RawMatchParser:130] WARN - Unexpected Raw match line: Query sequence: 284 matches PIRSF000808: Galactose-1-phosphate uridylyltransferase
2023-06-24 18:42:56,882 [amqEmbeddedWorkerJmsContainer-14] [uk.ac.ebi.interpro.scan.io.pirsf.hmmer3.PirsfHmmer3RawMatchParser:129] WARN - Couldn't parse the given raw match line, because it is of an unexpected format.
2023-06-24 18:42:56,882 [amqEmbeddedWorkerJmsContainer-14] [uk.ac.ebi.interpro.scan.io.pirsf.hmmer3.PirsfHmmer3RawMatchParser:130] WARN - Unexpected Raw match line: #    score  bias  c-Evalue  i-Evalue hmmfrom  hmm to    alifrom  ali to    envfrom  env to     acc
2023-06-24 18:42:56,882 [amqEmbeddedWorkerJmsContainer-14] [uk.ac.ebi.interpro.scan.io.pirsf.hmmer3.PirsfHmmer3RawMatchParser:129] WARN - Couldn't parse the given raw match line, because it is of an unexpected format.
2023-06-24 18:42:56,882 [amqEmbeddedWorkerJmsContainer-14] [uk.ac.ebi.interpro.scan.io.pirsf.hmmer3.PirsfHmmer3RawMatchParser:130] WARN - Unexpected Raw match line: 1 !  258.9   8.2   4.7e-81   2.9e-78       9     344 ..       4     356 ..       2     358 .. 0.91
2023-06-24 18:42:56,882 [amqEmbeddedWorkerJmsContainer-14] [uk.ac.ebi.interpro.scan.io.pirsf.hmmer3.PirsfHmmer3RawMatchParser:129] WARN - Couldn't parse the given raw match line, because it is of an unexpected format.
2023-06-24 18:42:56,882 [amqEmbeddedWorkerJmsContainer-14] [uk.ac.ebi.interpro.scan.io.pirsf.hmmer3.PirsfHmmer3RawMatchParser:130] WARN - Unexpected Raw match line: Query sequence: 294 matches PIRSF000803: DNA polymerase II, small subunit, archaeal type
2023-06-24 18:42:56,882 [amqEmbeddedWorkerJmsContainer-14] [uk.ac.ebi.interpro.scan.io.pirsf.hmmer3.PirsfHmmer3RawMatchParser:129] WARN - Couldn't parse the given raw match line, because it is of an unexpected format.
2023-06-24 18:42:56,882 [amqEmbeddedWorkerJmsContainer-14] [uk.ac.ebi.interpro.scan.io.pirsf.hmmer3.PirsfHmmer3RawMatchParser:130] WARN - Unexpected Raw match line: #    score  bias  c-Evalue  i-Evalue hmmfrom  hmm to    alifrom  ali to    envfrom  env to     acc
2023-06-24 18:42:56,882 [amqEmbeddedWorkerJmsContainer-14] [uk.ac.ebi.interpro.scan.io.pirsf.hmmer3.PirsfHmmer3RawMatchParser:129] WARN - Couldn't parse the given raw match line, because it is of an unexpected format.
2023-06-24 18:42:56,882 [amqEmbeddedWorkerJmsContainer-14] [uk.ac.ebi.interpro.scan.io.pirsf.hmmer3.PirsfHmmer3RawMatchParser:130] WARN - Unexpected Raw match line: 1 !  455.2  10.9  1.4e-140  8.7e-138       4     533 ..      42     617 .]      39     617 .] 0.82
2023-06-24 18:42:56,882 [amqEmbeddedWorkerJmsContainer-14] [uk.ac.ebi.interpro.scan.io.pirsf.hmmer3.PirsfHmmer3RawMatchParser:129] WARN - Couldn't parse the given raw match line, because it is of an unexpected format.
2023-06-24 18:42:56,882 [amqEmbeddedWorkerJmsContainer-14] [uk.ac.ebi.interpro.scan.io.pirsf.hmmer3.PirsfHmmer3RawMatchParser:130] WARN - Unexpected Raw match line: Query sequence: 299 matches PIRSF015950: Diphosphomevalonate decarboxylase
2023-06-24 18:42:56,882 [amqEmbeddedWorkerJmsContainer-14] [uk.ac.ebi.interpro.scan.io.pirsf.hmmer3.PirsfHmmer3RawMatchParser:129] WARN - Couldn't parse the given raw match line, because it is of an unexpected format.
2023-06-24 18:42:56,882 [amqEmbeddedWorkerJmsContainer-14] [uk.ac.ebi.interpro.scan.io.pirsf.hmmer3.PirsfHmmer3RawMatchParser:130] WARN - Unexpected Raw match line: #    score  bias  c-Evalue  i-Evalue hmmfrom  hmm to    alifrom  ali to    envfrom  env to     acc
2023-06-24 18:42:56,882 [amqEmbeddedWorkerJmsContainer-14] [uk.ac.ebi.interpro.scan.io.pirsf.hmmer3.PirsfHmmer3RawMatchParser:129] WARN - Couldn't parse the given raw match line, because it is of an unexpected format.
2023-06-24 18:42:56,883 [amqEmbeddedWorkerJmsContainer-14] [uk.ac.ebi.interpro.scan.io.pirsf.hmmer3.PirsfHmmer3RawMatchParser:130] WARN - Unexpected Raw match line: 1 !  360.4   0.0  9.9e-112  3.1e-109       7     333 ..       6     350 ..       2     354 .. 0.96
2023-06-24 18:42:56,883 [amqEmbeddedWorkerJmsContainer-14] [uk.ac.ebi.interpro.scan.io.pirsf.hmmer3.PirsfHmmer3RawMatchParser:129] WARN - Couldn't parse the given raw match line, because it is of an unexpected format.
2023-06-24 18:42:56,883 [amqEmbeddedWorkerJmsContainer-14] [uk.ac.ebi.interpro.scan.io.pirsf.hmmer3.PirsfHmmer3RawMatchParser:130] WARN - Unexpected Raw match line: Query sequence: 303 matches PIRSF000484: Nicotinate phosphoribosyltransferase
2023-06-24 18:42:56,883 [amqEmbeddedWorkerJmsContainer-14] [uk.ac.ebi.interpro.scan.io.pirsf.hmmer3.PirsfHmmer3RawMatchParser:129] WARN - Couldn't parse the given raw match line, because it is of an unexpected format.
2023-06-24 18:42:56,883 [amqEmbeddedWorkerJmsContainer-14] [uk.ac.ebi.interpro.scan.io.pirsf.hmmer3.PirsfHmmer3RawMatchParser:130] WARN - Unexpected Raw match line: #    score  bias  c-Evalue  i-Evalue hmmfrom  hmm to    alifrom  ali to    envfrom  env to     acc
2023-06-24 18:42:56,883 [amqEmbeddedWorkerJmsContainer-14] [uk.ac.ebi.interpro.scan.io.pirsf.hmmer3.PirsfHmmer3RawMatchParser:129] WARN - Couldn't parse the given raw match line, because it is of an unexpected format.
2023-06-24 18:42:56,883 [amqEmbeddedWorkerJmsContainer-14] [uk.ac.ebi.interpro.scan.io.pirsf.hmmer3.PirsfHmmer3RawMatchParser:130] WARN - Unexpected Raw match line: 1 !  449.9   2.3  4.7e-139    3e-136       5     452 ..       8     466 ..       4     470 .. 0.93
2023-06-24 18:42:56,883 [amqEmbeddedWorkerJmsContainer-14] [uk.ac.ebi.interpro.scan.io.pirsf.hmmer3.PirsfHmmer3RawMatchParser:129] WARN - Couldn't parse the given raw match line, because it is of an unexpected format.
2023-06-24 18:42:56,883 [amqEmbeddedWorkerJmsContainer-14] [uk.ac.ebi.interpro.scan.io.pirsf.hmmer3.PirsfHmmer3RawMatchParser:130] WARN - Unexpected Raw match line: Query sequence: 325 matches PIRSF005335: tRNA nucleotidyltransferase (CCA-adding enzyme), archaeal type
2023-06-24 18:42:56,883 [amqEmbeddedWorkerJmsContainer-14] [uk.ac.ebi.interpro.scan.io.pirsf.hmmer3.PirsfHmmer3RawMatchParser:129] WARN - Couldn't parse the given raw match line, because it is of an unexpected format.
2023-06-24 18:42:56,883 [amqEmbeddedWorkerJmsContainer-14] [uk.ac.ebi.interpro.scan.io.pirsf.hmmer3.PirsfHmmer3RawMatchParser:130] WARN - Unexpected Raw match line: #    score  bias  c-Evalue  i-Evalue hmmfrom  hmm to    alifrom  ali to    envfrom  env to     acc
2023-06-24 18:42:56,883 [amqEmbeddedWorkerJmsContainer-14] [uk.ac.ebi.interpro.scan.io.pirsf.hmmer3.PirsfHmmer3RawMatchParser:129] WARN - Couldn't parse the given raw match line, because it is of an unexpected format.
2023-06-24 18:42:56,883 [amqEmbeddedWorkerJmsContainer-14] [uk.ac.ebi.interpro.scan.io.pirsf.hmmer3.PirsfHmmer3RawMatchParser:130] WARN - Unexpected Raw match line: 1 !   86.0   0.2   2.6e-28   8.1e-26      10     158 ..      51     196 ..      41     199 .. 0.93
2023-06-24 18:42:56,883 [amqEmbeddedWorkerJmsContainer-14] [uk.ac.ebi.interpro.scan.io.pirsf.hmmer3.PirsfHmmer3RawMatchParser:129] WARN - Couldn't parse the given raw match line, because it is of an unexpected format.
2023-06-24 18:42:56,884 [amqEmbeddedWorkerJmsContainer-14] [uk.ac.ebi.interpro.scan.io.pirsf.hmmer3.PirsfHmmer3RawMatchParser:130] WARN - Unexpected Raw match line: 2 !  196.6   0.3   7.2e-62   2.2e-59     147     408 ..     205     472 ..     198     479 .. 0.90
2023-06-24 18:42:56,884 [amqEmbeddedWorkerJmsContainer-14] [uk.ac.ebi.interpro.scan.io.pirsf.hmmer3.PirsfHmmer3RawMatchParser:129] WARN - Couldn't parse the given raw match line, because it is of an unexpected format.
2023-06-24 18:42:56,884 [amqEmbeddedWorkerJmsContainer-14] [uk.ac.ebi.interpro.scan.io.pirsf.hmmer3.PirsfHmmer3RawMatchParser:130] WARN - Unexpected Raw match line: Query sequence: 333 matches PIRSF000185: Glutamate dehydrogenase
2023-06-24 18:42:56,884 [amqEmbeddedWorkerJmsContainer-14] [uk.ac.ebi.interpro.scan.io.pirsf.hmmer3.PirsfHmmer3RawMatchParser:129] WARN - Couldn't parse the given raw match line, because it is of an unexpected format.
2023-06-24 18:42:56,884 [amqEmbeddedWorkerJmsContainer-14] [uk.ac.ebi.interpro.scan.io.pirsf.hmmer3.PirsfHmmer3RawMatchParser:130] WARN - Unexpected Raw match line: #    score  bias  c-Evalue  i-Evalue hmmfrom  hmm to    alifrom  ali to    envfrom  env to     acc
2023-06-24 18:42:56,884 [amqEmbeddedWorkerJmsContainer-14] [uk.ac.ebi.interpro.scan.io.pirsf.hmmer3.PirsfHmmer3RawMatchParser:129] WARN - Couldn't parse the given raw match line, because it is of an unexpected format.
2023-06-24 18:42:56,884 [amqEmbeddedWorkerJmsContainer-14] [uk.ac.ebi.interpro.scan.io.pirsf.hmmer3.PirsfHmmer3RawMatchParser:130] WARN - Unexpected Raw match line: 1 !  462.4   0.1  1.3e-142  4.1e-140       6     416 ..      14     415 ..      10     417 .] 0.97
2023-06-24 18:42:56,884 [amqEmbeddedWorkerJmsContainer-14] [uk.ac.ebi.interpro.scan.io.pirsf.hmmer3.PirsfHmmer3RawMatchParser:129] WARN - Couldn't parse the given raw match line, because it is of an unexpected format.
2023-06-24 18:42:56,884 [amqEmbeddedWorkerJmsContainer-14] [uk.ac.ebi.interpro.scan.io.pirsf.hmmer3.PirsfHmmer3RawMatchParser:130] WARN - Unexpected Raw match line: Query sequence: 364 matches PIRSF017184: Bifunctional NAD(P)H-hydrate repair enzyme Nnr
2023-06-24 18:42:56,884 [amqEmbeddedWorkerJmsContainer-14] [uk.ac.ebi.interpro.scan.io.pirsf.hmmer3.PirsfHmmer3RawMatchParser:129] WARN - Couldn't parse the given raw match line, because it is of an unexpected format.
2023-06-24 18:42:56,884 [amqEmbeddedWorkerJmsContainer-14] [uk.ac.ebi.interpro.scan.io.pirsf.hmmer3.PirsfHmmer3RawMatchParser:130] WARN - Unexpected Raw match line: #    score  bias  c-Evalue  i-Evalue hmmfrom  hmm to    alifrom  ali to    envfrom  env to     acc
2023-06-24 18:42:56,884 [amqEmbeddedWorkerJmsContainer-14] [uk.ac.ebi.interpro.scan.io.pirsf.hmmer3.PirsfHmmer3RawMatchParser:129] WARN - Couldn't parse the given raw match line, because it is of an unexpected format.
2023-06-24 18:42:56,884 [amqEmbeddedWorkerJmsContainer-14] [uk.ac.ebi.interpro.scan.io.pirsf.hmmer3.PirsfHmmer3RawMatchParser:130] WARN - Unexpected Raw match line: 1 !  281.8   2.6   4.3e-88   2.7e-85       5     502 ..      11     517 ..       7     519 .] 0.83
2023-06-24 18:42:56,884 [amqEmbeddedWorkerJmsContainer-14] [uk.ac.ebi.interpro.scan.io.pirsf.hmmer3.PirsfHmmer3RawMatchParser:129] WARN - Couldn't parse the given raw match line, because it is of an unexpected format.
2023-06-24 18:42:56,884 [amqEmbeddedWorkerJmsContainer-14] [uk.ac.ebi.interpro.scan.io.pirsf.hmmer3.PirsfHmmer3RawMatchParser:130] WARN - Unexpected Raw match line: Query sequence: 378 matches PIRSF001563: Folylpolyglutamate synthase
2023-06-24 18:42:56,884 [amqEmbeddedWorkerJmsContainer-14] [uk.ac.ebi.interpro.scan.io.pirsf.hmmer3.PirsfHmmer3RawMatchParser:129] WARN - Couldn't parse the given raw match line, because it is of an unexpected format.
2023-06-24 18:42:56,885 [amqEmbeddedWorkerJmsContainer-14] [uk.ac.ebi.interpro.scan.io.pirsf.hmmer3.PirsfHmmer3RawMatchParser:130] WARN - Unexpected Raw match line: #    score  bias  c-Evalue  i-Evalue hmmfrom  hmm to    alifrom  ali to    envfrom  env to     acc
2023-06-24 18:42:56,885 [amqEmbeddedWorkerJmsContainer-14] [uk.ac.ebi.interpro.scan.io.pirsf.hmmer3.PirsfHmmer3RawMatchParser:129] WARN - Couldn't parse the given raw match line, because it is of an unexpected format.
2023-06-24 18:42:56,885 [amqEmbeddedWorkerJmsContainer-14] [uk.ac.ebi.interpro.scan.io.pirsf.hmmer3.PirsfHmmer3RawMatchParser:130] WARN - Unexpected Raw match line: 1 !  306.9   3.7   1.2e-95   7.3e-93       7     226 ..       1     217 [.       1     221 [. 0.95
2023-06-24 18:42:56,885 [amqEmbeddedWorkerJmsContainer-14] [uk.ac.ebi.interpro.scan.io.pirsf.hmmer3.PirsfHmmer3RawMatchParser:129] WARN - Couldn't parse the given raw match line, because it is of an unexpected format.
2023-06-24 18:42:56,885 [amqEmbeddedWorkerJmsContainer-14] [uk.ac.ebi.interpro.scan.io.pirsf.hmmer3.PirsfHmmer3RawMatchParser:130] WARN - Unexpected Raw match line: 2 !  113.7   0.0   4.9e-37   3.1e-34     255     434 ..     220     411 ..     216     414 .] 0.85
2023-06-24 18:42:56,885 [amqEmbeddedWorkerJmsContainer-14] [uk.ac.ebi.interpro.scan.io.pirsf.hmmer3.PirsfHmmer3RawMatchParser:129] WARN - Couldn't parse the given raw match line, because it is of an unexpected format.
2023-06-24 18:42:56,885 [amqEmbeddedWorkerJmsContainer-14] [uk.ac.ebi.interpro.scan.io.pirsf.hmmer3.PirsfHmmer3RawMatchParser:130] WARN - Unexpected Raw match line: Query sequence: 380 matches PIRSF000149: Glyceraldehyde-3-phosphate dehydrogenase
2023-06-24 18:42:56,885 [amqEmbeddedWorkerJmsContainer-14] [uk.ac.ebi.interpro.scan.io.pirsf.hmmer3.PirsfHmmer3RawMatchParser:129] WARN - Couldn't parse the given raw match line, because it is of an unexpected format.
2023-06-24 18:42:56,885 [amqEmbeddedWorkerJmsContainer-14] [uk.ac.ebi.interpro.scan.io.pirsf.hmmer3.PirsfHmmer3RawMatchParser:130] WARN - Unexpected Raw match line: #    score  bias  c-Evalue  i-Evalue hmmfrom  hmm to    alifrom  ali to    envfrom  env to     acc
2023-06-24 18:42:56,885 [amqEmbeddedWorkerJmsContainer-14] [uk.ac.ebi.interpro.scan.io.pirsf.hmmer3.PirsfHmmer3RawMatchParser:129] WARN - Couldn't parse the given raw match line, because it is of an unexpected format.
2023-06-24 18:42:56,885 [amqEmbeddedWorkerJmsContainer-14] [uk.ac.ebi.interpro.scan.io.pirsf.hmmer3.PirsfHmmer3RawMatchParser:130] WARN - Unexpected Raw match line: 1 !  451.7   0.5  2.9e-139  6.1e-137       1     337 [.       3     334 ..       3     335 .] 0.98
2023-06-24 18:42:56,885 [amqEmbeddedWorkerJmsContainer-14] [uk.ac.ebi.interpro.scan.io.pirsf.hmmer3.PirsfHmmer3RawMatchParser:129] WARN - Couldn't parse the given raw match line, because it is of an unexpected format.
2023-06-24 18:42:56,885 [amqEmbeddedWorkerJmsContainer-14] [uk.ac.ebi.interpro.scan.io.pirsf.hmmer3.PirsfHmmer3RawMatchParser:130] WARN - Unexpected Raw match line: Query sequence: 388 matches PIRSF000521: 4-aminobutyrate/lysine/ornithine transaminase
2023-06-24 18:42:56,885 [amqEmbeddedWorkerJmsContainer-14] [uk.ac.ebi.interpro.scan.io.pirsf.hmmer3.PirsfHmmer3RawMatchParser:129] WARN - Couldn't parse the given raw match line, because it is of an unexpected format.
2023-06-24 18:42:56,885 [amqEmbeddedWorkerJmsContainer-14] [uk.ac.ebi.interpro.scan.io.pirsf.hmmer3.PirsfHmmer3RawMatchParser:130] WARN - Unexpected Raw match line: #    score  bias  c-Evalue  i-Evalue hmmfrom  hmm to    alifrom  ali to    envfrom  env to     acc
2023-06-24 18:42:56,886 [amqEmbeddedWorkerJmsContainer-14] [uk.ac.ebi.interpro.scan.io.pirsf.hmmer3.PirsfHmmer3RawMatchParser:129] WARN - Couldn't parse the given raw match line, because it is of an unexpected format.
2023-06-24 18:42:56,886 [amqEmbeddedWorkerJmsContainer-14] [uk.ac.ebi.interpro.scan.io.pirsf.hmmer3.PirsfHmmer3RawMatchParser:130] WARN - Unexpected Raw match line: 1 !   38.6   0.1   2.6e-14   1.6e-11      56     160 ..      35     132 ..       6     141 .. 0.82
2023-06-24 18:42:56,886 [amqEmbeddedWorkerJmsContainer-14] [uk.ac.ebi.interpro.scan.io.pirsf.hmmer3.PirsfHmmer3RawMatchParser:129] WARN - Couldn't parse the given raw match line, because it is of an unexpected format.
2023-06-24 18:42:56,886 [amqEmbeddedWorkerJmsContainer-14] [uk.ac.ebi.interpro.scan.io.pirsf.hmmer3.PirsfHmmer3RawMatchParser:130] WARN - Unexpected Raw match line: 2 !    6.2   0.2   0.00017      0.11     192     217 ..     138     163 ..     131     173 .. 0.78
2023-06-24 18:42:56,886 [amqEmbeddedWorkerJmsContainer-14] [uk.ac.ebi.interpro.scan.io.pirsf.hmmer3.PirsfHmmer3RawMatchParser:129] WARN - Couldn't parse the given raw match line, because it is of an unexpected format.
2023-06-24 18:42:56,886 [amqEmbeddedWorkerJmsContainer-14] [uk.ac.ebi.interpro.scan.io.pirsf.hmmer3.PirsfHmmer3RawMatchParser:130] WARN - Unexpected Raw match line: 3 !  104.6   0.0   2.4e-34   1.5e-31     253     431 ..     181     347 ..     162     368 .. 0.84
2023-06-24 18:42:56,886 [amqEmbeddedWorkerJmsContainer-14] [uk.ac.ebi.interpro.scan.io.pirsf.hmmer3.PirsfHmmer3RawMatchParser:129] WARN - Couldn't parse the given raw match line, because it is of an unexpected format.
2023-06-24 18:42:56,886 [amqEmbeddedWorkerJmsContainer-14] [uk.ac.ebi.interpro.scan.io.pirsf.hmmer3.PirsfHmmer3RawMatchParser:130] WARN - Unexpected Raw match line: 4 !   18.1   0.0   4.1e-08   2.5e-05     435     481 ..     389     435 ..     380     437 .] 0.91
2023-06-24 18:42:56,886 [amqEmbeddedWorkerJmsContainer-14] [uk.ac.ebi.interpro.scan.io.pirsf.hmmer3.PirsfHmmer3RawMatchParser:129] WARN - Couldn't parse the given raw match line, because it is of an unexpected format.
2023-06-24 18:42:56,886 [amqEmbeddedWorkerJmsContainer-14] [uk.ac.ebi.interpro.scan.io.pirsf.hmmer3.PirsfHmmer3RawMatchParser:130] WARN - Unexpected Raw match line: Query sequence: 393 matches PIRSF039114: V-type ATP synthase, beta subunit/V-type ATPase, subunit B
2023-06-24 18:42:56,886 [amqEmbeddedWorkerJmsContainer-14] [uk.ac.ebi.interpro.scan.io.pirsf.hmmer3.PirsfHmmer3RawMatchParser:129] WARN - Couldn't parse the given raw match line, because it is of an unexpected format.
2023-06-24 18:42:56,886 [amqEmbeddedWorkerJmsContainer-14] [uk.ac.ebi.interpro.scan.io.pirsf.hmmer3.PirsfHmmer3RawMatchParser:130] WARN - Unexpected Raw match line: #    score  bias  c-Evalue  i-Evalue hmmfrom  hmm to    alifrom  ali to    envfrom  env to     acc
2023-06-24 18:42:56,886 [amqEmbeddedWorkerJmsContainer-14] [uk.ac.ebi.interpro.scan.io.pirsf.hmmer3.PirsfHmmer3RawMatchParser:129] WARN - Couldn't parse the given raw match line, because it is of an unexpected format.
2023-06-24 18:42:56,887 [amqEmbeddedWorkerJmsContainer-14] [uk.ac.ebi.interpro.scan.io.pirsf.hmmer3.PirsfHmmer3RawMatchParser:130] WARN - Unexpected Raw match line: 1 !  781.5   0.1  2.4e-239  7.5e-237       6     467 ..       9     467 ..       4     471 .. 0.98
2023-06-24 18:42:56,887 [amqEmbeddedWorkerJmsContainer-14] [uk.ac.ebi.interpro.scan.io.pirsf.hmmer3.PirsfHmmer3RawMatchParser:129] WARN - Couldn't parse the given raw match line, because it is of an unexpected format.
2023-06-24 18:42:56,887 [amqEmbeddedWorkerJmsContainer-14] [uk.ac.ebi.interpro.scan.io.pirsf.hmmer3.PirsfHmmer3RawMatchParser:130] WARN - Unexpected Raw match line: Query sequence: 399 matches PIRSF005719: Structural maintenance of chromosomes protein
2023-06-24 18:42:56,887 [amqEmbeddedWorkerJmsContainer-14] [uk.ac.ebi.interpro.scan.io.pirsf.hmmer3.PirsfHmmer3RawMatchParser:129] WARN - Couldn't parse the given raw match line, because it is of an unexpected format.
2023-06-24 18:42:56,887 [amqEmbeddedWorkerJmsContainer-14] [uk.ac.ebi.interpro.scan.io.pirsf.hmmer3.PirsfHmmer3RawMatchParser:130] WARN - Unexpected Raw match line: #    score  bias  c-Evalue  i-Evalue hmmfrom  hmm to    alifrom  ali to    envfrom  env to     acc
2023-06-24 18:42:56,887 [amqEmbeddedWorkerJmsContainer-14] [uk.ac.ebi.interpro.scan.io.pirsf.hmmer3.PirsfHmmer3RawMatchParser:129] WARN - Couldn't parse the given raw match line, because it is of an unexpected format.
2023-06-24 18:42:56,887 [amqEmbeddedWorkerJmsContainer-14] [uk.ac.ebi.interpro.scan.io.pirsf.hmmer3.PirsfHmmer3RawMatchParser:130] WARN - Unexpected Raw match line: 1 !  755.4 102.7  2.5e-230  3.2e-228       1    1186 [.       8    1170 ..       8    1171 .] 0.89
2023-06-24 18:42:56,887 [amqEmbeddedWorkerJmsContainer-14] [uk.ac.ebi.interpro.scan.io.pirsf.hmmer3.PirsfHmmer3RawMatchParser:129] WARN - Couldn't parse the given raw match line, because it is of an unexpected format.
2023-06-24 18:42:56,887 [amqEmbeddedWorkerJmsContainer-14] [uk.ac.ebi.interpro.scan.io.pirsf.hmmer3.PirsfHmmer3RawMatchParser:130] WARN - Unexpected Raw match line: Query sequence: 407 matches PIRSF000904: Fructose-1,6-bisphosphatase/sedoheptulose-1,7-bisphosphatase
2023-06-24 18:42:56,887 [amqEmbeddedWorkerJmsContainer-14] [uk.ac.ebi.interpro.scan.io.pirsf.hmmer3.PirsfHmmer3RawMatchParser:129] WARN - Couldn't parse the given raw match line, because it is of an unexpected format.
2023-06-24 18:42:56,887 [amqEmbeddedWorkerJmsContainer-14] [uk.ac.ebi.interpro.scan.io.pirsf.hmmer3.PirsfHmmer3RawMatchParser:130] WARN - Unexpected Raw match line: #    score  bias  c-Evalue  i-Evalue hmmfrom  hmm to    alifrom  ali to    envfrom  env to     acc
2023-06-24 18:42:56,887 [amqEmbeddedWorkerJmsContainer-14] [uk.ac.ebi.interpro.scan.io.pirsf.hmmer3.PirsfHmmer3RawMatchParser:129] WARN - Couldn't parse the given raw match line, because it is of an unexpected format.
2023-06-24 18:42:56,887 [amqEmbeddedWorkerJmsContainer-14] [uk.ac.ebi.interpro.scan.io.pirsf.hmmer3.PirsfHmmer3RawMatchParser:130] WARN - Unexpected Raw match line: 1 !  334.2   0.0    4e-104  2.5e-101      16     325 ..      12     308 ..       3     309 .] 0.94
2023-06-24 18:42:56,887 [amqEmbeddedWorkerJmsContainer-14] [uk.ac.ebi.interpro.scan.io.pirsf.hmmer3.PirsfHmmer3RawMatchParser:129] WARN - Couldn't parse the given raw match line, because it is of an unexpected format.
2023-06-24 18:42:56,887 [amqEmbeddedWorkerJmsContainer-14] [uk.ac.ebi.interpro.scan.io.pirsf.hmmer3.PirsfHmmer3RawMatchParser:130] WARN - Unexpected Raw match line: and matches Sub-Family PIRSF500210: Fructose-1,6-bisphosphatase
2023-06-24 18:42:56,887 [amqEmbeddedWorkerJmsContainer-14] [uk.ac.ebi.interpro.scan.io.pirsf.hmmer3.PirsfHmmer3RawMatchParser:129] WARN - Couldn't parse the given raw match line, because it is of an unexpected format.
2023-06-24 18:42:56,887 [amqEmbeddedWorkerJmsContainer-14] [uk.ac.ebi.interpro.scan.io.pirsf.hmmer3.PirsfHmmer3RawMatchParser:130] WARN - Unexpected Raw match line: #    score  bias  c-Evalue  i-Evalue hmmfrom  hmm to    alifrom  ali to    envfrom  env to     acc
2023-06-24 18:42:56,888 [amqEmbeddedWorkerJmsContainer-14] [uk.ac.ebi.interpro.scan.io.pirsf.hmmer3.PirsfHmmer3RawMatchParser:129] WARN - Couldn't parse the given raw match line, because it is of an unexpected format.
2023-06-24 18:42:56,888 [amqEmbeddedWorkerJmsContainer-14] [uk.ac.ebi.interpro.scan.io.pirsf.hmmer3.PirsfHmmer3RawMatchParser:130] WARN - Unexpected Raw match line: 1 !  329.3   0.0  1.2e-102  7.2e-100      16     327 ..      13     308 ..       2     309 .] 0.93
2023-06-24 18:42:56,888 [amqEmbeddedWorkerJmsContainer-14] [uk.ac.ebi.interpro.scan.io.pirsf.hmmer3.PirsfHmmer3RawMatchParser:129] WARN - Couldn't parse the given raw match line, because it is of an unexpected format.
2023-06-24 18:42:56,888 [amqEmbeddedWorkerJmsContainer-14] [uk.ac.ebi.interpro.scan.io.pirsf.hmmer3.PirsfHmmer3RawMatchParser:130] WARN - Unexpected Raw match line: Query sequence: 412 matches PIRSF017269: tRNA methyltransferase, GCD14 type
2023-06-24 18:42:56,888 [amqEmbeddedWorkerJmsContainer-14] [uk.ac.ebi.interpro.scan.io.pirsf.hmmer3.PirsfHmmer3RawMatchParser:129] WARN - Couldn't parse the given raw match line, because it is of an unexpected format.
2023-06-24 18:42:56,888 [amqEmbeddedWorkerJmsContainer-14] [uk.ac.ebi.interpro.scan.io.pirsf.hmmer3.PirsfHmmer3RawMatchParser:130] WARN - Unexpected Raw match line: #    score  bias  c-Evalue  i-Evalue hmmfrom  hmm to    alifrom  ali to    envfrom  env to     acc
2023-06-24 18:42:56,888 [amqEmbeddedWorkerJmsContainer-14] [uk.ac.ebi.interpro.scan.io.pirsf.hmmer3.PirsfHmmer3RawMatchParser:129] WARN - Couldn't parse the given raw match line, because it is of an unexpected format.
2023-06-24 18:42:56,888 [amqEmbeddedWorkerJmsContainer-14] [uk.ac.ebi.interpro.scan.io.pirsf.hmmer3.PirsfHmmer3RawMatchParser:130] WARN - Unexpected Raw match line: 1 !  199.2   0.0   7.5e-63   2.4e-60      29     261 ..      24     250 ..       5     251 .] 0.93
2023-06-24 18:42:56,888 [amqEmbeddedWorkerJmsContainer-14] [uk.ac.ebi.interpro.scan.io.pirsf.hmmer3.PirsfHmmer3RawMatchParser:129] WARN - Couldn't parse the given raw match line, because it is of an unexpected format.
2023-06-24 18:42:56,888 [amqEmbeddedWorkerJmsContainer-14] [uk.ac.ebi.interpro.scan.io.pirsf.hmmer3.PirsfHmmer3RawMatchParser:130] WARN - Unexpected Raw match line: Query sequence: 426 matches PIRSF001265: H(+)-translocating inorganic pyrophosphatase
2023-06-24 18:42:56,888 [amqEmbeddedWorkerJmsContainer-14] [uk.ac.ebi.interpro.scan.io.pirsf.hmmer3.PirsfHmmer3RawMatchParser:129] WARN - Couldn't parse the given raw match line, because it is of an unexpected format.
2023-06-24 18:42:56,888 [amqEmbeddedWorkerJmsContainer-14] [uk.ac.ebi.interpro.scan.io.pirsf.hmmer3.PirsfHmmer3RawMatchParser:130] WARN - Unexpected Raw match line: #    score  bias  c-Evalue  i-Evalue hmmfrom  hmm to    alifrom  ali to    envfrom  env to     acc
2023-06-24 18:42:56,888 [amqEmbeddedWorkerJmsContainer-14] [uk.ac.ebi.interpro.scan.io.pirsf.hmmer3.PirsfHmmer3RawMatchParser:129] WARN - Couldn't parse the given raw match line, because it is of an unexpected format.
2023-06-24 18:42:56,888 [amqEmbeddedWorkerJmsContainer-14] [uk.ac.ebi.interpro.scan.io.pirsf.hmmer3.PirsfHmmer3RawMatchParser:130] WARN - Unexpected Raw match line: 1 !  913.4  45.5  6.4e-279    4e-276       4     706 ..      10     692 ..       6     693 .] 0.96
2023-06-24 18:42:56,888 [amqEmbeddedWorkerJmsContainer-14] [uk.ac.ebi.interpro.scan.io.pirsf.hmmer3.PirsfHmmer3RawMatchParser:129] WARN - Couldn't parse the given raw match line, because it is of an unexpected format.
2023-06-24 18:42:56,888 [amqEmbeddedWorkerJmsContainer-14] [uk.ac.ebi.interpro.scan.io.pirsf.hmmer3.PirsfHmmer3RawMatchParser:130] WARN - Unexpected Raw match line: Query sequence: 43 matches PIRSF000854: Phosphoenolpyruvate synthase
2023-06-24 18:42:56,889 [amqEmbeddedWorkerJmsContainer-14] [uk.ac.ebi.interpro.scan.io.pirsf.hmmer3.PirsfHmmer3RawMatchParser:129] WARN - Couldn't parse the given raw match line, because it is of an unexpected format.
2023-06-24 18:42:56,889 [amqEmbeddedWorkerJmsContainer-14] [uk.ac.ebi.interpro.scan.io.pirsf.hmmer3.PirsfHmmer3RawMatchParser:130] WARN - Unexpected Raw match line: #    score  bias  c-Evalue  i-Evalue hmmfrom  hmm to    alifrom  ali to    envfrom  env to     acc
2023-06-24 18:42:56,889 [amqEmbeddedWorkerJmsContainer-14] [uk.ac.ebi.interpro.scan.io.pirsf.hmmer3.PirsfHmmer3RawMatchParser:129] WARN - Couldn't parse the given raw match line, because it is of an unexpected format.
2023-06-24 18:42:56,889 [amqEmbeddedWorkerJmsContainer-14] [uk.ac.ebi.interpro.scan.io.pirsf.hmmer3.PirsfHmmer3RawMatchParser:130] WARN - Unexpected Raw match line: 1 ! 1281.4   0.5         0         0       3     793 ..      19     814 ..      17     817 .. 0.99
2023-06-24 18:42:56,889 [amqEmbeddedWorkerJmsContainer-14] [uk.ac.ebi.interpro.scan.io.pirsf.hmmer3.PirsfHmmer3RawMatchParser:129] WARN - Couldn't parse the given raw match line, because it is of an unexpected format.
2023-06-24 18:42:56,889 [amqEmbeddedWorkerJmsContainer-14] [uk.ac.ebi.interpro.scan.io.pirsf.hmmer3.PirsfHmmer3RawMatchParser:130] WARN - Unexpected Raw match line: Query sequence: 439 matches PIRSF038984: FAD dependent protein
2023-06-24 18:42:56,889 [amqEmbeddedWorkerJmsContainer-14] [uk.ac.ebi.interpro.scan.io.pirsf.hmmer3.PirsfHmmer3RawMatchParser:129] WARN - Couldn't parse the given raw match line, because it is of an unexpected format.
2023-06-24 18:42:56,889 [amqEmbeddedWorkerJmsContainer-14] [uk.ac.ebi.interpro.scan.io.pirsf.hmmer3.PirsfHmmer3RawMatchParser:130] WARN - Unexpected Raw match line: #    score  bias  c-Evalue  i-Evalue hmmfrom  hmm to    alifrom  ali to    envfrom  env to     acc
2023-06-24 18:42:56,889 [amqEmbeddedWorkerJmsContainer-14] [uk.ac.ebi.interpro.scan.io.pirsf.hmmer3.PirsfHmmer3RawMatchParser:129] WARN - Couldn't parse the given raw match line, because it is of an unexpected format.
2023-06-24 18:42:56,889 [amqEmbeddedWorkerJmsContainer-14] [uk.ac.ebi.interpro.scan.io.pirsf.hmmer3.PirsfHmmer3RawMatchParser:130] WARN - Unexpected Raw match line: 1 !  138.4   2.7   3.6e-44   1.1e-41      96     530 ..      10     502 ..       2     503 .] 0.83
2023-06-24 18:42:56,889 [amqEmbeddedWorkerJmsContainer-14] [uk.ac.ebi.interpro.scan.io.pirsf.hmmer3.PirsfHmmer3RawMatchParser:129] WARN - Couldn't parse the given raw match line, because it is of an unexpected format.
2023-06-24 18:42:56,889 [amqEmbeddedWorkerJmsContainer-14] [uk.ac.ebi.interpro.scan.io.pirsf.hmmer3.PirsfHmmer3RawMatchParser:130] WARN - Unexpected Raw match line: Query sequence: 45 matches PIRSF036432: Diphthine synthase
2023-06-24 18:42:56,889 [amqEmbeddedWorkerJmsContainer-14] [uk.ac.ebi.interpro.scan.io.pirsf.hmmer3.PirsfHmmer3RawMatchParser:129] WARN - Couldn't parse the given raw match line, because it is of an unexpected format.
2023-06-24 18:42:56,889 [amqEmbeddedWorkerJmsContainer-14] [uk.ac.ebi.interpro.scan.io.pirsf.hmmer3.PirsfHmmer3RawMatchParser:130] WARN - Unexpected Raw match line: #    score  bias  c-Evalue  i-Evalue hmmfrom  hmm to    alifrom  ali to    envfrom  env to     acc
2023-06-24 18:42:56,889 [amqEmbeddedWorkerJmsContainer-14] [uk.ac.ebi.interpro.scan.io.pirsf.hmmer3.PirsfHmmer3RawMatchParser:129] WARN - Couldn't parse the given raw match line, because it is of an unexpected format.
2023-06-24 18:42:56,889 [amqEmbeddedWorkerJmsContainer-14] [uk.ac.ebi.interpro.scan.io.pirsf.hmmer3.PirsfHmmer3RawMatchParser:130] WARN - Unexpected Raw match line: 1 !  320.0   0.0  6.9e-100   4.3e-97       1     254 [.      12     269 ..      12     271 .] 0.95
2023-06-24 18:42:56,890 [amqEmbeddedWorkerJmsContainer-14] [uk.ac.ebi.interpro.scan.io.pirsf.hmmer3.PirsfHmmer3RawMatchParser:129] WARN - Couldn't parse the given raw match line, because it is of an unexpected format.
2023-06-24 18:42:56,890 [amqEmbeddedWorkerJmsContainer-14] [uk.ac.ebi.interpro.scan.io.pirsf.hmmer3.PirsfHmmer3RawMatchParser:130] WARN - Unexpected Raw match line: Query sequence: 465 matches PIRSF000724: Phosphoglycerate kinase
2023-06-24 18:42:56,890 [amqEmbeddedWorkerJmsContainer-14] [uk.ac.ebi.interpro.scan.io.pirsf.hmmer3.PirsfHmmer3RawMatchParser:129] WARN - Couldn't parse the given raw match line, because it is of an unexpected format.
2023-06-24 18:42:56,890 [amqEmbeddedWorkerJmsContainer-14] [uk.ac.ebi.interpro.scan.io.pirsf.hmmer3.PirsfHmmer3RawMatchParser:130] WARN - Unexpected Raw match line: #    score  bias  c-Evalue  i-Evalue hmmfrom  hmm to    alifrom  ali to    envfrom  env to     acc
2023-06-24 18:42:56,890 [amqEmbeddedWorkerJmsContainer-14] [uk.ac.ebi.interpro.scan.io.pirsf.hmmer3.PirsfHmmer3RawMatchParser:129] WARN - Couldn't parse the given raw match line, because it is of an unexpected format.
2023-06-24 18:42:56,890 [amqEmbeddedWorkerJmsContainer-14] [uk.ac.ebi.interpro.scan.io.pirsf.hmmer3.PirsfHmmer3RawMatchParser:130] WARN - Unexpected Raw match line: 1 !  403.0   0.2  6.6e-125  4.1e-122       4     404 ..       7     402 .]       5     402 .] 0.94
2023-06-24 18:42:56,890 [amqEmbeddedWorkerJmsContainer-14] [uk.ac.ebi.interpro.scan.io.pirsf.hmmer3.PirsfHmmer3RawMatchParser:129] WARN - Couldn't parse the given raw match line, because it is of an unexpected format.
2023-06-24 18:42:56,890 [amqEmbeddedWorkerJmsContainer-14] [uk.ac.ebi.interpro.scan.io.pirsf.hmmer3.PirsfHmmer3RawMatchParser:130] WARN - Unexpected Raw match line: Query sequence: 485 matches PIRSF006553: Type II DNA topoisomerase VI, subunit B
2023-06-24 18:42:56,890 [amqEmbeddedWorkerJmsContainer-14] [uk.ac.ebi.interpro.scan.io.pirsf.hmmer3.PirsfHmmer3RawMatchParser:129] WARN - Couldn't parse the given raw match line, because it is of an unexpected format.
2023-06-24 18:42:56,890 [amqEmbeddedWorkerJmsContainer-14] [uk.ac.ebi.interpro.scan.io.pirsf.hmmer3.PirsfHmmer3RawMatchParser:130] WARN - Unexpected Raw match line: #    score  bias  c-Evalue  i-Evalue hmmfrom  hmm to    alifrom  ali to    envfrom  env to     acc
2023-06-24 18:42:56,890 [amqEmbeddedWorkerJmsContainer-14] [uk.ac.ebi.interpro.scan.io.pirsf.hmmer3.PirsfHmmer3RawMatchParser:129] WARN - Couldn't parse the given raw match line, because it is of an unexpected format.
2023-06-24 18:42:56,890 [amqEmbeddedWorkerJmsContainer-14] [uk.ac.ebi.interpro.scan.io.pirsf.hmmer3.PirsfHmmer3RawMatchParser:130] WARN - Unexpected Raw match line: 1 !  708.7   7.4  6.9e-217  1.4e-214       4     519 ..      38     570 ..      35     596 .. 0.94
2023-06-24 18:42:56,890 [amqEmbeddedWorkerJmsContainer-14] [uk.ac.ebi.interpro.scan.io.pirsf.hmmer3.PirsfHmmer3RawMatchParser:129] WARN - Couldn't parse the given raw match line, because it is of an unexpected format.
2023-06-24 18:42:56,890 [amqEmbeddedWorkerJmsContainer-14] [uk.ac.ebi.interpro.scan.io.pirsf.hmmer3.PirsfHmmer3RawMatchParser:130] WARN - Unexpected Raw match line: Query sequence: 502 matches PIRSF001400: Enolase
2023-06-24 18:42:56,890 [amqEmbeddedWorkerJmsContainer-14] [uk.ac.ebi.interpro.scan.io.pirsf.hmmer3.PirsfHmmer3RawMatchParser:129] WARN - Couldn't parse the given raw match line, because it is of an unexpected format.
2023-06-24 18:42:56,890 [amqEmbeddedWorkerJmsContainer-14] [uk.ac.ebi.interpro.scan.io.pirsf.hmmer3.PirsfHmmer3RawMatchParser:130] WARN - Unexpected Raw match line: #    score  bias  c-Evalue  i-Evalue hmmfrom  hmm to    alifrom  ali to    envfrom  env to     acc
2023-06-24 18:42:56,891 [amqEmbeddedWorkerJmsContainer-14] [uk.ac.ebi.interpro.scan.io.pirsf.hmmer3.PirsfHmmer3RawMatchParser:129] WARN - Couldn't parse the given raw match line, because it is of an unexpected format.
2023-06-24 18:42:56,891 [amqEmbeddedWorkerJmsContainer-14] [uk.ac.ebi.interpro.scan.io.pirsf.hmmer3.PirsfHmmer3RawMatchParser:130] WARN - Unexpected Raw match line: 1 !  591.2   0.0  5.4e-182  3.4e-179       2     424 ..      22     448 ..      21     451 .. 0.97
2023-06-24 18:42:56,891 [amqEmbeddedWorkerJmsContainer-14] [uk.ac.ebi.interpro.scan.io.pirsf.hmmer3.PirsfHmmer3RawMatchParser:129] WARN - Couldn't parse the given raw match line, because it is of an unexpected format.
2023-06-24 18:42:56,891 [amqEmbeddedWorkerJmsContainer-14] [uk.ac.ebi.interpro.scan.io.pirsf.hmmer3.PirsfHmmer3RawMatchParser:130] WARN - Unexpected Raw match line: Query sequence: 508 matches PIRSF016275: DNA polymerase II, large subunit, Euryarchaea type
2023-06-24 18:42:56,891 [amqEmbeddedWorkerJmsContainer-14] [uk.ac.ebi.interpro.scan.io.pirsf.hmmer3.PirsfHmmer3RawMatchParser:129] WARN - Couldn't parse the given raw match line, because it is of an unexpected format.
2023-06-24 18:42:56,891 [amqEmbeddedWorkerJmsContainer-14] [uk.ac.ebi.interpro.scan.io.pirsf.hmmer3.PirsfHmmer3RawMatchParser:130] WARN - Unexpected Raw match line: #    score  bias  c-Evalue  i-Evalue hmmfrom  hmm to    alifrom  ali to    envfrom  env to     acc
2023-06-24 18:42:56,891 [amqEmbeddedWorkerJmsContainer-14] [uk.ac.ebi.interpro.scan.io.pirsf.hmmer3.PirsfHmmer3RawMatchParser:129] WARN - Couldn't parse the given raw match line, because it is of an unexpected format.
2023-06-24 18:42:56,891 [amqEmbeddedWorkerJmsContainer-14] [uk.ac.ebi.interpro.scan.io.pirsf.hmmer3.PirsfHmmer3RawMatchParser:130] WARN - Unexpected Raw match line: 1 ! 1263.2   0.1         0         0       9    1103 ..       7    1198 ..       1    1202 [] 0.91
2023-06-24 18:42:56,891 [amqEmbeddedWorkerJmsContainer-14] [uk.ac.ebi.interpro.scan.io.pirsf.hmmer3.PirsfHmmer3RawMatchParser:129] WARN - Couldn't parse the given raw match line, because it is of an unexpected format.
2023-06-24 18:42:56,891 [amqEmbeddedWorkerJmsContainer-14] [uk.ac.ebi.interpro.scan.io.pirsf.hmmer3.PirsfHmmer3RawMatchParser:130] WARN - Unexpected Raw match line: Query sequence: 510 matches PIRSF005856: DNA repair and recombination protein, Rad51 type
2023-06-24 18:42:56,891 [amqEmbeddedWorkerJmsContainer-14] [uk.ac.ebi.interpro.scan.io.pirsf.hmmer3.PirsfHmmer3RawMatchParser:129] WARN - Couldn't parse the given raw match line, because it is of an unexpected format.
2023-06-24 18:42:56,891 [amqEmbeddedWorkerJmsContainer-14] [uk.ac.ebi.interpro.scan.io.pirsf.hmmer3.PirsfHmmer3RawMatchParser:130] WARN - Unexpected Raw match line: #    score  bias  c-Evalue  i-Evalue hmmfrom  hmm to    alifrom  ali to    envfrom  env to     acc
2023-06-24 18:42:56,891 [amqEmbeddedWorkerJmsContainer-14] [uk.ac.ebi.interpro.scan.io.pirsf.hmmer3.PirsfHmmer3RawMatchParser:129] WARN - Couldn't parse the given raw match line, because it is of an unexpected format.
2023-06-24 18:42:56,891 [amqEmbeddedWorkerJmsContainer-14] [uk.ac.ebi.interpro.scan.io.pirsf.hmmer3.PirsfHmmer3RawMatchParser:130] WARN - Unexpected Raw match line: 1 !  400.6   0.1  2.6e-124  1.6e-121       7     322 ..      40     351 ..      28     352 .] 0.96
2023-06-24 18:42:56,891 [amqEmbeddedWorkerJmsContainer-14] [uk.ac.ebi.interpro.scan.io.pirsf.hmmer3.PirsfHmmer3RawMatchParser:129] WARN - Couldn't parse the given raw match line, because it is of an unexpected format.
2023-06-24 18:42:56,891 [amqEmbeddedWorkerJmsContainer-14] [uk.ac.ebi.interpro.scan.io.pirsf.hmmer3.PirsfHmmer3RawMatchParser:130] WARN - Unexpected Raw match line: Query sequence: 532 matches PIRSF001109: Adenosylhomocysteine hydrolase, SAHH type
2023-06-24 18:42:56,891 [amqEmbeddedWorkerJmsContainer-14] [uk.ac.ebi.interpro.scan.io.pirsf.hmmer3.PirsfHmmer3RawMatchParser:129] WARN - Couldn't parse the given raw match line, because it is of an unexpected format.
2023-06-24 18:42:56,892 [amqEmbeddedWorkerJmsContainer-14] [uk.ac.ebi.interpro.scan.io.pirsf.hmmer3.PirsfHmmer3RawMatchParser:130] WARN - Unexpected Raw match line: #    score  bias  c-Evalue  i-Evalue hmmfrom  hmm to    alifrom  ali to    envfrom  env to     acc
2023-06-24 18:42:56,892 [amqEmbeddedWorkerJmsContainer-14] [uk.ac.ebi.interpro.scan.io.pirsf.hmmer3.PirsfHmmer3RawMatchParser:129] WARN - Couldn't parse the given raw match line, because it is of an unexpected format.
2023-06-24 18:42:56,892 [amqEmbeddedWorkerJmsContainer-14] [uk.ac.ebi.interpro.scan.io.pirsf.hmmer3.PirsfHmmer3RawMatchParser:130] WARN - Unexpected Raw match line: 1 !  604.2   1.6  6.4e-186    4e-183      13     430 ..      13     428 .]       5     428 .] 0.99
2023-06-24 18:42:56,892 [amqEmbeddedWorkerJmsContainer-14] [uk.ac.ebi.interpro.scan.io.pirsf.hmmer3.PirsfHmmer3RawMatchParser:129] WARN - Couldn't parse the given raw match line, because it is of an unexpected format.
2023-06-24 18:42:56,892 [amqEmbeddedWorkerJmsContainer-14] [uk.ac.ebi.interpro.scan.io.pirsf.hmmer3.PirsfHmmer3RawMatchParser:130] WARN - Unexpected Raw match line: Query sequence: 537 matches PIRSF004869: Predicted pyruvate-formate lyase-activating enzyme
2023-06-24 18:42:56,892 [amqEmbeddedWorkerJmsContainer-14] [uk.ac.ebi.interpro.scan.io.pirsf.hmmer3.PirsfHmmer3RawMatchParser:129] WARN - Couldn't parse the given raw match line, because it is of an unexpected format.
2023-06-24 18:42:56,892 [amqEmbeddedWorkerJmsContainer-14] [uk.ac.ebi.interpro.scan.io.pirsf.hmmer3.PirsfHmmer3RawMatchParser:130] WARN - Unexpected Raw match line: #    score  bias  c-Evalue  i-Evalue hmmfrom  hmm to    alifrom  ali to    envfrom  env to     acc
2023-06-24 18:42:56,892 [amqEmbeddedWorkerJmsContainer-14] [uk.ac.ebi.interpro.scan.io.pirsf.hmmer3.PirsfHmmer3RawMatchParser:129] WARN - Couldn't parse the given raw match line, because it is of an unexpected format.
2023-06-24 18:42:56,892 [amqEmbeddedWorkerJmsContainer-14] [uk.ac.ebi.interpro.scan.io.pirsf.hmmer3.PirsfHmmer3RawMatchParser:130] WARN - Unexpected Raw match line: 1 !  340.8   4.7  1.5e-105  1.9e-103       8     314 ..       7     341 ..       1     342 [. 0.95
2023-06-24 18:42:56,892 [amqEmbeddedWorkerJmsContainer-14] [uk.ac.ebi.interpro.scan.io.pirsf.hmmer3.PirsfHmmer3RawMatchParser:129] WARN - Couldn't parse the given raw match line, because it is of an unexpected format.
2023-06-24 18:42:56,892 [amqEmbeddedWorkerJmsContainer-14] [uk.ac.ebi.interpro.scan.io.pirsf.hmmer3.PirsfHmmer3RawMatchParser:130] WARN - Unexpected Raw match line: Query sequence: 547 matches PIRSF006603: Probable multidrug resistance protein
2023-06-24 18:42:56,892 [amqEmbeddedWorkerJmsContainer-14] [uk.ac.ebi.interpro.scan.io.pirsf.hmmer3.PirsfHmmer3RawMatchParser:129] WARN - Couldn't parse the given raw match line, because it is of an unexpected format.
2023-06-24 18:42:56,892 [amqEmbeddedWorkerJmsContainer-14] [uk.ac.ebi.interpro.scan.io.pirsf.hmmer3.PirsfHmmer3RawMatchParser:130] WARN - Unexpected Raw match line: #    score  bias  c-Evalue  i-Evalue hmmfrom  hmm to    alifrom  ali to    envfrom  env to     acc
2023-06-24 18:42:56,892 [amqEmbeddedWorkerJmsContainer-14] [uk.ac.ebi.interpro.scan.io.pirsf.hmmer3.PirsfHmmer3RawMatchParser:129] WARN - Couldn't parse the given raw match line, because it is of an unexpected format.
2023-06-24 18:42:56,892 [amqEmbeddedWorkerJmsContainer-14] [uk.ac.ebi.interpro.scan.io.pirsf.hmmer3.PirsfHmmer3RawMatchParser:130] WARN - Unexpected Raw match line: 1 !  394.4  52.6    3e-122  1.9e-119      18     456 ..      22     455 ..      10     461 .. 0.97
2023-06-24 18:42:56,892 [amqEmbeddedWorkerJmsContainer-14] [uk.ac.ebi.interpro.scan.io.pirsf.hmmer3.PirsfHmmer3RawMatchParser:129] WARN - Couldn't parse the given raw match line, because it is of an unexpected format.
2023-06-24 18:42:56,892 [amqEmbeddedWorkerJmsContainer-14] [uk.ac.ebi.interpro.scan.io.pirsf.hmmer3.PirsfHmmer3RawMatchParser:130] WARN - Unexpected Raw match line: Query sequence: 570 matches PIRSF001220: L-asparaginase/Glutamyl-tRNA(Gln) amidotransferase subunit D
2023-06-24 18:42:56,892 [amqEmbeddedWorkerJmsContainer-14] [uk.ac.ebi.interpro.scan.io.pirsf.hmmer3.PirsfHmmer3RawMatchParser:129] WARN - Couldn't parse the given raw match line, because it is of an unexpected format.
2023-06-24 18:42:56,893 [amqEmbeddedWorkerJmsContainer-14] [uk.ac.ebi.interpro.scan.io.pirsf.hmmer3.PirsfHmmer3RawMatchParser:130] WARN - Unexpected Raw match line: #    score  bias  c-Evalue  i-Evalue hmmfrom  hmm to    alifrom  ali to    envfrom  env to     acc
2023-06-24 18:42:56,893 [amqEmbeddedWorkerJmsContainer-14] [uk.ac.ebi.interpro.scan.io.pirsf.hmmer3.PirsfHmmer3RawMatchParser:129] WARN - Couldn't parse the given raw match line, because it is of an unexpected format.
2023-06-24 18:42:56,893 [amqEmbeddedWorkerJmsContainer-14] [uk.ac.ebi.interpro.scan.io.pirsf.hmmer3.PirsfHmmer3RawMatchParser:130] WARN - Unexpected Raw match line: 1 !  254.8   0.1   1.3e-79   4.1e-77       3     331 .]     117     473 ..     115     473 .. 0.91
2023-06-24 18:42:56,893 [amqEmbeddedWorkerJmsContainer-14] [uk.ac.ebi.interpro.scan.io.pirsf.hmmer3.PirsfHmmer3RawMatchParser:129] WARN - Couldn't parse the given raw match line, because it is of an unexpected format.
2023-06-24 18:42:56,893 [amqEmbeddedWorkerJmsContainer-14] [uk.ac.ebi.interpro.scan.io.pirsf.hmmer3.PirsfHmmer3RawMatchParser:130] WARN - Unexpected Raw match line: and matches Sub-Family PIRSF500176: L-asparaginase/L-glutaminase
2023-06-24 18:42:56,893 [amqEmbeddedWorkerJmsContainer-14] [uk.ac.ebi.interpro.scan.io.pirsf.hmmer3.PirsfHmmer3RawMatchParser:129] WARN - Couldn't parse the given raw match line, because it is of an unexpected format.
2023-06-24 18:42:56,893 [amqEmbeddedWorkerJmsContainer-14] [uk.ac.ebi.interpro.scan.io.pirsf.hmmer3.PirsfHmmer3RawMatchParser:130] WARN - Unexpected Raw match line: #    score  bias  c-Evalue  i-Evalue hmmfrom  hmm to    alifrom  ali to    envfrom  env to     acc
2023-06-24 18:42:56,893 [amqEmbeddedWorkerJmsContainer-14] [uk.ac.ebi.interpro.scan.io.pirsf.hmmer3.PirsfHmmer3RawMatchParser:129] WARN - Couldn't parse the given raw match line, because it is of an unexpected format.
2023-06-24 18:42:56,893 [amqEmbeddedWorkerJmsContainer-14] [uk.ac.ebi.interpro.scan.io.pirsf.hmmer3.PirsfHmmer3RawMatchParser:130] WARN - Unexpected Raw match line: 1 !  211.2   0.1   2.6e-66   8.2e-64       2     330 .]     118     471 ..     117     471 .. 0.90
2023-06-24 18:42:56,893 [amqEmbeddedWorkerJmsContainer-14] [uk.ac.ebi.interpro.scan.io.pirsf.hmmer3.PirsfHmmer3RawMatchParser:129] WARN - Couldn't parse the given raw match line, because it is of an unexpected format.
2023-06-24 18:42:56,893 [amqEmbeddedWorkerJmsContainer-14] [uk.ac.ebi.interpro.scan.io.pirsf.hmmer3.PirsfHmmer3RawMatchParser:130] WARN - Unexpected Raw match line: Query sequence: 573 matches PIRSF006769: Riboflavin biosynthesis protein RibD
2023-06-24 18:42:56,893 [amqEmbeddedWorkerJmsContainer-14] [uk.ac.ebi.interpro.scan.io.pirsf.hmmer3.PirsfHmmer3RawMatchParser:129] WARN - Couldn't parse the given raw match line, because it is of an unexpected format.
2023-06-24 18:42:56,893 [amqEmbeddedWorkerJmsContainer-14] [uk.ac.ebi.interpro.scan.io.pirsf.hmmer3.PirsfHmmer3RawMatchParser:130] WARN - Unexpected Raw match line: #    score  bias  c-Evalue  i-Evalue hmmfrom  hmm to    alifrom  ali to    envfrom  env to     acc
2023-06-24 18:42:56,893 [amqEmbeddedWorkerJmsContainer-14] [uk.ac.ebi.interpro.scan.io.pirsf.hmmer3.PirsfHmmer3RawMatchParser:129] WARN - Couldn't parse the given raw match line, because it is of an unexpected format.
2023-06-24 18:42:56,893 [amqEmbeddedWorkerJmsContainer-14] [uk.ac.ebi.interpro.scan.io.pirsf.hmmer3.PirsfHmmer3RawMatchParser:130] WARN - Unexpected Raw match line: 1 !  349.7   0.0  9.5e-109  5.9e-106       4     365 ..      16     379 ..      13     385 .. 0.89
2023-06-24 18:42:56,893 [amqEmbeddedWorkerJmsContainer-14] [uk.ac.ebi.interpro.scan.io.pirsf.hmmer3.PirsfHmmer3RawMatchParser:129] WARN - Couldn't parse the given raw match line, because it is of an unexpected format.
2023-06-24 18:42:56,894 [amqEmbeddedWorkerJmsContainer-14] [uk.ac.ebi.interpro.scan.io.pirsf.hmmer3.PirsfHmmer3RawMatchParser:130] WARN - Unexpected Raw match line: Query sequence: 592 matches PIRSF001220: L-asparaginase/Glutamyl-tRNA(Gln) amidotransferase subunit D
2023-06-24 18:42:56,894 [amqEmbeddedWorkerJmsContainer-14] [uk.ac.ebi.interpro.scan.io.pirsf.hmmer3.PirsfHmmer3RawMatchParser:129] WARN - Couldn't parse the given raw match line, because it is of an unexpected format.
2023-06-24 18:42:56,894 [amqEmbeddedWorkerJmsContainer-14] [uk.ac.ebi.interpro.scan.io.pirsf.hmmer3.PirsfHmmer3RawMatchParser:130] WARN - Unexpected Raw match line: #    score  bias  c-Evalue  i-Evalue hmmfrom  hmm to    alifrom  ali to    envfrom  env to     acc
2023-06-24 18:42:56,894 [amqEmbeddedWorkerJmsContainer-14] [uk.ac.ebi.interpro.scan.io.pirsf.hmmer3.PirsfHmmer3RawMatchParser:129] WARN - Couldn't parse the given raw match line, because it is of an unexpected format.
2023-06-24 18:42:56,894 [amqEmbeddedWorkerJmsContainer-14] [uk.ac.ebi.interpro.scan.io.pirsf.hmmer3.PirsfHmmer3RawMatchParser:130] WARN - Unexpected Raw match line: 1 !  125.4   0.1   3.2e-40   9.9e-38       3     211 ..      51     259 ..      49     291 .. 0.81
2023-06-24 18:42:56,894 [amqEmbeddedWorkerJmsContainer-14] [uk.ac.ebi.interpro.scan.io.pirsf.hmmer3.PirsfHmmer3RawMatchParser:129] WARN - Couldn't parse the given raw match line, because it is of an unexpected format.
2023-06-24 18:42:56,894 [amqEmbeddedWorkerJmsContainer-14] [uk.ac.ebi.interpro.scan.io.pirsf.hmmer3.PirsfHmmer3RawMatchParser:130] WARN - Unexpected Raw match line: 2 !   24.0   0.0   2.2e-09     7e-07     254     330 ..     332     407 ..     322     408 .. 0.76
2023-06-24 18:42:56,894 [amqEmbeddedWorkerJmsContainer-14] [uk.ac.ebi.interpro.scan.io.pirsf.hmmer3.PirsfHmmer3RawMatchParser:129] WARN - Couldn't parse the given raw match line, because it is of an unexpected format.
2023-06-24 18:42:56,894 [amqEmbeddedWorkerJmsContainer-14] [uk.ac.ebi.interpro.scan.io.pirsf.hmmer3.PirsfHmmer3RawMatchParser:130] WARN - Unexpected Raw match line: and matches Sub-Family PIRSF500176: L-asparaginase/L-glutaminase
2023-06-24 18:42:56,894 [amqEmbeddedWorkerJmsContainer-14] [uk.ac.ebi.interpro.scan.io.pirsf.hmmer3.PirsfHmmer3RawMatchParser:129] WARN - Couldn't parse the given raw match line, because it is of an unexpected format.
2023-06-24 18:42:56,894 [amqEmbeddedWorkerJmsContainer-14] [uk.ac.ebi.interpro.scan.io.pirsf.hmmer3.PirsfHmmer3RawMatchParser:130] WARN - Unexpected Raw match line: #    score  bias  c-Evalue  i-Evalue hmmfrom  hmm to    alifrom  ali to    envfrom  env to     acc
2023-06-24 18:42:56,894 [amqEmbeddedWorkerJmsContainer-14] [uk.ac.ebi.interpro.scan.io.pirsf.hmmer3.PirsfHmmer3RawMatchParser:129] WARN - Couldn't parse the given raw match line, because it is of an unexpected format.
2023-06-24 18:42:56,894 [amqEmbeddedWorkerJmsContainer-14] [uk.ac.ebi.interpro.scan.io.pirsf.hmmer3.PirsfHmmer3RawMatchParser:130] WARN - Unexpected Raw match line: 1 !  126.4   0.0   1.6e-40   5.1e-38       2     217 ..      52     279 ..      51     291 .. 0.90
2023-06-24 18:42:56,894 [amqEmbeddedWorkerJmsContainer-14] [uk.ac.ebi.interpro.scan.io.pirsf.hmmer3.PirsfHmmer3RawMatchParser:129] WARN - Couldn't parse the given raw match line, because it is of an unexpected format.
2023-06-24 18:42:56,894 [amqEmbeddedWorkerJmsContainer-14] [uk.ac.ebi.interpro.scan.io.pirsf.hmmer3.PirsfHmmer3RawMatchParser:130] WARN - Unexpected Raw match line: 2 !   22.4   0.0   7.5e-09   2.3e-06     253     330 .]     332     406 ..     323     406 .. 0.83
2023-06-24 18:42:56,894 [amqEmbeddedWorkerJmsContainer-14] [uk.ac.ebi.interpro.scan.io.pirsf.hmmer3.PirsfHmmer3RawMatchParser:129] WARN - Couldn't parse the given raw match line, because it is of an unexpected format.
2023-06-24 18:42:56,895 [amqEmbeddedWorkerJmsContainer-14] [uk.ac.ebi.interpro.scan.io.pirsf.hmmer3.PirsfHmmer3RawMatchParser:130] WARN - Unexpected Raw match line: Query sequence: 603 matches PIRSF037307: Predicted Lhr-like ATP-dependent RNA helicase
2023-06-24 18:42:56,895 [amqEmbeddedWorkerJmsContainer-14] [uk.ac.ebi.interpro.scan.io.pirsf.hmmer3.PirsfHmmer3RawMatchParser:129] WARN - Couldn't parse the given raw match line, because it is of an unexpected format.
2023-06-24 18:42:56,895 [amqEmbeddedWorkerJmsContainer-14] [uk.ac.ebi.interpro.scan.io.pirsf.hmmer3.PirsfHmmer3RawMatchParser:130] WARN - Unexpected Raw match line: #    score  bias  c-Evalue  i-Evalue hmmfrom  hmm to    alifrom  ali to    envfrom  env to     acc
2023-06-24 18:42:56,895 [amqEmbeddedWorkerJmsContainer-14] [uk.ac.ebi.interpro.scan.io.pirsf.hmmer3.PirsfHmmer3RawMatchParser:129] WARN - Couldn't parse the given raw match line, because it is of an unexpected format.
2023-06-24 18:42:56,895 [amqEmbeddedWorkerJmsContainer-14] [uk.ac.ebi.interpro.scan.io.pirsf.hmmer3.PirsfHmmer3RawMatchParser:130] WARN - Unexpected Raw match line: 1 !  822.5   8.6  1.6e-250  1.7e-248      12     817 ..      34     874 ..      20     877 .. 0.95
2023-06-24 18:42:56,895 [amqEmbeddedWorkerJmsContainer-14] [uk.ac.ebi.interpro.scan.io.pirsf.hmmer3.PirsfHmmer3RawMatchParser:129] WARN - Couldn't parse the given raw match line, because it is of an unexpected format.
2023-06-24 18:42:56,895 [amqEmbeddedWorkerJmsContainer-14] [uk.ac.ebi.interpro.scan.io.pirsf.hmmer3.PirsfHmmer3RawMatchParser:130] WARN - Unexpected Raw match line: Query sequence: 87 matches PIRSF001434: Cystathionine gamma-synthase
2023-06-24 18:42:56,895 [amqEmbeddedWorkerJmsContainer-14] [uk.ac.ebi.interpro.scan.io.pirsf.hmmer3.PirsfHmmer3RawMatchParser:129] WARN - Couldn't parse the given raw match line, because it is of an unexpected format.
2023-06-24 18:42:56,895 [amqEmbeddedWorkerJmsContainer-14] [uk.ac.ebi.interpro.scan.io.pirsf.hmmer3.PirsfHmmer3RawMatchParser:130] WARN - Unexpected Raw match line: #    score  bias  c-Evalue  i-Evalue hmmfrom  hmm to    alifrom  ali to    envfrom  env to     acc
2023-06-24 18:42:56,895 [amqEmbeddedWorkerJmsContainer-14] [uk.ac.ebi.interpro.scan.io.pirsf.hmmer3.PirsfHmmer3RawMatchParser:129] WARN - Couldn't parse the given raw match line, because it is of an unexpected format.
2023-06-24 18:42:56,895 [amqEmbeddedWorkerJmsContainer-14] [uk.ac.ebi.interpro.scan.io.pirsf.hmmer3.PirsfHmmer3RawMatchParser:130] WARN - Unexpected Raw match line: 1 !  176.3   0.0   4.5e-56   2.8e-53      57     405 ..      78     447 ..      51     448 .. 0.83
24/06/2023 18:56:13:798 100% done:  InterProScan analyses completed 

2023-06-24 18:56:14,301 [main] [uk.ac.ebi.interpro.scan.jms.master.AbstractMaster:259] WARN - Master process unable to delete temporary directory /projects/raw_lab/jobs/metacerberus/temp/str-c99.uncc.edu_20230624_183755420_7p0t
4950.87user 397.26system 18:23.41elapsed 484%CPU (0avgtext+0avgdata 3445352maxresident)k
2478032inputs+1686608outputs (633major+25767931minor)pagefaults 0swaps

======================================================
End Time   : Sat Jun 24 18:56:14 EDT 2023
Run Time   : 1104 seconds
======================================================

