=====================================================
Start Time  : Wed Jun 28 12:03:03 EDT 2023
Submit Dir  : /projects/raw_lab/jobs/metacerberus
Job ID/Name : 4041494 / PROKKA
Node List   : str-c100
Num Tasks   : 1 total [1 nodes @ 16 CPUs/node]
======================================================

Loading prokka/1.14.6
  Loading requirement: anaconda3/2022.10
======================================================
Running PROKKA On GTDB-100/genomes/archaea/GCA_023457135.1.fna
======================================================
Archaea
[12:03:06] This is prokka 1.14.6
[12:03:06] Written by Torsten Seemann <torsten.seemann@gmail.com>
[12:03:06] Homepage is https://github.com/tseemann/prokka
[12:03:06] Local time is Wed Jun 28 12:03:06 2023
[12:03:06] You are jlfiguer
[12:03:06] Operating system is linux
[12:03:06] You have BioPerl 1.7.8
Argument "1.7.8" isn't numeric in numeric lt (<) at /apps/pkg/anaconda3/2022.10/envs/prokka-1.14.6/bin/prokka line 259.
[12:03:06] System has 16 cores.
[12:03:06] Will use maximum of 16 cores.
[12:03:06] Annotating as >>> Archaea <<<
[12:03:06] Generating locus_tag from 'GTDB-100/genomes/archaea/GCA_023457135.1.fna' contents.
[12:03:06] Setting --locustag EHPDHKGA from MD5 e19d140a217249c3ace5bae481aa6309
[12:03:06] Creating new output folder: results/PROKKA/GTDB-100/genomes/archaea/GCA_023457135.1
[12:03:06] Running: mkdir -p results\/PROKKA\/GTDB\-100\/genomes\/archaea\/GCA_023457135\.1
[12:03:06] Using filename prefix: GCA_023457135.1.XXX
[12:03:06] Setting HMMER_NCPU=1
[12:03:06] Writing log to: results/PROKKA/GTDB-100/genomes/archaea/GCA_023457135.1/GCA_023457135.1.log
[12:03:06] Command: /apps/pkg/anaconda3/2022.10/envs/prokka-1.14.6/bin/prokka --prefix GCA_023457135.1 --outdir results/PROKKA/GTDB-100/genomes/archaea/GCA_023457135.1 --kingdom Archaea --cpus 16 GTDB-100/genomes/archaea/GCA_023457135.1.fna
[12:03:06] Appending to PATH: /apps/pkg/anaconda3/2022.10/envs/prokka-1.14.6/bin
[12:03:06] Looking for 'aragorn' - found /apps/pkg/anaconda3/2022.10/envs/prokka-1.14.6/bin/aragorn
[12:03:06] Determined aragorn version is 001002 from 'ARAGORN v1.2.41 Dean Laslett'
[12:03:06] Looking for 'barrnap' - found /apps/pkg/anaconda3/2022.10/envs/prokka-1.14.6/bin/barrnap
[12:03:06] Determined barrnap version is 000009 from 'barrnap 0.9'
[12:03:06] Looking for 'blastp' - found /apps/pkg/anaconda3/2022.10/envs/prokka-1.14.6/bin/blastp
[12:03:06] Determined blastp version is 002013 from 'blastp: 2.13.0+'
[12:03:06] Looking for 'cmpress' - found /apps/pkg/anaconda3/2022.10/envs/prokka-1.14.6/bin/cmpress
[12:03:06] Determined cmpress version is 001001 from '# INFERNAL 1.1.4 (Dec 2020)'
[12:03:06] Looking for 'cmscan' - found /apps/pkg/anaconda3/2022.10/envs/prokka-1.14.6/bin/cmscan
[12:03:06] Determined cmscan version is 001001 from '# INFERNAL 1.1.4 (Dec 2020)'
[12:03:06] Looking for 'egrep' - found /usr/bin/egrep
[12:03:06] Looking for 'find' - found /usr/bin/find
[12:03:06] Looking for 'grep' - found /usr/bin/grep
[12:03:06] Looking for 'hmmpress' - found /apps/pkg/anaconda3/2022.10/envs/prokka-1.14.6/bin/hmmpress
[12:03:06] Determined hmmpress version is 003003 from '# HMMER 3.3.2 (Nov 2020); http://hmmer.org/'
[12:03:06] Looking for 'hmmscan' - found /apps/pkg/anaconda3/2022.10/envs/prokka-1.14.6/bin/hmmscan
[12:03:06] Determined hmmscan version is 003003 from '# HMMER 3.3.2 (Nov 2020); http://hmmer.org/'
[12:03:06] Looking for 'java' - found /apps/pkg/anaconda3/2022.10/envs/prokka-1.14.6/bin/java
[12:03:06] Looking for 'makeblastdb' - found /apps/pkg/anaconda3/2022.10/envs/prokka-1.14.6/bin/makeblastdb
[12:03:06] Determined makeblastdb version is 002013 from 'makeblastdb: 2.13.0+'
[12:03:06] Looking for 'minced' - found /apps/pkg/anaconda3/2022.10/envs/prokka-1.14.6/bin/minced
[12:03:06] Determined minced version is 004002 from 'minced 0.4.2'
[12:03:06] Looking for 'parallel' - found /apps/pkg/anaconda3/2022.10/envs/prokka-1.14.6/bin/parallel
[12:03:06] Determined parallel version is 20230122 from 'GNU parallel 20230122'
[12:03:06] Looking for 'prodigal' - found /apps/pkg/anaconda3/2022.10/envs/prokka-1.14.6/bin/prodigal
[12:03:06] Determined prodigal version is 002006 from 'Prodigal V2.6.3: February, 2016'
[12:03:06] Looking for 'prokka-genbank_to_fasta_db' - found /apps/pkg/anaconda3/2022.10/envs/prokka-1.14.6/bin/prokka-genbank_to_fasta_db
[12:03:06] Looking for 'sed' - found /usr/bin/sed
[12:03:06] Looking for 'tbl2asn' - found /apps/pkg/anaconda3/2022.10/envs/prokka-1.14.6/bin/tbl2asn
[12:03:06] Determined tbl2asn version is 025007 from 'tbl2asn 25.7   arguments:'
[12:03:06] Using genetic code table 11.
[12:03:06] Loading and checking input file: GTDB-100/genomes/archaea/GCA_023457135.1.fna
[12:03:06] Wrote 185 contigs totalling 2410416 bp.
[12:03:06] Predicting tRNAs and tmRNAs
[12:03:06] Running: aragorn -l -gc11  -w results\/PROKKA\/GTDB\-100\/genomes\/archaea\/GCA_023457135\.1\/GCA_023457135\.1\.fna
[12:03:07] 1 tRNA-Met c[5916,5990] 36 (cat)
[12:03:07] 1 tRNA-Ser [30270,30359] 36 (cga)
[12:03:07] 1 tRNA-Arg c[5306,5384] 37 (cct)
[12:03:07] 2 tRNA-Glu [7858,7932] 37 (ctc)
[12:03:07] 1 tRNA-Leu [2473,2559] 38 (cag)
[12:03:07] 1 tRNA-Ser [3561,3646] 35 (tga)
[12:03:07] 1 tRNA-Arg [1142,1213] 34 (ccg)
[12:03:07] 1 tRNA-Glu c[13404,13479] 36 (ttc)
[12:03:07] 1 tRNA-Leu c[4135,4219] 37 (gag)
[12:03:07] 1 tRNA-Arg [28041,28112] 34 (tcg)
[12:03:07] 1 tRNA-Thr c[21,94] 34 (ggt)
[12:03:07] 2 tRNA-Phe c[199,273] 35 (gaa)
[12:03:07] 3 tRNA-Arg c[5522,5596] 36 (tct)
[12:03:07] 1 tRNA-Pro c[1080,1157] 38 (tgg)
[12:03:07] 1 tRNA-Leu c[1767,1851] 37 (taa)
[12:03:07] 1 tRNA-Val c[17625,17698] 35 (tac)
[12:03:07] 1 tRNA-Leu [11916,11998] 35 (caa)
[12:03:07] 1 tRNA-Asp [6027,6102] 36 (gtc)
[12:03:07] 1 tRNA-Lys c[14220,14293] 35 (ttt)
[12:03:07] 2 tRNA-Pro [17391,17464] 36 (ggg)
[12:03:07] 1 tRNA-Gly [15124,15194] 33 (ccc)
[12:03:07] 2 tRNA-Thr [22535,22606] 33 (cgt)
[12:03:07] tRNA c[9088,9175] is a pseudo/wacky gene - skipping.
[12:03:07] 1 tRNA-Ala [1376,1449] 34 (cgc)
[12:03:07] 1 tRNA-Arg [29675,29749] 36 (tct)
[12:03:07] 1 tRNA-Cys [245,316] 33 (gca)
[12:03:07] 2 tRNA-Pro c[16199,16273] 37 (cgg)
[12:03:07] 3 tRNA-Ser c[19972,20057] 35 (gct)
[12:03:07] 1 tRNA-Arg [14703,14776] 35 (gcg)
[12:03:07] 1 tRNA-Thr [3354,3428] 35 (ggt)
[12:03:07] 1 tRNA-Leu [1805,1890] 37 (tag)
[12:03:07] 1 tRNA-Ser c[5096,5183] 35 (gga)
[12:03:07] 2 tRNA-Gln c[11347,11421] 36 (ctg)
[12:03:07] 1 tRNA-Ile [13939,14011] 34 (gat)
[12:03:07] 2 tRNA-Ile [14239,14311] 34 (gat)
[12:03:07] 1 tRNA-Val c[22,95] 35 (gac)
[12:03:07] 1 tRNA-Met [1563,1637] 36 (cat)
[12:03:07] 1 tRNA-Lys c[11816,11892] 36 (ctt)
[12:03:07] 1 tRNA-Cys c[9090,9162] 33 (gca)
[12:03:07] 1 tRNA-His [7806,7878] 35 (gtg)
[12:03:07] 1 tRNA-Ala c[5832,5903] 33 (ggc)
[12:03:07] 1 tRNA-Asn c[259,333] 35 (gtt)
[12:03:07] 1 tRNA-Gln [12503,12576] 35 (ttg)
[12:03:07] 1 tRNA-Glu [328,402] 36 (ttc)
[12:03:07] 1 tRNA-Thr c[6725,6797] 34 (tgt)
[12:03:07] Found 44 tRNAs
[12:03:07] Predicting Ribosomal RNAs
[12:03:07] Running Barrnap with 16 threads
[12:03:08] 1 JAEWMO010000101.1 26 5S ribosomal RNA
[12:03:08] 2 JAEWMO010000101.1 463 5S ribosomal RNA
[12:03:08] Found 2 rRNAs
[12:03:08] Skipping ncRNA search, enable with --rfam if desired.
[12:03:08] Total of 46 tRNA + rRNA features
[12:03:08] Searching for CRISPR repeats
[12:03:08] Found 0 CRISPRs
[12:03:08] Predicting coding sequences
[12:03:08] Contigs total 2410416 bp, so using single mode
[12:03:08] Running: prodigal -i results\/PROKKA\/GTDB\-100\/genomes\/archaea\/GCA_023457135\.1\/GCA_023457135\.1\.fna -c -m -g 11 -p single -f sco -q
[12:03:14] Excluding CDS which overlaps existing RNA (tRNA) at JAEWMO010000043.1:27560..28048 on - strand
[12:03:14] Excluding CDS which overlaps existing RNA (tRNA) at JAEWMO010000073.1:17335..17679 on + strand
[12:03:15] Found 2429 CDS
[12:03:15] Connecting features back to sequences
[12:03:15] Not using genus-specific database. Try --usegenus to enable it.
[12:03:15] Annotating CDS, please be patient.
[12:03:15] Will use 16 CPUs for similarity searching.
[12:03:15] There are still 2429 unannotated CDS left (started with 2429)
[12:03:15] Will use blast to search against /apps/pkg/anaconda3/2022.10/envs/prokka-1.14.6/db/kingdom/Archaea/sprot with 16 CPUs
[12:03:15] Running: cat results\/PROKKA\/GTDB\-100\/genomes\/archaea\/GCA_023457135\.1\/GCA_023457135\.1\.sprot\.tmp\.398683\.faa | parallel --gnu --plain -j 16 --block 21877 --recstart '>' --pipe blastp -query - -db /apps/pkg/anaconda3/2022.10/envs/prokka-1.14.6/db/kingdom/Archaea/sprot -evalue 1e-09 -qcov_hsp_perc 80 -num_threads 1 -num_descriptions 1 -num_alignments 1 -seg no > results\/PROKKA\/GTDB\-100\/genomes\/archaea\/GCA_023457135\.1\/GCA_023457135\.1\.sprot\.tmp\.398683\.blast 2> /dev/null
[12:03:17] Modify product: Phosphodiesterase MJ0936 => Phosphodiesterase
[12:03:17] Modify product: Polyribonucleotide 5'-hydroxyl-kinase PH0197 => Polyribonucleotide 5'-hydroxyl-kinase
[12:03:17] Modify product: Uncharacterized protein MJ1187 => putative protein
[12:03:17] Modify product: Trk system potassium uptake protein TrkA homolog => Trk system potassium uptake protein TrkA 
[12:03:17] Modify product: Probable cobalt-precorrin-6B C(15)-methyltransferase (decarboxylating) => putative cobalt-precorrin-6B C(15)-methyltransferase (decarboxylating)
[12:03:17] Modify product: Uncharacterized protein AF_1403 => putative protein
[12:03:17] Modify product: Probable methanogenesis regulatory protein FilR2 => putative methanogenesis regulatory protein FilR2
[12:03:17] Modify product: HEAT repeat-containing taxis protein OE_2401F => HEAT repeat-containing taxis proteinF
[12:03:17] Modify product: Probable L-aspartate dehydrogenase => putative L-aspartate dehydrogenase
[12:03:17] Modify product: Uncharacterized protein MJ1480 => putative protein
[12:03:17] Modify product: Universal stress protein MJ0577 => Universal stress protein
[12:03:17] Modify product: UPF0107 protein AF_0055 => hypothetical protein
[12:03:17] Modify product: Iron-sulfur flavoprotein MJ1083 => Iron-sulfur flavoprotein
[12:03:17] Modify product: Probable aquaporin AqpM => putative aquaporin AqpM
[12:03:17] Modify product: Probable copper-exporting P-type ATPase => putative copper-exporting P-type ATPase
[12:03:17] Modify product: Uncharacterized ABC transporter ATP-binding protein MJ0796 => putative ABC transporter ATP-binding protein
[12:03:17] Modify product: Uncharacterized ABC transporter ATP-binding protein MJ0796 => putative ABC transporter ATP-binding protein
[12:03:17] Modify product: Iron-sulfur flavoprotein MJ1083 => Iron-sulfur flavoprotein
[12:03:17] Modify product: Uncharacterized HTH-type transcriptional regulator PH0140 => putative HTH-type transcriptional regulator
[12:03:17] Modify product: Ribosome maturation protein SDO1 homolog => Ribosome maturation protein SDO1 
[12:03:17] Modify product: Uncharacterized HTH-type transcriptional regulator PH1519 => putative HTH-type transcriptional regulator
[12:03:17] Modify product: ATP-dependent DNA helicase Ta0057 => ATP-dependent DNA helicase
[12:03:17] Modify product: Probable membrane-bound hydrogenase subunit mbhJ => putative membrane-bound hydrogenase subunit mbhJ
[12:03:17] Modify product: Uncharacterized protein AF_1796 => putative protein
[12:03:17] Modify product: Probable aspartokinase => putative aspartokinase
[12:03:17] Modify product: Iron-sulfur flavoprotein MJ1083 => Iron-sulfur flavoprotein
[12:03:17] Modify product: UPF0273 protein PH0284 => hypothetical protein
[12:03:17] Modify product: Zinc metalloprotease TldD homolog => Zinc metalloprotease TldD 
[12:03:17] Modify product: Bifunctional protein FolD => Bifunctional protein FolD protein
[12:03:17] Modify product: Uncharacterized protein MJ1225 => putative protein
[12:03:17] Modify product: Uncharacterized protein MJ1225 => putative protein
[12:03:17] Modify product: Uncharacterized protein MJ0922 => putative protein
[12:03:17] Modify product: Uncharacterized protein MJ1187 => putative protein
[12:03:17] Modify product: Damage-control phosphatase AF_1104 => Damage-control phosphatase
[12:03:17] Modify product: Probable tRNA pseudouridine synthase D => putative tRNA pseudouridine synthase D
[12:03:17] Modify product: Uncharacterized protein MJ0100 => putative protein
[12:03:17] Modify product: GTP cyclohydrolase 1 type 2 homolog => GTP cyclohydrolase 1 type 2 
[12:03:17] Modify product: UPF0310 protein MJECL36 => hypothetical protein
[12:03:17] Modify product: Protein pelota homolog => Protein pelota 
[12:03:17] Modify product: Putative FKBP-type peptidyl-prolyl cis-trans isomerase MJ0825 => Putative FKBP-type peptidyl-prolyl cis-trans isomerase
[12:03:17] Modify product: Universal stress protein MJ0577 => Universal stress protein
[12:03:17] Modify product: Probable tRNA pseudouridine synthase B => putative tRNA pseudouridine synthase B
[12:03:17] Modify product: Uncharacterized NOP5 family protein MJ0694 => putative NOP5 family protein
[12:03:18] Modify product: Uncharacterized metallohydrolase MMP1398 => putative metallohydrolase
[12:03:18] Modify product: Uncharacterized protein MJ1311 => putative protein
[12:03:18] Modify product: Iron-sulfur flavoprotein MJ1083 => Iron-sulfur flavoprotein
[12:03:18] Modify product: Uncharacterized ABC transporter ATP-binding protein MJ0796 => putative ABC transporter ATP-binding protein
[12:03:18] Modify product: Uncharacterized KH and PIN-domain containing protein MJ1533 => putative KH and PIN-domain containing protein
[12:03:18] Modify product: Uncharacterized protein MJ0609 => putative protein
[12:03:18] Modify product: Probable deoxyhypusine synthase => putative deoxyhypusine synthase
[12:03:18] Modify product: Uncharacterized ABC transporter ATP-binding protein MJ0796 => putative ABC transporter ATP-binding protein
[12:03:18] Modify product: Probable deoxyhypusine synthase => putative deoxyhypusine synthase
[12:03:18] Modify product: Uncharacterized ABC transporter ATP-binding protein MJ0796 => putative ABC transporter ATP-binding protein
[12:03:18] Modify product: Uncharacterized protein MTH_863 => putative protein MTH_863
[12:03:18] Modify product: Probable flippase AglR => putative flippase AglR
[12:03:18] Modify product: Zinc metalloprotease MJ0392 => Zinc metalloprotease
[12:03:18] Modify product: Probable copper-exporting P-type ATPase => putative copper-exporting P-type ATPase
[12:03:18] Modify product: Deglycase PH1704 => Deglycase
[12:03:18] Modify product: Probable molybdopterin synthase => putative molybdopterin synthase
[12:03:18] Modify product: Uncharacterized ABC transporter ATP-binding protein MJ0796 => putative ABC transporter ATP-binding protein
[12:03:18] Modify product: UPF0200/UPF0201 protein AF_1395 => hypothetical protein
[12:03:18] Modify product: Uncharacterized protein MJ1311 => putative protein
[12:03:18] Modify product: Uncharacterized protein MJ1198 => putative protein
[12:03:18] Modify product: Probable hydrogenase maturation factor HypB => putative hydrogenase maturation factor HypB
[12:03:18] Modify product: Probable translation initiation factor IF-2 => putative translation initiation factor IF-2
[12:03:18] Modify product: Probable ribosomal RNA small subunit methyltransferase A => putative ribosomal RNA small subunit methyltransferase A
[12:03:18] Modify product: Uncharacterized protein MJ0690 => putative protein
[12:03:18] Modify product: DNA-binding protein MTH_1615 => DNA-binding protein
[12:03:18] Modify product: Uncharacterized protein MJ1311 => putative protein
[12:03:18] Modify product: UPF0235 protein MTH_637 => hypothetical protein
[12:03:18] Modify product: HEAT repeat-containing taxis protein OE_2401F => HEAT repeat-containing taxis proteinF
[12:03:18] Modify product: Protein translation factor SUI1 homolog => Protein translation factor SUI1 
[12:03:18] Modify product: S-adenosyl-L-methionine-binding protein AF_0241 => S-adenosyl-L-methionine-binding protein
[12:03:18] Modify product: Probable membrane-bound hydrogenase subunit mbhJ => putative membrane-bound hydrogenase subunit mbhJ
[12:03:18] Modify product: Probable cyclic pyranopterin monophosphate synthase => putative cyclic pyranopterin monophosphate synthase
[12:03:18] Modify product: Protein MM_0484 => Protein
[12:03:18] Modify product: Probable 6-oxopurine nucleoside phosphorylase => putative 6-oxopurine nucleoside phosphorylase
[12:03:18] Modify product: Probable ribosome biogenesis protein SSO0551 => putative ribosome biogenesis protein
[12:03:18] Modify product: Probable metalloprotease HVO_1016 => putative metalloprotease
[12:03:18] Modify product: Uncharacterized isochorismatase family protein HVO_2328 => putative isochorismatase family protein
[12:03:18] Modify product: Uncharacterized protein AF_1796 => putative protein
[12:03:18] Modify product: UPF0284 protein PH0034 => hypothetical protein
[12:03:18] Modify product: Putative ammonium transporter MJ1343 => Putative ammonium transporter
[12:03:18] Modify product: Uncharacterized nitrogen regulatory PII-like protein MJ0059 => putative nitrogen regulatory PII-like protein
[12:03:18] Modify product: Probable branched-chain amino acid transport ATP-binding protein LivG => putative branched-chain amino acid transport ATP-binding protein LivG
[12:03:18] Modify product: Uncharacterized protein MJ0783 => putative protein
[12:03:18] Modify product: Probable bifunctional tRNA threonylcarbamoyladenosine biosynthesis protein => putative bifunctional tRNA threonylcarbamoyladenosine biosynthesis protein
[12:03:18] Cleaned 87 /product names
[12:03:18] Deleting unwanted file: results/PROKKA/GTDB-100/genomes/archaea/GCA_023457135.1/GCA_023457135.1.sprot.tmp.398683.faa
[12:03:18] Deleting unwanted file: results/PROKKA/GTDB-100/genomes/archaea/GCA_023457135.1/GCA_023457135.1.sprot.tmp.398683.blast
[12:03:18] There are still 1788 unannotated CDS left (started with 2429)
[12:03:18] Will use hmmer3 to search against /apps/pkg/anaconda3/2022.10/envs/prokka-1.14.6/db/hmm/HAMAP.hmm with 16 CPUs
[12:03:18] Running: cat results\/PROKKA\/GTDB\-100\/genomes\/archaea\/GCA_023457135\.1\/GCA_023457135\.1\.HAMAP\.hmm\.tmp\.398683\.faa | parallel --gnu --plain -j 16 --block 15658 --recstart '>' --pipe hmmscan --noali --notextw --acc -E 1e-09 --cpu 1 /apps/pkg/anaconda3/2022.10/envs/prokka-1.14.6/db/hmm/HAMAP.hmm /dev/stdin > results\/PROKKA\/GTDB\-100\/genomes\/archaea\/GCA_023457135\.1\/GCA_023457135\.1\.HAMAP\.hmm\.tmp\.398683\.hmmer3 2> /dev/null
[12:03:28] Deleting unwanted file: results/PROKKA/GTDB-100/genomes/archaea/GCA_023457135.1/GCA_023457135.1.HAMAP.hmm.tmp.398683.faa
[12:03:28] Deleting unwanted file: results/PROKKA/GTDB-100/genomes/archaea/GCA_023457135.1/GCA_023457135.1.HAMAP.hmm.tmp.398683.hmmer3
[12:03:28] Labelling remaining 1449 proteins as 'hypothetical protein'
[12:03:28] Possible /pseudo 'Sensor histidine kinase RcsC' at JAEWMO010000001.1 position 11840
[12:03:28] Possible /pseudo 'Potassium-transporting ATPase ATP-binding subunit' at JAEWMO010000020.1 position 6439
[12:03:28] Possible /pseudo 'Cobalt/magnesium transport protein CorA' at JAEWMO010000039.1 position 5449
[12:03:28] Possible /pseudo '2-amino-3,7-dideoxy-D-threo-hept-6-ulosonate synthase' at JAEWMO010000058.1 position 13340
[12:03:28] Possible /pseudo 'Circadian clock protein KaiB' at JAEWMO010000077.1 position 1259
[12:03:28] Possible /pseudo 'Protein-glutamate methylesterase/protein-glutamine glutaminase' at JAEWMO010000081.1 position 6515
[12:03:28] Possible /pseudo 'putative protein' at JAEWMO010000085.1 position 9233
[12:03:28] Possible /pseudo 'Phosphoenolpyruvate transferase' at JAEWMO010000097.1 position 8436
[12:03:28] Possible /pseudo 'D-inositol-3-phosphate glycosyltransferase' at JAEWMO010000108.1 position 9532
[12:03:28] Possible /pseudo 'Adaptive-response sensory-kinase SasA' at JAEWMO010000157.1 position 16230
[12:03:28] Possible /pseudo 'Adaptive-response sensory-kinase SasA' at JAEWMO010000157.1 position 18098
[12:03:28] Possible /pseudo 'Iron-sulfur cluster carrier protein' at JAEWMO010000158.1 position 6270
[12:03:28] Possible /pseudo 'Bifunctional protein GlmU' at JAEWMO010000185.1 position 9489
[12:03:28] Found 575 unique /gene codes.
[12:03:28] Fixed 2 duplicate /gene - cofD_1 cofD_2
[12:03:28] Fixed 2 duplicate /gene - lpdA_1 lpdA_2
[12:03:28] Fixed 2 duplicate /gene - tuf_1 tuf_2
[12:03:28] Fixed 2 duplicate /gene - samp3_1 samp3_2
[12:03:28] Fixed 2 duplicate /gene - pqqE_1 pqqE_2
[12:03:28] Fixed 3 duplicate /gene - treT_1 treT_2 treT_3
[12:03:28] Fixed 4 duplicate /gene - cheB_1 cheB_2 cheB_3 cheB_4
[12:03:28] Fixed 2 duplicate /gene - wecB_1 wecB_2
[12:03:28] Fixed 2 duplicate /gene - larC_1 larC_2
[12:03:28] Fixed 2 duplicate /gene - cofH_1 cofH_2
[12:03:28] Fixed 2 duplicate /gene - copA_1 copA_2
[12:03:28] Fixed 3 duplicate /gene - kdpB_1 kdpB_2 kdpB_3
[12:03:28] Fixed 2 duplicate /gene - hisC_1 hisC_2
[12:03:28] Fixed 2 duplicate /gene - argH_1 argH_2
[12:03:28] Fixed 2 duplicate /gene - fgd_1 fgd_2
[12:03:28] Fixed 3 duplicate /gene - glcV_1 glcV_2 glcV_3
[12:03:28] Fixed 2 duplicate /gene - purQ_1 purQ_2
[12:03:28] Fixed 2 duplicate /gene - uppS_1 uppS_2
[12:03:28] Fixed 3 duplicate /gene - corA_1 corA_2 corA_3
[12:03:28] Fixed 2 duplicate /gene - iscU2_1 iscU2_2
[12:03:28] Fixed 2 duplicate /gene - thiI_1 thiI_2
[12:03:28] Fixed 3 duplicate /gene - miaB_1 miaB_2 miaB_3
[12:03:28] Fixed 7 duplicate /gene - tolB_1 tolB_2 tolB_3 tolB_4 tolB_5 tolB_6 tolB_7
[12:03:28] Fixed 2 duplicate /gene - acsA_1 acsA_2
[12:03:28] Fixed 2 duplicate /gene - wecC_1 wecC_2
[12:03:28] Fixed 2 duplicate /gene - mbhJ_1 mbhJ_2
[12:03:28] Fixed 2 duplicate /gene - fni_1 fni_2
[12:03:28] Fixed 3 duplicate /gene - hldD_1 hldD_2 hldD_3
[12:03:28] Fixed 2 duplicate /gene - ileS_1 ileS_2
[12:03:28] Fixed 3 duplicate /gene - deaD_1 deaD_2 deaD_3
[12:03:28] Fixed 8 duplicate /gene - mshA_1 mshA_2 mshA_3 mshA_4 mshA_5 mshA_6 mshA_7 mshA_8
[12:03:28] Fixed 2 duplicate /gene - hisF_1 hisF_2
[12:03:28] Fixed 2 duplicate /gene - ftsZ1_1 ftsZ1_2
[12:03:28] Fixed 6 duplicate /gene - rsxB_1 rsxB_2 rsxB_3 rsxB_4 rsxB_5 rsxB_6
[12:03:28] Fixed 2 duplicate /gene - ard1_1 ard1_2
[12:03:28] Fixed 2 duplicate /gene - wtpA_1 wtpA_2
[12:03:28] Fixed 2 duplicate /gene - purE_1 purE_2
[12:03:28] Fixed 2 duplicate /gene - nadA_1 nadA_2
[12:03:28] Fixed 3 duplicate /gene - arnC_1 arnC_2 arnC_3
[12:03:28] Fixed 2 duplicate /gene - mcrB_1 mcrB_2
[12:03:28] Fixed 2 duplicate /gene - prmC_1 prmC_2
[12:03:28] Fixed 2 duplicate /gene - pgk_1 pgk_2
[12:03:28] Fixed 2 duplicate /gene - hdrA_1 hdrA_2
[12:03:28] Fixed 2 duplicate /gene - mcrA_1 mcrA_2
[12:03:28] Fixed 2 duplicate /gene - gph_1 gph_2
[12:03:28] Fixed 2 duplicate /gene - pyrD_1 pyrD_2
[12:03:28] Fixed 2 duplicate /gene - actP_1 actP_2
[12:03:28] Fixed 2 duplicate /gene - kaiB_1 kaiB_2
[12:03:28] Fixed 3 duplicate /gene - fmdC_1 fmdC_2 fmdC_3
[12:03:28] Fixed 2 duplicate /gene - pyrH_1 pyrH_2
[12:03:28] Fixed 2 duplicate /gene - aglD_1 aglD_2
[12:03:28] Fixed 3 duplicate /gene - allB_1 allB_2 allB_3
[12:03:28] Fixed 2 duplicate /gene - rfcS_1 rfcS_2
[12:03:28] Fixed 2 duplicate /gene - dap_1 dap_2
[12:03:28] Fixed 2 duplicate /gene - mrtD_1 mrtD_2
[12:03:28] Fixed 2 duplicate /gene - ilvE_1 ilvE_2
[12:03:28] Fixed 2 duplicate /gene - aroA'_1 aroA'_2
[12:03:28] Fixed 3 duplicate /gene - rcsC_1 rcsC_2 rcsC_3
[12:03:28] Fixed 3 duplicate /gene - fwdC_1 fwdC_2 fwdC_3
[12:03:28] Fixed 2 duplicate /gene - COQ3_1 COQ3_2
[12:03:28] Fixed 2 duplicate /gene - mer_1 mer_2
[12:03:28] Fixed 2 duplicate /gene - mtrA1_1 mtrA1_2
[12:03:28] Fixed 2 duplicate /gene - dys_1 dys_2
[12:03:28] Fixed 2 duplicate /gene - cbiA_1 cbiA_2
[12:03:28] Fixed 2 duplicate /gene - ttuA_1 ttuA_2
[12:03:28] Fixed 2 duplicate /gene - cimA_1 cimA_2
[12:03:28] Fixed 2 duplicate /gene - porD_1 porD_2
[12:03:28] Fixed 19 duplicate /gene - sasA_1 sasA_2 sasA_3 sasA_4 sasA_5 sasA_6 sasA_7 sasA_8 sasA_9 sasA_10 sasA_11 sasA_12 sasA_13 sasA_14 sasA_15 sasA_16 sasA_17 sasA_18 sasA_19
[12:03:28] Fixed 3 duplicate /gene - IMPDH_1 IMPDH_2 IMPDH_3
[12:03:28] Fixed 2 duplicate /gene - nusA_1 nusA_2
[12:03:28] Fixed 2 duplicate /gene - thiC_1 thiC_2
[12:03:28] Fixed 2 duplicate /gene - aspS_1 aspS_2
[12:03:28] Fixed 2 duplicate /gene - fdhD_1 fdhD_2
[12:03:28] Fixed 2 duplicate /gene - resA_1 resA_2
[12:03:28] Fixed 2 duplicate /gene - fieF_1 fieF_2
[12:03:28] Fixed 2 duplicate /gene - dnaJ_1 dnaJ_2
[12:03:28] Fixed 2 duplicate /gene - petC_1 petC_2
[12:03:28] Fixed 2 duplicate /gene - mdtK_1 mdtK_2
[12:03:28] Fixed 2 duplicate /gene - mntR_1 mntR_2
[12:03:28] Fixed 2 duplicate /gene - dadD_1 dadD_2
[12:03:28] Fixed 3 duplicate /gene - fdhA_1 fdhA_2 fdhA_3
[12:03:28] Fixed 3 duplicate /gene - glmU_1 glmU_2 glmU_3
[12:03:28] Fixed 2 duplicate /gene - mdtG_1 mdtG_2
[12:03:28] Fixed 2 duplicate /gene - queG_1 queG_2
[12:03:28] Fixed 2 duplicate /gene - atpC_1 atpC_2
[12:03:28] Fixed 2 duplicate /gene - pfp_1 pfp_2
[12:03:28] Fixed 2 duplicate /gene - cpdA_1 cpdA_2
[12:03:28] Fixed 2 duplicate /gene - cofE_1 cofE_2
[12:03:28] Fixed 2 duplicate /gene - ftsH_1 ftsH_2
[12:03:28] Fixed 2 duplicate /gene - cfbC_1 cfbC_2
[12:03:28] Fixed 14 duplicate /gene - btuD_1 btuD_2 btuD_3 btuD_4 btuD_5 btuD_6 btuD_7 btuD_8 btuD_9 btuD_10 btuD_11 btuD_12 btuD_13 btuD_14
[12:03:28] Fixed 2 duplicate /gene - mcrG_1 mcrG_2
[12:03:28] Fixed 2 duplicate /gene - gloB_1 gloB_2
[12:03:28] Fixed 3 duplicate /gene - iolD_1 iolD_2 iolD_3
[12:03:28] Fixed 4 duplicate /gene - thiL_1 thiL_2 thiL_3 thiL_4
[12:03:28] Fixed 2 duplicate /gene - hisG_1 hisG_2
[12:03:28] Fixed 2 duplicate /gene - porA_1 porA_2
[12:03:28] Fixed 10 duplicate /gene - COQ5_1 COQ5_2 COQ5_3 COQ5_4 COQ5_5 COQ5_6 COQ5_7 COQ5_8 COQ5_9 COQ5_10
[12:03:28] Fixed 2 duplicate /gene - atpD_1 atpD_2
[12:03:28] Fixed 2 duplicate /gene - ppaC_1 ppaC_2
[12:03:28] Fixed 6 duplicate /gene - malK_1 malK_2 malK_3 malK_4 malK_5 malK_6
[12:03:28] Fixed 2 duplicate /gene - queE_1 queE_2
[12:03:28] Fixed 4 duplicate /gene - fbiB_1 fbiB_2 fbiB_3 fbiB_4
[12:03:28] Fixed 2 duplicate /gene - fprA_1 fprA_2
[12:03:28] Fixed 3 duplicate /gene - rutD_1 rutD_2 rutD_3
[12:03:28] Fixed 3 duplicate /gene - ndhI_1 ndhI_2 ndhI_3
[12:03:28] Fixed 2 duplicate /gene - arfC_1 arfC_2
[12:03:28] Fixed 3 duplicate /gene - moaA_1 moaA_2 moaA_3
[12:03:28] Fixed 2 duplicate /gene - fsr_1 fsr_2
[12:03:28] Fixed 2 duplicate /gene - tgtA_1 tgtA_2
[12:03:28] Fixed 4 duplicate /gene - purF_1 purF_2 purF_3 purF_4
[12:03:28] Fixed 3 duplicate /gene - btuC_1 btuC_2 btuC_3
[12:03:28] Fixed 3 duplicate /gene - fdhB_1 fdhB_2 fdhB_3
[12:03:28] Fixed 2 duplicate /gene - vapC_1 vapC_2
[12:03:28] Fixed 2 duplicate /gene - eIF1A_1 eIF1A_2
[12:03:28] Fixed 2 duplicate /gene - pepQ_1 pepQ_2
[12:03:28] Fixed 2 duplicate /gene - ycdX_1 ycdX_2
[12:03:28] Fixed 2 duplicate /gene - porC_1 porC_2
[12:03:28] Fixed 2 duplicate /gene - thiDN_1 thiDN_2
[12:03:28] Fixed 2 duplicate /gene - cbiM_1 cbiM_2
[12:03:28] Fixed 2 duplicate /gene - pyrE_1 pyrE_2
[12:03:28] Fixed 2 duplicate /gene - lon_1 lon_2
[12:03:28] Fixed 2 duplicate /gene - lysJ_1 lysJ_2
[12:03:28] Fixed 2 duplicate /gene - nth_1 nth_2
[12:03:28] Fixed 3 duplicate /gene - sufS_1 sufS_2 sufS_3
[12:03:28] Fixed 4 duplicate /gene - iscS2_1 iscS2_2 iscS2_3 iscS2_4
[12:03:28] Fixed 2 duplicate /gene - dapH_1 dapH_2
[12:03:28] Fixed 3 duplicate /gene - ecfT_1 ecfT_2 ecfT_3
[12:03:28] Fixed 128 colliding /gene names.
[12:03:28] Adding /locus_tag identifiers
[12:03:29] Assigned 2475 locus_tags to CDS and RNA features.
[12:03:29] Writing outputs to results/PROKKA/GTDB-100/genomes/archaea/GCA_023457135.1/
[12:03:30] Generating annotation statistics file
[12:03:30] Generating Genbank and Sequin files
[12:03:30] Running: tbl2asn -V b -a r10k -l paired-ends -M n -N 1 -y 'Annotated using prokka 1.14.6 from https://github.com/tseemann/prokka' -Z results\/PROKKA\/GTDB\-100\/genomes\/archaea\/GCA_023457135\.1\/GCA_023457135\.1\.err -i results\/PROKKA\/GTDB\-100\/genomes\/archaea\/GCA_023457135\.1\/GCA_023457135\.1\.fsa 2> /dev/null
[tbl2asn-forever] Found Prokka input, correcting dates in .gbf|.sqn files.
[tbl2asn-forever] Correcting dates in results/PROKKA/GTDB-100/genomes/archaea/GCA_023457135.1/GCA_023457135.1.gbf
[tbl2asn-forever] Correcting dates in results/PROKKA/GTDB-100/genomes/archaea/GCA_023457135.1/GCA_023457135.1.sqn
[tbl2asn-forever] Dates changed from 01-JAN-2019 to 28-JUN-2023
[12:03:34] Deleting unwanted file: results/PROKKA/GTDB-100/genomes/archaea/GCA_023457135.1/errorsummary.val
[12:03:34] Deleting unwanted file: results/PROKKA/GTDB-100/genomes/archaea/GCA_023457135.1/GCA_023457135.1.dr
[12:03:34] Deleting unwanted file: results/PROKKA/GTDB-100/genomes/archaea/GCA_023457135.1/GCA_023457135.1.fixedproducts
[12:03:34] Deleting unwanted file: results/PROKKA/GTDB-100/genomes/archaea/GCA_023457135.1/GCA_023457135.1.ecn
[12:03:34] Deleting unwanted file: results/PROKKA/GTDB-100/genomes/archaea/GCA_023457135.1/GCA_023457135.1.val
[12:03:34] Repairing broken .GBK output that tbl2asn produces...
[12:03:34] Running: sed 's/COORDINATES: profile/COORDINATES:profile/' < results\/PROKKA\/GTDB\-100\/genomes\/archaea\/GCA_023457135\.1\/GCA_023457135\.1\.gbf > results\/PROKKA\/GTDB\-100\/genomes\/archaea\/GCA_023457135\.1\/GCA_023457135\.1\.gbk
[12:03:34] Deleting unwanted file: results/PROKKA/GTDB-100/genomes/archaea/GCA_023457135.1/GCA_023457135.1.gbf
[12:03:34] Output files:
[12:03:34] results/PROKKA/GTDB-100/genomes/archaea/GCA_023457135.1/GCA_023457135.1.log
[12:03:34] results/PROKKA/GTDB-100/genomes/archaea/GCA_023457135.1/GCA_023457135.1.fna
[12:03:34] results/PROKKA/GTDB-100/genomes/archaea/GCA_023457135.1/GCA_023457135.1.gff
[12:03:34] results/PROKKA/GTDB-100/genomes/archaea/GCA_023457135.1/GCA_023457135.1.faa
[12:03:34] results/PROKKA/GTDB-100/genomes/archaea/GCA_023457135.1/GCA_023457135.1.ffn
[12:03:34] results/PROKKA/GTDB-100/genomes/archaea/GCA_023457135.1/GCA_023457135.1.tbl
[12:03:34] results/PROKKA/GTDB-100/genomes/archaea/GCA_023457135.1/GCA_023457135.1.fsa
[12:03:34] results/PROKKA/GTDB-100/genomes/archaea/GCA_023457135.1/GCA_023457135.1.tsv
[12:03:34] results/PROKKA/GTDB-100/genomes/archaea/GCA_023457135.1/GCA_023457135.1.txt
[12:03:34] results/PROKKA/GTDB-100/genomes/archaea/GCA_023457135.1/GCA_023457135.1.err
[12:03:34] results/PROKKA/GTDB-100/genomes/archaea/GCA_023457135.1/GCA_023457135.1.sqn
[12:03:34] results/PROKKA/GTDB-100/genomes/archaea/GCA_023457135.1/GCA_023457135.1.gbk
[12:03:34] Annotation finished successfully.
[12:03:34] Walltime used: 0.47 minutes
[12:03:34] If you use this result please cite the Prokka paper:
[12:03:34] Seemann T (2014) Prokka: rapid prokaryotic genome annotation. Bioinformatics. 30(14):2068-9.
[12:03:34] Type 'prokka --citation' for more details.
[12:03:34] Thank you, come again.
121.68user 47.83system 0:28.68elapsed 590%CPU (0avgtext+0avgdata 166944maxresident)k
49376inputs+174800outputs (0major+7051267minor)pagefaults 0swaps

======================================================
End Time   : Wed Jun 28 12:03:34 EDT 2023
Run Time   : 31 seconds
======================================================

