=====================================================
Start Time  : Sat Jul  1 17:14:30 EDT 2023
Submit Dir  : /projects/raw_lab/jobs/metacerberus
Job ID/Name : 4128777 / PROKKA
Node List   : str-c94
Num Tasks   : 1 total [1 nodes @ 16 CPUs/node]
======================================================

Loading prokka/1.14.6
  Loading requirement: anaconda3/2022.10
======================================================
Running PROKKA On CPR/SAMN04315570.fna
======================================================
Viruses
[17:14:32] This is prokka 1.14.6
[17:14:32] Written by Torsten Seemann <torsten.seemann@gmail.com>
[17:14:32] Homepage is https://github.com/tseemann/prokka
[17:14:32] Local time is Sat Jul  1 17:14:32 2023
[17:14:32] You are jlfiguer
[17:14:32] Operating system is linux
[17:14:32] You have BioPerl 1.7.8
Argument "1.7.8" isn't numeric in numeric lt (<) at /apps/pkg/anaconda3/2022.10/envs/prokka-1.14.6/bin/prokka line 259.
[17:14:32] System has 16 cores.
[17:14:32] Will use maximum of 16 cores.
[17:14:32] Annotating as >>> Viruses <<<
[17:14:32] Generating locus_tag from 'CPR/SAMN04315570.fna' contents.
[17:14:32] Setting --locustag LBCGOOEI from MD5 5bc088e2f4a1c364875cf47992b49661
[17:14:32] Creating new output folder: results/PROKKA/CPR/SAMN04315570
[17:14:32] Running: mkdir -p results\/PROKKA\/CPR\/SAMN04315570
[17:14:32] Using filename prefix: SAMN04315570.XXX
[17:14:32] Setting HMMER_NCPU=1
[17:14:32] Writing log to: results/PROKKA/CPR/SAMN04315570/SAMN04315570.log
[17:14:32] Command: /apps/pkg/anaconda3/2022.10/envs/prokka-1.14.6/bin/prokka --prefix SAMN04315570 --outdir results/PROKKA/CPR/SAMN04315570 --kingdom Viruses --cpus 16 CPR/SAMN04315570.fna
[17:14:32] Appending to PATH: /apps/pkg/anaconda3/2022.10/envs/prokka-1.14.6/bin
[17:14:32] Looking for 'aragorn' - found /apps/pkg/anaconda3/2022.10/envs/prokka-1.14.6/bin/aragorn
[17:14:32] Determined aragorn version is 001002 from 'ARAGORN v1.2.41 Dean Laslett'
[17:14:32] Looking for 'barrnap' - found /apps/pkg/anaconda3/2022.10/envs/prokka-1.14.6/bin/barrnap
[17:14:32] Determined barrnap version is 000009 from 'barrnap 0.9'
[17:14:32] Looking for 'blastp' - found /apps/pkg/anaconda3/2022.10/envs/prokka-1.14.6/bin/blastp
[17:14:32] Determined blastp version is 002013 from 'blastp: 2.13.0+'
[17:14:32] Looking for 'cmpress' - found /apps/pkg/anaconda3/2022.10/envs/prokka-1.14.6/bin/cmpress
[17:14:32] Determined cmpress version is 001001 from '# INFERNAL 1.1.4 (Dec 2020)'
[17:14:32] Looking for 'cmscan' - found /apps/pkg/anaconda3/2022.10/envs/prokka-1.14.6/bin/cmscan
[17:14:32] Determined cmscan version is 001001 from '# INFERNAL 1.1.4 (Dec 2020)'
[17:14:32] Looking for 'egrep' - found /usr/bin/egrep
[17:14:32] Looking for 'find' - found /usr/bin/find
[17:14:32] Looking for 'grep' - found /usr/bin/grep
[17:14:32] Looking for 'hmmpress' - found /apps/pkg/anaconda3/2022.10/envs/prokka-1.14.6/bin/hmmpress
[17:14:32] Determined hmmpress version is 003003 from '# HMMER 3.3.2 (Nov 2020); http://hmmer.org/'
[17:14:32] Looking for 'hmmscan' - found /apps/pkg/anaconda3/2022.10/envs/prokka-1.14.6/bin/hmmscan
[17:14:32] Determined hmmscan version is 003003 from '# HMMER 3.3.2 (Nov 2020); http://hmmer.org/'
[17:14:32] Looking for 'java' - found /apps/pkg/anaconda3/2022.10/envs/prokka-1.14.6/bin/java
[17:14:32] Looking for 'makeblastdb' - found /apps/pkg/anaconda3/2022.10/envs/prokka-1.14.6/bin/makeblastdb
[17:14:32] Determined makeblastdb version is 002013 from 'makeblastdb: 2.13.0+'
[17:14:32] Looking for 'minced' - found /apps/pkg/anaconda3/2022.10/envs/prokka-1.14.6/bin/minced
[17:14:32] Determined minced version is 004002 from 'minced 0.4.2'
[17:14:32] Looking for 'parallel' - found /apps/pkg/anaconda3/2022.10/envs/prokka-1.14.6/bin/parallel
[17:14:32] Determined parallel version is 20230122 from 'GNU parallel 20230122'
[17:14:32] Looking for 'prodigal' - found /apps/pkg/anaconda3/2022.10/envs/prokka-1.14.6/bin/prodigal
[17:14:32] Determined prodigal version is 002006 from 'Prodigal V2.6.3: February, 2016'
[17:14:32] Looking for 'prokka-genbank_to_fasta_db' - found /apps/pkg/anaconda3/2022.10/envs/prokka-1.14.6/bin/prokka-genbank_to_fasta_db
[17:14:32] Looking for 'sed' - found /usr/bin/sed
[17:14:32] Looking for 'tbl2asn' - found /apps/pkg/anaconda3/2022.10/envs/prokka-1.14.6/bin/tbl2asn
[17:14:32] Determined tbl2asn version is 025007 from 'tbl2asn 25.7   arguments:'
[17:14:32] Using genetic code table 1.
[17:14:32] Loading and checking input file: CPR/SAMN04315570.fna
[17:14:32] Wrote 57 contigs totalling 960932 bp.
[17:14:32] Predicting tRNAs and tmRNAs
[17:14:32] Running: aragorn -l -gc1  -w results\/PROKKA\/CPR\/SAMN04315570\/SAMN04315570\.fna
[17:14:33] 1 tRNA-Cys c[4403,4475] 33 (gca)
[17:14:33] 1 tRNA-Thr [8304,8376] 33 (cgt)
[17:14:33] 1 tRNA-Ser c[1158,1246] 35 (gct)
[17:14:33] 2 tRNA-Ser [1472,1561] 35 (tga)
[17:14:33] 3 tmRNA [3567,3928] 89,172 VKNKLTQVADYLFGSPTPNRGFALAYA*
[17:14:33] 1 tRNA-Ala c[15115,15189] 34 (tgc)
[17:14:33] 2 tRNA-Ile [22529,22601] 33 (gat)
[17:14:33] 1 tRNA-Leu c[1201,1287] 34 (caa)
[17:14:33] 1 tRNA-Val c[4322,4395] 34 (cac)
[17:14:33] 1 tRNA-Ile [13091,13163] 33 (tat)
[17:14:33] 2 tRNA-Met c[14993,15066] 33 (cat)
[17:14:33] 3 tRNA-Met c[17846,17917] 32 (cat)
[17:14:33] 4 tRNA-Thr [35646,35732] 41 (ggt)
[17:14:33] 1 tRNA-His c[29904,29977] 34 (gtg)
[17:14:33] 1 tRNA-Met [3867,3938] 33 (cat)
[17:14:33] 1 tRNA-Thr [32777,32850] 33 (tgt)
[17:14:33] 2 tRNA-Tyr [32885,32968] 35 (gta)
[17:14:33] 3 tRNA-Thr [33418,33491] 33 (ggt)
[17:14:33] 4 tRNA-Trp [35886,35959] 34 (cca)
[17:14:33] 1 tRNA-Gln [2689,2760] 33 (ctg)
[17:14:33] 1 tRNA-Arg c[6056,6128] 34 (tcg)
[17:14:33] 2 tRNA-Gly c[7943,8014] 33 (tcc)
[17:14:33] 3 tRNA-Pro c[12408,12482] 33 (tgg)
[17:14:33] 4 tRNA-Val c[17562,17635] 34 (tac)
[17:14:33] 5 tRNA-Leu c[17652,17737] 35 (cag)
[17:14:33] 6 tRNA-Leu c[17786,17872] 35 (gag)
[17:14:33] 7 tRNA-Leu [17928,18015] 34 (taa)
[17:14:33] 8 tRNA-Phe [18160,18233] 35 (gaa)
[17:14:33] 9 tRNA-Gly [18249,18322] 33 (gcc)
[17:14:33] 10 tRNA-Leu [20169,20252] 35 (tag)
[17:14:33] 1 tRNA-Lys c[26193,26265] 33 (ttt)
[17:14:33] 1 tRNA-Arg c[17171,17243] 34 (cct)
[17:14:33] 2 tRNA-Pro [17343,17415] 33 (cgg)
[17:14:33] 1 tRNA-Ala c[24132,24204] 33 (ggc)
[17:14:33] 2 tRNA-Ala c[24821,24892] 33 (cgc)
[17:14:33] 1 tRNA-Asp c[723,798] 36 (gtc)
[17:14:33] 1 tRNA-Arg [4064,4136] 34 (tct)
[17:14:33] 2 tRNA-Lys [5028,5100] 33 (ctt)
[17:14:33] 3 tRNA-Gln [5153,5224] 33 (ttg)
[17:14:33] 1 tRNA-Val c[4475,4547] 33 (gac)
[17:14:33] 1 tRNA-Arg [157,229] 34 (gcg)
[17:14:33] 2 tRNA-Ser [233,322] 35 (cga)
[17:14:33] 3 tRNA-Arg [325,397] 34 (ccg)
[17:14:33] 4 tRNA-Ser [2957,3044] 35 (gga)
[17:14:33] 5 tRNA-Asn [12763,12835] 33 (gtt)
[17:14:33] 1 tRNA-Glu c[4734,4808] 35 (ctc)
[17:14:33] 2 tRNA-Glu c[8925,8998] 35 (ctc)
[17:14:33] Found 47 tRNAs
[17:14:33] Disabling rRNA search: --kingdom=Viruses or --norrna=0
[17:14:33] Skipping ncRNA search, enable with --rfam if desired.
[17:14:33] Total of 46 tRNA + rRNA features
[17:14:33] Searching for CRISPR repeats
[17:14:33] Found 0 CRISPRs
[17:14:33] Predicting coding sequences
[17:14:33] Contigs total 960932 bp, so using single mode
[17:14:33] Running: prodigal -i results\/PROKKA\/CPR\/SAMN04315570\/SAMN04315570\.fna -c -m -g 1 -p single -f sco -q
[17:14:34] Excluding CDS which overlaps existing RNA (tRNA) at MEXL01000002.1:4431..5474 on + strand
[17:14:34] Excluding CDS which overlaps existing RNA (tRNA) at MEXL01000028.1:14640..14993 on + strand
[17:14:34] Excluding CDS which overlaps existing RNA (tRNA) at MEXL01000028.1:35422..36669 on - strand
[17:14:34] Excluding CDS which overlaps existing RNA (tRNA) at MEXL01000031.1:3751..3903 on + strand
[17:14:34] Excluding CDS which overlaps existing RNA (tRNA) at MEXL01000033.1:2107..2691 on + strand
[17:14:34] Excluding CDS which overlaps existing RNA (tRNA) at MEXL01000034.1:5274..6341 on + strand
[17:14:34] Excluding CDS which overlaps existing RNA (tRNA) at MEXL01000034.1:18322..18909 on + strand
[17:14:34] Found 985 CDS
[17:14:34] Connecting features back to sequences
[17:14:34] Not using genus-specific database. Try --usegenus to enable it.
[17:14:34] Annotating CDS, please be patient.
[17:14:34] Will use 16 CPUs for similarity searching.
[17:14:34] There are still 985 unannotated CDS left (started with 985)
[17:14:34] Will use blast to search against /apps/pkg/anaconda3/2022.10/envs/prokka-1.14.6/db/kingdom/Viruses/sprot with 16 CPUs
[17:14:34] Running: cat results\/PROKKA\/CPR\/SAMN04315570\/SAMN04315570\.sprot\.tmp\.3202234\.faa | parallel --gnu --plain -j 16 --block 8553 --recstart '>' --pipe blastp -query - -db /apps/pkg/anaconda3/2022.10/envs/prokka-1.14.6/db/kingdom/Viruses/sprot -evalue 1e-09 -qcov_hsp_perc 80 -num_threads 1 -num_descriptions 1 -num_alignments 1 -seg no > results\/PROKKA\/CPR\/SAMN04315570\/SAMN04315570\.sprot\.tmp\.3202234\.blast 2> /dev/null
[17:14:36] Modify product: Probable formamidopyrimidine-DNA glycosylase => putative formamidopyrimidine-DNA glycosylase
[17:14:36] Cleaned 1 /product names
[17:14:36] Deleting unwanted file: results/PROKKA/CPR/SAMN04315570/SAMN04315570.sprot.tmp.3202234.faa
[17:14:36] Deleting unwanted file: results/PROKKA/CPR/SAMN04315570/SAMN04315570.sprot.tmp.3202234.blast
[17:14:36] Labelling remaining 980 proteins as 'hypothetical protein'
[17:14:36] Found 4 unique /gene codes.
[17:14:36] Fixed 0 colliding /gene names.
[17:14:36] Adding /locus_tag identifiers
[17:14:36] Assigned 1032 locus_tags to CDS and RNA features.
[17:14:36] Writing outputs to results/PROKKA/CPR/SAMN04315570/
[17:14:37] Generating annotation statistics file
[17:14:37] Generating Genbank and Sequin files
[17:14:37] Running: tbl2asn -V b -a r10k -l paired-ends -M n -N 1 -y 'Annotated using prokka 1.14.6 from https://github.com/tseemann/prokka' -Z results\/PROKKA\/CPR\/SAMN04315570\/SAMN04315570\.err -i results\/PROKKA\/CPR\/SAMN04315570\/SAMN04315570\.fsa 2> /dev/null
[tbl2asn-forever] Found Prokka input, correcting dates in .gbf|.sqn files.
[tbl2asn-forever] Correcting dates in results/PROKKA/CPR/SAMN04315570/SAMN04315570.gbf
[tbl2asn-forever] Correcting dates in results/PROKKA/CPR/SAMN04315570/SAMN04315570.sqn
[tbl2asn-forever] Dates changed from 01-JAN-2019 to 01-JUL-2023
[17:14:39] Deleting unwanted file: results/PROKKA/CPR/SAMN04315570/errorsummary.val
[17:14:39] Deleting unwanted file: results/PROKKA/CPR/SAMN04315570/SAMN04315570.dr
[17:14:39] Deleting unwanted file: results/PROKKA/CPR/SAMN04315570/SAMN04315570.fixedproducts
[17:14:39] Deleting unwanted file: results/PROKKA/CPR/SAMN04315570/SAMN04315570.ecn
[17:14:39] Deleting unwanted file: results/PROKKA/CPR/SAMN04315570/SAMN04315570.val
[17:14:39] Repairing broken .GBK output that tbl2asn produces...
[17:14:39] Running: sed 's/COORDINATES: profile/COORDINATES:profile/' < results\/PROKKA\/CPR\/SAMN04315570\/SAMN04315570\.gbf > results\/PROKKA\/CPR\/SAMN04315570\/SAMN04315570\.gbk
[17:14:39] Deleting unwanted file: results/PROKKA/CPR/SAMN04315570/SAMN04315570.gbf
[17:14:39] Output files:
[17:14:39] results/PROKKA/CPR/SAMN04315570/SAMN04315570.log
[17:14:39] results/PROKKA/CPR/SAMN04315570/SAMN04315570.fna
[17:14:39] results/PROKKA/CPR/SAMN04315570/SAMN04315570.gff
[17:14:39] results/PROKKA/CPR/SAMN04315570/SAMN04315570.faa
[17:14:39] results/PROKKA/CPR/SAMN04315570/SAMN04315570.ffn
[17:14:39] results/PROKKA/CPR/SAMN04315570/SAMN04315570.tbl
[17:14:39] results/PROKKA/CPR/SAMN04315570/SAMN04315570.fsa
[17:14:39] results/PROKKA/CPR/SAMN04315570/SAMN04315570.tsv
[17:14:39] results/PROKKA/CPR/SAMN04315570/SAMN04315570.txt
[17:14:39] results/PROKKA/CPR/SAMN04315570/SAMN04315570.err
[17:14:39] results/PROKKA/CPR/SAMN04315570/SAMN04315570.sqn
[17:14:39] results/PROKKA/CPR/SAMN04315570/SAMN04315570.gbk
[17:14:39] Annotation finished successfully.
[17:14:39] Walltime used: 0.12 minutes
[17:14:39] If you use this result please cite the Prokka paper:
[17:14:39] Seemann T (2014) Prokka: rapid prokaryotic genome annotation. Bioinformatics. 30(14):2068-9.
[17:14:39] Type 'prokka --citation' for more details.
[17:14:39] Share and enjoy!
23.06user 0.79system 0:07.07elapsed 337%CPU (0avgtext+0avgdata 122780maxresident)k
15968inputs+55224outputs (0major+246415minor)pagefaults 0swaps

======================================================
End Time   : Sat Jul  1 17:14:39 EDT 2023
Run Time   : 9 seconds
======================================================

