=====================================================
Start Time  : Sat Jun 24 17:59:02 EDT 2023
Submit Dir  : /projects/raw_lab/jobs/metacerberus
Job ID/Name : 3995160 / InterProScan
Node List   : str-c97
Num Tasks   : 1 total [1 nodes @ 16 CPUs/node]
======================================================

Loading interproscan/5.60-92.0
  Loading requirement: anaconda3/2020.11 openjdk/15
======================================================
Running InterProScan On GTDB-100/genomes/archaea/GCA_015523125.1.fna
======================================================
24/06/2023 17:59:03:877 Welcome to InterProScan-5.60-92.0
24/06/2023 17:59:03:878 Running InterProScan v5 in STANDALONE mode... on Linux
24/06/2023 17:59:07:917 RunID: str-c97.uncc.edu_20230624_175907748_1vm9
24/06/2023 17:59:16:499 Loading file /projects/raw_lab/jobs/metacerberus/GTDB-100/genomes/archaea/GCA_015523125.1.fna
24/06/2023 17:59:17:312 Running the following analyses:
[AntiFam-7.0,CDD-3.20,Coils-2.2.1,FunFam-4.3.0,Gene3D-4.3.0,Hamap-2021_04,MobiDBLite-2.0,PANTHER-17.0,Pfam-35.0,PIRSF-3.10,PIRSR-2021_05,PRINTS-42.0,ProSitePatterns-2022_01,ProSiteProfiles-2022_01,SFLD-4,SMART-7.1,SUPERFAMILY-1.75,TIGRFAM-15.0]
Pre-calculated match lookup service DISABLED.  Please wait for match calculations to complete...
2023-06-24 18:06:38,083 [amqEmbeddedWorkerJmsContainer-13] [uk.ac.ebi.interpro.scan.io.pirsf.hmmer3.PirsfHmmer3RawMatchParser:129] WARN - Couldn't parse the given raw match line, because it is of an unexpected format.
2023-06-24 18:06:38,087 [amqEmbeddedWorkerJmsContainer-13] [uk.ac.ebi.interpro.scan.io.pirsf.hmmer3.PirsfHmmer3RawMatchParser:130] WARN - Unexpected Raw match line: Query sequence: 1 matches PIRSF005335: tRNA nucleotidyltransferase (CCA-adding enzyme), archaeal type
2023-06-24 18:06:38,087 [amqEmbeddedWorkerJmsContainer-13] [uk.ac.ebi.interpro.scan.io.pirsf.hmmer3.PirsfHmmer3RawMatchParser:129] WARN - Couldn't parse the given raw match line, because it is of an unexpected format.
2023-06-24 18:06:38,087 [amqEmbeddedWorkerJmsContainer-13] [uk.ac.ebi.interpro.scan.io.pirsf.hmmer3.PirsfHmmer3RawMatchParser:130] WARN - Unexpected Raw match line: #    score  bias  c-Evalue  i-Evalue hmmfrom  hmm to    alifrom  ali to    envfrom  env to     acc
2023-06-24 18:06:38,087 [amqEmbeddedWorkerJmsContainer-13] [uk.ac.ebi.interpro.scan.io.pirsf.hmmer3.PirsfHmmer3RawMatchParser:129] WARN - Couldn't parse the given raw match line, because it is of an unexpected format.
2023-06-24 18:06:38,087 [amqEmbeddedWorkerJmsContainer-13] [uk.ac.ebi.interpro.scan.io.pirsf.hmmer3.PirsfHmmer3RawMatchParser:130] WARN - Unexpected Raw match line: 1 !  457.1   0.1  3.1e-141  1.6e-138       4     439 ..      49     478 ..      44     482 .. 0.95
2023-06-24 18:06:38,087 [amqEmbeddedWorkerJmsContainer-13] [uk.ac.ebi.interpro.scan.io.pirsf.hmmer3.PirsfHmmer3RawMatchParser:129] WARN - Couldn't parse the given raw match line, because it is of an unexpected format.
2023-06-24 18:06:38,087 [amqEmbeddedWorkerJmsContainer-13] [uk.ac.ebi.interpro.scan.io.pirsf.hmmer3.PirsfHmmer3RawMatchParser:130] WARN - Unexpected Raw match line: Query sequence: 11 matches PIRSF000485: Amidophosphoribosyltransferase
2023-06-24 18:06:38,088 [amqEmbeddedWorkerJmsContainer-13] [uk.ac.ebi.interpro.scan.io.pirsf.hmmer3.PirsfHmmer3RawMatchParser:129] WARN - Couldn't parse the given raw match line, because it is of an unexpected format.
2023-06-24 18:06:38,088 [amqEmbeddedWorkerJmsContainer-13] [uk.ac.ebi.interpro.scan.io.pirsf.hmmer3.PirsfHmmer3RawMatchParser:130] WARN - Unexpected Raw match line: #    score  bias  c-Evalue  i-Evalue hmmfrom  hmm to    alifrom  ali to    envfrom  env to     acc
2023-06-24 18:06:38,088 [amqEmbeddedWorkerJmsContainer-13] [uk.ac.ebi.interpro.scan.io.pirsf.hmmer3.PirsfHmmer3RawMatchParser:129] WARN - Couldn't parse the given raw match line, because it is of an unexpected format.
2023-06-24 18:06:38,088 [amqEmbeddedWorkerJmsContainer-13] [uk.ac.ebi.interpro.scan.io.pirsf.hmmer3.PirsfHmmer3RawMatchParser:130] WARN - Unexpected Raw match line: 1 !  603.0   0.2  6.3e-185    1e-182       3     468 ..      38     492 ..      36     495 .. 0.98
2023-06-24 18:06:38,088 [amqEmbeddedWorkerJmsContainer-13] [uk.ac.ebi.interpro.scan.io.pirsf.hmmer3.PirsfHmmer3RawMatchParser:129] WARN - Couldn't parse the given raw match line, because it is of an unexpected format.
2023-06-24 18:06:38,088 [amqEmbeddedWorkerJmsContainer-13] [uk.ac.ebi.interpro.scan.io.pirsf.hmmer3.PirsfHmmer3RawMatchParser:130] WARN - Unexpected Raw match line: Query sequence: 121 matches PIRSF000149: Glyceraldehyde-3-phosphate dehydrogenase
2023-06-24 18:06:38,088 [amqEmbeddedWorkerJmsContainer-13] [uk.ac.ebi.interpro.scan.io.pirsf.hmmer3.PirsfHmmer3RawMatchParser:129] WARN - Couldn't parse the given raw match line, because it is of an unexpected format.
2023-06-24 18:06:38,088 [amqEmbeddedWorkerJmsContainer-13] [uk.ac.ebi.interpro.scan.io.pirsf.hmmer3.PirsfHmmer3RawMatchParser:130] WARN - Unexpected Raw match line: #    score  bias  c-Evalue  i-Evalue hmmfrom  hmm to    alifrom  ali to    envfrom  env to     acc
2023-06-24 18:06:38,088 [amqEmbeddedWorkerJmsContainer-13] [uk.ac.ebi.interpro.scan.io.pirsf.hmmer3.PirsfHmmer3RawMatchParser:129] WARN - Couldn't parse the given raw match line, because it is of an unexpected format.
2023-06-24 18:06:38,088 [amqEmbeddedWorkerJmsContainer-13] [uk.ac.ebi.interpro.scan.io.pirsf.hmmer3.PirsfHmmer3RawMatchParser:130] WARN - Unexpected Raw match line: 1 !  457.3   0.0  1.8e-141  9.1e-139       2     338 ..      60     389 ..      59     391 .] 0.98
2023-06-24 18:06:38,088 [amqEmbeddedWorkerJmsContainer-13] [uk.ac.ebi.interpro.scan.io.pirsf.hmmer3.PirsfHmmer3RawMatchParser:129] WARN - Couldn't parse the given raw match line, because it is of an unexpected format.
2023-06-24 18:06:38,088 [amqEmbeddedWorkerJmsContainer-13] [uk.ac.ebi.interpro.scan.io.pirsf.hmmer3.PirsfHmmer3RawMatchParser:130] WARN - Unexpected Raw match line: Query sequence: 125 matches PIRSF001586: Phosphoribosylformylglycinamidine synthase I
2023-06-24 18:06:38,088 [amqEmbeddedWorkerJmsContainer-13] [uk.ac.ebi.interpro.scan.io.pirsf.hmmer3.PirsfHmmer3RawMatchParser:129] WARN - Couldn't parse the given raw match line, because it is of an unexpected format.
2023-06-24 18:06:38,088 [amqEmbeddedWorkerJmsContainer-13] [uk.ac.ebi.interpro.scan.io.pirsf.hmmer3.PirsfHmmer3RawMatchParser:130] WARN - Unexpected Raw match line: #    score  bias  c-Evalue  i-Evalue hmmfrom  hmm to    alifrom  ali to    envfrom  env to     acc
2023-06-24 18:06:38,088 [amqEmbeddedWorkerJmsContainer-13] [uk.ac.ebi.interpro.scan.io.pirsf.hmmer3.PirsfHmmer3RawMatchParser:129] WARN - Couldn't parse the given raw match line, because it is of an unexpected format.
2023-06-24 18:06:38,089 [amqEmbeddedWorkerJmsContainer-13] [uk.ac.ebi.interpro.scan.io.pirsf.hmmer3.PirsfHmmer3RawMatchParser:130] WARN - Unexpected Raw match line: 1 !  277.8   0.0   3.2e-87   1.6e-84       2     239 ..       2     251 ..       1     255 [. 0.91
2023-06-24 18:06:38,089 [amqEmbeddedWorkerJmsContainer-13] [uk.ac.ebi.interpro.scan.io.pirsf.hmmer3.PirsfHmmer3RawMatchParser:129] WARN - Couldn't parse the given raw match line, because it is of an unexpected format.
2023-06-24 18:06:38,089 [amqEmbeddedWorkerJmsContainer-13] [uk.ac.ebi.interpro.scan.io.pirsf.hmmer3.PirsfHmmer3RawMatchParser:130] WARN - Unexpected Raw match line: Query sequence: 130 matches PIRSF000429: Acetyl-CoA acetyltransferase
2023-06-24 18:06:38,089 [amqEmbeddedWorkerJmsContainer-13] [uk.ac.ebi.interpro.scan.io.pirsf.hmmer3.PirsfHmmer3RawMatchParser:129] WARN - Couldn't parse the given raw match line, because it is of an unexpected format.
2023-06-24 18:06:38,089 [amqEmbeddedWorkerJmsContainer-13] [uk.ac.ebi.interpro.scan.io.pirsf.hmmer3.PirsfHmmer3RawMatchParser:130] WARN - Unexpected Raw match line: #    score  bias  c-Evalue  i-Evalue hmmfrom  hmm to    alifrom  ali to    envfrom  env to     acc
2023-06-24 18:06:38,089 [amqEmbeddedWorkerJmsContainer-13] [uk.ac.ebi.interpro.scan.io.pirsf.hmmer3.PirsfHmmer3RawMatchParser:129] WARN - Couldn't parse the given raw match line, because it is of an unexpected format.
2023-06-24 18:06:38,089 [amqEmbeddedWorkerJmsContainer-13] [uk.ac.ebi.interpro.scan.io.pirsf.hmmer3.PirsfHmmer3RawMatchParser:130] WARN - Unexpected Raw match line: 1 !  245.7   8.9     1e-76   2.5e-74       4     399 ..       1     385 [.       1     387 [. 0.91
2023-06-24 18:06:38,089 [amqEmbeddedWorkerJmsContainer-13] [uk.ac.ebi.interpro.scan.io.pirsf.hmmer3.PirsfHmmer3RawMatchParser:129] WARN - Couldn't parse the given raw match line, because it is of an unexpected format.
2023-06-24 18:06:38,089 [amqEmbeddedWorkerJmsContainer-13] [uk.ac.ebi.interpro.scan.io.pirsf.hmmer3.PirsfHmmer3RawMatchParser:130] WARN - Unexpected Raw match line: Query sequence: 142 matches PIRSF005243: Rubredoxin-oxygen oxidoreductase
2023-06-24 18:06:38,089 [amqEmbeddedWorkerJmsContainer-13] [uk.ac.ebi.interpro.scan.io.pirsf.hmmer3.PirsfHmmer3RawMatchParser:129] WARN - Couldn't parse the given raw match line, because it is of an unexpected format.
2023-06-24 18:06:38,089 [amqEmbeddedWorkerJmsContainer-13] [uk.ac.ebi.interpro.scan.io.pirsf.hmmer3.PirsfHmmer3RawMatchParser:130] WARN - Unexpected Raw match line: #    score  bias  c-Evalue  i-Evalue hmmfrom  hmm to    alifrom  ali to    envfrom  env to     acc
2023-06-24 18:06:38,089 [amqEmbeddedWorkerJmsContainer-13] [uk.ac.ebi.interpro.scan.io.pirsf.hmmer3.PirsfHmmer3RawMatchParser:129] WARN - Couldn't parse the given raw match line, because it is of an unexpected format.
2023-06-24 18:06:38,089 [amqEmbeddedWorkerJmsContainer-13] [uk.ac.ebi.interpro.scan.io.pirsf.hmmer3.PirsfHmmer3RawMatchParser:130] WARN - Unexpected Raw match line: 1 !  431.0   0.8  4.8e-133  1.2e-130       6     400 ..       8     394 ..       5     397 .. 0.96
2023-06-24 18:06:38,089 [amqEmbeddedWorkerJmsContainer-13] [uk.ac.ebi.interpro.scan.io.pirsf.hmmer3.PirsfHmmer3RawMatchParser:129] WARN - Couldn't parse the given raw match line, because it is of an unexpected format.
2023-06-24 18:06:38,089 [amqEmbeddedWorkerJmsContainer-13] [uk.ac.ebi.interpro.scan.io.pirsf.hmmer3.PirsfHmmer3RawMatchParser:130] WARN - Unexpected Raw match line: Query sequence: 151 matches PIRSF001529: Serine-tRNA ligase
2023-06-24 18:06:38,089 [amqEmbeddedWorkerJmsContainer-13] [uk.ac.ebi.interpro.scan.io.pirsf.hmmer3.PirsfHmmer3RawMatchParser:129] WARN - Couldn't parse the given raw match line, because it is of an unexpected format.
2023-06-24 18:06:38,090 [amqEmbeddedWorkerJmsContainer-13] [uk.ac.ebi.interpro.scan.io.pirsf.hmmer3.PirsfHmmer3RawMatchParser:130] WARN - Unexpected Raw match line: #    score  bias  c-Evalue  i-Evalue hmmfrom  hmm to    alifrom  ali to    envfrom  env to     acc
2023-06-24 18:06:38,090 [amqEmbeddedWorkerJmsContainer-13] [uk.ac.ebi.interpro.scan.io.pirsf.hmmer3.PirsfHmmer3RawMatchParser:129] WARN - Couldn't parse the given raw match line, because it is of an unexpected format.
2023-06-24 18:06:38,090 [amqEmbeddedWorkerJmsContainer-13] [uk.ac.ebi.interpro.scan.io.pirsf.hmmer3.PirsfHmmer3RawMatchParser:130] WARN - Unexpected Raw match line: 1 !  490.3   8.2  6.7e-151  1.1e-148       1     423 [.      23     459 ..      23     462 .. 0.94
2023-06-24 18:06:38,090 [amqEmbeddedWorkerJmsContainer-13] [uk.ac.ebi.interpro.scan.io.pirsf.hmmer3.PirsfHmmer3RawMatchParser:129] WARN - Couldn't parse the given raw match line, because it is of an unexpected format.
2023-06-24 18:06:38,090 [amqEmbeddedWorkerJmsContainer-13] [uk.ac.ebi.interpro.scan.io.pirsf.hmmer3.PirsfHmmer3RawMatchParser:130] WARN - Unexpected Raw match line: Query sequence: 184 matches PIRSF037677: DNA mismatch repair protein Msh6
2023-06-24 18:06:38,090 [amqEmbeddedWorkerJmsContainer-13] [uk.ac.ebi.interpro.scan.io.pirsf.hmmer3.PirsfHmmer3RawMatchParser:129] WARN - Couldn't parse the given raw match line, because it is of an unexpected format.
2023-06-24 18:06:38,090 [amqEmbeddedWorkerJmsContainer-13] [uk.ac.ebi.interpro.scan.io.pirsf.hmmer3.PirsfHmmer3RawMatchParser:130] WARN - Unexpected Raw match line: #    score  bias  c-Evalue  i-Evalue hmmfrom  hmm to    alifrom  ali to    envfrom  env to     acc
2023-06-24 18:06:38,090 [amqEmbeddedWorkerJmsContainer-13] [uk.ac.ebi.interpro.scan.io.pirsf.hmmer3.PirsfHmmer3RawMatchParser:129] WARN - Couldn't parse the given raw match line, because it is of an unexpected format.
2023-06-24 18:06:38,090 [amqEmbeddedWorkerJmsContainer-13] [uk.ac.ebi.interpro.scan.io.pirsf.hmmer3.PirsfHmmer3RawMatchParser:130] WARN - Unexpected Raw match line: 1 !  116.5   0.0   5.6e-38   2.8e-35     335     543 ..      31     222 ..      26     238 .. 0.83
2023-06-24 18:06:38,090 [amqEmbeddedWorkerJmsContainer-13] [uk.ac.ebi.interpro.scan.io.pirsf.hmmer3.PirsfHmmer3RawMatchParser:129] WARN - Couldn't parse the given raw match line, because it is of an unexpected format.
2023-06-24 18:06:38,090 [amqEmbeddedWorkerJmsContainer-13] [uk.ac.ebi.interpro.scan.io.pirsf.hmmer3.PirsfHmmer3RawMatchParser:130] WARN - Unexpected Raw match line: 2 !  507.4   3.2  5.4e-156  2.7e-153     598    1217 ..     245     819 ..     241     860 .. 0.88
2023-06-24 18:06:38,090 [amqEmbeddedWorkerJmsContainer-13] [uk.ac.ebi.interpro.scan.io.pirsf.hmmer3.PirsfHmmer3RawMatchParser:129] WARN - Couldn't parse the given raw match line, because it is of an unexpected format.
2023-06-24 18:06:38,090 [amqEmbeddedWorkerJmsContainer-13] [uk.ac.ebi.interpro.scan.io.pirsf.hmmer3.PirsfHmmer3RawMatchParser:130] WARN - Unexpected Raw match line: Query sequence: 197 matches PIRSF004919: Peptidase, TldD type
2023-06-24 18:06:38,090 [amqEmbeddedWorkerJmsContainer-13] [uk.ac.ebi.interpro.scan.io.pirsf.hmmer3.PirsfHmmer3RawMatchParser:129] WARN - Couldn't parse the given raw match line, because it is of an unexpected format.
2023-06-24 18:06:38,090 [amqEmbeddedWorkerJmsContainer-13] [uk.ac.ebi.interpro.scan.io.pirsf.hmmer3.PirsfHmmer3RawMatchParser:130] WARN - Unexpected Raw match line: #    score  bias  c-Evalue  i-Evalue hmmfrom  hmm to    alifrom  ali to    envfrom  env to     acc
2023-06-24 18:06:38,091 [amqEmbeddedWorkerJmsContainer-13] [uk.ac.ebi.interpro.scan.io.pirsf.hmmer3.PirsfHmmer3RawMatchParser:129] WARN - Couldn't parse the given raw match line, because it is of an unexpected format.
2023-06-24 18:06:38,091 [amqEmbeddedWorkerJmsContainer-13] [uk.ac.ebi.interpro.scan.io.pirsf.hmmer3.PirsfHmmer3RawMatchParser:130] WARN - Unexpected Raw match line: 1 !  472.3   3.7  3.5e-145  4.4e-143       7     463 ..       7     459 ..       3     460 .] 0.96
2023-06-24 18:06:38,091 [amqEmbeddedWorkerJmsContainer-13] [uk.ac.ebi.interpro.scan.io.pirsf.hmmer3.PirsfHmmer3RawMatchParser:129] WARN - Couldn't parse the given raw match line, because it is of an unexpected format.
2023-06-24 18:06:38,091 [amqEmbeddedWorkerJmsContainer-13] [uk.ac.ebi.interpro.scan.io.pirsf.hmmer3.PirsfHmmer3RawMatchParser:130] WARN - Unexpected Raw match line: Query sequence: 209 matches PIRSF036586: Bifunctional ribulose 5-phosphate reductase/CDP-ribitol pyrophosphorylase
2023-06-24 18:06:38,091 [amqEmbeddedWorkerJmsContainer-13] [uk.ac.ebi.interpro.scan.io.pirsf.hmmer3.PirsfHmmer3RawMatchParser:129] WARN - Couldn't parse the given raw match line, because it is of an unexpected format.
2023-06-24 18:06:38,091 [amqEmbeddedWorkerJmsContainer-13] [uk.ac.ebi.interpro.scan.io.pirsf.hmmer3.PirsfHmmer3RawMatchParser:130] WARN - Unexpected Raw match line: #    score  bias  c-Evalue  i-Evalue hmmfrom  hmm to    alifrom  ali to    envfrom  env to     acc
2023-06-24 18:06:38,091 [amqEmbeddedWorkerJmsContainer-13] [uk.ac.ebi.interpro.scan.io.pirsf.hmmer3.PirsfHmmer3RawMatchParser:129] WARN - Couldn't parse the given raw match line, because it is of an unexpected format.
2023-06-24 18:06:38,091 [amqEmbeddedWorkerJmsContainer-13] [uk.ac.ebi.interpro.scan.io.pirsf.hmmer3.PirsfHmmer3RawMatchParser:130] WARN - Unexpected Raw match line: 1 !  482.1   3.9  1.1e-148  5.2e-146       4     462 ..       1     455 [.       1     462 [. 0.97
2023-06-24 18:06:38,091 [amqEmbeddedWorkerJmsContainer-13] [uk.ac.ebi.interpro.scan.io.pirsf.hmmer3.PirsfHmmer3RawMatchParser:129] WARN - Couldn't parse the given raw match line, because it is of an unexpected format.
2023-06-24 18:06:38,091 [amqEmbeddedWorkerJmsContainer-13] [uk.ac.ebi.interpro.scan.io.pirsf.hmmer3.PirsfHmmer3RawMatchParser:130] WARN - Unexpected Raw match line: Query sequence: 213 matches PIRSF000106: Malic enzyme
2023-06-24 18:06:38,091 [amqEmbeddedWorkerJmsContainer-13] [uk.ac.ebi.interpro.scan.io.pirsf.hmmer3.PirsfHmmer3RawMatchParser:129] WARN - Couldn't parse the given raw match line, because it is of an unexpected format.
2023-06-24 18:06:38,091 [amqEmbeddedWorkerJmsContainer-13] [uk.ac.ebi.interpro.scan.io.pirsf.hmmer3.PirsfHmmer3RawMatchParser:130] WARN - Unexpected Raw match line: #    score  bias  c-Evalue  i-Evalue hmmfrom  hmm to    alifrom  ali to    envfrom  env to     acc
2023-06-24 18:06:38,091 [amqEmbeddedWorkerJmsContainer-13] [uk.ac.ebi.interpro.scan.io.pirsf.hmmer3.PirsfHmmer3RawMatchParser:129] WARN - Couldn't parse the given raw match line, because it is of an unexpected format.
2023-06-24 18:06:38,091 [amqEmbeddedWorkerJmsContainer-13] [uk.ac.ebi.interpro.scan.io.pirsf.hmmer3.PirsfHmmer3RawMatchParser:130] WARN - Unexpected Raw match line: 1 !  299.7   0.3   2.4e-93   1.2e-90     146     564 ..      70     438 ..      48     446 .. 0.91
2023-06-24 18:06:38,091 [amqEmbeddedWorkerJmsContainer-13] [uk.ac.ebi.interpro.scan.io.pirsf.hmmer3.PirsfHmmer3RawMatchParser:129] WARN - Couldn't parse the given raw match line, because it is of an unexpected format.
2023-06-24 18:06:38,091 [amqEmbeddedWorkerJmsContainer-13] [uk.ac.ebi.interpro.scan.io.pirsf.hmmer3.PirsfHmmer3RawMatchParser:130] WARN - Unexpected Raw match line: Query sequence: 216 matches PIRSF006553: Type II DNA topoisomerase VI, subunit B
2023-06-24 18:06:38,092 [amqEmbeddedWorkerJmsContainer-13] [uk.ac.ebi.interpro.scan.io.pirsf.hmmer3.PirsfHmmer3RawMatchParser:129] WARN - Couldn't parse the given raw match line, because it is of an unexpected format.
2023-06-24 18:06:38,092 [amqEmbeddedWorkerJmsContainer-13] [uk.ac.ebi.interpro.scan.io.pirsf.hmmer3.PirsfHmmer3RawMatchParser:130] WARN - Unexpected Raw match line: #    score  bias  c-Evalue  i-Evalue hmmfrom  hmm to    alifrom  ali to    envfrom  env to     acc
2023-06-24 18:06:38,092 [amqEmbeddedWorkerJmsContainer-13] [uk.ac.ebi.interpro.scan.io.pirsf.hmmer3.PirsfHmmer3RawMatchParser:129] WARN - Couldn't parse the given raw match line, because it is of an unexpected format.
2023-06-24 18:06:38,092 [amqEmbeddedWorkerJmsContainer-13] [uk.ac.ebi.interpro.scan.io.pirsf.hmmer3.PirsfHmmer3RawMatchParser:130] WARN - Unexpected Raw match line: 1 !  759.4   3.8  2.1e-232  5.1e-230       4     522 ..      11     536 ..       8     585 .. 0.96
2023-06-24 18:06:38,092 [amqEmbeddedWorkerJmsContainer-13] [uk.ac.ebi.interpro.scan.io.pirsf.hmmer3.PirsfHmmer3RawMatchParser:129] WARN - Couldn't parse the given raw match line, because it is of an unexpected format.
2023-06-24 18:06:38,092 [amqEmbeddedWorkerJmsContainer-13] [uk.ac.ebi.interpro.scan.io.pirsf.hmmer3.PirsfHmmer3RawMatchParser:130] WARN - Unexpected Raw match line: Query sequence: 234 matches PIRSF005378: RNA 3'-terminal phosphate cyclase
2023-06-24 18:06:38,092 [amqEmbeddedWorkerJmsContainer-13] [uk.ac.ebi.interpro.scan.io.pirsf.hmmer3.PirsfHmmer3RawMatchParser:129] WARN - Couldn't parse the given raw match line, because it is of an unexpected format.
2023-06-24 18:06:38,092 [amqEmbeddedWorkerJmsContainer-13] [uk.ac.ebi.interpro.scan.io.pirsf.hmmer3.PirsfHmmer3RawMatchParser:130] WARN - Unexpected Raw match line: #    score  bias  c-Evalue  i-Evalue hmmfrom  hmm to    alifrom  ali to    envfrom  env to     acc
2023-06-24 18:06:38,092 [amqEmbeddedWorkerJmsContainer-13] [uk.ac.ebi.interpro.scan.io.pirsf.hmmer3.PirsfHmmer3RawMatchParser:129] WARN - Couldn't parse the given raw match line, because it is of an unexpected format.
2023-06-24 18:06:38,092 [amqEmbeddedWorkerJmsContainer-13] [uk.ac.ebi.interpro.scan.io.pirsf.hmmer3.PirsfHmmer3RawMatchParser:130] WARN - Unexpected Raw match line: 1 !  334.0   0.0  5.3e-104  2.6e-101       3     339 ..      13     331 ..      11     337 .. 0.93
2023-06-24 18:06:38,092 [amqEmbeddedWorkerJmsContainer-13] [uk.ac.ebi.interpro.scan.io.pirsf.hmmer3.PirsfHmmer3RawMatchParser:129] WARN - Couldn't parse the given raw match line, because it is of an unexpected format.
2023-06-24 18:06:38,092 [amqEmbeddedWorkerJmsContainer-13] [uk.ac.ebi.interpro.scan.io.pirsf.hmmer3.PirsfHmmer3RawMatchParser:130] WARN - Unexpected Raw match line: Query sequence: 235 matches PIRSF001123: Glutamyl aminopeptidase, PepA type
2023-06-24 18:06:38,092 [amqEmbeddedWorkerJmsContainer-13] [uk.ac.ebi.interpro.scan.io.pirsf.hmmer3.PirsfHmmer3RawMatchParser:129] WARN - Couldn't parse the given raw match line, because it is of an unexpected format.
2023-06-24 18:06:38,092 [amqEmbeddedWorkerJmsContainer-13] [uk.ac.ebi.interpro.scan.io.pirsf.hmmer3.PirsfHmmer3RawMatchParser:130] WARN - Unexpected Raw match line: #    score  bias  c-Evalue  i-Evalue hmmfrom  hmm to    alifrom  ali to    envfrom  env to     acc
2023-06-24 18:06:38,092 [amqEmbeddedWorkerJmsContainer-13] [uk.ac.ebi.interpro.scan.io.pirsf.hmmer3.PirsfHmmer3RawMatchParser:129] WARN - Couldn't parse the given raw match line, because it is of an unexpected format.
2023-06-24 18:06:38,092 [amqEmbeddedWorkerJmsContainer-13] [uk.ac.ebi.interpro.scan.io.pirsf.hmmer3.PirsfHmmer3RawMatchParser:130] WARN - Unexpected Raw match line: 1 !  321.4   0.5  9.1e-100   1.5e-97       2     346 ..      35     369 ..      34     370 .] 0.97
2023-06-24 18:06:38,093 [amqEmbeddedWorkerJmsContainer-13] [uk.ac.ebi.interpro.scan.io.pirsf.hmmer3.PirsfHmmer3RawMatchParser:129] WARN - Couldn't parse the given raw match line, because it is of an unexpected format.
2023-06-24 18:06:38,093 [amqEmbeddedWorkerJmsContainer-13] [uk.ac.ebi.interpro.scan.io.pirsf.hmmer3.PirsfHmmer3RawMatchParser:130] WARN - Unexpected Raw match line: Query sequence: 249 matches PIRSF017184: Bifunctional NAD(P)H-hydrate repair enzyme Nnr
2023-06-24 18:06:38,093 [amqEmbeddedWorkerJmsContainer-13] [uk.ac.ebi.interpro.scan.io.pirsf.hmmer3.PirsfHmmer3RawMatchParser:129] WARN - Couldn't parse the given raw match line, because it is of an unexpected format.
2023-06-24 18:06:38,093 [amqEmbeddedWorkerJmsContainer-13] [uk.ac.ebi.interpro.scan.io.pirsf.hmmer3.PirsfHmmer3RawMatchParser:130] WARN - Unexpected Raw match line: #    score  bias  c-Evalue  i-Evalue hmmfrom  hmm to    alifrom  ali to    envfrom  env to     acc
2023-06-24 18:06:38,093 [amqEmbeddedWorkerJmsContainer-13] [uk.ac.ebi.interpro.scan.io.pirsf.hmmer3.PirsfHmmer3RawMatchParser:129] WARN - Couldn't parse the given raw match line, because it is of an unexpected format.
2023-06-24 18:06:38,093 [amqEmbeddedWorkerJmsContainer-13] [uk.ac.ebi.interpro.scan.io.pirsf.hmmer3.PirsfHmmer3RawMatchParser:130] WARN - Unexpected Raw match line: 1 !  446.8   0.0  4.2e-138  2.1e-135       1     500 [.      44     549 ..      44     555 .. 0.97
2023-06-24 18:06:38,093 [amqEmbeddedWorkerJmsContainer-13] [uk.ac.ebi.interpro.scan.io.pirsf.hmmer3.PirsfHmmer3RawMatchParser:129] WARN - Couldn't parse the given raw match line, because it is of an unexpected format.
2023-06-24 18:06:38,093 [amqEmbeddedWorkerJmsContainer-13] [uk.ac.ebi.interpro.scan.io.pirsf.hmmer3.PirsfHmmer3RawMatchParser:130] WARN - Unexpected Raw match line: Query sequence: 251 matches PIRSF001400: Enolase
2023-06-24 18:06:38,093 [amqEmbeddedWorkerJmsContainer-13] [uk.ac.ebi.interpro.scan.io.pirsf.hmmer3.PirsfHmmer3RawMatchParser:129] WARN - Couldn't parse the given raw match line, because it is of an unexpected format.
2023-06-24 18:06:38,093 [amqEmbeddedWorkerJmsContainer-13] [uk.ac.ebi.interpro.scan.io.pirsf.hmmer3.PirsfHmmer3RawMatchParser:130] WARN - Unexpected Raw match line: #    score  bias  c-Evalue  i-Evalue hmmfrom  hmm to    alifrom  ali to    envfrom  env to     acc
2023-06-24 18:06:38,093 [amqEmbeddedWorkerJmsContainer-13] [uk.ac.ebi.interpro.scan.io.pirsf.hmmer3.PirsfHmmer3RawMatchParser:129] WARN - Couldn't parse the given raw match line, because it is of an unexpected format.
2023-06-24 18:06:38,093 [amqEmbeddedWorkerJmsContainer-13] [uk.ac.ebi.interpro.scan.io.pirsf.hmmer3.PirsfHmmer3RawMatchParser:130] WARN - Unexpected Raw match line: 1 !  463.4   0.1  3.3e-143  1.6e-140       2     416 ..      11     409 ..      10     411 .] 0.98
2023-06-24 18:06:38,093 [amqEmbeddedWorkerJmsContainer-13] [uk.ac.ebi.interpro.scan.io.pirsf.hmmer3.PirsfHmmer3RawMatchParser:129] WARN - Couldn't parse the given raw match line, because it is of an unexpected format.
2023-06-24 18:06:38,093 [amqEmbeddedWorkerJmsContainer-13] [uk.ac.ebi.interpro.scan.io.pirsf.hmmer3.PirsfHmmer3RawMatchParser:130] WARN - Unexpected Raw match line: Query sequence: 275 matches PIRSF005962: Metal-dependent amidase/aminoacylase/carboxypeptidase
2023-06-24 18:06:38,093 [amqEmbeddedWorkerJmsContainer-13] [uk.ac.ebi.interpro.scan.io.pirsf.hmmer3.PirsfHmmer3RawMatchParser:129] WARN - Couldn't parse the given raw match line, because it is of an unexpected format.
2023-06-24 18:06:38,093 [amqEmbeddedWorkerJmsContainer-13] [uk.ac.ebi.interpro.scan.io.pirsf.hmmer3.PirsfHmmer3RawMatchParser:130] WARN - Unexpected Raw match line: #    score  bias  c-Evalue  i-Evalue hmmfrom  hmm to    alifrom  ali to    envfrom  env to     acc
2023-06-24 18:06:38,093 [amqEmbeddedWorkerJmsContainer-13] [uk.ac.ebi.interpro.scan.io.pirsf.hmmer3.PirsfHmmer3RawMatchParser:129] WARN - Couldn't parse the given raw match line, because it is of an unexpected format.
2023-06-24 18:06:38,094 [amqEmbeddedWorkerJmsContainer-13] [uk.ac.ebi.interpro.scan.io.pirsf.hmmer3.PirsfHmmer3RawMatchParser:130] WARN - Unexpected Raw match line: 1 !  443.5   0.4  7.3e-137  1.8e-134      10     394 ..      38     410 ..      31     412 .] 0.96
2023-06-24 18:06:38,094 [amqEmbeddedWorkerJmsContainer-13] [uk.ac.ebi.interpro.scan.io.pirsf.hmmer3.PirsfHmmer3RawMatchParser:129] WARN - Couldn't parse the given raw match line, because it is of an unexpected format.
2023-06-24 18:06:38,094 [amqEmbeddedWorkerJmsContainer-13] [uk.ac.ebi.interpro.scan.io.pirsf.hmmer3.PirsfHmmer3RawMatchParser:130] WARN - Unexpected Raw match line: Query sequence: 304 matches PIRSF036983: Uncharacterised protein with 2 CBS domain pairs, MJ1404 type
2023-06-24 18:06:38,094 [amqEmbeddedWorkerJmsContainer-13] [uk.ac.ebi.interpro.scan.io.pirsf.hmmer3.PirsfHmmer3RawMatchParser:129] WARN - Couldn't parse the given raw match line, because it is of an unexpected format.
2023-06-24 18:06:38,094 [amqEmbeddedWorkerJmsContainer-13] [uk.ac.ebi.interpro.scan.io.pirsf.hmmer3.PirsfHmmer3RawMatchParser:130] WARN - Unexpected Raw match line: #    score  bias  c-Evalue  i-Evalue hmmfrom  hmm to    alifrom  ali to    envfrom  env to     acc
2023-06-24 18:06:38,094 [amqEmbeddedWorkerJmsContainer-13] [uk.ac.ebi.interpro.scan.io.pirsf.hmmer3.PirsfHmmer3RawMatchParser:129] WARN - Couldn't parse the given raw match line, because it is of an unexpected format.
2023-06-24 18:06:38,094 [amqEmbeddedWorkerJmsContainer-13] [uk.ac.ebi.interpro.scan.io.pirsf.hmmer3.PirsfHmmer3RawMatchParser:130] WARN - Unexpected Raw match line: 1 !  306.6  19.3   2.6e-95   6.4e-93       3     373 ..      21     389 ..      19     394 .. 0.94
2023-06-24 18:06:38,094 [amqEmbeddedWorkerJmsContainer-13] [uk.ac.ebi.interpro.scan.io.pirsf.hmmer3.PirsfHmmer3RawMatchParser:129] WARN - Couldn't parse the given raw match line, because it is of an unexpected format.
2023-06-24 18:06:38,094 [amqEmbeddedWorkerJmsContainer-13] [uk.ac.ebi.interpro.scan.io.pirsf.hmmer3.PirsfHmmer3RawMatchParser:130] WARN - Unexpected Raw match line: Query sequence: 326 matches PIRSF001265: H(+)-translocating inorganic pyrophosphatase
2023-06-24 18:06:38,094 [amqEmbeddedWorkerJmsContainer-13] [uk.ac.ebi.interpro.scan.io.pirsf.hmmer3.PirsfHmmer3RawMatchParser:129] WARN - Couldn't parse the given raw match line, because it is of an unexpected format.
2023-06-24 18:06:38,094 [amqEmbeddedWorkerJmsContainer-13] [uk.ac.ebi.interpro.scan.io.pirsf.hmmer3.PirsfHmmer3RawMatchParser:130] WARN - Unexpected Raw match line: #    score  bias  c-Evalue  i-Evalue hmmfrom  hmm to    alifrom  ali to    envfrom  env to     acc
2023-06-24 18:06:38,094 [amqEmbeddedWorkerJmsContainer-13] [uk.ac.ebi.interpro.scan.io.pirsf.hmmer3.PirsfHmmer3RawMatchParser:129] WARN - Couldn't parse the given raw match line, because it is of an unexpected format.
2023-06-24 18:06:38,094 [amqEmbeddedWorkerJmsContainer-13] [uk.ac.ebi.interpro.scan.io.pirsf.hmmer3.PirsfHmmer3RawMatchParser:130] WARN - Unexpected Raw match line: 1 !  886.7  58.7  7.7e-271  3.8e-268      11     706 ..      20     691 ..      11     693 .] 0.95
2023-06-24 18:06:38,094 [amqEmbeddedWorkerJmsContainer-13] [uk.ac.ebi.interpro.scan.io.pirsf.hmmer3.PirsfHmmer3RawMatchParser:129] WARN - Couldn't parse the given raw match line, because it is of an unexpected format.
2023-06-24 18:06:38,094 [amqEmbeddedWorkerJmsContainer-13] [uk.ac.ebi.interpro.scan.io.pirsf.hmmer3.PirsfHmmer3RawMatchParser:130] WARN - Unexpected Raw match line: Query sequence: 335 matches PIRSF000412: Serine/glycine hydroxymethyltransferase
2023-06-24 18:06:38,094 [amqEmbeddedWorkerJmsContainer-13] [uk.ac.ebi.interpro.scan.io.pirsf.hmmer3.PirsfHmmer3RawMatchParser:129] WARN - Couldn't parse the given raw match line, because it is of an unexpected format.
2023-06-24 18:06:38,094 [amqEmbeddedWorkerJmsContainer-13] [uk.ac.ebi.interpro.scan.io.pirsf.hmmer3.PirsfHmmer3RawMatchParser:130] WARN - Unexpected Raw match line: #    score  bias  c-Evalue  i-Evalue hmmfrom  hmm to    alifrom  ali to    envfrom  env to     acc
2023-06-24 18:06:38,095 [amqEmbeddedWorkerJmsContainer-13] [uk.ac.ebi.interpro.scan.io.pirsf.hmmer3.PirsfHmmer3RawMatchParser:129] WARN - Couldn't parse the given raw match line, because it is of an unexpected format.
2023-06-24 18:06:38,095 [amqEmbeddedWorkerJmsContainer-13] [uk.ac.ebi.interpro.scan.io.pirsf.hmmer3.PirsfHmmer3RawMatchParser:130] WARN - Unexpected Raw match line: 1 !  464.8   0.0  2.3e-143  5.7e-141      13     443 ..      44     468 ..      32     473 .. 0.95
2023-06-24 18:06:38,095 [amqEmbeddedWorkerJmsContainer-13] [uk.ac.ebi.interpro.scan.io.pirsf.hmmer3.PirsfHmmer3RawMatchParser:129] WARN - Couldn't parse the given raw match line, because it is of an unexpected format.
2023-06-24 18:06:38,095 [amqEmbeddedWorkerJmsContainer-13] [uk.ac.ebi.interpro.scan.io.pirsf.hmmer3.PirsfHmmer3RawMatchParser:130] WARN - Unexpected Raw match line: Query sequence: 344 matches PIRSF001220: L-asparaginase/Glutamyl-tRNA(Gln) amidotransferase subunit D
2023-06-24 18:06:38,095 [amqEmbeddedWorkerJmsContainer-13] [uk.ac.ebi.interpro.scan.io.pirsf.hmmer3.PirsfHmmer3RawMatchParser:129] WARN - Couldn't parse the given raw match line, because it is of an unexpected format.
2023-06-24 18:06:38,095 [amqEmbeddedWorkerJmsContainer-13] [uk.ac.ebi.interpro.scan.io.pirsf.hmmer3.PirsfHmmer3RawMatchParser:130] WARN - Unexpected Raw match line: #    score  bias  c-Evalue  i-Evalue hmmfrom  hmm to    alifrom  ali to    envfrom  env to     acc
2023-06-24 18:06:38,095 [amqEmbeddedWorkerJmsContainer-13] [uk.ac.ebi.interpro.scan.io.pirsf.hmmer3.PirsfHmmer3RawMatchParser:129] WARN - Couldn't parse the given raw match line, because it is of an unexpected format.
2023-06-24 18:06:38,095 [amqEmbeddedWorkerJmsContainer-13] [uk.ac.ebi.interpro.scan.io.pirsf.hmmer3.PirsfHmmer3RawMatchParser:130] WARN - Unexpected Raw match line: 1 !  363.5   0.0  5.6e-113  2.8e-110       3     330 ..      79     408 ..      77     409 .. 0.96
2023-06-24 18:06:38,095 [amqEmbeddedWorkerJmsContainer-13] [uk.ac.ebi.interpro.scan.io.pirsf.hmmer3.PirsfHmmer3RawMatchParser:129] WARN - Couldn't parse the given raw match line, because it is of an unexpected format.
2023-06-24 18:06:38,095 [amqEmbeddedWorkerJmsContainer-13] [uk.ac.ebi.interpro.scan.io.pirsf.hmmer3.PirsfHmmer3RawMatchParser:130] WARN - Unexpected Raw match line: and matches Sub-Family PIRSF500175: Glutamyl-tRNA(Gln) amidotransferase, subunit D
2023-06-24 18:06:38,095 [amqEmbeddedWorkerJmsContainer-13] [uk.ac.ebi.interpro.scan.io.pirsf.hmmer3.PirsfHmmer3RawMatchParser:129] WARN - Couldn't parse the given raw match line, because it is of an unexpected format.
2023-06-24 18:06:38,095 [amqEmbeddedWorkerJmsContainer-13] [uk.ac.ebi.interpro.scan.io.pirsf.hmmer3.PirsfHmmer3RawMatchParser:130] WARN - Unexpected Raw match line: #    score  bias  c-Evalue  i-Evalue hmmfrom  hmm to    alifrom  ali to    envfrom  env to     acc
2023-06-24 18:06:38,095 [amqEmbeddedWorkerJmsContainer-13] [uk.ac.ebi.interpro.scan.io.pirsf.hmmer3.PirsfHmmer3RawMatchParser:129] WARN - Couldn't parse the given raw match line, because it is of an unexpected format.
2023-06-24 18:06:38,095 [amqEmbeddedWorkerJmsContainer-13] [uk.ac.ebi.interpro.scan.io.pirsf.hmmer3.PirsfHmmer3RawMatchParser:130] WARN - Unexpected Raw match line: 1 !  580.1   0.3    1e-178  5.2e-176       2     414 ..      11     413 ..      10     416 .] 0.97
2023-06-24 18:06:38,096 [amqEmbeddedWorkerJmsContainer-13] [uk.ac.ebi.interpro.scan.io.pirsf.hmmer3.PirsfHmmer3RawMatchParser:129] WARN - Couldn't parse the given raw match line, because it is of an unexpected format.
2023-06-24 18:06:38,096 [amqEmbeddedWorkerJmsContainer-13] [uk.ac.ebi.interpro.scan.io.pirsf.hmmer3.PirsfHmmer3RawMatchParser:130] WARN - Unexpected Raw match line: Query sequence: 359 matches PIRSF006809: Predicted GTP-binding protein, HflX type
2023-06-24 18:06:38,096 [amqEmbeddedWorkerJmsContainer-13] [uk.ac.ebi.interpro.scan.io.pirsf.hmmer3.PirsfHmmer3RawMatchParser:129] WARN - Couldn't parse the given raw match line, because it is of an unexpected format.
2023-06-24 18:06:38,096 [amqEmbeddedWorkerJmsContainer-13] [uk.ac.ebi.interpro.scan.io.pirsf.hmmer3.PirsfHmmer3RawMatchParser:130] WARN - Unexpected Raw match line: #    score  bias  c-Evalue  i-Evalue hmmfrom  hmm to    alifrom  ali to    envfrom  env to     acc
2023-06-24 18:06:38,096 [amqEmbeddedWorkerJmsContainer-13] [uk.ac.ebi.interpro.scan.io.pirsf.hmmer3.PirsfHmmer3RawMatchParser:129] WARN - Couldn't parse the given raw match line, because it is of an unexpected format.
2023-06-24 18:06:38,096 [amqEmbeddedWorkerJmsContainer-13] [uk.ac.ebi.interpro.scan.io.pirsf.hmmer3.PirsfHmmer3RawMatchParser:130] WARN - Unexpected Raw match line: 1 !  340.6   2.4    2e-105  3.4e-103      28     405 ..      29     396 ..      19     410 .. 0.91
2023-06-24 18:06:38,096 [amqEmbeddedWorkerJmsContainer-13] [uk.ac.ebi.interpro.scan.io.pirsf.hmmer3.PirsfHmmer3RawMatchParser:129] WARN - Couldn't parse the given raw match line, because it is of an unexpected format.
2023-06-24 18:06:38,096 [amqEmbeddedWorkerJmsContainer-13] [uk.ac.ebi.interpro.scan.io.pirsf.hmmer3.PirsfHmmer3RawMatchParser:130] WARN - Unexpected Raw match line: Query sequence: 362 matches PIRSF000185: Glutamate dehydrogenase
2023-06-24 18:06:38,096 [amqEmbeddedWorkerJmsContainer-13] [uk.ac.ebi.interpro.scan.io.pirsf.hmmer3.PirsfHmmer3RawMatchParser:129] WARN - Couldn't parse the given raw match line, because it is of an unexpected format.
2023-06-24 18:06:38,096 [amqEmbeddedWorkerJmsContainer-13] [uk.ac.ebi.interpro.scan.io.pirsf.hmmer3.PirsfHmmer3RawMatchParser:130] WARN - Unexpected Raw match line: #    score  bias  c-Evalue  i-Evalue hmmfrom  hmm to    alifrom  ali to    envfrom  env to     acc
2023-06-24 18:06:38,096 [amqEmbeddedWorkerJmsContainer-13] [uk.ac.ebi.interpro.scan.io.pirsf.hmmer3.PirsfHmmer3RawMatchParser:129] WARN - Couldn't parse the given raw match line, because it is of an unexpected format.
2023-06-24 18:06:38,096 [amqEmbeddedWorkerJmsContainer-13] [uk.ac.ebi.interpro.scan.io.pirsf.hmmer3.PirsfHmmer3RawMatchParser:130] WARN - Unexpected Raw match line: 1 !  364.7   0.0  5.7e-113  1.4e-110       3     418 ..      30     462 .]      28     462 .] 0.90
2023-06-24 18:06:38,096 [amqEmbeddedWorkerJmsContainer-13] [uk.ac.ebi.interpro.scan.io.pirsf.hmmer3.PirsfHmmer3RawMatchParser:129] WARN - Couldn't parse the given raw match line, because it is of an unexpected format.
2023-06-24 18:06:38,096 [amqEmbeddedWorkerJmsContainer-13] [uk.ac.ebi.interpro.scan.io.pirsf.hmmer3.PirsfHmmer3RawMatchParser:130] WARN - Unexpected Raw match line: Query sequence: 368 matches PIRSF001549: Histidyl-tRNA synthetase
2023-06-24 18:06:38,096 [amqEmbeddedWorkerJmsContainer-13] [uk.ac.ebi.interpro.scan.io.pirsf.hmmer3.PirsfHmmer3RawMatchParser:129] WARN - Couldn't parse the given raw match line, because it is of an unexpected format.
2023-06-24 18:06:38,096 [amqEmbeddedWorkerJmsContainer-13] [uk.ac.ebi.interpro.scan.io.pirsf.hmmer3.PirsfHmmer3RawMatchParser:130] WARN - Unexpected Raw match line: #    score  bias  c-Evalue  i-Evalue hmmfrom  hmm to    alifrom  ali to    envfrom  env to     acc
2023-06-24 18:06:38,096 [amqEmbeddedWorkerJmsContainer-13] [uk.ac.ebi.interpro.scan.io.pirsf.hmmer3.PirsfHmmer3RawMatchParser:129] WARN - Couldn't parse the given raw match line, because it is of an unexpected format.
2023-06-24 18:06:38,097 [amqEmbeddedWorkerJmsContainer-13] [uk.ac.ebi.interpro.scan.io.pirsf.hmmer3.PirsfHmmer3RawMatchParser:130] WARN - Unexpected Raw match line: 1 !  414.5   1.5  1.1e-127  1.3e-125       3     437 ..      10     424 ..       8     425 .] 0.93
2023-06-24 18:06:38,097 [amqEmbeddedWorkerJmsContainer-13] [uk.ac.ebi.interpro.scan.io.pirsf.hmmer3.PirsfHmmer3RawMatchParser:129] WARN - Couldn't parse the given raw match line, because it is of an unexpected format.
2023-06-24 18:06:38,097 [amqEmbeddedWorkerJmsContainer-13] [uk.ac.ebi.interpro.scan.io.pirsf.hmmer3.PirsfHmmer3RawMatchParser:130] WARN - Unexpected Raw match line: Query sequence: 39 matches PIRSF006413: Translation initiation factor 6
2023-06-24 18:06:38,097 [amqEmbeddedWorkerJmsContainer-13] [uk.ac.ebi.interpro.scan.io.pirsf.hmmer3.PirsfHmmer3RawMatchParser:129] WARN - Couldn't parse the given raw match line, because it is of an unexpected format.
2023-06-24 18:06:38,097 [amqEmbeddedWorkerJmsContainer-13] [uk.ac.ebi.interpro.scan.io.pirsf.hmmer3.PirsfHmmer3RawMatchParser:130] WARN - Unexpected Raw match line: #    score  bias  c-Evalue  i-Evalue hmmfrom  hmm to    alifrom  ali to    envfrom  env to     acc
2023-06-24 18:06:38,097 [amqEmbeddedWorkerJmsContainer-13] [uk.ac.ebi.interpro.scan.io.pirsf.hmmer3.PirsfHmmer3RawMatchParser:129] WARN - Couldn't parse the given raw match line, because it is of an unexpected format.
2023-06-24 18:06:38,097 [amqEmbeddedWorkerJmsContainer-13] [uk.ac.ebi.interpro.scan.io.pirsf.hmmer3.PirsfHmmer3RawMatchParser:130] WARN - Unexpected Raw match line: 1 !  230.1   8.5   1.1e-72   5.2e-70       1     221 [.       3     219 ..       3     222 .] 0.98
2023-06-24 18:06:38,097 [amqEmbeddedWorkerJmsContainer-13] [uk.ac.ebi.interpro.scan.io.pirsf.hmmer3.PirsfHmmer3RawMatchParser:129] WARN - Couldn't parse the given raw match line, because it is of an unexpected format.
2023-06-24 18:06:38,097 [amqEmbeddedWorkerJmsContainer-13] [uk.ac.ebi.interpro.scan.io.pirsf.hmmer3.PirsfHmmer3RawMatchParser:130] WARN - Unexpected Raw match line: Query sequence: 393 matches PIRSF001348: Phosphoenolpyruvate carboxykinase (GTP)
2023-06-24 18:06:38,097 [amqEmbeddedWorkerJmsContainer-13] [uk.ac.ebi.interpro.scan.io.pirsf.hmmer3.PirsfHmmer3RawMatchParser:129] WARN - Couldn't parse the given raw match line, because it is of an unexpected format.
2023-06-24 18:06:38,097 [amqEmbeddedWorkerJmsContainer-13] [uk.ac.ebi.interpro.scan.io.pirsf.hmmer3.PirsfHmmer3RawMatchParser:130] WARN - Unexpected Raw match line: #    score  bias  c-Evalue  i-Evalue hmmfrom  hmm to    alifrom  ali to    envfrom  env to     acc
2023-06-24 18:06:38,097 [amqEmbeddedWorkerJmsContainer-13] [uk.ac.ebi.interpro.scan.io.pirsf.hmmer3.PirsfHmmer3RawMatchParser:129] WARN - Couldn't parse the given raw match line, because it is of an unexpected format.
2023-06-24 18:06:38,097 [amqEmbeddedWorkerJmsContainer-13] [uk.ac.ebi.interpro.scan.io.pirsf.hmmer3.PirsfHmmer3RawMatchParser:130] WARN - Unexpected Raw match line: 1 !  625.7   0.0  3.5e-192  1.7e-189       5     611 ..       8     606 ..       4     607 .. 0.95
2023-06-24 18:06:38,097 [amqEmbeddedWorkerJmsContainer-13] [uk.ac.ebi.interpro.scan.io.pirsf.hmmer3.PirsfHmmer3RawMatchParser:129] WARN - Couldn't parse the given raw match line, because it is of an unexpected format.
2023-06-24 18:06:38,097 [amqEmbeddedWorkerJmsContainer-13] [uk.ac.ebi.interpro.scan.io.pirsf.hmmer3.PirsfHmmer3RawMatchParser:130] WARN - Unexpected Raw match line: Query sequence: 416 matches PIRSF004919: Peptidase, TldD type
2023-06-24 18:06:38,097 [amqEmbeddedWorkerJmsContainer-13] [uk.ac.ebi.interpro.scan.io.pirsf.hmmer3.PirsfHmmer3RawMatchParser:129] WARN - Couldn't parse the given raw match line, because it is of an unexpected format.
2023-06-24 18:06:38,097 [amqEmbeddedWorkerJmsContainer-13] [uk.ac.ebi.interpro.scan.io.pirsf.hmmer3.PirsfHmmer3RawMatchParser:130] WARN - Unexpected Raw match line: #    score  bias  c-Evalue  i-Evalue hmmfrom  hmm to    alifrom  ali to    envfrom  env to     acc
2023-06-24 18:06:38,098 [amqEmbeddedWorkerJmsContainer-13] [uk.ac.ebi.interpro.scan.io.pirsf.hmmer3.PirsfHmmer3RawMatchParser:129] WARN - Couldn't parse the given raw match line, because it is of an unexpected format.
2023-06-24 18:06:38,098 [amqEmbeddedWorkerJmsContainer-13] [uk.ac.ebi.interpro.scan.io.pirsf.hmmer3.PirsfHmmer3RawMatchParser:130] WARN - Unexpected Raw match line: 1 !  478.4   1.0  4.8e-147  5.9e-145      11     459 ..      24     485 ..      15     488 .] 0.97
2023-06-24 18:06:38,098 [amqEmbeddedWorkerJmsContainer-13] [uk.ac.ebi.interpro.scan.io.pirsf.hmmer3.PirsfHmmer3RawMatchParser:129] WARN - Couldn't parse the given raw match line, because it is of an unexpected format.
2023-06-24 18:06:38,098 [amqEmbeddedWorkerJmsContainer-13] [uk.ac.ebi.interpro.scan.io.pirsf.hmmer3.PirsfHmmer3RawMatchParser:130] WARN - Unexpected Raw match line: Query sequence: 426 matches PIRSF037307: Predicted Lhr-like ATP-dependent RNA helicase
2023-06-24 18:06:38,098 [amqEmbeddedWorkerJmsContainer-13] [uk.ac.ebi.interpro.scan.io.pirsf.hmmer3.PirsfHmmer3RawMatchParser:129] WARN - Couldn't parse the given raw match line, because it is of an unexpected format.
2023-06-24 18:06:38,098 [amqEmbeddedWorkerJmsContainer-13] [uk.ac.ebi.interpro.scan.io.pirsf.hmmer3.PirsfHmmer3RawMatchParser:130] WARN - Unexpected Raw match line: #    score  bias  c-Evalue  i-Evalue hmmfrom  hmm to    alifrom  ali to    envfrom  env to     acc
2023-06-24 18:06:38,098 [amqEmbeddedWorkerJmsContainer-13] [uk.ac.ebi.interpro.scan.io.pirsf.hmmer3.PirsfHmmer3RawMatchParser:129] WARN - Couldn't parse the given raw match line, because it is of an unexpected format.
2023-06-24 18:06:38,098 [amqEmbeddedWorkerJmsContainer-13] [uk.ac.ebi.interpro.scan.io.pirsf.hmmer3.PirsfHmmer3RawMatchParser:130] WARN - Unexpected Raw match line: 1 !  931.7  14.7  1.4e-283  1.4e-281      10     939 .]      22     907 .]      11     907 .] 0.95
2023-06-24 18:06:38,098 [amqEmbeddedWorkerJmsContainer-13] [uk.ac.ebi.interpro.scan.io.pirsf.hmmer3.PirsfHmmer3RawMatchParser:129] WARN - Couldn't parse the given raw match line, because it is of an unexpected format.
2023-06-24 18:06:38,098 [amqEmbeddedWorkerJmsContainer-13] [uk.ac.ebi.interpro.scan.io.pirsf.hmmer3.PirsfHmmer3RawMatchParser:130] WARN - Unexpected Raw match line: Query sequence: 430 matches PIRSF037016: Predicted pseudouridine synthase, eukaryotic type
2023-06-24 18:06:38,098 [amqEmbeddedWorkerJmsContainer-13] [uk.ac.ebi.interpro.scan.io.pirsf.hmmer3.PirsfHmmer3RawMatchParser:129] WARN - Couldn't parse the given raw match line, because it is of an unexpected format.
2023-06-24 18:06:38,098 [amqEmbeddedWorkerJmsContainer-13] [uk.ac.ebi.interpro.scan.io.pirsf.hmmer3.PirsfHmmer3RawMatchParser:130] WARN - Unexpected Raw match line: #    score  bias  c-Evalue  i-Evalue hmmfrom  hmm to    alifrom  ali to    envfrom  env to     acc
2023-06-24 18:06:38,098 [amqEmbeddedWorkerJmsContainer-13] [uk.ac.ebi.interpro.scan.io.pirsf.hmmer3.PirsfHmmer3RawMatchParser:129] WARN - Couldn't parse the given raw match line, because it is of an unexpected format.
2023-06-24 18:06:38,098 [amqEmbeddedWorkerJmsContainer-13] [uk.ac.ebi.interpro.scan.io.pirsf.hmmer3.PirsfHmmer3RawMatchParser:130] WARN - Unexpected Raw match line: 1 !  186.5   0.6   4.1e-59     2e-56     251     598 ..      60     379 ..      42     384 .. 0.89
2023-06-24 18:06:38,098 [amqEmbeddedWorkerJmsContainer-13] [uk.ac.ebi.interpro.scan.io.pirsf.hmmer3.PirsfHmmer3RawMatchParser:129] WARN - Couldn't parse the given raw match line, because it is of an unexpected format.
2023-06-24 18:06:38,098 [amqEmbeddedWorkerJmsContainer-13] [uk.ac.ebi.interpro.scan.io.pirsf.hmmer3.PirsfHmmer3RawMatchParser:130] WARN - Unexpected Raw match line: 2 !    9.1   0.1   1.9e-05    0.0096     651     673 ..     389     411 ..     381     414 .. 0.89
2023-06-24 18:06:38,098 [amqEmbeddedWorkerJmsContainer-13] [uk.ac.ebi.interpro.scan.io.pirsf.hmmer3.PirsfHmmer3RawMatchParser:129] WARN - Couldn't parse the given raw match line, because it is of an unexpected format.
2023-06-24 18:06:38,099 [amqEmbeddedWorkerJmsContainer-13] [uk.ac.ebi.interpro.scan.io.pirsf.hmmer3.PirsfHmmer3RawMatchParser:130] WARN - Unexpected Raw match line: Query sequence: 438 matches PIRSF036643: Predicted formate dehydrogenase, alpha subunit
2023-06-24 18:06:38,099 [amqEmbeddedWorkerJmsContainer-13] [uk.ac.ebi.interpro.scan.io.pirsf.hmmer3.PirsfHmmer3RawMatchParser:129] WARN - Couldn't parse the given raw match line, because it is of an unexpected format.
2023-06-24 18:06:38,099 [amqEmbeddedWorkerJmsContainer-13] [uk.ac.ebi.interpro.scan.io.pirsf.hmmer3.PirsfHmmer3RawMatchParser:130] WARN - Unexpected Raw match line: #    score  bias  c-Evalue  i-Evalue hmmfrom  hmm to    alifrom  ali to    envfrom  env to     acc
2023-06-24 18:06:38,099 [amqEmbeddedWorkerJmsContainer-13] [uk.ac.ebi.interpro.scan.io.pirsf.hmmer3.PirsfHmmer3RawMatchParser:129] WARN - Couldn't parse the given raw match line, because it is of an unexpected format.
2023-06-24 18:06:38,099 [amqEmbeddedWorkerJmsContainer-13] [uk.ac.ebi.interpro.scan.io.pirsf.hmmer3.PirsfHmmer3RawMatchParser:130] WARN - Unexpected Raw match line: 1 ! 1172.8   0.0         0         0       6     906 ..      42     919 ..      39     920 .] 0.96
2023-06-24 18:06:38,099 [amqEmbeddedWorkerJmsContainer-13] [uk.ac.ebi.interpro.scan.io.pirsf.hmmer3.PirsfHmmer3RawMatchParser:129] WARN - Couldn't parse the given raw match line, because it is of an unexpected format.
2023-06-24 18:06:38,099 [amqEmbeddedWorkerJmsContainer-13] [uk.ac.ebi.interpro.scan.io.pirsf.hmmer3.PirsfHmmer3RawMatchParser:130] WARN - Unexpected Raw match line: Query sequence: 439 matches PIRSF006392: Cofactor-independent phosphoglycerate mutase, archaeal type
2023-06-24 18:06:38,099 [amqEmbeddedWorkerJmsContainer-13] [uk.ac.ebi.interpro.scan.io.pirsf.hmmer3.PirsfHmmer3RawMatchParser:129] WARN - Couldn't parse the given raw match line, because it is of an unexpected format.
2023-06-24 18:06:38,099 [amqEmbeddedWorkerJmsContainer-13] [uk.ac.ebi.interpro.scan.io.pirsf.hmmer3.PirsfHmmer3RawMatchParser:130] WARN - Unexpected Raw match line: #    score  bias  c-Evalue  i-Evalue hmmfrom  hmm to    alifrom  ali to    envfrom  env to     acc
2023-06-24 18:06:38,099 [amqEmbeddedWorkerJmsContainer-13] [uk.ac.ebi.interpro.scan.io.pirsf.hmmer3.PirsfHmmer3RawMatchParser:129] WARN - Couldn't parse the given raw match line, because it is of an unexpected format.
2023-06-24 18:06:38,099 [amqEmbeddedWorkerJmsContainer-13] [uk.ac.ebi.interpro.scan.io.pirsf.hmmer3.PirsfHmmer3RawMatchParser:130] WARN - Unexpected Raw match line: 1 !  531.8   0.1  5.1e-164  2.5e-161       2     413 ..       4     404 ..       3     405 .. 0.98
2023-06-24 18:06:38,099 [amqEmbeddedWorkerJmsContainer-13] [uk.ac.ebi.interpro.scan.io.pirsf.hmmer3.PirsfHmmer3RawMatchParser:129] WARN - Couldn't parse the given raw match line, because it is of an unexpected format.
2023-06-24 18:06:38,099 [amqEmbeddedWorkerJmsContainer-13] [uk.ac.ebi.interpro.scan.io.pirsf.hmmer3.PirsfHmmer3RawMatchParser:130] WARN - Unexpected Raw match line: Query sequence: 44 matches PIRSF001587: Phosphoribosylformylglycinamidine synthase component II
2023-06-24 18:06:38,099 [amqEmbeddedWorkerJmsContainer-13] [uk.ac.ebi.interpro.scan.io.pirsf.hmmer3.PirsfHmmer3RawMatchParser:129] WARN - Couldn't parse the given raw match line, because it is of an unexpected format.
2023-06-24 18:06:38,099 [amqEmbeddedWorkerJmsContainer-13] [uk.ac.ebi.interpro.scan.io.pirsf.hmmer3.PirsfHmmer3RawMatchParser:130] WARN - Unexpected Raw match line: #    score  bias  c-Evalue  i-Evalue hmmfrom  hmm to    alifrom  ali to    envfrom  env to     acc
2023-06-24 18:06:38,099 [amqEmbeddedWorkerJmsContainer-13] [uk.ac.ebi.interpro.scan.io.pirsf.hmmer3.PirsfHmmer3RawMatchParser:129] WARN - Couldn't parse the given raw match line, because it is of an unexpected format.
2023-06-24 18:06:38,099 [amqEmbeddedWorkerJmsContainer-13] [uk.ac.ebi.interpro.scan.io.pirsf.hmmer3.PirsfHmmer3RawMatchParser:130] WARN - Unexpected Raw match line: 1 !  792.4   0.0  4.2e-242    1e-239      16     739 ..      36     768 ..      20     769 .] 0.93
2023-06-24 18:06:38,099 [amqEmbeddedWorkerJmsContainer-13] [uk.ac.ebi.interpro.scan.io.pirsf.hmmer3.PirsfHmmer3RawMatchParser:129] WARN - Couldn't parse the given raw match line, because it is of an unexpected format.
2023-06-24 18:06:38,100 [amqEmbeddedWorkerJmsContainer-13] [uk.ac.ebi.interpro.scan.io.pirsf.hmmer3.PirsfHmmer3RawMatchParser:130] WARN - Unexpected Raw match line: Query sequence: 440 matches PIRSF006487: Predicted aminomethyltransferase
2023-06-24 18:06:38,100 [amqEmbeddedWorkerJmsContainer-13] [uk.ac.ebi.interpro.scan.io.pirsf.hmmer3.PirsfHmmer3RawMatchParser:129] WARN - Couldn't parse the given raw match line, because it is of an unexpected format.
2023-06-24 18:06:38,100 [amqEmbeddedWorkerJmsContainer-13] [uk.ac.ebi.interpro.scan.io.pirsf.hmmer3.PirsfHmmer3RawMatchParser:130] WARN - Unexpected Raw match line: #    score  bias  c-Evalue  i-Evalue hmmfrom  hmm to    alifrom  ali to    envfrom  env to     acc
2023-06-24 18:06:38,100 [amqEmbeddedWorkerJmsContainer-13] [uk.ac.ebi.interpro.scan.io.pirsf.hmmer3.PirsfHmmer3RawMatchParser:129] WARN - Couldn't parse the given raw match line, because it is of an unexpected format.
2023-06-24 18:06:38,100 [amqEmbeddedWorkerJmsContainer-13] [uk.ac.ebi.interpro.scan.io.pirsf.hmmer3.PirsfHmmer3RawMatchParser:130] WARN - Unexpected Raw match line: 1 !  325.3   0.0  4.6e-101   2.3e-98     411     779 ..       2     371 ..       1     372 [] 0.92
2023-06-24 18:06:38,100 [amqEmbeddedWorkerJmsContainer-13] [uk.ac.ebi.interpro.scan.io.pirsf.hmmer3.PirsfHmmer3RawMatchParser:129] WARN - Couldn't parse the given raw match line, because it is of an unexpected format.
2023-06-24 18:06:38,100 [amqEmbeddedWorkerJmsContainer-13] [uk.ac.ebi.interpro.scan.io.pirsf.hmmer3.PirsfHmmer3RawMatchParser:130] WARN - Unexpected Raw match line: Query sequence: 443 matches PIRSF000803: DNA polymerase II, small subunit, archaeal type
2023-06-24 18:06:38,100 [amqEmbeddedWorkerJmsContainer-13] [uk.ac.ebi.interpro.scan.io.pirsf.hmmer3.PirsfHmmer3RawMatchParser:129] WARN - Couldn't parse the given raw match line, because it is of an unexpected format.
2023-06-24 18:06:38,100 [amqEmbeddedWorkerJmsContainer-13] [uk.ac.ebi.interpro.scan.io.pirsf.hmmer3.PirsfHmmer3RawMatchParser:130] WARN - Unexpected Raw match line: #    score  bias  c-Evalue  i-Evalue hmmfrom  hmm to    alifrom  ali to    envfrom  env to     acc
2023-06-24 18:06:38,100 [amqEmbeddedWorkerJmsContainer-13] [uk.ac.ebi.interpro.scan.io.pirsf.hmmer3.PirsfHmmer3RawMatchParser:129] WARN - Couldn't parse the given raw match line, because it is of an unexpected format.
2023-06-24 18:06:38,100 [amqEmbeddedWorkerJmsContainer-13] [uk.ac.ebi.interpro.scan.io.pirsf.hmmer3.PirsfHmmer3RawMatchParser:130] WARN - Unexpected Raw match line: 1 !  511.1   1.8  1.7e-157  8.2e-155     100     533 ..      63     475 .]      29     475 .] 0.92
2023-06-24 18:06:38,100 [amqEmbeddedWorkerJmsContainer-13] [uk.ac.ebi.interpro.scan.io.pirsf.hmmer3.PirsfHmmer3RawMatchParser:129] WARN - Couldn't parse the given raw match line, because it is of an unexpected format.
2023-06-24 18:06:38,100 [amqEmbeddedWorkerJmsContainer-13] [uk.ac.ebi.interpro.scan.io.pirsf.hmmer3.PirsfHmmer3RawMatchParser:130] WARN - Unexpected Raw match line: Query sequence: 450 matches PIRSF000484: Nicotinate phosphoribosyltransferase
2023-06-24 18:06:38,100 [amqEmbeddedWorkerJmsContainer-13] [uk.ac.ebi.interpro.scan.io.pirsf.hmmer3.PirsfHmmer3RawMatchParser:129] WARN - Couldn't parse the given raw match line, because it is of an unexpected format.
2023-06-24 18:06:38,100 [amqEmbeddedWorkerJmsContainer-13] [uk.ac.ebi.interpro.scan.io.pirsf.hmmer3.PirsfHmmer3RawMatchParser:130] WARN - Unexpected Raw match line: #    score  bias  c-Evalue  i-Evalue hmmfrom  hmm to    alifrom  ali to    envfrom  env to     acc
2023-06-24 18:06:38,100 [amqEmbeddedWorkerJmsContainer-13] [uk.ac.ebi.interpro.scan.io.pirsf.hmmer3.PirsfHmmer3RawMatchParser:129] WARN - Couldn't parse the given raw match line, because it is of an unexpected format.
2023-06-24 18:06:38,100 [amqEmbeddedWorkerJmsContainer-13] [uk.ac.ebi.interpro.scan.io.pirsf.hmmer3.PirsfHmmer3RawMatchParser:130] WARN - Unexpected Raw match line: 1 !    7.1   0.0    0.0001     0.051       6      63 ..       6      65 ..       2      70 .. 0.91
2023-06-24 18:06:38,100 [amqEmbeddedWorkerJmsContainer-13] [uk.ac.ebi.interpro.scan.io.pirsf.hmmer3.PirsfHmmer3RawMatchParser:129] WARN - Couldn't parse the given raw match line, because it is of an unexpected format.
2023-06-24 18:06:38,101 [amqEmbeddedWorkerJmsContainer-13] [uk.ac.ebi.interpro.scan.io.pirsf.hmmer3.PirsfHmmer3RawMatchParser:130] WARN - Unexpected Raw match line: 2 !  167.2   0.0   2.8e-53   1.4e-50      96     422 ..      66     387 ..      63     389 .] 0.91
2023-06-24 18:06:38,101 [amqEmbeddedWorkerJmsContainer-13] [uk.ac.ebi.interpro.scan.io.pirsf.hmmer3.PirsfHmmer3RawMatchParser:129] WARN - Couldn't parse the given raw match line, because it is of an unexpected format.
2023-06-24 18:06:38,101 [amqEmbeddedWorkerJmsContainer-13] [uk.ac.ebi.interpro.scan.io.pirsf.hmmer3.PirsfHmmer3RawMatchParser:130] WARN - Unexpected Raw match line: Query sequence: 451 matches PIRSF026760: Uncharacterised conserved protein, UCP026760 type
2023-06-24 18:06:38,101 [amqEmbeddedWorkerJmsContainer-13] [uk.ac.ebi.interpro.scan.io.pirsf.hmmer3.PirsfHmmer3RawMatchParser:129] WARN - Couldn't parse the given raw match line, because it is of an unexpected format.
2023-06-24 18:06:38,101 [amqEmbeddedWorkerJmsContainer-13] [uk.ac.ebi.interpro.scan.io.pirsf.hmmer3.PirsfHmmer3RawMatchParser:130] WARN - Unexpected Raw match line: #    score  bias  c-Evalue  i-Evalue hmmfrom  hmm to    alifrom  ali to    envfrom  env to     acc
2023-06-24 18:06:38,101 [amqEmbeddedWorkerJmsContainer-13] [uk.ac.ebi.interpro.scan.io.pirsf.hmmer3.PirsfHmmer3RawMatchParser:129] WARN - Couldn't parse the given raw match line, because it is of an unexpected format.
2023-06-24 18:06:38,101 [amqEmbeddedWorkerJmsContainer-13] [uk.ac.ebi.interpro.scan.io.pirsf.hmmer3.PirsfHmmer3RawMatchParser:130] WARN - Unexpected Raw match line: 1 !  351.1   0.0  3.5e-109  1.7e-106       4     345 ..      27     360 ..      25     361 .] 0.93
2023-06-24 18:06:38,101 [amqEmbeddedWorkerJmsContainer-13] [uk.ac.ebi.interpro.scan.io.pirsf.hmmer3.PirsfHmmer3RawMatchParser:129] WARN - Couldn't parse the given raw match line, because it is of an unexpected format.
2023-06-24 18:06:38,101 [amqEmbeddedWorkerJmsContainer-13] [uk.ac.ebi.interpro.scan.io.pirsf.hmmer3.PirsfHmmer3RawMatchParser:130] WARN - Unexpected Raw match line: Query sequence: 457 matches PIRSF001123: Glutamyl aminopeptidase, PepA type
2023-06-24 18:06:38,101 [amqEmbeddedWorkerJmsContainer-13] [uk.ac.ebi.interpro.scan.io.pirsf.hmmer3.PirsfHmmer3RawMatchParser:129] WARN - Couldn't parse the given raw match line, because it is of an unexpected format.
2023-06-24 18:06:38,101 [amqEmbeddedWorkerJmsContainer-13] [uk.ac.ebi.interpro.scan.io.pirsf.hmmer3.PirsfHmmer3RawMatchParser:130] WARN - Unexpected Raw match line: #    score  bias  c-Evalue  i-Evalue hmmfrom  hmm to    alifrom  ali to    envfrom  env to     acc
2023-06-24 18:06:38,101 [amqEmbeddedWorkerJmsContainer-13] [uk.ac.ebi.interpro.scan.io.pirsf.hmmer3.PirsfHmmer3RawMatchParser:129] WARN - Couldn't parse the given raw match line, because it is of an unexpected format.
2023-06-24 18:06:38,101 [amqEmbeddedWorkerJmsContainer-13] [uk.ac.ebi.interpro.scan.io.pirsf.hmmer3.PirsfHmmer3RawMatchParser:130] WARN - Unexpected Raw match line: 1 !  354.6   5.6  7.2e-110  1.2e-107       5     352 ..       8     340 ..       5     342 .. 0.96
2023-06-24 18:06:38,101 [amqEmbeddedWorkerJmsContainer-13] [uk.ac.ebi.interpro.scan.io.pirsf.hmmer3.PirsfHmmer3RawMatchParser:129] WARN - Couldn't parse the given raw match line, because it is of an unexpected format.
2023-06-24 18:06:38,101 [amqEmbeddedWorkerJmsContainer-13] [uk.ac.ebi.interpro.scan.io.pirsf.hmmer3.PirsfHmmer3RawMatchParser:130] WARN - Unexpected Raw match line: Query sequence: 460 matches PIRSF005719: Structural maintenance of chromosomes protein
2023-06-24 18:06:38,101 [amqEmbeddedWorkerJmsContainer-13] [uk.ac.ebi.interpro.scan.io.pirsf.hmmer3.PirsfHmmer3RawMatchParser:129] WARN - Couldn't parse the given raw match line, because it is of an unexpected format.
2023-06-24 18:06:38,101 [amqEmbeddedWorkerJmsContainer-13] [uk.ac.ebi.interpro.scan.io.pirsf.hmmer3.PirsfHmmer3RawMatchParser:130] WARN - Unexpected Raw match line: #    score  bias  c-Evalue  i-Evalue hmmfrom  hmm to    alifrom  ali to    envfrom  env to     acc
2023-06-24 18:06:38,101 [amqEmbeddedWorkerJmsContainer-13] [uk.ac.ebi.interpro.scan.io.pirsf.hmmer3.PirsfHmmer3RawMatchParser:129] WARN - Couldn't parse the given raw match line, because it is of an unexpected format.
2023-06-24 18:06:38,101 [amqEmbeddedWorkerJmsContainer-13] [uk.ac.ebi.interpro.scan.io.pirsf.hmmer3.PirsfHmmer3RawMatchParser:130] WARN - Unexpected Raw match line: 1 !  858.8  96.5  2.5e-261  1.6e-259       2    1187 ..       3    1170 ..       2    1177 .. 0.96
2023-06-24 18:06:38,102 [amqEmbeddedWorkerJmsContainer-13] [uk.ac.ebi.interpro.scan.io.pirsf.hmmer3.PirsfHmmer3RawMatchParser:129] WARN - Couldn't parse the given raw match line, because it is of an unexpected format.
2023-06-24 18:06:38,102 [amqEmbeddedWorkerJmsContainer-13] [uk.ac.ebi.interpro.scan.io.pirsf.hmmer3.PirsfHmmer3RawMatchParser:130] WARN - Unexpected Raw match line: Query sequence: 464 matches PIRSF006588: Tyrosine tRNA ligase, archaeal/eukaryotic types
2023-06-24 18:06:38,102 [amqEmbeddedWorkerJmsContainer-13] [uk.ac.ebi.interpro.scan.io.pirsf.hmmer3.PirsfHmmer3RawMatchParser:129] WARN - Couldn't parse the given raw match line, because it is of an unexpected format.
2023-06-24 18:06:38,102 [amqEmbeddedWorkerJmsContainer-13] [uk.ac.ebi.interpro.scan.io.pirsf.hmmer3.PirsfHmmer3RawMatchParser:130] WARN - Unexpected Raw match line: #    score  bias  c-Evalue  i-Evalue hmmfrom  hmm to    alifrom  ali to    envfrom  env to     acc
2023-06-24 18:06:38,102 [amqEmbeddedWorkerJmsContainer-13] [uk.ac.ebi.interpro.scan.io.pirsf.hmmer3.PirsfHmmer3RawMatchParser:129] WARN - Couldn't parse the given raw match line, because it is of an unexpected format.
2023-06-24 18:06:38,102 [amqEmbeddedWorkerJmsContainer-13] [uk.ac.ebi.interpro.scan.io.pirsf.hmmer3.PirsfHmmer3RawMatchParser:130] WARN - Unexpected Raw match line: 1 !  379.2   0.1    2e-117  4.9e-115       8     335 ..      50     375 ..      46     381 .. 0.96
2023-06-24 18:06:38,102 [amqEmbeddedWorkerJmsContainer-13] [uk.ac.ebi.interpro.scan.io.pirsf.hmmer3.PirsfHmmer3RawMatchParser:129] WARN - Couldn't parse the given raw match line, because it is of an unexpected format.
2023-06-24 18:06:38,102 [amqEmbeddedWorkerJmsContainer-13] [uk.ac.ebi.interpro.scan.io.pirsf.hmmer3.PirsfHmmer3RawMatchParser:130] WARN - Unexpected Raw match line: Query sequence: 467 matches PIRSF036643: Predicted formate dehydrogenase, alpha subunit
2023-06-24 18:06:38,102 [amqEmbeddedWorkerJmsContainer-13] [uk.ac.ebi.interpro.scan.io.pirsf.hmmer3.PirsfHmmer3RawMatchParser:129] WARN - Couldn't parse the given raw match line, because it is of an unexpected format.
2023-06-24 18:06:38,102 [amqEmbeddedWorkerJmsContainer-13] [uk.ac.ebi.interpro.scan.io.pirsf.hmmer3.PirsfHmmer3RawMatchParser:130] WARN - Unexpected Raw match line: #    score  bias  c-Evalue  i-Evalue hmmfrom  hmm to    alifrom  ali to    envfrom  env to     acc
2023-06-24 18:06:38,102 [amqEmbeddedWorkerJmsContainer-13] [uk.ac.ebi.interpro.scan.io.pirsf.hmmer3.PirsfHmmer3RawMatchParser:129] WARN - Couldn't parse the given raw match line, because it is of an unexpected format.
2023-06-24 18:06:38,102 [amqEmbeddedWorkerJmsContainer-13] [uk.ac.ebi.interpro.scan.io.pirsf.hmmer3.PirsfHmmer3RawMatchParser:130] WARN - Unexpected Raw match line: 1 ! 1164.0   0.0         0         0       6     906 ..       8     886 ..       4     887 .] 0.96
2023-06-24 18:06:38,102 [amqEmbeddedWorkerJmsContainer-13] [uk.ac.ebi.interpro.scan.io.pirsf.hmmer3.PirsfHmmer3RawMatchParser:129] WARN - Couldn't parse the given raw match line, because it is of an unexpected format.
2023-06-24 18:06:38,102 [amqEmbeddedWorkerJmsContainer-13] [uk.ac.ebi.interpro.scan.io.pirsf.hmmer3.PirsfHmmer3RawMatchParser:130] WARN - Unexpected Raw match line: Query sequence: 478 matches PIRSF000350: Mercury(II) reductase, MerA type
2023-06-24 18:06:38,102 [amqEmbeddedWorkerJmsContainer-13] [uk.ac.ebi.interpro.scan.io.pirsf.hmmer3.PirsfHmmer3RawMatchParser:129] WARN - Couldn't parse the given raw match line, because it is of an unexpected format.
2023-06-24 18:06:38,102 [amqEmbeddedWorkerJmsContainer-13] [uk.ac.ebi.interpro.scan.io.pirsf.hmmer3.PirsfHmmer3RawMatchParser:130] WARN - Unexpected Raw match line: #    score  bias  c-Evalue  i-Evalue hmmfrom  hmm to    alifrom  ali to    envfrom  env to     acc
2023-06-24 18:06:38,103 [amqEmbeddedWorkerJmsContainer-13] [uk.ac.ebi.interpro.scan.io.pirsf.hmmer3.PirsfHmmer3RawMatchParser:129] WARN - Couldn't parse the given raw match line, because it is of an unexpected format.
2023-06-24 18:06:38,103 [amqEmbeddedWorkerJmsContainer-13] [uk.ac.ebi.interpro.scan.io.pirsf.hmmer3.PirsfHmmer3RawMatchParser:130] WARN - Unexpected Raw match line: 1 !  226.0   0.0   2.4e-70   2.4e-68      84     503 ..      20     439 ..       6     448 .. 0.89
2023-06-24 18:06:38,103 [amqEmbeddedWorkerJmsContainer-13] [uk.ac.ebi.interpro.scan.io.pirsf.hmmer3.PirsfHmmer3RawMatchParser:129] WARN - Couldn't parse the given raw match line, because it is of an unexpected format.
2023-06-24 18:06:38,103 [amqEmbeddedWorkerJmsContainer-13] [uk.ac.ebi.interpro.scan.io.pirsf.hmmer3.PirsfHmmer3RawMatchParser:130] WARN - Unexpected Raw match line: Query sequence: 481 matches PIRSF033563: Uncharacterised conserved protein, UCP033563 type
2023-06-24 18:06:38,103 [amqEmbeddedWorkerJmsContainer-13] [uk.ac.ebi.interpro.scan.io.pirsf.hmmer3.PirsfHmmer3RawMatchParser:129] WARN - Couldn't parse the given raw match line, because it is of an unexpected format.
2023-06-24 18:06:38,103 [amqEmbeddedWorkerJmsContainer-13] [uk.ac.ebi.interpro.scan.io.pirsf.hmmer3.PirsfHmmer3RawMatchParser:130] WARN - Unexpected Raw match line: #    score  bias  c-Evalue  i-Evalue hmmfrom  hmm to    alifrom  ali to    envfrom  env to     acc
2023-06-24 18:06:38,103 [amqEmbeddedWorkerJmsContainer-13] [uk.ac.ebi.interpro.scan.io.pirsf.hmmer3.PirsfHmmer3RawMatchParser:129] WARN - Couldn't parse the given raw match line, because it is of an unexpected format.
2023-06-24 18:06:38,103 [amqEmbeddedWorkerJmsContainer-13] [uk.ac.ebi.interpro.scan.io.pirsf.hmmer3.PirsfHmmer3RawMatchParser:130] WARN - Unexpected Raw match line: 1 !  338.0   7.7  3.8e-105  1.9e-102       1     403 [.      20     431 ..      20     436 .. 0.94
2023-06-24 18:06:38,103 [amqEmbeddedWorkerJmsContainer-13] [uk.ac.ebi.interpro.scan.io.pirsf.hmmer3.PirsfHmmer3RawMatchParser:129] WARN - Couldn't parse the given raw match line, because it is of an unexpected format.
2023-06-24 18:06:38,103 [amqEmbeddedWorkerJmsContainer-13] [uk.ac.ebi.interpro.scan.io.pirsf.hmmer3.PirsfHmmer3RawMatchParser:130] WARN - Unexpected Raw match line: Query sequence: 492 matches PIRSF006256: Carbamoyltransferase, HypF type
2023-06-24 18:06:38,103 [amqEmbeddedWorkerJmsContainer-13] [uk.ac.ebi.interpro.scan.io.pirsf.hmmer3.PirsfHmmer3RawMatchParser:129] WARN - Couldn't parse the given raw match line, because it is of an unexpected format.
2023-06-24 18:06:38,103 [amqEmbeddedWorkerJmsContainer-13] [uk.ac.ebi.interpro.scan.io.pirsf.hmmer3.PirsfHmmer3RawMatchParser:130] WARN - Unexpected Raw match line: #    score  bias  c-Evalue  i-Evalue hmmfrom  hmm to    alifrom  ali to    envfrom  env to     acc
2023-06-24 18:06:38,103 [amqEmbeddedWorkerJmsContainer-13] [uk.ac.ebi.interpro.scan.io.pirsf.hmmer3.PirsfHmmer3RawMatchParser:129] WARN - Couldn't parse the given raw match line, because it is of an unexpected format.
2023-06-24 18:06:38,103 [amqEmbeddedWorkerJmsContainer-13] [uk.ac.ebi.interpro.scan.io.pirsf.hmmer3.PirsfHmmer3RawMatchParser:130] WARN - Unexpected Raw match line: 1 !  901.9   0.0  3.6e-275  8.9e-273       3     768 ..      71     823 ..      69     828 .. 0.95
2023-06-24 18:06:38,103 [amqEmbeddedWorkerJmsContainer-13] [uk.ac.ebi.interpro.scan.io.pirsf.hmmer3.PirsfHmmer3RawMatchParser:129] WARN - Couldn't parse the given raw match line, because it is of an unexpected format.
2023-06-24 18:06:38,103 [amqEmbeddedWorkerJmsContainer-13] [uk.ac.ebi.interpro.scan.io.pirsf.hmmer3.PirsfHmmer3RawMatchParser:130] WARN - Unexpected Raw match line: Query sequence: 493 matches PIRSF016275: DNA polymerase II, large subunit, Euryarchaea type
2023-06-24 18:06:38,103 [amqEmbeddedWorkerJmsContainer-13] [uk.ac.ebi.interpro.scan.io.pirsf.hmmer3.PirsfHmmer3RawMatchParser:129] WARN - Couldn't parse the given raw match line, because it is of an unexpected format.
2023-06-24 18:06:38,103 [amqEmbeddedWorkerJmsContainer-13] [uk.ac.ebi.interpro.scan.io.pirsf.hmmer3.PirsfHmmer3RawMatchParser:130] WARN - Unexpected Raw match line: #    score  bias  c-Evalue  i-Evalue hmmfrom  hmm to    alifrom  ali to    envfrom  env to     acc
2023-06-24 18:06:38,103 [amqEmbeddedWorkerJmsContainer-13] [uk.ac.ebi.interpro.scan.io.pirsf.hmmer3.PirsfHmmer3RawMatchParser:129] WARN - Couldn't parse the given raw match line, because it is of an unexpected format.
2023-06-24 18:06:38,104 [amqEmbeddedWorkerJmsContainer-13] [uk.ac.ebi.interpro.scan.io.pirsf.hmmer3.PirsfHmmer3RawMatchParser:130] WARN - Unexpected Raw match line: 1 ! 1577.9   8.1         0         0       9    1100 ..      11    1100 ..       5    1112 .. 0.96
2023-06-24 18:06:38,104 [amqEmbeddedWorkerJmsContainer-13] [uk.ac.ebi.interpro.scan.io.pirsf.hmmer3.PirsfHmmer3RawMatchParser:129] WARN - Couldn't parse the given raw match line, because it is of an unexpected format.
2023-06-24 18:06:38,104 [amqEmbeddedWorkerJmsContainer-13] [uk.ac.ebi.interpro.scan.io.pirsf.hmmer3.PirsfHmmer3RawMatchParser:130] WARN - Unexpected Raw match line: Query sequence: 6 matches PIRSF000414: Bifunctional purine biosynthesis protein, PurH type
2023-06-24 18:06:38,104 [amqEmbeddedWorkerJmsContainer-13] [uk.ac.ebi.interpro.scan.io.pirsf.hmmer3.PirsfHmmer3RawMatchParser:129] WARN - Couldn't parse the given raw match line, because it is of an unexpected format.
2023-06-24 18:06:38,104 [amqEmbeddedWorkerJmsContainer-13] [uk.ac.ebi.interpro.scan.io.pirsf.hmmer3.PirsfHmmer3RawMatchParser:130] WARN - Unexpected Raw match line: #    score  bias  c-Evalue  i-Evalue hmmfrom  hmm to    alifrom  ali to    envfrom  env to     acc
2023-06-24 18:06:38,104 [amqEmbeddedWorkerJmsContainer-13] [uk.ac.ebi.interpro.scan.io.pirsf.hmmer3.PirsfHmmer3RawMatchParser:129] WARN - Couldn't parse the given raw match line, because it is of an unexpected format.
2023-06-24 18:06:38,104 [amqEmbeddedWorkerJmsContainer-13] [uk.ac.ebi.interpro.scan.io.pirsf.hmmer3.PirsfHmmer3RawMatchParser:130] WARN - Unexpected Raw match line: 1 !  671.3   0.1  4.6e-206  2.3e-203       8     526 .]      21     509 .]      16     509 .] 0.95
2023-06-24 18:06:38,104 [amqEmbeddedWorkerJmsContainer-13] [uk.ac.ebi.interpro.scan.io.pirsf.hmmer3.PirsfHmmer3RawMatchParser:129] WARN - Couldn't parse the given raw match line, because it is of an unexpected format.
2023-06-24 18:06:38,104 [amqEmbeddedWorkerJmsContainer-13] [uk.ac.ebi.interpro.scan.io.pirsf.hmmer3.PirsfHmmer3RawMatchParser:130] WARN - Unexpected Raw match line: Query sequence: 62 matches PIRSF001563: Folylpolyglutamate synthase
2023-06-24 18:06:38,104 [amqEmbeddedWorkerJmsContainer-13] [uk.ac.ebi.interpro.scan.io.pirsf.hmmer3.PirsfHmmer3RawMatchParser:129] WARN - Couldn't parse the given raw match line, because it is of an unexpected format.
2023-06-24 18:06:38,104 [amqEmbeddedWorkerJmsContainer-13] [uk.ac.ebi.interpro.scan.io.pirsf.hmmer3.PirsfHmmer3RawMatchParser:130] WARN - Unexpected Raw match line: #    score  bias  c-Evalue  i-Evalue hmmfrom  hmm to    alifrom  ali to    envfrom  env to     acc
2023-06-24 18:06:38,104 [amqEmbeddedWorkerJmsContainer-13] [uk.ac.ebi.interpro.scan.io.pirsf.hmmer3.PirsfHmmer3RawMatchParser:129] WARN - Couldn't parse the given raw match line, because it is of an unexpected format.
2023-06-24 18:06:38,104 [amqEmbeddedWorkerJmsContainer-13] [uk.ac.ebi.interpro.scan.io.pirsf.hmmer3.PirsfHmmer3RawMatchParser:130] WARN - Unexpected Raw match line: 1 !  409.1   2.1  1.1e-126  5.4e-124      10     431 ..      21     432 ..      14     435 .. 0.92
2023-06-24 18:06:38,104 [amqEmbeddedWorkerJmsContainer-13] [uk.ac.ebi.interpro.scan.io.pirsf.hmmer3.PirsfHmmer3RawMatchParser:129] WARN - Couldn't parse the given raw match line, because it is of an unexpected format.
2023-06-24 18:06:38,104 [amqEmbeddedWorkerJmsContainer-13] [uk.ac.ebi.interpro.scan.io.pirsf.hmmer3.PirsfHmmer3RawMatchParser:130] WARN - Unexpected Raw match line: Query sequence: 63 matches PIRSF000853: Pyruvate, phosphate dikinase
2023-06-24 18:06:38,104 [amqEmbeddedWorkerJmsContainer-13] [uk.ac.ebi.interpro.scan.io.pirsf.hmmer3.PirsfHmmer3RawMatchParser:129] WARN - Couldn't parse the given raw match line, because it is of an unexpected format.
2023-06-24 18:06:38,104 [amqEmbeddedWorkerJmsContainer-13] [uk.ac.ebi.interpro.scan.io.pirsf.hmmer3.PirsfHmmer3RawMatchParser:130] WARN - Unexpected Raw match line: #    score  bias  c-Evalue  i-Evalue hmmfrom  hmm to    alifrom  ali to    envfrom  env to     acc
2023-06-24 18:06:38,104 [amqEmbeddedWorkerJmsContainer-13] [uk.ac.ebi.interpro.scan.io.pirsf.hmmer3.PirsfHmmer3RawMatchParser:129] WARN - Couldn't parse the given raw match line, because it is of an unexpected format.
2023-06-24 18:06:38,104 [amqEmbeddedWorkerJmsContainer-13] [uk.ac.ebi.interpro.scan.io.pirsf.hmmer3.PirsfHmmer3RawMatchParser:130] WARN - Unexpected Raw match line: 1 ! 1391.9   2.2         0         0       2     877 ..       3     910 ..       2     912 .] 0.97
2023-06-24 18:06:38,105 [amqEmbeddedWorkerJmsContainer-13] [uk.ac.ebi.interpro.scan.io.pirsf.hmmer3.PirsfHmmer3RawMatchParser:129] WARN - Couldn't parse the given raw match line, because it is of an unexpected format.
2023-06-24 18:06:38,105 [amqEmbeddedWorkerJmsContainer-13] [uk.ac.ebi.interpro.scan.io.pirsf.hmmer3.PirsfHmmer3RawMatchParser:130] WARN - Unexpected Raw match line: Query sequence: 67 matches PIRSF000521: 4-aminobutyrate/lysine/ornithine transaminase
2023-06-24 18:06:38,105 [amqEmbeddedWorkerJmsContainer-13] [uk.ac.ebi.interpro.scan.io.pirsf.hmmer3.PirsfHmmer3RawMatchParser:129] WARN - Couldn't parse the given raw match line, because it is of an unexpected format.
2023-06-24 18:06:38,105 [amqEmbeddedWorkerJmsContainer-13] [uk.ac.ebi.interpro.scan.io.pirsf.hmmer3.PirsfHmmer3RawMatchParser:130] WARN - Unexpected Raw match line: #    score  bias  c-Evalue  i-Evalue hmmfrom  hmm to    alifrom  ali to    envfrom  env to     acc
2023-06-24 18:06:38,105 [amqEmbeddedWorkerJmsContainer-13] [uk.ac.ebi.interpro.scan.io.pirsf.hmmer3.PirsfHmmer3RawMatchParser:129] WARN - Couldn't parse the given raw match line, because it is of an unexpected format.
2023-06-24 18:06:38,105 [amqEmbeddedWorkerJmsContainer-13] [uk.ac.ebi.interpro.scan.io.pirsf.hmmer3.PirsfHmmer3RawMatchParser:130] WARN - Unexpected Raw match line: 1 !  467.8   0.0  3.5e-144  8.7e-142      26     481 ..       9     454 ..       3     456 .] 0.95
2023-06-24 18:06:38,105 [amqEmbeddedWorkerJmsContainer-13] [uk.ac.ebi.interpro.scan.io.pirsf.hmmer3.PirsfHmmer3RawMatchParser:129] WARN - Couldn't parse the given raw match line, because it is of an unexpected format.
2023-06-24 18:06:38,105 [amqEmbeddedWorkerJmsContainer-13] [uk.ac.ebi.interpro.scan.io.pirsf.hmmer3.PirsfHmmer3RawMatchParser:130] WARN - Unexpected Raw match line: Query sequence: 78 matches PIRSF036432: Diphthine synthase
2023-06-24 18:06:38,105 [amqEmbeddedWorkerJmsContainer-13] [uk.ac.ebi.interpro.scan.io.pirsf.hmmer3.PirsfHmmer3RawMatchParser:129] WARN - Couldn't parse the given raw match line, because it is of an unexpected format.
2023-06-24 18:06:38,105 [amqEmbeddedWorkerJmsContainer-13] [uk.ac.ebi.interpro.scan.io.pirsf.hmmer3.PirsfHmmer3RawMatchParser:130] WARN - Unexpected Raw match line: #    score  bias  c-Evalue  i-Evalue hmmfrom  hmm to    alifrom  ali to    envfrom  env to     acc
2023-06-24 18:06:38,105 [amqEmbeddedWorkerJmsContainer-13] [uk.ac.ebi.interpro.scan.io.pirsf.hmmer3.PirsfHmmer3RawMatchParser:129] WARN - Couldn't parse the given raw match line, because it is of an unexpected format.
2023-06-24 18:06:38,105 [amqEmbeddedWorkerJmsContainer-13] [uk.ac.ebi.interpro.scan.io.pirsf.hmmer3.PirsfHmmer3RawMatchParser:130] WARN - Unexpected Raw match line: 1 !  308.8   0.0   1.8e-96     9e-94       1     259 [.      11     262 ..      11     264 .] 0.97
2023-06-24 18:06:38,105 [amqEmbeddedWorkerJmsContainer-13] [uk.ac.ebi.interpro.scan.io.pirsf.hmmer3.PirsfHmmer3RawMatchParser:129] WARN - Couldn't parse the given raw match line, because it is of an unexpected format.
2023-06-24 18:06:38,105 [amqEmbeddedWorkerJmsContainer-13] [uk.ac.ebi.interpro.scan.io.pirsf.hmmer3.PirsfHmmer3RawMatchParser:130] WARN - Unexpected Raw match line: Query sequence: 82 matches PIRSF036401: Predicted bifunctional O-sialoglycoprotein endopeptidase/protein kinase
2023-06-24 18:06:38,105 [amqEmbeddedWorkerJmsContainer-13] [uk.ac.ebi.interpro.scan.io.pirsf.hmmer3.PirsfHmmer3RawMatchParser:129] WARN - Couldn't parse the given raw match line, because it is of an unexpected format.
2023-06-24 18:06:38,105 [amqEmbeddedWorkerJmsContainer-13] [uk.ac.ebi.interpro.scan.io.pirsf.hmmer3.PirsfHmmer3RawMatchParser:130] WARN - Unexpected Raw match line: #    score  bias  c-Evalue  i-Evalue hmmfrom  hmm to    alifrom  ali to    envfrom  env to     acc
2023-06-24 18:06:38,105 [amqEmbeddedWorkerJmsContainer-13] [uk.ac.ebi.interpro.scan.io.pirsf.hmmer3.PirsfHmmer3RawMatchParser:129] WARN - Couldn't parse the given raw match line, because it is of an unexpected format.
2023-06-24 18:06:38,105 [amqEmbeddedWorkerJmsContainer-13] [uk.ac.ebi.interpro.scan.io.pirsf.hmmer3.PirsfHmmer3RawMatchParser:130] WARN - Unexpected Raw match line: 1 !  751.3   4.4  2.6e-230  1.3e-227       1     529 []      17     546 .]      17     546 .] 0.97
24/06/2023 18:15:38:524 100% done:  InterProScan analyses completed 

2023-06-24 18:15:39,027 [main] [uk.ac.ebi.interpro.scan.jms.master.AbstractMaster:259] WARN - Master process unable to delete temporary directory /projects/raw_lab/jobs/metacerberus/temp/str-c97.uncc.edu_20230624_175907748_1vm9
4394.96user 324.89system 16:35.92elapsed 473%CPU (0avgtext+0avgdata 3651120maxresident)k
9443456inputs+1664856outputs (975major+23991937minor)pagefaults 0swaps

======================================================
End Time   : Sat Jun 24 18:15:39 EDT 2023
Run Time   : 997 seconds
======================================================

