=====================================================
Start Time  : Sat Jul  1 17:14:38 EDT 2023
Submit Dir  : /projects/raw_lab/jobs/metacerberus
Job ID/Name : 4128804 / PROKKA
Node List   : str-c93
Num Tasks   : 1 total [1 nodes @ 16 CPUs/node]
======================================================

Loading prokka/1.14.6
  Loading requirement: anaconda3/2022.10
======================================================
Running PROKKA On CPR/SAMN04328188.fna
======================================================
Viruses
[17:14:40] This is prokka 1.14.6
[17:14:40] Written by Torsten Seemann <torsten.seemann@gmail.com>
[17:14:40] Homepage is https://github.com/tseemann/prokka
[17:14:40] Local time is Sat Jul  1 17:14:40 2023
[17:14:40] You are jlfiguer
[17:14:40] Operating system is linux
[17:14:40] You have BioPerl 1.7.8
Argument "1.7.8" isn't numeric in numeric lt (<) at /apps/pkg/anaconda3/2022.10/envs/prokka-1.14.6/bin/prokka line 259.
[17:14:40] System has 16 cores.
[17:14:40] Will use maximum of 16 cores.
[17:14:40] Annotating as >>> Viruses <<<
[17:14:40] Generating locus_tag from 'CPR/SAMN04328188.fna' contents.
[17:14:40] Setting --locustag HCIBHHEN from MD5 1c2b11e7f648a2f4da904e51610806ee
[17:14:40] Creating new output folder: results/PROKKA/CPR/SAMN04328188
[17:14:40] Running: mkdir -p results\/PROKKA\/CPR\/SAMN04328188
[17:14:40] Using filename prefix: SAMN04328188.XXX
[17:14:40] Setting HMMER_NCPU=1
[17:14:40] Writing log to: results/PROKKA/CPR/SAMN04328188/SAMN04328188.log
[17:14:40] Command: /apps/pkg/anaconda3/2022.10/envs/prokka-1.14.6/bin/prokka --prefix SAMN04328188 --outdir results/PROKKA/CPR/SAMN04328188 --kingdom Viruses --cpus 16 CPR/SAMN04328188.fna
[17:14:40] Appending to PATH: /apps/pkg/anaconda3/2022.10/envs/prokka-1.14.6/bin
[17:14:40] Looking for 'aragorn' - found /apps/pkg/anaconda3/2022.10/envs/prokka-1.14.6/bin/aragorn
[17:14:40] Determined aragorn version is 001002 from 'ARAGORN v1.2.41 Dean Laslett'
[17:14:40] Looking for 'barrnap' - found /apps/pkg/anaconda3/2022.10/envs/prokka-1.14.6/bin/barrnap
[17:14:40] Determined barrnap version is 000009 from 'barrnap 0.9'
[17:14:40] Looking for 'blastp' - found /apps/pkg/anaconda3/2022.10/envs/prokka-1.14.6/bin/blastp
[17:14:40] Determined blastp version is 002013 from 'blastp: 2.13.0+'
[17:14:40] Looking for 'cmpress' - found /apps/pkg/anaconda3/2022.10/envs/prokka-1.14.6/bin/cmpress
[17:14:40] Determined cmpress version is 001001 from '# INFERNAL 1.1.4 (Dec 2020)'
[17:14:40] Looking for 'cmscan' - found /apps/pkg/anaconda3/2022.10/envs/prokka-1.14.6/bin/cmscan
[17:14:40] Determined cmscan version is 001001 from '# INFERNAL 1.1.4 (Dec 2020)'
[17:14:40] Looking for 'egrep' - found /usr/bin/egrep
[17:14:40] Looking for 'find' - found /usr/bin/find
[17:14:40] Looking for 'grep' - found /usr/bin/grep
[17:14:40] Looking for 'hmmpress' - found /apps/pkg/anaconda3/2022.10/envs/prokka-1.14.6/bin/hmmpress
[17:14:40] Determined hmmpress version is 003003 from '# HMMER 3.3.2 (Nov 2020); http://hmmer.org/'
[17:14:40] Looking for 'hmmscan' - found /apps/pkg/anaconda3/2022.10/envs/prokka-1.14.6/bin/hmmscan
[17:14:40] Determined hmmscan version is 003003 from '# HMMER 3.3.2 (Nov 2020); http://hmmer.org/'
[17:14:40] Looking for 'java' - found /apps/pkg/anaconda3/2022.10/envs/prokka-1.14.6/bin/java
[17:14:40] Looking for 'makeblastdb' - found /apps/pkg/anaconda3/2022.10/envs/prokka-1.14.6/bin/makeblastdb
[17:14:40] Determined makeblastdb version is 002013 from 'makeblastdb: 2.13.0+'
[17:14:40] Looking for 'minced' - found /apps/pkg/anaconda3/2022.10/envs/prokka-1.14.6/bin/minced
[17:14:40] Determined minced version is 004002 from 'minced 0.4.2'
[17:14:40] Looking for 'parallel' - found /apps/pkg/anaconda3/2022.10/envs/prokka-1.14.6/bin/parallel
[17:14:40] Determined parallel version is 20230122 from 'GNU parallel 20230122'
[17:14:40] Looking for 'prodigal' - found /apps/pkg/anaconda3/2022.10/envs/prokka-1.14.6/bin/prodigal
[17:14:40] Determined prodigal version is 002006 from 'Prodigal V2.6.3: February, 2016'
[17:14:40] Looking for 'prokka-genbank_to_fasta_db' - found /apps/pkg/anaconda3/2022.10/envs/prokka-1.14.6/bin/prokka-genbank_to_fasta_db
[17:14:40] Looking for 'sed' - found /usr/bin/sed
[17:14:40] Looking for 'tbl2asn' - found /apps/pkg/anaconda3/2022.10/envs/prokka-1.14.6/bin/tbl2asn
[17:14:41] Determined tbl2asn version is 025007 from 'tbl2asn 25.7   arguments:'
[17:14:41] Using genetic code table 1.
[17:14:41] Loading and checking input file: CPR/SAMN04328188.fna
[17:14:41] Wrote 42 contigs totalling 637227 bp.
[17:14:41] Predicting tRNAs and tmRNAs
[17:14:41] Running: aragorn -l -gc1  -w results\/PROKKA\/CPR\/SAMN04328188\/SAMN04328188\.fna
[17:14:41] 1 tRNA-Leu [4,90] 35 (gag)
[17:14:41] 2 tRNA-Val [1406,1480] 35 (tac)
[17:14:41] 3 tRNA-Phe [1822,1895] 35 (gaa)
[17:14:41] 4 tRNA-Gly [2021,2093] 33 (gcc)
[17:14:41] 1 tRNA-Glu [8719,8794] 37 (ctc)
[17:14:41] 1 tRNA-Val c[481,555] 33 (cac)
[17:14:41] 1 tRNA-Gln [2004,2075] 33 (ctg)
[17:14:41] 1 tRNA-Leu c[1144,1228] 35 (caa)
[17:14:41] 1 tRNA-Leu [14277,14360] 35 (tag)
[17:14:41] 2 tRNA-Glu c[21822,21894] 34 (ttc)
[17:14:41] 3 tRNA-Arg c[27105,27178] 34 (gcg)
[17:14:41] 4 tRNA-Ser [28187,28274] 35 (gct)
[17:14:41] 5 tRNA-Ser [28288,28375] 35 (tga)
[17:14:41] 1 tRNA-Gln c[2019,2091] 33 (ttg)
[17:14:41] 1 tRNA-Pro [12345,12418] 33 (tgg)
[17:14:41] 2 tRNA-Gly [12531,12607] 35 (tcc)
[17:14:41] 1 tRNA-Lys [8469,8544] 34 (ttt)
[17:14:41] 1 tRNA-Asn c[89,163] 33 (gtt)
[17:14:41] 1 tRNA-Arg [9686,9758] 34 (tct)
[17:14:41] 2 tRNA-Lys [10561,10633] 33 (ctt)
[17:14:41] 3 tRNA-His [11112,11184] 34 (gtg)
[17:14:41] 4 tRNA-Arg [14321,14393] 34 (cct)
[17:14:41] 5 tRNA-Ala [15369,15445] 35 (ggc)
[17:14:41] 1 tRNA-Ile [13108,13181] 33 (tat)
[17:14:41] 2 tRNA-Val [13277,13349] 33 (gac)
[17:14:41] 3 tRNA-Leu [16462,16548] 35 (gag)
[17:14:41] 1 tRNA-Leu c[713,799] 35 (taa)
[17:14:41] 2 tRNA-Cys c[921,993] 33 (gca)
[17:14:41] 1 tRNA-Arg c[2269,2342] 34 (ccg)
[17:14:41] 1 tRNA-Tyr c[282,368] 35 (gta)
[17:14:41] 2 tRNA-Thr c[555,628] 33 (tgt)
[17:14:41] 1 tRNA-Met [30544,30615] 33 (cat)
[17:14:41] 2 tRNA-Met [31022,31095] 34 (cat)
[17:14:41] 3 tRNA-Asp [31923,32001] 37 (gtc)
[17:14:41] 1 tRNA-Ala [23,95] 33 (cgc)
[17:14:41] Found 35 tRNAs
[17:14:41] Disabling rRNA search: --kingdom=Viruses or --norrna=0
[17:14:41] Skipping ncRNA search, enable with --rfam if desired.
[17:14:41] Total of 35 tRNA + rRNA features
[17:14:41] Searching for CRISPR repeats
[17:14:41] Found 0 CRISPRs
[17:14:41] Predicting coding sequences
[17:14:41] Contigs total 637227 bp, so using single mode
[17:14:41] Running: prodigal -i results\/PROKKA\/CPR\/SAMN04328188\/SAMN04328188\.fna -c -m -g 1 -p single -f sco -q
[17:14:41] Excluding CDS which overlaps existing RNA (tRNA) at MNWG01000001.1:1776..1901 on - strand
[17:14:41] Excluding CDS which overlaps existing RNA (tRNA) at MNWG01000004.1:1..495 on + strand
[17:14:41] Excluding CDS which overlaps existing RNA (tRNA) at MNWG01000018.1:20477..21880 on - strand
[17:14:41] Excluding CDS which overlaps existing RNA (tRNA) at MNWG01000019.1:2077..2772 on - strand
[17:14:41] Excluding CDS which overlaps existing RNA (tRNA) at MNWG01000032.1:15808..16476 on + strand
[17:14:42] Excluding CDS which overlaps existing RNA (tRNA) at MNWG01000034.1:23..766 on + strand
[17:14:42] Excluding CDS which overlaps existing RNA (tRNA) at MNWG01000035.1:2333..3670 on - strand
[17:14:42] Found 605 CDS
[17:14:42] Connecting features back to sequences
[17:14:42] Not using genus-specific database. Try --usegenus to enable it.
[17:14:42] Annotating CDS, please be patient.
[17:14:42] Will use 16 CPUs for similarity searching.
[17:14:42] There are still 605 unannotated CDS left (started with 605)
[17:14:42] Will use blast to search against /apps/pkg/anaconda3/2022.10/envs/prokka-1.14.6/db/kingdom/Viruses/sprot with 16 CPUs
[17:14:42] Running: cat results\/PROKKA\/CPR\/SAMN04328188\/SAMN04328188\.sprot\.tmp\.1513845\.faa | parallel --gnu --plain -j 16 --block 5344 --recstart '>' --pipe blastp -query - -db /apps/pkg/anaconda3/2022.10/envs/prokka-1.14.6/db/kingdom/Viruses/sprot -evalue 1e-09 -qcov_hsp_perc 80 -num_threads 1 -num_descriptions 1 -num_alignments 1 -seg no > results\/PROKKA\/CPR\/SAMN04328188\/SAMN04328188\.sprot\.tmp\.1513845\.blast 2> /dev/null
[17:14:43] Modify product: Probable formamidopyrimidine-DNA glycosylase => putative formamidopyrimidine-DNA glycosylase
[17:14:43] Cleaned 1 /product names
[17:14:43] Deleting unwanted file: results/PROKKA/CPR/SAMN04328188/SAMN04328188.sprot.tmp.1513845.faa
[17:14:43] Deleting unwanted file: results/PROKKA/CPR/SAMN04328188/SAMN04328188.sprot.tmp.1513845.blast
[17:14:43] Labelling remaining 597 proteins as 'hypothetical protein'
[17:14:43] Found 6 unique /gene codes.
[17:14:43] Fixed 0 colliding /gene names.
[17:14:43] Adding /locus_tag identifiers
[17:14:43] Assigned 640 locus_tags to CDS and RNA features.
[17:14:43] Writing outputs to results/PROKKA/CPR/SAMN04328188/
[17:14:43] Generating annotation statistics file
[17:14:43] Generating Genbank and Sequin files
[17:14:43] Running: tbl2asn -V b -a r10k -l paired-ends -M n -N 1 -y 'Annotated using prokka 1.14.6 from https://github.com/tseemann/prokka' -Z results\/PROKKA\/CPR\/SAMN04328188\/SAMN04328188\.err -i results\/PROKKA\/CPR\/SAMN04328188\/SAMN04328188\.fsa 2> /dev/null
[tbl2asn-forever] Found Prokka input, correcting dates in .gbf|.sqn files.
[tbl2asn-forever] Correcting dates in results/PROKKA/CPR/SAMN04328188/SAMN04328188.gbf
[tbl2asn-forever] Correcting dates in results/PROKKA/CPR/SAMN04328188/SAMN04328188.sqn
[tbl2asn-forever] Dates changed from 01-JAN-2019 to 01-JUL-2023
[17:14:45] Deleting unwanted file: results/PROKKA/CPR/SAMN04328188/errorsummary.val
[17:14:45] Deleting unwanted file: results/PROKKA/CPR/SAMN04328188/SAMN04328188.dr
[17:14:45] Deleting unwanted file: results/PROKKA/CPR/SAMN04328188/SAMN04328188.fixedproducts
[17:14:45] Deleting unwanted file: results/PROKKA/CPR/SAMN04328188/SAMN04328188.ecn
[17:14:45] Deleting unwanted file: results/PROKKA/CPR/SAMN04328188/SAMN04328188.val
[17:14:45] Repairing broken .GBK output that tbl2asn produces...
[17:14:45] Running: sed 's/COORDINATES: profile/COORDINATES:profile/' < results\/PROKKA\/CPR\/SAMN04328188\/SAMN04328188\.gbf > results\/PROKKA\/CPR\/SAMN04328188\/SAMN04328188\.gbk
[17:14:45] Deleting unwanted file: results/PROKKA/CPR/SAMN04328188/SAMN04328188.gbf
[17:14:45] Output files:
[17:14:45] results/PROKKA/CPR/SAMN04328188/SAMN04328188.log
[17:14:45] results/PROKKA/CPR/SAMN04328188/SAMN04328188.fna
[17:14:45] results/PROKKA/CPR/SAMN04328188/SAMN04328188.gff
[17:14:45] results/PROKKA/CPR/SAMN04328188/SAMN04328188.faa
[17:14:45] results/PROKKA/CPR/SAMN04328188/SAMN04328188.ffn
[17:14:45] results/PROKKA/CPR/SAMN04328188/SAMN04328188.tbl
[17:14:45] results/PROKKA/CPR/SAMN04328188/SAMN04328188.fsa
[17:14:45] results/PROKKA/CPR/SAMN04328188/SAMN04328188.tsv
[17:14:45] results/PROKKA/CPR/SAMN04328188/SAMN04328188.txt
[17:14:45] results/PROKKA/CPR/SAMN04328188/SAMN04328188.err
[17:14:45] results/PROKKA/CPR/SAMN04328188/SAMN04328188.sqn
[17:14:45] results/PROKKA/CPR/SAMN04328188/SAMN04328188.gbk
[17:14:45] Annotation finished successfully.
[17:14:45] Walltime used: 0.08 minutes
[17:14:45] If you use this result please cite the Prokka paper:
[17:14:45] Seemann T (2014) Prokka: rapid prokaryotic genome annotation. Bioinformatics. 30(14):2068-9.
[17:14:45] Type 'prokka --citation' for more details.
[17:14:45] Share and enjoy!
15.09user 0.72system 0:04.75elapsed 332%CPU (0avgtext+0avgdata 106508maxresident)k
10616inputs+35120outputs (0major+239785minor)pagefaults 0swaps

======================================================
End Time   : Sat Jul  1 17:14:45 EDT 2023
Run Time   : 7 seconds
======================================================

