=====================================================
Start Time  : Sat Jun 24 21:38:41 EDT 2023
Submit Dir  : /projects/raw_lab/jobs/metacerberus
Job ID/Name : 3996876 / InterProScan
Node List   : str-c109
Num Tasks   : 1 total [1 nodes @ 16 CPUs/node]
======================================================

Loading interproscan/5.60-92.0
  Loading requirement: anaconda3/2020.11 openjdk/15
======================================================
Running InterProScan On VIRAL_ARCHAEA/MN901520.fna
======================================================
24/06/2023 21:38:42:452 Welcome to InterProScan-5.60-92.0
24/06/2023 21:38:42:453 Running InterProScan v5 in STANDALONE mode... on Linux
24/06/2023 21:38:46:406 RunID: str-c109.uncc.edu_20230624_213846230_d4wz
24/06/2023 21:38:55:167 Loading file /projects/raw_lab/jobs/metacerberus/VIRAL_ARCHAEA/MN901520.fna
24/06/2023 21:38:55:652 Running the following analyses:
[AntiFam-7.0,CDD-3.20,Coils-2.2.1,FunFam-4.3.0,Gene3D-4.3.0,Hamap-2021_04,MobiDBLite-2.0,PANTHER-17.0,Pfam-35.0,PIRSF-3.10,PIRSR-2021_05,PRINTS-42.0,ProSitePatterns-2022_01,ProSiteProfiles-2022_01,SFLD-4,SMART-7.1,SUPERFAMILY-1.75,TIGRFAM-15.0]
Pre-calculated match lookup service DISABLED.  Please wait for match calculations to complete...
2023-06-24 21:40:09,291 [amqEmbeddedWorkerJmsContainer-6] [uk.ac.ebi.interpro.scan.management.model.implementations.WriteOutputStep:344] WARN - At write output completion, unable to delete temporary directory /projects/raw_lab/jobs/metacerberus/temp/str-c109.uncc.edu_20230624_213846230_d4wz
24/06/2023 21:40:09:312 100% done:  InterProScan analyses completed 

2023-06-24 21:40:09,814 [main] [uk.ac.ebi.interpro.scan.jms.master.AbstractMaster:259] WARN - Master process unable to delete temporary directory /projects/raw_lab/jobs/metacerberus/temp/str-c109.uncc.edu_20230624_213846230_d4wz
2023-06-24 21:40:09,822 [main] [uk.ac.ebi.interpro.scan.jms.main.Run:1778] WARN - At Run completion, unable to delete temporary directory /projects/raw_lab/jobs/metacerberus/temp/str-c109.uncc.edu_20230624_213846230_d4wz
232.96user 22.91system 1:28.08elapsed 290%CPU (0avgtext+0avgdata 3277004maxresident)k
599520inputs+450952outputs (13major+1711769minor)pagefaults 0swaps

======================================================
End Time   : Sat Jun 24 21:40:09 EDT 2023
Run Time   : 88 seconds
======================================================

