=====================================================
Start Time  : Sat Jun 24 18:15:00 EDT 2023
Submit Dir  : /projects/raw_lab/jobs/metacerberus
Job ID/Name : 3995192 / InterProScan
Node List   : str-c102
Num Tasks   : 1 total [1 nodes @ 16 CPUs/node]
======================================================

Loading interproscan/5.60-92.0
  Loading requirement: anaconda3/2020.11 openjdk/15
======================================================
Running InterProScan On GTDB-100/genomes/archaea/GCA_003021785.1.fna
======================================================
24/06/2023 18:15:01:660 Welcome to InterProScan-5.60-92.0
24/06/2023 18:15:01:661 Running InterProScan v5 in STANDALONE mode... on Linux
24/06/2023 18:15:05:727 RunID: str-c102.uncc.edu_20230624_181505547_2l8m
24/06/2023 18:15:14:571 Loading file /projects/raw_lab/jobs/metacerberus/GTDB-100/genomes/archaea/GCA_003021785.1.fna
24/06/2023 18:15:15:499 Running the following analyses:
[AntiFam-7.0,CDD-3.20,Coils-2.2.1,FunFam-4.3.0,Gene3D-4.3.0,Hamap-2021_04,MobiDBLite-2.0,PANTHER-17.0,Pfam-35.0,PIRSF-3.10,PIRSR-2021_05,PRINTS-42.0,ProSitePatterns-2022_01,ProSiteProfiles-2022_01,SFLD-4,SMART-7.1,SUPERFAMILY-1.75,TIGRFAM-15.0]
Pre-calculated match lookup service DISABLED.  Please wait for match calculations to complete...
2023-06-24 18:21:05,106 [amqEmbeddedWorkerJmsContainer-11] [uk.ac.ebi.interpro.scan.io.pirsf.hmmer3.PirsfHmmer3RawMatchParser:129] WARN - Couldn't parse the given raw match line, because it is of an unexpected format.
2023-06-24 18:21:05,112 [amqEmbeddedWorkerJmsContainer-11] [uk.ac.ebi.interpro.scan.io.pirsf.hmmer3.PirsfHmmer3RawMatchParser:130] WARN - Unexpected Raw match line: Query sequence: 100 matches PIRSF004557: Preprotein translocase Sec, SecY/Sec61-alpha subunit
2023-06-24 18:21:05,112 [amqEmbeddedWorkerJmsContainer-11] [uk.ac.ebi.interpro.scan.io.pirsf.hmmer3.PirsfHmmer3RawMatchParser:129] WARN - Couldn't parse the given raw match line, because it is of an unexpected format.
2023-06-24 18:21:05,112 [amqEmbeddedWorkerJmsContainer-11] [uk.ac.ebi.interpro.scan.io.pirsf.hmmer3.PirsfHmmer3RawMatchParser:130] WARN - Unexpected Raw match line: #    score  bias  c-Evalue  i-Evalue hmmfrom  hmm to    alifrom  ali to    envfrom  env to     acc
2023-06-24 18:21:05,112 [amqEmbeddedWorkerJmsContainer-11] [uk.ac.ebi.interpro.scan.io.pirsf.hmmer3.PirsfHmmer3RawMatchParser:129] WARN - Couldn't parse the given raw match line, because it is of an unexpected format.
2023-06-24 18:21:05,112 [amqEmbeddedWorkerJmsContainer-11] [uk.ac.ebi.interpro.scan.io.pirsf.hmmer3.PirsfHmmer3RawMatchParser:130] WARN - Unexpected Raw match line: 1 !  295.2  12.5   3.9e-92     5e-90       4     447 ..      16     495 ..      14     497 .] 0.91
2023-06-24 18:21:05,113 [amqEmbeddedWorkerJmsContainer-11] [uk.ac.ebi.interpro.scan.io.pirsf.hmmer3.PirsfHmmer3RawMatchParser:129] WARN - Couldn't parse the given raw match line, because it is of an unexpected format.
2023-06-24 18:21:05,113 [amqEmbeddedWorkerJmsContainer-11] [uk.ac.ebi.interpro.scan.io.pirsf.hmmer3.PirsfHmmer3RawMatchParser:130] WARN - Unexpected Raw match line: Query sequence: 102 matches PIRSF037677: DNA mismatch repair protein Msh6
2023-06-24 18:21:05,113 [amqEmbeddedWorkerJmsContainer-11] [uk.ac.ebi.interpro.scan.io.pirsf.hmmer3.PirsfHmmer3RawMatchParser:129] WARN - Couldn't parse the given raw match line, because it is of an unexpected format.
2023-06-24 18:21:05,113 [amqEmbeddedWorkerJmsContainer-11] [uk.ac.ebi.interpro.scan.io.pirsf.hmmer3.PirsfHmmer3RawMatchParser:130] WARN - Unexpected Raw match line: #    score  bias  c-Evalue  i-Evalue hmmfrom  hmm to    alifrom  ali to    envfrom  env to     acc
2023-06-24 18:21:05,113 [amqEmbeddedWorkerJmsContainer-11] [uk.ac.ebi.interpro.scan.io.pirsf.hmmer3.PirsfHmmer3RawMatchParser:129] WARN - Couldn't parse the given raw match line, because it is of an unexpected format.
2023-06-24 18:21:05,113 [amqEmbeddedWorkerJmsContainer-11] [uk.ac.ebi.interpro.scan.io.pirsf.hmmer3.PirsfHmmer3RawMatchParser:130] WARN - Unexpected Raw match line: 1 !   80.8   0.0   6.5e-27   4.1e-25     335     500 ..      53     213 ..      47     225 .. 0.91
2023-06-24 18:21:05,113 [amqEmbeddedWorkerJmsContainer-11] [uk.ac.ebi.interpro.scan.io.pirsf.hmmer3.PirsfHmmer3RawMatchParser:129] WARN - Couldn't parse the given raw match line, because it is of an unexpected format.
2023-06-24 18:21:05,113 [amqEmbeddedWorkerJmsContainer-11] [uk.ac.ebi.interpro.scan.io.pirsf.hmmer3.PirsfHmmer3RawMatchParser:130] WARN - Unexpected Raw match line: 2 !  407.0   0.0  2.1e-125  1.4e-123     600    1194 ..     282     845 ..     261     854 .. 0.88
2023-06-24 18:21:05,113 [amqEmbeddedWorkerJmsContainer-11] [uk.ac.ebi.interpro.scan.io.pirsf.hmmer3.PirsfHmmer3RawMatchParser:129] WARN - Couldn't parse the given raw match line, because it is of an unexpected format.
2023-06-24 18:21:05,113 [amqEmbeddedWorkerJmsContainer-11] [uk.ac.ebi.interpro.scan.io.pirsf.hmmer3.PirsfHmmer3RawMatchParser:130] WARN - Unexpected Raw match line: Query sequence: 103 matches PIRSF012666: Uncharacterised conserved protein, UCP012666 type
2023-06-24 18:21:05,113 [amqEmbeddedWorkerJmsContainer-11] [uk.ac.ebi.interpro.scan.io.pirsf.hmmer3.PirsfHmmer3RawMatchParser:129] WARN - Couldn't parse the given raw match line, because it is of an unexpected format.
2023-06-24 18:21:05,113 [amqEmbeddedWorkerJmsContainer-11] [uk.ac.ebi.interpro.scan.io.pirsf.hmmer3.PirsfHmmer3RawMatchParser:130] WARN - Unexpected Raw match line: #    score  bias  c-Evalue  i-Evalue hmmfrom  hmm to    alifrom  ali to    envfrom  env to     acc
2023-06-24 18:21:05,113 [amqEmbeddedWorkerJmsContainer-11] [uk.ac.ebi.interpro.scan.io.pirsf.hmmer3.PirsfHmmer3RawMatchParser:129] WARN - Couldn't parse the given raw match line, because it is of an unexpected format.
2023-06-24 18:21:05,113 [amqEmbeddedWorkerJmsContainer-11] [uk.ac.ebi.interpro.scan.io.pirsf.hmmer3.PirsfHmmer3RawMatchParser:130] WARN - Unexpected Raw match line: 1 !  419.8   0.0  6.5e-130  8.4e-128      10     499 ..      16     511 ..       8     512 .] 0.94
2023-06-24 18:21:05,113 [amqEmbeddedWorkerJmsContainer-11] [uk.ac.ebi.interpro.scan.io.pirsf.hmmer3.PirsfHmmer3RawMatchParser:129] WARN - Couldn't parse the given raw match line, because it is of an unexpected format.
2023-06-24 18:21:05,114 [amqEmbeddedWorkerJmsContainer-11] [uk.ac.ebi.interpro.scan.io.pirsf.hmmer3.PirsfHmmer3RawMatchParser:130] WARN - Unexpected Raw match line: Query sequence: 117 matches PIRSF037307: Predicted Lhr-like ATP-dependent RNA helicase
2023-06-24 18:21:05,114 [amqEmbeddedWorkerJmsContainer-11] [uk.ac.ebi.interpro.scan.io.pirsf.hmmer3.PirsfHmmer3RawMatchParser:129] WARN - Couldn't parse the given raw match line, because it is of an unexpected format.
2023-06-24 18:21:05,114 [amqEmbeddedWorkerJmsContainer-11] [uk.ac.ebi.interpro.scan.io.pirsf.hmmer3.PirsfHmmer3RawMatchParser:130] WARN - Unexpected Raw match line: #    score  bias  c-Evalue  i-Evalue hmmfrom  hmm to    alifrom  ali to    envfrom  env to     acc
2023-06-24 18:21:05,114 [amqEmbeddedWorkerJmsContainer-11] [uk.ac.ebi.interpro.scan.io.pirsf.hmmer3.PirsfHmmer3RawMatchParser:129] WARN - Couldn't parse the given raw match line, because it is of an unexpected format.
2023-06-24 18:21:05,114 [amqEmbeddedWorkerJmsContainer-11] [uk.ac.ebi.interpro.scan.io.pirsf.hmmer3.PirsfHmmer3RawMatchParser:130] WARN - Unexpected Raw match line: 1 ! 1065.3   0.0         0         0      10     939 .]      29     959 .]      18     959 .] 0.96
2023-06-24 18:21:05,114 [amqEmbeddedWorkerJmsContainer-11] [uk.ac.ebi.interpro.scan.io.pirsf.hmmer3.PirsfHmmer3RawMatchParser:129] WARN - Couldn't parse the given raw match line, because it is of an unexpected format.
2023-06-24 18:21:05,114 [amqEmbeddedWorkerJmsContainer-11] [uk.ac.ebi.interpro.scan.io.pirsf.hmmer3.PirsfHmmer3RawMatchParser:130] WARN - Unexpected Raw match line: Query sequence: 21 matches PIRSF037307: Predicted Lhr-like ATP-dependent RNA helicase
2023-06-24 18:21:05,114 [amqEmbeddedWorkerJmsContainer-11] [uk.ac.ebi.interpro.scan.io.pirsf.hmmer3.PirsfHmmer3RawMatchParser:129] WARN - Couldn't parse the given raw match line, because it is of an unexpected format.
2023-06-24 18:21:05,114 [amqEmbeddedWorkerJmsContainer-11] [uk.ac.ebi.interpro.scan.io.pirsf.hmmer3.PirsfHmmer3RawMatchParser:130] WARN - Unexpected Raw match line: #    score  bias  c-Evalue  i-Evalue hmmfrom  hmm to    alifrom  ali to    envfrom  env to     acc
2023-06-24 18:21:05,114 [amqEmbeddedWorkerJmsContainer-11] [uk.ac.ebi.interpro.scan.io.pirsf.hmmer3.PirsfHmmer3RawMatchParser:129] WARN - Couldn't parse the given raw match line, because it is of an unexpected format.
2023-06-24 18:21:05,114 [amqEmbeddedWorkerJmsContainer-11] [uk.ac.ebi.interpro.scan.io.pirsf.hmmer3.PirsfHmmer3RawMatchParser:130] WARN - Unexpected Raw match line: 1 !  131.9   0.0   7.5e-42   1.6e-40      10     134 ..     156     291 ..     144     291 .. 0.91
2023-06-24 18:21:05,114 [amqEmbeddedWorkerJmsContainer-11] [uk.ac.ebi.interpro.scan.io.pirsf.hmmer3.PirsfHmmer3RawMatchParser:129] WARN - Couldn't parse the given raw match line, because it is of an unexpected format.
2023-06-24 18:21:05,114 [amqEmbeddedWorkerJmsContainer-11] [uk.ac.ebi.interpro.scan.io.pirsf.hmmer3.PirsfHmmer3RawMatchParser:130] WARN - Unexpected Raw match line: 2 !  565.1   0.0  9.9e-173  2.1e-171     165     819 ..     292     990 ..     292     993 .. 0.94
2023-06-24 18:21:05,114 [amqEmbeddedWorkerJmsContainer-11] [uk.ac.ebi.interpro.scan.io.pirsf.hmmer3.PirsfHmmer3RawMatchParser:129] WARN - Couldn't parse the given raw match line, because it is of an unexpected format.
2023-06-24 18:21:05,114 [amqEmbeddedWorkerJmsContainer-11] [uk.ac.ebi.interpro.scan.io.pirsf.hmmer3.PirsfHmmer3RawMatchParser:130] WARN - Unexpected Raw match line: Query sequence: 36 matches PIRSF037677: DNA mismatch repair protein Msh6
2023-06-24 18:21:05,114 [amqEmbeddedWorkerJmsContainer-11] [uk.ac.ebi.interpro.scan.io.pirsf.hmmer3.PirsfHmmer3RawMatchParser:129] WARN - Couldn't parse the given raw match line, because it is of an unexpected format.
2023-06-24 18:21:05,115 [amqEmbeddedWorkerJmsContainer-11] [uk.ac.ebi.interpro.scan.io.pirsf.hmmer3.PirsfHmmer3RawMatchParser:130] WARN - Unexpected Raw match line: #    score  bias  c-Evalue  i-Evalue hmmfrom  hmm to    alifrom  ali to    envfrom  env to     acc
2023-06-24 18:21:05,115 [amqEmbeddedWorkerJmsContainer-11] [uk.ac.ebi.interpro.scan.io.pirsf.hmmer3.PirsfHmmer3RawMatchParser:129] WARN - Couldn't parse the given raw match line, because it is of an unexpected format.
2023-06-24 18:21:05,115 [amqEmbeddedWorkerJmsContainer-11] [uk.ac.ebi.interpro.scan.io.pirsf.hmmer3.PirsfHmmer3RawMatchParser:130] WARN - Unexpected Raw match line: 1 !  461.8   0.0  6.2e-142  3.9e-140     345    1198 ..      25     814 ..      11     827 .. 0.86
2023-06-24 18:21:05,115 [amqEmbeddedWorkerJmsContainer-11] [uk.ac.ebi.interpro.scan.io.pirsf.hmmer3.PirsfHmmer3RawMatchParser:129] WARN - Couldn't parse the given raw match line, because it is of an unexpected format.
2023-06-24 18:21:05,115 [amqEmbeddedWorkerJmsContainer-11] [uk.ac.ebi.interpro.scan.io.pirsf.hmmer3.PirsfHmmer3RawMatchParser:130] WARN - Unexpected Raw match line: Query sequence: 52 matches PIRSF005719: Structural maintenance of chromosomes protein
2023-06-24 18:21:05,115 [amqEmbeddedWorkerJmsContainer-11] [uk.ac.ebi.interpro.scan.io.pirsf.hmmer3.PirsfHmmer3RawMatchParser:129] WARN - Couldn't parse the given raw match line, because it is of an unexpected format.
2023-06-24 18:21:05,115 [amqEmbeddedWorkerJmsContainer-11] [uk.ac.ebi.interpro.scan.io.pirsf.hmmer3.PirsfHmmer3RawMatchParser:130] WARN - Unexpected Raw match line: #    score  bias  c-Evalue  i-Evalue hmmfrom  hmm to    alifrom  ali to    envfrom  env to     acc
2023-06-24 18:21:05,115 [amqEmbeddedWorkerJmsContainer-11] [uk.ac.ebi.interpro.scan.io.pirsf.hmmer3.PirsfHmmer3RawMatchParser:129] WARN - Couldn't parse the given raw match line, because it is of an unexpected format.
2023-06-24 18:21:05,115 [amqEmbeddedWorkerJmsContainer-11] [uk.ac.ebi.interpro.scan.io.pirsf.hmmer3.PirsfHmmer3RawMatchParser:130] WARN - Unexpected Raw match line: 1 !  892.2  82.8  1.2e-271  3.2e-270       1    1189 [.       6    1190 ..       6    1193 .. 0.96
2023-06-24 18:21:05,115 [amqEmbeddedWorkerJmsContainer-11] [uk.ac.ebi.interpro.scan.io.pirsf.hmmer3.PirsfHmmer3RawMatchParser:129] WARN - Couldn't parse the given raw match line, because it is of an unexpected format.
2023-06-24 18:21:05,115 [amqEmbeddedWorkerJmsContainer-11] [uk.ac.ebi.interpro.scan.io.pirsf.hmmer3.PirsfHmmer3RawMatchParser:130] WARN - Unexpected Raw match line: Query sequence: 78 matches PIRSF001604: DNA ligase (NAD), LigA type
2023-06-24 18:21:05,115 [amqEmbeddedWorkerJmsContainer-11] [uk.ac.ebi.interpro.scan.io.pirsf.hmmer3.PirsfHmmer3RawMatchParser:129] WARN - Couldn't parse the given raw match line, because it is of an unexpected format.
2023-06-24 18:21:05,115 [amqEmbeddedWorkerJmsContainer-11] [uk.ac.ebi.interpro.scan.io.pirsf.hmmer3.PirsfHmmer3RawMatchParser:130] WARN - Unexpected Raw match line: #    score  bias  c-Evalue  i-Evalue hmmfrom  hmm to    alifrom  ali to    envfrom  env to     acc
2023-06-24 18:21:05,115 [amqEmbeddedWorkerJmsContainer-11] [uk.ac.ebi.interpro.scan.io.pirsf.hmmer3.PirsfHmmer3RawMatchParser:129] WARN - Couldn't parse the given raw match line, because it is of an unexpected format.
2023-06-24 18:21:05,115 [amqEmbeddedWorkerJmsContainer-11] [uk.ac.ebi.interpro.scan.io.pirsf.hmmer3.PirsfHmmer3RawMatchParser:130] WARN - Unexpected Raw match line: 1 !  734.6   0.0  1.1e-224  6.9e-223       6     678 ..      53     707 ..      49     710 .. 0.97
2023-06-24 18:21:05,115 [amqEmbeddedWorkerJmsContainer-11] [uk.ac.ebi.interpro.scan.io.pirsf.hmmer3.PirsfHmmer3RawMatchParser:129] WARN - Couldn't parse the given raw match line, because it is of an unexpected format.
2023-06-24 18:21:05,116 [amqEmbeddedWorkerJmsContainer-11] [uk.ac.ebi.interpro.scan.io.pirsf.hmmer3.PirsfHmmer3RawMatchParser:130] WARN - Unexpected Raw match line: Query sequence: 82 matches PIRSF001227: Penicillin/cephalosporin acylase
2023-06-24 18:21:05,116 [amqEmbeddedWorkerJmsContainer-11] [uk.ac.ebi.interpro.scan.io.pirsf.hmmer3.PirsfHmmer3RawMatchParser:129] WARN - Couldn't parse the given raw match line, because it is of an unexpected format.
2023-06-24 18:21:05,116 [amqEmbeddedWorkerJmsContainer-11] [uk.ac.ebi.interpro.scan.io.pirsf.hmmer3.PirsfHmmer3RawMatchParser:130] WARN - Unexpected Raw match line: #    score  bias  c-Evalue  i-Evalue hmmfrom  hmm to    alifrom  ali to    envfrom  env to     acc
2023-06-24 18:21:05,116 [amqEmbeddedWorkerJmsContainer-11] [uk.ac.ebi.interpro.scan.io.pirsf.hmmer3.PirsfHmmer3RawMatchParser:129] WARN - Couldn't parse the given raw match line, because it is of an unexpected format.
2023-06-24 18:21:05,116 [amqEmbeddedWorkerJmsContainer-11] [uk.ac.ebi.interpro.scan.io.pirsf.hmmer3.PirsfHmmer3RawMatchParser:130] WARN - Unexpected Raw match line: 1 !  552.1  12.9  1.5e-169  1.9e-167      29     782 ..     148     886 ..     137     889 .. 0.90
24/06/2023 18:21:17:327 100% done:  InterProScan analyses completed 

2023-06-24 18:21:17,830 [main] [uk.ac.ebi.interpro.scan.jms.master.AbstractMaster:259] WARN - Master process unable to delete temporary directory /projects/raw_lab/jobs/metacerberus/temp/str-c102.uncc.edu_20230624_181505547_2l8m
1573.49user 104.19system 6:16.91elapsed 445%CPU (0avgtext+0avgdata 3427920maxresident)k
1317024inputs+1064152outputs (351major+9158834minor)pagefaults 0swaps

======================================================
End Time   : Sat Jun 24 18:21:17 EDT 2023
Run Time   : 377 seconds
======================================================

