=====================================================
Start Time  : Sat Jun 24 21:41:33 EDT 2023
Submit Dir  : /projects/raw_lab/jobs/metacerberus
Job ID/Name : 3996912 / InterProScan
Node List   : str-c108
Num Tasks   : 1 total [1 nodes @ 16 CPUs/node]
======================================================

Loading interproscan/5.60-92.0
  Loading requirement: anaconda3/2020.11 openjdk/15
======================================================
Running InterProScan On VIRAL_ARCHAEA/KC292028.fna
======================================================
24/06/2023 21:41:34:521 Welcome to InterProScan-5.60-92.0
24/06/2023 21:41:34:522 Running InterProScan v5 in STANDALONE mode... on Linux
24/06/2023 21:41:38:597 RunID: str-c108.uncc.edu_20230624_214138421_6ft9
24/06/2023 21:41:47:433 Loading file /projects/raw_lab/jobs/metacerberus/VIRAL_ARCHAEA/KC292028.fna
24/06/2023 21:41:48:024 Running the following analyses:
[AntiFam-7.0,CDD-3.20,Coils-2.2.1,FunFam-4.3.0,Gene3D-4.3.0,Hamap-2021_04,MobiDBLite-2.0,PANTHER-17.0,Pfam-35.0,PIRSF-3.10,PIRSR-2021_05,PRINTS-42.0,ProSitePatterns-2022_01,ProSiteProfiles-2022_01,SFLD-4,SMART-7.1,SUPERFAMILY-1.75,TIGRFAM-15.0]
Pre-calculated match lookup service DISABLED.  Please wait for match calculations to complete...
2023-06-24 21:43:12,938 [amqEmbeddedWorkerJmsContainer-11] [uk.ac.ebi.interpro.scan.management.model.implementations.WriteOutputStep:344] WARN - At write output completion, unable to delete temporary directory /projects/raw_lab/jobs/metacerberus/temp/str-c108.uncc.edu_20230624_214138421_6ft9
24/06/2023 21:43:13:053 100% done:  InterProScan analyses completed 

2023-06-24 21:43:13,555 [main] [uk.ac.ebi.interpro.scan.jms.master.AbstractMaster:259] WARN - Master process unable to delete temporary directory /projects/raw_lab/jobs/metacerberus/temp/str-c108.uncc.edu_20230624_214138421_6ft9
2023-06-24 21:43:13,562 [main] [uk.ac.ebi.interpro.scan.jms.main.Run:1778] WARN - At Run completion, unable to delete temporary directory /projects/raw_lab/jobs/metacerberus/temp/str-c108.uncc.edu_20230624_214138421_6ft9
222.11user 22.47system 1:39.75elapsed 245%CPU (0avgtext+0avgdata 3298996maxresident)k
437992inputs+435368outputs (12major+1679917minor)pagefaults 0swaps

======================================================
End Time   : Sat Jun 24 21:43:13 EDT 2023
Run Time   : 100 seconds
======================================================

