=====================================================
Start Time  : Sat Jul  1 17:31:11 EDT 2023
Submit Dir  : /projects/raw_lab/jobs/metacerberus
Job ID/Name : 4129055 / DRAM
Node List   : str-c104
Num Tasks   : 1 total [1 nodes @ 16 CPUs/node]
======================================================

Loading dram/1.4.6
  Loading requirement: anaconda3/2022.10
======================================================
Running DRAM On PHAGES/genomes/NC_008617.fna
======================================================
2023-07-01 17:31:16,251 - The log file is created at results/DRAM/PHAGES/genomes/NC_008617/annotate.log.
2023-07-01 17:31:16,251 - 1 FASTAs found
2023-07-01 17:31:16,263 - Starting the Annotation of Bins with database configuration: 
 

KOfam db:
    Citation: T. Aramaki, R. Blanc-Mathieu, H. Endo, K. Ohkubo, M. Kanehisa, S. Goto, and H. Ogata, "Kofamkoala: Kegg ortholog assignment based on profile hmm and adaptive score threshold," Bioinformatics, vol. 36, no. 7, pp. 2251–2252, 2020.
    Download Time: 06/10/2023, 10:32:33
    Origin: Downloaded by DRAM
KOfam KO list:
    Citation: T. Aramaki, R. Blanc-Mathieu, H. Endo, K. Ohkubo, M. Kanehisa, S. Goto, and H. Ogata, "Kofamkoala: Kegg ortholog assignment based on profile hmm and adaptive score threshold," Bioinformatics, vol. 36, no. 7, pp. 2251–2252, 2020.
    Download Time: 06/10/2023, 10:32:36
    Origin: Downloaded by DRAM
Pfam db:
    Citation: J. Mistry, S. Chuguransky, L. Williams, M. Qureshi, G. A. Salazar, E. L. Sonnhammer, S. C. Tosatto, L. Paladin, S. Raj, L. J. Richardson et al., "Pfam: The protein families database in 2021," Nucleic acids research, vol. 49, no. D1, pp. D412–D419, 2021.
    Download Time: 06/10/2023, 18:44:32
    Origin: Downloaded by DRAM
    Description_Db_Updated: 06/12/2023, 01:23:42
dbCAN db:
    Citation: Y. Yin, X. Mao, J. Yang, X. Chen, F. Mao, and Y. Xu, "dbcan: a web resource for automated carbohydrate-active enzyme annotation," Nucleic acids research, vol. 40, no. W1, pp. W445–W451, 2012.
    Version: 11
    Download Time: 06/10/2023, 18:44:36
    Origin: Downloaded by DRAM
    Description_Db_Updated: 06/12/2023, 01:23:42
MEROPS peptidase db:
    Description_Db_Updated: 06/12/2023, 01:23:41
    Citation: N. D. Rawlings, A. J. Barrett, P. D. Thomas, X. Huang, A. Bateman, and R. D. Finn, "The merops database of proteolytic enzymes, their substrates and inhibitors in 2017 and a comparison with peptidases in the panther database," Nucleic acids research, vol. 46, no. D1, pp. D624–D632, 2018.
    Download Time: 06/10/2023, 18:45:19
    Origin: Downloaded by DRAM

Pfam hmm dat:
    Description_Db_Updated: Unknown, or Never
    Citation: J. Mistry, S. Chuguransky, L. Williams, M. Qureshi, G. A. Salazar, E. L. Sonnhammer, S. C. Tosatto, L. Paladin, S. Raj, L. J. Richardson et al., "Pfam: The protein families database in 2021," Nucleic acids research, vol. 49, no. D1, pp. D412–D419, 2021.
    Download Time: 06/10/2023, 18:44:33
    Origin: Downloaded by DRAM
dbCAN family activities:
    Citation: Y. Yin, X. Mao, J. Yang, X. Chen, F. Mao, and Y. Xu, "dbcan: a web resource for automated carbohydrate-active enzyme annotation," Nucleic acids research, vol. 40, no. W1, pp. W445–W451, 2012.
    Version: 11
    Upload_Date: 08062022
    Download Time: 06/10/2023, 18:44:37
    Origin: Downloaded by DRAM
dbCAN subfamily EC numbers:
    Citation: Y. Yin, X. Mao, J. Yang, X. Chen, F. Mao, and Y. Xu, "dbcan: a web resource for automated carbohydrate-active enzyme annotation," Nucleic acids research, vol. 40, no. W1, pp. W445–W451, 2012.
    Version: 11
    Upload_Date: 08062022
    Download Time: 06/10/2023, 18:44:37
    Origin: Downloaded by DRAM
VOG annotations:
    Description_Db_Updated: Unknown, or Never
    Citation: J. Thannesberger, H.-J. Hellinger, I. Klymiuk, M.-T. Kastner, F. J. Rieder, M. Schneider, S. Fister, T. Lion, K. Kosulin, J. Laengle et al., "Viruses comprise an extensive pool of mobile genetic elements in eukaryote cell cultures and human clinical samples," The FASEB Journal, vol. 31, no. 5, pp. 1987–2000, 2017.
    Version: latest
    Download Time: 06/10/2023, 18:45:00
    Origin: Downloaded by DRAM

Genome summary form:
    Branch: master
    Download Time: 06/10/2023, 18:45:20
    Origin: Downloaded by DRAM
Module step form:
    Branch: master
    Download Time: 06/10/2023, 18:45:20
    Origin: Downloaded by DRAM
ETC module database:
    Branch: master
    Download Time: 06/10/2023, 18:45:21
    Origin: Downloaded by DRAM
Function heatmap form:
    Branch: master
    Download Time: 06/10/2023, 18:45:20
    Origin: Downloaded by DRAM
AMG database:
    Branch: master
    Download Time: 06/10/2023, 18:45:20
    Origin: Downloaded by DRAM
2023-07-01 17:31:16,264 - Retrieved database locations and descriptions
2023-07-01 17:31:16,264 - Annotating NC_008617
2023-07-01 17:31:16,995 - Turning genes from prodigal to mmseqs2 db
2023-07-01 17:31:27,401 - Getting hits from kofam
2023-07-01 17:32:31,538 - Getting forward best hits from peptidase
2023-07-01 17:32:32,446 - Getting reverse best hits from peptidase
2023-07-01 17:32:40,897 - Getting descriptions of hits from peptidase
2023-07-01 17:32:41,056 - Getting hits from pfam
2023-07-01 17:32:45,441 - Getting hits from dbCAN
2023-07-01 17:32:46,498 - Merging ORF annotations
2023-07-01 17:32:46,797 - No tRNAs were detected, no trnas.tsv file will be created.
2023-07-01 17:32:46,926 - No rRNAs were detected, no rrnas.tsv file will be created.
2023-07-01 17:32:47,526 - Annotations complete, processing annotations
2023-07-01 17:32:47,552 - Completed annotations
81.08user 42.22system 1:34.60elapsed 130%CPU (0avgtext+0avgdata 18189516maxresident)k
1814712inputs+1767880outputs (167major+1016964minor)pagefaults 0swaps

======================================================
End Time   : Sat Jul  1 17:32:47 EDT 2023
Run Time   : 96 seconds
======================================================

