=====================================================
Start Time  : Sat Jul  1 17:14:33 EDT 2023
Submit Dir  : /projects/raw_lab/jobs/metacerberus
Job ID/Name : 4128791 / PROKKA
Node List   : str-c100
Num Tasks   : 1 total [1 nodes @ 16 CPUs/node]
======================================================

Loading prokka/1.14.6
  Loading requirement: anaconda3/2022.10
======================================================
Running PROKKA On CPR/SAMN03319566.fna
======================================================
Viruses
[17:14:35] This is prokka 1.14.6
[17:14:35] Written by Torsten Seemann <torsten.seemann@gmail.com>
[17:14:35] Homepage is https://github.com/tseemann/prokka
[17:14:35] Local time is Sat Jul  1 17:14:35 2023
[17:14:35] You are jlfiguer
[17:14:35] Operating system is linux
[17:14:35] You have BioPerl 1.7.8
Argument "1.7.8" isn't numeric in numeric lt (<) at /apps/pkg/anaconda3/2022.10/envs/prokka-1.14.6/bin/prokka line 259.
[17:14:35] System has 16 cores.
[17:14:35] Will use maximum of 16 cores.
[17:14:35] Annotating as >>> Viruses <<<
[17:14:35] Generating locus_tag from 'CPR/SAMN03319566.fna' contents.
[17:14:35] Setting --locustag MOKKOHFL from MD5 684481f5f70b34caf78e1afd1d4561cb
[17:14:35] Creating new output folder: results/PROKKA/CPR/SAMN03319566
[17:14:35] Running: mkdir -p results\/PROKKA\/CPR\/SAMN03319566
[17:14:35] Using filename prefix: SAMN03319566.XXX
[17:14:35] Setting HMMER_NCPU=1
[17:14:35] Writing log to: results/PROKKA/CPR/SAMN03319566/SAMN03319566.log
[17:14:35] Command: /apps/pkg/anaconda3/2022.10/envs/prokka-1.14.6/bin/prokka --prefix SAMN03319566 --outdir results/PROKKA/CPR/SAMN03319566 --kingdom Viruses --cpus 16 CPR/SAMN03319566.fna
[17:14:35] Appending to PATH: /apps/pkg/anaconda3/2022.10/envs/prokka-1.14.6/bin
[17:14:35] Looking for 'aragorn' - found /apps/pkg/anaconda3/2022.10/envs/prokka-1.14.6/bin/aragorn
[17:14:35] Determined aragorn version is 001002 from 'ARAGORN v1.2.41 Dean Laslett'
[17:14:35] Looking for 'barrnap' - found /apps/pkg/anaconda3/2022.10/envs/prokka-1.14.6/bin/barrnap
[17:14:35] Determined barrnap version is 000009 from 'barrnap 0.9'
[17:14:35] Looking for 'blastp' - found /apps/pkg/anaconda3/2022.10/envs/prokka-1.14.6/bin/blastp
[17:14:35] Determined blastp version is 002013 from 'blastp: 2.13.0+'
[17:14:35] Looking for 'cmpress' - found /apps/pkg/anaconda3/2022.10/envs/prokka-1.14.6/bin/cmpress
[17:14:35] Determined cmpress version is 001001 from '# INFERNAL 1.1.4 (Dec 2020)'
[17:14:35] Looking for 'cmscan' - found /apps/pkg/anaconda3/2022.10/envs/prokka-1.14.6/bin/cmscan
[17:14:35] Determined cmscan version is 001001 from '# INFERNAL 1.1.4 (Dec 2020)'
[17:14:35] Looking for 'egrep' - found /usr/bin/egrep
[17:14:35] Looking for 'find' - found /usr/bin/find
[17:14:35] Looking for 'grep' - found /usr/bin/grep
[17:14:35] Looking for 'hmmpress' - found /apps/pkg/anaconda3/2022.10/envs/prokka-1.14.6/bin/hmmpress
[17:14:35] Determined hmmpress version is 003003 from '# HMMER 3.3.2 (Nov 2020); http://hmmer.org/'
[17:14:35] Looking for 'hmmscan' - found /apps/pkg/anaconda3/2022.10/envs/prokka-1.14.6/bin/hmmscan
[17:14:35] Determined hmmscan version is 003003 from '# HMMER 3.3.2 (Nov 2020); http://hmmer.org/'
[17:14:35] Looking for 'java' - found /apps/pkg/anaconda3/2022.10/envs/prokka-1.14.6/bin/java
[17:14:35] Looking for 'makeblastdb' - found /apps/pkg/anaconda3/2022.10/envs/prokka-1.14.6/bin/makeblastdb
[17:14:35] Determined makeblastdb version is 002013 from 'makeblastdb: 2.13.0+'
[17:14:35] Looking for 'minced' - found /apps/pkg/anaconda3/2022.10/envs/prokka-1.14.6/bin/minced
[17:14:35] Determined minced version is 004002 from 'minced 0.4.2'
[17:14:35] Looking for 'parallel' - found /apps/pkg/anaconda3/2022.10/envs/prokka-1.14.6/bin/parallel
[17:14:35] Determined parallel version is 20230122 from 'GNU parallel 20230122'
[17:14:35] Looking for 'prodigal' - found /apps/pkg/anaconda3/2022.10/envs/prokka-1.14.6/bin/prodigal
[17:14:35] Determined prodigal version is 002006 from 'Prodigal V2.6.3: February, 2016'
[17:14:35] Looking for 'prokka-genbank_to_fasta_db' - found /apps/pkg/anaconda3/2022.10/envs/prokka-1.14.6/bin/prokka-genbank_to_fasta_db
[17:14:35] Looking for 'sed' - found /usr/bin/sed
[17:14:35] Looking for 'tbl2asn' - found /apps/pkg/anaconda3/2022.10/envs/prokka-1.14.6/bin/tbl2asn
[17:14:35] Determined tbl2asn version is 025007 from 'tbl2asn 25.7   arguments:'
[17:14:35] Using genetic code table 1.
[17:14:35] Loading and checking input file: CPR/SAMN03319566.fna
[17:14:35] Wrote 8 contigs totalling 250684 bp.
[17:14:35] Predicting tRNAs and tmRNAs
[17:14:35] Running: aragorn -l -gc1  -w results\/PROKKA\/CPR\/SAMN03319566\/SAMN03319566\.fna
[17:14:35] 1 tRNA-Pro [3126,3201] 34 (ggg)
[17:14:35] 1 tRNA-Ile [35413,35486] 33 (tat)
[17:14:35] 2 tRNA-Met c[37782,37854] 33 (cat)
[17:14:35] 1 tRNA-Ala [3658,3729] 33 (ggc)
[17:14:35] Found 4 tRNAs
[17:14:35] Disabling rRNA search: --kingdom=Viruses or --norrna=0
[17:14:35] Skipping ncRNA search, enable with --rfam if desired.
[17:14:35] Total of 4 tRNA + rRNA features
[17:14:35] Searching for CRISPR repeats
[17:14:35] Found 0 CRISPRs
[17:14:35] Predicting coding sequences
[17:14:35] Contigs total 250684 bp, so using single mode
[17:14:35] Running: prodigal -i results\/PROKKA\/CPR\/SAMN03319566\/SAMN03319566\.fna -c -m -g 1 -p single -f sco -q
[17:14:36] Excluding CDS which overlaps existing RNA (tRNA) at LCAJ01000003.1:37444..37785 on + strand
[17:14:36] Excluding CDS which overlaps existing RNA (tRNA) at LCAJ01000003.1:37845..38564 on - strand
[17:14:36] Found 249 CDS
[17:14:36] Connecting features back to sequences
[17:14:36] Not using genus-specific database. Try --usegenus to enable it.
[17:14:36] Annotating CDS, please be patient.
[17:14:36] Will use 16 CPUs for similarity searching.
[17:14:36] There are still 249 unannotated CDS left (started with 249)
[17:14:36] Will use blast to search against /apps/pkg/anaconda3/2022.10/envs/prokka-1.14.6/db/kingdom/Viruses/sprot with 16 CPUs
[17:14:36] Running: cat results\/PROKKA\/CPR\/SAMN03319566\/SAMN03319566\.sprot\.tmp\.634440\.faa | parallel --gnu --plain -j 16 --block 2372 --recstart '>' --pipe blastp -query - -db /apps/pkg/anaconda3/2022.10/envs/prokka-1.14.6/db/kingdom/Viruses/sprot -evalue 1e-09 -qcov_hsp_perc 80 -num_threads 1 -num_descriptions 1 -num_alignments 1 -seg no > results\/PROKKA\/CPR\/SAMN03319566\/SAMN03319566\.sprot\.tmp\.634440\.blast 2> /dev/null
[17:14:37] Deleting unwanted file: results/PROKKA/CPR/SAMN03319566/SAMN03319566.sprot.tmp.634440.faa
[17:14:37] Deleting unwanted file: results/PROKKA/CPR/SAMN03319566/SAMN03319566.sprot.tmp.634440.blast
[17:14:37] Labelling remaining 248 proteins as 'hypothetical protein'
[17:14:37] Found 1 unique /gene codes.
[17:14:37] Fixed 0 colliding /gene names.
[17:14:37] Adding /locus_tag identifiers
[17:14:37] Assigned 253 locus_tags to CDS and RNA features.
[17:14:37] Writing outputs to results/PROKKA/CPR/SAMN03319566/
[17:14:37] Generating annotation statistics file
[17:14:37] Generating Genbank and Sequin files
[17:14:37] Running: tbl2asn -V b -a r10k -l paired-ends -M n -N 1 -y 'Annotated using prokka 1.14.6 from https://github.com/tseemann/prokka' -Z results\/PROKKA\/CPR\/SAMN03319566\/SAMN03319566\.err -i results\/PROKKA\/CPR\/SAMN03319566\/SAMN03319566\.fsa 2> /dev/null
[tbl2asn-forever] Found Prokka input, correcting dates in .gbf|.sqn files.
[tbl2asn-forever] Correcting dates in results/PROKKA/CPR/SAMN03319566/SAMN03319566.gbf
[tbl2asn-forever] Correcting dates in results/PROKKA/CPR/SAMN03319566/SAMN03319566.sqn
[tbl2asn-forever] Dates changed from 01-JAN-2019 to 01-JUL-2023
[17:14:38] Deleting unwanted file: results/PROKKA/CPR/SAMN03319566/errorsummary.val
[17:14:38] Deleting unwanted file: results/PROKKA/CPR/SAMN03319566/SAMN03319566.dr
[17:14:38] Deleting unwanted file: results/PROKKA/CPR/SAMN03319566/SAMN03319566.fixedproducts
[17:14:38] Deleting unwanted file: results/PROKKA/CPR/SAMN03319566/SAMN03319566.ecn
[17:14:38] Deleting unwanted file: results/PROKKA/CPR/SAMN03319566/SAMN03319566.val
[17:14:38] Repairing broken .GBK output that tbl2asn produces...
[17:14:38] Running: sed 's/COORDINATES: profile/COORDINATES:profile/' < results\/PROKKA\/CPR\/SAMN03319566\/SAMN03319566\.gbf > results\/PROKKA\/CPR\/SAMN03319566\/SAMN03319566\.gbk
[17:14:38] Deleting unwanted file: results/PROKKA/CPR/SAMN03319566/SAMN03319566.gbf
[17:14:38] Output files:
[17:14:38] results/PROKKA/CPR/SAMN03319566/SAMN03319566.log
[17:14:38] results/PROKKA/CPR/SAMN03319566/SAMN03319566.fna
[17:14:38] results/PROKKA/CPR/SAMN03319566/SAMN03319566.gff
[17:14:38] results/PROKKA/CPR/SAMN03319566/SAMN03319566.faa
[17:14:38] results/PROKKA/CPR/SAMN03319566/SAMN03319566.ffn
[17:14:38] results/PROKKA/CPR/SAMN03319566/SAMN03319566.tbl
[17:14:38] results/PROKKA/CPR/SAMN03319566/SAMN03319566.fsa
[17:14:38] results/PROKKA/CPR/SAMN03319566/SAMN03319566.tsv
[17:14:38] results/PROKKA/CPR/SAMN03319566/SAMN03319566.txt
[17:14:38] results/PROKKA/CPR/SAMN03319566/SAMN03319566.err
[17:14:38] results/PROKKA/CPR/SAMN03319566/SAMN03319566.sqn
[17:14:38] results/PROKKA/CPR/SAMN03319566/SAMN03319566.gbk
[17:14:38] Annotation finished successfully.
[17:14:38] Walltime used: 0.05 minutes
[17:14:38] If you use this result please cite the Prokka paper:
[17:14:38] Seemann T (2014) Prokka: rapid prokaryotic genome annotation. Bioinformatics. 30(14):2068-9.
[17:14:38] Type 'prokka --citation' for more details.
[17:14:38] Share and enjoy!
8.65user 0.72system 0:03.02elapsed 309%CPU (0avgtext+0avgdata 78356maxresident)k
3312inputs+24464outputs (0major+243900minor)pagefaults 0swaps

======================================================
End Time   : Sat Jul  1 17:14:38 EDT 2023
Run Time   : 5 seconds
======================================================

