=====================================================
Start Time  : Sat Jun 24 21:20:29 EDT 2023
Submit Dir  : /projects/raw_lab/jobs/metacerberus
Job ID/Name : 3996794 / InterProScan
Node List   : str-c88
Num Tasks   : 1 total [1 nodes @ 16 CPUs/node]
======================================================

Loading interproscan/5.60-92.0
  Loading requirement: anaconda3/2020.11 openjdk/15
======================================================
Running InterProScan On CPR/SAMN04328188.fna
======================================================
24/06/2023 21:20:30:130 Welcome to InterProScan-5.60-92.0
24/06/2023 21:20:30:130 Running InterProScan v5 in STANDALONE mode... on Linux
24/06/2023 21:20:34:080 RunID: str-c88.uncc.edu_20230624_212033908_i720
24/06/2023 21:20:42:851 Loading file /projects/raw_lab/jobs/metacerberus/CPR/SAMN04328188.fna
24/06/2023 21:20:43:553 Running the following analyses:
[AntiFam-7.0,CDD-3.20,Coils-2.2.1,FunFam-4.3.0,Gene3D-4.3.0,Hamap-2021_04,MobiDBLite-2.0,PANTHER-17.0,Pfam-35.0,PIRSF-3.10,PIRSR-2021_05,PRINTS-42.0,ProSitePatterns-2022_01,ProSiteProfiles-2022_01,SFLD-4,SMART-7.1,SUPERFAMILY-1.75,TIGRFAM-15.0]
Pre-calculated match lookup service DISABLED.  Please wait for match calculations to complete...
2023-06-24 21:29:51,891 [amqEmbeddedWorkerJmsContainer-8] [uk.ac.ebi.interpro.scan.io.pirsf.hmmer3.PirsfHmmer3RawMatchParser:129] WARN - Couldn't parse the given raw match line, because it is of an unexpected format.
2023-06-24 21:29:51,895 [amqEmbeddedWorkerJmsContainer-8] [uk.ac.ebi.interpro.scan.io.pirsf.hmmer3.PirsfHmmer3RawMatchParser:130] WARN - Unexpected Raw match line: Query sequence: 128 matches PIRSF001604: DNA ligase (NAD), LigA type
2023-06-24 21:29:51,895 [amqEmbeddedWorkerJmsContainer-8] [uk.ac.ebi.interpro.scan.io.pirsf.hmmer3.PirsfHmmer3RawMatchParser:129] WARN - Couldn't parse the given raw match line, because it is of an unexpected format.
2023-06-24 21:29:51,895 [amqEmbeddedWorkerJmsContainer-8] [uk.ac.ebi.interpro.scan.io.pirsf.hmmer3.PirsfHmmer3RawMatchParser:130] WARN - Unexpected Raw match line: #    score  bias  c-Evalue  i-Evalue hmmfrom  hmm to    alifrom  ali to    envfrom  env to     acc
2023-06-24 21:29:51,895 [amqEmbeddedWorkerJmsContainer-8] [uk.ac.ebi.interpro.scan.io.pirsf.hmmer3.PirsfHmmer3RawMatchParser:129] WARN - Couldn't parse the given raw match line, because it is of an unexpected format.
2023-06-24 21:29:51,895 [amqEmbeddedWorkerJmsContainer-8] [uk.ac.ebi.interpro.scan.io.pirsf.hmmer3.PirsfHmmer3RawMatchParser:130] WARN - Unexpected Raw match line: 1 !  776.4   2.5  1.2e-237  4.2e-235       6     677 ..      22     704 .]      20     704 .] 0.98
2023-06-24 21:29:51,895 [amqEmbeddedWorkerJmsContainer-8] [uk.ac.ebi.interpro.scan.io.pirsf.hmmer3.PirsfHmmer3RawMatchParser:129] WARN - Couldn't parse the given raw match line, because it is of an unexpected format.
2023-06-24 21:29:51,895 [amqEmbeddedWorkerJmsContainer-8] [uk.ac.ebi.interpro.scan.io.pirsf.hmmer3.PirsfHmmer3RawMatchParser:130] WARN - Unexpected Raw match line: Query sequence: 136 matches PIRSF004869: Predicted pyruvate-formate lyase-activating enzyme
2023-06-24 21:29:51,895 [amqEmbeddedWorkerJmsContainer-8] [uk.ac.ebi.interpro.scan.io.pirsf.hmmer3.PirsfHmmer3RawMatchParser:129] WARN - Couldn't parse the given raw match line, because it is of an unexpected format.
2023-06-24 21:29:51,895 [amqEmbeddedWorkerJmsContainer-8] [uk.ac.ebi.interpro.scan.io.pirsf.hmmer3.PirsfHmmer3RawMatchParser:130] WARN - Unexpected Raw match line: #    score  bias  c-Evalue  i-Evalue hmmfrom  hmm to    alifrom  ali to    envfrom  env to     acc
2023-06-24 21:29:51,895 [amqEmbeddedWorkerJmsContainer-8] [uk.ac.ebi.interpro.scan.io.pirsf.hmmer3.PirsfHmmer3RawMatchParser:129] WARN - Couldn't parse the given raw match line, because it is of an unexpected format.
2023-06-24 21:29:51,895 [amqEmbeddedWorkerJmsContainer-8] [uk.ac.ebi.interpro.scan.io.pirsf.hmmer3.PirsfHmmer3RawMatchParser:130] WARN - Unexpected Raw match line: 1 !  335.7   0.3  3.3e-104  3.7e-102      12     314 ..      19     337 ..       7     338 .. 0.94
2023-06-24 21:29:51,895 [amqEmbeddedWorkerJmsContainer-8] [uk.ac.ebi.interpro.scan.io.pirsf.hmmer3.PirsfHmmer3RawMatchParser:129] WARN - Couldn't parse the given raw match line, because it is of an unexpected format.
2023-06-24 21:29:51,896 [amqEmbeddedWorkerJmsContainer-8] [uk.ac.ebi.interpro.scan.io.pirsf.hmmer3.PirsfHmmer3RawMatchParser:130] WARN - Unexpected Raw match line: Query sequence: 180 matches PIRSF006816: Cytochrome-c3 hydrogenase, gamma subunit
2023-06-24 21:29:51,896 [amqEmbeddedWorkerJmsContainer-8] [uk.ac.ebi.interpro.scan.io.pirsf.hmmer3.PirsfHmmer3RawMatchParser:129] WARN - Couldn't parse the given raw match line, because it is of an unexpected format.
2023-06-24 21:29:51,896 [amqEmbeddedWorkerJmsContainer-8] [uk.ac.ebi.interpro.scan.io.pirsf.hmmer3.PirsfHmmer3RawMatchParser:130] WARN - Unexpected Raw match line: #    score  bias  c-Evalue  i-Evalue hmmfrom  hmm to    alifrom  ali to    envfrom  env to     acc
2023-06-24 21:29:51,896 [amqEmbeddedWorkerJmsContainer-8] [uk.ac.ebi.interpro.scan.io.pirsf.hmmer3.PirsfHmmer3RawMatchParser:129] WARN - Couldn't parse the given raw match line, because it is of an unexpected format.
2023-06-24 21:29:51,896 [amqEmbeddedWorkerJmsContainer-8] [uk.ac.ebi.interpro.scan.io.pirsf.hmmer3.PirsfHmmer3RawMatchParser:130] WARN - Unexpected Raw match line: 1 !  209.2   0.0   3.6e-66   1.2e-63       4     256 ..      37     311 ..      34     315 .] 0.86
2023-06-24 21:29:51,896 [amqEmbeddedWorkerJmsContainer-8] [uk.ac.ebi.interpro.scan.io.pirsf.hmmer3.PirsfHmmer3RawMatchParser:129] WARN - Couldn't parse the given raw match line, because it is of an unexpected format.
2023-06-24 21:29:51,896 [amqEmbeddedWorkerJmsContainer-8] [uk.ac.ebi.interpro.scan.io.pirsf.hmmer3.PirsfHmmer3RawMatchParser:130] WARN - Unexpected Raw match line: Query sequence: 183 matches PIRSF003097: Cell division protein FtsX
2023-06-24 21:29:51,896 [amqEmbeddedWorkerJmsContainer-8] [uk.ac.ebi.interpro.scan.io.pirsf.hmmer3.PirsfHmmer3RawMatchParser:129] WARN - Couldn't parse the given raw match line, because it is of an unexpected format.
2023-06-24 21:29:51,896 [amqEmbeddedWorkerJmsContainer-8] [uk.ac.ebi.interpro.scan.io.pirsf.hmmer3.PirsfHmmer3RawMatchParser:130] WARN - Unexpected Raw match line: #    score  bias  c-Evalue  i-Evalue hmmfrom  hmm to    alifrom  ali to    envfrom  env to     acc
2023-06-24 21:29:51,896 [amqEmbeddedWorkerJmsContainer-8] [uk.ac.ebi.interpro.scan.io.pirsf.hmmer3.PirsfHmmer3RawMatchParser:129] WARN - Couldn't parse the given raw match line, because it is of an unexpected format.
2023-06-24 21:29:51,896 [amqEmbeddedWorkerJmsContainer-8] [uk.ac.ebi.interpro.scan.io.pirsf.hmmer3.PirsfHmmer3RawMatchParser:130] WARN - Unexpected Raw match line: 1 !  225.0   6.5   1.4e-70   2.3e-68       3     301 .]      25     326 .]      23     326 .] 0.95
2023-06-24 21:29:51,896 [amqEmbeddedWorkerJmsContainer-8] [uk.ac.ebi.interpro.scan.io.pirsf.hmmer3.PirsfHmmer3RawMatchParser:129] WARN - Couldn't parse the given raw match line, because it is of an unexpected format.
2023-06-24 21:29:51,896 [amqEmbeddedWorkerJmsContainer-8] [uk.ac.ebi.interpro.scan.io.pirsf.hmmer3.PirsfHmmer3RawMatchParser:130] WARN - Unexpected Raw match line: Query sequence: 184 matches PIRSF004486: S-adenosyl-L-methionine dependent methyltransferase, MraW type
2023-06-24 21:29:51,896 [amqEmbeddedWorkerJmsContainer-8] [uk.ac.ebi.interpro.scan.io.pirsf.hmmer3.PirsfHmmer3RawMatchParser:129] WARN - Couldn't parse the given raw match line, because it is of an unexpected format.
2023-06-24 21:29:51,897 [amqEmbeddedWorkerJmsContainer-8] [uk.ac.ebi.interpro.scan.io.pirsf.hmmer3.PirsfHmmer3RawMatchParser:130] WARN - Unexpected Raw match line: #    score  bias  c-Evalue  i-Evalue hmmfrom  hmm to    alifrom  ali to    envfrom  env to     acc
2023-06-24 21:29:51,897 [amqEmbeddedWorkerJmsContainer-8] [uk.ac.ebi.interpro.scan.io.pirsf.hmmer3.PirsfHmmer3RawMatchParser:129] WARN - Couldn't parse the given raw match line, because it is of an unexpected format.
2023-06-24 21:29:51,897 [amqEmbeddedWorkerJmsContainer-8] [uk.ac.ebi.interpro.scan.io.pirsf.hmmer3.PirsfHmmer3RawMatchParser:130] WARN - Unexpected Raw match line: 1 !  338.5   0.3  2.5e-105  8.4e-103       6     306 ..      11     303 ..       8     304 .] 0.96
2023-06-24 21:29:51,897 [amqEmbeddedWorkerJmsContainer-8] [uk.ac.ebi.interpro.scan.io.pirsf.hmmer3.PirsfHmmer3RawMatchParser:129] WARN - Couldn't parse the given raw match line, because it is of an unexpected format.
2023-06-24 21:29:51,897 [amqEmbeddedWorkerJmsContainer-8] [uk.ac.ebi.interpro.scan.io.pirsf.hmmer3.PirsfHmmer3RawMatchParser:130] WARN - Unexpected Raw match line: Query sequence: 20 matches PIRSF005572: Cysteine desulphurase, NifS type
2023-06-24 21:29:51,897 [amqEmbeddedWorkerJmsContainer-8] [uk.ac.ebi.interpro.scan.io.pirsf.hmmer3.PirsfHmmer3RawMatchParser:129] WARN - Couldn't parse the given raw match line, because it is of an unexpected format.
2023-06-24 21:29:51,897 [amqEmbeddedWorkerJmsContainer-8] [uk.ac.ebi.interpro.scan.io.pirsf.hmmer3.PirsfHmmer3RawMatchParser:130] WARN - Unexpected Raw match line: #    score  bias  c-Evalue  i-Evalue hmmfrom  hmm to    alifrom  ali to    envfrom  env to     acc
2023-06-24 21:29:51,897 [amqEmbeddedWorkerJmsContainer-8] [uk.ac.ebi.interpro.scan.io.pirsf.hmmer3.PirsfHmmer3RawMatchParser:129] WARN - Couldn't parse the given raw match line, because it is of an unexpected format.
2023-06-24 21:29:51,897 [amqEmbeddedWorkerJmsContainer-8] [uk.ac.ebi.interpro.scan.io.pirsf.hmmer3.PirsfHmmer3RawMatchParser:130] WARN - Unexpected Raw match line: 1 !  428.2   0.1  1.6e-132  5.3e-130       2     380 ..      18     405 ..      17     407 .. 0.97
2023-06-24 21:29:51,897 [amqEmbeddedWorkerJmsContainer-8] [uk.ac.ebi.interpro.scan.io.pirsf.hmmer3.PirsfHmmer3RawMatchParser:129] WARN - Couldn't parse the given raw match line, because it is of an unexpected format.
2023-06-24 21:29:51,897 [amqEmbeddedWorkerJmsContainer-8] [uk.ac.ebi.interpro.scan.io.pirsf.hmmer3.PirsfHmmer3RawMatchParser:130] WARN - Unexpected Raw match line: Query sequence: 225 matches PIRSF019169: Tfp pilus assembly protein, ATPase PilM
2023-06-24 21:29:51,897 [amqEmbeddedWorkerJmsContainer-8] [uk.ac.ebi.interpro.scan.io.pirsf.hmmer3.PirsfHmmer3RawMatchParser:129] WARN - Couldn't parse the given raw match line, because it is of an unexpected format.
2023-06-24 21:29:51,897 [amqEmbeddedWorkerJmsContainer-8] [uk.ac.ebi.interpro.scan.io.pirsf.hmmer3.PirsfHmmer3RawMatchParser:130] WARN - Unexpected Raw match line: #    score  bias  c-Evalue  i-Evalue hmmfrom  hmm to    alifrom  ali to    envfrom  env to     acc
2023-06-24 21:29:51,897 [amqEmbeddedWorkerJmsContainer-8] [uk.ac.ebi.interpro.scan.io.pirsf.hmmer3.PirsfHmmer3RawMatchParser:129] WARN - Couldn't parse the given raw match line, because it is of an unexpected format.
2023-06-24 21:29:51,898 [amqEmbeddedWorkerJmsContainer-8] [uk.ac.ebi.interpro.scan.io.pirsf.hmmer3.PirsfHmmer3RawMatchParser:130] WARN - Unexpected Raw match line: 1 !  229.6   0.7   1.1e-71   9.4e-70       8     356 ..       4     357 ..       2     358 .. 0.95
2023-06-24 21:29:51,898 [amqEmbeddedWorkerJmsContainer-8] [uk.ac.ebi.interpro.scan.io.pirsf.hmmer3.PirsfHmmer3RawMatchParser:129] WARN - Couldn't parse the given raw match line, because it is of an unexpected format.
2023-06-24 21:29:51,898 [amqEmbeddedWorkerJmsContainer-8] [uk.ac.ebi.interpro.scan.io.pirsf.hmmer3.PirsfHmmer3RawMatchParser:130] WARN - Unexpected Raw match line: Query sequence: 243 matches PIRSF003101: Cell division protein FtsA
2023-06-24 21:29:51,898 [amqEmbeddedWorkerJmsContainer-8] [uk.ac.ebi.interpro.scan.io.pirsf.hmmer3.PirsfHmmer3RawMatchParser:129] WARN - Couldn't parse the given raw match line, because it is of an unexpected format.
2023-06-24 21:29:51,898 [amqEmbeddedWorkerJmsContainer-8] [uk.ac.ebi.interpro.scan.io.pirsf.hmmer3.PirsfHmmer3RawMatchParser:130] WARN - Unexpected Raw match line: #    score  bias  c-Evalue  i-Evalue hmmfrom  hmm to    alifrom  ali to    envfrom  env to     acc
2023-06-24 21:29:51,898 [amqEmbeddedWorkerJmsContainer-8] [uk.ac.ebi.interpro.scan.io.pirsf.hmmer3.PirsfHmmer3RawMatchParser:129] WARN - Couldn't parse the given raw match line, because it is of an unexpected format.
2023-06-24 21:29:51,898 [amqEmbeddedWorkerJmsContainer-8] [uk.ac.ebi.interpro.scan.io.pirsf.hmmer3.PirsfHmmer3RawMatchParser:130] WARN - Unexpected Raw match line: 1 !  383.5   0.9    2e-118  2.3e-116       4     421 ..       4     416 ..       2     417 .. 0.93
2023-06-24 21:29:51,898 [amqEmbeddedWorkerJmsContainer-8] [uk.ac.ebi.interpro.scan.io.pirsf.hmmer3.PirsfHmmer3RawMatchParser:129] WARN - Couldn't parse the given raw match line, because it is of an unexpected format.
2023-06-24 21:29:51,898 [amqEmbeddedWorkerJmsContainer-8] [uk.ac.ebi.interpro.scan.io.pirsf.hmmer3.PirsfHmmer3RawMatchParser:130] WARN - Unexpected Raw match line: Query sequence: 255 matches PIRSF002070: Single-strand binding protein
2023-06-24 21:29:51,898 [amqEmbeddedWorkerJmsContainer-8] [uk.ac.ebi.interpro.scan.io.pirsf.hmmer3.PirsfHmmer3RawMatchParser:129] WARN - Couldn't parse the given raw match line, because it is of an unexpected format.
2023-06-24 21:29:51,898 [amqEmbeddedWorkerJmsContainer-8] [uk.ac.ebi.interpro.scan.io.pirsf.hmmer3.PirsfHmmer3RawMatchParser:130] WARN - Unexpected Raw match line: #    score  bias  c-Evalue  i-Evalue hmmfrom  hmm to    alifrom  ali to    envfrom  env to     acc
2023-06-24 21:29:51,898 [amqEmbeddedWorkerJmsContainer-8] [uk.ac.ebi.interpro.scan.io.pirsf.hmmer3.PirsfHmmer3RawMatchParser:129] WARN - Couldn't parse the given raw match line, because it is of an unexpected format.
2023-06-24 21:29:51,898 [amqEmbeddedWorkerJmsContainer-8] [uk.ac.ebi.interpro.scan.io.pirsf.hmmer3.PirsfHmmer3RawMatchParser:130] WARN - Unexpected Raw match line: 1 !  127.3   0.2   3.4e-41   1.1e-38       3     136 ..       2     135 ..       1     152 [. 0.91
2023-06-24 21:29:51,898 [amqEmbeddedWorkerJmsContainer-8] [uk.ac.ebi.interpro.scan.io.pirsf.hmmer3.PirsfHmmer3RawMatchParser:129] WARN - Couldn't parse the given raw match line, because it is of an unexpected format.
2023-06-24 21:29:51,899 [amqEmbeddedWorkerJmsContainer-8] [uk.ac.ebi.interpro.scan.io.pirsf.hmmer3.PirsfHmmer3RawMatchParser:130] WARN - Unexpected Raw match line: Query sequence: 26 matches PIRSF006641: Predicted GTP-dependent nucleic acid-binding protein, EngD type
2023-06-24 21:29:51,899 [amqEmbeddedWorkerJmsContainer-8] [uk.ac.ebi.interpro.scan.io.pirsf.hmmer3.PirsfHmmer3RawMatchParser:129] WARN - Couldn't parse the given raw match line, because it is of an unexpected format.
2023-06-24 21:29:51,899 [amqEmbeddedWorkerJmsContainer-8] [uk.ac.ebi.interpro.scan.io.pirsf.hmmer3.PirsfHmmer3RawMatchParser:130] WARN - Unexpected Raw match line: #    score  bias  c-Evalue  i-Evalue hmmfrom  hmm to    alifrom  ali to    envfrom  env to     acc
2023-06-24 21:29:51,899 [amqEmbeddedWorkerJmsContainer-8] [uk.ac.ebi.interpro.scan.io.pirsf.hmmer3.PirsfHmmer3RawMatchParser:129] WARN - Couldn't parse the given raw match line, because it is of an unexpected format.
2023-06-24 21:29:51,899 [amqEmbeddedWorkerJmsContainer-8] [uk.ac.ebi.interpro.scan.io.pirsf.hmmer3.PirsfHmmer3RawMatchParser:130] WARN - Unexpected Raw match line: 1 !  468.0   1.1  1.4e-144  4.6e-142       2     370 ..      39     394 ..      38     395 .] 0.97
2023-06-24 21:29:51,899 [amqEmbeddedWorkerJmsContainer-8] [uk.ac.ebi.interpro.scan.io.pirsf.hmmer3.PirsfHmmer3RawMatchParser:129] WARN - Couldn't parse the given raw match line, because it is of an unexpected format.
2023-06-24 21:29:51,899 [amqEmbeddedWorkerJmsContainer-8] [uk.ac.ebi.interpro.scan.io.pirsf.hmmer3.PirsfHmmer3RawMatchParser:130] WARN - Unexpected Raw match line: Query sequence: 264 matches PIRSF001221: Amidase, fungal type
2023-06-24 21:29:51,899 [amqEmbeddedWorkerJmsContainer-8] [uk.ac.ebi.interpro.scan.io.pirsf.hmmer3.PirsfHmmer3RawMatchParser:129] WARN - Couldn't parse the given raw match line, because it is of an unexpected format.
2023-06-24 21:29:51,899 [amqEmbeddedWorkerJmsContainer-8] [uk.ac.ebi.interpro.scan.io.pirsf.hmmer3.PirsfHmmer3RawMatchParser:130] WARN - Unexpected Raw match line: #    score  bias  c-Evalue  i-Evalue hmmfrom  hmm to    alifrom  ali to    envfrom  env to     acc
2023-06-24 21:29:51,899 [amqEmbeddedWorkerJmsContainer-8] [uk.ac.ebi.interpro.scan.io.pirsf.hmmer3.PirsfHmmer3RawMatchParser:129] WARN - Couldn't parse the given raw match line, because it is of an unexpected format.
2023-06-24 21:29:51,899 [amqEmbeddedWorkerJmsContainer-8] [uk.ac.ebi.interpro.scan.io.pirsf.hmmer3.PirsfHmmer3RawMatchParser:130] WARN - Unexpected Raw match line: 1 !  151.9   0.0   1.3e-48   4.2e-46      56     486 ..      39     483 ..      11     487 .. 0.81
2023-06-24 21:29:51,899 [amqEmbeddedWorkerJmsContainer-8] [uk.ac.ebi.interpro.scan.io.pirsf.hmmer3.PirsfHmmer3RawMatchParser:129] WARN - Couldn't parse the given raw match line, because it is of an unexpected format.
2023-06-24 21:29:51,899 [amqEmbeddedWorkerJmsContainer-8] [uk.ac.ebi.interpro.scan.io.pirsf.hmmer3.PirsfHmmer3RawMatchParser:130] WARN - Unexpected Raw match line: 2 !    2.5   0.0    0.0022      0.75     514     532 ..     481     499 ..     479     510 .. 0.81
2023-06-24 21:29:51,899 [amqEmbeddedWorkerJmsContainer-8] [uk.ac.ebi.interpro.scan.io.pirsf.hmmer3.PirsfHmmer3RawMatchParser:129] WARN - Couldn't parse the given raw match line, because it is of an unexpected format.
2023-06-24 21:29:51,900 [amqEmbeddedWorkerJmsContainer-8] [uk.ac.ebi.interpro.scan.io.pirsf.hmmer3.PirsfHmmer3RawMatchParser:130] WARN - Unexpected Raw match line: Query sequence: 277 matches PIRSF002811: DNA primase
2023-06-24 21:29:51,900 [amqEmbeddedWorkerJmsContainer-8] [uk.ac.ebi.interpro.scan.io.pirsf.hmmer3.PirsfHmmer3RawMatchParser:129] WARN - Couldn't parse the given raw match line, because it is of an unexpected format.
2023-06-24 21:29:51,900 [amqEmbeddedWorkerJmsContainer-8] [uk.ac.ebi.interpro.scan.io.pirsf.hmmer3.PirsfHmmer3RawMatchParser:130] WARN - Unexpected Raw match line: #    score  bias  c-Evalue  i-Evalue hmmfrom  hmm to    alifrom  ali to    envfrom  env to     acc
2023-06-24 21:29:51,900 [amqEmbeddedWorkerJmsContainer-8] [uk.ac.ebi.interpro.scan.io.pirsf.hmmer3.PirsfHmmer3RawMatchParser:129] WARN - Couldn't parse the given raw match line, because it is of an unexpected format.
2023-06-24 21:29:51,900 [amqEmbeddedWorkerJmsContainer-8] [uk.ac.ebi.interpro.scan.io.pirsf.hmmer3.PirsfHmmer3RawMatchParser:130] WARN - Unexpected Raw match line: 1 !  476.0   1.6  1.2e-146  4.1e-144       9     589 ..       7     605 ..       3     609 .. 0.84
2023-06-24 21:29:51,900 [amqEmbeddedWorkerJmsContainer-8] [uk.ac.ebi.interpro.scan.io.pirsf.hmmer3.PirsfHmmer3RawMatchParser:129] WARN - Couldn't parse the given raw match line, because it is of an unexpected format.
2023-06-24 21:29:51,900 [amqEmbeddedWorkerJmsContainer-8] [uk.ac.ebi.interpro.scan.io.pirsf.hmmer3.PirsfHmmer3RawMatchParser:130] WARN - Unexpected Raw match line: Query sequence: 28 matches PIRSF001549: Histidyl-tRNA synthetase
2023-06-24 21:29:51,900 [amqEmbeddedWorkerJmsContainer-8] [uk.ac.ebi.interpro.scan.io.pirsf.hmmer3.PirsfHmmer3RawMatchParser:129] WARN - Couldn't parse the given raw match line, because it is of an unexpected format.
2023-06-24 21:29:51,900 [amqEmbeddedWorkerJmsContainer-8] [uk.ac.ebi.interpro.scan.io.pirsf.hmmer3.PirsfHmmer3RawMatchParser:130] WARN - Unexpected Raw match line: #    score  bias  c-Evalue  i-Evalue hmmfrom  hmm to    alifrom  ali to    envfrom  env to     acc
2023-06-24 21:29:51,900 [amqEmbeddedWorkerJmsContainer-8] [uk.ac.ebi.interpro.scan.io.pirsf.hmmer3.PirsfHmmer3RawMatchParser:129] WARN - Couldn't parse the given raw match line, because it is of an unexpected format.
2023-06-24 21:29:51,900 [amqEmbeddedWorkerJmsContainer-8] [uk.ac.ebi.interpro.scan.io.pirsf.hmmer3.PirsfHmmer3RawMatchParser:130] WARN - Unexpected Raw match line: 1 !  382.4   0.0  5.6e-118  4.7e-116       4     438 ..      12     437 ..       9     438 .. 0.96
2023-06-24 21:29:51,900 [amqEmbeddedWorkerJmsContainer-8] [uk.ac.ebi.interpro.scan.io.pirsf.hmmer3.PirsfHmmer3RawMatchParser:129] WARN - Couldn't parse the given raw match line, because it is of an unexpected format.
2023-06-24 21:29:51,900 [amqEmbeddedWorkerJmsContainer-8] [uk.ac.ebi.interpro.scan.io.pirsf.hmmer3.PirsfHmmer3RawMatchParser:130] WARN - Unexpected Raw match line: Query sequence: 29 matches PIRSF005902: Mg-dependent DNase, TatD type
2023-06-24 21:29:51,900 [amqEmbeddedWorkerJmsContainer-8] [uk.ac.ebi.interpro.scan.io.pirsf.hmmer3.PirsfHmmer3RawMatchParser:129] WARN - Couldn't parse the given raw match line, because it is of an unexpected format.
2023-06-24 21:29:51,900 [amqEmbeddedWorkerJmsContainer-8] [uk.ac.ebi.interpro.scan.io.pirsf.hmmer3.PirsfHmmer3RawMatchParser:130] WARN - Unexpected Raw match line: #    score  bias  c-Evalue  i-Evalue hmmfrom  hmm to    alifrom  ali to    envfrom  env to     acc
2023-06-24 21:29:51,901 [amqEmbeddedWorkerJmsContainer-8] [uk.ac.ebi.interpro.scan.io.pirsf.hmmer3.PirsfHmmer3RawMatchParser:129] WARN - Couldn't parse the given raw match line, because it is of an unexpected format.
2023-06-24 21:29:51,901 [amqEmbeddedWorkerJmsContainer-8] [uk.ac.ebi.interpro.scan.io.pirsf.hmmer3.PirsfHmmer3RawMatchParser:130] WARN - Unexpected Raw match line: 1 !  265.1   0.0   4.1e-83   1.4e-80      62     333 ..       4     305 ..       1     306 [] 0.91
2023-06-24 21:29:51,901 [amqEmbeddedWorkerJmsContainer-8] [uk.ac.ebi.interpro.scan.io.pirsf.hmmer3.PirsfHmmer3RawMatchParser:129] WARN - Couldn't parse the given raw match line, because it is of an unexpected format.
2023-06-24 21:29:51,901 [amqEmbeddedWorkerJmsContainer-8] [uk.ac.ebi.interpro.scan.io.pirsf.hmmer3.PirsfHmmer3RawMatchParser:130] WARN - Unexpected Raw match line: Query sequence: 30 matches PIRSF000349: Superoxide dismutase, Mn/Fe specific
2023-06-24 21:29:51,901 [amqEmbeddedWorkerJmsContainer-8] [uk.ac.ebi.interpro.scan.io.pirsf.hmmer3.PirsfHmmer3RawMatchParser:129] WARN - Couldn't parse the given raw match line, because it is of an unexpected format.
2023-06-24 21:29:51,901 [amqEmbeddedWorkerJmsContainer-8] [uk.ac.ebi.interpro.scan.io.pirsf.hmmer3.PirsfHmmer3RawMatchParser:130] WARN - Unexpected Raw match line: #    score  bias  c-Evalue  i-Evalue hmmfrom  hmm to    alifrom  ali to    envfrom  env to     acc
2023-06-24 21:29:51,901 [amqEmbeddedWorkerJmsContainer-8] [uk.ac.ebi.interpro.scan.io.pirsf.hmmer3.PirsfHmmer3RawMatchParser:129] WARN - Couldn't parse the given raw match line, because it is of an unexpected format.
2023-06-24 21:29:51,901 [amqEmbeddedWorkerJmsContainer-8] [uk.ac.ebi.interpro.scan.io.pirsf.hmmer3.PirsfHmmer3RawMatchParser:130] WARN - Unexpected Raw match line: 1 !  139.8   0.5   4.5e-45   1.5e-42      42     227 ..      28     215 ..      10     216 .] 0.89
2023-06-24 21:29:51,901 [amqEmbeddedWorkerJmsContainer-8] [uk.ac.ebi.interpro.scan.io.pirsf.hmmer3.PirsfHmmer3RawMatchParser:129] WARN - Couldn't parse the given raw match line, because it is of an unexpected format.
2023-06-24 21:29:51,901 [amqEmbeddedWorkerJmsContainer-8] [uk.ac.ebi.interpro.scan.io.pirsf.hmmer3.PirsfHmmer3RawMatchParser:130] WARN - Unexpected Raw match line: Query sequence: 304 matches PIRSF005499: Polyribonucleotide nucleotidyltransferase
2023-06-24 21:29:51,901 [amqEmbeddedWorkerJmsContainer-8] [uk.ac.ebi.interpro.scan.io.pirsf.hmmer3.PirsfHmmer3RawMatchParser:129] WARN - Couldn't parse the given raw match line, because it is of an unexpected format.
2023-06-24 21:29:51,901 [amqEmbeddedWorkerJmsContainer-8] [uk.ac.ebi.interpro.scan.io.pirsf.hmmer3.PirsfHmmer3RawMatchParser:130] WARN - Unexpected Raw match line: #    score  bias  c-Evalue  i-Evalue hmmfrom  hmm to    alifrom  ali to    envfrom  env to     acc
2023-06-24 21:29:51,901 [amqEmbeddedWorkerJmsContainer-8] [uk.ac.ebi.interpro.scan.io.pirsf.hmmer3.PirsfHmmer3RawMatchParser:129] WARN - Couldn't parse the given raw match line, because it is of an unexpected format.
2023-06-24 21:29:51,901 [amqEmbeddedWorkerJmsContainer-8] [uk.ac.ebi.interpro.scan.io.pirsf.hmmer3.PirsfHmmer3RawMatchParser:130] WARN - Unexpected Raw match line: 1 !  893.1   0.7  1.5e-272  2.4e-270       3     699 ..      16     717 ..      14     720 .] 0.97
2023-06-24 21:29:51,901 [amqEmbeddedWorkerJmsContainer-8] [uk.ac.ebi.interpro.scan.io.pirsf.hmmer3.PirsfHmmer3RawMatchParser:129] WARN - Couldn't parse the given raw match line, because it is of an unexpected format.
2023-06-24 21:29:51,901 [amqEmbeddedWorkerJmsContainer-8] [uk.ac.ebi.interpro.scan.io.pirsf.hmmer3.PirsfHmmer3RawMatchParser:130] WARN - Unexpected Raw match line: Query sequence: 311 matches PIRSF001265: H(+)-translocating inorganic pyrophosphatase
2023-06-24 21:29:51,902 [amqEmbeddedWorkerJmsContainer-8] [uk.ac.ebi.interpro.scan.io.pirsf.hmmer3.PirsfHmmer3RawMatchParser:129] WARN - Couldn't parse the given raw match line, because it is of an unexpected format.
2023-06-24 21:29:51,902 [amqEmbeddedWorkerJmsContainer-8] [uk.ac.ebi.interpro.scan.io.pirsf.hmmer3.PirsfHmmer3RawMatchParser:130] WARN - Unexpected Raw match line: #    score  bias  c-Evalue  i-Evalue hmmfrom  hmm to    alifrom  ali to    envfrom  env to     acc
2023-06-24 21:29:51,902 [amqEmbeddedWorkerJmsContainer-8] [uk.ac.ebi.interpro.scan.io.pirsf.hmmer3.PirsfHmmer3RawMatchParser:129] WARN - Couldn't parse the given raw match line, because it is of an unexpected format.
2023-06-24 21:29:51,902 [amqEmbeddedWorkerJmsContainer-8] [uk.ac.ebi.interpro.scan.io.pirsf.hmmer3.PirsfHmmer3RawMatchParser:130] WARN - Unexpected Raw match line: 1 !  875.5  43.8  1.9e-267  6.5e-265       6     706 ..      31     711 ..      27     712 .] 0.96
2023-06-24 21:29:51,902 [amqEmbeddedWorkerJmsContainer-8] [uk.ac.ebi.interpro.scan.io.pirsf.hmmer3.PirsfHmmer3RawMatchParser:129] WARN - Couldn't parse the given raw match line, because it is of an unexpected format.
2023-06-24 21:29:51,902 [amqEmbeddedWorkerJmsContainer-8] [uk.ac.ebi.interpro.scan.io.pirsf.hmmer3.PirsfHmmer3RawMatchParser:130] WARN - Unexpected Raw match line: Query sequence: 312 matches PIRSF003095: FKBP-type peptidyl-prolyl cis-trans isomerase (trigger factor)
2023-06-24 21:29:51,902 [amqEmbeddedWorkerJmsContainer-8] [uk.ac.ebi.interpro.scan.io.pirsf.hmmer3.PirsfHmmer3RawMatchParser:129] WARN - Couldn't parse the given raw match line, because it is of an unexpected format.
2023-06-24 21:29:51,902 [amqEmbeddedWorkerJmsContainer-8] [uk.ac.ebi.interpro.scan.io.pirsf.hmmer3.PirsfHmmer3RawMatchParser:130] WARN - Unexpected Raw match line: #    score  bias  c-Evalue  i-Evalue hmmfrom  hmm to    alifrom  ali to    envfrom  env to     acc
2023-06-24 21:29:51,902 [amqEmbeddedWorkerJmsContainer-8] [uk.ac.ebi.interpro.scan.io.pirsf.hmmer3.PirsfHmmer3RawMatchParser:129] WARN - Couldn't parse the given raw match line, because it is of an unexpected format.
2023-06-24 21:29:51,902 [amqEmbeddedWorkerJmsContainer-8] [uk.ac.ebi.interpro.scan.io.pirsf.hmmer3.PirsfHmmer3RawMatchParser:130] WARN - Unexpected Raw match line: 1 !  307.3  30.3   9.2e-96   3.1e-93       1     428 [.      10     433 ..      10     435 .. 0.95
2023-06-24 21:29:51,902 [amqEmbeddedWorkerJmsContainer-8] [uk.ac.ebi.interpro.scan.io.pirsf.hmmer3.PirsfHmmer3RawMatchParser:129] WARN - Couldn't parse the given raw match line, because it is of an unexpected format.
2023-06-24 21:29:51,902 [amqEmbeddedWorkerJmsContainer-8] [uk.ac.ebi.interpro.scan.io.pirsf.hmmer3.PirsfHmmer3RawMatchParser:130] WARN - Unexpected Raw match line: Query sequence: 33 matches PIRSF035652: Uncharacterised conserved protein, UCP035652 type
2023-06-24 21:29:51,902 [amqEmbeddedWorkerJmsContainer-8] [uk.ac.ebi.interpro.scan.io.pirsf.hmmer3.PirsfHmmer3RawMatchParser:129] WARN - Couldn't parse the given raw match line, because it is of an unexpected format.
2023-06-24 21:29:51,902 [amqEmbeddedWorkerJmsContainer-8] [uk.ac.ebi.interpro.scan.io.pirsf.hmmer3.PirsfHmmer3RawMatchParser:130] WARN - Unexpected Raw match line: #    score  bias  c-Evalue  i-Evalue hmmfrom  hmm to    alifrom  ali to    envfrom  env to     acc
2023-06-24 21:29:51,902 [amqEmbeddedWorkerJmsContainer-8] [uk.ac.ebi.interpro.scan.io.pirsf.hmmer3.PirsfHmmer3RawMatchParser:129] WARN - Couldn't parse the given raw match line, because it is of an unexpected format.
2023-06-24 21:29:51,902 [amqEmbeddedWorkerJmsContainer-8] [uk.ac.ebi.interpro.scan.io.pirsf.hmmer3.PirsfHmmer3RawMatchParser:130] WARN - Unexpected Raw match line: 1 !   89.8   1.5   5.8e-30   1.9e-27       6     117 ..      16     127 ..      11     128 .] 0.96
2023-06-24 21:29:51,903 [amqEmbeddedWorkerJmsContainer-8] [uk.ac.ebi.interpro.scan.io.pirsf.hmmer3.PirsfHmmer3RawMatchParser:129] WARN - Couldn't parse the given raw match line, because it is of an unexpected format.
2023-06-24 21:29:51,903 [amqEmbeddedWorkerJmsContainer-8] [uk.ac.ebi.interpro.scan.io.pirsf.hmmer3.PirsfHmmer3RawMatchParser:130] WARN - Unexpected Raw match line: Query sequence: 56 matches PIRSF004789: Phosphatase/phosphodiesterase, DR1281 type
2023-06-24 21:29:51,903 [amqEmbeddedWorkerJmsContainer-8] [uk.ac.ebi.interpro.scan.io.pirsf.hmmer3.PirsfHmmer3RawMatchParser:129] WARN - Couldn't parse the given raw match line, because it is of an unexpected format.
2023-06-24 21:29:51,903 [amqEmbeddedWorkerJmsContainer-8] [uk.ac.ebi.interpro.scan.io.pirsf.hmmer3.PirsfHmmer3RawMatchParser:130] WARN - Unexpected Raw match line: #    score  bias  c-Evalue  i-Evalue hmmfrom  hmm to    alifrom  ali to    envfrom  env to     acc
2023-06-24 21:29:51,903 [amqEmbeddedWorkerJmsContainer-8] [uk.ac.ebi.interpro.scan.io.pirsf.hmmer3.PirsfHmmer3RawMatchParser:129] WARN - Couldn't parse the given raw match line, because it is of an unexpected format.
2023-06-24 21:29:51,903 [amqEmbeddedWorkerJmsContainer-8] [uk.ac.ebi.interpro.scan.io.pirsf.hmmer3.PirsfHmmer3RawMatchParser:130] WARN - Unexpected Raw match line: 1 !  296.9   0.2   6.3e-93   2.1e-90       2     261 ..       5     269 ..       4     273 .. 0.92
2023-06-24 21:29:51,903 [amqEmbeddedWorkerJmsContainer-8] [uk.ac.ebi.interpro.scan.io.pirsf.hmmer3.PirsfHmmer3RawMatchParser:129] WARN - Couldn't parse the given raw match line, because it is of an unexpected format.
2023-06-24 21:29:51,903 [amqEmbeddedWorkerJmsContainer-8] [uk.ac.ebi.interpro.scan.io.pirsf.hmmer3.PirsfHmmer3RawMatchParser:130] WARN - Unexpected Raw match line: Query sequence: 67 matches PIRSF002158: Ribosomal protein, L2p/L2a/L8e/organellar L2 types
2023-06-24 21:29:51,903 [amqEmbeddedWorkerJmsContainer-8] [uk.ac.ebi.interpro.scan.io.pirsf.hmmer3.PirsfHmmer3RawMatchParser:129] WARN - Couldn't parse the given raw match line, because it is of an unexpected format.
2023-06-24 21:29:51,903 [amqEmbeddedWorkerJmsContainer-8] [uk.ac.ebi.interpro.scan.io.pirsf.hmmer3.PirsfHmmer3RawMatchParser:130] WARN - Unexpected Raw match line: #    score  bias  c-Evalue  i-Evalue hmmfrom  hmm to    alifrom  ali to    envfrom  env to     acc
2023-06-24 21:29:51,903 [amqEmbeddedWorkerJmsContainer-8] [uk.ac.ebi.interpro.scan.io.pirsf.hmmer3.PirsfHmmer3RawMatchParser:129] WARN - Couldn't parse the given raw match line, because it is of an unexpected format.
2023-06-24 21:29:51,903 [amqEmbeddedWorkerJmsContainer-8] [uk.ac.ebi.interpro.scan.io.pirsf.hmmer3.PirsfHmmer3RawMatchParser:130] WARN - Unexpected Raw match line: 1 !  300.6   4.7   5.2e-94   1.7e-91       7     265 ..      55     312 ..      37     314 .. 0.92
2023-06-24 21:29:51,903 [amqEmbeddedWorkerJmsContainer-8] [uk.ac.ebi.interpro.scan.io.pirsf.hmmer3.PirsfHmmer3RawMatchParser:129] WARN - Couldn't parse the given raw match line, because it is of an unexpected format.
2023-06-24 21:29:51,903 [amqEmbeddedWorkerJmsContainer-8] [uk.ac.ebi.interpro.scan.io.pirsf.hmmer3.PirsfHmmer3RawMatchParser:130] WARN - Unexpected Raw match line: Query sequence: 82 matches PIRSF006004: Predicted radical SAM enzyme, Cfr type
2023-06-24 21:29:51,904 [amqEmbeddedWorkerJmsContainer-8] [uk.ac.ebi.interpro.scan.io.pirsf.hmmer3.PirsfHmmer3RawMatchParser:129] WARN - Couldn't parse the given raw match line, because it is of an unexpected format.
2023-06-24 21:29:51,904 [amqEmbeddedWorkerJmsContainer-8] [uk.ac.ebi.interpro.scan.io.pirsf.hmmer3.PirsfHmmer3RawMatchParser:130] WARN - Unexpected Raw match line: #    score  bias  c-Evalue  i-Evalue hmmfrom  hmm to    alifrom  ali to    envfrom  env to     acc
2023-06-24 21:29:51,904 [amqEmbeddedWorkerJmsContainer-8] [uk.ac.ebi.interpro.scan.io.pirsf.hmmer3.PirsfHmmer3RawMatchParser:129] WARN - Couldn't parse the given raw match line, because it is of an unexpected format.
2023-06-24 21:29:51,904 [amqEmbeddedWorkerJmsContainer-8] [uk.ac.ebi.interpro.scan.io.pirsf.hmmer3.PirsfHmmer3RawMatchParser:130] WARN - Unexpected Raw match line: 1 !  376.1   0.1  7.5e-117  2.5e-114       8     341 ..       2     346 ..       1     347 [] 0.95
2023-06-24 21:29:51,904 [amqEmbeddedWorkerJmsContainer-8] [uk.ac.ebi.interpro.scan.io.pirsf.hmmer3.PirsfHmmer3RawMatchParser:129] WARN - Couldn't parse the given raw match line, because it is of an unexpected format.
2023-06-24 21:29:51,904 [amqEmbeddedWorkerJmsContainer-8] [uk.ac.ebi.interpro.scan.io.pirsf.hmmer3.PirsfHmmer3RawMatchParser:130] WARN - Unexpected Raw match line: Query sequence: 9 matches PIRSF002741: Peptide binding protein, MppA type
2023-06-24 21:29:51,904 [amqEmbeddedWorkerJmsContainer-8] [uk.ac.ebi.interpro.scan.io.pirsf.hmmer3.PirsfHmmer3RawMatchParser:129] WARN - Couldn't parse the given raw match line, because it is of an unexpected format.
2023-06-24 21:29:51,904 [amqEmbeddedWorkerJmsContainer-8] [uk.ac.ebi.interpro.scan.io.pirsf.hmmer3.PirsfHmmer3RawMatchParser:130] WARN - Unexpected Raw match line: #    score  bias  c-Evalue  i-Evalue hmmfrom  hmm to    alifrom  ali to    envfrom  env to     acc
2023-06-24 21:29:51,904 [amqEmbeddedWorkerJmsContainer-8] [uk.ac.ebi.interpro.scan.io.pirsf.hmmer3.PirsfHmmer3RawMatchParser:129] WARN - Couldn't parse the given raw match line, because it is of an unexpected format.
2023-06-24 21:29:51,904 [amqEmbeddedWorkerJmsContainer-8] [uk.ac.ebi.interpro.scan.io.pirsf.hmmer3.PirsfHmmer3RawMatchParser:130] WARN - Unexpected Raw match line: 1 !  303.0   1.9   1.9e-94   6.3e-92       9     519 ..      39     555 ..      31     576 .. 0.88
2023-06-24 21:29:51,904 [amqEmbeddedWorkerJmsContainer-8] [uk.ac.ebi.interpro.scan.io.pirsf.hmmer3.PirsfHmmer3RawMatchParser:129] WARN - Couldn't parse the given raw match line, because it is of an unexpected format.
2023-06-24 21:29:51,904 [amqEmbeddedWorkerJmsContainer-8] [uk.ac.ebi.interpro.scan.io.pirsf.hmmer3.PirsfHmmer3RawMatchParser:130] WARN - Unexpected Raw match line: Query sequence: 97 matches PIRSF004749: Peptide deformylase
2023-06-24 21:29:51,904 [amqEmbeddedWorkerJmsContainer-8] [uk.ac.ebi.interpro.scan.io.pirsf.hmmer3.PirsfHmmer3RawMatchParser:129] WARN - Couldn't parse the given raw match line, because it is of an unexpected format.
2023-06-24 21:29:51,904 [amqEmbeddedWorkerJmsContainer-8] [uk.ac.ebi.interpro.scan.io.pirsf.hmmer3.PirsfHmmer3RawMatchParser:130] WARN - Unexpected Raw match line: #    score  bias  c-Evalue  i-Evalue hmmfrom  hmm to    alifrom  ali to    envfrom  env to     acc
2023-06-24 21:29:51,904 [amqEmbeddedWorkerJmsContainer-8] [uk.ac.ebi.interpro.scan.io.pirsf.hmmer3.PirsfHmmer3RawMatchParser:129] WARN - Couldn't parse the given raw match line, because it is of an unexpected format.
2023-06-24 21:29:51,904 [amqEmbeddedWorkerJmsContainer-8] [uk.ac.ebi.interpro.scan.io.pirsf.hmmer3.PirsfHmmer3RawMatchParser:130] WARN - Unexpected Raw match line: 1 !  148.2   0.0   1.2e-47   4.1e-45      35     192 ..       6     149 ..       2     156 .. 0.92
24/06/2023 21:30:06:064 100% done:  InterProScan analyses completed 

2023-06-24 21:30:06,566 [main] [uk.ac.ebi.interpro.scan.jms.master.AbstractMaster:259] WARN - Master process unable to delete temporary directory /projects/raw_lab/jobs/metacerberus/temp/str-c88.uncc.edu_20230624_212033908_i720
2261.70user 222.64system 9:37.18elapsed 430%CPU (0avgtext+0avgdata 3582616maxresident)k
1169128inputs+1117248outputs (206major+14345195minor)pagefaults 0swaps

======================================================
End Time   : Sat Jun 24 21:30:06 EDT 2023
Run Time   : 577 seconds
======================================================

