=====================================================
Start Time  : Sat Jun 24 21:41:13 EDT 2023
Submit Dir  : /projects/raw_lab/jobs/metacerberus
Job ID/Name : 3996909 / InterProScan
Node List   : str-c103
Num Tasks   : 1 total [1 nodes @ 16 CPUs/node]
======================================================

Loading interproscan/5.60-92.0
  Loading requirement: anaconda3/2020.11 openjdk/15
======================================================
Running InterProScan On VIRAL_ARCHAEA/MK002701.fna
======================================================
24/06/2023 21:41:14:804 Welcome to InterProScan-5.60-92.0
24/06/2023 21:41:14:804 Running InterProScan v5 in STANDALONE mode... on Linux
24/06/2023 21:41:18:942 RunID: str-c103.uncc.edu_20230624_214118760_18pq
24/06/2023 21:41:27:390 Loading file /projects/raw_lab/jobs/metacerberus/VIRAL_ARCHAEA/MK002701.fna
24/06/2023 21:41:27:876 Running the following analyses:
[AntiFam-7.0,CDD-3.20,Coils-2.2.1,FunFam-4.3.0,Gene3D-4.3.0,Hamap-2021_04,MobiDBLite-2.0,PANTHER-17.0,Pfam-35.0,PIRSF-3.10,PIRSR-2021_05,PRINTS-42.0,ProSitePatterns-2022_01,ProSiteProfiles-2022_01,SFLD-4,SMART-7.1,SUPERFAMILY-1.75,TIGRFAM-15.0]
Pre-calculated match lookup service DISABLED.  Please wait for match calculations to complete...
2023-06-24 21:42:55,404 [amqEmbeddedWorkerJmsContainer-13] [uk.ac.ebi.interpro.scan.management.model.implementations.WriteOutputStep:344] WARN - At write output completion, unable to delete temporary directory /projects/raw_lab/jobs/metacerberus/temp/str-c103.uncc.edu_20230624_214118760_18pq
24/06/2023 21:42:55:527 100% done:  InterProScan analyses completed 

2023-06-24 21:42:56,029 [main] [uk.ac.ebi.interpro.scan.jms.master.AbstractMaster:259] WARN - Master process unable to delete temporary directory /projects/raw_lab/jobs/metacerberus/temp/str-c103.uncc.edu_20230624_214118760_18pq
2023-06-24 21:42:56,036 [main] [uk.ac.ebi.interpro.scan.jms.main.Run:1778] WARN - At Run completion, unable to delete temporary directory /projects/raw_lab/jobs/metacerberus/temp/str-c103.uncc.edu_20230624_214118760_18pq
245.77user 23.38system 1:41.97elapsed 263%CPU (0avgtext+0avgdata 3280720maxresident)k
487680inputs+485840outputs (14major+1705739minor)pagefaults 0swaps

======================================================
End Time   : Sat Jun 24 21:42:56 EDT 2023
Run Time   : 103 seconds
======================================================

