=====================================================
Start Time  : Sat Jun 24 18:25:04 EDT 2023
Submit Dir  : /projects/raw_lab/jobs/metacerberus
Job ID/Name : 3995213 / InterProScan
Node List   : str-c105
Num Tasks   : 1 total [1 nodes @ 16 CPUs/node]
======================================================

Loading interproscan/5.60-92.0
  Loading requirement: anaconda3/2020.11 openjdk/15
======================================================
Running InterProScan On GTDB-100/genomes/archaea/GCA_903871465.1.fna
======================================================
24/06/2023 18:25:05:281 Welcome to InterProScan-5.60-92.0
24/06/2023 18:25:05:282 Running InterProScan v5 in STANDALONE mode... on Linux
24/06/2023 18:25:09:328 RunID: str-c105.uncc.edu_20230624_182509148_h16p
24/06/2023 18:25:17:654 Loading file /projects/raw_lab/jobs/metacerberus/GTDB-100/genomes/archaea/GCA_903871465.1.fna
24/06/2023 18:25:19:144 Running the following analyses:
[AntiFam-7.0,CDD-3.20,Coils-2.2.1,FunFam-4.3.0,Gene3D-4.3.0,Hamap-2021_04,MobiDBLite-2.0,PANTHER-17.0,Pfam-35.0,PIRSF-3.10,PIRSR-2021_05,PRINTS-42.0,ProSitePatterns-2022_01,ProSiteProfiles-2022_01,SFLD-4,SMART-7.1,SUPERFAMILY-1.75,TIGRFAM-15.0]
Pre-calculated match lookup service DISABLED.  Please wait for match calculations to complete...
2023-06-24 18:26:17,061 [amqEmbeddedWorkerJmsContainer-7] [uk.ac.ebi.interpro.scan.io.pirsf.hmmer3.PirsfHmmer3RawMatchParser:129] WARN - Couldn't parse the given raw match line, because it is of an unexpected format.
2023-06-24 18:26:17,066 [amqEmbeddedWorkerJmsContainer-7] [uk.ac.ebi.interpro.scan.io.pirsf.hmmer3.PirsfHmmer3RawMatchParser:130] WARN - Unexpected Raw match line: Query sequence: 112 matches PIRSF005572: Cysteine desulphurase, NifS type
2023-06-24 18:26:17,066 [amqEmbeddedWorkerJmsContainer-7] [uk.ac.ebi.interpro.scan.io.pirsf.hmmer3.PirsfHmmer3RawMatchParser:129] WARN - Couldn't parse the given raw match line, because it is of an unexpected format.
2023-06-24 18:26:17,066 [amqEmbeddedWorkerJmsContainer-7] [uk.ac.ebi.interpro.scan.io.pirsf.hmmer3.PirsfHmmer3RawMatchParser:130] WARN - Unexpected Raw match line: #    score  bias  c-Evalue  i-Evalue hmmfrom  hmm to    alifrom  ali to    envfrom  env to     acc
2023-06-24 18:26:17,067 [amqEmbeddedWorkerJmsContainer-7] [uk.ac.ebi.interpro.scan.io.pirsf.hmmer3.PirsfHmmer3RawMatchParser:129] WARN - Couldn't parse the given raw match line, because it is of an unexpected format.
2023-06-24 18:26:17,067 [amqEmbeddedWorkerJmsContainer-7] [uk.ac.ebi.interpro.scan.io.pirsf.hmmer3.PirsfHmmer3RawMatchParser:130] WARN - Unexpected Raw match line: 1 !  381.0   0.0  1.1e-117  2.3e-115       4     379 ..      16     391 ..      13     394 .. 0.98
2023-06-24 18:26:17,067 [amqEmbeddedWorkerJmsContainer-7] [uk.ac.ebi.interpro.scan.io.pirsf.hmmer3.PirsfHmmer3RawMatchParser:129] WARN - Couldn't parse the given raw match line, because it is of an unexpected format.
2023-06-24 18:26:17,067 [amqEmbeddedWorkerJmsContainer-7] [uk.ac.ebi.interpro.scan.io.pirsf.hmmer3.PirsfHmmer3RawMatchParser:130] WARN - Unexpected Raw match line: Query sequence: 113 matches PIRSF006553: Type II DNA topoisomerase VI, subunit B
2023-06-24 18:26:17,067 [amqEmbeddedWorkerJmsContainer-7] [uk.ac.ebi.interpro.scan.io.pirsf.hmmer3.PirsfHmmer3RawMatchParser:129] WARN - Couldn't parse the given raw match line, because it is of an unexpected format.
2023-06-24 18:26:17,067 [amqEmbeddedWorkerJmsContainer-7] [uk.ac.ebi.interpro.scan.io.pirsf.hmmer3.PirsfHmmer3RawMatchParser:130] WARN - Unexpected Raw match line: #    score  bias  c-Evalue  i-Evalue hmmfrom  hmm to    alifrom  ali to    envfrom  env to     acc
2023-06-24 18:26:17,067 [amqEmbeddedWorkerJmsContainer-7] [uk.ac.ebi.interpro.scan.io.pirsf.hmmer3.PirsfHmmer3RawMatchParser:129] WARN - Couldn't parse the given raw match line, because it is of an unexpected format.
2023-06-24 18:26:17,067 [amqEmbeddedWorkerJmsContainer-7] [uk.ac.ebi.interpro.scan.io.pirsf.hmmer3.PirsfHmmer3RawMatchParser:130] WARN - Unexpected Raw match line: 1 !  709.7   0.0  3.6e-217  7.7e-215       2     516 ..      12     529 ..      11     562 .. 0.97
2023-06-24 18:26:17,067 [amqEmbeddedWorkerJmsContainer-7] [uk.ac.ebi.interpro.scan.io.pirsf.hmmer3.PirsfHmmer3RawMatchParser:129] WARN - Couldn't parse the given raw match line, because it is of an unexpected format.
2023-06-24 18:26:17,067 [amqEmbeddedWorkerJmsContainer-7] [uk.ac.ebi.interpro.scan.io.pirsf.hmmer3.PirsfHmmer3RawMatchParser:130] WARN - Unexpected Raw match line: Query sequence: 149 matches PIRSF006779: Uncharacterised conserved protein, UCP006779 type
2023-06-24 18:26:17,067 [amqEmbeddedWorkerJmsContainer-7] [uk.ac.ebi.interpro.scan.io.pirsf.hmmer3.PirsfHmmer3RawMatchParser:129] WARN - Couldn't parse the given raw match line, because it is of an unexpected format.
2023-06-24 18:26:17,067 [amqEmbeddedWorkerJmsContainer-7] [uk.ac.ebi.interpro.scan.io.pirsf.hmmer3.PirsfHmmer3RawMatchParser:130] WARN - Unexpected Raw match line: #    score  bias  c-Evalue  i-Evalue hmmfrom  hmm to    alifrom  ali to    envfrom  env to     acc
2023-06-24 18:26:17,067 [amqEmbeddedWorkerJmsContainer-7] [uk.ac.ebi.interpro.scan.io.pirsf.hmmer3.PirsfHmmer3RawMatchParser:129] WARN - Couldn't parse the given raw match line, because it is of an unexpected format.
2023-06-24 18:26:17,067 [amqEmbeddedWorkerJmsContainer-7] [uk.ac.ebi.interpro.scan.io.pirsf.hmmer3.PirsfHmmer3RawMatchParser:130] WARN - Unexpected Raw match line: 1 !  241.4   0.0   5.9e-76   3.8e-73       2     269 ..      28     275 ..      27     277 .] 0.92
2023-06-24 18:26:17,068 [amqEmbeddedWorkerJmsContainer-7] [uk.ac.ebi.interpro.scan.io.pirsf.hmmer3.PirsfHmmer3RawMatchParser:129] WARN - Couldn't parse the given raw match line, because it is of an unexpected format.
2023-06-24 18:26:17,068 [amqEmbeddedWorkerJmsContainer-7] [uk.ac.ebi.interpro.scan.io.pirsf.hmmer3.PirsfHmmer3RawMatchParser:130] WARN - Unexpected Raw match line: Query sequence: 151 matches PIRSF006247: Trk system potassium uptake protein
2023-06-24 18:26:17,068 [amqEmbeddedWorkerJmsContainer-7] [uk.ac.ebi.interpro.scan.io.pirsf.hmmer3.PirsfHmmer3RawMatchParser:129] WARN - Couldn't parse the given raw match line, because it is of an unexpected format.
2023-06-24 18:26:17,068 [amqEmbeddedWorkerJmsContainer-7] [uk.ac.ebi.interpro.scan.io.pirsf.hmmer3.PirsfHmmer3RawMatchParser:130] WARN - Unexpected Raw match line: #    score  bias  c-Evalue  i-Evalue hmmfrom  hmm to    alifrom  ali to    envfrom  env to     acc
2023-06-24 18:26:17,068 [amqEmbeddedWorkerJmsContainer-7] [uk.ac.ebi.interpro.scan.io.pirsf.hmmer3.PirsfHmmer3RawMatchParser:129] WARN - Couldn't parse the given raw match line, because it is of an unexpected format.
2023-06-24 18:26:17,068 [amqEmbeddedWorkerJmsContainer-7] [uk.ac.ebi.interpro.scan.io.pirsf.hmmer3.PirsfHmmer3RawMatchParser:130] WARN - Unexpected Raw match line: 1 !   90.6   1.9   4.8e-30   3.1e-27       4     122 ..       1     116 [.       1     128 [. 0.94
2023-06-24 18:26:17,068 [amqEmbeddedWorkerJmsContainer-7] [uk.ac.ebi.interpro.scan.io.pirsf.hmmer3.PirsfHmmer3RawMatchParser:129] WARN - Couldn't parse the given raw match line, because it is of an unexpected format.
2023-06-24 18:26:17,068 [amqEmbeddedWorkerJmsContainer-7] [uk.ac.ebi.interpro.scan.io.pirsf.hmmer3.PirsfHmmer3RawMatchParser:130] WARN - Unexpected Raw match line: 2 !  360.8  20.9  5.7e-112  3.7e-109     109     486 .]     140     519 .]     119     519 .] 0.94
2023-06-24 18:26:17,068 [amqEmbeddedWorkerJmsContainer-7] [uk.ac.ebi.interpro.scan.io.pirsf.hmmer3.PirsfHmmer3RawMatchParser:129] WARN - Couldn't parse the given raw match line, because it is of an unexpected format.
2023-06-24 18:26:17,068 [amqEmbeddedWorkerJmsContainer-7] [uk.ac.ebi.interpro.scan.io.pirsf.hmmer3.PirsfHmmer3RawMatchParser:130] WARN - Unexpected Raw match line: Query sequence: 181 matches PIRSF026508: Toxic anion resistance protein, TelA type
2023-06-24 18:26:17,068 [amqEmbeddedWorkerJmsContainer-7] [uk.ac.ebi.interpro.scan.io.pirsf.hmmer3.PirsfHmmer3RawMatchParser:129] WARN - Couldn't parse the given raw match line, because it is of an unexpected format.
2023-06-24 18:26:17,068 [amqEmbeddedWorkerJmsContainer-7] [uk.ac.ebi.interpro.scan.io.pirsf.hmmer3.PirsfHmmer3RawMatchParser:130] WARN - Unexpected Raw match line: #    score  bias  c-Evalue  i-Evalue hmmfrom  hmm to    alifrom  ali to    envfrom  env to     acc
2023-06-24 18:26:17,068 [amqEmbeddedWorkerJmsContainer-7] [uk.ac.ebi.interpro.scan.io.pirsf.hmmer3.PirsfHmmer3RawMatchParser:129] WARN - Couldn't parse the given raw match line, because it is of an unexpected format.
2023-06-24 18:26:17,068 [amqEmbeddedWorkerJmsContainer-7] [uk.ac.ebi.interpro.scan.io.pirsf.hmmer3.PirsfHmmer3RawMatchParser:130] WARN - Unexpected Raw match line: 1 !  289.6  26.0   1.7e-90   1.1e-87       2     375 ..      27     399 ..      23     400 .. 0.94
2023-06-24 18:26:17,069 [amqEmbeddedWorkerJmsContainer-7] [uk.ac.ebi.interpro.scan.io.pirsf.hmmer3.PirsfHmmer3RawMatchParser:129] WARN - Couldn't parse the given raw match line, because it is of an unexpected format.
2023-06-24 18:26:17,069 [amqEmbeddedWorkerJmsContainer-7] [uk.ac.ebi.interpro.scan.io.pirsf.hmmer3.PirsfHmmer3RawMatchParser:130] WARN - Unexpected Raw match line: Query sequence: 186 matches PIRSF000521: 4-aminobutyrate/lysine/ornithine transaminase
2023-06-24 18:26:17,069 [amqEmbeddedWorkerJmsContainer-7] [uk.ac.ebi.interpro.scan.io.pirsf.hmmer3.PirsfHmmer3RawMatchParser:129] WARN - Couldn't parse the given raw match line, because it is of an unexpected format.
2023-06-24 18:26:17,069 [amqEmbeddedWorkerJmsContainer-7] [uk.ac.ebi.interpro.scan.io.pirsf.hmmer3.PirsfHmmer3RawMatchParser:130] WARN - Unexpected Raw match line: #    score  bias  c-Evalue  i-Evalue hmmfrom  hmm to    alifrom  ali to    envfrom  env to     acc
2023-06-24 18:26:17,069 [amqEmbeddedWorkerJmsContainer-7] [uk.ac.ebi.interpro.scan.io.pirsf.hmmer3.PirsfHmmer3RawMatchParser:129] WARN - Couldn't parse the given raw match line, because it is of an unexpected format.
2023-06-24 18:26:17,069 [amqEmbeddedWorkerJmsContainer-7] [uk.ac.ebi.interpro.scan.io.pirsf.hmmer3.PirsfHmmer3RawMatchParser:130] WARN - Unexpected Raw match line: 1 !   19.1   0.0   3.9e-08   1.3e-05      69     158 ..      41     123 ..      12     128 .. 0.87
2023-06-24 18:26:17,069 [amqEmbeddedWorkerJmsContainer-7] [uk.ac.ebi.interpro.scan.io.pirsf.hmmer3.PirsfHmmer3RawMatchParser:129] WARN - Couldn't parse the given raw match line, because it is of an unexpected format.
2023-06-24 18:26:17,069 [amqEmbeddedWorkerJmsContainer-7] [uk.ac.ebi.interpro.scan.io.pirsf.hmmer3.PirsfHmmer3RawMatchParser:130] WARN - Unexpected Raw match line: 2 !    6.7   0.0   0.00024     0.077     191     213 ..     130     152 ..     123     160 .. 0.83
2023-06-24 18:26:17,069 [amqEmbeddedWorkerJmsContainer-7] [uk.ac.ebi.interpro.scan.io.pirsf.hmmer3.PirsfHmmer3RawMatchParser:129] WARN - Couldn't parse the given raw match line, because it is of an unexpected format.
2023-06-24 18:26:17,069 [amqEmbeddedWorkerJmsContainer-7] [uk.ac.ebi.interpro.scan.io.pirsf.hmmer3.PirsfHmmer3RawMatchParser:130] WARN - Unexpected Raw match line: 3 !  117.9   0.0   4.4e-38   1.4e-35     257     479 ..     174     388 ..     165     389 .] 0.88
2023-06-24 18:26:17,069 [amqEmbeddedWorkerJmsContainer-7] [uk.ac.ebi.interpro.scan.io.pirsf.hmmer3.PirsfHmmer3RawMatchParser:129] WARN - Couldn't parse the given raw match line, because it is of an unexpected format.
2023-06-24 18:26:17,069 [amqEmbeddedWorkerJmsContainer-7] [uk.ac.ebi.interpro.scan.io.pirsf.hmmer3.PirsfHmmer3RawMatchParser:130] WARN - Unexpected Raw match line: Query sequence: 197 matches PIRSF006429: Predicted glutamate synthase, large subunit domain 2 (FMN-binding)
2023-06-24 18:26:17,069 [amqEmbeddedWorkerJmsContainer-7] [uk.ac.ebi.interpro.scan.io.pirsf.hmmer3.PirsfHmmer3RawMatchParser:129] WARN - Couldn't parse the given raw match line, because it is of an unexpected format.
2023-06-24 18:26:17,069 [amqEmbeddedWorkerJmsContainer-7] [uk.ac.ebi.interpro.scan.io.pirsf.hmmer3.PirsfHmmer3RawMatchParser:130] WARN - Unexpected Raw match line: #    score  bias  c-Evalue  i-Evalue hmmfrom  hmm to    alifrom  ali to    envfrom  env to     acc
2023-06-24 18:26:17,069 [amqEmbeddedWorkerJmsContainer-7] [uk.ac.ebi.interpro.scan.io.pirsf.hmmer3.PirsfHmmer3RawMatchParser:129] WARN - Couldn't parse the given raw match line, because it is of an unexpected format.
2023-06-24 18:26:17,070 [amqEmbeddedWorkerJmsContainer-7] [uk.ac.ebi.interpro.scan.io.pirsf.hmmer3.PirsfHmmer3RawMatchParser:130] WARN - Unexpected Raw match line: 1 !  492.3   0.1    1e-151  6.8e-149      48     495 ..      47     507 ..       8     510 .] 0.87
2023-06-24 18:26:17,070 [amqEmbeddedWorkerJmsContainer-7] [uk.ac.ebi.interpro.scan.io.pirsf.hmmer3.PirsfHmmer3RawMatchParser:129] WARN - Couldn't parse the given raw match line, because it is of an unexpected format.
2023-06-24 18:26:17,070 [amqEmbeddedWorkerJmsContainer-7] [uk.ac.ebi.interpro.scan.io.pirsf.hmmer3.PirsfHmmer3RawMatchParser:130] WARN - Unexpected Raw match line: and matches Sub-Family PIRSF500061: Predicted glutamate synthase, large subunit domain 2
2023-06-24 18:26:17,070 [amqEmbeddedWorkerJmsContainer-7] [uk.ac.ebi.interpro.scan.io.pirsf.hmmer3.PirsfHmmer3RawMatchParser:129] WARN - Couldn't parse the given raw match line, because it is of an unexpected format.
2023-06-24 18:26:17,070 [amqEmbeddedWorkerJmsContainer-7] [uk.ac.ebi.interpro.scan.io.pirsf.hmmer3.PirsfHmmer3RawMatchParser:130] WARN - Unexpected Raw match line: #    score  bias  c-Evalue  i-Evalue hmmfrom  hmm to    alifrom  ali to    envfrom  env to     acc
2023-06-24 18:26:17,070 [amqEmbeddedWorkerJmsContainer-7] [uk.ac.ebi.interpro.scan.io.pirsf.hmmer3.PirsfHmmer3RawMatchParser:129] WARN - Couldn't parse the given raw match line, because it is of an unexpected format.
2023-06-24 18:26:17,070 [amqEmbeddedWorkerJmsContainer-7] [uk.ac.ebi.interpro.scan.io.pirsf.hmmer3.PirsfHmmer3RawMatchParser:130] WARN - Unexpected Raw match line: 1 !  642.4   0.0  2.8e-197  1.8e-194       5     474 ..      10     509 ..       7     510 .] 0.96
2023-06-24 18:26:17,070 [amqEmbeddedWorkerJmsContainer-7] [uk.ac.ebi.interpro.scan.io.pirsf.hmmer3.PirsfHmmer3RawMatchParser:129] WARN - Couldn't parse the given raw match line, because it is of an unexpected format.
2023-06-24 18:26:17,070 [amqEmbeddedWorkerJmsContainer-7] [uk.ac.ebi.interpro.scan.io.pirsf.hmmer3.PirsfHmmer3RawMatchParser:130] WARN - Unexpected Raw match line: Query sequence: 200 matches PIRSF001294: H(+)/K(+)-transporting ATPase, subunit A
2023-06-24 18:26:17,070 [amqEmbeddedWorkerJmsContainer-7] [uk.ac.ebi.interpro.scan.io.pirsf.hmmer3.PirsfHmmer3RawMatchParser:129] WARN - Couldn't parse the given raw match line, because it is of an unexpected format.
2023-06-24 18:26:17,070 [amqEmbeddedWorkerJmsContainer-7] [uk.ac.ebi.interpro.scan.io.pirsf.hmmer3.PirsfHmmer3RawMatchParser:130] WARN - Unexpected Raw match line: #    score  bias  c-Evalue  i-Evalue hmmfrom  hmm to    alifrom  ali to    envfrom  env to     acc
2023-06-24 18:26:17,070 [amqEmbeddedWorkerJmsContainer-7] [uk.ac.ebi.interpro.scan.io.pirsf.hmmer3.PirsfHmmer3RawMatchParser:129] WARN - Couldn't parse the given raw match line, because it is of an unexpected format.
2023-06-24 18:26:17,070 [amqEmbeddedWorkerJmsContainer-7] [uk.ac.ebi.interpro.scan.io.pirsf.hmmer3.PirsfHmmer3RawMatchParser:130] WARN - Unexpected Raw match line: 1 !  548.4  29.8  1.5e-168  4.9e-166       7     564 ..       9     565 ..       4     566 .. 0.98
2023-06-24 18:26:17,070 [amqEmbeddedWorkerJmsContainer-7] [uk.ac.ebi.interpro.scan.io.pirsf.hmmer3.PirsfHmmer3RawMatchParser:129] WARN - Couldn't parse the given raw match line, because it is of an unexpected format.
2023-06-24 18:26:17,070 [amqEmbeddedWorkerJmsContainer-7] [uk.ac.ebi.interpro.scan.io.pirsf.hmmer3.PirsfHmmer3RawMatchParser:130] WARN - Unexpected Raw match line: Query sequence: 214 matches PIRSF005719: Structural maintenance of chromosomes protein
2023-06-24 18:26:17,071 [amqEmbeddedWorkerJmsContainer-7] [uk.ac.ebi.interpro.scan.io.pirsf.hmmer3.PirsfHmmer3RawMatchParser:129] WARN - Couldn't parse the given raw match line, because it is of an unexpected format.
2023-06-24 18:26:17,071 [amqEmbeddedWorkerJmsContainer-7] [uk.ac.ebi.interpro.scan.io.pirsf.hmmer3.PirsfHmmer3RawMatchParser:130] WARN - Unexpected Raw match line: #    score  bias  c-Evalue  i-Evalue hmmfrom  hmm to    alifrom  ali to    envfrom  env to     acc
2023-06-24 18:26:17,071 [amqEmbeddedWorkerJmsContainer-7] [uk.ac.ebi.interpro.scan.io.pirsf.hmmer3.PirsfHmmer3RawMatchParser:129] WARN - Couldn't parse the given raw match line, because it is of an unexpected format.
2023-06-24 18:26:17,071 [amqEmbeddedWorkerJmsContainer-7] [uk.ac.ebi.interpro.scan.io.pirsf.hmmer3.PirsfHmmer3RawMatchParser:130] WARN - Unexpected Raw match line: 1 !  840.7  61.9  5.4e-256  5.8e-254       2    1185 ..       2    1169 ..       1    1172 [] 0.97
2023-06-24 18:26:17,071 [amqEmbeddedWorkerJmsContainer-7] [uk.ac.ebi.interpro.scan.io.pirsf.hmmer3.PirsfHmmer3RawMatchParser:129] WARN - Couldn't parse the given raw match line, because it is of an unexpected format.
2023-06-24 18:26:17,071 [amqEmbeddedWorkerJmsContainer-7] [uk.ac.ebi.interpro.scan.io.pirsf.hmmer3.PirsfHmmer3RawMatchParser:130] WARN - Unexpected Raw match line: Query sequence: 222 matches PIRSF000262: Methyl coenzyme M reductase, subunit alpha
2023-06-24 18:26:17,071 [amqEmbeddedWorkerJmsContainer-7] [uk.ac.ebi.interpro.scan.io.pirsf.hmmer3.PirsfHmmer3RawMatchParser:129] WARN - Couldn't parse the given raw match line, because it is of an unexpected format.
2023-06-24 18:26:17,071 [amqEmbeddedWorkerJmsContainer-7] [uk.ac.ebi.interpro.scan.io.pirsf.hmmer3.PirsfHmmer3RawMatchParser:130] WARN - Unexpected Raw match line: #    score  bias  c-Evalue  i-Evalue hmmfrom  hmm to    alifrom  ali to    envfrom  env to     acc
2023-06-24 18:26:17,071 [amqEmbeddedWorkerJmsContainer-7] [uk.ac.ebi.interpro.scan.io.pirsf.hmmer3.PirsfHmmer3RawMatchParser:129] WARN - Couldn't parse the given raw match line, because it is of an unexpected format.
2023-06-24 18:26:17,071 [amqEmbeddedWorkerJmsContainer-7] [uk.ac.ebi.interpro.scan.io.pirsf.hmmer3.PirsfHmmer3RawMatchParser:130] WARN - Unexpected Raw match line: 1 !  974.6   2.3  8.1e-298  5.3e-295       3     553 ..       6     560 ..       4     561 .] 0.98
2023-06-24 18:26:17,071 [amqEmbeddedWorkerJmsContainer-7] [uk.ac.ebi.interpro.scan.io.pirsf.hmmer3.PirsfHmmer3RawMatchParser:129] WARN - Couldn't parse the given raw match line, because it is of an unexpected format.
2023-06-24 18:26:17,071 [amqEmbeddedWorkerJmsContainer-7] [uk.ac.ebi.interpro.scan.io.pirsf.hmmer3.PirsfHmmer3RawMatchParser:130] WARN - Unexpected Raw match line: Query sequence: 225 matches PIRSF037307: Predicted Lhr-like ATP-dependent RNA helicase
2023-06-24 18:26:17,071 [amqEmbeddedWorkerJmsContainer-7] [uk.ac.ebi.interpro.scan.io.pirsf.hmmer3.PirsfHmmer3RawMatchParser:129] WARN - Couldn't parse the given raw match line, because it is of an unexpected format.
2023-06-24 18:26:17,071 [amqEmbeddedWorkerJmsContainer-7] [uk.ac.ebi.interpro.scan.io.pirsf.hmmer3.PirsfHmmer3RawMatchParser:130] WARN - Unexpected Raw match line: #    score  bias  c-Evalue  i-Evalue hmmfrom  hmm to    alifrom  ali to    envfrom  env to     acc
2023-06-24 18:26:17,072 [amqEmbeddedWorkerJmsContainer-7] [uk.ac.ebi.interpro.scan.io.pirsf.hmmer3.PirsfHmmer3RawMatchParser:129] WARN - Couldn't parse the given raw match line, because it is of an unexpected format.
2023-06-24 18:26:17,072 [amqEmbeddedWorkerJmsContainer-7] [uk.ac.ebi.interpro.scan.io.pirsf.hmmer3.PirsfHmmer3RawMatchParser:130] WARN - Unexpected Raw match line: 1 ! 1070.5   0.3         0         0      13     938 ..       9     939 ..       3     940 .] 0.97
2023-06-24 18:26:17,072 [amqEmbeddedWorkerJmsContainer-7] [uk.ac.ebi.interpro.scan.io.pirsf.hmmer3.PirsfHmmer3RawMatchParser:129] WARN - Couldn't parse the given raw match line, because it is of an unexpected format.
2023-06-24 18:26:17,072 [amqEmbeddedWorkerJmsContainer-7] [uk.ac.ebi.interpro.scan.io.pirsf.hmmer3.PirsfHmmer3RawMatchParser:130] WARN - Unexpected Raw match line: Query sequence: 228 matches PIRSF003073: Predicted DNA replication protein DnaC/Putative insertion sequence ATP-binding protein/Putative transposase associated ATP binding protein
2023-06-24 18:26:17,072 [amqEmbeddedWorkerJmsContainer-7] [uk.ac.ebi.interpro.scan.io.pirsf.hmmer3.PirsfHmmer3RawMatchParser:129] WARN - Couldn't parse the given raw match line, because it is of an unexpected format.
2023-06-24 18:26:17,072 [amqEmbeddedWorkerJmsContainer-7] [uk.ac.ebi.interpro.scan.io.pirsf.hmmer3.PirsfHmmer3RawMatchParser:130] WARN - Unexpected Raw match line: #    score  bias  c-Evalue  i-Evalue hmmfrom  hmm to    alifrom  ali to    envfrom  env to     acc
2023-06-24 18:26:17,072 [amqEmbeddedWorkerJmsContainer-7] [uk.ac.ebi.interpro.scan.io.pirsf.hmmer3.PirsfHmmer3RawMatchParser:129] WARN - Couldn't parse the given raw match line, because it is of an unexpected format.
2023-06-24 18:26:17,072 [amqEmbeddedWorkerJmsContainer-7] [uk.ac.ebi.interpro.scan.io.pirsf.hmmer3.PirsfHmmer3RawMatchParser:130] WARN - Unexpected Raw match line: 1 !  260.1   0.0   1.5e-80   5.9e-79       7     244 ..      16     252 ..      11     253 .] 0.97
2023-06-24 18:26:17,072 [amqEmbeddedWorkerJmsContainer-7] [uk.ac.ebi.interpro.scan.io.pirsf.hmmer3.PirsfHmmer3RawMatchParser:129] WARN - Couldn't parse the given raw match line, because it is of an unexpected format.
2023-06-24 18:26:17,072 [amqEmbeddedWorkerJmsContainer-7] [uk.ac.ebi.interpro.scan.io.pirsf.hmmer3.PirsfHmmer3RawMatchParser:130] WARN - Unexpected Raw match line: Query sequence: 23 matches PIRSF000505: 3-phosphoshikimate 1-carboxyvinyltransferase
2023-06-24 18:26:17,072 [amqEmbeddedWorkerJmsContainer-7] [uk.ac.ebi.interpro.scan.io.pirsf.hmmer3.PirsfHmmer3RawMatchParser:129] WARN - Couldn't parse the given raw match line, because it is of an unexpected format.
2023-06-24 18:26:17,072 [amqEmbeddedWorkerJmsContainer-7] [uk.ac.ebi.interpro.scan.io.pirsf.hmmer3.PirsfHmmer3RawMatchParser:130] WARN - Unexpected Raw match line: #    score  bias  c-Evalue  i-Evalue hmmfrom  hmm to    alifrom  ali to    envfrom  env to     acc
2023-06-24 18:26:17,072 [amqEmbeddedWorkerJmsContainer-7] [uk.ac.ebi.interpro.scan.io.pirsf.hmmer3.PirsfHmmer3RawMatchParser:129] WARN - Couldn't parse the given raw match line, because it is of an unexpected format.
2023-06-24 18:26:17,072 [amqEmbeddedWorkerJmsContainer-7] [uk.ac.ebi.interpro.scan.io.pirsf.hmmer3.PirsfHmmer3RawMatchParser:130] WARN - Unexpected Raw match line: 1 !  439.9   0.5    4e-136  2.6e-133       4     438 ..      45     462 ..      42     464 .] 0.96
2023-06-24 18:26:17,073 [amqEmbeddedWorkerJmsContainer-7] [uk.ac.ebi.interpro.scan.io.pirsf.hmmer3.PirsfHmmer3RawMatchParser:129] WARN - Couldn't parse the given raw match line, because it is of an unexpected format.
2023-06-24 18:26:17,073 [amqEmbeddedWorkerJmsContainer-7] [uk.ac.ebi.interpro.scan.io.pirsf.hmmer3.PirsfHmmer3RawMatchParser:130] WARN - Unexpected Raw match line: Query sequence: 251 matches PIRSF036643: Predicted formate dehydrogenase, alpha subunit
2023-06-24 18:26:17,073 [amqEmbeddedWorkerJmsContainer-7] [uk.ac.ebi.interpro.scan.io.pirsf.hmmer3.PirsfHmmer3RawMatchParser:129] WARN - Couldn't parse the given raw match line, because it is of an unexpected format.
2023-06-24 18:26:17,073 [amqEmbeddedWorkerJmsContainer-7] [uk.ac.ebi.interpro.scan.io.pirsf.hmmer3.PirsfHmmer3RawMatchParser:130] WARN - Unexpected Raw match line: #    score  bias  c-Evalue  i-Evalue hmmfrom  hmm to    alifrom  ali to    envfrom  env to     acc
2023-06-24 18:26:17,073 [amqEmbeddedWorkerJmsContainer-7] [uk.ac.ebi.interpro.scan.io.pirsf.hmmer3.PirsfHmmer3RawMatchParser:129] WARN - Couldn't parse the given raw match line, because it is of an unexpected format.
2023-06-24 18:26:17,073 [amqEmbeddedWorkerJmsContainer-7] [uk.ac.ebi.interpro.scan.io.pirsf.hmmer3.PirsfHmmer3RawMatchParser:130] WARN - Unexpected Raw match line: 1 ! 1190.3   0.0         0         0       4     908 ..       3     892 ..       1     893 [] 0.98
2023-06-24 18:26:17,073 [amqEmbeddedWorkerJmsContainer-7] [uk.ac.ebi.interpro.scan.io.pirsf.hmmer3.PirsfHmmer3RawMatchParser:129] WARN - Couldn't parse the given raw match line, because it is of an unexpected format.
2023-06-24 18:26:17,073 [amqEmbeddedWorkerJmsContainer-7] [uk.ac.ebi.interpro.scan.io.pirsf.hmmer3.PirsfHmmer3RawMatchParser:130] WARN - Unexpected Raw match line: Query sequence: 264 matches PIRSF005335: tRNA nucleotidyltransferase (CCA-adding enzyme), archaeal type
2023-06-24 18:26:17,073 [amqEmbeddedWorkerJmsContainer-7] [uk.ac.ebi.interpro.scan.io.pirsf.hmmer3.PirsfHmmer3RawMatchParser:129] WARN - Couldn't parse the given raw match line, because it is of an unexpected format.
2023-06-24 18:26:17,073 [amqEmbeddedWorkerJmsContainer-7] [uk.ac.ebi.interpro.scan.io.pirsf.hmmer3.PirsfHmmer3RawMatchParser:130] WARN - Unexpected Raw match line: #    score  bias  c-Evalue  i-Evalue hmmfrom  hmm to    alifrom  ali to    envfrom  env to     acc
2023-06-24 18:26:17,073 [amqEmbeddedWorkerJmsContainer-7] [uk.ac.ebi.interpro.scan.io.pirsf.hmmer3.PirsfHmmer3RawMatchParser:129] WARN - Couldn't parse the given raw match line, because it is of an unexpected format.
2023-06-24 18:26:17,073 [amqEmbeddedWorkerJmsContainer-7] [uk.ac.ebi.interpro.scan.io.pirsf.hmmer3.PirsfHmmer3RawMatchParser:130] WARN - Unexpected Raw match line: 1 !  455.4   0.0  1.1e-140  6.9e-138       3     436 ..      17     444 ..      15     451 .. 0.93
2023-06-24 18:26:17,073 [amqEmbeddedWorkerJmsContainer-7] [uk.ac.ebi.interpro.scan.io.pirsf.hmmer3.PirsfHmmer3RawMatchParser:129] WARN - Couldn't parse the given raw match line, because it is of an unexpected format.
2023-06-24 18:26:17,073 [amqEmbeddedWorkerJmsContainer-7] [uk.ac.ebi.interpro.scan.io.pirsf.hmmer3.PirsfHmmer3RawMatchParser:130] WARN - Unexpected Raw match line: Query sequence: 300 matches PIRSF009393: Ornithine/lysine/arginine decarboxylase
2023-06-24 18:26:17,073 [amqEmbeddedWorkerJmsContainer-7] [uk.ac.ebi.interpro.scan.io.pirsf.hmmer3.PirsfHmmer3RawMatchParser:129] WARN - Couldn't parse the given raw match line, because it is of an unexpected format.
2023-06-24 18:26:17,074 [amqEmbeddedWorkerJmsContainer-7] [uk.ac.ebi.interpro.scan.io.pirsf.hmmer3.PirsfHmmer3RawMatchParser:130] WARN - Unexpected Raw match line: #    score  bias  c-Evalue  i-Evalue hmmfrom  hmm to    alifrom  ali to    envfrom  env to     acc
2023-06-24 18:26:17,074 [amqEmbeddedWorkerJmsContainer-7] [uk.ac.ebi.interpro.scan.io.pirsf.hmmer3.PirsfHmmer3RawMatchParser:129] WARN - Couldn't parse the given raw match line, because it is of an unexpected format.
2023-06-24 18:26:17,074 [amqEmbeddedWorkerJmsContainer-7] [uk.ac.ebi.interpro.scan.io.pirsf.hmmer3.PirsfHmmer3RawMatchParser:130] WARN - Unexpected Raw match line: 1 !  773.4   0.0  1.5e-236  9.8e-234      18     744 ..      20     778 ..       4     779 .. 0.94
2023-06-24 18:26:17,074 [amqEmbeddedWorkerJmsContainer-7] [uk.ac.ebi.interpro.scan.io.pirsf.hmmer3.PirsfHmmer3RawMatchParser:129] WARN - Couldn't parse the given raw match line, because it is of an unexpected format.
2023-06-24 18:26:17,074 [amqEmbeddedWorkerJmsContainer-7] [uk.ac.ebi.interpro.scan.io.pirsf.hmmer3.PirsfHmmer3RawMatchParser:130] WARN - Unexpected Raw match line: Query sequence: 310 matches PIRSF016275: DNA polymerase II, large subunit, Euryarchaea type
2023-06-24 18:26:17,074 [amqEmbeddedWorkerJmsContainer-7] [uk.ac.ebi.interpro.scan.io.pirsf.hmmer3.PirsfHmmer3RawMatchParser:129] WARN - Couldn't parse the given raw match line, because it is of an unexpected format.
2023-06-24 18:26:17,074 [amqEmbeddedWorkerJmsContainer-7] [uk.ac.ebi.interpro.scan.io.pirsf.hmmer3.PirsfHmmer3RawMatchParser:130] WARN - Unexpected Raw match line: #    score  bias  c-Evalue  i-Evalue hmmfrom  hmm to    alifrom  ali to    envfrom  env to     acc
2023-06-24 18:26:17,074 [amqEmbeddedWorkerJmsContainer-7] [uk.ac.ebi.interpro.scan.io.pirsf.hmmer3.PirsfHmmer3RawMatchParser:129] WARN - Couldn't parse the given raw match line, because it is of an unexpected format.
2023-06-24 18:26:17,074 [amqEmbeddedWorkerJmsContainer-7] [uk.ac.ebi.interpro.scan.io.pirsf.hmmer3.PirsfHmmer3RawMatchParser:130] WARN - Unexpected Raw match line: 1 ! 1469.5   0.0         0         0      16    1107 ..       5    1135 .]       2    1135 .] 0.94
2023-06-24 18:26:17,074 [amqEmbeddedWorkerJmsContainer-7] [uk.ac.ebi.interpro.scan.io.pirsf.hmmer3.PirsfHmmer3RawMatchParser:129] WARN - Couldn't parse the given raw match line, because it is of an unexpected format.
2023-06-24 18:26:17,074 [amqEmbeddedWorkerJmsContainer-7] [uk.ac.ebi.interpro.scan.io.pirsf.hmmer3.PirsfHmmer3RawMatchParser:130] WARN - Unexpected Raw match line: Query sequence: 325 matches PIRSF004602: ATP-grasp protein, PurP type
2023-06-24 18:26:17,074 [amqEmbeddedWorkerJmsContainer-7] [uk.ac.ebi.interpro.scan.io.pirsf.hmmer3.PirsfHmmer3RawMatchParser:129] WARN - Couldn't parse the given raw match line, because it is of an unexpected format.
2023-06-24 18:26:17,074 [amqEmbeddedWorkerJmsContainer-7] [uk.ac.ebi.interpro.scan.io.pirsf.hmmer3.PirsfHmmer3RawMatchParser:130] WARN - Unexpected Raw match line: #    score  bias  c-Evalue  i-Evalue hmmfrom  hmm to    alifrom  ali to    envfrom  env to     acc
2023-06-24 18:26:17,074 [amqEmbeddedWorkerJmsContainer-7] [uk.ac.ebi.interpro.scan.io.pirsf.hmmer3.PirsfHmmer3RawMatchParser:129] WARN - Couldn't parse the given raw match line, because it is of an unexpected format.
2023-06-24 18:26:17,074 [amqEmbeddedWorkerJmsContainer-7] [uk.ac.ebi.interpro.scan.io.pirsf.hmmer3.PirsfHmmer3RawMatchParser:130] WARN - Unexpected Raw match line: 1 !  464.8   0.0  8.7e-144  5.6e-141       2     364 .]      13     392 .]      12     392 .] 0.98
2023-06-24 18:26:17,075 [amqEmbeddedWorkerJmsContainer-7] [uk.ac.ebi.interpro.scan.io.pirsf.hmmer3.PirsfHmmer3RawMatchParser:129] WARN - Couldn't parse the given raw match line, because it is of an unexpected format.
2023-06-24 18:26:17,075 [amqEmbeddedWorkerJmsContainer-7] [uk.ac.ebi.interpro.scan.io.pirsf.hmmer3.PirsfHmmer3RawMatchParser:130] WARN - Unexpected Raw match line: Query sequence: 369 matches PIRSF000414: Bifunctional purine biosynthesis protein, PurH type
2023-06-24 18:26:17,075 [amqEmbeddedWorkerJmsContainer-7] [uk.ac.ebi.interpro.scan.io.pirsf.hmmer3.PirsfHmmer3RawMatchParser:129] WARN - Couldn't parse the given raw match line, because it is of an unexpected format.
2023-06-24 18:26:17,075 [amqEmbeddedWorkerJmsContainer-7] [uk.ac.ebi.interpro.scan.io.pirsf.hmmer3.PirsfHmmer3RawMatchParser:130] WARN - Unexpected Raw match line: #    score  bias  c-Evalue  i-Evalue hmmfrom  hmm to    alifrom  ali to    envfrom  env to     acc
2023-06-24 18:26:17,075 [amqEmbeddedWorkerJmsContainer-7] [uk.ac.ebi.interpro.scan.io.pirsf.hmmer3.PirsfHmmer3RawMatchParser:129] WARN - Couldn't parse the given raw match line, because it is of an unexpected format.
2023-06-24 18:26:17,075 [amqEmbeddedWorkerJmsContainer-7] [uk.ac.ebi.interpro.scan.io.pirsf.hmmer3.PirsfHmmer3RawMatchParser:130] WARN - Unexpected Raw match line: 1 !  381.7   0.0  5.5e-118  1.8e-115     147     526 .]      81     460 .]      77     460 .] 0.94
2023-06-24 18:26:17,075 [amqEmbeddedWorkerJmsContainer-7] [uk.ac.ebi.interpro.scan.io.pirsf.hmmer3.PirsfHmmer3RawMatchParser:129] WARN - Couldn't parse the given raw match line, because it is of an unexpected format.
2023-06-24 18:26:17,075 [amqEmbeddedWorkerJmsContainer-7] [uk.ac.ebi.interpro.scan.io.pirsf.hmmer3.PirsfHmmer3RawMatchParser:130] WARN - Unexpected Raw match line: Query sequence: 388 matches PIRSF000263: Methyl coenzyme M reductase, beta subunit
2023-06-24 18:26:17,075 [amqEmbeddedWorkerJmsContainer-7] [uk.ac.ebi.interpro.scan.io.pirsf.hmmer3.PirsfHmmer3RawMatchParser:129] WARN - Couldn't parse the given raw match line, because it is of an unexpected format.
2023-06-24 18:26:17,075 [amqEmbeddedWorkerJmsContainer-7] [uk.ac.ebi.interpro.scan.io.pirsf.hmmer3.PirsfHmmer3RawMatchParser:130] WARN - Unexpected Raw match line: #    score  bias  c-Evalue  i-Evalue hmmfrom  hmm to    alifrom  ali to    envfrom  env to     acc
2023-06-24 18:26:17,075 [amqEmbeddedWorkerJmsContainer-7] [uk.ac.ebi.interpro.scan.io.pirsf.hmmer3.PirsfHmmer3RawMatchParser:129] WARN - Couldn't parse the given raw match line, because it is of an unexpected format.
2023-06-24 18:26:17,075 [amqEmbeddedWorkerJmsContainer-7] [uk.ac.ebi.interpro.scan.io.pirsf.hmmer3.PirsfHmmer3RawMatchParser:130] WARN - Unexpected Raw match line: 1 !  710.0  12.1  5.5e-218  3.6e-215       3     437 ..       5     439 .]       3     439 .] 1.00
2023-06-24 18:26:17,075 [amqEmbeddedWorkerJmsContainer-7] [uk.ac.ebi.interpro.scan.io.pirsf.hmmer3.PirsfHmmer3RawMatchParser:129] WARN - Couldn't parse the given raw match line, because it is of an unexpected format.
2023-06-24 18:26:17,075 [amqEmbeddedWorkerJmsContainer-7] [uk.ac.ebi.interpro.scan.io.pirsf.hmmer3.PirsfHmmer3RawMatchParser:130] WARN - Unexpected Raw match line: Query sequence: 39 matches PIRSF004967: Diphthamide biosynthesis protein 1
2023-06-24 18:26:17,076 [amqEmbeddedWorkerJmsContainer-7] [uk.ac.ebi.interpro.scan.io.pirsf.hmmer3.PirsfHmmer3RawMatchParser:129] WARN - Couldn't parse the given raw match line, because it is of an unexpected format.
2023-06-24 18:26:17,076 [amqEmbeddedWorkerJmsContainer-7] [uk.ac.ebi.interpro.scan.io.pirsf.hmmer3.PirsfHmmer3RawMatchParser:130] WARN - Unexpected Raw match line: #    score  bias  c-Evalue  i-Evalue hmmfrom  hmm to    alifrom  ali to    envfrom  env to     acc
2023-06-24 18:26:17,076 [amqEmbeddedWorkerJmsContainer-7] [uk.ac.ebi.interpro.scan.io.pirsf.hmmer3.PirsfHmmer3RawMatchParser:129] WARN - Couldn't parse the given raw match line, because it is of an unexpected format.
2023-06-24 18:26:17,076 [amqEmbeddedWorkerJmsContainer-7] [uk.ac.ebi.interpro.scan.io.pirsf.hmmer3.PirsfHmmer3RawMatchParser:130] WARN - Unexpected Raw match line: 1 !  255.7   0.0   3.2e-80   2.1e-77      17     349 ..      53     373 ..      46     375 .] 0.95
2023-06-24 18:26:17,076 [amqEmbeddedWorkerJmsContainer-7] [uk.ac.ebi.interpro.scan.io.pirsf.hmmer3.PirsfHmmer3RawMatchParser:129] WARN - Couldn't parse the given raw match line, because it is of an unexpected format.
2023-06-24 18:26:17,076 [amqEmbeddedWorkerJmsContainer-7] [uk.ac.ebi.interpro.scan.io.pirsf.hmmer3.PirsfHmmer3RawMatchParser:130] WARN - Unexpected Raw match line: Query sequence: 399 matches PIRSF005047: Uncharacterised protein with DNA polymerase family X (POLIIIAc) and PHP domains
2023-06-24 18:26:17,076 [amqEmbeddedWorkerJmsContainer-7] [uk.ac.ebi.interpro.scan.io.pirsf.hmmer3.PirsfHmmer3RawMatchParser:129] WARN - Couldn't parse the given raw match line, because it is of an unexpected format.
2023-06-24 18:26:17,076 [amqEmbeddedWorkerJmsContainer-7] [uk.ac.ebi.interpro.scan.io.pirsf.hmmer3.PirsfHmmer3RawMatchParser:130] WARN - Unexpected Raw match line: #    score  bias  c-Evalue  i-Evalue hmmfrom  hmm to    alifrom  ali to    envfrom  env to     acc
2023-06-24 18:26:17,076 [amqEmbeddedWorkerJmsContainer-7] [uk.ac.ebi.interpro.scan.io.pirsf.hmmer3.PirsfHmmer3RawMatchParser:129] WARN - Couldn't parse the given raw match line, because it is of an unexpected format.
2023-06-24 18:26:17,076 [amqEmbeddedWorkerJmsContainer-7] [uk.ac.ebi.interpro.scan.io.pirsf.hmmer3.PirsfHmmer3RawMatchParser:130] WARN - Unexpected Raw match line: 1 !  732.0   7.5  2.1e-224  1.4e-221       2     574 ..       8     578 ..       7     579 .] 0.99
2023-06-24 18:26:17,076 [amqEmbeddedWorkerJmsContainer-7] [uk.ac.ebi.interpro.scan.io.pirsf.hmmer3.PirsfHmmer3RawMatchParser:129] WARN - Couldn't parse the given raw match line, because it is of an unexpected format.
2023-06-24 18:26:17,076 [amqEmbeddedWorkerJmsContainer-7] [uk.ac.ebi.interpro.scan.io.pirsf.hmmer3.PirsfHmmer3RawMatchParser:130] WARN - Unexpected Raw match line: Query sequence: 406 matches PIRSF004919: Peptidase, TldD type
2023-06-24 18:26:17,076 [amqEmbeddedWorkerJmsContainer-7] [uk.ac.ebi.interpro.scan.io.pirsf.hmmer3.PirsfHmmer3RawMatchParser:129] WARN - Couldn't parse the given raw match line, because it is of an unexpected format.
2023-06-24 18:26:17,076 [amqEmbeddedWorkerJmsContainer-7] [uk.ac.ebi.interpro.scan.io.pirsf.hmmer3.PirsfHmmer3RawMatchParser:130] WARN - Unexpected Raw match line: #    score  bias  c-Evalue  i-Evalue hmmfrom  hmm to    alifrom  ali to    envfrom  env to     acc
2023-06-24 18:26:17,076 [amqEmbeddedWorkerJmsContainer-7] [uk.ac.ebi.interpro.scan.io.pirsf.hmmer3.PirsfHmmer3RawMatchParser:129] WARN - Couldn't parse the given raw match line, because it is of an unexpected format.
2023-06-24 18:26:17,076 [amqEmbeddedWorkerJmsContainer-7] [uk.ac.ebi.interpro.scan.io.pirsf.hmmer3.PirsfHmmer3RawMatchParser:130] WARN - Unexpected Raw match line: 1 !  463.9   0.0    3e-143    2e-140      18     463 ..      13     450 ..       2     451 .] 0.96
2023-06-24 18:26:17,077 [amqEmbeddedWorkerJmsContainer-7] [uk.ac.ebi.interpro.scan.io.pirsf.hmmer3.PirsfHmmer3RawMatchParser:129] WARN - Couldn't parse the given raw match line, because it is of an unexpected format.
2023-06-24 18:26:17,077 [amqEmbeddedWorkerJmsContainer-7] [uk.ac.ebi.interpro.scan.io.pirsf.hmmer3.PirsfHmmer3RawMatchParser:130] WARN - Unexpected Raw match line: Query sequence: 410 matches PIRSF000193: Pyrroline-5-carboxylate reductase
2023-06-24 18:26:17,077 [amqEmbeddedWorkerJmsContainer-7] [uk.ac.ebi.interpro.scan.io.pirsf.hmmer3.PirsfHmmer3RawMatchParser:129] WARN - Couldn't parse the given raw match line, because it is of an unexpected format.
2023-06-24 18:26:17,077 [amqEmbeddedWorkerJmsContainer-7] [uk.ac.ebi.interpro.scan.io.pirsf.hmmer3.PirsfHmmer3RawMatchParser:130] WARN - Unexpected Raw match line: #    score  bias  c-Evalue  i-Evalue hmmfrom  hmm to    alifrom  ali to    envfrom  env to     acc
2023-06-24 18:26:17,077 [amqEmbeddedWorkerJmsContainer-7] [uk.ac.ebi.interpro.scan.io.pirsf.hmmer3.PirsfHmmer3RawMatchParser:129] WARN - Couldn't parse the given raw match line, because it is of an unexpected format.
2023-06-24 18:26:17,077 [amqEmbeddedWorkerJmsContainer-7] [uk.ac.ebi.interpro.scan.io.pirsf.hmmer3.PirsfHmmer3RawMatchParser:130] WARN - Unexpected Raw match line: 1 !  233.4   0.1   1.3e-73   8.6e-71       1     264 [.       1     257 [.       1     261 [. 0.96
2023-06-24 18:26:17,077 [amqEmbeddedWorkerJmsContainer-7] [uk.ac.ebi.interpro.scan.io.pirsf.hmmer3.PirsfHmmer3RawMatchParser:129] WARN - Couldn't parse the given raw match line, because it is of an unexpected format.
2023-06-24 18:26:17,077 [amqEmbeddedWorkerJmsContainer-7] [uk.ac.ebi.interpro.scan.io.pirsf.hmmer3.PirsfHmmer3RawMatchParser:130] WARN - Unexpected Raw match line: Query sequence: 419 matches PIRSF001434: Cystathionine gamma-synthase
2023-06-24 18:26:17,077 [amqEmbeddedWorkerJmsContainer-7] [uk.ac.ebi.interpro.scan.io.pirsf.hmmer3.PirsfHmmer3RawMatchParser:129] WARN - Couldn't parse the given raw match line, because it is of an unexpected format.
2023-06-24 18:26:17,077 [amqEmbeddedWorkerJmsContainer-7] [uk.ac.ebi.interpro.scan.io.pirsf.hmmer3.PirsfHmmer3RawMatchParser:130] WARN - Unexpected Raw match line: #    score  bias  c-Evalue  i-Evalue hmmfrom  hmm to    alifrom  ali to    envfrom  env to     acc
2023-06-24 18:26:17,077 [amqEmbeddedWorkerJmsContainer-7] [uk.ac.ebi.interpro.scan.io.pirsf.hmmer3.PirsfHmmer3RawMatchParser:129] WARN - Couldn't parse the given raw match line, because it is of an unexpected format.
2023-06-24 18:26:17,077 [amqEmbeddedWorkerJmsContainer-7] [uk.ac.ebi.interpro.scan.io.pirsf.hmmer3.PirsfHmmer3RawMatchParser:130] WARN - Unexpected Raw match line: 1 !  420.5   0.0  6.4e-130  2.1e-127       6     405 ..      16     449 ..      12     450 .. 0.97
2023-06-24 18:26:17,077 [amqEmbeddedWorkerJmsContainer-7] [uk.ac.ebi.interpro.scan.io.pirsf.hmmer3.PirsfHmmer3RawMatchParser:129] WARN - Couldn't parse the given raw match line, because it is of an unexpected format.
2023-06-24 18:26:17,077 [amqEmbeddedWorkerJmsContainer-7] [uk.ac.ebi.interpro.scan.io.pirsf.hmmer3.PirsfHmmer3RawMatchParser:130] WARN - Unexpected Raw match line: Query sequence: 424 matches PIRSF005572: Cysteine desulphurase, NifS type
2023-06-24 18:26:17,077 [amqEmbeddedWorkerJmsContainer-7] [uk.ac.ebi.interpro.scan.io.pirsf.hmmer3.PirsfHmmer3RawMatchParser:129] WARN - Couldn't parse the given raw match line, because it is of an unexpected format.
2023-06-24 18:26:17,078 [amqEmbeddedWorkerJmsContainer-7] [uk.ac.ebi.interpro.scan.io.pirsf.hmmer3.PirsfHmmer3RawMatchParser:130] WARN - Unexpected Raw match line: #    score  bias  c-Evalue  i-Evalue hmmfrom  hmm to    alifrom  ali to    envfrom  env to     acc
2023-06-24 18:26:17,078 [amqEmbeddedWorkerJmsContainer-7] [uk.ac.ebi.interpro.scan.io.pirsf.hmmer3.PirsfHmmer3RawMatchParser:129] WARN - Couldn't parse the given raw match line, because it is of an unexpected format.
2023-06-24 18:26:17,078 [amqEmbeddedWorkerJmsContainer-7] [uk.ac.ebi.interpro.scan.io.pirsf.hmmer3.PirsfHmmer3RawMatchParser:130] WARN - Unexpected Raw match line: 1 !  450.0   0.0  1.2e-138  2.5e-136       2     379 ..       5     381 ..       4     384 .. 0.99
2023-06-24 18:26:17,078 [amqEmbeddedWorkerJmsContainer-7] [uk.ac.ebi.interpro.scan.io.pirsf.hmmer3.PirsfHmmer3RawMatchParser:129] WARN - Couldn't parse the given raw match line, because it is of an unexpected format.
2023-06-24 18:26:17,078 [amqEmbeddedWorkerJmsContainer-7] [uk.ac.ebi.interpro.scan.io.pirsf.hmmer3.PirsfHmmer3RawMatchParser:130] WARN - Unexpected Raw match line: Query sequence: 433 matches PIRSF006444: Phenylacetate coenzyme a ligase, PaaK type
2023-06-24 18:26:17,078 [amqEmbeddedWorkerJmsContainer-7] [uk.ac.ebi.interpro.scan.io.pirsf.hmmer3.PirsfHmmer3RawMatchParser:129] WARN - Couldn't parse the given raw match line, because it is of an unexpected format.
2023-06-24 18:26:17,078 [amqEmbeddedWorkerJmsContainer-7] [uk.ac.ebi.interpro.scan.io.pirsf.hmmer3.PirsfHmmer3RawMatchParser:130] WARN - Unexpected Raw match line: #    score  bias  c-Evalue  i-Evalue hmmfrom  hmm to    alifrom  ali to    envfrom  env to     acc
2023-06-24 18:26:17,078 [amqEmbeddedWorkerJmsContainer-7] [uk.ac.ebi.interpro.scan.io.pirsf.hmmer3.PirsfHmmer3RawMatchParser:129] WARN - Couldn't parse the given raw match line, because it is of an unexpected format.
2023-06-24 18:26:17,078 [amqEmbeddedWorkerJmsContainer-7] [uk.ac.ebi.interpro.scan.io.pirsf.hmmer3.PirsfHmmer3RawMatchParser:130] WARN - Unexpected Raw match line: 1 !  645.5   0.0  5.2e-198  1.1e-195       7     438 ..       6     435 ..       1     436 [] 0.99
2023-06-24 18:26:17,078 [amqEmbeddedWorkerJmsContainer-7] [uk.ac.ebi.interpro.scan.io.pirsf.hmmer3.PirsfHmmer3RawMatchParser:129] WARN - Couldn't parse the given raw match line, because it is of an unexpected format.
2023-06-24 18:26:17,078 [amqEmbeddedWorkerJmsContainer-7] [uk.ac.ebi.interpro.scan.io.pirsf.hmmer3.PirsfHmmer3RawMatchParser:130] WARN - Unexpected Raw match line: Query sequence: 447 matches PIRSF005669: Predicted histone acetyltransferase with radical SAM domain, Elp3 type
2023-06-24 18:26:17,078 [amqEmbeddedWorkerJmsContainer-7] [uk.ac.ebi.interpro.scan.io.pirsf.hmmer3.PirsfHmmer3RawMatchParser:129] WARN - Couldn't parse the given raw match line, because it is of an unexpected format.
2023-06-24 18:26:17,078 [amqEmbeddedWorkerJmsContainer-7] [uk.ac.ebi.interpro.scan.io.pirsf.hmmer3.PirsfHmmer3RawMatchParser:130] WARN - Unexpected Raw match line: #    score  bias  c-Evalue  i-Evalue hmmfrom  hmm to    alifrom  ali to    envfrom  env to     acc
2023-06-24 18:26:17,078 [amqEmbeddedWorkerJmsContainer-7] [uk.ac.ebi.interpro.scan.io.pirsf.hmmer3.PirsfHmmer3RawMatchParser:129] WARN - Couldn't parse the given raw match line, because it is of an unexpected format.
2023-06-24 18:26:17,078 [amqEmbeddedWorkerJmsContainer-7] [uk.ac.ebi.interpro.scan.io.pirsf.hmmer3.PirsfHmmer3RawMatchParser:130] WARN - Unexpected Raw match line: 1 !  659.4   0.0    2e-202  1.3e-199      16     540 ..      32     542 ..      13     544 .] 0.95
2023-06-24 18:26:17,078 [amqEmbeddedWorkerJmsContainer-7] [uk.ac.ebi.interpro.scan.io.pirsf.hmmer3.PirsfHmmer3RawMatchParser:129] WARN - Couldn't parse the given raw match line, because it is of an unexpected format.
2023-06-24 18:26:17,079 [amqEmbeddedWorkerJmsContainer-7] [uk.ac.ebi.interpro.scan.io.pirsf.hmmer3.PirsfHmmer3RawMatchParser:130] WARN - Unexpected Raw match line: Query sequence: 449 matches PIRSF000854: Phosphoenolpyruvate synthase
2023-06-24 18:26:17,079 [amqEmbeddedWorkerJmsContainer-7] [uk.ac.ebi.interpro.scan.io.pirsf.hmmer3.PirsfHmmer3RawMatchParser:129] WARN - Couldn't parse the given raw match line, because it is of an unexpected format.
2023-06-24 18:26:17,079 [amqEmbeddedWorkerJmsContainer-7] [uk.ac.ebi.interpro.scan.io.pirsf.hmmer3.PirsfHmmer3RawMatchParser:130] WARN - Unexpected Raw match line: #    score  bias  c-Evalue  i-Evalue hmmfrom  hmm to    alifrom  ali to    envfrom  env to     acc
2023-06-24 18:26:17,079 [amqEmbeddedWorkerJmsContainer-7] [uk.ac.ebi.interpro.scan.io.pirsf.hmmer3.PirsfHmmer3RawMatchParser:129] WARN - Couldn't parse the given raw match line, because it is of an unexpected format.
2023-06-24 18:26:17,079 [amqEmbeddedWorkerJmsContainer-7] [uk.ac.ebi.interpro.scan.io.pirsf.hmmer3.PirsfHmmer3RawMatchParser:130] WARN - Unexpected Raw match line: 1 !  481.9   6.3  3.2e-148    1e-145       5     515 ..      21     517 ..      18     524 .. 0.91
2023-06-24 18:26:17,079 [amqEmbeddedWorkerJmsContainer-7] [uk.ac.ebi.interpro.scan.io.pirsf.hmmer3.PirsfHmmer3RawMatchParser:129] WARN - Couldn't parse the given raw match line, because it is of an unexpected format.
2023-06-24 18:26:17,079 [amqEmbeddedWorkerJmsContainer-7] [uk.ac.ebi.interpro.scan.io.pirsf.hmmer3.PirsfHmmer3RawMatchParser:130] WARN - Unexpected Raw match line: 2 !  197.3   0.0   3.6e-62   1.2e-59     551     792 ..     532     767 ..     526     770 .. 0.95
2023-06-24 18:26:17,079 [amqEmbeddedWorkerJmsContainer-7] [uk.ac.ebi.interpro.scan.io.pirsf.hmmer3.PirsfHmmer3RawMatchParser:129] WARN - Couldn't parse the given raw match line, because it is of an unexpected format.
2023-06-24 18:26:17,079 [amqEmbeddedWorkerJmsContainer-7] [uk.ac.ebi.interpro.scan.io.pirsf.hmmer3.PirsfHmmer3RawMatchParser:130] WARN - Unexpected Raw match line: Query sequence: 458 matches PIRSF000854: Phosphoenolpyruvate synthase
2023-06-24 18:26:17,079 [amqEmbeddedWorkerJmsContainer-7] [uk.ac.ebi.interpro.scan.io.pirsf.hmmer3.PirsfHmmer3RawMatchParser:129] WARN - Couldn't parse the given raw match line, because it is of an unexpected format.
2023-06-24 18:26:17,079 [amqEmbeddedWorkerJmsContainer-7] [uk.ac.ebi.interpro.scan.io.pirsf.hmmer3.PirsfHmmer3RawMatchParser:130] WARN - Unexpected Raw match line: #    score  bias  c-Evalue  i-Evalue hmmfrom  hmm to    alifrom  ali to    envfrom  env to     acc
2023-06-24 18:26:17,079 [amqEmbeddedWorkerJmsContainer-7] [uk.ac.ebi.interpro.scan.io.pirsf.hmmer3.PirsfHmmer3RawMatchParser:129] WARN - Couldn't parse the given raw match line, because it is of an unexpected format.
2023-06-24 18:26:17,079 [amqEmbeddedWorkerJmsContainer-7] [uk.ac.ebi.interpro.scan.io.pirsf.hmmer3.PirsfHmmer3RawMatchParser:130] WARN - Unexpected Raw match line: 1 ! 1274.5   0.0         0         0       3     793 ..       5     802 ..       3     804 .. 0.99
2023-06-24 18:26:17,079 [amqEmbeddedWorkerJmsContainer-7] [uk.ac.ebi.interpro.scan.io.pirsf.hmmer3.PirsfHmmer3RawMatchParser:129] WARN - Couldn't parse the given raw match line, because it is of an unexpected format.
2023-06-24 18:26:17,079 [amqEmbeddedWorkerJmsContainer-7] [uk.ac.ebi.interpro.scan.io.pirsf.hmmer3.PirsfHmmer3RawMatchParser:130] WARN - Unexpected Raw match line: Query sequence: 460 matches PIRSF015578: Myo-inositol-1-phosphate synthase
2023-06-24 18:26:17,079 [amqEmbeddedWorkerJmsContainer-7] [uk.ac.ebi.interpro.scan.io.pirsf.hmmer3.PirsfHmmer3RawMatchParser:129] WARN - Couldn't parse the given raw match line, because it is of an unexpected format.
2023-06-24 18:26:17,080 [amqEmbeddedWorkerJmsContainer-7] [uk.ac.ebi.interpro.scan.io.pirsf.hmmer3.PirsfHmmer3RawMatchParser:130] WARN - Unexpected Raw match line: #    score  bias  c-Evalue  i-Evalue hmmfrom  hmm to    alifrom  ali to    envfrom  env to     acc
2023-06-24 18:26:17,080 [amqEmbeddedWorkerJmsContainer-7] [uk.ac.ebi.interpro.scan.io.pirsf.hmmer3.PirsfHmmer3RawMatchParser:129] WARN - Couldn't parse the given raw match line, because it is of an unexpected format.
2023-06-24 18:26:17,080 [amqEmbeddedWorkerJmsContainer-7] [uk.ac.ebi.interpro.scan.io.pirsf.hmmer3.PirsfHmmer3RawMatchParser:130] WARN - Unexpected Raw match line: 1 !  302.0   0.0   3.9e-94   2.5e-91       8     405 ..      27     384 ..      24     403 .. 0.92
2023-06-24 18:26:17,080 [amqEmbeddedWorkerJmsContainer-7] [uk.ac.ebi.interpro.scan.io.pirsf.hmmer3.PirsfHmmer3RawMatchParser:129] WARN - Couldn't parse the given raw match line, because it is of an unexpected format.
2023-06-24 18:26:17,080 [amqEmbeddedWorkerJmsContainer-7] [uk.ac.ebi.interpro.scan.io.pirsf.hmmer3.PirsfHmmer3RawMatchParser:130] WARN - Unexpected Raw match line: Query sequence: 461 matches PIRSF006630: Glutamine-dependent NAD(+) synthetase with GAT domain
2023-06-24 18:26:17,080 [amqEmbeddedWorkerJmsContainer-7] [uk.ac.ebi.interpro.scan.io.pirsf.hmmer3.PirsfHmmer3RawMatchParser:129] WARN - Couldn't parse the given raw match line, because it is of an unexpected format.
2023-06-24 18:26:17,080 [amqEmbeddedWorkerJmsContainer-7] [uk.ac.ebi.interpro.scan.io.pirsf.hmmer3.PirsfHmmer3RawMatchParser:130] WARN - Unexpected Raw match line: #    score  bias  c-Evalue  i-Evalue hmmfrom  hmm to    alifrom  ali to    envfrom  env to     acc
2023-06-24 18:26:17,080 [amqEmbeddedWorkerJmsContainer-7] [uk.ac.ebi.interpro.scan.io.pirsf.hmmer3.PirsfHmmer3RawMatchParser:129] WARN - Couldn't parse the given raw match line, because it is of an unexpected format.
2023-06-24 18:26:17,080 [amqEmbeddedWorkerJmsContainer-7] [uk.ac.ebi.interpro.scan.io.pirsf.hmmer3.PirsfHmmer3RawMatchParser:130] WARN - Unexpected Raw match line: 1 !  244.1   0.0   4.1e-76     9e-74       3     250 ..      12     266 ..      10     280 .. 0.96
2023-06-24 18:26:17,080 [amqEmbeddedWorkerJmsContainer-7] [uk.ac.ebi.interpro.scan.io.pirsf.hmmer3.PirsfHmmer3RawMatchParser:129] WARN - Couldn't parse the given raw match line, because it is of an unexpected format.
2023-06-24 18:26:17,080 [amqEmbeddedWorkerJmsContainer-7] [uk.ac.ebi.interpro.scan.io.pirsf.hmmer3.PirsfHmmer3RawMatchParser:130] WARN - Unexpected Raw match line: 2 !  387.2   0.0  1.9e-119  4.1e-117     300     581 ..     281     560 ..     268     562 .] 0.97
2023-06-24 18:26:17,080 [amqEmbeddedWorkerJmsContainer-7] [uk.ac.ebi.interpro.scan.io.pirsf.hmmer3.PirsfHmmer3RawMatchParser:129] WARN - Couldn't parse the given raw match line, because it is of an unexpected format.
2023-06-24 18:26:17,080 [amqEmbeddedWorkerJmsContainer-7] [uk.ac.ebi.interpro.scan.io.pirsf.hmmer3.PirsfHmmer3RawMatchParser:130] WARN - Unexpected Raw match line: Query sequence: 464 matches PIRSF001587: Phosphoribosylformylglycinamidine synthase component II
2023-06-24 18:26:17,080 [amqEmbeddedWorkerJmsContainer-7] [uk.ac.ebi.interpro.scan.io.pirsf.hmmer3.PirsfHmmer3RawMatchParser:129] WARN - Couldn't parse the given raw match line, because it is of an unexpected format.
2023-06-24 18:26:17,080 [amqEmbeddedWorkerJmsContainer-7] [uk.ac.ebi.interpro.scan.io.pirsf.hmmer3.PirsfHmmer3RawMatchParser:130] WARN - Unexpected Raw match line: #    score  bias  c-Evalue  i-Evalue hmmfrom  hmm to    alifrom  ali to    envfrom  env to     acc
2023-06-24 18:26:17,080 [amqEmbeddedWorkerJmsContainer-7] [uk.ac.ebi.interpro.scan.io.pirsf.hmmer3.PirsfHmmer3RawMatchParser:129] WARN - Couldn't parse the given raw match line, because it is of an unexpected format.
2023-06-24 18:26:17,080 [amqEmbeddedWorkerJmsContainer-7] [uk.ac.ebi.interpro.scan.io.pirsf.hmmer3.PirsfHmmer3RawMatchParser:130] WARN - Unexpected Raw match line: 1 !  706.1   0.0  2.6e-216  1.7e-213      15     735 ..      38     789 ..      24     793 .. 0.91
2023-06-24 18:26:17,081 [amqEmbeddedWorkerJmsContainer-7] [uk.ac.ebi.interpro.scan.io.pirsf.hmmer3.PirsfHmmer3RawMatchParser:129] WARN - Couldn't parse the given raw match line, because it is of an unexpected format.
2023-06-24 18:26:17,081 [amqEmbeddedWorkerJmsContainer-7] [uk.ac.ebi.interpro.scan.io.pirsf.hmmer3.PirsfHmmer3RawMatchParser:130] WARN - Unexpected Raw match line: Query sequence: 479 matches PIRSF000728: N-acetylglutamate kinase
2023-06-24 18:26:17,081 [amqEmbeddedWorkerJmsContainer-7] [uk.ac.ebi.interpro.scan.io.pirsf.hmmer3.PirsfHmmer3RawMatchParser:129] WARN - Couldn't parse the given raw match line, because it is of an unexpected format.
2023-06-24 18:26:17,081 [amqEmbeddedWorkerJmsContainer-7] [uk.ac.ebi.interpro.scan.io.pirsf.hmmer3.PirsfHmmer3RawMatchParser:130] WARN - Unexpected Raw match line: #    score  bias  c-Evalue  i-Evalue hmmfrom  hmm to    alifrom  ali to    envfrom  env to     acc
2023-06-24 18:26:17,081 [amqEmbeddedWorkerJmsContainer-7] [uk.ac.ebi.interpro.scan.io.pirsf.hmmer3.PirsfHmmer3RawMatchParser:129] WARN - Couldn't parse the given raw match line, because it is of an unexpected format.
2023-06-24 18:26:17,081 [amqEmbeddedWorkerJmsContainer-7] [uk.ac.ebi.interpro.scan.io.pirsf.hmmer3.PirsfHmmer3RawMatchParser:130] WARN - Unexpected Raw match line: 1 !  346.4   0.8  4.5e-108  2.9e-105       2     277 ..       9     290 ..       8     291 .. 0.98
2023-06-24 18:26:17,081 [amqEmbeddedWorkerJmsContainer-7] [uk.ac.ebi.interpro.scan.io.pirsf.hmmer3.PirsfHmmer3RawMatchParser:129] WARN - Couldn't parse the given raw match line, because it is of an unexpected format.
2023-06-24 18:26:17,081 [amqEmbeddedWorkerJmsContainer-7] [uk.ac.ebi.interpro.scan.io.pirsf.hmmer3.PirsfHmmer3RawMatchParser:130] WARN - Unexpected Raw match line: Query sequence: 498 matches PIRSF000445: Glutamyl-tRNA reductase
2023-06-24 18:26:17,081 [amqEmbeddedWorkerJmsContainer-7] [uk.ac.ebi.interpro.scan.io.pirsf.hmmer3.PirsfHmmer3RawMatchParser:129] WARN - Couldn't parse the given raw match line, because it is of an unexpected format.
2023-06-24 18:26:17,081 [amqEmbeddedWorkerJmsContainer-7] [uk.ac.ebi.interpro.scan.io.pirsf.hmmer3.PirsfHmmer3RawMatchParser:130] WARN - Unexpected Raw match line: #    score  bias  c-Evalue  i-Evalue hmmfrom  hmm to    alifrom  ali to    envfrom  env to     acc
2023-06-24 18:26:17,081 [amqEmbeddedWorkerJmsContainer-7] [uk.ac.ebi.interpro.scan.io.pirsf.hmmer3.PirsfHmmer3RawMatchParser:129] WARN - Couldn't parse the given raw match line, because it is of an unexpected format.
2023-06-24 18:26:17,081 [amqEmbeddedWorkerJmsContainer-7] [uk.ac.ebi.interpro.scan.io.pirsf.hmmer3.PirsfHmmer3RawMatchParser:130] WARN - Unexpected Raw match line: 1 !  425.9  11.5  4.8e-131  5.2e-129       3     421 ..      12     421 ..      10     423 .] 0.96
2023-06-24 18:26:17,081 [amqEmbeddedWorkerJmsContainer-7] [uk.ac.ebi.interpro.scan.io.pirsf.hmmer3.PirsfHmmer3RawMatchParser:129] WARN - Couldn't parse the given raw match line, because it is of an unexpected format.
2023-06-24 18:26:17,081 [amqEmbeddedWorkerJmsContainer-7] [uk.ac.ebi.interpro.scan.io.pirsf.hmmer3.PirsfHmmer3RawMatchParser:130] WARN - Unexpected Raw match line: Query sequence: 51 matches PIRSF005646: Formylmethanofuran dehydrogenase, subunit B
2023-06-24 18:26:17,081 [amqEmbeddedWorkerJmsContainer-7] [uk.ac.ebi.interpro.scan.io.pirsf.hmmer3.PirsfHmmer3RawMatchParser:129] WARN - Couldn't parse the given raw match line, because it is of an unexpected format.
2023-06-24 18:26:17,081 [amqEmbeddedWorkerJmsContainer-7] [uk.ac.ebi.interpro.scan.io.pirsf.hmmer3.PirsfHmmer3RawMatchParser:130] WARN - Unexpected Raw match line: #    score  bias  c-Evalue  i-Evalue hmmfrom  hmm to    alifrom  ali to    envfrom  env to     acc
2023-06-24 18:26:17,082 [amqEmbeddedWorkerJmsContainer-7] [uk.ac.ebi.interpro.scan.io.pirsf.hmmer3.PirsfHmmer3RawMatchParser:129] WARN - Couldn't parse the given raw match line, because it is of an unexpected format.
2023-06-24 18:26:17,082 [amqEmbeddedWorkerJmsContainer-7] [uk.ac.ebi.interpro.scan.io.pirsf.hmmer3.PirsfHmmer3RawMatchParser:130] WARN - Unexpected Raw match line: 1 !  664.6   0.0  1.3e-203  1.7e-201       2     432 ..       2     434 ..       1     435 [] 0.99
2023-06-24 18:26:17,082 [amqEmbeddedWorkerJmsContainer-7] [uk.ac.ebi.interpro.scan.io.pirsf.hmmer3.PirsfHmmer3RawMatchParser:129] WARN - Couldn't parse the given raw match line, because it is of an unexpected format.
2023-06-24 18:26:17,082 [amqEmbeddedWorkerJmsContainer-7] [uk.ac.ebi.interpro.scan.io.pirsf.hmmer3.PirsfHmmer3RawMatchParser:130] WARN - Unexpected Raw match line: Query sequence: 515 matches PIRSF001400: Enolase
2023-06-24 18:26:17,082 [amqEmbeddedWorkerJmsContainer-7] [uk.ac.ebi.interpro.scan.io.pirsf.hmmer3.PirsfHmmer3RawMatchParser:129] WARN - Couldn't parse the given raw match line, because it is of an unexpected format.
2023-06-24 18:26:17,082 [amqEmbeddedWorkerJmsContainer-7] [uk.ac.ebi.interpro.scan.io.pirsf.hmmer3.PirsfHmmer3RawMatchParser:130] WARN - Unexpected Raw match line: #    score  bias  c-Evalue  i-Evalue hmmfrom  hmm to    alifrom  ali to    envfrom  env to     acc
2023-06-24 18:26:17,082 [amqEmbeddedWorkerJmsContainer-7] [uk.ac.ebi.interpro.scan.io.pirsf.hmmer3.PirsfHmmer3RawMatchParser:129] WARN - Couldn't parse the given raw match line, because it is of an unexpected format.
2023-06-24 18:26:17,082 [amqEmbeddedWorkerJmsContainer-7] [uk.ac.ebi.interpro.scan.io.pirsf.hmmer3.PirsfHmmer3RawMatchParser:130] WARN - Unexpected Raw match line: 1 !  577.4   0.0  8.5e-178  5.5e-175       2     422 ..       6     418 ..       5     420 .] 0.98
2023-06-24 18:26:17,082 [amqEmbeddedWorkerJmsContainer-7] [uk.ac.ebi.interpro.scan.io.pirsf.hmmer3.PirsfHmmer3RawMatchParser:129] WARN - Couldn't parse the given raw match line, because it is of an unexpected format.
2023-06-24 18:26:17,082 [amqEmbeddedWorkerJmsContainer-7] [uk.ac.ebi.interpro.scan.io.pirsf.hmmer3.PirsfHmmer3RawMatchParser:130] WARN - Unexpected Raw match line: Query sequence: 540 matches PIRSF000460: Glucan phosphorylase
2023-06-24 18:26:17,082 [amqEmbeddedWorkerJmsContainer-7] [uk.ac.ebi.interpro.scan.io.pirsf.hmmer3.PirsfHmmer3RawMatchParser:129] WARN - Couldn't parse the given raw match line, because it is of an unexpected format.
2023-06-24 18:26:17,082 [amqEmbeddedWorkerJmsContainer-7] [uk.ac.ebi.interpro.scan.io.pirsf.hmmer3.PirsfHmmer3RawMatchParser:130] WARN - Unexpected Raw match line: #    score  bias  c-Evalue  i-Evalue hmmfrom  hmm to    alifrom  ali to    envfrom  env to     acc
2023-06-24 18:26:17,082 [amqEmbeddedWorkerJmsContainer-7] [uk.ac.ebi.interpro.scan.io.pirsf.hmmer3.PirsfHmmer3RawMatchParser:129] WARN - Couldn't parse the given raw match line, because it is of an unexpected format.
2023-06-24 18:26:17,082 [amqEmbeddedWorkerJmsContainer-7] [uk.ac.ebi.interpro.scan.io.pirsf.hmmer3.PirsfHmmer3RawMatchParser:130] WARN - Unexpected Raw match line: 1 !  794.4   0.0  5.6e-243  3.7e-240      10     720 ..      25     739 ..      18     745 .. 0.96
2023-06-24 18:26:17,082 [amqEmbeddedWorkerJmsContainer-7] [uk.ac.ebi.interpro.scan.io.pirsf.hmmer3.PirsfHmmer3RawMatchParser:129] WARN - Couldn't parse the given raw match line, because it is of an unexpected format.
2023-06-24 18:26:17,082 [amqEmbeddedWorkerJmsContainer-7] [uk.ac.ebi.interpro.scan.io.pirsf.hmmer3.PirsfHmmer3RawMatchParser:130] WARN - Unexpected Raw match line: Query sequence: 544 matches PIRSF005023: Predicted carbon-monoxide dehydrogenase, beta subunit
2023-06-24 18:26:17,082 [amqEmbeddedWorkerJmsContainer-7] [uk.ac.ebi.interpro.scan.io.pirsf.hmmer3.PirsfHmmer3RawMatchParser:129] WARN - Couldn't parse the given raw match line, because it is of an unexpected format.
2023-06-24 18:26:17,082 [amqEmbeddedWorkerJmsContainer-7] [uk.ac.ebi.interpro.scan.io.pirsf.hmmer3.PirsfHmmer3RawMatchParser:130] WARN - Unexpected Raw match line: #    score  bias  c-Evalue  i-Evalue hmmfrom  hmm to    alifrom  ali to    envfrom  env to     acc
2023-06-24 18:26:17,083 [amqEmbeddedWorkerJmsContainer-7] [uk.ac.ebi.interpro.scan.io.pirsf.hmmer3.PirsfHmmer3RawMatchParser:129] WARN - Couldn't parse the given raw match line, because it is of an unexpected format.
2023-06-24 18:26:17,083 [amqEmbeddedWorkerJmsContainer-7] [uk.ac.ebi.interpro.scan.io.pirsf.hmmer3.PirsfHmmer3RawMatchParser:130] WARN - Unexpected Raw match line: 1 !  836.7   4.9  1.5e-255  3.2e-253      10     635 ..      13     624 ..       6     625 .] 0.98
2023-06-24 18:26:17,094 [amqEmbeddedWorkerJmsContainer-7] [uk.ac.ebi.interpro.scan.io.pirsf.hmmer3.PirsfHmmer3RawMatchParser:129] WARN - Couldn't parse the given raw match line, because it is of an unexpected format.
2023-06-24 18:26:17,094 [amqEmbeddedWorkerJmsContainer-7] [uk.ac.ebi.interpro.scan.io.pirsf.hmmer3.PirsfHmmer3RawMatchParser:130] WARN - Unexpected Raw match line: Query sequence: 567 matches PIRSF003073: Predicted DNA replication protein DnaC/Putative insertion sequence ATP-binding protein/Putative transposase associated ATP binding protein
2023-06-24 18:26:17,094 [amqEmbeddedWorkerJmsContainer-7] [uk.ac.ebi.interpro.scan.io.pirsf.hmmer3.PirsfHmmer3RawMatchParser:129] WARN - Couldn't parse the given raw match line, because it is of an unexpected format.
2023-06-24 18:26:17,094 [amqEmbeddedWorkerJmsContainer-7] [uk.ac.ebi.interpro.scan.io.pirsf.hmmer3.PirsfHmmer3RawMatchParser:130] WARN - Unexpected Raw match line: #    score  bias  c-Evalue  i-Evalue hmmfrom  hmm to    alifrom  ali to    envfrom  env to     acc
2023-06-24 18:26:17,094 [amqEmbeddedWorkerJmsContainer-7] [uk.ac.ebi.interpro.scan.io.pirsf.hmmer3.PirsfHmmer3RawMatchParser:129] WARN - Couldn't parse the given raw match line, because it is of an unexpected format.
2023-06-24 18:26:17,094 [amqEmbeddedWorkerJmsContainer-7] [uk.ac.ebi.interpro.scan.io.pirsf.hmmer3.PirsfHmmer3RawMatchParser:130] WARN - Unexpected Raw match line: 1 !  234.1   0.6   1.4e-72   5.2e-71       4     252 ..      16     264 ..      13     267 .. 0.98
2023-06-24 18:26:17,095 [amqEmbeddedWorkerJmsContainer-7] [uk.ac.ebi.interpro.scan.io.pirsf.hmmer3.PirsfHmmer3RawMatchParser:129] WARN - Couldn't parse the given raw match line, because it is of an unexpected format.
2023-06-24 18:26:17,095 [amqEmbeddedWorkerJmsContainer-7] [uk.ac.ebi.interpro.scan.io.pirsf.hmmer3.PirsfHmmer3RawMatchParser:130] WARN - Unexpected Raw match line: Query sequence: 590 matches PIRSF006404: Uncharacterised protein with peptidase M50 and CBS domains
2023-06-24 18:26:17,095 [amqEmbeddedWorkerJmsContainer-7] [uk.ac.ebi.interpro.scan.io.pirsf.hmmer3.PirsfHmmer3RawMatchParser:129] WARN - Couldn't parse the given raw match line, because it is of an unexpected format.
2023-06-24 18:26:17,095 [amqEmbeddedWorkerJmsContainer-7] [uk.ac.ebi.interpro.scan.io.pirsf.hmmer3.PirsfHmmer3RawMatchParser:130] WARN - Unexpected Raw match line: #    score  bias  c-Evalue  i-Evalue hmmfrom  hmm to    alifrom  ali to    envfrom  env to     acc
2023-06-24 18:26:17,095 [amqEmbeddedWorkerJmsContainer-7] [uk.ac.ebi.interpro.scan.io.pirsf.hmmer3.PirsfHmmer3RawMatchParser:129] WARN - Couldn't parse the given raw match line, because it is of an unexpected format.
2023-06-24 18:26:17,095 [amqEmbeddedWorkerJmsContainer-7] [uk.ac.ebi.interpro.scan.io.pirsf.hmmer3.PirsfHmmer3RawMatchParser:130] WARN - Unexpected Raw match line: 1 !  408.2   7.5  6.1e-126  9.8e-124       1     360 [.       9     372 ..       9     376 .] 0.97
2023-06-24 18:26:17,095 [amqEmbeddedWorkerJmsContainer-7] [uk.ac.ebi.interpro.scan.io.pirsf.hmmer3.PirsfHmmer3RawMatchParser:129] WARN - Couldn't parse the given raw match line, because it is of an unexpected format.
2023-06-24 18:26:17,095 [amqEmbeddedWorkerJmsContainer-7] [uk.ac.ebi.interpro.scan.io.pirsf.hmmer3.PirsfHmmer3RawMatchParser:130] WARN - Unexpected Raw match line: Query sequence: 606 matches PIRSF034888: Predicted P-loop ATP-binding protein, VCA0200 type
2023-06-24 18:26:17,095 [amqEmbeddedWorkerJmsContainer-7] [uk.ac.ebi.interpro.scan.io.pirsf.hmmer3.PirsfHmmer3RawMatchParser:129] WARN - Couldn't parse the given raw match line, because it is of an unexpected format.
2023-06-24 18:26:17,095 [amqEmbeddedWorkerJmsContainer-7] [uk.ac.ebi.interpro.scan.io.pirsf.hmmer3.PirsfHmmer3RawMatchParser:130] WARN - Unexpected Raw match line: #    score  bias  c-Evalue  i-Evalue hmmfrom  hmm to    alifrom  ali to    envfrom  env to     acc
2023-06-24 18:26:17,095 [amqEmbeddedWorkerJmsContainer-7] [uk.ac.ebi.interpro.scan.io.pirsf.hmmer3.PirsfHmmer3RawMatchParser:129] WARN - Couldn't parse the given raw match line, because it is of an unexpected format.
2023-06-24 18:26:17,095 [amqEmbeddedWorkerJmsContainer-7] [uk.ac.ebi.interpro.scan.io.pirsf.hmmer3.PirsfHmmer3RawMatchParser:130] WARN - Unexpected Raw match line: 1 !   42.3   0.0   1.2e-14     2e-12       2      51 ..      11      61 ..      10     167 .. 0.68
2023-06-24 18:26:17,095 [amqEmbeddedWorkerJmsContainer-7] [uk.ac.ebi.interpro.scan.io.pirsf.hmmer3.PirsfHmmer3RawMatchParser:129] WARN - Couldn't parse the given raw match line, because it is of an unexpected format.
2023-06-24 18:26:17,095 [amqEmbeddedWorkerJmsContainer-7] [uk.ac.ebi.interpro.scan.io.pirsf.hmmer3.PirsfHmmer3RawMatchParser:130] WARN - Unexpected Raw match line: 2 !  124.9   0.0     1e-39   1.7e-37     250     378 ..     290     420 ..     250     428 .. 0.90
2023-06-24 18:26:17,095 [amqEmbeddedWorkerJmsContainer-7] [uk.ac.ebi.interpro.scan.io.pirsf.hmmer3.PirsfHmmer3RawMatchParser:129] WARN - Couldn't parse the given raw match line, because it is of an unexpected format.
2023-06-24 18:26:17,095 [amqEmbeddedWorkerJmsContainer-7] [uk.ac.ebi.interpro.scan.io.pirsf.hmmer3.PirsfHmmer3RawMatchParser:130] WARN - Unexpected Raw match line: Query sequence: 610 matches PIRSF037677: DNA mismatch repair protein Msh6
2023-06-24 18:26:17,095 [amqEmbeddedWorkerJmsContainer-7] [uk.ac.ebi.interpro.scan.io.pirsf.hmmer3.PirsfHmmer3RawMatchParser:129] WARN - Couldn't parse the given raw match line, because it is of an unexpected format.
2023-06-24 18:26:17,096 [amqEmbeddedWorkerJmsContainer-7] [uk.ac.ebi.interpro.scan.io.pirsf.hmmer3.PirsfHmmer3RawMatchParser:130] WARN - Unexpected Raw match line: #    score  bias  c-Evalue  i-Evalue hmmfrom  hmm to    alifrom  ali to    envfrom  env to     acc
2023-06-24 18:26:17,096 [amqEmbeddedWorkerJmsContainer-7] [uk.ac.ebi.interpro.scan.io.pirsf.hmmer3.PirsfHmmer3RawMatchParser:129] WARN - Couldn't parse the given raw match line, because it is of an unexpected format.
2023-06-24 18:26:17,096 [amqEmbeddedWorkerJmsContainer-7] [uk.ac.ebi.interpro.scan.io.pirsf.hmmer3.PirsfHmmer3RawMatchParser:130] WARN - Unexpected Raw match line: 1 !  575.6   0.0  1.4e-176  9.1e-174     337    1206 ..      14     810 ..      11     827 .. 0.87
2023-06-24 18:26:17,096 [amqEmbeddedWorkerJmsContainer-7] [uk.ac.ebi.interpro.scan.io.pirsf.hmmer3.PirsfHmmer3RawMatchParser:129] WARN - Couldn't parse the given raw match line, because it is of an unexpected format.
2023-06-24 18:26:17,096 [amqEmbeddedWorkerJmsContainer-7] [uk.ac.ebi.interpro.scan.io.pirsf.hmmer3.PirsfHmmer3RawMatchParser:130] WARN - Unexpected Raw match line: Query sequence: 622 matches PIRSF000478: Thymidine phosphorylase/pyrimidine-nucleoside phosphorylase
2023-06-24 18:26:17,096 [amqEmbeddedWorkerJmsContainer-7] [uk.ac.ebi.interpro.scan.io.pirsf.hmmer3.PirsfHmmer3RawMatchParser:129] WARN - Couldn't parse the given raw match line, because it is of an unexpected format.
2023-06-24 18:26:17,096 [amqEmbeddedWorkerJmsContainer-7] [uk.ac.ebi.interpro.scan.io.pirsf.hmmer3.PirsfHmmer3RawMatchParser:130] WARN - Unexpected Raw match line: #    score  bias  c-Evalue  i-Evalue hmmfrom  hmm to    alifrom  ali to    envfrom  env to     acc
2023-06-24 18:26:17,096 [amqEmbeddedWorkerJmsContainer-7] [uk.ac.ebi.interpro.scan.io.pirsf.hmmer3.PirsfHmmer3RawMatchParser:129] WARN - Couldn't parse the given raw match line, because it is of an unexpected format.
2023-06-24 18:26:17,097 [amqEmbeddedWorkerJmsContainer-7] [uk.ac.ebi.interpro.scan.io.pirsf.hmmer3.PirsfHmmer3RawMatchParser:130] WARN - Unexpected Raw match line: 1 !  426.6   2.7  4.4e-132  2.8e-129       5     426 ..      86     496 ..      82     503 .. 0.97
2023-06-24 18:26:17,097 [amqEmbeddedWorkerJmsContainer-7] [uk.ac.ebi.interpro.scan.io.pirsf.hmmer3.PirsfHmmer3RawMatchParser:129] WARN - Couldn't parse the given raw match line, because it is of an unexpected format.
2023-06-24 18:26:17,097 [amqEmbeddedWorkerJmsContainer-7] [uk.ac.ebi.interpro.scan.io.pirsf.hmmer3.PirsfHmmer3RawMatchParser:130] WARN - Unexpected Raw match line: Query sequence: 640 matches PIRSF006444: Phenylacetate coenzyme a ligase, PaaK type
2023-06-24 18:26:17,097 [amqEmbeddedWorkerJmsContainer-7] [uk.ac.ebi.interpro.scan.io.pirsf.hmmer3.PirsfHmmer3RawMatchParser:129] WARN - Couldn't parse the given raw match line, because it is of an unexpected format.
2023-06-24 18:26:17,097 [amqEmbeddedWorkerJmsContainer-7] [uk.ac.ebi.interpro.scan.io.pirsf.hmmer3.PirsfHmmer3RawMatchParser:130] WARN - Unexpected Raw match line: #    score  bias  c-Evalue  i-Evalue hmmfrom  hmm to    alifrom  ali to    envfrom  env to     acc
2023-06-24 18:26:17,097 [amqEmbeddedWorkerJmsContainer-7] [uk.ac.ebi.interpro.scan.io.pirsf.hmmer3.PirsfHmmer3RawMatchParser:129] WARN - Couldn't parse the given raw match line, because it is of an unexpected format.
2023-06-24 18:26:17,097 [amqEmbeddedWorkerJmsContainer-7] [uk.ac.ebi.interpro.scan.io.pirsf.hmmer3.PirsfHmmer3RawMatchParser:130] WARN - Unexpected Raw match line: 1 !  653.6   0.0  1.8e-200  3.9e-198       5     438 ..      12     442 ..       8     443 .. 0.98
2023-06-24 18:26:17,097 [amqEmbeddedWorkerJmsContainer-7] [uk.ac.ebi.interpro.scan.io.pirsf.hmmer3.PirsfHmmer3RawMatchParser:129] WARN - Couldn't parse the given raw match line, because it is of an unexpected format.
2023-06-24 18:26:17,097 [amqEmbeddedWorkerJmsContainer-7] [uk.ac.ebi.interpro.scan.io.pirsf.hmmer3.PirsfHmmer3RawMatchParser:130] WARN - Unexpected Raw match line: Query sequence: 644 matches PIRSF000803: DNA polymerase II, small subunit, archaeal type
2023-06-24 18:26:17,097 [amqEmbeddedWorkerJmsContainer-7] [uk.ac.ebi.interpro.scan.io.pirsf.hmmer3.PirsfHmmer3RawMatchParser:129] WARN - Couldn't parse the given raw match line, because it is of an unexpected format.
2023-06-24 18:26:17,097 [amqEmbeddedWorkerJmsContainer-7] [uk.ac.ebi.interpro.scan.io.pirsf.hmmer3.PirsfHmmer3RawMatchParser:130] WARN - Unexpected Raw match line: #    score  bias  c-Evalue  i-Evalue hmmfrom  hmm to    alifrom  ali to    envfrom  env to     acc
2023-06-24 18:26:17,097 [amqEmbeddedWorkerJmsContainer-7] [uk.ac.ebi.interpro.scan.io.pirsf.hmmer3.PirsfHmmer3RawMatchParser:129] WARN - Couldn't parse the given raw match line, because it is of an unexpected format.
2023-06-24 18:26:17,097 [amqEmbeddedWorkerJmsContainer-7] [uk.ac.ebi.interpro.scan.io.pirsf.hmmer3.PirsfHmmer3RawMatchParser:130] WARN - Unexpected Raw match line: 1 !  563.7   0.0  3.8e-173  1.2e-170       9     533 ..      47     548 ..      39     549 .] 0.83
2023-06-24 18:26:17,097 [amqEmbeddedWorkerJmsContainer-7] [uk.ac.ebi.interpro.scan.io.pirsf.hmmer3.PirsfHmmer3RawMatchParser:129] WARN - Couldn't parse the given raw match line, because it is of an unexpected format.
2023-06-24 18:26:17,097 [amqEmbeddedWorkerJmsContainer-7] [uk.ac.ebi.interpro.scan.io.pirsf.hmmer3.PirsfHmmer3RawMatchParser:130] WARN - Unexpected Raw match line: Query sequence: 7 matches PIRSF001294: H(+)/K(+)-transporting ATPase, subunit A
2023-06-24 18:26:17,097 [amqEmbeddedWorkerJmsContainer-7] [uk.ac.ebi.interpro.scan.io.pirsf.hmmer3.PirsfHmmer3RawMatchParser:129] WARN - Couldn't parse the given raw match line, because it is of an unexpected format.
2023-06-24 18:26:17,097 [amqEmbeddedWorkerJmsContainer-7] [uk.ac.ebi.interpro.scan.io.pirsf.hmmer3.PirsfHmmer3RawMatchParser:130] WARN - Unexpected Raw match line: #    score  bias  c-Evalue  i-Evalue hmmfrom  hmm to    alifrom  ali to    envfrom  env to     acc
2023-06-24 18:26:17,097 [amqEmbeddedWorkerJmsContainer-7] [uk.ac.ebi.interpro.scan.io.pirsf.hmmer3.PirsfHmmer3RawMatchParser:129] WARN - Couldn't parse the given raw match line, because it is of an unexpected format.
2023-06-24 18:26:17,098 [amqEmbeddedWorkerJmsContainer-7] [uk.ac.ebi.interpro.scan.io.pirsf.hmmer3.PirsfHmmer3RawMatchParser:130] WARN - Unexpected Raw match line: 1 !  626.0  25.7  4.7e-192  1.5e-189       9     563 ..       7     560 ..       1     562 [. 0.98
2023-06-24 18:26:17,098 [amqEmbeddedWorkerJmsContainer-7] [uk.ac.ebi.interpro.scan.io.pirsf.hmmer3.PirsfHmmer3RawMatchParser:129] WARN - Couldn't parse the given raw match line, because it is of an unexpected format.
2023-06-24 18:26:17,098 [amqEmbeddedWorkerJmsContainer-7] [uk.ac.ebi.interpro.scan.io.pirsf.hmmer3.PirsfHmmer3RawMatchParser:130] WARN - Unexpected Raw match line: Query sequence: 85 matches PIRSF000106: Malic enzyme
2023-06-24 18:26:17,098 [amqEmbeddedWorkerJmsContainer-7] [uk.ac.ebi.interpro.scan.io.pirsf.hmmer3.PirsfHmmer3RawMatchParser:129] WARN - Couldn't parse the given raw match line, because it is of an unexpected format.
2023-06-24 18:26:17,098 [amqEmbeddedWorkerJmsContainer-7] [uk.ac.ebi.interpro.scan.io.pirsf.hmmer3.PirsfHmmer3RawMatchParser:130] WARN - Unexpected Raw match line: #    score  bias  c-Evalue  i-Evalue hmmfrom  hmm to    alifrom  ali to    envfrom  env to     acc
2023-06-24 18:26:17,098 [amqEmbeddedWorkerJmsContainer-7] [uk.ac.ebi.interpro.scan.io.pirsf.hmmer3.PirsfHmmer3RawMatchParser:129] WARN - Couldn't parse the given raw match line, because it is of an unexpected format.
2023-06-24 18:26:17,098 [amqEmbeddedWorkerJmsContainer-7] [uk.ac.ebi.interpro.scan.io.pirsf.hmmer3.PirsfHmmer3RawMatchParser:130] WARN - Unexpected Raw match line: 1 !  269.1   0.9   4.5e-84   2.9e-81     149     559 ..      64     412 ..      45     421 .. 0.92
2023-06-24 18:26:17,098 [amqEmbeddedWorkerJmsContainer-7] [uk.ac.ebi.interpro.scan.io.pirsf.hmmer3.PirsfHmmer3RawMatchParser:129] WARN - Couldn't parse the given raw match line, because it is of an unexpected format.
2023-06-24 18:26:17,098 [amqEmbeddedWorkerJmsContainer-7] [uk.ac.ebi.interpro.scan.io.pirsf.hmmer3.PirsfHmmer3RawMatchParser:130] WARN - Unexpected Raw match line: Query sequence: 95 matches PIRSF000144: Predicted molybdopterin-dependent dehydrogenase
2023-06-24 18:26:17,098 [amqEmbeddedWorkerJmsContainer-7] [uk.ac.ebi.interpro.scan.io.pirsf.hmmer3.PirsfHmmer3RawMatchParser:129] WARN - Couldn't parse the given raw match line, because it is of an unexpected format.
2023-06-24 18:26:17,098 [amqEmbeddedWorkerJmsContainer-7] [uk.ac.ebi.interpro.scan.io.pirsf.hmmer3.PirsfHmmer3RawMatchParser:130] WARN - Unexpected Raw match line: #    score  bias  c-Evalue  i-Evalue hmmfrom  hmm to    alifrom  ali to    envfrom  env to     acc
2023-06-24 18:26:17,098 [amqEmbeddedWorkerJmsContainer-7] [uk.ac.ebi.interpro.scan.io.pirsf.hmmer3.PirsfHmmer3RawMatchParser:129] WARN - Couldn't parse the given raw match line, because it is of an unexpected format.
2023-06-24 18:26:17,098 [amqEmbeddedWorkerJmsContainer-7] [uk.ac.ebi.interpro.scan.io.pirsf.hmmer3.PirsfHmmer3RawMatchParser:130] WARN - Unexpected Raw match line: 1 !  204.7   0.0   3.9e-64   6.3e-62     112     765 ..     119     740 ..     116     742 .] 0.82
2023-06-24 18:26:17,098 [amqEmbeddedWorkerJmsContainer-7] [uk.ac.ebi.interpro.scan.io.pirsf.hmmer3.PirsfHmmer3RawMatchParser:129] WARN - Couldn't parse the given raw match line, because it is of an unexpected format.
2023-06-24 18:26:17,098 [amqEmbeddedWorkerJmsContainer-7] [uk.ac.ebi.interpro.scan.io.pirsf.hmmer3.PirsfHmmer3RawMatchParser:130] WARN - Unexpected Raw match line: Query sequence: 98 matches PIRSF001336: Arginine decarboxylase
2023-06-24 18:26:17,099 [amqEmbeddedWorkerJmsContainer-7] [uk.ac.ebi.interpro.scan.io.pirsf.hmmer3.PirsfHmmer3RawMatchParser:129] WARN - Couldn't parse the given raw match line, because it is of an unexpected format.
2023-06-24 18:26:17,099 [amqEmbeddedWorkerJmsContainer-7] [uk.ac.ebi.interpro.scan.io.pirsf.hmmer3.PirsfHmmer3RawMatchParser:130] WARN - Unexpected Raw match line: #    score  bias  c-Evalue  i-Evalue hmmfrom  hmm to    alifrom  ali to    envfrom  env to     acc
2023-06-24 18:26:17,100 [amqEmbeddedWorkerJmsContainer-7] [uk.ac.ebi.interpro.scan.io.pirsf.hmmer3.PirsfHmmer3RawMatchParser:129] WARN - Couldn't parse the given raw match line, because it is of an unexpected format.
2023-06-24 18:26:17,100 [amqEmbeddedWorkerJmsContainer-7] [uk.ac.ebi.interpro.scan.io.pirsf.hmmer3.PirsfHmmer3RawMatchParser:130] WARN - Unexpected Raw match line: 1 !  737.0   0.1  9.9e-226  6.4e-223      12     641 ..      15     639 ..       6     642 .. 0.96
24/06/2023 18:48:49:701 100% done:  InterProScan analyses completed 

2023-06-24 18:48:50,204 [main] [uk.ac.ebi.interpro.scan.jms.master.AbstractMaster:259] WARN - Master process unable to delete temporary directory /projects/raw_lab/jobs/metacerberus/temp/str-c105.uncc.edu_20230624_182509148_h16p
5525.48user 405.80system 23:45.67elapsed 416%CPU (0avgtext+0avgdata 3634896maxresident)k
3612184inputs+2204560outputs (842major+28836605minor)pagefaults 0swaps

======================================================
End Time   : Sat Jun 24 18:48:50 EDT 2023
Run Time   : 1426 seconds
======================================================

