=====================================================
Start Time  : Wed Jun 28 12:02:54 EDT 2023
Submit Dir  : /projects/raw_lab/jobs/metacerberus
Job ID/Name : 4041484 / PROKKA
Node List   : str-c93
Num Tasks   : 1 total [1 nodes @ 16 CPUs/node]
======================================================

Loading prokka/1.14.6
  Loading requirement: anaconda3/2022.10
======================================================
Running PROKKA On GTDB-100/genomes/archaea/GCA_016180665.1.fna
======================================================
Archaea
[12:02:56] This is prokka 1.14.6
[12:02:56] Written by Torsten Seemann <torsten.seemann@gmail.com>
[12:02:56] Homepage is https://github.com/tseemann/prokka
[12:02:56] Local time is Wed Jun 28 12:02:56 2023
[12:02:56] You are jlfiguer
[12:02:56] Operating system is linux
[12:02:56] You have BioPerl 1.7.8
Argument "1.7.8" isn't numeric in numeric lt (<) at /apps/pkg/anaconda3/2022.10/envs/prokka-1.14.6/bin/prokka line 259.
[12:02:56] System has 16 cores.
[12:02:56] Will use maximum of 16 cores.
[12:02:56] Annotating as >>> Archaea <<<
[12:02:56] Generating locus_tag from 'GTDB-100/genomes/archaea/GCA_016180665.1.fna' contents.
[12:02:56] Setting --locustag KBNIKMGB from MD5 4b72460b9747aa70cbf37a0f3f7dfc84
[12:02:56] Creating new output folder: results/PROKKA/GTDB-100/genomes/archaea/GCA_016180665.1
[12:02:56] Running: mkdir -p results\/PROKKA\/GTDB\-100\/genomes\/archaea\/GCA_016180665\.1
[12:02:56] Using filename prefix: GCA_016180665.1.XXX
[12:02:56] Setting HMMER_NCPU=1
[12:02:56] Writing log to: results/PROKKA/GTDB-100/genomes/archaea/GCA_016180665.1/GCA_016180665.1.log
[12:02:56] Command: /apps/pkg/anaconda3/2022.10/envs/prokka-1.14.6/bin/prokka --prefix GCA_016180665.1 --outdir results/PROKKA/GTDB-100/genomes/archaea/GCA_016180665.1 --kingdom Archaea --cpus 16 GTDB-100/genomes/archaea/GCA_016180665.1.fna
[12:02:56] Appending to PATH: /apps/pkg/anaconda3/2022.10/envs/prokka-1.14.6/bin
[12:02:56] Looking for 'aragorn' - found /apps/pkg/anaconda3/2022.10/envs/prokka-1.14.6/bin/aragorn
[12:02:56] Determined aragorn version is 001002 from 'ARAGORN v1.2.41 Dean Laslett'
[12:02:56] Looking for 'barrnap' - found /apps/pkg/anaconda3/2022.10/envs/prokka-1.14.6/bin/barrnap
[12:02:56] Determined barrnap version is 000009 from 'barrnap 0.9'
[12:02:56] Looking for 'blastp' - found /apps/pkg/anaconda3/2022.10/envs/prokka-1.14.6/bin/blastp
[12:02:56] Determined blastp version is 002013 from 'blastp: 2.13.0+'
[12:02:56] Looking for 'cmpress' - found /apps/pkg/anaconda3/2022.10/envs/prokka-1.14.6/bin/cmpress
[12:02:56] Determined cmpress version is 001001 from '# INFERNAL 1.1.4 (Dec 2020)'
[12:02:56] Looking for 'cmscan' - found /apps/pkg/anaconda3/2022.10/envs/prokka-1.14.6/bin/cmscan
[12:02:56] Determined cmscan version is 001001 from '# INFERNAL 1.1.4 (Dec 2020)'
[12:02:56] Looking for 'egrep' - found /usr/bin/egrep
[12:02:56] Looking for 'find' - found /usr/bin/find
[12:02:56] Looking for 'grep' - found /usr/bin/grep
[12:02:56] Looking for 'hmmpress' - found /apps/pkg/anaconda3/2022.10/envs/prokka-1.14.6/bin/hmmpress
[12:02:56] Determined hmmpress version is 003003 from '# HMMER 3.3.2 (Nov 2020); http://hmmer.org/'
[12:02:56] Looking for 'hmmscan' - found /apps/pkg/anaconda3/2022.10/envs/prokka-1.14.6/bin/hmmscan
[12:02:56] Determined hmmscan version is 003003 from '# HMMER 3.3.2 (Nov 2020); http://hmmer.org/'
[12:02:56] Looking for 'java' - found /apps/pkg/anaconda3/2022.10/envs/prokka-1.14.6/bin/java
[12:02:56] Looking for 'makeblastdb' - found /apps/pkg/anaconda3/2022.10/envs/prokka-1.14.6/bin/makeblastdb
[12:02:56] Determined makeblastdb version is 002013 from 'makeblastdb: 2.13.0+'
[12:02:56] Looking for 'minced' - found /apps/pkg/anaconda3/2022.10/envs/prokka-1.14.6/bin/minced
[12:02:56] Determined minced version is 004002 from 'minced 0.4.2'
[12:02:56] Looking for 'parallel' - found /apps/pkg/anaconda3/2022.10/envs/prokka-1.14.6/bin/parallel
[12:02:56] Determined parallel version is 20230122 from 'GNU parallel 20230122'
[12:02:56] Looking for 'prodigal' - found /apps/pkg/anaconda3/2022.10/envs/prokka-1.14.6/bin/prodigal
[12:02:56] Determined prodigal version is 002006 from 'Prodigal V2.6.3: February, 2016'
[12:02:56] Looking for 'prokka-genbank_to_fasta_db' - found /apps/pkg/anaconda3/2022.10/envs/prokka-1.14.6/bin/prokka-genbank_to_fasta_db
[12:02:56] Looking for 'sed' - found /usr/bin/sed
[12:02:56] Looking for 'tbl2asn' - found /apps/pkg/anaconda3/2022.10/envs/prokka-1.14.6/bin/tbl2asn
[12:02:56] Determined tbl2asn version is 025007 from 'tbl2asn 25.7   arguments:'
[12:02:56] Using genetic code table 11.
[12:02:56] Loading and checking input file: GTDB-100/genomes/archaea/GCA_016180665.1.fna
[12:02:57] Wrote 144 contigs totalling 828957 bp.
[12:02:57] Predicting tRNAs and tmRNAs
[12:02:57] Running: aragorn -l -gc11  -w results\/PROKKA\/GTDB\-100\/genomes\/archaea\/GCA_016180665\.1\/GCA_016180665\.1\.fna
[12:02:57] Found 0 tRNAs
[12:02:57] Predicting Ribosomal RNAs
[12:02:57] Running Barrnap with 16 threads
[12:02:57] 1 JACPAS010000121.1 4558 5S ribosomal RNA
[12:02:57] Found 1 rRNAs
[12:02:57] Skipping ncRNA search, enable with --rfam if desired.
[12:02:57] Total of 1 tRNA + rRNA features
[12:02:57] Searching for CRISPR repeats
[12:02:57] Found 0 CRISPRs
[12:02:57] Predicting coding sequences
[12:02:57] Contigs total 828957 bp, so using single mode
[12:02:57] Running: prodigal -i results\/PROKKA\/GTDB\-100\/genomes\/archaea\/GCA_016180665\.1\/GCA_016180665\.1\.fna -c -m -g 11 -p single -f sco -q
[12:02:58] Found 905 CDS
[12:02:58] Connecting features back to sequences
[12:02:58] Not using genus-specific database. Try --usegenus to enable it.
[12:02:58] Annotating CDS, please be patient.
[12:02:58] Will use 16 CPUs for similarity searching.
[12:02:58] There are still 905 unannotated CDS left (started with 905)
[12:02:58] Will use blast to search against /apps/pkg/anaconda3/2022.10/envs/prokka-1.14.6/db/kingdom/Archaea/sprot with 16 CPUs
[12:02:58] Running: cat results\/PROKKA\/GTDB\-100\/genomes\/archaea\/GCA_016180665\.1\/GCA_016180665\.1\.sprot\.tmp\.1388805\.faa | parallel --gnu --plain -j 16 --block 7138 --recstart '>' --pipe blastp -query - -db /apps/pkg/anaconda3/2022.10/envs/prokka-1.14.6/db/kingdom/Archaea/sprot -evalue 1e-09 -qcov_hsp_perc 80 -num_threads 1 -num_descriptions 1 -num_alignments 1 -seg no > results\/PROKKA\/GTDB\-100\/genomes\/archaea\/GCA_016180665\.1\/GCA_016180665\.1\.sprot\.tmp\.1388805\.blast 2> /dev/null
[12:02:59] Modify product: Probable branched-chain amino acid transport ATP-binding protein LivG => putative branched-chain amino acid transport ATP-binding protein LivG
[12:02:59] Modify product: ATP-dependent DNA helicase Ta0057 => ATP-dependent DNA helicase
[12:02:59] Modify product: Probable aquaporin AqpM => putative aquaporin AqpM
[12:02:59] Modify product: Putative ankyrin repeat protein TV1425 => Putative ankyrin repeat protein
[12:02:59] Modify product: UPF0273 protein PH0284 => hypothetical protein
[12:02:59] Modify product: UPF0273 protein PH0284 => hypothetical protein
[12:02:59] Modify product: Bifunctional protein FolD => Bifunctional protein FolD protein
[12:02:59] Modify product: Uncharacterized protein MJ0039 => putative protein
[12:02:59] Modify product: Ribosome maturation protein SDO1 homolog => Ribosome maturation protein SDO1 
[12:02:59] Modify product: Uncharacterized protein MJ0922 => putative protein
[12:02:59] Modify product: UPF0235 protein MTH_637 => hypothetical protein
[12:02:59] Modify product: Probable translation initiation factor IF-2 => putative translation initiation factor IF-2
[12:02:59] Modify product: Uncharacterized protein AF_1796 => putative protein
[12:02:59] Modify product: Uncharacterized ABC transporter ATP-binding protein MJ0796 => putative ABC transporter ATP-binding protein
[12:02:59] Modify product: Protein pelota homolog => Protein pelota 
[12:02:59] Modify product: Probable copper-exporting P-type ATPase => putative copper-exporting P-type ATPase
[12:02:59] Modify product: Probable deoxyhypusine synthase => putative deoxyhypusine synthase
[12:02:59] Modify product: Zinc metalloprotease TldD homolog => Zinc metalloprotease TldD 
[12:02:59] Modify product: Probable tRNA pseudouridine synthase B => putative tRNA pseudouridine synthase B
[12:02:59] Modify product: Chlorinase MJ1651 => Chlorinase
[12:02:59] Modify product: Uncharacterized protein MJ0783 => putative protein
[12:02:59] Modify product: Probable phosphoenolpyruvate synthase => putative phosphoenolpyruvate synthase
[12:02:59] Modify product: Uncharacterized NOP5 family protein MJ0694 => putative NOP5 family protein
[12:02:59] Cleaned 23 /product names
[12:02:59] Deleting unwanted file: results/PROKKA/GTDB-100/genomes/archaea/GCA_016180665.1/GCA_016180665.1.sprot.tmp.1388805.faa
[12:02:59] Deleting unwanted file: results/PROKKA/GTDB-100/genomes/archaea/GCA_016180665.1/GCA_016180665.1.sprot.tmp.1388805.blast
[12:03:00] There are still 686 unannotated CDS left (started with 905)
[12:03:00] Will use hmmer3 to search against /apps/pkg/anaconda3/2022.10/envs/prokka-1.14.6/db/hmm/HAMAP.hmm with 16 CPUs
[12:03:00] Running: cat results\/PROKKA\/GTDB\-100\/genomes\/archaea\/GCA_016180665\.1\/GCA_016180665\.1\.HAMAP\.hmm\.tmp\.1388805\.faa | parallel --gnu --plain -j 16 --block 5180 --recstart '>' --pipe hmmscan --noali --notextw --acc -E 1e-09 --cpu 1 /apps/pkg/anaconda3/2022.10/envs/prokka-1.14.6/db/hmm/HAMAP.hmm /dev/stdin > results\/PROKKA\/GTDB\-100\/genomes\/archaea\/GCA_016180665\.1\/GCA_016180665\.1\.HAMAP\.hmm\.tmp\.1388805\.hmmer3 2> /dev/null
[12:03:04] Deleting unwanted file: results/PROKKA/GTDB-100/genomes/archaea/GCA_016180665.1/GCA_016180665.1.HAMAP.hmm.tmp.1388805.faa
[12:03:04] Deleting unwanted file: results/PROKKA/GTDB-100/genomes/archaea/GCA_016180665.1/GCA_016180665.1.HAMAP.hmm.tmp.1388805.hmmer3
[12:03:04] Labelling remaining 597 proteins as 'hypothetical protein'
[12:03:04] Possible /pseudo 'Agmatine deiminase' at JACPAS010000082.1 position 912
[12:03:04] Possible /pseudo 'Alanine--tRNA ligase' at JACPAS010000034.1 position 2179
[12:03:04] Possible /pseudo 'Alanine--tRNA ligase' at JACPAS010000034.1 position 3187
[12:03:04] Possible /pseudo 'Protein translocase subunit SecY' at JACPAS010000054.1 position 3954
[12:03:04] Possible /pseudo 'Replication factor C large subunit' at JACPAS010000140.1 position 958
[12:03:04] Possible /pseudo 'Proteasome subunit alpha' at JACPAS010000047.1 position 9608
[12:03:04] Possible /pseudo 'Elongation factor 1-alpha' at JACPAS010000048.1 position 5943
[12:03:04] Possible /pseudo 'ATP-dependent zinc metalloprotease FtsH' at JACPAS010000052.1 position 1096
[12:03:04] Found 225 unique /gene codes.
[12:03:04] Fixed 2 duplicate /gene - aglJ_1 aglJ_2
[12:03:04] Fixed 2 duplicate /gene - aguA_1 aguA_2
[12:03:04] Fixed 3 duplicate /gene - ftsH_1 ftsH_2 ftsH_3
[12:03:04] Fixed 2 duplicate /gene - argH_1 argH_2
[12:03:04] Fixed 2 duplicate /gene - sufS_1 sufS_2
[12:03:04] Fixed 2 duplicate /gene - hydG_1 hydG_2
[12:03:04] Fixed 2 duplicate /gene - glmU_1 glmU_2
[12:03:04] Fixed 2 duplicate /gene - mshA_1 mshA_2
[12:03:04] Fixed 2 duplicate /gene - secY_1 secY_2
[12:03:04] Fixed 2 duplicate /gene - purP_1 purP_2
[12:03:04] Fixed 2 duplicate /gene - smc_1 smc_2
[12:03:04] Fixed 3 duplicate /gene - alaS_1 alaS_2 alaS_3
[12:03:04] Fixed 2 duplicate /gene - msrB_1 msrB_2
[12:03:04] Fixed 2 duplicate /gene - tuf_1 tuf_2
[12:03:04] Fixed 2 duplicate /gene - arnB_1 arnB_2
[12:03:04] Fixed 2 duplicate /gene - hldD_1 hldD_2
[12:03:04] Fixed 2 duplicate /gene - rfcL_1 rfcL_2
[12:03:04] Fixed 2 duplicate /gene - dbpA_1 dbpA_2
[12:03:04] Fixed 2 duplicate /gene - mntR_1 mntR_2
[12:03:04] Fixed 19 colliding /gene names.
[12:03:04] Adding /locus_tag identifiers
[12:03:04] Assigned 906 locus_tags to CDS and RNA features.
[12:03:04] Writing outputs to results/PROKKA/GTDB-100/genomes/archaea/GCA_016180665.1/
[12:03:04] Generating annotation statistics file
[12:03:04] Generating Genbank and Sequin files
[12:03:04] Running: tbl2asn -V b -a r10k -l paired-ends -M n -N 1 -y 'Annotated using prokka 1.14.6 from https://github.com/tseemann/prokka' -Z results\/PROKKA\/GTDB\-100\/genomes\/archaea\/GCA_016180665\.1\/GCA_016180665\.1\.err -i results\/PROKKA\/GTDB\-100\/genomes\/archaea\/GCA_016180665\.1\/GCA_016180665\.1\.fsa 2> /dev/null
[tbl2asn-forever] Found Prokka input, correcting dates in .gbf|.sqn files.
[tbl2asn-forever] Correcting dates in results/PROKKA/GTDB-100/genomes/archaea/GCA_016180665.1/GCA_016180665.1.gbf
[tbl2asn-forever] Correcting dates in results/PROKKA/GTDB-100/genomes/archaea/GCA_016180665.1/GCA_016180665.1.sqn
[tbl2asn-forever] Dates changed from 01-JAN-2019 to 28-JUN-2023
[12:03:06] Deleting unwanted file: results/PROKKA/GTDB-100/genomes/archaea/GCA_016180665.1/errorsummary.val
[12:03:06] Deleting unwanted file: results/PROKKA/GTDB-100/genomes/archaea/GCA_016180665.1/GCA_016180665.1.dr
[12:03:06] Deleting unwanted file: results/PROKKA/GTDB-100/genomes/archaea/GCA_016180665.1/GCA_016180665.1.fixedproducts
[12:03:06] Deleting unwanted file: results/PROKKA/GTDB-100/genomes/archaea/GCA_016180665.1/GCA_016180665.1.ecn
[12:03:06] Deleting unwanted file: results/PROKKA/GTDB-100/genomes/archaea/GCA_016180665.1/GCA_016180665.1.val
[12:03:06] Repairing broken .GBK output that tbl2asn produces...
[12:03:06] Running: sed 's/COORDINATES: profile/COORDINATES:profile/' < results\/PROKKA\/GTDB\-100\/genomes\/archaea\/GCA_016180665\.1\/GCA_016180665\.1\.gbf > results\/PROKKA\/GTDB\-100\/genomes\/archaea\/GCA_016180665\.1\/GCA_016180665\.1\.gbk
[12:03:06] Deleting unwanted file: results/PROKKA/GTDB-100/genomes/archaea/GCA_016180665.1/GCA_016180665.1.gbf
[12:03:06] Output files:
[12:03:06] results/PROKKA/GTDB-100/genomes/archaea/GCA_016180665.1/GCA_016180665.1.log
[12:03:06] results/PROKKA/GTDB-100/genomes/archaea/GCA_016180665.1/GCA_016180665.1.fna
[12:03:06] results/PROKKA/GTDB-100/genomes/archaea/GCA_016180665.1/GCA_016180665.1.gff
[12:03:06] results/PROKKA/GTDB-100/genomes/archaea/GCA_016180665.1/GCA_016180665.1.faa
[12:03:06] results/PROKKA/GTDB-100/genomes/archaea/GCA_016180665.1/GCA_016180665.1.ffn
[12:03:06] results/PROKKA/GTDB-100/genomes/archaea/GCA_016180665.1/GCA_016180665.1.tbl
[12:03:06] results/PROKKA/GTDB-100/genomes/archaea/GCA_016180665.1/GCA_016180665.1.fsa
[12:03:06] results/PROKKA/GTDB-100/genomes/archaea/GCA_016180665.1/GCA_016180665.1.tsv
[12:03:06] results/PROKKA/GTDB-100/genomes/archaea/GCA_016180665.1/GCA_016180665.1.txt
[12:03:06] results/PROKKA/GTDB-100/genomes/archaea/GCA_016180665.1/GCA_016180665.1.err
[12:03:06] results/PROKKA/GTDB-100/genomes/archaea/GCA_016180665.1/GCA_016180665.1.sqn
[12:03:06] results/PROKKA/GTDB-100/genomes/archaea/GCA_016180665.1/GCA_016180665.1.gbk
[12:03:06] Annotation finished successfully.
[12:03:06] Walltime used: 0.17 minutes
[12:03:06] If you use this result please cite the Prokka paper:
[12:03:06] Seemann T (2014) Prokka: rapid prokaryotic genome annotation. Bioinformatics. 30(14):2068-9.
[12:03:06] Type 'prokka --citation' for more details.
[12:03:06] Thank you, come again.
41.55user 20.11system 0:09.94elapsed 620%CPU (0avgtext+0avgdata 155940maxresident)k
21088inputs+87576outputs (8major+4085885minor)pagefaults 0swaps

======================================================
End Time   : Wed Jun 28 12:03:06 EDT 2023
Run Time   : 12 seconds
======================================================

