=====================================================
Start Time  : Sat Jul  1 17:14:58 EDT 2023
Submit Dir  : /projects/raw_lab/jobs/metacerberus
Job ID/Name : 4128886 / PROKKA
Node List   : str-c100
Num Tasks   : 1 total [1 nodes @ 16 CPUs/node]
======================================================

Loading prokka/1.14.6
  Loading requirement: anaconda3/2022.10
======================================================
Running PROKKA On VIRAL_ARCHAEA/KC292024.fna
======================================================
Viruses
[17:15:00] This is prokka 1.14.6
[17:15:00] Written by Torsten Seemann <torsten.seemann@gmail.com>
[17:15:00] Homepage is https://github.com/tseemann/prokka
[17:15:00] Local time is Sat Jul  1 17:15:00 2023
[17:15:00] You are jlfiguer
[17:15:00] Operating system is linux
[17:15:00] You have BioPerl 1.7.8
Argument "1.7.8" isn't numeric in numeric lt (<) at /apps/pkg/anaconda3/2022.10/envs/prokka-1.14.6/bin/prokka line 259.
[17:15:00] System has 16 cores.
[17:15:00] Will use maximum of 16 cores.
[17:15:00] Annotating as >>> Viruses <<<
[17:15:00] Generating locus_tag from 'VIRAL_ARCHAEA/KC292024.fna' contents.
[17:15:00] Setting --locustag IMBIKMDO from MD5 26b246d8cb94b355c7780ae1df7059c6
[17:15:00] Creating new output folder: results/PROKKA/VIRAL_ARCHAEA/KC292024
[17:15:00] Running: mkdir -p results\/PROKKA\/VIRAL_ARCHAEA\/KC292024
[17:15:00] Using filename prefix: KC292024.XXX
[17:15:00] Setting HMMER_NCPU=1
[17:15:00] Writing log to: results/PROKKA/VIRAL_ARCHAEA/KC292024/KC292024.log
[17:15:00] Command: /apps/pkg/anaconda3/2022.10/envs/prokka-1.14.6/bin/prokka --prefix KC292024 --outdir results/PROKKA/VIRAL_ARCHAEA/KC292024 --kingdom Viruses --cpus 16 VIRAL_ARCHAEA/KC292024.fna
[17:15:00] Appending to PATH: /apps/pkg/anaconda3/2022.10/envs/prokka-1.14.6/bin
[17:15:00] Looking for 'aragorn' - found /apps/pkg/anaconda3/2022.10/envs/prokka-1.14.6/bin/aragorn
[17:15:00] Determined aragorn version is 001002 from 'ARAGORN v1.2.41 Dean Laslett'
[17:15:00] Looking for 'barrnap' - found /apps/pkg/anaconda3/2022.10/envs/prokka-1.14.6/bin/barrnap
[17:15:00] Determined barrnap version is 000009 from 'barrnap 0.9'
[17:15:00] Looking for 'blastp' - found /apps/pkg/anaconda3/2022.10/envs/prokka-1.14.6/bin/blastp
[17:15:00] Determined blastp version is 002013 from 'blastp: 2.13.0+'
[17:15:00] Looking for 'cmpress' - found /apps/pkg/anaconda3/2022.10/envs/prokka-1.14.6/bin/cmpress
[17:15:00] Determined cmpress version is 001001 from '# INFERNAL 1.1.4 (Dec 2020)'
[17:15:00] Looking for 'cmscan' - found /apps/pkg/anaconda3/2022.10/envs/prokka-1.14.6/bin/cmscan
[17:15:00] Determined cmscan version is 001001 from '# INFERNAL 1.1.4 (Dec 2020)'
[17:15:00] Looking for 'egrep' - found /usr/bin/egrep
[17:15:00] Looking for 'find' - found /usr/bin/find
[17:15:00] Looking for 'grep' - found /usr/bin/grep
[17:15:00] Looking for 'hmmpress' - found /apps/pkg/anaconda3/2022.10/envs/prokka-1.14.6/bin/hmmpress
[17:15:00] Determined hmmpress version is 003003 from '# HMMER 3.3.2 (Nov 2020); http://hmmer.org/'
[17:15:00] Looking for 'hmmscan' - found /apps/pkg/anaconda3/2022.10/envs/prokka-1.14.6/bin/hmmscan
[17:15:00] Determined hmmscan version is 003003 from '# HMMER 3.3.2 (Nov 2020); http://hmmer.org/'
[17:15:00] Looking for 'java' - found /apps/pkg/anaconda3/2022.10/envs/prokka-1.14.6/bin/java
[17:15:00] Looking for 'makeblastdb' - found /apps/pkg/anaconda3/2022.10/envs/prokka-1.14.6/bin/makeblastdb
[17:15:00] Determined makeblastdb version is 002013 from 'makeblastdb: 2.13.0+'
[17:15:00] Looking for 'minced' - found /apps/pkg/anaconda3/2022.10/envs/prokka-1.14.6/bin/minced
[17:15:00] Determined minced version is 004002 from 'minced 0.4.2'
[17:15:00] Looking for 'parallel' - found /apps/pkg/anaconda3/2022.10/envs/prokka-1.14.6/bin/parallel
[17:15:00] Determined parallel version is 20230122 from 'GNU parallel 20230122'
[17:15:00] Looking for 'prodigal' - found /apps/pkg/anaconda3/2022.10/envs/prokka-1.14.6/bin/prodigal
[17:15:00] Determined prodigal version is 002006 from 'Prodigal V2.6.3: February, 2016'
[17:15:00] Looking for 'prokka-genbank_to_fasta_db' - found /apps/pkg/anaconda3/2022.10/envs/prokka-1.14.6/bin/prokka-genbank_to_fasta_db
[17:15:00] Looking for 'sed' - found /usr/bin/sed
[17:15:00] Looking for 'tbl2asn' - found /apps/pkg/anaconda3/2022.10/envs/prokka-1.14.6/bin/tbl2asn
[17:15:00] Determined tbl2asn version is 025007 from 'tbl2asn 25.7   arguments:'
[17:15:00] Using genetic code table 1.
[17:15:00] Loading and checking input file: VIRAL_ARCHAEA/KC292024.fna
[17:15:00] Wrote 1 contigs totalling 52643 bp.
[17:15:00] Predicting tRNAs and tmRNAs
[17:15:00] Running: aragorn -l -gc1  -w results\/PROKKA\/VIRAL_ARCHAEA\/KC292024\/KC292024\.fna
[17:15:00] Found 0 tRNAs
[17:15:00] Disabling rRNA search: --kingdom=Viruses or --norrna=0
[17:15:00] Skipping ncRNA search, enable with --rfam if desired.
[17:15:00] Total of 0 tRNA + rRNA features
[17:15:00] Searching for CRISPR repeats
[17:15:00] Found 0 CRISPRs
[17:15:00] Predicting coding sequences
[17:15:00] Contigs total 52643 bp, so using meta mode
[17:15:00] Running: prodigal -i results\/PROKKA\/VIRAL_ARCHAEA\/KC292024\/KC292024\.fna -c -m -g 1 -p meta -f sco -q
[17:15:01] Found 82 CDS
[17:15:01] Connecting features back to sequences
[17:15:01] Not using genus-specific database. Try --usegenus to enable it.
[17:15:01] Annotating CDS, please be patient.
[17:15:01] Will use 16 CPUs for similarity searching.

--------------------- WARNING ---------------------
MSG: Seq [KC292024.1]: Not using a valid initiator codon!
---------------------------------------------------

--------------------- WARNING ---------------------
MSG: Seq [KC292024.1]: Not using a valid initiator codon!
---------------------------------------------------

--------------------- WARNING ---------------------
MSG: Seq [KC292024.1]: Not using a valid initiator codon!
---------------------------------------------------

--------------------- WARNING ---------------------
MSG: Seq [KC292024.1]: Not using a valid initiator codon!
---------------------------------------------------

--------------------- WARNING ---------------------
MSG: Seq [KC292024.1]: Not using a valid initiator codon!
---------------------------------------------------

--------------------- WARNING ---------------------
MSG: Seq [KC292024.1]: Not using a valid initiator codon!
---------------------------------------------------

--------------------- WARNING ---------------------
MSG: Seq [KC292024.1]: Not using a valid initiator codon!
---------------------------------------------------

--------------------- WARNING ---------------------
MSG: Seq [KC292024.1]: Not using a valid initiator codon!
---------------------------------------------------

--------------------- WARNING ---------------------
MSG: Seq [KC292024.1]: Not using a valid initiator codon!
---------------------------------------------------
[17:15:01] There are still 82 unannotated CDS left (started with 82)
[17:15:01] Will use blast to search against /apps/pkg/anaconda3/2022.10/envs/prokka-1.14.6/db/kingdom/Viruses/sprot with 16 CPUs
[17:15:01] Running: cat results\/PROKKA\/VIRAL_ARCHAEA\/KC292024\/KC292024\.sprot\.tmp\.635687\.faa | parallel --gnu --plain -j 16 --block 521 --recstart '>' --pipe blastp -query - -db /apps/pkg/anaconda3/2022.10/envs/prokka-1.14.6/db/kingdom/Viruses/sprot -evalue 1e-09 -qcov_hsp_perc 80 -num_threads 1 -num_descriptions 1 -num_alignments 1 -seg no > results\/PROKKA\/VIRAL_ARCHAEA\/KC292024\/KC292024\.sprot\.tmp\.635687\.blast 2> /dev/null
[17:15:01] Deleting unwanted file: results/PROKKA/VIRAL_ARCHAEA/KC292024/KC292024.sprot.tmp.635687.faa
[17:15:01] Deleting unwanted file: results/PROKKA/VIRAL_ARCHAEA/KC292024/KC292024.sprot.tmp.635687.blast
[17:15:01] Labelling remaining 82 proteins as 'hypothetical protein'
[17:15:01] Found 0 unique /gene codes.
[17:15:01] Fixed 0 colliding /gene names.
[17:15:01] Adding /locus_tag identifiers
[17:15:01] Assigned 82 locus_tags to CDS and RNA features.
[17:15:01] Writing outputs to results/PROKKA/VIRAL_ARCHAEA/KC292024/

--------------------- WARNING ---------------------
MSG: Seq [IMBIKMDO_00005]: Not using a valid initiator codon!
---------------------------------------------------

--------------------- WARNING ---------------------
MSG: Seq [IMBIKMDO_00011]: Not using a valid initiator codon!
---------------------------------------------------

--------------------- WARNING ---------------------
MSG: Seq [IMBIKMDO_00013]: Not using a valid initiator codon!
---------------------------------------------------

--------------------- WARNING ---------------------
MSG: Seq [IMBIKMDO_00015]: Not using a valid initiator codon!
---------------------------------------------------

--------------------- WARNING ---------------------
MSG: Seq [IMBIKMDO_00025]: Not using a valid initiator codon!
---------------------------------------------------

--------------------- WARNING ---------------------
MSG: Seq [IMBIKMDO_00027]: Not using a valid initiator codon!
---------------------------------------------------

--------------------- WARNING ---------------------
MSG: Seq [IMBIKMDO_00031]: Not using a valid initiator codon!
---------------------------------------------------

--------------------- WARNING ---------------------
MSG: Seq [IMBIKMDO_00035]: Not using a valid initiator codon!
---------------------------------------------------

--------------------- WARNING ---------------------
MSG: Seq [IMBIKMDO_00045]: Not using a valid initiator codon!
---------------------------------------------------
[17:15:01] Generating annotation statistics file
[17:15:01] Generating Genbank and Sequin files
[17:15:01] Running: tbl2asn -V b -a r10k -l paired-ends -M n -N 1 -y 'Annotated using prokka 1.14.6 from https://github.com/tseemann/prokka' -Z results\/PROKKA\/VIRAL_ARCHAEA\/KC292024\/KC292024\.err -i results\/PROKKA\/VIRAL_ARCHAEA\/KC292024\/KC292024\.fsa 2> /dev/null
[tbl2asn-forever] Found Prokka input, correcting dates in .gbf|.sqn files.
[tbl2asn-forever] Correcting dates in results/PROKKA/VIRAL_ARCHAEA/KC292024/KC292024.gbf
[tbl2asn-forever] Correcting dates in results/PROKKA/VIRAL_ARCHAEA/KC292024/KC292024.sqn
[tbl2asn-forever] Dates changed from 01-JAN-2019 to 01-JUL-2023
[17:15:01] Deleting unwanted file: results/PROKKA/VIRAL_ARCHAEA/KC292024/errorsummary.val
[17:15:01] Deleting unwanted file: results/PROKKA/VIRAL_ARCHAEA/KC292024/KC292024.dr
[17:15:01] Deleting unwanted file: results/PROKKA/VIRAL_ARCHAEA/KC292024/KC292024.fixedproducts
[17:15:01] Deleting unwanted file: results/PROKKA/VIRAL_ARCHAEA/KC292024/KC292024.ecn
[17:15:01] Deleting unwanted file: results/PROKKA/VIRAL_ARCHAEA/KC292024/KC292024.val
[17:15:01] Repairing broken .GBK output that tbl2asn produces...
[17:15:01] Running: sed 's/COORDINATES: profile/COORDINATES:profile/' < results\/PROKKA\/VIRAL_ARCHAEA\/KC292024\/KC292024\.gbf > results\/PROKKA\/VIRAL_ARCHAEA\/KC292024\/KC292024\.gbk
[17:15:01] Deleting unwanted file: results/PROKKA/VIRAL_ARCHAEA/KC292024/KC292024.gbf
[17:15:01] Output files:
[17:15:01] results/PROKKA/VIRAL_ARCHAEA/KC292024/KC292024.log
[17:15:01] results/PROKKA/VIRAL_ARCHAEA/KC292024/KC292024.fna
[17:15:01] results/PROKKA/VIRAL_ARCHAEA/KC292024/KC292024.gff
[17:15:01] results/PROKKA/VIRAL_ARCHAEA/KC292024/KC292024.faa
[17:15:01] results/PROKKA/VIRAL_ARCHAEA/KC292024/KC292024.ffn
[17:15:01] results/PROKKA/VIRAL_ARCHAEA/KC292024/KC292024.tbl
[17:15:01] results/PROKKA/VIRAL_ARCHAEA/KC292024/KC292024.fsa
[17:15:01] results/PROKKA/VIRAL_ARCHAEA/KC292024/KC292024.tsv
[17:15:01] results/PROKKA/VIRAL_ARCHAEA/KC292024/KC292024.txt
[17:15:01] results/PROKKA/VIRAL_ARCHAEA/KC292024/KC292024.err
[17:15:01] results/PROKKA/VIRAL_ARCHAEA/KC292024/KC292024.sqn
[17:15:01] results/PROKKA/VIRAL_ARCHAEA/KC292024/KC292024.gbk
[17:15:01] Annotation finished successfully.
[17:15:01] Walltime used: 0.02 minutes
[17:15:01] If you use this result please cite the Prokka paper:
[17:15:01] Seemann T (2014) Prokka: rapid prokaryotic genome annotation. Bioinformatics. 30(14):2068-9.
[17:15:01] Type 'prokka --citation' for more details.
[17:15:01] Share and enjoy!
3.73user 0.61system 0:01.53elapsed 283%CPU (0avgtext+0avgdata 64196maxresident)k
776inputs+10344outputs (0major+203544minor)pagefaults 0swaps

======================================================
End Time   : Sat Jul  1 17:15:01 EDT 2023
Run Time   : 3 seconds
======================================================

