=====================================================
Start Time  : Sat Jun 24 18:41:11 EDT 2023
Submit Dir  : /projects/raw_lab/jobs/metacerberus
Job ID/Name : 3995244 / InterProScan
Node List   : str-c95
Num Tasks   : 1 total [1 nodes @ 16 CPUs/node]
======================================================

Loading interproscan/5.60-92.0
  Loading requirement: anaconda3/2020.11 openjdk/15
======================================================
Running InterProScan On GTDB-100/genomes/archaea/GCA_024274695.1.fna
======================================================
24/06/2023 18:41:12:115 Welcome to InterProScan-5.60-92.0
24/06/2023 18:41:12:115 Running InterProScan v5 in STANDALONE mode... on Linux
24/06/2023 18:41:16:198 RunID: str-c95.uncc.edu_20230624_184116024_cltv
24/06/2023 18:41:24:706 Loading file /projects/raw_lab/jobs/metacerberus/GTDB-100/genomes/archaea/GCA_024274695.1.fna
24/06/2023 18:41:25:299 Running the following analyses:
[AntiFam-7.0,CDD-3.20,Coils-2.2.1,FunFam-4.3.0,Gene3D-4.3.0,Hamap-2021_04,MobiDBLite-2.0,PANTHER-17.0,Pfam-35.0,PIRSF-3.10,PIRSR-2021_05,PRINTS-42.0,ProSitePatterns-2022_01,ProSiteProfiles-2022_01,SFLD-4,SMART-7.1,SUPERFAMILY-1.75,TIGRFAM-15.0]
Pre-calculated match lookup service DISABLED.  Please wait for match calculations to complete...
2023-06-24 18:42:00,575 [amqEmbeddedWorkerJmsContainer-15] [uk.ac.ebi.interpro.scan.io.pirsf.hmmer3.PirsfHmmer3RawMatchParser:129] WARN - Couldn't parse the given raw match line, because it is of an unexpected format.
2023-06-24 18:42:00,579 [amqEmbeddedWorkerJmsContainer-15] [uk.ac.ebi.interpro.scan.io.pirsf.hmmer3.PirsfHmmer3RawMatchParser:130] WARN - Unexpected Raw match line: Query sequence: 152 matches PIRSF001220: L-asparaginase/Glutamyl-tRNA(Gln) amidotransferase subunit D
2023-06-24 18:42:00,580 [amqEmbeddedWorkerJmsContainer-15] [uk.ac.ebi.interpro.scan.io.pirsf.hmmer3.PirsfHmmer3RawMatchParser:129] WARN - Couldn't parse the given raw match line, because it is of an unexpected format.
2023-06-24 18:42:00,580 [amqEmbeddedWorkerJmsContainer-15] [uk.ac.ebi.interpro.scan.io.pirsf.hmmer3.PirsfHmmer3RawMatchParser:130] WARN - Unexpected Raw match line: #    score  bias  c-Evalue  i-Evalue hmmfrom  hmm to    alifrom  ali to    envfrom  env to     acc
2023-06-24 18:42:00,580 [amqEmbeddedWorkerJmsContainer-15] [uk.ac.ebi.interpro.scan.io.pirsf.hmmer3.PirsfHmmer3RawMatchParser:129] WARN - Couldn't parse the given raw match line, because it is of an unexpected format.
2023-06-24 18:42:00,580 [amqEmbeddedWorkerJmsContainer-15] [uk.ac.ebi.interpro.scan.io.pirsf.hmmer3.PirsfHmmer3RawMatchParser:130] WARN - Unexpected Raw match line: 1 !  286.9   0.0   1.2e-89     3e-87       5     328 ..      94     427 ..      91     430 .. 0.93
2023-06-24 18:42:00,580 [amqEmbeddedWorkerJmsContainer-15] [uk.ac.ebi.interpro.scan.io.pirsf.hmmer3.PirsfHmmer3RawMatchParser:129] WARN - Couldn't parse the given raw match line, because it is of an unexpected format.
2023-06-24 18:42:00,580 [amqEmbeddedWorkerJmsContainer-15] [uk.ac.ebi.interpro.scan.io.pirsf.hmmer3.PirsfHmmer3RawMatchParser:130] WARN - Unexpected Raw match line: and matches Sub-Family PIRSF500175: Glutamyl-tRNA(Gln) amidotransferase, subunit D
2023-06-24 18:42:00,580 [amqEmbeddedWorkerJmsContainer-15] [uk.ac.ebi.interpro.scan.io.pirsf.hmmer3.PirsfHmmer3RawMatchParser:129] WARN - Couldn't parse the given raw match line, because it is of an unexpected format.
2023-06-24 18:42:00,580 [amqEmbeddedWorkerJmsContainer-15] [uk.ac.ebi.interpro.scan.io.pirsf.hmmer3.PirsfHmmer3RawMatchParser:130] WARN - Unexpected Raw match line: #    score  bias  c-Evalue  i-Evalue hmmfrom  hmm to    alifrom  ali to    envfrom  env to     acc
2023-06-24 18:42:00,580 [amqEmbeddedWorkerJmsContainer-15] [uk.ac.ebi.interpro.scan.io.pirsf.hmmer3.PirsfHmmer3RawMatchParser:129] WARN - Couldn't parse the given raw match line, because it is of an unexpected format.
2023-06-24 18:42:00,580 [amqEmbeddedWorkerJmsContainer-15] [uk.ac.ebi.interpro.scan.io.pirsf.hmmer3.PirsfHmmer3RawMatchParser:130] WARN - Unexpected Raw match line: 1 !  478.7   0.0  6.2e-148  1.6e-145       2     415 ..      21     435 ..      20     439 .. 0.97
2023-06-24 18:42:00,580 [amqEmbeddedWorkerJmsContainer-15] [uk.ac.ebi.interpro.scan.io.pirsf.hmmer3.PirsfHmmer3RawMatchParser:129] WARN - Couldn't parse the given raw match line, because it is of an unexpected format.
2023-06-24 18:42:00,580 [amqEmbeddedWorkerJmsContainer-15] [uk.ac.ebi.interpro.scan.io.pirsf.hmmer3.PirsfHmmer3RawMatchParser:130] WARN - Unexpected Raw match line: Query sequence: 175 matches PIRSF005335: tRNA nucleotidyltransferase (CCA-adding enzyme), archaeal type
2023-06-24 18:42:00,581 [amqEmbeddedWorkerJmsContainer-15] [uk.ac.ebi.interpro.scan.io.pirsf.hmmer3.PirsfHmmer3RawMatchParser:129] WARN - Couldn't parse the given raw match line, because it is of an unexpected format.
2023-06-24 18:42:00,581 [amqEmbeddedWorkerJmsContainer-15] [uk.ac.ebi.interpro.scan.io.pirsf.hmmer3.PirsfHmmer3RawMatchParser:130] WARN - Unexpected Raw match line: #    score  bias  c-Evalue  i-Evalue hmmfrom  hmm to    alifrom  ali to    envfrom  env to     acc
2023-06-24 18:42:00,581 [amqEmbeddedWorkerJmsContainer-15] [uk.ac.ebi.interpro.scan.io.pirsf.hmmer3.PirsfHmmer3RawMatchParser:129] WARN - Couldn't parse the given raw match line, because it is of an unexpected format.
2023-06-24 18:42:00,581 [amqEmbeddedWorkerJmsContainer-15] [uk.ac.ebi.interpro.scan.io.pirsf.hmmer3.PirsfHmmer3RawMatchParser:130] WARN - Unexpected Raw match line: 1 !  429.9   3.0  5.9e-133  1.5e-130       3     414 ..      53     456 ..      51     472 .. 0.92
2023-06-24 18:42:00,581 [amqEmbeddedWorkerJmsContainer-15] [uk.ac.ebi.interpro.scan.io.pirsf.hmmer3.PirsfHmmer3RawMatchParser:129] WARN - Couldn't parse the given raw match line, because it is of an unexpected format.
2023-06-24 18:42:00,581 [amqEmbeddedWorkerJmsContainer-15] [uk.ac.ebi.interpro.scan.io.pirsf.hmmer3.PirsfHmmer3RawMatchParser:130] WARN - Unexpected Raw match line: Query sequence: 196 matches PIRSF037307: Predicted Lhr-like ATP-dependent RNA helicase
2023-06-24 18:42:00,581 [amqEmbeddedWorkerJmsContainer-15] [uk.ac.ebi.interpro.scan.io.pirsf.hmmer3.PirsfHmmer3RawMatchParser:129] WARN - Couldn't parse the given raw match line, because it is of an unexpected format.
2023-06-24 18:42:00,581 [amqEmbeddedWorkerJmsContainer-15] [uk.ac.ebi.interpro.scan.io.pirsf.hmmer3.PirsfHmmer3RawMatchParser:130] WARN - Unexpected Raw match line: #    score  bias  c-Evalue  i-Evalue hmmfrom  hmm to    alifrom  ali to    envfrom  env to     acc
2023-06-24 18:42:00,581 [amqEmbeddedWorkerJmsContainer-15] [uk.ac.ebi.interpro.scan.io.pirsf.hmmer3.PirsfHmmer3RawMatchParser:129] WARN - Couldn't parse the given raw match line, because it is of an unexpected format.
2023-06-24 18:42:00,581 [amqEmbeddedWorkerJmsContainer-15] [uk.ac.ebi.interpro.scan.io.pirsf.hmmer3.PirsfHmmer3RawMatchParser:130] WARN - Unexpected Raw match line: 1 !  844.1   0.0  4.7e-257    2e-255      24     939 .]      19     900 .]       4     900 .] 0.93
2023-06-24 18:42:00,581 [amqEmbeddedWorkerJmsContainer-15] [uk.ac.ebi.interpro.scan.io.pirsf.hmmer3.PirsfHmmer3RawMatchParser:129] WARN - Couldn't parse the given raw match line, because it is of an unexpected format.
2023-06-24 18:42:00,581 [amqEmbeddedWorkerJmsContainer-15] [uk.ac.ebi.interpro.scan.io.pirsf.hmmer3.PirsfHmmer3RawMatchParser:130] WARN - Unexpected Raw match line: Query sequence: 197 matches PIRSF000124: UDP-glucose/GDP-mannose dehydrogenase
2023-06-24 18:42:00,581 [amqEmbeddedWorkerJmsContainer-15] [uk.ac.ebi.interpro.scan.io.pirsf.hmmer3.PirsfHmmer3RawMatchParser:129] WARN - Couldn't parse the given raw match line, because it is of an unexpected format.
2023-06-24 18:42:00,581 [amqEmbeddedWorkerJmsContainer-15] [uk.ac.ebi.interpro.scan.io.pirsf.hmmer3.PirsfHmmer3RawMatchParser:130] WARN - Unexpected Raw match line: #    score  bias  c-Evalue  i-Evalue hmmfrom  hmm to    alifrom  ali to    envfrom  env to     acc
2023-06-24 18:42:00,581 [amqEmbeddedWorkerJmsContainer-15] [uk.ac.ebi.interpro.scan.io.pirsf.hmmer3.PirsfHmmer3RawMatchParser:129] WARN - Couldn't parse the given raw match line, because it is of an unexpected format.
2023-06-24 18:42:00,582 [amqEmbeddedWorkerJmsContainer-15] [uk.ac.ebi.interpro.scan.io.pirsf.hmmer3.PirsfHmmer3RawMatchParser:130] WARN - Unexpected Raw match line: 1 !  436.0   0.0  1.5e-134    2e-132       1     438 []       6     437 .]       6     437 .] 0.94
2023-06-24 18:42:00,582 [amqEmbeddedWorkerJmsContainer-15] [uk.ac.ebi.interpro.scan.io.pirsf.hmmer3.PirsfHmmer3RawMatchParser:129] WARN - Couldn't parse the given raw match line, because it is of an unexpected format.
2023-06-24 18:42:00,582 [amqEmbeddedWorkerJmsContainer-15] [uk.ac.ebi.interpro.scan.io.pirsf.hmmer3.PirsfHmmer3RawMatchParser:130] WARN - Unexpected Raw match line: and matches Sub-Family PIRSF500134: UDP-glucose 6-dehydrogenase, bacterial type
2023-06-24 18:42:00,582 [amqEmbeddedWorkerJmsContainer-15] [uk.ac.ebi.interpro.scan.io.pirsf.hmmer3.PirsfHmmer3RawMatchParser:129] WARN - Couldn't parse the given raw match line, because it is of an unexpected format.
2023-06-24 18:42:00,582 [amqEmbeddedWorkerJmsContainer-15] [uk.ac.ebi.interpro.scan.io.pirsf.hmmer3.PirsfHmmer3RawMatchParser:130] WARN - Unexpected Raw match line: #    score  bias  c-Evalue  i-Evalue hmmfrom  hmm to    alifrom  ali to    envfrom  env to     acc
2023-06-24 18:42:00,582 [amqEmbeddedWorkerJmsContainer-15] [uk.ac.ebi.interpro.scan.io.pirsf.hmmer3.PirsfHmmer3RawMatchParser:129] WARN - Couldn't parse the given raw match line, because it is of an unexpected format.
2023-06-24 18:42:00,582 [amqEmbeddedWorkerJmsContainer-15] [uk.ac.ebi.interpro.scan.io.pirsf.hmmer3.PirsfHmmer3RawMatchParser:130] WARN - Unexpected Raw match line: 1 !  453.3   0.0  8.3e-140  1.1e-137       1     436 [.       6     436 ..       6     437 .] 0.96
2023-06-24 18:42:00,582 [amqEmbeddedWorkerJmsContainer-15] [uk.ac.ebi.interpro.scan.io.pirsf.hmmer3.PirsfHmmer3RawMatchParser:129] WARN - Couldn't parse the given raw match line, because it is of an unexpected format.
2023-06-24 18:42:00,582 [amqEmbeddedWorkerJmsContainer-15] [uk.ac.ebi.interpro.scan.io.pirsf.hmmer3.PirsfHmmer3RawMatchParser:130] WARN - Unexpected Raw match line: Query sequence: 2 matches PIRSF006439: Indolepyruvate ferredoxin oxidoreductase
2023-06-24 18:42:00,582 [amqEmbeddedWorkerJmsContainer-15] [uk.ac.ebi.interpro.scan.io.pirsf.hmmer3.PirsfHmmer3RawMatchParser:129] WARN - Couldn't parse the given raw match line, because it is of an unexpected format.
2023-06-24 18:42:00,582 [amqEmbeddedWorkerJmsContainer-15] [uk.ac.ebi.interpro.scan.io.pirsf.hmmer3.PirsfHmmer3RawMatchParser:130] WARN - Unexpected Raw match line: #    score  bias  c-Evalue  i-Evalue hmmfrom  hmm to    alifrom  ali to    envfrom  env to     acc
2023-06-24 18:42:00,582 [amqEmbeddedWorkerJmsContainer-15] [uk.ac.ebi.interpro.scan.io.pirsf.hmmer3.PirsfHmmer3RawMatchParser:129] WARN - Couldn't parse the given raw match line, because it is of an unexpected format.
2023-06-24 18:42:00,582 [amqEmbeddedWorkerJmsContainer-15] [uk.ac.ebi.interpro.scan.io.pirsf.hmmer3.PirsfHmmer3RawMatchParser:130] WARN - Unexpected Raw match line: 1 !  664.0   0.0  1.9e-203  2.5e-201       5     616 ..       4     626 ..       1     627 [] 0.92
2023-06-24 18:42:00,582 [amqEmbeddedWorkerJmsContainer-15] [uk.ac.ebi.interpro.scan.io.pirsf.hmmer3.PirsfHmmer3RawMatchParser:129] WARN - Couldn't parse the given raw match line, because it is of an unexpected format.
2023-06-24 18:42:00,583 [amqEmbeddedWorkerJmsContainer-15] [uk.ac.ebi.interpro.scan.io.pirsf.hmmer3.PirsfHmmer3RawMatchParser:130] WARN - Unexpected Raw match line: Query sequence: 208 matches PIRSF001549: Histidyl-tRNA synthetase
2023-06-24 18:42:00,583 [amqEmbeddedWorkerJmsContainer-15] [uk.ac.ebi.interpro.scan.io.pirsf.hmmer3.PirsfHmmer3RawMatchParser:129] WARN - Couldn't parse the given raw match line, because it is of an unexpected format.
2023-06-24 18:42:00,583 [amqEmbeddedWorkerJmsContainer-15] [uk.ac.ebi.interpro.scan.io.pirsf.hmmer3.PirsfHmmer3RawMatchParser:130] WARN - Unexpected Raw match line: #    score  bias  c-Evalue  i-Evalue hmmfrom  hmm to    alifrom  ali to    envfrom  env to     acc
2023-06-24 18:42:00,583 [amqEmbeddedWorkerJmsContainer-15] [uk.ac.ebi.interpro.scan.io.pirsf.hmmer3.PirsfHmmer3RawMatchParser:129] WARN - Couldn't parse the given raw match line, because it is of an unexpected format.
2023-06-24 18:42:00,583 [amqEmbeddedWorkerJmsContainer-15] [uk.ac.ebi.interpro.scan.io.pirsf.hmmer3.PirsfHmmer3RawMatchParser:130] WARN - Unexpected Raw match line: 1 !  451.7   0.1  5.4e-139  3.5e-137       2     434 ..       6     432 ..       5     434 .] 0.92
2023-06-24 18:42:00,583 [amqEmbeddedWorkerJmsContainer-15] [uk.ac.ebi.interpro.scan.io.pirsf.hmmer3.PirsfHmmer3RawMatchParser:129] WARN - Couldn't parse the given raw match line, because it is of an unexpected format.
2023-06-24 18:42:00,583 [amqEmbeddedWorkerJmsContainer-15] [uk.ac.ebi.interpro.scan.io.pirsf.hmmer3.PirsfHmmer3RawMatchParser:130] WARN - Unexpected Raw match line: Query sequence: 216 matches PIRSF000112: Glycerol dehydrogenase
2023-06-24 18:42:00,583 [amqEmbeddedWorkerJmsContainer-15] [uk.ac.ebi.interpro.scan.io.pirsf.hmmer3.PirsfHmmer3RawMatchParser:129] WARN - Couldn't parse the given raw match line, because it is of an unexpected format.
2023-06-24 18:42:00,583 [amqEmbeddedWorkerJmsContainer-15] [uk.ac.ebi.interpro.scan.io.pirsf.hmmer3.PirsfHmmer3RawMatchParser:130] WARN - Unexpected Raw match line: #    score  bias  c-Evalue  i-Evalue hmmfrom  hmm to    alifrom  ali to    envfrom  env to     acc
2023-06-24 18:42:00,583 [amqEmbeddedWorkerJmsContainer-15] [uk.ac.ebi.interpro.scan.io.pirsf.hmmer3.PirsfHmmer3RawMatchParser:129] WARN - Couldn't parse the given raw match line, because it is of an unexpected format.
2023-06-24 18:42:00,583 [amqEmbeddedWorkerJmsContainer-15] [uk.ac.ebi.interpro.scan.io.pirsf.hmmer3.PirsfHmmer3RawMatchParser:130] WARN - Unexpected Raw match line: 1 !  216.4   0.9     3e-68   7.7e-66       8     352 ..      32     351 ..      26     361 .. 0.86
2023-06-24 18:42:00,583 [amqEmbeddedWorkerJmsContainer-15] [uk.ac.ebi.interpro.scan.io.pirsf.hmmer3.PirsfHmmer3RawMatchParser:129] WARN - Couldn't parse the given raw match line, because it is of an unexpected format.
2023-06-24 18:42:00,583 [amqEmbeddedWorkerJmsContainer-15] [uk.ac.ebi.interpro.scan.io.pirsf.hmmer3.PirsfHmmer3RawMatchParser:130] WARN - Unexpected Raw match line: Query sequence: 218 matches PIRSF004976: Predicted PP-loop ATPase, YdaO type
2023-06-24 18:42:00,583 [amqEmbeddedWorkerJmsContainer-15] [uk.ac.ebi.interpro.scan.io.pirsf.hmmer3.PirsfHmmer3RawMatchParser:129] WARN - Couldn't parse the given raw match line, because it is of an unexpected format.
2023-06-24 18:42:00,584 [amqEmbeddedWorkerJmsContainer-15] [uk.ac.ebi.interpro.scan.io.pirsf.hmmer3.PirsfHmmer3RawMatchParser:130] WARN - Unexpected Raw match line: #    score  bias  c-Evalue  i-Evalue hmmfrom  hmm to    alifrom  ali to    envfrom  env to     acc
2023-06-24 18:42:00,584 [amqEmbeddedWorkerJmsContainer-15] [uk.ac.ebi.interpro.scan.io.pirsf.hmmer3.PirsfHmmer3RawMatchParser:129] WARN - Couldn't parse the given raw match line, because it is of an unexpected format.
2023-06-24 18:42:00,584 [amqEmbeddedWorkerJmsContainer-15] [uk.ac.ebi.interpro.scan.io.pirsf.hmmer3.PirsfHmmer3RawMatchParser:130] WARN - Unexpected Raw match line: 1 !  309.0   1.2   1.5e-96     4e-94       3     304 ..      18     314 ..      16     315 .. 0.96
2023-06-24 18:42:00,584 [amqEmbeddedWorkerJmsContainer-15] [uk.ac.ebi.interpro.scan.io.pirsf.hmmer3.PirsfHmmer3RawMatchParser:129] WARN - Couldn't parse the given raw match line, because it is of an unexpected format.
2023-06-24 18:42:00,584 [amqEmbeddedWorkerJmsContainer-15] [uk.ac.ebi.interpro.scan.io.pirsf.hmmer3.PirsfHmmer3RawMatchParser:130] WARN - Unexpected Raw match line: Query sequence: 226 matches PIRSF006060: Amino acid transporter
2023-06-24 18:42:00,584 [amqEmbeddedWorkerJmsContainer-15] [uk.ac.ebi.interpro.scan.io.pirsf.hmmer3.PirsfHmmer3RawMatchParser:129] WARN - Couldn't parse the given raw match line, because it is of an unexpected format.
2023-06-24 18:42:00,584 [amqEmbeddedWorkerJmsContainer-15] [uk.ac.ebi.interpro.scan.io.pirsf.hmmer3.PirsfHmmer3RawMatchParser:130] WARN - Unexpected Raw match line: #    score  bias  c-Evalue  i-Evalue hmmfrom  hmm to    alifrom  ali to    envfrom  env to     acc
2023-06-24 18:42:00,584 [amqEmbeddedWorkerJmsContainer-15] [uk.ac.ebi.interpro.scan.io.pirsf.hmmer3.PirsfHmmer3RawMatchParser:129] WARN - Couldn't parse the given raw match line, because it is of an unexpected format.
2023-06-24 18:42:00,584 [amqEmbeddedWorkerJmsContainer-15] [uk.ac.ebi.interpro.scan.io.pirsf.hmmer3.PirsfHmmer3RawMatchParser:130] WARN - Unexpected Raw match line: 1 !  202.8  46.9   3.3e-64   8.4e-62      22     468 ..       8     416 ..       1     435 [. 0.88
2023-06-24 18:42:00,584 [amqEmbeddedWorkerJmsContainer-15] [uk.ac.ebi.interpro.scan.io.pirsf.hmmer3.PirsfHmmer3RawMatchParser:129] WARN - Couldn't parse the given raw match line, because it is of an unexpected format.
2023-06-24 18:42:00,584 [amqEmbeddedWorkerJmsContainer-15] [uk.ac.ebi.interpro.scan.io.pirsf.hmmer3.PirsfHmmer3RawMatchParser:130] WARN - Unexpected Raw match line: Query sequence: 236 matches PIRSF005590: Ribosomal protein L10a/L10e types
2023-06-24 18:42:00,584 [amqEmbeddedWorkerJmsContainer-15] [uk.ac.ebi.interpro.scan.io.pirsf.hmmer3.PirsfHmmer3RawMatchParser:129] WARN - Couldn't parse the given raw match line, because it is of an unexpected format.
2023-06-24 18:42:00,584 [amqEmbeddedWorkerJmsContainer-15] [uk.ac.ebi.interpro.scan.io.pirsf.hmmer3.PirsfHmmer3RawMatchParser:130] WARN - Unexpected Raw match line: #    score  bias  c-Evalue  i-Evalue hmmfrom  hmm to    alifrom  ali to    envfrom  env to     acc
2023-06-24 18:42:00,584 [amqEmbeddedWorkerJmsContainer-15] [uk.ac.ebi.interpro.scan.io.pirsf.hmmer3.PirsfHmmer3RawMatchParser:129] WARN - Couldn't parse the given raw match line, because it is of an unexpected format.
2023-06-24 18:42:00,584 [amqEmbeddedWorkerJmsContainer-15] [uk.ac.ebi.interpro.scan.io.pirsf.hmmer3.PirsfHmmer3RawMatchParser:130] WARN - Unexpected Raw match line: 1 !  198.2   0.2   4.4e-63   1.1e-60       1     163 [.       3     170 ..       3     180 .. 0.92
2023-06-24 18:42:00,585 [amqEmbeddedWorkerJmsContainer-15] [uk.ac.ebi.interpro.scan.io.pirsf.hmmer3.PirsfHmmer3RawMatchParser:129] WARN - Couldn't parse the given raw match line, because it is of an unexpected format.
2023-06-24 18:42:00,585 [amqEmbeddedWorkerJmsContainer-15] [uk.ac.ebi.interpro.scan.io.pirsf.hmmer3.PirsfHmmer3RawMatchParser:130] WARN - Unexpected Raw match line: Query sequence: 239 matches PIRSF006404: Uncharacterised protein with peptidase M50 and CBS domains
2023-06-24 18:42:00,585 [amqEmbeddedWorkerJmsContainer-15] [uk.ac.ebi.interpro.scan.io.pirsf.hmmer3.PirsfHmmer3RawMatchParser:129] WARN - Couldn't parse the given raw match line, because it is of an unexpected format.
2023-06-24 18:42:00,585 [amqEmbeddedWorkerJmsContainer-15] [uk.ac.ebi.interpro.scan.io.pirsf.hmmer3.PirsfHmmer3RawMatchParser:130] WARN - Unexpected Raw match line: #    score  bias  c-Evalue  i-Evalue hmmfrom  hmm to    alifrom  ali to    envfrom  env to     acc
2023-06-24 18:42:00,585 [amqEmbeddedWorkerJmsContainer-15] [uk.ac.ebi.interpro.scan.io.pirsf.hmmer3.PirsfHmmer3RawMatchParser:129] WARN - Couldn't parse the given raw match line, because it is of an unexpected format.
2023-06-24 18:42:00,585 [amqEmbeddedWorkerJmsContainer-15] [uk.ac.ebi.interpro.scan.io.pirsf.hmmer3.PirsfHmmer3RawMatchParser:130] WARN - Unexpected Raw match line: 1 !  214.9  12.4   2.6e-67   2.2e-65       3     358 ..       3     354 ..       2     357 .] 0.91
2023-06-24 18:42:00,585 [amqEmbeddedWorkerJmsContainer-15] [uk.ac.ebi.interpro.scan.io.pirsf.hmmer3.PirsfHmmer3RawMatchParser:129] WARN - Couldn't parse the given raw match line, because it is of an unexpected format.
2023-06-24 18:42:00,585 [amqEmbeddedWorkerJmsContainer-15] [uk.ac.ebi.interpro.scan.io.pirsf.hmmer3.PirsfHmmer3RawMatchParser:130] WARN - Unexpected Raw match line: Query sequence: 30 matches PIRSF006553: Type II DNA topoisomerase VI, subunit B
2023-06-24 18:42:00,585 [amqEmbeddedWorkerJmsContainer-15] [uk.ac.ebi.interpro.scan.io.pirsf.hmmer3.PirsfHmmer3RawMatchParser:129] WARN - Couldn't parse the given raw match line, because it is of an unexpected format.
2023-06-24 18:42:00,585 [amqEmbeddedWorkerJmsContainer-15] [uk.ac.ebi.interpro.scan.io.pirsf.hmmer3.PirsfHmmer3RawMatchParser:130] WARN - Unexpected Raw match line: #    score  bias  c-Evalue  i-Evalue hmmfrom  hmm to    alifrom  ali to    envfrom  env to     acc
2023-06-24 18:42:00,585 [amqEmbeddedWorkerJmsContainer-15] [uk.ac.ebi.interpro.scan.io.pirsf.hmmer3.PirsfHmmer3RawMatchParser:129] WARN - Couldn't parse the given raw match line, because it is of an unexpected format.
2023-06-24 18:42:00,585 [amqEmbeddedWorkerJmsContainer-15] [uk.ac.ebi.interpro.scan.io.pirsf.hmmer3.PirsfHmmer3RawMatchParser:130] WARN - Unexpected Raw match line: 1 !  661.1   0.5  6.1e-203  1.6e-200       6     517 ..      36     550 ..      32     568 .. 0.95
2023-06-24 18:42:00,585 [amqEmbeddedWorkerJmsContainer-15] [uk.ac.ebi.interpro.scan.io.pirsf.hmmer3.PirsfHmmer3RawMatchParser:129] WARN - Couldn't parse the given raw match line, because it is of an unexpected format.
2023-06-24 18:42:00,585 [amqEmbeddedWorkerJmsContainer-15] [uk.ac.ebi.interpro.scan.io.pirsf.hmmer3.PirsfHmmer3RawMatchParser:130] WARN - Unexpected Raw match line: Query sequence: 33 matches PIRSF005719: Structural maintenance of chromosomes protein
2023-06-24 18:42:00,586 [amqEmbeddedWorkerJmsContainer-15] [uk.ac.ebi.interpro.scan.io.pirsf.hmmer3.PirsfHmmer3RawMatchParser:129] WARN - Couldn't parse the given raw match line, because it is of an unexpected format.
2023-06-24 18:42:00,586 [amqEmbeddedWorkerJmsContainer-15] [uk.ac.ebi.interpro.scan.io.pirsf.hmmer3.PirsfHmmer3RawMatchParser:130] WARN - Unexpected Raw match line: #    score  bias  c-Evalue  i-Evalue hmmfrom  hmm to    alifrom  ali to    envfrom  env to     acc
2023-06-24 18:42:00,586 [amqEmbeddedWorkerJmsContainer-15] [uk.ac.ebi.interpro.scan.io.pirsf.hmmer3.PirsfHmmer3RawMatchParser:129] WARN - Couldn't parse the given raw match line, because it is of an unexpected format.
2023-06-24 18:42:00,586 [amqEmbeddedWorkerJmsContainer-15] [uk.ac.ebi.interpro.scan.io.pirsf.hmmer3.PirsfHmmer3RawMatchParser:130] WARN - Unexpected Raw match line: 1 !  752.8 103.3  1.2e-229  7.7e-228       2    1189 ..      39    1190 ..      38    1194 .] 0.89
2023-06-24 18:42:00,586 [amqEmbeddedWorkerJmsContainer-15] [uk.ac.ebi.interpro.scan.io.pirsf.hmmer3.PirsfHmmer3RawMatchParser:129] WARN - Couldn't parse the given raw match line, because it is of an unexpected format.
2023-06-24 18:42:00,586 [amqEmbeddedWorkerJmsContainer-15] [uk.ac.ebi.interpro.scan.io.pirsf.hmmer3.PirsfHmmer3RawMatchParser:130] WARN - Unexpected Raw match line: Query sequence: 59 matches PIRSF000124: UDP-glucose/GDP-mannose dehydrogenase
2023-06-24 18:42:00,586 [amqEmbeddedWorkerJmsContainer-15] [uk.ac.ebi.interpro.scan.io.pirsf.hmmer3.PirsfHmmer3RawMatchParser:129] WARN - Couldn't parse the given raw match line, because it is of an unexpected format.
2023-06-24 18:42:00,586 [amqEmbeddedWorkerJmsContainer-15] [uk.ac.ebi.interpro.scan.io.pirsf.hmmer3.PirsfHmmer3RawMatchParser:130] WARN - Unexpected Raw match line: #    score  bias  c-Evalue  i-Evalue hmmfrom  hmm to    alifrom  ali to    envfrom  env to     acc
2023-06-24 18:42:00,586 [amqEmbeddedWorkerJmsContainer-15] [uk.ac.ebi.interpro.scan.io.pirsf.hmmer3.PirsfHmmer3RawMatchParser:129] WARN - Couldn't parse the given raw match line, because it is of an unexpected format.
2023-06-24 18:42:00,586 [amqEmbeddedWorkerJmsContainer-15] [uk.ac.ebi.interpro.scan.io.pirsf.hmmer3.PirsfHmmer3RawMatchParser:130] WARN - Unexpected Raw match line: 1 !  215.6   0.0   1.2e-67   1.5e-65       2     438 .]      86     504 .]      85     504 .] 0.87
2023-06-24 18:42:00,586 [amqEmbeddedWorkerJmsContainer-15] [uk.ac.ebi.interpro.scan.io.pirsf.hmmer3.PirsfHmmer3RawMatchParser:129] WARN - Couldn't parse the given raw match line, because it is of an unexpected format.
2023-06-24 18:42:00,586 [amqEmbeddedWorkerJmsContainer-15] [uk.ac.ebi.interpro.scan.io.pirsf.hmmer3.PirsfHmmer3RawMatchParser:130] WARN - Unexpected Raw match line: and matches Sub-Family PIRSF500136: UDP-N-acetyl-D-mannosaminuronate dehydrogenase
2023-06-24 18:42:00,586 [amqEmbeddedWorkerJmsContainer-15] [uk.ac.ebi.interpro.scan.io.pirsf.hmmer3.PirsfHmmer3RawMatchParser:129] WARN - Couldn't parse the given raw match line, because it is of an unexpected format.
2023-06-24 18:42:00,586 [amqEmbeddedWorkerJmsContainer-15] [uk.ac.ebi.interpro.scan.io.pirsf.hmmer3.PirsfHmmer3RawMatchParser:130] WARN - Unexpected Raw match line: #    score  bias  c-Evalue  i-Evalue hmmfrom  hmm to    alifrom  ali to    envfrom  env to     acc
2023-06-24 18:42:00,587 [amqEmbeddedWorkerJmsContainer-15] [uk.ac.ebi.interpro.scan.io.pirsf.hmmer3.PirsfHmmer3RawMatchParser:129] WARN - Couldn't parse the given raw match line, because it is of an unexpected format.
2023-06-24 18:42:00,587 [amqEmbeddedWorkerJmsContainer-15] [uk.ac.ebi.interpro.scan.io.pirsf.hmmer3.PirsfHmmer3RawMatchParser:130] WARN - Unexpected Raw match line: 1 !  444.2   0.0  4.1e-137  5.3e-135       8     439 ..      82     499 ..      77     504 .] 0.92
2023-06-24 18:42:00,587 [amqEmbeddedWorkerJmsContainer-15] [uk.ac.ebi.interpro.scan.io.pirsf.hmmer3.PirsfHmmer3RawMatchParser:129] WARN - Couldn't parse the given raw match line, because it is of an unexpected format.
2023-06-24 18:42:00,587 [amqEmbeddedWorkerJmsContainer-15] [uk.ac.ebi.interpro.scan.io.pirsf.hmmer3.PirsfHmmer3RawMatchParser:130] WARN - Unexpected Raw match line: Query sequence: 75 matches PIRSF000854: Phosphoenolpyruvate synthase
2023-06-24 18:42:00,587 [amqEmbeddedWorkerJmsContainer-15] [uk.ac.ebi.interpro.scan.io.pirsf.hmmer3.PirsfHmmer3RawMatchParser:129] WARN - Couldn't parse the given raw match line, because it is of an unexpected format.
2023-06-24 18:42:00,587 [amqEmbeddedWorkerJmsContainer-15] [uk.ac.ebi.interpro.scan.io.pirsf.hmmer3.PirsfHmmer3RawMatchParser:130] WARN - Unexpected Raw match line: #    score  bias  c-Evalue  i-Evalue hmmfrom  hmm to    alifrom  ali to    envfrom  env to     acc
2023-06-24 18:42:00,587 [amqEmbeddedWorkerJmsContainer-15] [uk.ac.ebi.interpro.scan.io.pirsf.hmmer3.PirsfHmmer3RawMatchParser:129] WARN - Couldn't parse the given raw match line, because it is of an unexpected format.
2023-06-24 18:42:00,587 [amqEmbeddedWorkerJmsContainer-15] [uk.ac.ebi.interpro.scan.io.pirsf.hmmer3.PirsfHmmer3RawMatchParser:130] WARN - Unexpected Raw match line: 1 !  895.3   0.0  3.2e-273  4.1e-271       4     794 ..      10     761 ..       8     763 .. 0.96
2023-06-24 18:42:00,587 [amqEmbeddedWorkerJmsContainer-15] [uk.ac.ebi.interpro.scan.io.pirsf.hmmer3.PirsfHmmer3RawMatchParser:129] WARN - Couldn't parse the given raw match line, because it is of an unexpected format.
2023-06-24 18:42:00,587 [amqEmbeddedWorkerJmsContainer-15] [uk.ac.ebi.interpro.scan.io.pirsf.hmmer3.PirsfHmmer3RawMatchParser:130] WARN - Unexpected Raw match line: Query sequence: 82 matches PIRSF004557: Preprotein translocase Sec, SecY/Sec61-alpha subunit
2023-06-24 18:42:00,587 [amqEmbeddedWorkerJmsContainer-15] [uk.ac.ebi.interpro.scan.io.pirsf.hmmer3.PirsfHmmer3RawMatchParser:129] WARN - Couldn't parse the given raw match line, because it is of an unexpected format.
2023-06-24 18:42:00,587 [amqEmbeddedWorkerJmsContainer-15] [uk.ac.ebi.interpro.scan.io.pirsf.hmmer3.PirsfHmmer3RawMatchParser:130] WARN - Unexpected Raw match line: #    score  bias  c-Evalue  i-Evalue hmmfrom  hmm to    alifrom  ali to    envfrom  env to     acc
2023-06-24 18:42:00,587 [amqEmbeddedWorkerJmsContainer-15] [uk.ac.ebi.interpro.scan.io.pirsf.hmmer3.PirsfHmmer3RawMatchParser:129] WARN - Couldn't parse the given raw match line, because it is of an unexpected format.
2023-06-24 18:42:00,587 [amqEmbeddedWorkerJmsContainer-15] [uk.ac.ebi.interpro.scan.io.pirsf.hmmer3.PirsfHmmer3RawMatchParser:130] WARN - Unexpected Raw match line: 1 !  298.3  21.4   4.5e-93   1.2e-90       2     446 ..      18     491 ..      17     494 .] 0.92
24/06/2023 18:49:40:574 100% done:  InterProScan analyses completed 

2023-06-24 18:49:41,077 [main] [uk.ac.ebi.interpro.scan.jms.master.AbstractMaster:259] WARN - Master process unable to delete temporary directory /projects/raw_lab/jobs/metacerberus/temp/str-c95.uncc.edu_20230624_184116024_cltv
2086.98user 175.93system 8:29.69elapsed 443%CPU (0avgtext+0avgdata 3440904maxresident)k
1302592inputs+1025096outputs (181major+12083642minor)pagefaults 0swaps

======================================================
End Time   : Sat Jun 24 18:49:41 EDT 2023
Run Time   : 510 seconds
======================================================

