=====================================================
Start Time  : Sat Jun 24 21:16:01 EDT 2023
Submit Dir  : /projects/raw_lab/jobs/metacerberus
Job ID/Name : 3996784 / InterProScan
Node List   : str-c89
Num Tasks   : 1 total [1 nodes @ 16 CPUs/node]
======================================================

Loading interproscan/5.60-92.0
  Loading requirement: anaconda3/2020.11 openjdk/15
======================================================
Running InterProScan On CPR/SAMN04313735.fna
======================================================
24/06/2023 21:16:02:821 Welcome to InterProScan-5.60-92.0
24/06/2023 21:16:02:822 Running InterProScan v5 in STANDALONE mode... on Linux
24/06/2023 21:16:06:914 RunID: str-c89.uncc.edu_20230624_211606735_4qb8
24/06/2023 21:16:15:551 Loading file /projects/raw_lab/jobs/metacerberus/CPR/SAMN04313735.fna
24/06/2023 21:16:16:245 Running the following analyses:
[AntiFam-7.0,CDD-3.20,Coils-2.2.1,FunFam-4.3.0,Gene3D-4.3.0,Hamap-2021_04,MobiDBLite-2.0,PANTHER-17.0,Pfam-35.0,PIRSF-3.10,PIRSR-2021_05,PRINTS-42.0,ProSitePatterns-2022_01,ProSiteProfiles-2022_01,SFLD-4,SMART-7.1,SUPERFAMILY-1.75,TIGRFAM-15.0]
Pre-calculated match lookup service DISABLED.  Please wait for match calculations to complete...
2023-06-24 21:20:09,934 [amqEmbeddedWorkerJmsContainer-7] [uk.ac.ebi.interpro.scan.io.pirsf.hmmer3.PirsfHmmer3RawMatchParser:129] WARN - Couldn't parse the given raw match line, because it is of an unexpected format.
2023-06-24 21:20:09,939 [amqEmbeddedWorkerJmsContainer-7] [uk.ac.ebi.interpro.scan.io.pirsf.hmmer3.PirsfHmmer3RawMatchParser:130] WARN - Unexpected Raw match line: Query sequence: 126 matches PIRSF005639: Glutamine amidotransferase, SNO type
2023-06-24 21:20:09,939 [amqEmbeddedWorkerJmsContainer-7] [uk.ac.ebi.interpro.scan.io.pirsf.hmmer3.PirsfHmmer3RawMatchParser:129] WARN - Couldn't parse the given raw match line, because it is of an unexpected format.
2023-06-24 21:20:09,939 [amqEmbeddedWorkerJmsContainer-7] [uk.ac.ebi.interpro.scan.io.pirsf.hmmer3.PirsfHmmer3RawMatchParser:130] WARN - Unexpected Raw match line: #    score  bias  c-Evalue  i-Evalue hmmfrom  hmm to    alifrom  ali to    envfrom  env to     acc
2023-06-24 21:20:09,939 [amqEmbeddedWorkerJmsContainer-7] [uk.ac.ebi.interpro.scan.io.pirsf.hmmer3.PirsfHmmer3RawMatchParser:129] WARN - Couldn't parse the given raw match line, because it is of an unexpected format.
2023-06-24 21:20:09,939 [amqEmbeddedWorkerJmsContainer-7] [uk.ac.ebi.interpro.scan.io.pirsf.hmmer3.PirsfHmmer3RawMatchParser:130] WARN - Unexpected Raw match line: 1 !  189.8   0.1     2e-60   1.4e-57       3     200 ..      28     221 ..      26     223 .] 0.92
2023-06-24 21:20:09,940 [amqEmbeddedWorkerJmsContainer-7] [uk.ac.ebi.interpro.scan.io.pirsf.hmmer3.PirsfHmmer3RawMatchParser:129] WARN - Couldn't parse the given raw match line, because it is of an unexpected format.
2023-06-24 21:20:09,940 [amqEmbeddedWorkerJmsContainer-7] [uk.ac.ebi.interpro.scan.io.pirsf.hmmer3.PirsfHmmer3RawMatchParser:130] WARN - Unexpected Raw match line: Query sequence: 15 matches PIRSF000808: Galactose-1-phosphate uridylyltransferase
2023-06-24 21:20:09,940 [amqEmbeddedWorkerJmsContainer-7] [uk.ac.ebi.interpro.scan.io.pirsf.hmmer3.PirsfHmmer3RawMatchParser:129] WARN - Couldn't parse the given raw match line, because it is of an unexpected format.
2023-06-24 21:20:09,940 [amqEmbeddedWorkerJmsContainer-7] [uk.ac.ebi.interpro.scan.io.pirsf.hmmer3.PirsfHmmer3RawMatchParser:130] WARN - Unexpected Raw match line: #    score  bias  c-Evalue  i-Evalue hmmfrom  hmm to    alifrom  ali to    envfrom  env to     acc
2023-06-24 21:20:09,940 [amqEmbeddedWorkerJmsContainer-7] [uk.ac.ebi.interpro.scan.io.pirsf.hmmer3.PirsfHmmer3RawMatchParser:129] WARN - Couldn't parse the given raw match line, because it is of an unexpected format.
2023-06-24 21:20:09,940 [amqEmbeddedWorkerJmsContainer-7] [uk.ac.ebi.interpro.scan.io.pirsf.hmmer3.PirsfHmmer3RawMatchParser:130] WARN - Unexpected Raw match line: 1 !  391.8   1.6  3.6e-121  1.2e-118       8     345 ..      20     350 ..      14     351 .. 0.94
2023-06-24 21:20:09,940 [amqEmbeddedWorkerJmsContainer-7] [uk.ac.ebi.interpro.scan.io.pirsf.hmmer3.PirsfHmmer3RawMatchParser:129] WARN - Couldn't parse the given raw match line, because it is of an unexpected format.
2023-06-24 21:20:09,940 [amqEmbeddedWorkerJmsContainer-7] [uk.ac.ebi.interpro.scan.io.pirsf.hmmer3.PirsfHmmer3RawMatchParser:130] WARN - Unexpected Raw match line: Query sequence: 198 matches PIRSF002741: Peptide binding protein, MppA type
2023-06-24 21:20:09,940 [amqEmbeddedWorkerJmsContainer-7] [uk.ac.ebi.interpro.scan.io.pirsf.hmmer3.PirsfHmmer3RawMatchParser:129] WARN - Couldn't parse the given raw match line, because it is of an unexpected format.
2023-06-24 21:20:09,940 [amqEmbeddedWorkerJmsContainer-7] [uk.ac.ebi.interpro.scan.io.pirsf.hmmer3.PirsfHmmer3RawMatchParser:130] WARN - Unexpected Raw match line: #    score  bias  c-Evalue  i-Evalue hmmfrom  hmm to    alifrom  ali to    envfrom  env to     acc
2023-06-24 21:20:09,940 [amqEmbeddedWorkerJmsContainer-7] [uk.ac.ebi.interpro.scan.io.pirsf.hmmer3.PirsfHmmer3RawMatchParser:129] WARN - Couldn't parse the given raw match line, because it is of an unexpected format.
2023-06-24 21:20:09,940 [amqEmbeddedWorkerJmsContainer-7] [uk.ac.ebi.interpro.scan.io.pirsf.hmmer3.PirsfHmmer3RawMatchParser:130] WARN - Unexpected Raw match line: 1 !   35.1   0.0   2.6e-13   1.8e-10      59     129 ..      66     135 ..      57     168 .. 0.84
2023-06-24 21:20:09,940 [amqEmbeddedWorkerJmsContainer-7] [uk.ac.ebi.interpro.scan.io.pirsf.hmmer3.PirsfHmmer3RawMatchParser:129] WARN - Couldn't parse the given raw match line, because it is of an unexpected format.
2023-06-24 21:20:09,940 [amqEmbeddedWorkerJmsContainer-7] [uk.ac.ebi.interpro.scan.io.pirsf.hmmer3.PirsfHmmer3RawMatchParser:130] WARN - Unexpected Raw match line: 2 !  116.1   2.3   7.5e-38     5e-35     232     510 ..     201     447 ..     192     450 .] 0.91
2023-06-24 21:20:09,941 [amqEmbeddedWorkerJmsContainer-7] [uk.ac.ebi.interpro.scan.io.pirsf.hmmer3.PirsfHmmer3RawMatchParser:129] WARN - Couldn't parse the given raw match line, because it is of an unexpected format.
2023-06-24 21:20:09,941 [amqEmbeddedWorkerJmsContainer-7] [uk.ac.ebi.interpro.scan.io.pirsf.hmmer3.PirsfHmmer3RawMatchParser:130] WARN - Unexpected Raw match line: Query sequence: 204 matches PIRSF000485: Amidophosphoribosyltransferase
2023-06-24 21:20:09,941 [amqEmbeddedWorkerJmsContainer-7] [uk.ac.ebi.interpro.scan.io.pirsf.hmmer3.PirsfHmmer3RawMatchParser:129] WARN - Couldn't parse the given raw match line, because it is of an unexpected format.
2023-06-24 21:20:09,941 [amqEmbeddedWorkerJmsContainer-7] [uk.ac.ebi.interpro.scan.io.pirsf.hmmer3.PirsfHmmer3RawMatchParser:130] WARN - Unexpected Raw match line: #    score  bias  c-Evalue  i-Evalue hmmfrom  hmm to    alifrom  ali to    envfrom  env to     acc
2023-06-24 21:20:09,941 [amqEmbeddedWorkerJmsContainer-7] [uk.ac.ebi.interpro.scan.io.pirsf.hmmer3.PirsfHmmer3RawMatchParser:129] WARN - Couldn't parse the given raw match line, because it is of an unexpected format.
2023-06-24 21:20:09,941 [amqEmbeddedWorkerJmsContainer-7] [uk.ac.ebi.interpro.scan.io.pirsf.hmmer3.PirsfHmmer3RawMatchParser:130] WARN - Unexpected Raw match line: 1 !  568.9   0.1  9.2e-175  3.1e-172       2     469 ..      16     471 ..      15     473 .. 0.96
2023-06-24 21:20:09,941 [amqEmbeddedWorkerJmsContainer-7] [uk.ac.ebi.interpro.scan.io.pirsf.hmmer3.PirsfHmmer3RawMatchParser:129] WARN - Couldn't parse the given raw match line, because it is of an unexpected format.
2023-06-24 21:20:09,941 [amqEmbeddedWorkerJmsContainer-7] [uk.ac.ebi.interpro.scan.io.pirsf.hmmer3.PirsfHmmer3RawMatchParser:130] WARN - Unexpected Raw match line: Query sequence: 205 matches PIRSF016202: Predicted glycosidase, PH1107 type
2023-06-24 21:20:09,941 [amqEmbeddedWorkerJmsContainer-7] [uk.ac.ebi.interpro.scan.io.pirsf.hmmer3.PirsfHmmer3RawMatchParser:129] WARN - Couldn't parse the given raw match line, because it is of an unexpected format.
2023-06-24 21:20:09,941 [amqEmbeddedWorkerJmsContainer-7] [uk.ac.ebi.interpro.scan.io.pirsf.hmmer3.PirsfHmmer3RawMatchParser:130] WARN - Unexpected Raw match line: #    score  bias  c-Evalue  i-Evalue hmmfrom  hmm to    alifrom  ali to    envfrom  env to     acc
2023-06-24 21:20:09,941 [amqEmbeddedWorkerJmsContainer-7] [uk.ac.ebi.interpro.scan.io.pirsf.hmmer3.PirsfHmmer3RawMatchParser:129] WARN - Couldn't parse the given raw match line, because it is of an unexpected format.
2023-06-24 21:20:09,941 [amqEmbeddedWorkerJmsContainer-7] [uk.ac.ebi.interpro.scan.io.pirsf.hmmer3.PirsfHmmer3RawMatchParser:130] WARN - Unexpected Raw match line: 1 !  209.1   0.1   1.6e-65   2.7e-63      25     325 ..       9     326 ..       1     334 [. 0.83
2023-06-24 21:20:09,941 [amqEmbeddedWorkerJmsContainer-7] [uk.ac.ebi.interpro.scan.io.pirsf.hmmer3.PirsfHmmer3RawMatchParser:129] WARN - Couldn't parse the given raw match line, because it is of an unexpected format.
2023-06-24 21:20:09,941 [amqEmbeddedWorkerJmsContainer-7] [uk.ac.ebi.interpro.scan.io.pirsf.hmmer3.PirsfHmmer3RawMatchParser:130] WARN - Unexpected Raw match line: 2 !   30.2   0.0   4.4e-11   7.4e-09      21      77 ..     337     393 ..     323     396 .] 0.81
2023-06-24 21:20:09,941 [amqEmbeddedWorkerJmsContainer-7] [uk.ac.ebi.interpro.scan.io.pirsf.hmmer3.PirsfHmmer3RawMatchParser:129] WARN - Couldn't parse the given raw match line, because it is of an unexpected format.
2023-06-24 21:20:09,942 [amqEmbeddedWorkerJmsContainer-7] [uk.ac.ebi.interpro.scan.io.pirsf.hmmer3.PirsfHmmer3RawMatchParser:130] WARN - Unexpected Raw match line: Query sequence: 218 matches PIRSF000164: Dihydroorotate oxidase
2023-06-24 21:20:09,942 [amqEmbeddedWorkerJmsContainer-7] [uk.ac.ebi.interpro.scan.io.pirsf.hmmer3.PirsfHmmer3RawMatchParser:129] WARN - Couldn't parse the given raw match line, because it is of an unexpected format.
2023-06-24 21:20:09,942 [amqEmbeddedWorkerJmsContainer-7] [uk.ac.ebi.interpro.scan.io.pirsf.hmmer3.PirsfHmmer3RawMatchParser:130] WARN - Unexpected Raw match line: #    score  bias  c-Evalue  i-Evalue hmmfrom  hmm to    alifrom  ali to    envfrom  env to     acc
2023-06-24 21:20:09,942 [amqEmbeddedWorkerJmsContainer-7] [uk.ac.ebi.interpro.scan.io.pirsf.hmmer3.PirsfHmmer3RawMatchParser:129] WARN - Couldn't parse the given raw match line, because it is of an unexpected format.
2023-06-24 21:20:09,942 [amqEmbeddedWorkerJmsContainer-7] [uk.ac.ebi.interpro.scan.io.pirsf.hmmer3.PirsfHmmer3RawMatchParser:130] WARN - Unexpected Raw match line: 1 !  216.6   0.2   2.1e-68   1.4e-65      27     304 ..       5     266 .]       1     266 [] 0.94
2023-06-24 21:20:09,942 [amqEmbeddedWorkerJmsContainer-7] [uk.ac.ebi.interpro.scan.io.pirsf.hmmer3.PirsfHmmer3RawMatchParser:129] WARN - Couldn't parse the given raw match line, because it is of an unexpected format.
2023-06-24 21:20:09,942 [amqEmbeddedWorkerJmsContainer-7] [uk.ac.ebi.interpro.scan.io.pirsf.hmmer3.PirsfHmmer3RawMatchParser:130] WARN - Unexpected Raw match line: Query sequence: 233 matches PIRSF002158: Ribosomal protein, L2p/L2a/L8e/organellar L2 types
2023-06-24 21:20:09,942 [amqEmbeddedWorkerJmsContainer-7] [uk.ac.ebi.interpro.scan.io.pirsf.hmmer3.PirsfHmmer3RawMatchParser:129] WARN - Couldn't parse the given raw match line, because it is of an unexpected format.
2023-06-24 21:20:09,942 [amqEmbeddedWorkerJmsContainer-7] [uk.ac.ebi.interpro.scan.io.pirsf.hmmer3.PirsfHmmer3RawMatchParser:130] WARN - Unexpected Raw match line: #    score  bias  c-Evalue  i-Evalue hmmfrom  hmm to    alifrom  ali to    envfrom  env to     acc
2023-06-24 21:20:09,942 [amqEmbeddedWorkerJmsContainer-7] [uk.ac.ebi.interpro.scan.io.pirsf.hmmer3.PirsfHmmer3RawMatchParser:129] WARN - Couldn't parse the given raw match line, because it is of an unexpected format.
2023-06-24 21:20:09,942 [amqEmbeddedWorkerJmsContainer-7] [uk.ac.ebi.interpro.scan.io.pirsf.hmmer3.PirsfHmmer3RawMatchParser:130] WARN - Unexpected Raw match line: 1 !  288.7   5.6   2.2e-90   1.4e-87       7     265 ..       2     257 ..       1     258 [] 0.95
2023-06-24 21:20:09,942 [amqEmbeddedWorkerJmsContainer-7] [uk.ac.ebi.interpro.scan.io.pirsf.hmmer3.PirsfHmmer3RawMatchParser:129] WARN - Couldn't parse the given raw match line, because it is of an unexpected format.
2023-06-24 21:20:09,942 [amqEmbeddedWorkerJmsContainer-7] [uk.ac.ebi.interpro.scan.io.pirsf.hmmer3.PirsfHmmer3RawMatchParser:130] WARN - Unexpected Raw match line: Query sequence: 254 matches PIRSF000505: 3-phosphoshikimate 1-carboxyvinyltransferase
2023-06-24 21:20:09,942 [amqEmbeddedWorkerJmsContainer-7] [uk.ac.ebi.interpro.scan.io.pirsf.hmmer3.PirsfHmmer3RawMatchParser:129] WARN - Couldn't parse the given raw match line, because it is of an unexpected format.
2023-06-24 21:20:09,943 [amqEmbeddedWorkerJmsContainer-7] [uk.ac.ebi.interpro.scan.io.pirsf.hmmer3.PirsfHmmer3RawMatchParser:130] WARN - Unexpected Raw match line: #    score  bias  c-Evalue  i-Evalue hmmfrom  hmm to    alifrom  ali to    envfrom  env to     acc
2023-06-24 21:20:09,943 [amqEmbeddedWorkerJmsContainer-7] [uk.ac.ebi.interpro.scan.io.pirsf.hmmer3.PirsfHmmer3RawMatchParser:129] WARN - Couldn't parse the given raw match line, because it is of an unexpected format.
2023-06-24 21:20:09,943 [amqEmbeddedWorkerJmsContainer-7] [uk.ac.ebi.interpro.scan.io.pirsf.hmmer3.PirsfHmmer3RawMatchParser:130] WARN - Unexpected Raw match line: 1 !  399.3   0.0  1.7e-123  5.8e-121       3     437 ..       3     425 ..       1     427 [. 0.94
2023-06-24 21:20:09,943 [amqEmbeddedWorkerJmsContainer-7] [uk.ac.ebi.interpro.scan.io.pirsf.hmmer3.PirsfHmmer3RawMatchParser:129] WARN - Couldn't parse the given raw match line, because it is of an unexpected format.
2023-06-24 21:20:09,943 [amqEmbeddedWorkerJmsContainer-7] [uk.ac.ebi.interpro.scan.io.pirsf.hmmer3.PirsfHmmer3RawMatchParser:130] WARN - Unexpected Raw match line: Query sequence: 290 matches PIRSF001529: Serine-tRNA ligase
2023-06-24 21:20:09,943 [amqEmbeddedWorkerJmsContainer-7] [uk.ac.ebi.interpro.scan.io.pirsf.hmmer3.PirsfHmmer3RawMatchParser:129] WARN - Couldn't parse the given raw match line, because it is of an unexpected format.
2023-06-24 21:20:09,943 [amqEmbeddedWorkerJmsContainer-7] [uk.ac.ebi.interpro.scan.io.pirsf.hmmer3.PirsfHmmer3RawMatchParser:130] WARN - Unexpected Raw match line: #    score  bias  c-Evalue  i-Evalue hmmfrom  hmm to    alifrom  ali to    envfrom  env to     acc
2023-06-24 21:20:09,943 [amqEmbeddedWorkerJmsContainer-7] [uk.ac.ebi.interpro.scan.io.pirsf.hmmer3.PirsfHmmer3RawMatchParser:129] WARN - Couldn't parse the given raw match line, because it is of an unexpected format.
2023-06-24 21:20:09,943 [amqEmbeddedWorkerJmsContainer-7] [uk.ac.ebi.interpro.scan.io.pirsf.hmmer3.PirsfHmmer3RawMatchParser:130] WARN - Unexpected Raw match line: 1 !  593.4   0.0  4.8e-182    8e-180       1     424 [.       2     423 ..       2     424 .] 0.99
2023-06-24 21:20:09,943 [amqEmbeddedWorkerJmsContainer-7] [uk.ac.ebi.interpro.scan.io.pirsf.hmmer3.PirsfHmmer3RawMatchParser:129] WARN - Couldn't parse the given raw match line, because it is of an unexpected format.
2023-06-24 21:20:09,943 [amqEmbeddedWorkerJmsContainer-7] [uk.ac.ebi.interpro.scan.io.pirsf.hmmer3.PirsfHmmer3RawMatchParser:130] WARN - Unexpected Raw match line: Query sequence: 307 matches PIRSF000124: UDP-glucose/GDP-mannose dehydrogenase
2023-06-24 21:20:09,943 [amqEmbeddedWorkerJmsContainer-7] [uk.ac.ebi.interpro.scan.io.pirsf.hmmer3.PirsfHmmer3RawMatchParser:129] WARN - Couldn't parse the given raw match line, because it is of an unexpected format.
2023-06-24 21:20:09,943 [amqEmbeddedWorkerJmsContainer-7] [uk.ac.ebi.interpro.scan.io.pirsf.hmmer3.PirsfHmmer3RawMatchParser:130] WARN - Unexpected Raw match line: #    score  bias  c-Evalue  i-Evalue hmmfrom  hmm to    alifrom  ali to    envfrom  env to     acc
2023-06-24 21:20:09,943 [amqEmbeddedWorkerJmsContainer-7] [uk.ac.ebi.interpro.scan.io.pirsf.hmmer3.PirsfHmmer3RawMatchParser:129] WARN - Couldn't parse the given raw match line, because it is of an unexpected format.
2023-06-24 21:20:09,944 [amqEmbeddedWorkerJmsContainer-7] [uk.ac.ebi.interpro.scan.io.pirsf.hmmer3.PirsfHmmer3RawMatchParser:130] WARN - Unexpected Raw match line: 1 !  169.2   0.5     2e-53   4.5e-51       3     421 ..      30     417 ..      28     424 .. 0.87
2023-06-24 21:20:09,944 [amqEmbeddedWorkerJmsContainer-7] [uk.ac.ebi.interpro.scan.io.pirsf.hmmer3.PirsfHmmer3RawMatchParser:129] WARN - Couldn't parse the given raw match line, because it is of an unexpected format.
2023-06-24 21:20:09,944 [amqEmbeddedWorkerJmsContainer-7] [uk.ac.ebi.interpro.scan.io.pirsf.hmmer3.PirsfHmmer3RawMatchParser:130] WARN - Unexpected Raw match line: and matches Sub-Family PIRSF500136: UDP-N-acetyl-D-mannosaminuronate dehydrogenase
2023-06-24 21:20:09,944 [amqEmbeddedWorkerJmsContainer-7] [uk.ac.ebi.interpro.scan.io.pirsf.hmmer3.PirsfHmmer3RawMatchParser:129] WARN - Couldn't parse the given raw match line, because it is of an unexpected format.
2023-06-24 21:20:09,944 [amqEmbeddedWorkerJmsContainer-7] [uk.ac.ebi.interpro.scan.io.pirsf.hmmer3.PirsfHmmer3RawMatchParser:130] WARN - Unexpected Raw match line: #    score  bias  c-Evalue  i-Evalue hmmfrom  hmm to    alifrom  ali to    envfrom  env to     acc
2023-06-24 21:20:09,944 [amqEmbeddedWorkerJmsContainer-7] [uk.ac.ebi.interpro.scan.io.pirsf.hmmer3.PirsfHmmer3RawMatchParser:129] WARN - Couldn't parse the given raw match line, because it is of an unexpected format.
2023-06-24 21:20:09,944 [amqEmbeddedWorkerJmsContainer-7] [uk.ac.ebi.interpro.scan.io.pirsf.hmmer3.PirsfHmmer3RawMatchParser:130] WARN - Unexpected Raw match line: 1 !  413.0   0.8  2.5e-127  4.2e-125       4     429 ..      21     419 ..      18     427 .. 0.93
2023-06-24 21:20:09,944 [amqEmbeddedWorkerJmsContainer-7] [uk.ac.ebi.interpro.scan.io.pirsf.hmmer3.PirsfHmmer3RawMatchParser:129] WARN - Couldn't parse the given raw match line, because it is of an unexpected format.
2023-06-24 21:20:09,944 [amqEmbeddedWorkerJmsContainer-7] [uk.ac.ebi.interpro.scan.io.pirsf.hmmer3.PirsfHmmer3RawMatchParser:130] WARN - Unexpected Raw match line: Query sequence: 334 matches PIRSF001549: Histidyl-tRNA synthetase
2023-06-24 21:20:09,944 [amqEmbeddedWorkerJmsContainer-7] [uk.ac.ebi.interpro.scan.io.pirsf.hmmer3.PirsfHmmer3RawMatchParser:129] WARN - Couldn't parse the given raw match line, because it is of an unexpected format.
2023-06-24 21:20:09,944 [amqEmbeddedWorkerJmsContainer-7] [uk.ac.ebi.interpro.scan.io.pirsf.hmmer3.PirsfHmmer3RawMatchParser:130] WARN - Unexpected Raw match line: #    score  bias  c-Evalue  i-Evalue hmmfrom  hmm to    alifrom  ali to    envfrom  env to     acc
2023-06-24 21:20:09,944 [amqEmbeddedWorkerJmsContainer-7] [uk.ac.ebi.interpro.scan.io.pirsf.hmmer3.PirsfHmmer3RawMatchParser:129] WARN - Couldn't parse the given raw match line, because it is of an unexpected format.
2023-06-24 21:20:09,944 [amqEmbeddedWorkerJmsContainer-7] [uk.ac.ebi.interpro.scan.io.pirsf.hmmer3.PirsfHmmer3RawMatchParser:130] WARN - Unexpected Raw match line: 1 !  294.0   0.0   3.7e-91   6.2e-89       2     435 ..      49     448 ..      48     451 .. 0.90
2023-06-24 21:20:09,944 [amqEmbeddedWorkerJmsContainer-7] [uk.ac.ebi.interpro.scan.io.pirsf.hmmer3.PirsfHmmer3RawMatchParser:129] WARN - Couldn't parse the given raw match line, because it is of an unexpected format.
2023-06-24 21:20:09,944 [amqEmbeddedWorkerJmsContainer-7] [uk.ac.ebi.interpro.scan.io.pirsf.hmmer3.PirsfHmmer3RawMatchParser:130] WARN - Unexpected Raw match line: Query sequence: 335 matches PIRSF000724: Phosphoglycerate kinase
2023-06-24 21:20:09,944 [amqEmbeddedWorkerJmsContainer-7] [uk.ac.ebi.interpro.scan.io.pirsf.hmmer3.PirsfHmmer3RawMatchParser:129] WARN - Couldn't parse the given raw match line, because it is of an unexpected format.
2023-06-24 21:20:09,945 [amqEmbeddedWorkerJmsContainer-7] [uk.ac.ebi.interpro.scan.io.pirsf.hmmer3.PirsfHmmer3RawMatchParser:130] WARN - Unexpected Raw match line: #    score  bias  c-Evalue  i-Evalue hmmfrom  hmm to    alifrom  ali to    envfrom  env to     acc
2023-06-24 21:20:09,945 [amqEmbeddedWorkerJmsContainer-7] [uk.ac.ebi.interpro.scan.io.pirsf.hmmer3.PirsfHmmer3RawMatchParser:129] WARN - Couldn't parse the given raw match line, because it is of an unexpected format.
2023-06-24 21:20:09,945 [amqEmbeddedWorkerJmsContainer-7] [uk.ac.ebi.interpro.scan.io.pirsf.hmmer3.PirsfHmmer3RawMatchParser:130] WARN - Unexpected Raw match line: 1 !  400.8   0.0    3e-124    2e-121       5     405 ..      16     403 ..      10     404 .] 0.95
2023-06-24 21:20:09,945 [amqEmbeddedWorkerJmsContainer-7] [uk.ac.ebi.interpro.scan.io.pirsf.hmmer3.PirsfHmmer3RawMatchParser:129] WARN - Couldn't parse the given raw match line, because it is of an unexpected format.
2023-06-24 21:20:09,945 [amqEmbeddedWorkerJmsContainer-7] [uk.ac.ebi.interpro.scan.io.pirsf.hmmer3.PirsfHmmer3RawMatchParser:130] WARN - Unexpected Raw match line: Query sequence: 343 matches PIRSF006809: Predicted GTP-binding protein, HflX type
2023-06-24 21:20:09,945 [amqEmbeddedWorkerJmsContainer-7] [uk.ac.ebi.interpro.scan.io.pirsf.hmmer3.PirsfHmmer3RawMatchParser:129] WARN - Couldn't parse the given raw match line, because it is of an unexpected format.
2023-06-24 21:20:09,945 [amqEmbeddedWorkerJmsContainer-7] [uk.ac.ebi.interpro.scan.io.pirsf.hmmer3.PirsfHmmer3RawMatchParser:130] WARN - Unexpected Raw match line: #    score  bias  c-Evalue  i-Evalue hmmfrom  hmm to    alifrom  ali to    envfrom  env to     acc
2023-06-24 21:20:09,945 [amqEmbeddedWorkerJmsContainer-7] [uk.ac.ebi.interpro.scan.io.pirsf.hmmer3.PirsfHmmer3RawMatchParser:129] WARN - Couldn't parse the given raw match line, because it is of an unexpected format.
2023-06-24 21:20:09,945 [amqEmbeddedWorkerJmsContainer-7] [uk.ac.ebi.interpro.scan.io.pirsf.hmmer3.PirsfHmmer3RawMatchParser:130] WARN - Unexpected Raw match line: 1 !  354.7   0.2  1.1e-109  2.5e-107       6     361 ..       9     372 ..       3     373 .] 0.94
2023-06-24 21:20:09,945 [amqEmbeddedWorkerJmsContainer-7] [uk.ac.ebi.interpro.scan.io.pirsf.hmmer3.PirsfHmmer3RawMatchParser:129] WARN - Couldn't parse the given raw match line, because it is of an unexpected format.
2023-06-24 21:20:09,945 [amqEmbeddedWorkerJmsContainer-7] [uk.ac.ebi.interpro.scan.io.pirsf.hmmer3.PirsfHmmer3RawMatchParser:130] WARN - Unexpected Raw match line: Query sequence: 358 matches PIRSF005901: Translation elongation factor P
2023-06-24 21:20:09,945 [amqEmbeddedWorkerJmsContainer-7] [uk.ac.ebi.interpro.scan.io.pirsf.hmmer3.PirsfHmmer3RawMatchParser:129] WARN - Couldn't parse the given raw match line, because it is of an unexpected format.
2023-06-24 21:20:09,945 [amqEmbeddedWorkerJmsContainer-7] [uk.ac.ebi.interpro.scan.io.pirsf.hmmer3.PirsfHmmer3RawMatchParser:130] WARN - Unexpected Raw match line: #    score  bias  c-Evalue  i-Evalue hmmfrom  hmm to    alifrom  ali to    envfrom  env to     acc
2023-06-24 21:20:09,945 [amqEmbeddedWorkerJmsContainer-7] [uk.ac.ebi.interpro.scan.io.pirsf.hmmer3.PirsfHmmer3RawMatchParser:129] WARN - Couldn't parse the given raw match line, because it is of an unexpected format.
2023-06-24 21:20:09,946 [amqEmbeddedWorkerJmsContainer-7] [uk.ac.ebi.interpro.scan.io.pirsf.hmmer3.PirsfHmmer3RawMatchParser:130] WARN - Unexpected Raw match line: 1 !  187.7   1.2   8.7e-60   5.8e-57       3     186 ..      12     195 ..      10     196 .. 0.99
2023-06-24 21:20:09,946 [amqEmbeddedWorkerJmsContainer-7] [uk.ac.ebi.interpro.scan.io.pirsf.hmmer3.PirsfHmmer3RawMatchParser:129] WARN - Couldn't parse the given raw match line, because it is of an unexpected format.
2023-06-24 21:20:09,946 [amqEmbeddedWorkerJmsContainer-7] [uk.ac.ebi.interpro.scan.io.pirsf.hmmer3.PirsfHmmer3RawMatchParser:130] WARN - Unexpected Raw match line: Query sequence: 36 matches PIRSF001399: 3-dehydroquinate dehydratase, type II
2023-06-24 21:20:09,946 [amqEmbeddedWorkerJmsContainer-7] [uk.ac.ebi.interpro.scan.io.pirsf.hmmer3.PirsfHmmer3RawMatchParser:129] WARN - Couldn't parse the given raw match line, because it is of an unexpected format.
2023-06-24 21:20:09,946 [amqEmbeddedWorkerJmsContainer-7] [uk.ac.ebi.interpro.scan.io.pirsf.hmmer3.PirsfHmmer3RawMatchParser:130] WARN - Unexpected Raw match line: #    score  bias  c-Evalue  i-Evalue hmmfrom  hmm to    alifrom  ali to    envfrom  env to     acc
2023-06-24 21:20:09,946 [amqEmbeddedWorkerJmsContainer-7] [uk.ac.ebi.interpro.scan.io.pirsf.hmmer3.PirsfHmmer3RawMatchParser:129] WARN - Couldn't parse the given raw match line, because it is of an unexpected format.
2023-06-24 21:20:09,946 [amqEmbeddedWorkerJmsContainer-7] [uk.ac.ebi.interpro.scan.io.pirsf.hmmer3.PirsfHmmer3RawMatchParser:130] WARN - Unexpected Raw match line: 1 !  156.0   0.1     2e-50   1.4e-47       3     142 ..       5     144 ..       3     147 .. 0.98
2023-06-24 21:20:09,946 [amqEmbeddedWorkerJmsContainer-7] [uk.ac.ebi.interpro.scan.io.pirsf.hmmer3.PirsfHmmer3RawMatchParser:129] WARN - Couldn't parse the given raw match line, because it is of an unexpected format.
2023-06-24 21:20:09,946 [amqEmbeddedWorkerJmsContainer-7] [uk.ac.ebi.interpro.scan.io.pirsf.hmmer3.PirsfHmmer3RawMatchParser:130] WARN - Unexpected Raw match line: Query sequence: 364 matches PIRSF004486: S-adenosyl-L-methionine dependent methyltransferase, MraW type
2023-06-24 21:20:09,946 [amqEmbeddedWorkerJmsContainer-7] [uk.ac.ebi.interpro.scan.io.pirsf.hmmer3.PirsfHmmer3RawMatchParser:129] WARN - Couldn't parse the given raw match line, because it is of an unexpected format.
2023-06-24 21:20:09,946 [amqEmbeddedWorkerJmsContainer-7] [uk.ac.ebi.interpro.scan.io.pirsf.hmmer3.PirsfHmmer3RawMatchParser:130] WARN - Unexpected Raw match line: #    score  bias  c-Evalue  i-Evalue hmmfrom  hmm to    alifrom  ali to    envfrom  env to     acc
2023-06-24 21:20:09,946 [amqEmbeddedWorkerJmsContainer-7] [uk.ac.ebi.interpro.scan.io.pirsf.hmmer3.PirsfHmmer3RawMatchParser:129] WARN - Couldn't parse the given raw match line, because it is of an unexpected format.
2023-06-24 21:20:09,946 [amqEmbeddedWorkerJmsContainer-7] [uk.ac.ebi.interpro.scan.io.pirsf.hmmer3.PirsfHmmer3RawMatchParser:130] WARN - Unexpected Raw match line: 1 !  278.4   2.7   9.5e-87   3.2e-84      15     307 ..       2     289 .]       1     289 [] 0.93
2023-06-24 21:20:09,946 [amqEmbeddedWorkerJmsContainer-7] [uk.ac.ebi.interpro.scan.io.pirsf.hmmer3.PirsfHmmer3RawMatchParser:129] WARN - Couldn't parse the given raw match line, because it is of an unexpected format.
2023-06-24 21:20:09,946 [amqEmbeddedWorkerJmsContainer-7] [uk.ac.ebi.interpro.scan.io.pirsf.hmmer3.PirsfHmmer3RawMatchParser:130] WARN - Unexpected Raw match line: Query sequence: 369 matches PIRSF000854: Phosphoenolpyruvate synthase
2023-06-24 21:20:09,946 [amqEmbeddedWorkerJmsContainer-7] [uk.ac.ebi.interpro.scan.io.pirsf.hmmer3.PirsfHmmer3RawMatchParser:129] WARN - Couldn't parse the given raw match line, because it is of an unexpected format.
2023-06-24 21:20:09,947 [amqEmbeddedWorkerJmsContainer-7] [uk.ac.ebi.interpro.scan.io.pirsf.hmmer3.PirsfHmmer3RawMatchParser:130] WARN - Unexpected Raw match line: #    score  bias  c-Evalue  i-Evalue hmmfrom  hmm to    alifrom  ali to    envfrom  env to     acc
2023-06-24 21:20:09,947 [amqEmbeddedWorkerJmsContainer-7] [uk.ac.ebi.interpro.scan.io.pirsf.hmmer3.PirsfHmmer3RawMatchParser:129] WARN - Couldn't parse the given raw match line, because it is of an unexpected format.
2023-06-24 21:20:09,947 [amqEmbeddedWorkerJmsContainer-7] [uk.ac.ebi.interpro.scan.io.pirsf.hmmer3.PirsfHmmer3RawMatchParser:130] WARN - Unexpected Raw match line: 1 !  703.8   0.4  2.6e-215  8.8e-213       2     794 ..      12     784 ..      11     786 .. 0.90
2023-06-24 21:20:09,947 [amqEmbeddedWorkerJmsContainer-7] [uk.ac.ebi.interpro.scan.io.pirsf.hmmer3.PirsfHmmer3RawMatchParser:129] WARN - Couldn't parse the given raw match line, because it is of an unexpected format.
2023-06-24 21:20:09,947 [amqEmbeddedWorkerJmsContainer-7] [uk.ac.ebi.interpro.scan.io.pirsf.hmmer3.PirsfHmmer3RawMatchParser:130] WARN - Unexpected Raw match line: Query sequence: 372 matches PIRSF000106: Malic enzyme
2023-06-24 21:20:09,947 [amqEmbeddedWorkerJmsContainer-7] [uk.ac.ebi.interpro.scan.io.pirsf.hmmer3.PirsfHmmer3RawMatchParser:129] WARN - Couldn't parse the given raw match line, because it is of an unexpected format.
2023-06-24 21:20:09,947 [amqEmbeddedWorkerJmsContainer-7] [uk.ac.ebi.interpro.scan.io.pirsf.hmmer3.PirsfHmmer3RawMatchParser:130] WARN - Unexpected Raw match line: #    score  bias  c-Evalue  i-Evalue hmmfrom  hmm to    alifrom  ali to    envfrom  env to     acc
2023-06-24 21:20:09,947 [amqEmbeddedWorkerJmsContainer-7] [uk.ac.ebi.interpro.scan.io.pirsf.hmmer3.PirsfHmmer3RawMatchParser:129] WARN - Couldn't parse the given raw match line, because it is of an unexpected format.
2023-06-24 21:20:09,947 [amqEmbeddedWorkerJmsContainer-7] [uk.ac.ebi.interpro.scan.io.pirsf.hmmer3.PirsfHmmer3RawMatchParser:130] WARN - Unexpected Raw match line: 1 !  226.7   4.9   3.1e-71   2.1e-68     144     524 ..      52     370 ..      23     379 .. 0.91
2023-06-24 21:20:09,947 [amqEmbeddedWorkerJmsContainer-7] [uk.ac.ebi.interpro.scan.io.pirsf.hmmer3.PirsfHmmer3RawMatchParser:129] WARN - Couldn't parse the given raw match line, because it is of an unexpected format.
2023-06-24 21:20:09,947 [amqEmbeddedWorkerJmsContainer-7] [uk.ac.ebi.interpro.scan.io.pirsf.hmmer3.PirsfHmmer3RawMatchParser:130] WARN - Unexpected Raw match line: Query sequence: 378 matches PIRSF029271: Pyridoxine biosynthesis protein Pdx1
2023-06-24 21:20:09,947 [amqEmbeddedWorkerJmsContainer-7] [uk.ac.ebi.interpro.scan.io.pirsf.hmmer3.PirsfHmmer3RawMatchParser:129] WARN - Couldn't parse the given raw match line, because it is of an unexpected format.
2023-06-24 21:20:09,947 [amqEmbeddedWorkerJmsContainer-7] [uk.ac.ebi.interpro.scan.io.pirsf.hmmer3.PirsfHmmer3RawMatchParser:130] WARN - Unexpected Raw match line: #    score  bias  c-Evalue  i-Evalue hmmfrom  hmm to    alifrom  ali to    envfrom  env to     acc
2023-06-24 21:20:09,947 [amqEmbeddedWorkerJmsContainer-7] [uk.ac.ebi.interpro.scan.io.pirsf.hmmer3.PirsfHmmer3RawMatchParser:129] WARN - Couldn't parse the given raw match line, because it is of an unexpected format.
2023-06-24 21:20:09,947 [amqEmbeddedWorkerJmsContainer-7] [uk.ac.ebi.interpro.scan.io.pirsf.hmmer3.PirsfHmmer3RawMatchParser:130] WARN - Unexpected Raw match line: 1 !  446.4   7.7  2.4e-138  1.6e-135      14     295 ..       6     291 ..       2     294 .] 0.96
2023-06-24 21:20:09,947 [amqEmbeddedWorkerJmsContainer-7] [uk.ac.ebi.interpro.scan.io.pirsf.hmmer3.PirsfHmmer3RawMatchParser:129] WARN - Couldn't parse the given raw match line, because it is of an unexpected format.
2023-06-24 21:20:09,948 [amqEmbeddedWorkerJmsContainer-7] [uk.ac.ebi.interpro.scan.io.pirsf.hmmer3.PirsfHmmer3RawMatchParser:130] WARN - Unexpected Raw match line: Query sequence: 395 matches PIRSF019169: Tfp pilus assembly protein, ATPase PilM
2023-06-24 21:20:09,948 [amqEmbeddedWorkerJmsContainer-7] [uk.ac.ebi.interpro.scan.io.pirsf.hmmer3.PirsfHmmer3RawMatchParser:129] WARN - Couldn't parse the given raw match line, because it is of an unexpected format.
2023-06-24 21:20:09,948 [amqEmbeddedWorkerJmsContainer-7] [uk.ac.ebi.interpro.scan.io.pirsf.hmmer3.PirsfHmmer3RawMatchParser:130] WARN - Unexpected Raw match line: #    score  bias  c-Evalue  i-Evalue hmmfrom  hmm to    alifrom  ali to    envfrom  env to     acc
2023-06-24 21:20:09,948 [amqEmbeddedWorkerJmsContainer-7] [uk.ac.ebi.interpro.scan.io.pirsf.hmmer3.PirsfHmmer3RawMatchParser:129] WARN - Couldn't parse the given raw match line, because it is of an unexpected format.
2023-06-24 21:20:09,948 [amqEmbeddedWorkerJmsContainer-7] [uk.ac.ebi.interpro.scan.io.pirsf.hmmer3.PirsfHmmer3RawMatchParser:130] WARN - Unexpected Raw match line: 1 !  249.2   1.9     6e-78     2e-75      11     355 ..       9     347 ..       1     348 [] 0.94
2023-06-24 21:20:09,948 [amqEmbeddedWorkerJmsContainer-7] [uk.ac.ebi.interpro.scan.io.pirsf.hmmer3.PirsfHmmer3RawMatchParser:129] WARN - Couldn't parse the given raw match line, because it is of an unexpected format.
2023-06-24 21:20:09,948 [amqEmbeddedWorkerJmsContainer-7] [uk.ac.ebi.interpro.scan.io.pirsf.hmmer3.PirsfHmmer3RawMatchParser:130] WARN - Unexpected Raw match line: Query sequence: 398 matches PIRSF000124: UDP-glucose/GDP-mannose dehydrogenase
2023-06-24 21:20:09,948 [amqEmbeddedWorkerJmsContainer-7] [uk.ac.ebi.interpro.scan.io.pirsf.hmmer3.PirsfHmmer3RawMatchParser:129] WARN - Couldn't parse the given raw match line, because it is of an unexpected format.
2023-06-24 21:20:09,948 [amqEmbeddedWorkerJmsContainer-7] [uk.ac.ebi.interpro.scan.io.pirsf.hmmer3.PirsfHmmer3RawMatchParser:130] WARN - Unexpected Raw match line: #    score  bias  c-Evalue  i-Evalue hmmfrom  hmm to    alifrom  ali to    envfrom  env to     acc
2023-06-24 21:20:09,948 [amqEmbeddedWorkerJmsContainer-7] [uk.ac.ebi.interpro.scan.io.pirsf.hmmer3.PirsfHmmer3RawMatchParser:129] WARN - Couldn't parse the given raw match line, because it is of an unexpected format.
2023-06-24 21:20:09,948 [amqEmbeddedWorkerJmsContainer-7] [uk.ac.ebi.interpro.scan.io.pirsf.hmmer3.PirsfHmmer3RawMatchParser:130] WARN - Unexpected Raw match line: 1 !  457.6   0.6  6.1e-141  1.4e-138       1     438 []      12     440 ..      12     440 .. 0.95
2023-06-24 21:20:09,948 [amqEmbeddedWorkerJmsContainer-7] [uk.ac.ebi.interpro.scan.io.pirsf.hmmer3.PirsfHmmer3RawMatchParser:129] WARN - Couldn't parse the given raw match line, because it is of an unexpected format.
2023-06-24 21:20:09,948 [amqEmbeddedWorkerJmsContainer-7] [uk.ac.ebi.interpro.scan.io.pirsf.hmmer3.PirsfHmmer3RawMatchParser:130] WARN - Unexpected Raw match line: and matches Sub-Family PIRSF500134: UDP-glucose 6-dehydrogenase, bacterial type
2023-06-24 21:20:09,948 [amqEmbeddedWorkerJmsContainer-7] [uk.ac.ebi.interpro.scan.io.pirsf.hmmer3.PirsfHmmer3RawMatchParser:129] WARN - Couldn't parse the given raw match line, because it is of an unexpected format.
2023-06-24 21:20:09,948 [amqEmbeddedWorkerJmsContainer-7] [uk.ac.ebi.interpro.scan.io.pirsf.hmmer3.PirsfHmmer3RawMatchParser:130] WARN - Unexpected Raw match line: #    score  bias  c-Evalue  i-Evalue hmmfrom  hmm to    alifrom  ali to    envfrom  env to     acc
2023-06-24 21:20:09,949 [amqEmbeddedWorkerJmsContainer-7] [uk.ac.ebi.interpro.scan.io.pirsf.hmmer3.PirsfHmmer3RawMatchParser:129] WARN - Couldn't parse the given raw match line, because it is of an unexpected format.
2023-06-24 21:20:09,949 [amqEmbeddedWorkerJmsContainer-7] [uk.ac.ebi.interpro.scan.io.pirsf.hmmer3.PirsfHmmer3RawMatchParser:130] WARN - Unexpected Raw match line: 1 !  569.3   0.9  7.7e-175  1.7e-172       1     438 [.      12     441 .]      12     441 .] 0.99
2023-06-24 21:20:09,949 [amqEmbeddedWorkerJmsContainer-7] [uk.ac.ebi.interpro.scan.io.pirsf.hmmer3.PirsfHmmer3RawMatchParser:129] WARN - Couldn't parse the given raw match line, because it is of an unexpected format.
2023-06-24 21:20:09,949 [amqEmbeddedWorkerJmsContainer-7] [uk.ac.ebi.interpro.scan.io.pirsf.hmmer3.PirsfHmmer3RawMatchParser:130] WARN - Unexpected Raw match line: Query sequence: 399 matches PIRSF006677: Phosphoenolpyruvate carboxylase, archaeal type
2023-06-24 21:20:09,949 [amqEmbeddedWorkerJmsContainer-7] [uk.ac.ebi.interpro.scan.io.pirsf.hmmer3.PirsfHmmer3RawMatchParser:129] WARN - Couldn't parse the given raw match line, because it is of an unexpected format.
2023-06-24 21:20:09,949 [amqEmbeddedWorkerJmsContainer-7] [uk.ac.ebi.interpro.scan.io.pirsf.hmmer3.PirsfHmmer3RawMatchParser:130] WARN - Unexpected Raw match line: #    score  bias  c-Evalue  i-Evalue hmmfrom  hmm to    alifrom  ali to    envfrom  env to     acc
2023-06-24 21:20:09,949 [amqEmbeddedWorkerJmsContainer-7] [uk.ac.ebi.interpro.scan.io.pirsf.hmmer3.PirsfHmmer3RawMatchParser:129] WARN - Couldn't parse the given raw match line, because it is of an unexpected format.
2023-06-24 21:20:09,949 [amqEmbeddedWorkerJmsContainer-7] [uk.ac.ebi.interpro.scan.io.pirsf.hmmer3.PirsfHmmer3RawMatchParser:130] WARN - Unexpected Raw match line: 1 !  463.4   0.0  4.7e-143  3.1e-140       2     506 .]      13     511 .]      12     511 .] 0.93
2023-06-24 21:20:09,949 [amqEmbeddedWorkerJmsContainer-7] [uk.ac.ebi.interpro.scan.io.pirsf.hmmer3.PirsfHmmer3RawMatchParser:129] WARN - Couldn't parse the given raw match line, because it is of an unexpected format.
2023-06-24 21:20:09,949 [amqEmbeddedWorkerJmsContainer-7] [uk.ac.ebi.interpro.scan.io.pirsf.hmmer3.PirsfHmmer3RawMatchParser:130] WARN - Unexpected Raw match line: Query sequence: 412 matches PIRSF001455: 3-dehydroquinate synthase
2023-06-24 21:20:09,949 [amqEmbeddedWorkerJmsContainer-7] [uk.ac.ebi.interpro.scan.io.pirsf.hmmer3.PirsfHmmer3RawMatchParser:129] WARN - Couldn't parse the given raw match line, because it is of an unexpected format.
2023-06-24 21:20:09,949 [amqEmbeddedWorkerJmsContainer-7] [uk.ac.ebi.interpro.scan.io.pirsf.hmmer3.PirsfHmmer3RawMatchParser:130] WARN - Unexpected Raw match line: #    score  bias  c-Evalue  i-Evalue hmmfrom  hmm to    alifrom  ali to    envfrom  env to     acc
2023-06-24 21:20:09,949 [amqEmbeddedWorkerJmsContainer-7] [uk.ac.ebi.interpro.scan.io.pirsf.hmmer3.PirsfHmmer3RawMatchParser:129] WARN - Couldn't parse the given raw match line, because it is of an unexpected format.
2023-06-24 21:20:09,949 [amqEmbeddedWorkerJmsContainer-7] [uk.ac.ebi.interpro.scan.io.pirsf.hmmer3.PirsfHmmer3RawMatchParser:130] WARN - Unexpected Raw match line: 1 !  291.6   0.4   4.8e-91   3.2e-88      18     343 ..      35     357 ..      22     372 .. 0.90
2023-06-24 21:20:09,949 [amqEmbeddedWorkerJmsContainer-7] [uk.ac.ebi.interpro.scan.io.pirsf.hmmer3.PirsfHmmer3RawMatchParser:129] WARN - Couldn't parse the given raw match line, because it is of an unexpected format.
2023-06-24 21:20:09,949 [amqEmbeddedWorkerJmsContainer-7] [uk.ac.ebi.interpro.scan.io.pirsf.hmmer3.PirsfHmmer3RawMatchParser:130] WARN - Unexpected Raw match line: Query sequence: 419 matches PIRSF005047: Uncharacterised protein with DNA polymerase family X (POLIIIAc) and PHP domains
2023-06-24 21:20:09,950 [amqEmbeddedWorkerJmsContainer-7] [uk.ac.ebi.interpro.scan.io.pirsf.hmmer3.PirsfHmmer3RawMatchParser:129] WARN - Couldn't parse the given raw match line, because it is of an unexpected format.
2023-06-24 21:20:09,950 [amqEmbeddedWorkerJmsContainer-7] [uk.ac.ebi.interpro.scan.io.pirsf.hmmer3.PirsfHmmer3RawMatchParser:130] WARN - Unexpected Raw match line: #    score  bias  c-Evalue  i-Evalue hmmfrom  hmm to    alifrom  ali to    envfrom  env to     acc
2023-06-24 21:20:09,950 [amqEmbeddedWorkerJmsContainer-7] [uk.ac.ebi.interpro.scan.io.pirsf.hmmer3.PirsfHmmer3RawMatchParser:129] WARN - Couldn't parse the given raw match line, because it is of an unexpected format.
2023-06-24 21:20:09,950 [amqEmbeddedWorkerJmsContainer-7] [uk.ac.ebi.interpro.scan.io.pirsf.hmmer3.PirsfHmmer3RawMatchParser:130] WARN - Unexpected Raw match line: 1 !  512.8   0.1  1.1e-157  3.6e-155       2     551 ..       7     584 ..       6     588 .. 0.94
2023-06-24 21:20:09,950 [amqEmbeddedWorkerJmsContainer-7] [uk.ac.ebi.interpro.scan.io.pirsf.hmmer3.PirsfHmmer3RawMatchParser:129] WARN - Couldn't parse the given raw match line, because it is of an unexpected format.
2023-06-24 21:20:09,950 [amqEmbeddedWorkerJmsContainer-7] [uk.ac.ebi.interpro.scan.io.pirsf.hmmer3.PirsfHmmer3RawMatchParser:130] WARN - Unexpected Raw match line: Query sequence: 432 matches PIRSF001109: Adenosylhomocysteine hydrolase, SAHH type
2023-06-24 21:20:09,950 [amqEmbeddedWorkerJmsContainer-7] [uk.ac.ebi.interpro.scan.io.pirsf.hmmer3.PirsfHmmer3RawMatchParser:129] WARN - Couldn't parse the given raw match line, because it is of an unexpected format.
2023-06-24 21:20:09,950 [amqEmbeddedWorkerJmsContainer-7] [uk.ac.ebi.interpro.scan.io.pirsf.hmmer3.PirsfHmmer3RawMatchParser:130] WARN - Unexpected Raw match line: #    score  bias  c-Evalue  i-Evalue hmmfrom  hmm to    alifrom  ali to    envfrom  env to     acc
2023-06-24 21:20:09,950 [amqEmbeddedWorkerJmsContainer-7] [uk.ac.ebi.interpro.scan.io.pirsf.hmmer3.PirsfHmmer3RawMatchParser:129] WARN - Couldn't parse the given raw match line, because it is of an unexpected format.
2023-06-24 21:20:09,950 [amqEmbeddedWorkerJmsContainer-7] [uk.ac.ebi.interpro.scan.io.pirsf.hmmer3.PirsfHmmer3RawMatchParser:130] WARN - Unexpected Raw match line: 1 !  622.0   3.4  4.9e-191  1.7e-188      10     430 ..       5     425 .]       1     425 [] 0.99
2023-06-24 21:20:09,950 [amqEmbeddedWorkerJmsContainer-7] [uk.ac.ebi.interpro.scan.io.pirsf.hmmer3.PirsfHmmer3RawMatchParser:129] WARN - Couldn't parse the given raw match line, because it is of an unexpected format.
2023-06-24 21:20:09,950 [amqEmbeddedWorkerJmsContainer-7] [uk.ac.ebi.interpro.scan.io.pirsf.hmmer3.PirsfHmmer3RawMatchParser:130] WARN - Unexpected Raw match line: Query sequence: 448 matches PIRSF001435: Endonuclease III
2023-06-24 21:20:09,950 [amqEmbeddedWorkerJmsContainer-7] [uk.ac.ebi.interpro.scan.io.pirsf.hmmer3.PirsfHmmer3RawMatchParser:129] WARN - Couldn't parse the given raw match line, because it is of an unexpected format.
2023-06-24 21:20:09,950 [amqEmbeddedWorkerJmsContainer-7] [uk.ac.ebi.interpro.scan.io.pirsf.hmmer3.PirsfHmmer3RawMatchParser:130] WARN - Unexpected Raw match line: #    score  bias  c-Evalue  i-Evalue hmmfrom  hmm to    alifrom  ali to    envfrom  env to     acc
2023-06-24 21:20:09,950 [amqEmbeddedWorkerJmsContainer-7] [uk.ac.ebi.interpro.scan.io.pirsf.hmmer3.PirsfHmmer3RawMatchParser:129] WARN - Couldn't parse the given raw match line, because it is of an unexpected format.
2023-06-24 21:20:09,950 [amqEmbeddedWorkerJmsContainer-7] [uk.ac.ebi.interpro.scan.io.pirsf.hmmer3.PirsfHmmer3RawMatchParser:130] WARN - Unexpected Raw match line: 1 !  162.9   0.1   3.6e-52   2.4e-49      10     219 ..      10     210 ..       3     213 .. 0.92
2023-06-24 21:20:09,951 [amqEmbeddedWorkerJmsContainer-7] [uk.ac.ebi.interpro.scan.io.pirsf.hmmer3.PirsfHmmer3RawMatchParser:129] WARN - Couldn't parse the given raw match line, because it is of an unexpected format.
2023-06-24 21:20:09,951 [amqEmbeddedWorkerJmsContainer-7] [uk.ac.ebi.interpro.scan.io.pirsf.hmmer3.PirsfHmmer3RawMatchParser:130] WARN - Unexpected Raw match line: Query sequence: 466 matches PIRSF001220: L-asparaginase/Glutamyl-tRNA(Gln) amidotransferase subunit D
2023-06-24 21:20:09,951 [amqEmbeddedWorkerJmsContainer-7] [uk.ac.ebi.interpro.scan.io.pirsf.hmmer3.PirsfHmmer3RawMatchParser:129] WARN - Couldn't parse the given raw match line, because it is of an unexpected format.
2023-06-24 21:20:09,951 [amqEmbeddedWorkerJmsContainer-7] [uk.ac.ebi.interpro.scan.io.pirsf.hmmer3.PirsfHmmer3RawMatchParser:130] WARN - Unexpected Raw match line: #    score  bias  c-Evalue  i-Evalue hmmfrom  hmm to    alifrom  ali to    envfrom  env to     acc
2023-06-24 21:20:09,951 [amqEmbeddedWorkerJmsContainer-7] [uk.ac.ebi.interpro.scan.io.pirsf.hmmer3.PirsfHmmer3RawMatchParser:129] WARN - Couldn't parse the given raw match line, because it is of an unexpected format.
2023-06-24 21:20:09,951 [amqEmbeddedWorkerJmsContainer-7] [uk.ac.ebi.interpro.scan.io.pirsf.hmmer3.PirsfHmmer3RawMatchParser:130] WARN - Unexpected Raw match line: 1 !  301.4   0.1   4.5e-94     3e-91       2     330 ..       5     334 ..       4     335 .. 0.94
2023-06-24 21:20:09,951 [amqEmbeddedWorkerJmsContainer-7] [uk.ac.ebi.interpro.scan.io.pirsf.hmmer3.PirsfHmmer3RawMatchParser:129] WARN - Couldn't parse the given raw match line, because it is of an unexpected format.
2023-06-24 21:20:09,951 [amqEmbeddedWorkerJmsContainer-7] [uk.ac.ebi.interpro.scan.io.pirsf.hmmer3.PirsfHmmer3RawMatchParser:130] WARN - Unexpected Raw match line: and matches Sub-Family PIRSF500176: L-asparaginase/L-glutaminase
2023-06-24 21:20:09,951 [amqEmbeddedWorkerJmsContainer-7] [uk.ac.ebi.interpro.scan.io.pirsf.hmmer3.PirsfHmmer3RawMatchParser:129] WARN - Couldn't parse the given raw match line, because it is of an unexpected format.
2023-06-24 21:20:09,951 [amqEmbeddedWorkerJmsContainer-7] [uk.ac.ebi.interpro.scan.io.pirsf.hmmer3.PirsfHmmer3RawMatchParser:130] WARN - Unexpected Raw match line: #    score  bias  c-Evalue  i-Evalue hmmfrom  hmm to    alifrom  ali to    envfrom  env to     acc
2023-06-24 21:20:09,951 [amqEmbeddedWorkerJmsContainer-7] [uk.ac.ebi.interpro.scan.io.pirsf.hmmer3.PirsfHmmer3RawMatchParser:129] WARN - Couldn't parse the given raw match line, because it is of an unexpected format.
2023-06-24 21:20:09,951 [amqEmbeddedWorkerJmsContainer-7] [uk.ac.ebi.interpro.scan.io.pirsf.hmmer3.PirsfHmmer3RawMatchParser:130] WARN - Unexpected Raw match line: 1 !  321.4   0.0  3.9e-100   2.6e-97       2     329 ..       7     332 ..       6     333 .. 0.96
2023-06-24 21:20:09,951 [amqEmbeddedWorkerJmsContainer-7] [uk.ac.ebi.interpro.scan.io.pirsf.hmmer3.PirsfHmmer3RawMatchParser:129] WARN - Couldn't parse the given raw match line, because it is of an unexpected format.
2023-06-24 21:20:09,951 [amqEmbeddedWorkerJmsContainer-7] [uk.ac.ebi.interpro.scan.io.pirsf.hmmer3.PirsfHmmer3RawMatchParser:130] WARN - Unexpected Raw match line: Query sequence: 485 matches PIRSF000130: Inosine-5'-monophosphate dehydrogenase
2023-06-24 21:20:09,951 [amqEmbeddedWorkerJmsContainer-7] [uk.ac.ebi.interpro.scan.io.pirsf.hmmer3.PirsfHmmer3RawMatchParser:129] WARN - Couldn't parse the given raw match line, because it is of an unexpected format.
2023-06-24 21:20:09,951 [amqEmbeddedWorkerJmsContainer-7] [uk.ac.ebi.interpro.scan.io.pirsf.hmmer3.PirsfHmmer3RawMatchParser:130] WARN - Unexpected Raw match line: #    score  bias  c-Evalue  i-Evalue hmmfrom  hmm to    alifrom  ali to    envfrom  env to     acc
2023-06-24 21:20:09,952 [amqEmbeddedWorkerJmsContainer-7] [uk.ac.ebi.interpro.scan.io.pirsf.hmmer3.PirsfHmmer3RawMatchParser:129] WARN - Couldn't parse the given raw match line, because it is of an unexpected format.
2023-06-24 21:20:09,952 [amqEmbeddedWorkerJmsContainer-7] [uk.ac.ebi.interpro.scan.io.pirsf.hmmer3.PirsfHmmer3RawMatchParser:130] WARN - Unexpected Raw match line: 1 !  560.4   3.2  3.8e-172  1.3e-169      10     482 ..      23     496 ..      15     497 .] 0.96
2023-06-24 21:20:09,952 [amqEmbeddedWorkerJmsContainer-7] [uk.ac.ebi.interpro.scan.io.pirsf.hmmer3.PirsfHmmer3RawMatchParser:129] WARN - Couldn't parse the given raw match line, because it is of an unexpected format.
2023-06-24 21:20:09,952 [amqEmbeddedWorkerJmsContainer-7] [uk.ac.ebi.interpro.scan.io.pirsf.hmmer3.PirsfHmmer3RawMatchParser:130] WARN - Unexpected Raw match line: Query sequence: 489 matches PIRSF002162: Ribosomal protein, L6p/L6a/L9e/organellar L9 types
2023-06-24 21:20:09,952 [amqEmbeddedWorkerJmsContainer-7] [uk.ac.ebi.interpro.scan.io.pirsf.hmmer3.PirsfHmmer3RawMatchParser:129] WARN - Couldn't parse the given raw match line, because it is of an unexpected format.
2023-06-24 21:20:09,952 [amqEmbeddedWorkerJmsContainer-7] [uk.ac.ebi.interpro.scan.io.pirsf.hmmer3.PirsfHmmer3RawMatchParser:130] WARN - Unexpected Raw match line: #    score  bias  c-Evalue  i-Evalue hmmfrom  hmm to    alifrom  ali to    envfrom  env to     acc
2023-06-24 21:20:09,952 [amqEmbeddedWorkerJmsContainer-7] [uk.ac.ebi.interpro.scan.io.pirsf.hmmer3.PirsfHmmer3RawMatchParser:129] WARN - Couldn't parse the given raw match line, because it is of an unexpected format.
2023-06-24 21:20:09,952 [amqEmbeddedWorkerJmsContainer-7] [uk.ac.ebi.interpro.scan.io.pirsf.hmmer3.PirsfHmmer3RawMatchParser:130] WARN - Unexpected Raw match line: 1 !  156.0   3.1   4.1e-50   2.8e-47       2     184 ..      14     187 ..      13     188 .. 0.90
2023-06-24 21:20:09,952 [amqEmbeddedWorkerJmsContainer-7] [uk.ac.ebi.interpro.scan.io.pirsf.hmmer3.PirsfHmmer3RawMatchParser:129] WARN - Couldn't parse the given raw match line, because it is of an unexpected format.
2023-06-24 21:20:09,952 [amqEmbeddedWorkerJmsContainer-7] [uk.ac.ebi.interpro.scan.io.pirsf.hmmer3.PirsfHmmer3RawMatchParser:130] WARN - Unexpected Raw match line: Query sequence: 495 matches PIRSF000110: Glucose-6-phosphate dehydrogenase
2023-06-24 21:20:09,952 [amqEmbeddedWorkerJmsContainer-7] [uk.ac.ebi.interpro.scan.io.pirsf.hmmer3.PirsfHmmer3RawMatchParser:129] WARN - Couldn't parse the given raw match line, because it is of an unexpected format.
2023-06-24 21:20:09,952 [amqEmbeddedWorkerJmsContainer-7] [uk.ac.ebi.interpro.scan.io.pirsf.hmmer3.PirsfHmmer3RawMatchParser:130] WARN - Unexpected Raw match line: #    score  bias  c-Evalue  i-Evalue hmmfrom  hmm to    alifrom  ali to    envfrom  env to     acc
2023-06-24 21:20:09,952 [amqEmbeddedWorkerJmsContainer-7] [uk.ac.ebi.interpro.scan.io.pirsf.hmmer3.PirsfHmmer3RawMatchParser:129] WARN - Couldn't parse the given raw match line, because it is of an unexpected format.
2023-06-24 21:20:09,952 [amqEmbeddedWorkerJmsContainer-7] [uk.ac.ebi.interpro.scan.io.pirsf.hmmer3.PirsfHmmer3RawMatchParser:130] WARN - Unexpected Raw match line: 1 !  524.7   0.4  1.2e-161  8.4e-159      11     498 ..      13     506 ..       5     507 .] 0.94
2023-06-24 21:20:09,952 [amqEmbeddedWorkerJmsContainer-7] [uk.ac.ebi.interpro.scan.io.pirsf.hmmer3.PirsfHmmer3RawMatchParser:129] WARN - Couldn't parse the given raw match line, because it is of an unexpected format.
2023-06-24 21:20:09,952 [amqEmbeddedWorkerJmsContainer-7] [uk.ac.ebi.interpro.scan.io.pirsf.hmmer3.PirsfHmmer3RawMatchParser:130] WARN - Unexpected Raw match line: Query sequence: 526 matches PIRSF000412: Serine/glycine hydroxymethyltransferase
2023-06-24 21:20:09,952 [amqEmbeddedWorkerJmsContainer-7] [uk.ac.ebi.interpro.scan.io.pirsf.hmmer3.PirsfHmmer3RawMatchParser:129] WARN - Couldn't parse the given raw match line, because it is of an unexpected format.
2023-06-24 21:20:09,953 [amqEmbeddedWorkerJmsContainer-7] [uk.ac.ebi.interpro.scan.io.pirsf.hmmer3.PirsfHmmer3RawMatchParser:130] WARN - Unexpected Raw match line: #    score  bias  c-Evalue  i-Evalue hmmfrom  hmm to    alifrom  ali to    envfrom  env to     acc
2023-06-24 21:20:09,953 [amqEmbeddedWorkerJmsContainer-7] [uk.ac.ebi.interpro.scan.io.pirsf.hmmer3.PirsfHmmer3RawMatchParser:129] WARN - Couldn't parse the given raw match line, because it is of an unexpected format.
2023-06-24 21:20:09,953 [amqEmbeddedWorkerJmsContainer-7] [uk.ac.ebi.interpro.scan.io.pirsf.hmmer3.PirsfHmmer3RawMatchParser:130] WARN - Unexpected Raw match line: 1 !  534.3   0.0  1.8e-164    6e-162      10     443 ..      13     456 ..       2     459 .. 0.96
2023-06-24 21:20:09,953 [amqEmbeddedWorkerJmsContainer-7] [uk.ac.ebi.interpro.scan.io.pirsf.hmmer3.PirsfHmmer3RawMatchParser:129] WARN - Couldn't parse the given raw match line, because it is of an unexpected format.
2023-06-24 21:20:09,953 [amqEmbeddedWorkerJmsContainer-7] [uk.ac.ebi.interpro.scan.io.pirsf.hmmer3.PirsfHmmer3RawMatchParser:130] WARN - Unexpected Raw match line: Query sequence: 536 matches PIRSF001456: Chorismate synthase
2023-06-24 21:20:09,953 [amqEmbeddedWorkerJmsContainer-7] [uk.ac.ebi.interpro.scan.io.pirsf.hmmer3.PirsfHmmer3RawMatchParser:129] WARN - Couldn't parse the given raw match line, because it is of an unexpected format.
2023-06-24 21:20:09,953 [amqEmbeddedWorkerJmsContainer-7] [uk.ac.ebi.interpro.scan.io.pirsf.hmmer3.PirsfHmmer3RawMatchParser:130] WARN - Unexpected Raw match line: #    score  bias  c-Evalue  i-Evalue hmmfrom  hmm to    alifrom  ali to    envfrom  env to     acc
2023-06-24 21:20:09,953 [amqEmbeddedWorkerJmsContainer-7] [uk.ac.ebi.interpro.scan.io.pirsf.hmmer3.PirsfHmmer3RawMatchParser:129] WARN - Couldn't parse the given raw match line, because it is of an unexpected format.
2023-06-24 21:20:09,953 [amqEmbeddedWorkerJmsContainer-7] [uk.ac.ebi.interpro.scan.io.pirsf.hmmer3.PirsfHmmer3RawMatchParser:130] WARN - Unexpected Raw match line: 1 !  326.3   0.1  1.1e-101   7.2e-99       4     291 ..       3     303 ..       1     307 [. 0.96
2023-06-24 21:20:09,953 [amqEmbeddedWorkerJmsContainer-7] [uk.ac.ebi.interpro.scan.io.pirsf.hmmer3.PirsfHmmer3RawMatchParser:129] WARN - Couldn't parse the given raw match line, because it is of an unexpected format.
2023-06-24 21:20:09,953 [amqEmbeddedWorkerJmsContainer-7] [uk.ac.ebi.interpro.scan.io.pirsf.hmmer3.PirsfHmmer3RawMatchParser:130] WARN - Unexpected Raw match line: Query sequence: 548 matches PIRSF004803: Ribonuclease J
2023-06-24 21:20:09,953 [amqEmbeddedWorkerJmsContainer-7] [uk.ac.ebi.interpro.scan.io.pirsf.hmmer3.PirsfHmmer3RawMatchParser:129] WARN - Couldn't parse the given raw match line, because it is of an unexpected format.
2023-06-24 21:20:09,953 [amqEmbeddedWorkerJmsContainer-7] [uk.ac.ebi.interpro.scan.io.pirsf.hmmer3.PirsfHmmer3RawMatchParser:130] WARN - Unexpected Raw match line: #    score  bias  c-Evalue  i-Evalue hmmfrom  hmm to    alifrom  ali to    envfrom  env to     acc
2023-06-24 21:20:09,953 [amqEmbeddedWorkerJmsContainer-7] [uk.ac.ebi.interpro.scan.io.pirsf.hmmer3.PirsfHmmer3RawMatchParser:129] WARN - Couldn't parse the given raw match line, because it is of an unexpected format.
2023-06-24 21:20:09,953 [amqEmbeddedWorkerJmsContainer-7] [uk.ac.ebi.interpro.scan.io.pirsf.hmmer3.PirsfHmmer3RawMatchParser:130] WARN - Unexpected Raw match line: 1 !  641.9   2.4  5.1e-197  3.4e-194       7     560 ..      16     569 ..      11     570 .] 0.97
2023-06-24 21:20:09,953 [amqEmbeddedWorkerJmsContainer-7] [uk.ac.ebi.interpro.scan.io.pirsf.hmmer3.PirsfHmmer3RawMatchParser:129] WARN - Couldn't parse the given raw match line, because it is of an unexpected format.
2023-06-24 21:20:09,953 [amqEmbeddedWorkerJmsContainer-7] [uk.ac.ebi.interpro.scan.io.pirsf.hmmer3.PirsfHmmer3RawMatchParser:130] WARN - Unexpected Raw match line: Query sequence: 576 matches PIRSF000386: tRNA-(m1G37) methyltransferase
2023-06-24 21:20:09,953 [amqEmbeddedWorkerJmsContainer-7] [uk.ac.ebi.interpro.scan.io.pirsf.hmmer3.PirsfHmmer3RawMatchParser:129] WARN - Couldn't parse the given raw match line, because it is of an unexpected format.
2023-06-24 21:20:09,954 [amqEmbeddedWorkerJmsContainer-7] [uk.ac.ebi.interpro.scan.io.pirsf.hmmer3.PirsfHmmer3RawMatchParser:130] WARN - Unexpected Raw match line: #    score  bias  c-Evalue  i-Evalue hmmfrom  hmm to    alifrom  ali to    envfrom  env to     acc
2023-06-24 21:20:09,954 [amqEmbeddedWorkerJmsContainer-7] [uk.ac.ebi.interpro.scan.io.pirsf.hmmer3.PirsfHmmer3RawMatchParser:129] WARN - Couldn't parse the given raw match line, because it is of an unexpected format.
2023-06-24 21:20:09,954 [amqEmbeddedWorkerJmsContainer-7] [uk.ac.ebi.interpro.scan.io.pirsf.hmmer3.PirsfHmmer3RawMatchParser:130] WARN - Unexpected Raw match line: 1 !  283.9   0.0     4e-89   2.7e-86       1     217 [.       1     218 [.       1     220 [] 0.97
2023-06-24 21:20:09,954 [amqEmbeddedWorkerJmsContainer-7] [uk.ac.ebi.interpro.scan.io.pirsf.hmmer3.PirsfHmmer3RawMatchParser:129] WARN - Couldn't parse the given raw match line, because it is of an unexpected format.
2023-06-24 21:20:09,954 [amqEmbeddedWorkerJmsContainer-7] [uk.ac.ebi.interpro.scan.io.pirsf.hmmer3.PirsfHmmer3RawMatchParser:130] WARN - Unexpected Raw match line: Query sequence: 597 matches PIRSF000151: Gamma-glutamyl phosphate reductase
2023-06-24 21:20:09,954 [amqEmbeddedWorkerJmsContainer-7] [uk.ac.ebi.interpro.scan.io.pirsf.hmmer3.PirsfHmmer3RawMatchParser:129] WARN - Couldn't parse the given raw match line, because it is of an unexpected format.
2023-06-24 21:20:09,954 [amqEmbeddedWorkerJmsContainer-7] [uk.ac.ebi.interpro.scan.io.pirsf.hmmer3.PirsfHmmer3RawMatchParser:130] WARN - Unexpected Raw match line: #    score  bias  c-Evalue  i-Evalue hmmfrom  hmm to    alifrom  ali to    envfrom  env to     acc
2023-06-24 21:20:09,954 [amqEmbeddedWorkerJmsContainer-7] [uk.ac.ebi.interpro.scan.io.pirsf.hmmer3.PirsfHmmer3RawMatchParser:129] WARN - Couldn't parse the given raw match line, because it is of an unexpected format.
2023-06-24 21:20:09,954 [amqEmbeddedWorkerJmsContainer-7] [uk.ac.ebi.interpro.scan.io.pirsf.hmmer3.PirsfHmmer3RawMatchParser:130] WARN - Unexpected Raw match line: 1 !  478.7   4.5  6.8e-148  4.6e-145      13     420 ..      19     415 ..      12     416 .] 0.98
2023-06-24 21:20:09,954 [amqEmbeddedWorkerJmsContainer-7] [uk.ac.ebi.interpro.scan.io.pirsf.hmmer3.PirsfHmmer3RawMatchParser:129] WARN - Couldn't parse the given raw match line, because it is of an unexpected format.
2023-06-24 21:20:09,954 [amqEmbeddedWorkerJmsContainer-7] [uk.ac.ebi.interpro.scan.io.pirsf.hmmer3.PirsfHmmer3RawMatchParser:130] WARN - Unexpected Raw match line: Query sequence: 606 matches PIRSF001500: Bifunctional chorismate mutase/prephenate dehydratase (P-protein)
2023-06-24 21:20:09,954 [amqEmbeddedWorkerJmsContainer-7] [uk.ac.ebi.interpro.scan.io.pirsf.hmmer3.PirsfHmmer3RawMatchParser:129] WARN - Couldn't parse the given raw match line, because it is of an unexpected format.
2023-06-24 21:20:09,954 [amqEmbeddedWorkerJmsContainer-7] [uk.ac.ebi.interpro.scan.io.pirsf.hmmer3.PirsfHmmer3RawMatchParser:130] WARN - Unexpected Raw match line: #    score  bias  c-Evalue  i-Evalue hmmfrom  hmm to    alifrom  ali to    envfrom  env to     acc
2023-06-24 21:20:09,954 [amqEmbeddedWorkerJmsContainer-7] [uk.ac.ebi.interpro.scan.io.pirsf.hmmer3.PirsfHmmer3RawMatchParser:129] WARN - Couldn't parse the given raw match line, because it is of an unexpected format.
2023-06-24 21:20:09,954 [amqEmbeddedWorkerJmsContainer-7] [uk.ac.ebi.interpro.scan.io.pirsf.hmmer3.PirsfHmmer3RawMatchParser:130] WARN - Unexpected Raw match line: 1 !  233.7   0.2   1.6e-73     1e-70      90     360 ..      14     281 ..       5     283 .. 0.97
2023-06-24 21:20:09,954 [amqEmbeddedWorkerJmsContainer-7] [uk.ac.ebi.interpro.scan.io.pirsf.hmmer3.PirsfHmmer3RawMatchParser:129] WARN - Couldn't parse the given raw match line, because it is of an unexpected format.
2023-06-24 21:20:09,954 [amqEmbeddedWorkerJmsContainer-7] [uk.ac.ebi.interpro.scan.io.pirsf.hmmer3.PirsfHmmer3RawMatchParser:130] WARN - Unexpected Raw match line: Query sequence: 618 matches PIRSF001174: Lon protease
2023-06-24 21:20:09,955 [amqEmbeddedWorkerJmsContainer-7] [uk.ac.ebi.interpro.scan.io.pirsf.hmmer3.PirsfHmmer3RawMatchParser:129] WARN - Couldn't parse the given raw match line, because it is of an unexpected format.
2023-06-24 21:20:09,955 [amqEmbeddedWorkerJmsContainer-7] [uk.ac.ebi.interpro.scan.io.pirsf.hmmer3.PirsfHmmer3RawMatchParser:130] WARN - Unexpected Raw match line: #    score  bias  c-Evalue  i-Evalue hmmfrom  hmm to    alifrom  ali to    envfrom  env to     acc
2023-06-24 21:20:09,955 [amqEmbeddedWorkerJmsContainer-7] [uk.ac.ebi.interpro.scan.io.pirsf.hmmer3.PirsfHmmer3RawMatchParser:129] WARN - Couldn't parse the given raw match line, because it is of an unexpected format.
2023-06-24 21:20:09,955 [amqEmbeddedWorkerJmsContainer-7] [uk.ac.ebi.interpro.scan.io.pirsf.hmmer3.PirsfHmmer3RawMatchParser:130] WARN - Unexpected Raw match line: 1 !  265.2   8.1   3.3e-82   4.4e-80       7     349 ..       9     349 ..       3     355 .. 0.97
2023-06-24 21:20:09,955 [amqEmbeddedWorkerJmsContainer-7] [uk.ac.ebi.interpro.scan.io.pirsf.hmmer3.PirsfHmmer3RawMatchParser:129] WARN - Couldn't parse the given raw match line, because it is of an unexpected format.
2023-06-24 21:20:09,955 [amqEmbeddedWorkerJmsContainer-7] [uk.ac.ebi.interpro.scan.io.pirsf.hmmer3.PirsfHmmer3RawMatchParser:130] WARN - Unexpected Raw match line: 2 !  700.5   1.3  7.8e-214    1e-211     345     774 ..     381     810 ..     364     812 .. 0.97
2023-06-24 21:20:09,955 [amqEmbeddedWorkerJmsContainer-7] [uk.ac.ebi.interpro.scan.io.pirsf.hmmer3.PirsfHmmer3RawMatchParser:129] WARN - Couldn't parse the given raw match line, because it is of an unexpected format.
2023-06-24 21:20:09,955 [amqEmbeddedWorkerJmsContainer-7] [uk.ac.ebi.interpro.scan.io.pirsf.hmmer3.PirsfHmmer3RawMatchParser:130] WARN - Unexpected Raw match line: Query sequence: 633 matches PIRSF004557: Preprotein translocase Sec, SecY/Sec61-alpha subunit
2023-06-24 21:20:09,955 [amqEmbeddedWorkerJmsContainer-7] [uk.ac.ebi.interpro.scan.io.pirsf.hmmer3.PirsfHmmer3RawMatchParser:129] WARN - Couldn't parse the given raw match line, because it is of an unexpected format.
2023-06-24 21:20:09,955 [amqEmbeddedWorkerJmsContainer-7] [uk.ac.ebi.interpro.scan.io.pirsf.hmmer3.PirsfHmmer3RawMatchParser:130] WARN - Unexpected Raw match line: #    score  bias  c-Evalue  i-Evalue hmmfrom  hmm to    alifrom  ali to    envfrom  env to     acc
2023-06-24 21:20:09,955 [amqEmbeddedWorkerJmsContainer-7] [uk.ac.ebi.interpro.scan.io.pirsf.hmmer3.PirsfHmmer3RawMatchParser:129] WARN - Couldn't parse the given raw match line, because it is of an unexpected format.
2023-06-24 21:20:09,955 [amqEmbeddedWorkerJmsContainer-7] [uk.ac.ebi.interpro.scan.io.pirsf.hmmer3.PirsfHmmer3RawMatchParser:130] WARN - Unexpected Raw match line: 1 !  391.1  33.9  3.1e-121  2.1e-118      16     444 ..      13     429 ..       4     431 .] 0.92
2023-06-24 21:20:09,956 [amqEmbeddedWorkerJmsContainer-7] [uk.ac.ebi.interpro.scan.io.pirsf.hmmer3.PirsfHmmer3RawMatchParser:129] WARN - Couldn't parse the given raw match line, because it is of an unexpected format.
2023-06-24 21:20:09,956 [amqEmbeddedWorkerJmsContainer-7] [uk.ac.ebi.interpro.scan.io.pirsf.hmmer3.PirsfHmmer3RawMatchParser:130] WARN - Unexpected Raw match line: Query sequence: 635 matches PIRSF000804: Predicted DNA-directed DNA polymerase III, beta subunit
2023-06-24 21:20:09,956 [amqEmbeddedWorkerJmsContainer-7] [uk.ac.ebi.interpro.scan.io.pirsf.hmmer3.PirsfHmmer3RawMatchParser:129] WARN - Couldn't parse the given raw match line, because it is of an unexpected format.
2023-06-24 21:20:09,956 [amqEmbeddedWorkerJmsContainer-7] [uk.ac.ebi.interpro.scan.io.pirsf.hmmer3.PirsfHmmer3RawMatchParser:130] WARN - Unexpected Raw match line: #    score  bias  c-Evalue  i-Evalue hmmfrom  hmm to    alifrom  ali to    envfrom  env to     acc
2023-06-24 21:20:09,956 [amqEmbeddedWorkerJmsContainer-7] [uk.ac.ebi.interpro.scan.io.pirsf.hmmer3.PirsfHmmer3RawMatchParser:129] WARN - Couldn't parse the given raw match line, because it is of an unexpected format.
2023-06-24 21:20:09,956 [amqEmbeddedWorkerJmsContainer-7] [uk.ac.ebi.interpro.scan.io.pirsf.hmmer3.PirsfHmmer3RawMatchParser:130] WARN - Unexpected Raw match line: 1 !  293.8   3.2   9.1e-92   6.1e-89       1     371 [.       7     373 ..       7     374 .. 0.96
2023-06-24 21:20:09,956 [amqEmbeddedWorkerJmsContainer-7] [uk.ac.ebi.interpro.scan.io.pirsf.hmmer3.PirsfHmmer3RawMatchParser:129] WARN - Couldn't parse the given raw match line, because it is of an unexpected format.
2023-06-24 21:20:09,956 [amqEmbeddedWorkerJmsContainer-7] [uk.ac.ebi.interpro.scan.io.pirsf.hmmer3.PirsfHmmer3RawMatchParser:130] WARN - Unexpected Raw match line: Query sequence: 668 matches PIRSF000390: Predicted pyridoxal dependent aminotransferase, DegT/DnrJ/EryC1/StrS types
2023-06-24 21:20:09,956 [amqEmbeddedWorkerJmsContainer-7] [uk.ac.ebi.interpro.scan.io.pirsf.hmmer3.PirsfHmmer3RawMatchParser:129] WARN - Couldn't parse the given raw match line, because it is of an unexpected format.
2023-06-24 21:20:09,956 [amqEmbeddedWorkerJmsContainer-7] [uk.ac.ebi.interpro.scan.io.pirsf.hmmer3.PirsfHmmer3RawMatchParser:130] WARN - Unexpected Raw match line: #    score  bias  c-Evalue  i-Evalue hmmfrom  hmm to    alifrom  ali to    envfrom  env to     acc
2023-06-24 21:20:09,956 [amqEmbeddedWorkerJmsContainer-7] [uk.ac.ebi.interpro.scan.io.pirsf.hmmer3.PirsfHmmer3RawMatchParser:129] WARN - Couldn't parse the given raw match line, because it is of an unexpected format.
2023-06-24 21:20:09,957 [amqEmbeddedWorkerJmsContainer-7] [uk.ac.ebi.interpro.scan.io.pirsf.hmmer3.PirsfHmmer3RawMatchParser:130] WARN - Unexpected Raw match line: 1 !   96.6   0.0   3.7e-31   6.3e-29      16     126 ..      34     140 ..      21     143 .. 0.93
2023-06-24 21:20:09,957 [amqEmbeddedWorkerJmsContainer-7] [uk.ac.ebi.interpro.scan.io.pirsf.hmmer3.PirsfHmmer3RawMatchParser:129] WARN - Couldn't parse the given raw match line, because it is of an unexpected format.
2023-06-24 21:20:09,957 [amqEmbeddedWorkerJmsContainer-7] [uk.ac.ebi.interpro.scan.io.pirsf.hmmer3.PirsfHmmer3RawMatchParser:130] WARN - Unexpected Raw match line: 2 !   83.7   0.0     3e-27   5.1e-25     196     378 ..     215     383 ..     215     385 .] 0.90
2023-06-24 21:20:09,957 [amqEmbeddedWorkerJmsContainer-7] [uk.ac.ebi.interpro.scan.io.pirsf.hmmer3.PirsfHmmer3RawMatchParser:129] WARN - Couldn't parse the given raw match line, because it is of an unexpected format.
2023-06-24 21:20:09,957 [amqEmbeddedWorkerJmsContainer-7] [uk.ac.ebi.interpro.scan.io.pirsf.hmmer3.PirsfHmmer3RawMatchParser:130] WARN - Unexpected Raw match line: Query sequence: 67 matches PIRSF000808: Galactose-1-phosphate uridylyltransferase
2023-06-24 21:20:09,957 [amqEmbeddedWorkerJmsContainer-7] [uk.ac.ebi.interpro.scan.io.pirsf.hmmer3.PirsfHmmer3RawMatchParser:129] WARN - Couldn't parse the given raw match line, because it is of an unexpected format.
2023-06-24 21:20:09,957 [amqEmbeddedWorkerJmsContainer-7] [uk.ac.ebi.interpro.scan.io.pirsf.hmmer3.PirsfHmmer3RawMatchParser:130] WARN - Unexpected Raw match line: #    score  bias  c-Evalue  i-Evalue hmmfrom  hmm to    alifrom  ali to    envfrom  env to     acc
2023-06-24 21:20:09,957 [amqEmbeddedWorkerJmsContainer-7] [uk.ac.ebi.interpro.scan.io.pirsf.hmmer3.PirsfHmmer3RawMatchParser:129] WARN - Couldn't parse the given raw match line, because it is of an unexpected format.
2023-06-24 21:20:09,957 [amqEmbeddedWorkerJmsContainer-7] [uk.ac.ebi.interpro.scan.io.pirsf.hmmer3.PirsfHmmer3RawMatchParser:130] WARN - Unexpected Raw match line: 1 !   84.7   3.5   8.4e-28   2.8e-25      17     179 ..      52     195 ..      40     203 .. 0.87
2023-06-24 21:20:09,957 [amqEmbeddedWorkerJmsContainer-7] [uk.ac.ebi.interpro.scan.io.pirsf.hmmer3.PirsfHmmer3RawMatchParser:129] WARN - Couldn't parse the given raw match line, because it is of an unexpected format.
2023-06-24 21:20:09,957 [amqEmbeddedWorkerJmsContainer-7] [uk.ac.ebi.interpro.scan.io.pirsf.hmmer3.PirsfHmmer3RawMatchParser:130] WARN - Unexpected Raw match line: 2 !   80.9   0.0   1.2e-26   4.1e-24     217     347 ..     210     333 ..     196     334 .] 0.88
2023-06-24 21:20:09,957 [amqEmbeddedWorkerJmsContainer-7] [uk.ac.ebi.interpro.scan.io.pirsf.hmmer3.PirsfHmmer3RawMatchParser:129] WARN - Couldn't parse the given raw match line, because it is of an unexpected format.
2023-06-24 21:20:09,958 [amqEmbeddedWorkerJmsContainer-7] [uk.ac.ebi.interpro.scan.io.pirsf.hmmer3.PirsfHmmer3RawMatchParser:130] WARN - Unexpected Raw match line: Query sequence: 79 matches PIRSF000390: Predicted pyridoxal dependent aminotransferase, DegT/DnrJ/EryC1/StrS types
2023-06-24 21:20:09,958 [amqEmbeddedWorkerJmsContainer-7] [uk.ac.ebi.interpro.scan.io.pirsf.hmmer3.PirsfHmmer3RawMatchParser:129] WARN - Couldn't parse the given raw match line, because it is of an unexpected format.
2023-06-24 21:20:09,958 [amqEmbeddedWorkerJmsContainer-7] [uk.ac.ebi.interpro.scan.io.pirsf.hmmer3.PirsfHmmer3RawMatchParser:130] WARN - Unexpected Raw match line: #    score  bias  c-Evalue  i-Evalue hmmfrom  hmm to    alifrom  ali to    envfrom  env to     acc
2023-06-24 21:20:09,958 [amqEmbeddedWorkerJmsContainer-7] [uk.ac.ebi.interpro.scan.io.pirsf.hmmer3.PirsfHmmer3RawMatchParser:129] WARN - Couldn't parse the given raw match line, because it is of an unexpected format.
2023-06-24 21:20:09,958 [amqEmbeddedWorkerJmsContainer-7] [uk.ac.ebi.interpro.scan.io.pirsf.hmmer3.PirsfHmmer3RawMatchParser:130] WARN - Unexpected Raw match line: 1 !  161.8   0.0   5.8e-51   9.7e-49      22     210 ..      22     208 ..       3     215 .. 0.91
2023-06-24 21:20:09,958 [amqEmbeddedWorkerJmsContainer-7] [uk.ac.ebi.interpro.scan.io.pirsf.hmmer3.PirsfHmmer3RawMatchParser:129] WARN - Couldn't parse the given raw match line, because it is of an unexpected format.
2023-06-24 21:20:09,958 [amqEmbeddedWorkerJmsContainer-7] [uk.ac.ebi.interpro.scan.io.pirsf.hmmer3.PirsfHmmer3RawMatchParser:130] WARN - Unexpected Raw match line: 2 !   35.9   0.0     1e-12   1.8e-10     235     373 ..     276     407 ..     270     412 .] 0.87
24/06/2023 21:34:05:709 100% done:  InterProScan analyses completed 

2023-06-24 21:34:06,212 [main] [uk.ac.ebi.interpro.scan.jms.master.AbstractMaster:259] WARN - Master process unable to delete temporary directory /projects/raw_lab/jobs/metacerberus/temp/str-c89.uncc.edu_20230624_211606735_4qb8
4199.86user 404.57system 18:04.14elapsed 424%CPU (0avgtext+0avgdata 3584508maxresident)k
1525648inputs+1565488outputs (372major+23627683minor)pagefaults 0swaps

======================================================
End Time   : Sat Jun 24 21:34:06 EDT 2023
Run Time   : 1085 seconds
======================================================

