=====================================================
Start Time  : Wed Jun 28 12:04:57 EDT 2023
Submit Dir  : /projects/raw_lab/jobs/metacerberus
Job ID/Name : 4041576 / PROKKA
Node List   : str-c111
Num Tasks   : 1 total [1 nodes @ 16 CPUs/node]
======================================================

Loading prokka/1.14.6
  Loading requirement: anaconda3/2022.10
======================================================
Running PROKKA On GTDB-100/genomes/bacteria/GCF_002154375.1.fna
======================================================
Bacteria
[12:04:59] This is prokka 1.14.6
[12:04:59] Written by Torsten Seemann <torsten.seemann@gmail.com>
[12:04:59] Homepage is https://github.com/tseemann/prokka
[12:04:59] Local time is Wed Jun 28 12:04:59 2023
[12:04:59] You are jlfiguer
[12:04:59] Operating system is linux
[12:04:59] You have BioPerl 1.7.8
Argument "1.7.8" isn't numeric in numeric lt (<) at /apps/pkg/anaconda3/2022.10/envs/prokka-1.14.6/bin/prokka line 259.
[12:04:59] System has 16 cores.
[12:04:59] Will use maximum of 16 cores.
[12:04:59] Annotating as >>> Bacteria <<<
[12:04:59] Generating locus_tag from 'GTDB-100/genomes/bacteria/GCF_002154375.1.fna' contents.
[12:04:59] Setting --locustag AIJJMOGC from MD5 a233680cc9a602743ddce384f75af412
[12:04:59] Creating new output folder: results/PROKKA/GTDB-100/genomes/bacteria/GCF_002154375.1
[12:04:59] Running: mkdir -p results\/PROKKA\/GTDB\-100\/genomes\/bacteria\/GCF_002154375\.1
[12:04:59] Using filename prefix: GCF_002154375.1.XXX
[12:04:59] Setting HMMER_NCPU=1
[12:04:59] Writing log to: results/PROKKA/GTDB-100/genomes/bacteria/GCF_002154375.1/GCF_002154375.1.log
[12:04:59] Command: /apps/pkg/anaconda3/2022.10/envs/prokka-1.14.6/bin/prokka --prefix GCF_002154375.1 --outdir results/PROKKA/GTDB-100/genomes/bacteria/GCF_002154375.1 --kingdom Bacteria --cpus 16 GTDB-100/genomes/bacteria/GCF_002154375.1.fna
[12:04:59] Appending to PATH: /apps/pkg/anaconda3/2022.10/envs/prokka-1.14.6/bin
[12:04:59] Looking for 'aragorn' - found /apps/pkg/anaconda3/2022.10/envs/prokka-1.14.6/bin/aragorn
[12:04:59] Determined aragorn version is 001002 from 'ARAGORN v1.2.41 Dean Laslett'
[12:04:59] Looking for 'barrnap' - found /apps/pkg/anaconda3/2022.10/envs/prokka-1.14.6/bin/barrnap
[12:04:59] Determined barrnap version is 000009 from 'barrnap 0.9'
[12:04:59] Looking for 'blastp' - found /apps/pkg/anaconda3/2022.10/envs/prokka-1.14.6/bin/blastp
[12:04:59] Determined blastp version is 002013 from 'blastp: 2.13.0+'
[12:04:59] Looking for 'cmpress' - found /apps/pkg/anaconda3/2022.10/envs/prokka-1.14.6/bin/cmpress
[12:04:59] Determined cmpress version is 001001 from '# INFERNAL 1.1.4 (Dec 2020)'
[12:04:59] Looking for 'cmscan' - found /apps/pkg/anaconda3/2022.10/envs/prokka-1.14.6/bin/cmscan
[12:04:59] Determined cmscan version is 001001 from '# INFERNAL 1.1.4 (Dec 2020)'
[12:04:59] Looking for 'egrep' - found /usr/bin/egrep
[12:04:59] Looking for 'find' - found /usr/bin/find
[12:04:59] Looking for 'grep' - found /usr/bin/grep
[12:04:59] Looking for 'hmmpress' - found /apps/pkg/anaconda3/2022.10/envs/prokka-1.14.6/bin/hmmpress
[12:04:59] Determined hmmpress version is 003003 from '# HMMER 3.3.2 (Nov 2020); http://hmmer.org/'
[12:04:59] Looking for 'hmmscan' - found /apps/pkg/anaconda3/2022.10/envs/prokka-1.14.6/bin/hmmscan
[12:04:59] Determined hmmscan version is 003003 from '# HMMER 3.3.2 (Nov 2020); http://hmmer.org/'
[12:04:59] Looking for 'java' - found /apps/pkg/anaconda3/2022.10/envs/prokka-1.14.6/bin/java
[12:04:59] Looking for 'makeblastdb' - found /apps/pkg/anaconda3/2022.10/envs/prokka-1.14.6/bin/makeblastdb
[12:04:59] Determined makeblastdb version is 002013 from 'makeblastdb: 2.13.0+'
[12:04:59] Looking for 'minced' - found /apps/pkg/anaconda3/2022.10/envs/prokka-1.14.6/bin/minced
[12:05:00] Determined minced version is 004002 from 'minced 0.4.2'
[12:05:00] Looking for 'parallel' - found /apps/pkg/anaconda3/2022.10/envs/prokka-1.14.6/bin/parallel
[12:05:00] Determined parallel version is 20230122 from 'GNU parallel 20230122'
[12:05:00] Looking for 'prodigal' - found /apps/pkg/anaconda3/2022.10/envs/prokka-1.14.6/bin/prodigal
[12:05:00] Determined prodigal version is 002006 from 'Prodigal V2.6.3: February, 2016'
[12:05:00] Looking for 'prokka-genbank_to_fasta_db' - found /apps/pkg/anaconda3/2022.10/envs/prokka-1.14.6/bin/prokka-genbank_to_fasta_db
[12:05:00] Looking for 'sed' - found /usr/bin/sed
[12:05:00] Looking for 'tbl2asn' - found /apps/pkg/anaconda3/2022.10/envs/prokka-1.14.6/bin/tbl2asn
[12:05:00] Determined tbl2asn version is 025007 from 'tbl2asn 25.7   arguments:'
[12:05:00] Using genetic code table 11.
[12:05:00] Loading and checking input file: GTDB-100/genomes/bacteria/GCF_002154375.1.fna
[12:05:00] Wrote 1135 contigs totalling 8426988 bp.
[12:05:00] Predicting tRNAs and tmRNAs
[12:05:00] Running: aragorn -l -gc11  -w results\/PROKKA\/GTDB\-100\/genomes\/bacteria\/GCF_002154375\.1\/GCF_002154375\.1\.fna
[12:05:00] 1 tRNA-Ser [12977,13063] 35 (cga)
[12:05:00] 1 tRNA-Thr [1393,1466] 34 (ggt)
[12:05:00] 2 tRNA-Met [1512,1585] 34 (cat)
[12:05:00] 3 tRNA-Trp [8952,9025] 34 (cca)
[12:05:01] 1 tRNA-Asp c[37809,37903] 36 (gtc)
[12:05:01] 1 tRNA-Gln c[34362,34437] 34 (ttg)
[12:05:01] 1 tRNA-Thr c[6408,6481] 34 (tgt)
[12:05:01] 1 tRNA-Ser [4049,4134] 35 (tga)
[12:05:01] 1 tRNA-Ala [13730,13804] 35 (cgc)
[12:05:01] 1 tRNA-Lys [4477,4551] 34 (ttt)
[12:05:01] 2 tRNA-Met [5886,5960] 35 (cat)
[12:05:01] 1 tRNA-Gly c[17237,17308] 33 (tcc)
[12:05:01] 2 tRNA-Pro [17477,17553] 35 (tgg)
[12:05:01] 1 tRNA-Gln [22946,23018] 34 (ctg)
[12:05:01] 2 tRNA-Glu [23059,23132] 35 (ctc)
[12:05:01] 3 tRNA-Glu [23161,23234] 35 (ctc)
[12:05:01] 4 tRNA-Gln [23253,23325] 34 (ctg)
[12:05:01] 5 tRNA-Glu [23353,23426] 35 (ctc)
[12:05:01] 1 tRNA-Ala [788,861] 34 (tgc)
[12:05:02] 1 tRNA-Leu [3004,3089] 34 (gag)
[12:05:02] 1 tRNA-Pro c[5146,5220] 35 (cgg)
[12:05:02] tRNA c[36019,36103] is a pseudo/wacky gene - skipping.
[12:05:02] 1 tRNA-Pro [9167,9241] 35 (ggg)
[12:05:02] 1 tRNA-Ala [1159,1244] 38 (cgc)
[12:05:02] 2 tRNA-Ala [2852,2932] 36 (tgc)
[12:05:02] 1 tRNA-Ser [6888,6973] 33 (gct)
[12:05:02] 1 tRNA-His c[5410,5483] 34 (gtg)
[12:05:02] 1 tRNA-Phe [50,124] 35 (gaa)
[12:05:02] 1 tRNA-Ser c[1237,1327] 36 (gga)
[12:05:02] 1 tRNA-Asp [6520,6611] 31 (gtc)
[12:05:02] 1 tRNA-Leu c[12744,12823] 37 (tag)
[12:05:03] 1 tmRNA [4483,4882] 96,146 ANTKRDSSQQAFALAA*
[12:05:03] 1 tRNA-Ala c[8494,8567] 34 (ggc)
[12:05:03] 1 tRNA-Ser [267,358] 37 (gct)
[12:05:03] 2 tRNA-Arg [581,654] 34 (acg)
[12:05:03] 1 tRNA-Gly c[3942,4013] 32 (tcc)
[12:05:03] 1 tRNA-Gly c[131,226] 32 (tcc)
[12:05:03] 1 tRNA-Leu [8494,8581] 34 (gag)
[12:05:04] 1 tRNA-Gly c[2237,2312] 34 (gcc)
[12:05:04] 2 tRNA-Gly c[6104,6179] 34 (gcc)
[12:05:04] 3 tRNA-Asp c[19237,19312] 36 (gtc)
[12:05:04] 1 tRNA-Ala c[1069,1142] 34 (ggc)
[12:05:04] 1 tRNA-Met c[2817,2893] 35 (cat)
[12:05:04] 2 tRNA-Asn c[3060,3133] 34 (gtt)
[12:05:04] 3 tRNA-Asn c[3138,3211] 34 (gtt)
[12:05:04] 1 tRNA-Val [3368,3441] 33 (tac)
[12:05:04] 1 tRNA-Ala c[14888,14982] 37 (cgc)
[12:05:04] 1 tRNA-Arg c[16038,16111] 34 (cct)
[12:05:05] 1 tRNA-Leu c[8258,8331] 34 (caa)
[12:05:05] 1 tRNA-Pro c[469,543] 35 (ggg)
[12:05:05] 1 tRNA-Leu [883,967] 35 (cag)
[12:05:05] 1 tRNA-Thr [3309,3385] 35 (cgt)
[12:05:05] 1 tRNA-Arg [5941,6028] 36 (tcg)
[12:05:05] 1 tRNA-Leu [1181,1265] 33 (taa)
[12:05:05] 1 tRNA-Lys [4653,4727] 35 (ctt)
[12:05:05] 1 tRNA-Ser c[3917,4004] 35 (gga)
[12:05:06] 1 tRNA-Arg [12167,12241] 34 (tct)
[12:05:06] 1 tRNA-Gly c[3204,3280] 36 (gcc)
[12:05:06] 1 tRNA-Cys [3516,3588] 34 (gca)
[12:05:07] 1 tRNA-Ile [849,946] 37 (gat)
[12:05:07] 2 tRNA-Gly [9120,9191] 32 (tcc)
[12:05:07] 1 tRNA-Ala [6330,6404] 35 (ggc)
[12:05:07] 1 tRNA-Met c[7445,7519] 35 (cat)
[12:05:07] 2 tRNA-Met c[9679,9753] 35 (cat)
[12:05:07] 1 tRNA-Ala [1167,1260] 35 (ggc)
[12:05:07] 1 tRNA-Val c[1571,1644] 33 (cac)
[12:05:07] 2 tRNA-Val c[13460,13533] 33 (cac)
[12:05:07] 1 tRNA-Pro c[25514,25588] 35 (ggg)
[12:05:07] 1 tRNA-Tyr [11999,12081] 35 (gta)
[12:05:07] 1 tRNA-Gly [2513,2586] 34 (gcc)
[12:05:07] 2 tRNA-Cys [2624,2697] 33 (gca)
[12:05:07] 3 tRNA-Val [2699,2771] 33 (gac)
[12:05:07] 4 tRNA-Val [2811,2883] 33 (gac)
[12:05:07] 1 tRNA-Thr [872,945] 34 (ggt)
[12:05:07] 1 tRNA-Ile c[1942,2018] 35 (gat)
[12:05:07] 1 tRNA-Glu c[2812,2887] 35 (ctc)
[12:05:07] tRNA [3125,3215] is a pseudo/wacky gene - skipping.
[12:05:07] Found 75 tRNAs
[12:05:07] Predicting Ribosomal RNAs
[12:05:07] Running Barrnap with 16 threads
[12:05:08] 1 NZ_MUND01000177.1 105 5S ribosomal RNA
[12:05:08] 2 NZ_MUND01000247.1 11277 5S ribosomal RNA
[12:05:08] 3 NZ_MUND01000359.1 310 16S ribosomal RNA
[12:05:08] 4 NZ_MUND01000359.1 2148 23S ribosomal RNA
[12:05:08] 5 NZ_MUND01000725.1 5566 5S ribosomal RNA
[12:05:08] 6 NZ_MUND01000888.1 3567 5S ribosomal RNA
[12:05:08] Found 6 rRNAs
[12:05:08] Skipping ncRNA search, enable with --rfam if desired.
[12:05:08] Total of 80 tRNA + rRNA features
[12:05:08] Searching for CRISPR repeats
[12:05:09] Found 0 CRISPRs
[12:05:09] Predicting coding sequences
[12:05:09] Contigs total 8426988 bp, so using single mode
[12:05:09] Running: prodigal -i results\/PROKKA\/GTDB\-100\/genomes\/bacteria\/GCF_002154375\.1\/GCF_002154375\.1\.fna -c -m -g 11 -p single -f sco -q
[12:05:16] Excluding CDS which overlaps existing RNA (tRNA) at NZ_MUND01000112.1:35995..38232 on + strand
[12:05:17] Excluding CDS which overlaps existing RNA (tRNA) at NZ_MUND01000207.1:744..1280 on - strand
[12:05:17] Excluding CDS which overlaps existing RNA (tRNA) at NZ_MUND01000207.1:2790..2966 on + strand
[12:05:17] Excluding CDS which overlaps existing RNA (tRNA) at NZ_MUND01000247.1:524..2257 on - strand
[12:05:17] Excluding CDS which overlaps existing RNA (tRNA) at NZ_MUND01000253.1:5995..7083 on + strand
[12:05:18] Excluding CDS which overlaps existing RNA (rRNA) at NZ_MUND01000359.1:2051..2779 on - strand
[12:05:18] Excluding CDS which overlaps existing RNA (tRNA) at NZ_MUND01000456.1:14526..15092 on - strand
[12:05:18] Excluding CDS which overlaps existing RNA (tRNA) at NZ_MUND01000492.1:5702..6448 on + strand
[12:05:18] Excluding CDS which overlaps existing RNA (tRNA) at NZ_MUND01000503.1:4093..4662 on + strand
[12:05:19] Excluding CDS which overlaps existing RNA (tRNA) at NZ_MUND01000061.1:2639..3859 on - strand
[12:05:19] Excluding CDS which overlaps existing RNA (tRNA) at NZ_MUND01000637.1:3559..4086 on - strand
[12:05:19] Excluding CDS which overlaps existing RNA (tRNA) at NZ_MUND01000682.1:153..1532 on + strand
[12:05:19] Excluding CDS which overlaps existing RNA (tRNA) at NZ_MUND01000735.1:37..1557 on - strand
[12:05:20] Excluding CDS which overlaps existing RNA (tRNA) at NZ_MUND01000898.1:2305..3150 on + strand
[12:05:20] Found 7621 CDS
[12:05:20] Connecting features back to sequences
[12:05:20] Not using genus-specific database. Try --usegenus to enable it.
[12:05:20] Annotating CDS, please be patient.
[12:05:20] Will use 16 CPUs for similarity searching.
[12:05:22] There are still 7621 unannotated CDS left (started with 7621)
[12:05:22] Will use blast to search against /apps/pkg/anaconda3/2022.10/envs/prokka-1.14.6/db/kingdom/Bacteria/IS with 16 CPUs
[12:05:22] Running: cat results\/PROKKA\/GTDB\-100\/genomes\/bacteria\/GCF_002154375\.1\/GCF_002154375\.1\.IS\.tmp\.3061206\.faa | parallel --gnu --plain -j 16 --block 73123 --recstart '>' --pipe blastp -query - -db /apps/pkg/anaconda3/2022.10/envs/prokka-1.14.6/db/kingdom/Bacteria/IS -evalue 1e-30 -qcov_hsp_perc 90 -num_threads 1 -num_descriptions 1 -num_alignments 1 -seg no > results\/PROKKA\/GTDB\-100\/genomes\/bacteria\/GCF_002154375\.1\/GCF_002154375\.1\.IS\.tmp\.3061206\.blast 2> /dev/null
[12:05:33] Deleting unwanted file: results/PROKKA/GTDB-100/genomes/bacteria/GCF_002154375.1/GCF_002154375.1.IS.tmp.3061206.faa
[12:05:33] Deleting unwanted file: results/PROKKA/GTDB-100/genomes/bacteria/GCF_002154375.1/GCF_002154375.1.IS.tmp.3061206.blast
[12:05:34] There are still 7577 unannotated CDS left (started with 7621)
[12:05:34] Will use blast to search against /apps/pkg/anaconda3/2022.10/envs/prokka-1.14.6/db/kingdom/Bacteria/AMR with 16 CPUs
[12:05:34] Running: cat results\/PROKKA\/GTDB\-100\/genomes\/bacteria\/GCF_002154375\.1\/GCF_002154375\.1\.AMR\.tmp\.3061206\.faa | parallel --gnu --plain -j 16 --block 72822 --recstart '>' --pipe blastp -query - -db /apps/pkg/anaconda3/2022.10/envs/prokka-1.14.6/db/kingdom/Bacteria/AMR -evalue 1e-300 -qcov_hsp_perc 90 -num_threads 1 -num_descriptions 1 -num_alignments 1 -seg no > results\/PROKKA\/GTDB\-100\/genomes\/bacteria\/GCF_002154375\.1\/GCF_002154375\.1\.AMR\.tmp\.3061206\.blast 2> /dev/null
[12:05:44] Deleting unwanted file: results/PROKKA/GTDB-100/genomes/bacteria/GCF_002154375.1/GCF_002154375.1.AMR.tmp.3061206.faa
[12:05:44] Deleting unwanted file: results/PROKKA/GTDB-100/genomes/bacteria/GCF_002154375.1/GCF_002154375.1.AMR.tmp.3061206.blast
[12:05:46] There are still 7577 unannotated CDS left (started with 7621)
[12:05:46] Will use blast to search against /apps/pkg/anaconda3/2022.10/envs/prokka-1.14.6/db/kingdom/Bacteria/sprot with 16 CPUs
[12:05:46] Running: cat results\/PROKKA\/GTDB\-100\/genomes\/bacteria\/GCF_002154375\.1\/GCF_002154375\.1\.sprot\.tmp\.3061206\.faa | parallel --gnu --plain -j 16 --block 72822 --recstart '>' --pipe blastp -query - -db /apps/pkg/anaconda3/2022.10/envs/prokka-1.14.6/db/kingdom/Bacteria/sprot -evalue 1e-09 -qcov_hsp_perc 80 -num_threads 1 -num_descriptions 1 -num_alignments 1 -seg no > results\/PROKKA\/GTDB\-100\/genomes\/bacteria\/GCF_002154375\.1\/GCF_002154375\.1\.sprot\.tmp\.3061206\.blast 2> /dev/null
[12:06:26] Modify product: Uncharacterized protein YehL => putative protein YehL
[12:06:26] Modify product: Uncharacterized protein YyaP => putative protein YyaP
[12:06:26] Modify product: Probable cytosol aminopeptidase => putative cytosol aminopeptidase
[12:06:26] Modify product: Thioredoxin-like reductase Rv2466c => Thioredoxin-like reductase
[12:06:26] Modify product: Probable polyglutamine synthesis accessory protein Rv0574c => putative polyglutamine synthesis accessory protein
[12:06:26] Modify product: Probable chromosome-partitioning protein ParB => putative chromosome-partitioning protein ParB
[12:06:26] Modify product: Uncharacterized protein YyaP => putative protein YyaP
[12:06:26] Modify product: Probable adenylyltransferase/sulfurtransferase MoeZ => putative adenylyltransferase/sulfurtransferase MoeZ
[12:06:26] Modify product: Uncharacterized protein Rv2901c => putative protein
[12:06:26] Modify product: UPF0109 protein Rv2908c => hypothetical protein
[12:06:26] Modify product: Putative coenzyme F420-dependent oxidoreductase Rv3520c => Putative coenzyme F420-dependent oxidoreductase
[12:06:26] Modify product: Probable succinyl-diaminopimelate desuccinylase => putative succinyl-diaminopimelate desuccinylase
[12:06:26] Modify product: Glycogen operon protein GlgX homolog => Glycogen operon protein GlgX 
[12:06:26] Modify product: Uncharacterized protein Rv1280c => putative protein
[12:06:26] Modify product: Putative peptide transport permease protein Rv1283c => Putative peptide transport permease protein
[12:06:26] Modify product: Putative peptide transport permease protein Rv1282c => Putative peptide transport permease protein
[12:06:26] Modify product: Uncharacterized ABC transporter ATP-binding protein Rv1281c => putative ABC transporter ATP-binding protein
[12:06:26] Modify product: Uncharacterized ABC transporter ATP-binding protein Rv1281c => putative ABC transporter ATP-binding protein
[12:06:26] Modify product: Putative transport protein Rv0205 => Putative transport protein
[12:06:26] Modify product: Uncharacterized HTH-type transcriptional regulator YfiR => putative HTH-type transcriptional regulator YfiR
[12:06:26] Modify product: Probable hydrogen peroxide-inducible genes activator => putative hydrogen peroxide-inducible genes activator
[12:06:26] Modify product: Uncharacterized protein YyaP => putative protein YyaP
[12:06:26] Modify product: Uncharacterized RNA pseudouridine synthase Rv1540 => putative RNA pseudouridine synthase
[12:06:26] Modify product: Probable cysteine desulfurase => putative cysteine desulfurase
[12:06:26] Modify product: Probable cytochrome c oxidase subunit 3 => putative cytochrome c oxidase subunit 3
[12:06:26] Modify product: Uncharacterized response regulatory protein Rv3143 => putative response regulatory protein
[12:06:26] Modify product: Probable cytochrome c oxidase subunit 1 => putative cytochrome c oxidase subunit 1
[12:06:26] Modify product: Protein Mb2227c => Protein
[12:06:26] Modify product: Phage shock protein A homolog => Phage shock protein A 
[12:06:26] Modify product: Glycogen operon protein GlgX homolog => Glycogen operon protein GlgX 
[12:06:26] Modify product: Uncharacterized protein YyaP => putative protein YyaP
[12:06:26] Modify product: Putative acyltransferase Rv0859 => Putative acyltransferase
[12:06:26] Modify product: Probable transcriptional regulatory protein Rv2603c => putative transcriptional regulatory protein
[12:06:26] Modify product: Uncharacterized protein Rv0906 => putative protein
[12:06:26] Modify product: UPF0336 protein Rv0504c => hypothetical protein
[12:06:26] Modify product: Uncharacterized amino acid permease YhdG => putative amino acid permease YhdG
[12:06:26] Modify product: Probable 3-hydroxybutyryl-CoA dehydrogenase => putative 3-hydroxybutyryl-CoA dehydrogenase
[12:06:26] Modify product: Uncharacterized protein Rv0102 => putative protein
[12:06:26] Modify product: Probable N-succinyldiaminopimelate aminotransferase DapC => putative N-succinyldiaminopimelate aminotransferase DapC
[12:06:26] Modify product: Uncharacterized ABC transporter ATP-binding protein YheS => putative ABC transporter ATP-binding protein YheS
[12:06:26] Modify product: Uncharacterized HTH-type transcriptional regulator Rv1556 => putative HTH-type transcriptional regulator
[12:06:26] Modify product: Uncharacterized protein Rv0966c => putative protein
[12:06:26] Modify product: Probable malonic semialdehyde reductase RutE => putative malonic semialdehyde reductase RutE
[12:06:26] Modify product: Uncharacterized phosphatase SCO2771 => putative phosphatase
[12:06:26] Modify product: Uncharacterized protein Rv1364c => putative protein
[12:06:26] Modify product: Nucleoid-associated protein Cthe_2143 => Nucleoid-associated protein
[12:06:26] Modify product: Probable fatty acid methyltransferase Rv3720 => putative fatty acid methyltransferase
[12:06:26] Modify product: Probable peptidoglycan glycosyltransferase FtsW => putative peptidoglycan glycosyltransferase FtsW
[12:06:26] Modify product: Uncharacterized protein Rv2226 => putative protein
[12:06:26] Modify product: Uncharacterized protein Rv0036c => putative protein
[12:06:26] Modify product: Uncharacterized protein HI_1163 => putative protein
[12:06:26] Modify product: Serine protease inhibitor Rv3364c => Serine protease inhibitor
[12:06:26] Modify product: Serine protease inhibitor Rv3364c => Serine protease inhibitor
[12:06:26] Modify product: Uncharacterized protein YisK => putative protein YisK
[12:06:26] Modify product: Uncharacterized HTH-type transcriptional regulator RhmR => putative HTH-type transcriptional regulator RhmR
[12:06:26] Modify product: Uncharacterized protein Rv2915c => putative protein
[12:06:27] Modify product: Probable RNA 2'-phosphotransferase => putative RNA 2'-phosphotransferase
[12:06:27] Modify product: Uncharacterized protein Rv0953c => putative protein
[12:06:27] Modify product: Probable iron-sulfur-binding oxidoreductase FadF => putative iron-sulfur-binding oxidoreductase FadF
[12:06:27] Modify product: Uncharacterized FtsW-like protein => putative FtsW-like protein
[12:06:27] Modify product: Probable cation efflux system protein Rv2025c => putative cation efflux system protein
[12:06:27] Modify product: Uncharacterized membrane protein Rv2637 => putative membrane protein
[12:06:27] Modify product: Probable ribonucleotide transport ATP-binding protein mkl => putative ribonucleotide transport ATP-binding protein mkl
[12:06:27] Modify product: Uncharacterized HTH-type transcriptional regulator YybR => putative HTH-type transcriptional regulator YybR
[12:06:27] Modify product: Uncharacterized protein Rv2926c => putative protein
[12:06:27] Modify product: Probable siderophore transport system ATP-binding protein YusV => putative siderophore transport system ATP-binding protein YusV
[12:06:27] Modify product: Uncharacterized MFS-type transporter Rv0037c => putative MFS-type transporter
[12:06:27] Modify product: Multidrug efflux ATP-binding/permease protein BCG_0231 => Multidrug efflux ATP-binding/permease protein
[12:06:27] Modify product: Uncharacterized protein Rv1367c => putative protein
[12:06:27] Modify product: Chloramphenicol efflux pump Rv0191 => Chloramphenicol efflux pump
[12:06:27] Modify product: Probable primosomal protein N' => putative primosomal protein N'
[12:06:27] Modify product: Putative methyltransferase Rv1407 => Putative methyltransferase
[12:06:27] Modify product: Uncharacterized oxidoreductase Rv1843c => putative oxidoreductase
[12:06:27] Modify product: Uncharacterized amino acid permease YhdG => putative amino acid permease YhdG
[12:06:27] Modify product: Uncharacterized symporter YidK => putative symporter YidK
[12:06:27] Modify product: UPF0749 protein Rv1823 => hypothetical protein
[12:06:27] Modify product: Uncharacterized FtsW-like protein => putative FtsW-like protein
[12:06:27] Modify product: PTS system EIIBC component SA0186 => PTS system EIIBC component
[12:06:27] Modify product: Probable cold shock protein A => putative cold shock protein A
[12:06:27] Modify product: Uncharacterized protein SA1069 => putative protein
[12:06:27] Modify product: Uncharacterized ABC transporter ATP-binding protein YlmA => putative ABC transporter ATP-binding protein YlmA
[12:06:27] Modify product: UPF0126 inner membrane protein YadS => hypothetical protein
[12:06:27] Modify product: Uncharacterized protein Rv0499 => putative protein
[12:06:27] Modify product: Uncharacterized protein Rv2242 => putative protein
[12:06:27] Modify product: Putative quercetin 2,3-dioxygenase Rv0181c => Putative quercetin 2,3-dioxygenase
[12:06:27] Modify product: Probable transcriptional regulator PhnF => putative transcriptional regulator PhnF
[12:06:27] Modify product: UPF0225 protein YchJ => hypothetical protein
[12:06:27] Modify product: Uncharacterized Nudix hydrolase YfcD => putative Nudix hydrolase YfcD
[12:06:27] Modify product: Probable oxidoreductase EphD => putative oxidoreductase EphD
[12:06:27] Modify product: Dye-decolorizing peroxidase Tfu_3078 => Dye-decolorizing peroxidase
[12:06:27] Modify product: Uncharacterized protein YcnI => putative protein YcnI
[12:06:27] Modify product: Uncharacterized protein Rv0498 => putative protein
[12:06:27] Modify product: Uncharacterized DapA-like lyase => putative DapA-like lyase
[12:06:27] Modify product: Uncharacterized HTH-type transcriptional regulator YtcD => putative HTH-type transcriptional regulator YtcD
[12:06:27] Modify product: Uncharacterized HTH-type transcriptional regulator Rv0474 => putative HTH-type transcriptional regulator
[12:06:27] Modify product: Probable D,D-dipeptide-binding periplasmic protein DdpA => putative D,D-dipeptide-binding periplasmic protein DdpA
[12:06:27] Modify product: Probable cytochrome c oxidase subunit 1 => putative cytochrome c oxidase subunit 1
[12:06:27] Modify product: Probable zinc-binding alcohol dehydrogenase Rv1895 => putative zinc-binding alcohol dehydrogenase
[12:06:27] Modify product: Probable adenylyl-sulfate kinase => putative adenylyl-sulfate kinase
[12:06:27] Modify product: Multidrug efflux system ATP-binding protein Rv1218c => Multidrug efflux system ATP-binding protein
[12:06:27] Modify product: Multidrug efflux system permease protein Rv1217c => Multidrug efflux system permease protein
[12:06:27] Modify product: Probable galactarate transporter => putative galactarate transporter
[12:06:27] Modify product: Probable ketoamine kinase HMPREF0351_12196 => putative ketoamine kinase
[12:06:27] Modify product: Probable glycerophosphodiester phosphodiesterase 1 => putative glycerophosphodiester phosphodiesterase 1
[12:06:27] Modify product: Probable cysteine desulfurase => putative cysteine desulfurase
[12:06:27] Modify product: UPF0051 protein Rv1462 => hypothetical protein
[12:06:27] Modify product: UPF0051 protein SA0778 => hypothetical protein
[12:06:27] Modify product: Probable ABC transporter-binding protein DR_1438 => putative ABC transporter-binding protein
[12:06:27] Modify product: Uncharacterized protein Rv1998c => putative protein
[12:06:27] Modify product: Uncharacterized ABC transporter ATP-binding protein YheS => putative ABC transporter ATP-binding protein YheS
[12:06:27] Modify product: Probable zinc-binding alcohol dehydrogenase Rv1895 => putative zinc-binding alcohol dehydrogenase
[12:06:27] Modify product: Uncharacterized GMC-type oxidoreductase Rv1279 => putative GMC-type oxidoreductase
[12:06:27] Modify product: Uncharacterized ABC transporter ATP-binding protein Rv0986 => putative ABC transporter ATP-binding protein
[12:06:27] Modify product: Uncharacterized oxidoreductase SA2266 => putative oxidoreductase
[12:06:27] Modify product: Probable propionyl-CoA carboxylase beta chain 5 => putative propionyl-CoA carboxylase beta chain 5
[12:06:27] Modify product: pH-sensitive adenylate cyclase Rv1264 => pH-sensitive adenylate cyclase
[12:06:27] Modify product: Multidrug efflux system ATP-binding protein Rv1218c => Multidrug efflux system ATP-binding protein
[12:06:27] Modify product: Uncharacterized sugar epimerase YhfK => putative sugar epimerase YhfK
[12:06:27] Modify product: Uncharacterized HTH-type transcriptional regulator Rv1830 => putative HTH-type transcriptional regulator
[12:06:27] Modify product: Uncharacterized protein Rv1829 => putative protein
[12:06:27] Modify product: Uncharacterized HTH-type transcriptional regulator Rv1828 => putative HTH-type transcriptional regulator
[12:06:27] Modify product: UPF0749 protein Rv1825 => hypothetical protein
[12:06:27] Modify product: Serine protease Rv3671c => Serine protease
[12:06:27] Modify product: Epimerase family protein Rv2216 => Epimerase family protein
[12:06:27] Modify product: Uncharacterized protein Rv2219 => putative protein
[12:06:27] Modify product: Probable transcriptional regulatory protein NarL => putative transcriptional regulatory protein NarL
[12:06:27] Modify product: Uncharacterized HTH-type transcriptional regulator Rv1985c => putative HTH-type transcriptional regulator
[12:06:27] Modify product: KsdD-like steroid dehydrogenase Rv0785 => KsdD-like steroid dehydrogenase
[12:06:27] Modify product: Universal stress protein Rv2005c => Universal stress protein
[12:06:27] Modify product: Bifunctional protein FolD => Bifunctional protein FolD protein
[12:06:27] Modify product: Uncharacterized protein Rv2629 => putative protein
[12:06:27] Modify product: Uncharacterized ABC transporter ATP-binding protein YbiT => putative ABC transporter ATP-binding protein YbiT
[12:06:27] Modify product: Uncharacterized protein Rv1339 => putative protein
[12:06:27] Modify product: Putative peroxiredoxin Rv2521 => Putative peroxiredoxin
[12:06:27] Modify product: Probable D,D-dipeptide-binding periplasmic protein DdpA => putative D,D-dipeptide-binding periplasmic protein DdpA
[12:06:27] Modify product: Probable aminotransferase Rv3329 => putative aminotransferase
[12:06:27] Modify product: Uncharacterized protein Rv1260 => putative protein
[12:06:27] Modify product: Putative transport protein Rv0205 => Putative transport protein
[12:06:27] Modify product: Probable glutamine ABC transporter permease protein GlnM => putative glutamine ABC transporter permease protein GlnM
[12:06:27] Modify product: Probable metallo-hydrolase Rv2300c => putative metallo-hydrolase
[12:06:27] Modify product: Probable quorum-quenching lactonase YtnP => putative quorum-quenching lactonase YtnP
[12:06:27] Modify product: Probable transcriptional regulatory protein TcrX => putative transcriptional regulatory protein TcrX
[12:06:27] Modify product: Uncharacterized multiple-sugar transport system permease YteP => putative multiple-sugar transport system permease YteP
[12:06:27] Modify product: Uncharacterized tRNA/rRNA methyltransferase Rv3579c => putative tRNA/rRNA methyltransferase
[12:06:27] Modify product: Phosphate-specific transport system accessory protein PhoU homolog 2 => Phosphate-specific transport system accessory protein PhoU 
[12:06:27] Modify product: Uncharacterized protein Rv0487 => putative protein
[12:06:27] Modify product: Uncharacterized zinc protease Rv2782c => putative zinc protease
[12:06:27] Modify product: Probable D-xylose utilization operon transcriptional repressor => putative D-xylose utilization operon transcriptional repressor
[12:06:27] Modify product: UPF0056 inner membrane protein MarC => hypothetical protein
[12:06:27] Modify product: Uncharacterized methyltransferase Rv3342 => putative methyltransferase
[12:06:27] Modify product: Uncharacterized protein YqeY => putative protein YqeY
[12:06:27] Modify product: Putative ATPase Rv3679 => Putative ATPase
[12:06:27] Modify product: Serine protease Rv3671c => Serine protease
[12:06:27] Modify product: Probable phosphatase Rv3661 => putative phosphatase
[12:06:27] Modify product: Putative glutamine amidotransferase Rv2859c => Putative glutamine amidotransferase
[12:06:27] Modify product: Uncharacterized HTH-type transcriptional regulator Rv2282c => putative HTH-type transcriptional regulator
[12:06:27] Modify product: Uncharacterized protein Rv2895c => putative protein
[12:06:27] Modify product: Probable helicase HelY => putative helicase HelY
[12:06:28] Modify product: Uncharacterized protein Rv0102 => putative protein
[12:06:28] Modify product: Uncharacterized protein Rv1841c => putative protein
[12:06:28] Modify product: UPF0053 protein Rv1842c => hypothetical protein
[12:06:28] Modify product: Uncharacterized protein Rv1841c => putative protein
[12:06:28] Modify product: UPF0053 protein Rv1842c => hypothetical protein
[12:06:28] Modify product: Putative hydro-lyase PSPTO_5379 => Putative hydro-lyase
[12:06:28] Modify product: Probable ATP-dependent helicase DinG homolog => putative ATP-dependent helicase DinG 
[12:06:28] Modify product: Probable cardiolipin synthase YwiE => putative cardiolipin synthase YwiE
[12:06:28] Modify product: Uncharacterized protein Rv1488 => putative protein
[12:06:28] Modify product: Uncharacterized ABC transporter ATP-binding protein YknY => putative ABC transporter ATP-binding protein YknY
[12:06:28] Modify product: Uncharacterized ABC transporter ATP-binding protein Rv1281c => putative ABC transporter ATP-binding protein
[12:06:28] Modify product: Acetyltransferase PA3944 => Acetyltransferase
[12:06:28] Modify product: Uncharacterized protein Rv0034 => putative protein
[12:06:28] Modify product: Tricorn protease homolog 1 => Tricorn protease 
[12:06:28] Modify product: Probable succinyl-CoA:3-ketoacid coenzyme A transferase subunit A => putative succinyl-CoA:3-ketoacid coenzyme A transferase subunit A
[12:06:28] Modify product: Probable succinyl-CoA:3-ketoacid coenzyme A transferase subunit B => putative succinyl-CoA:3-ketoacid coenzyme A transferase subunit B
[12:06:28] Modify product: Uncharacterized protein Rv1841c => putative protein
[12:06:28] Modify product: UPF0053 protein Rv1842c => hypothetical protein
[12:06:28] Modify product: Uncharacterized SURF1-like protein Rv2235 => putative SURF1-like protein
[12:06:28] Modify product: Uncharacterized transporter YycB => putative transporter YycB
[12:06:28] Modify product: Uncharacterized protein Rv1276c => putative protein
[12:06:28] Modify product: Putative HTH-type transcriptional regulator Rv1287 => Putative HTH-type transcriptional regulator
[12:06:28] Modify product: Uncharacterized protein SA0829 => putative protein
[12:06:28] Modify product: Uncharacterized protein Rv1260 => putative protein
[12:06:28] Modify product: Glycogen operon protein GlgX homolog => Glycogen operon protein GlgX 
[12:06:28] Modify product: Uncharacterized protein PA0049 => putative protein
[12:06:28] Modify product: Probable nitrate/nitrite transporter NarK2 => putative nitrate/nitrite transporter NarK2
[12:06:28] Modify product: Probable acetyl-CoA acetyltransferase => putative acetyl-CoA acetyltransferase
[12:06:28] Modify product: Probable GTPase Rv1496 => putative GTPase
[12:06:28] Modify product: UPF0045 protein Rv1898 => hypothetical protein
[12:06:28] Modify product: Uncharacterized protein Rv1342c => putative protein
[12:06:28] Modify product: Uncharacterized HTH-type transcriptional regulator Rv1556 => putative HTH-type transcriptional regulator
[12:06:28] Modify product: Uncharacterized protein Rv1324 => putative protein
[12:06:28] Modify product: Uncharacterized amino acid permease YhdG => putative amino acid permease YhdG
[12:06:28] Modify product: Probable xanthine dehydrogenase subunit A => putative xanthine dehydrogenase subunit A
[12:06:28] Modify product: UPF0166 protein TM_0021 => hypothetical protein
[12:06:28] Modify product: Probable arabinose-binding protein => putative arabinose-binding protein
[12:06:28] Modify product: Probable trans-aconitate 2-methyltransferase => putative trans-aconitate 2-methyltransferase
[12:06:28] Modify product: Uncharacterized HTH-type transcriptional regulator YbbH => putative HTH-type transcriptional regulator YbbH
[12:06:28] Modify product: Uncharacterized protein Rv1708 => putative protein
[12:06:28] Modify product: Probable thioesterase TesA => putative thioesterase TesA
[12:06:28] Modify product: Uncharacterized hydrolase SA2367 => putative hydrolase
[12:06:28] Modify product: Uncharacterized protein Rv1998c => putative protein
[12:06:28] Modify product: DNA-binding protein Rv2175c => DNA-binding protein
[12:06:28] Modify product: Uncharacterized MFS-type transporter EfpA => putative MFS-type transporter EfpA
[12:06:28] Modify product: Probable transcriptional regulator PhnF => putative transcriptional regulator PhnF
[12:06:28] Modify product: Uncharacterized MFS-type transporter EfpA => putative MFS-type transporter EfpA
[12:06:28] Modify product: Uncharacterized protein YesE => putative protein YesE
[12:06:28] Modify product: Uncharacterized protein Rv3421c => putative protein
[12:06:28] Modify product: Probable D,D-dipeptide-binding periplasmic protein DdpA => putative D,D-dipeptide-binding periplasmic protein DdpA
[12:06:28] Modify product: Uncharacterized glycosyl hydrolase Rv2006 => putative glycosyl hydrolase
[12:06:28] Modify product: Uncharacterized protein Rv0897c => putative protein
[12:06:28] Modify product: UPF0053 protein Rv2366c => hypothetical protein
[12:06:28] Modify product: Uncharacterized protein YjbR => putative protein YjbR
[12:06:28] Modify product: Probable D-xylose utilization operon transcriptional repressor => putative D-xylose utilization operon transcriptional repressor
[12:06:28] Modify product: Uncharacterized peptidase SA1530 => putative peptidase
[12:06:28] Modify product: Uncharacterized multiple-sugar transport system permease YteP => putative multiple-sugar transport system permease YteP
[12:06:28] Modify product: Probable glycine dehydrogenase (decarboxylating) => putative glycine dehydrogenase (decarboxylating)
[12:06:28] Modify product: Uncharacterized isomerase YddE => putative isomerase YddE
[12:06:28] Modify product: Probable acyl-CoA dehydrogenase fadE25 => putative acyl-CoA dehydrogenase fadE25
[12:06:28] Modify product: Probable peptidoglycan glycosyltransferase FtsW => putative peptidoglycan glycosyltransferase FtsW
[12:06:28] Modify product: Uncharacterized MFS-type transporter EfpA => putative MFS-type transporter EfpA
[12:06:28] Modify product: Probable diguanylate cyclase DgcC => putative diguanylate cyclase DgcC
[12:06:28] Modify product: Uncharacterized protein YisK => putative protein YisK
[12:06:28] Modify product: Uncharacterized protein YisK => putative protein YisK
[12:06:28] Modify product: Uncharacterized NAD-dependent oxidoreductase MAP_4146 => putative NAD-dependent oxidoreductase
[12:06:28] Modify product: Probable succinyl-CoA:3-ketoacid coenzyme A transferase subunit A => putative succinyl-CoA:3-ketoacid coenzyme A transferase subunit A
[12:06:28] Modify product: Probable succinyl-CoA:3-ketoacid coenzyme A transferase subunit B => putative succinyl-CoA:3-ketoacid coenzyme A transferase subunit B
[12:06:28] Modify product: Uncharacterized oxidoreductase SA2266 => putative oxidoreductase
[12:06:28] Modify product: Probable bifunctional transcriptional activator/DNA repair enzyme AlkA => putative bifunctional transcriptional activator/DNA repair enzyme AlkA
[12:06:28] Modify product: Probable NADH-specific resorcinol 4-hydroxylase => putative NADH-specific resorcinol 4-hydroxylase
[12:06:28] Modify product: Uncharacterized AAA domain-containing protein Rv2559c => putative AAA domain-containing protein
[12:06:28] Modify product: Uncharacterized protein Rv2581c => putative protein
[12:06:28] Modify product: Probable peptidyl-prolyl cis-trans isomerase B => putative peptidyl-prolyl cis-trans isomerase B
[12:06:28] Modify product: Uncharacterized protein MSMEG_2731/MSMEI_2664 => putative protein/MSMEI_2664
[12:06:28] Modify product: Uncharacterized protein Rv0906 => putative protein
[12:06:28] Modify product: Acetyltransferase PA3944 => Acetyltransferase
[12:06:28] Modify product: Probable lipid II flippase MurJ => putative lipid II flippase MurJ
[12:06:28] Modify product: Uncharacterized MFS-type transporter EfpA => putative MFS-type transporter EfpA
[12:06:28] Modify product: Probable M18 family aminopeptidase 2 => putative M18 family aminopeptidase 2
[12:06:28] Modify product: Butyryl-CoA dehydrogenase Swol_1933 => Butyryl-CoA dehydrogenase
[12:06:28] Modify product: Putative transport protein Rv0205 => Putative transport protein
[12:06:28] Modify product: NADH dehydrogenase-like protein SAOUHSC_00878 => NADH dehydrogenase-like protein
[12:06:28] Modify product: Probable transport protein YifK => putative transport protein YifK
[12:06:28] Modify product: Uncharacterized MFS-type transporter EfpA => putative MFS-type transporter EfpA
[12:06:28] Modify product: Probable allantoin permease => putative allantoin permease
[12:06:28] Modify product: Putative cystathionine beta-synthase Rv1077 => Putative cystathionine beta-synthase
[12:06:28] Modify product: Uncharacterized oxidoreductase YohF => putative oxidoreductase YohF
[12:06:28] Modify product: Uncharacterized ABC transporter ATP-binding protein TM_0288 => putative ABC transporter ATP-binding protein
[12:06:28] Modify product: Uncharacterized HTH-type transcriptional regulator YusO => putative HTH-type transcriptional regulator YusO
[12:06:28] Modify product: Uncharacterized ABC transporter ATP-binding protein TM_0288 => putative ABC transporter ATP-binding protein
[12:06:28] Modify product: Putative glutaredoxin Rv3198.1 => Putative glutaredoxin.1
[12:06:28] Modify product: Uncharacterized membrane protein Rv3691 => putative membrane protein
[12:06:28] Modify product: Uncharacterized HTH-type transcriptional regulator YybR => putative HTH-type transcriptional regulator YybR
[12:06:28] Modify product: ABC transporter ATP-binding/permease protein Rv1747 => ABC transporter ATP-binding/permease protein
[12:06:28] Modify product: Uncharacterized oxidoreductase YciK => putative oxidoreductase YciK
[12:06:28] Modify product: Uncharacterized protein MSMEG_2782/MSMEI_2713 => putative protein/MSMEI_2713
[12:06:28] Modify product: Uncharacterized FAD-linked oxidoreductase Rv2280 => putative FAD-linked oxidoreductase
[12:06:28] Modify product: Probable siderophore transport system permease protein YfhA => putative siderophore transport system permease protein YfhA
[12:06:28] Modify product: Probable tRNA-dihydrouridine synthase => putative tRNA-dihydrouridine synthase
[12:06:29] Modify product: Probable cobalt/nickel-exporting P-type ATPase => putative cobalt/nickel-exporting P-type ATPase
[12:06:29] Modify product: Potassium channel B446_29190 => Potassium channel
[12:06:29] Modify product: UPF0047 protein Rv2556c => hypothetical protein
[12:06:29] Modify product: Probable transcriptional regulatory protein pdtaR => putative transcriptional regulatory protein pdtaR
[12:06:29] Modify product: Leu/Ile/Val-binding protein homolog 3 => Leu/Ile/Val-binding protein 
[12:06:29] Modify product: Uncharacterized oxidoreductase Rv2900c => putative oxidoreductase
[12:06:29] Modify product: Probable protein-export membrane protein SecG => putative protein-export membrane protein SecG
[12:06:29] Modify product: Probable cell division protein WhiA => putative cell division protein WhiA
[12:06:29] Modify product: Nucleotide-binding protein Rv1421 => Nucleotide-binding protein
[12:06:29] Modify product: Uncharacterized membrane protein Rv2723 => putative membrane protein
[12:06:29] Modify product: Uncharacterized zinc protease Rv2782c => putative zinc protease
[12:06:29] Modify product: Uncharacterized ABC transporter ATP-binding protein YheS => putative ABC transporter ATP-binding protein YheS
[12:06:29] Modify product: Probable zinc-binding alcohol dehydrogenase Rv1895 => putative zinc-binding alcohol dehydrogenase
[12:06:29] Modify product: Probable D,D-dipeptide-binding periplasmic protein DdpA => putative D,D-dipeptide-binding periplasmic protein DdpA
[12:06:29] Modify product: Uncharacterized protein Rv1339 => putative protein
[12:06:29] Modify product: Probable 5-dehydro-4-deoxyglucarate dehydratase => putative 5-dehydro-4-deoxyglucarate dehydratase
[12:06:29] Modify product: Uncharacterized protein Rv2239c => putative protein
[12:06:29] Modify product: Glycogen operon protein GlgX homolog => Glycogen operon protein GlgX 
[12:06:29] Modify product: Uncharacterized protein YcbX => putative protein YcbX
[12:06:29] Modify product: Urea transporter DVU1160 => Urea transporter
[12:06:29] Modify product: Acetyltransferase PA3944 => Acetyltransferase
[12:06:29] Modify product: Probable endonuclease 4 => putative endonuclease 4
[12:06:29] Modify product: Protease HtpX homolog => Protease HtpX 
[12:06:29] Modify product: Uncharacterized transporter Rv1999c => putative transporter
[12:06:29] Modify product: UPF0234 protein MSMEG_1165/MSMEI_1134 => hypothetical protein
[12:06:29] Modify product: Serine protease inhibitor Rv3364c => Serine protease inhibitor
[12:06:29] Modify product: Probable phosphomannomutase => putative phosphomannomutase
[12:06:29] Modify product: Probable D-amino-acid oxidase => putative D-amino-acid oxidase
[12:06:29] Modify product: Uncharacterized MFS-type transporter EfpA => putative MFS-type transporter EfpA
[12:06:29] Modify product: NAD(P)H-dependent FMN reductase PA1204 => NAD(P)H-dependent FMN reductase
[12:06:29] Modify product: Uncharacterized amino acid permease YhdG => putative amino acid permease YhdG
[12:06:29] Modify product: Probable enoyl-CoA hydratase echA12 => putative enoyl-CoA hydratase echA12
[12:06:29] Modify product: Probable acyl-CoA dehydrogenase fadE25 => putative acyl-CoA dehydrogenase fadE25
[12:06:29] Modify product: Uncharacterized HTH-type transcriptional regulator Rv3095 => putative HTH-type transcriptional regulator
[12:06:29] Modify product: Putative O-phosphotransferase Rv2636 => Putative O-phosphotransferase
[12:06:29] Modify product: Uncharacterized protein Rv2910c => putative protein
[12:06:29] Modify product: Uncharacterized protein Rv0887c => putative protein
[12:06:29] Modify product: GTP cyclohydrolase 1 type 2 homolog => GTP cyclohydrolase 1 type 2 
[12:06:29] Modify product: Uncharacterized protein Rv2229c => putative protein
[12:06:29] Modify product: Probable D,D-dipeptide transport system permease protein DdpC => putative D,D-dipeptide transport system permease protein DdpC
[12:06:29] Modify product: Uncharacterized oxidoreductase YghA => putative oxidoreductase YghA
[12:06:29] Modify product: Uncharacterized HTH-type transcriptional regulator Rv3095 => putative HTH-type transcriptional regulator
[12:06:29] Modify product: UPF0182 protein MSMEG_1959/MSMEI_1915 => hypothetical protein
[12:06:29] Modify product: Uncharacterized protein YlbL => putative protein YlbL
[12:06:29] Modify product: Uncharacterized protein Rv0501 => putative protein
[12:06:29] Modify product: Probable enoyl-CoA hydratase 1 => putative enoyl-CoA hydratase 1
[12:06:29] Modify product: Serine protease inhibitor Rv3364c => Serine protease inhibitor
[12:06:29] Modify product: F420H(2)-dependent quinone reductase Rv1558 => F420H(2)-dependent quinone reductase
[12:06:29] Modify product: Uncharacterized membrane protein Rv2723 => putative membrane protein
[12:06:29] Modify product: Uncharacterized protein Rv3254 => putative protein
[12:06:29] Modify product: Putative S-adenosyl-L-methionine-dependent methyltransferase Rv1896c => Putative S-adenosyl-L-methionine-dependent methyltransferase
[12:06:29] Modify product: Putative multidrug export ATP-binding/permease protein SAV1866 => Putative multidrug export ATP-binding/permease protein
[12:06:29] Modify product: Probable 8-oxo-dGTP diphosphatase 1 => putative 8-oxo-dGTP diphosphatase 1
[12:06:29] Modify product: Uncharacterized HTH-type transcriptional regulator YybR => putative HTH-type transcriptional regulator YybR
[12:06:29] Modify product: Uncharacterized HTH-type transcriptional regulator Rv1556 => putative HTH-type transcriptional regulator
[12:06:29] Modify product: Uncharacterized aminopeptidase Rv1333 => putative aminopeptidase
[12:06:29] Modify product: Uncharacterized oxidoreductase MSMEG_1603/MSMEI_1564 => putative oxidoreductase/MSMEI_1564
[12:06:29] Modify product: Probable nicotinate-nucleotide adenylyltransferase => putative nicotinate-nucleotide adenylyltransferase
[12:06:29] Modify product: Uncharacterized HTH-type transcriptional regulator Rv0880 => putative HTH-type transcriptional regulator
[12:06:29] Modify product: Uncharacterized HTH-type transcriptional regulator Rv1556 => putative HTH-type transcriptional regulator
[12:06:29] Modify product: Uncharacterized MFS-type transporter EfpA => putative MFS-type transporter EfpA
[12:06:29] Modify product: Uncharacterized ABC transporter ATP-binding protein Rv1273c => putative ABC transporter ATP-binding protein
[12:06:29] Modify product: Uncharacterized ABC transporter ATP-binding protein TM_0288 => putative ABC transporter ATP-binding protein
[12:06:29] Modify product: Uncharacterized protein Rv0953c => putative protein
[12:06:29] Modify product: Probable transcriptional regulatory protein TcrX => putative transcriptional regulatory protein TcrX
[12:06:29] Modify product: Uncharacterized protein Rv1486c => putative protein
[12:06:29] Modify product: Uncharacterized ABC transporter ATP-binding protein YlmA => putative ABC transporter ATP-binding protein YlmA
[12:06:29] Modify product: Uncharacterized protein Rv1488 => putative protein
[12:06:29] Modify product: UPF0098 protein Rv2140c => hypothetical protein
[12:06:29] Modify product: Uncharacterized protease YdeA => putative protease YdeA
[12:06:29] Modify product: Multidrug efflux ATP-binding/permease protein BCG_0231 => Multidrug efflux ATP-binding/permease protein
[12:06:29] Modify product: Uncharacterized oxidoreductase CzcO => putative oxidoreductase CzcO
[12:06:29] Modify product: Probable low molecular weight protein-tyrosine-phosphatase => putative low molecular weight protein-tyrosine-phosphatase
[12:06:29] Modify product: UPF0073 inner membrane protein YqfA => hypothetical protein
[12:06:29] Modify product: UPF0309 protein BH3325 => hypothetical protein
[12:06:29] Modify product: Uncharacterized protein YccU => putative protein YccU
[12:06:29] Modify product: Uncharacterized protein Rv1276c => putative protein
[12:06:29] Modify product: Uncharacterized protein Rv1998c => putative protein
[12:06:29] Modify product: Bifunctional protein FolD => Bifunctional protein FolD protein
[12:06:29] Modify product: Uncharacterized MFS-type transporter EfpA => putative MFS-type transporter EfpA
[12:06:29] Modify product: Uncharacterized oxidoreductase MSMEG_2408/MSMEI_2347 => putative oxidoreductase/MSMEI_2347
[12:06:29] Modify product: Probable acyl-CoA dehydrogenase FadE10 => putative acyl-CoA dehydrogenase FadE10
[12:06:29] Modify product: Putative phosphoribosyl transferase Rv0571c => Putative phosphoribosyl transferase
[12:06:29] Modify product: Probable murein peptide carboxypeptidase => putative murein peptide carboxypeptidase
[12:06:29] Modify product: Uncharacterized HTH-type transcriptional regulator YxaF => putative HTH-type transcriptional regulator YxaF
[12:06:29] Modify product: Putative O-methyltransferase Rv1220c => Putative O-methyltransferase
[12:06:29] Modify product: Serine protease inhibitor Rv3364c => Serine protease inhibitor
[12:06:29] Modify product: Uncharacterized amino acid permease YhdG => putative amino acid permease YhdG
[12:06:29] Modify product: Probable D,D-dipeptide-binding periplasmic protein DdpA => putative D,D-dipeptide-binding periplasmic protein DdpA
[12:06:29] Modify product: Uncharacterized ABC transporter ATP-binding protein Rv1281c => putative ABC transporter ATP-binding protein
[12:06:29] Modify product: Probable xanthine dehydrogenase subunit D => putative xanthine dehydrogenase subunit D
[12:06:29] Modify product: Probable sensor histidine kinase pdtaS => putative sensor histidine kinase pdtaS
[12:06:29] Modify product: Uncharacterized Na(+)/H(+) exchanger Rv2287 => putative Na(+)/H(+) exchanger
[12:06:30] Modify product: HTH-type transcriptional repressor SCO4008 => HTH-type transcriptional repressor
[12:06:30] Modify product: Uncharacterized protein Rv2302 => putative protein
[12:06:30] Modify product: Uncharacterized protein YcjY => putative protein YcjY
[12:06:30] Modify product: Uncharacterized protein Rv2850c => putative protein
[12:06:30] Modify product: Uncharacterized MFS-type transporter EfpA => putative MFS-type transporter EfpA
[12:06:30] Modify product: Uncharacterized protein Rv0502 => putative protein
[12:06:30] Modify product: Uncharacterized protein YehL => putative protein YehL
[12:06:30] Modify product: Uncharacterized protein YciO => putative protein YciO
[12:06:30] Modify product: Uncharacterized protein Rv1841c => putative protein
[12:06:30] Modify product: UPF0053 protein Rv1842c => hypothetical protein
[12:06:30] Modify product: Probable xanthine dehydrogenase subunit D => putative xanthine dehydrogenase subunit D
[12:06:30] Modify product: Uncharacterized metal-dependent hydrolase TatD => putative metal-dependent hydrolase TatD
[12:06:30] Modify product: Probable dolichyl-phosphate-mannose--protein mannosyltransferase => putative dolichyl-phosphate-mannose--protein mannosyltransferase
[12:06:30] Modify product: Uncharacterized oxidoreductase SA2266 => putative oxidoreductase
[12:06:30] Modify product: Uncharacterized protein YqjY => putative protein YqjY
[12:06:30] Modify product: Probable adenylyl-sulfate kinase => putative adenylyl-sulfate kinase
[12:06:30] Modify product: Probable phosphoadenosine phosphosulfate reductase => putative phosphoadenosine phosphosulfate reductase
[12:06:30] Modify product: Probable bifunctional chitinase/lysozyme => putative bifunctional chitinase/lysozyme
[12:06:30] Modify product: Uncharacterized protein YehL => putative protein YehL
[12:06:30] Modify product: Uncharacterized HTH-type transcriptional regulator HI_0186 => putative HTH-type transcriptional regulator
[12:06:30] Modify product: Uncharacterized protein YpbG => putative protein YpbG
[12:06:30] Modify product: Uncharacterized ABC transporter ATP-binding protein Rv1273c => putative ABC transporter ATP-binding protein
[12:06:30] Modify product: Putative multidrug export ATP-binding/permease protein SAV1866 => Putative multidrug export ATP-binding/permease protein
[12:06:30] Modify product: Uncharacterized protein Rv0007 => putative protein
[12:06:30] Modify product: Beta sliding clamp homolog GriR => Beta sliding clamp GriR
[12:06:30] Modify product: Peptidoglycan-N-acetylglucosamine deacetylase BC_3618 => Peptidoglycan-N-acetylglucosamine deacetylase
[12:06:30] Modify product: Uncharacterized HTH-type transcriptional regulator Rv1816 => putative HTH-type transcriptional regulator
[12:06:30] Modify product: Putative trans-acting enoyl reductase Rv2449c => Putative trans-acting enoyl reductase
[12:06:30] Modify product: Uncharacterized protein Rv3400 => putative protein
[12:06:30] Modify product: Uncharacterized protein Rv0495c => putative protein
[12:06:30] Modify product: Probable bifunctional transcriptional activator/DNA repair enzyme AlkA => putative bifunctional transcriptional activator/DNA repair enzyme AlkA
[12:06:30] Modify product: Probable dipeptidase PepE => putative dipeptidase PepE
[12:06:30] Modify product: Uncharacterized protein Rv0501 => putative protein
[12:06:30] Modify product: Putative DNA-binding protein Rv0500A => Putative DNA-binding proteinA
[12:06:30] Modify product: Uncharacterized phosphatase SCO2771 => putative phosphatase
[12:06:30] Modify product: Uncharacterized HTH-type transcriptional regulator Rv0196 => putative HTH-type transcriptional regulator
[12:06:30] Modify product: Probable 6-phospho-beta-glucosidase => putative 6-phospho-beta-glucosidase
[12:06:30] Modify product: UPF0301 protein Rv0038 => hypothetical protein
[12:06:30] Modify product: Bifunctional protein Rv2228c => Bifunctional protein
[12:06:30] Modify product: Uncharacterized oxidoreductase YdgJ => putative oxidoreductase YdgJ
[12:06:30] Cleaned 391 /product names
[12:06:30] Deleting unwanted file: results/PROKKA/GTDB-100/genomes/bacteria/GCF_002154375.1/GCF_002154375.1.sprot.tmp.3061206.faa
[12:06:30] Deleting unwanted file: results/PROKKA/GTDB-100/genomes/bacteria/GCF_002154375.1/GCF_002154375.1.sprot.tmp.3061206.blast
[12:06:31] There are still 4824 unannotated CDS left (started with 7621)
[12:06:31] Will use hmmer3 to search against /apps/pkg/anaconda3/2022.10/envs/prokka-1.14.6/db/hmm/HAMAP.hmm with 16 CPUs
[12:06:31] Running: cat results\/PROKKA\/GTDB\-100\/genomes\/bacteria\/GCF_002154375\.1\/GCF_002154375\.1\.HAMAP\.hmm\.tmp\.3061206\.faa | parallel --gnu --plain -j 16 --block 42241 --recstart '>' --pipe hmmscan --noali --notextw --acc -E 1e-09 --cpu 1 /apps/pkg/anaconda3/2022.10/envs/prokka-1.14.6/db/hmm/HAMAP.hmm /dev/stdin > results\/PROKKA\/GTDB\-100\/genomes\/bacteria\/GCF_002154375\.1\/GCF_002154375\.1\.HAMAP\.hmm\.tmp\.3061206\.hmmer3 2> /dev/null
[12:06:56] Modify product: Uncharacterized Nudix hydrolase NudL => putative Nudix hydrolase NudL
[12:06:56] Cleaned 1 /product names
[12:06:56] Deleting unwanted file: results/PROKKA/GTDB-100/genomes/bacteria/GCF_002154375.1/GCF_002154375.1.HAMAP.hmm.tmp.3061206.faa
[12:06:56] Deleting unwanted file: results/PROKKA/GTDB-100/genomes/bacteria/GCF_002154375.1/GCF_002154375.1.HAMAP.hmm.tmp.3061206.hmmer3
[12:06:57] Labelling remaining 4342 proteins as 'hypothetical protein'
[12:06:57] Possible /pseudo 'Teichoic acid poly(glycerol phosphate) polymerase' at NZ_MUND01000123.1 position 6875
[12:06:57] Possible /pseudo 'Exopolysaccharide phosphotransferase CpsY' at NZ_MUND01000127.1 position 23427
[12:06:57] Possible /pseudo 'Sigma factor SigB regulation protein RsbQ' at NZ_MUND01000134.1 position 12437
[12:06:57] Possible /pseudo 'Sigma factor SigB regulation protein RsbQ' at NZ_MUND01000134.1 position 12694
[12:06:57] Possible /pseudo 'Serine/threonine-protein kinase PknD' at NZ_MUND01000140.1 position 6482
[12:06:57] Possible /pseudo 'Putative prophage phiRv2 integrase' at NZ_MUND01000172.1 position 13729
[12:06:57] Possible /pseudo 'Urease subunit alpha' at NZ_MUND01000018.1 position 26365
[12:06:57] Possible /pseudo 'Isonitrile hydratase' at NZ_MUND01000200.1 position 26324
[12:06:57] Possible /pseudo '18 kDa heat shock protein' at NZ_MUND01000203.1 position 2048
[12:06:57] Possible /pseudo 'IS5 family transposase IS1647' at NZ_MUND01000232.1 position 3707
[12:06:57] Possible /pseudo 'IS5 family transposase IS1647' at NZ_MUND01000248.1 position 299
[12:06:57] Possible /pseudo 'PTS system N-acetylglucosamine-specific EIIC component' at NZ_MUND01000261.1 position 9000
[12:06:57] Possible /pseudo 'Hca operon transcriptional activator HcaR' at NZ_MUND01000272.1 position 27803
[12:06:57] Possible /pseudo 'Alpha-amylase' at NZ_MUND01000273.1 position 7286
[12:06:57] Possible /pseudo 'IS5 family transposase IS1647' at NZ_MUND01000286.1 position 5296
[12:06:57] Possible /pseudo 'Trk system potassium uptake protein TrkA' at NZ_MUND01000354.1 position 8280
[12:06:57] Possible /pseudo 'Carboxylesterase A' at NZ_MUND01000357.1 position 11789
[12:06:57] Possible /pseudo 'Putative peptide transport permease protein' at NZ_MUND01000364.1 position 17365
[12:06:57] Possible /pseudo 'putative ABC transporter ATP-binding protein' at NZ_MUND01000364.1 position 18775
[12:06:57] Possible /pseudo 'Polyisoprenyl-teichoic acid--peptidoglycan teichoic acid transferase TagU' at NZ_MUND01000039.1 position 26015
[12:06:57] Possible /pseudo 'IS5 family transposase IS1647' at NZ_MUND01000465.1 position 7554
[12:06:57] Possible /pseudo 'General stress protein 16U' at NZ_MUND01000479.1 position 2815
[12:06:57] Possible /pseudo 'Chorismate synthase' at NZ_MUND01000055.1 position 4569
[12:06:57] Possible /pseudo '2-hydroxy-3-oxopropionate reductase' at NZ_MUND01000564.1 position 4278
[12:06:57] Possible /pseudo 'Membrane lipoprotein TmpC' at NZ_MUND01000625.1 position 7230
[12:06:57] Possible /pseudo '3-oxoacyl-[acyl-carrier-protein] reductase FabG' at NZ_MUND01000680.1 position 3312
[12:06:57] Possible /pseudo 'Acarbose 7(IV)-phosphotransferase' at NZ_MUND01000692.1 position 8170
[12:06:57] Possible /pseudo 'Pectate trisaccharide-lyase' at NZ_MUND01000703.1 position 939
[12:06:57] Possible /pseudo 'Pectate trisaccharide-lyase' at NZ_MUND01000703.1 position 3014
[12:06:57] Possible /pseudo 'Choline transport system permease protein OpuBB' at NZ_MUND01000723.1 position 1937
[12:06:57] Possible /pseudo 'Transglutaminase-activating metalloprotease' at NZ_MUND01000082.1 position 9077
[12:06:57] Possible /pseudo 'Serine/threonine-protein kinase PknD' at NZ_MUND01000088.1 position 2993
[12:06:57] Possible /pseudo 'Serine/threonine-protein kinase PknD' at NZ_MUND01000088.1 position 4127
[12:06:57] Possible /pseudo 'Serine/threonine-protein kinase PknD' at NZ_MUND01000088.1 position 6020
[12:06:57] Possible /pseudo 'RNA polymerase-binding transcription factor DksA' at NZ_MUND01000883.1 position 2046
[12:06:57] Found 1820 unique /gene codes.
[12:06:57] Fixed 2 duplicate /gene - draG_1 draG_2
[12:06:57] Fixed 2 duplicate /gene - ypeA_1 ypeA_2
[12:06:57] Fixed 4 duplicate /gene - bglA_1 bglA_2 bglA_3 bglA_4
[12:06:57] Fixed 2 duplicate /gene - scoA_1 scoA_2
[12:06:57] Fixed 2 duplicate /gene - aidB_1 aidB_2
[12:06:57] Fixed 2 duplicate /gene - malT_1 malT_2
[12:06:57] Fixed 3 duplicate /gene - rep_1 rep_2 rep_3
[12:06:57] Fixed 3 duplicate /gene - glpK_1 glpK_2 glpK_3
[12:06:57] Fixed 2 duplicate /gene - sotB_1 sotB_2
[12:06:57] Fixed 2 duplicate /gene - melC2_1 melC2_2
[12:06:57] Fixed 2 duplicate /gene - rnj_1 rnj_2
[12:06:57] Fixed 2 duplicate /gene - ybjJ_1 ybjJ_2
[12:06:57] Fixed 2 duplicate /gene - alkA_1 alkA_2
[12:06:57] Fixed 6 duplicate /gene - sigE_1 sigE_2 sigE_3 sigE_4 sigE_5 sigE_6
[12:06:57] Fixed 2 duplicate /gene - hrdB_1 hrdB_2
[12:06:57] Fixed 4 duplicate /gene - glgX_1 glgX_2 glgX_3 glgX_4
[12:06:57] Fixed 10 duplicate /gene - rsbV_1 rsbV_2 rsbV_3 rsbV_4 rsbV_5 rsbV_6 rsbV_7 rsbV_8 rsbV_9 rsbV_10
[12:06:57] Fixed 2 duplicate /gene - lhgD_1 lhgD_2
[12:06:57] Fixed 2 duplicate /gene - ptlI_1 ptlI_2
[12:06:57] Fixed 2 duplicate /gene - rimJ_1 rimJ_2
[12:06:57] Fixed 10 duplicate /gene - mshA_1 mshA_2 mshA_3 mshA_4 mshA_5 mshA_6 mshA_7 mshA_8 mshA_9 mshA_10
[12:06:57] Fixed 2 duplicate /gene - mngR_1 mngR_2
[12:06:57] Fixed 22 duplicate /gene - btuD_1 btuD_2 btuD_3 btuD_4 btuD_5 btuD_6 btuD_7 btuD_8 btuD_9 btuD_10 btuD_11 btuD_12 btuD_13 btuD_14 btuD_15 btuD_16 btuD_17 btuD_18 btuD_19 btuD_20 btuD_21 btuD_22
[12:06:57] Fixed 2 duplicate /gene - ku_1 ku_2
[12:06:57] Fixed 2 duplicate /gene - pgsA2_1 pgsA2_2
[12:06:57] Fixed 2 duplicate /gene - xylA_1 xylA_2
[12:06:57] Fixed 2 duplicate /gene - fadM_1 fadM_2
[12:06:57] Fixed 2 duplicate /gene - smc_1 smc_2
[12:06:57] Fixed 4 duplicate /gene - ligD_1 ligD_2 ligD_3 ligD_4
[12:06:57] Fixed 2 duplicate /gene - frcC_1 frcC_2
[12:06:57] Fixed 10 duplicate /gene - araQ_1 araQ_2 araQ_3 araQ_4 araQ_5 araQ_6 araQ_7 araQ_8 araQ_9 araQ_10
[12:06:57] Fixed 2 duplicate /gene - glyA_1 glyA_2
[12:06:57] Fixed 2 duplicate /gene - xlnD_1 xlnD_2
[12:06:57] Fixed 4 duplicate /gene - lacZ_1 lacZ_2 lacZ_3 lacZ_4
[12:06:57] Fixed 8 duplicate /gene - ccpA_1 ccpA_2 ccpA_3 ccpA_4 ccpA_5 ccpA_6 ccpA_7 ccpA_8
[12:06:57] Fixed 3 duplicate /gene - acsA_1 acsA_2 acsA_3
[12:06:57] Fixed 7 duplicate /gene - dasC_1 dasC_2 dasC_3 dasC_4 dasC_5 dasC_6 dasC_7
[12:06:57] Fixed 3 duplicate /gene - iclR_1 iclR_2 iclR_3
[12:06:57] Fixed 2 duplicate /gene - yjlD_1 yjlD_2
[12:06:57] Fixed 9 duplicate /gene - cdhR_1 cdhR_2 cdhR_3 cdhR_4 cdhR_5 cdhR_6 cdhR_7 cdhR_8 cdhR_9
[12:06:57] Fixed 5 duplicate /gene - uvrA_1 uvrA_2 uvrA_3 uvrA_4 uvrA_5
[12:06:57] Fixed 2 duplicate /gene - jefA_1 jefA_2
[12:06:57] Fixed 2 duplicate /gene - novN_1 novN_2
[12:06:57] Fixed 3 duplicate /gene - yybR_1 yybR_2 yybR_3
[12:06:57] Fixed 2 duplicate /gene - rpmF_1 rpmF_2
[12:06:57] Fixed 2 duplicate /gene - scpA_1 scpA_2
[12:06:57] Fixed 2 duplicate /gene - cmoM_1 cmoM_2
[12:06:57] Fixed 2 duplicate /gene - paaA_1 paaA_2
[12:06:57] Fixed 3 duplicate /gene - gshA_1 gshA_2 gshA_3
[12:06:57] Fixed 2 duplicate /gene - gltR_1 gltR_2
[12:06:57] Fixed 3 duplicate /gene - ndhI_1 ndhI_2 ndhI_3
[12:06:57] Fixed 2 duplicate /gene - atpH_1 atpH_2
[12:06:57] Fixed 4 duplicate /gene - ldtB_1 ldtB_2 ldtB_3 ldtB_4
[12:06:57] Fixed 3 duplicate /gene - dppB_1 dppB_2 dppB_3
[12:06:57] Fixed 3 duplicate /gene - comR_1 comR_2 comR_3
[12:06:57] Fixed 2 duplicate /gene - ispG_1 ispG_2
[12:06:57] Fixed 3 duplicate /gene - rppH_1 rppH_2 rppH_3
[12:06:57] Fixed 3 duplicate /gene - lrp_1 lrp_2 lrp_3
[12:06:57] Fixed 3 duplicate /gene - mak_1 mak_2 mak_3
[12:06:57] Fixed 2 duplicate /gene - ftsW_1 ftsW_2
[12:06:57] Fixed 2 duplicate /gene - lrpC_1 lrpC_2
[12:06:57] Fixed 2 duplicate /gene - bdcA_1 bdcA_2
[12:06:57] Fixed 3 duplicate /gene - ntaA_1 ntaA_2 ntaA_3
[12:06:57] Fixed 3 duplicate /gene - pip_1 pip_2 pip_3
[12:06:57] Fixed 2 duplicate /gene - rhlE_1 rhlE_2
[12:06:57] Fixed 2 duplicate /gene - rbsA_1 rbsA_2
[12:06:57] Fixed 2 duplicate /gene - pucD_1 pucD_2
[12:06:57] Fixed 5 duplicate /gene - dltA_1 dltA_2 dltA_3 dltA_4 dltA_5
[12:06:57] Fixed 2 duplicate /gene - gltD_1 gltD_2
[12:06:57] Fixed 2 duplicate /gene - nuoL_1 nuoL_2
[12:06:57] Fixed 2 duplicate /gene - cheB_1 cheB_2
[12:06:57] Fixed 2 duplicate /gene - murF_1 murF_2
[12:06:57] Fixed 2 duplicate /gene - dasB_1 dasB_2
[12:06:57] Fixed 3 duplicate /gene - pelA_1 pelA_2 pelA_3
[12:06:57] Fixed 2 duplicate /gene - gcvT_1 gcvT_2
[12:06:57] Fixed 2 duplicate /gene - pknG_1 pknG_2
[12:06:57] Fixed 2 duplicate /gene - tauB_1 tauB_2
[12:06:57] Fixed 2 duplicate /gene - mprA_1 mprA_2
[12:06:57] Fixed 3 duplicate /gene - hrp1_1 hrp1_2 hrp1_3
[12:06:57] Fixed 3 duplicate /gene - speE_1 speE_2 speE_3
[12:06:57] Fixed 2 duplicate /gene - pncA_1 pncA_2
[12:06:57] Fixed 2 duplicate /gene - menG_1 menG_2
[12:06:57] Fixed 3 duplicate /gene - phoD_1 phoD_2 phoD_3
[12:06:57] Fixed 4 duplicate /gene - oppD_1 oppD_2 oppD_3 oppD_4
[12:06:57] Fixed 2 duplicate /gene - agaA_1 agaA_2
[12:06:57] Fixed 4 duplicate /gene - yyaP_1 yyaP_2 yyaP_3 yyaP_4
[12:06:57] Fixed 6 duplicate /gene - liaR_1 liaR_2 liaR_3 liaR_4 liaR_5 liaR_6
[12:06:57] Fixed 7 duplicate /gene - tagU_1 tagU_2 tagU_3 tagU_4 tagU_5 tagU_6 tagU_7
[12:06:57] Fixed 2 duplicate /gene - egtC_1 egtC_2
[12:06:57] Fixed 3 duplicate /gene - ogt_1 ogt_2 ogt_3
[12:06:57] Fixed 2 duplicate /gene - dcuS_1 dcuS_2
[12:06:57] Fixed 2 duplicate /gene - pcaB_1 pcaB_2
[12:06:57] Fixed 2 duplicate /gene - ybaK_1 ybaK_2
[12:06:57] Fixed 2 duplicate /gene - lgrB_1 lgrB_2
[12:06:57] Fixed 2 duplicate /gene - ctaD_1 ctaD_2
[12:06:57] Fixed 2 duplicate /gene - cbiET_1 cbiET_2
[12:06:57] Fixed 2 duplicate /gene - pdxI_1 pdxI_2
[12:06:57] Fixed 6 duplicate /gene - ngcF_1 ngcF_2 ngcF_3 ngcF_4 ngcF_5 ngcF_6
[12:06:57] Fixed 4 duplicate /gene - dinG_1 dinG_2 dinG_3 dinG_4
[12:06:57] Fixed 2 duplicate /gene - tipA_1 tipA_2
[12:06:57] Fixed 2 duplicate /gene - fepC_1 fepC_2
[12:06:57] Fixed 6 duplicate /gene - gltC_1 gltC_2 gltC_3 gltC_4 gltC_5 gltC_6
[12:06:57] Fixed 9 duplicate /gene - betI_1 betI_2 betI_3 betI_4 betI_5 betI_6 betI_7 betI_8 betI_9
[12:06:57] Fixed 2 duplicate /gene - livF_1 livF_2
[12:06:57] Fixed 2 duplicate /gene - clpP1_1 clpP1_2
[12:06:57] Fixed 2 duplicate /gene - ramA_1 ramA_2
[12:06:57] Fixed 2 duplicate /gene - paaE_1 paaE_2
[12:06:57] Fixed 2 duplicate /gene - ecfA3_1 ecfA3_2
[12:06:57] Fixed 9 duplicate /gene - efpA_1 efpA_2 efpA_3 efpA_4 efpA_5 efpA_6 efpA_7 efpA_8 efpA_9
[12:06:57] Fixed 2 duplicate /gene - sigL_1 sigL_2
[12:06:57] Fixed 2 duplicate /gene - xynAS9_1 xynAS9_2
[12:06:57] Fixed 2 duplicate /gene - yhjD_1 yhjD_2
[12:06:57] Fixed 3 duplicate /gene - carB_1 carB_2 carB_3
[12:06:57] Fixed 2 duplicate /gene - dasR_1 dasR_2
[12:06:57] Fixed 2 duplicate /gene - aguA_1 aguA_2
[12:06:57] Fixed 2 duplicate /gene - aroK_1 aroK_2
[12:06:57] Fixed 2 duplicate /gene - abfB_1 abfB_2
[12:06:57] Fixed 2 duplicate /gene - map-1_1 map-1_2
[12:06:57] Fixed 2 duplicate /gene - rpiB_1 rpiB_2
[12:06:57] Fixed 2 duplicate /gene - zwf2_1 zwf2_2
[12:06:57] Fixed 3 duplicate /gene - bcrA_1 bcrA_2 bcrA_3
[12:06:57] Fixed 2 duplicate /gene - serA_1 serA_2
[12:06:57] Fixed 3 duplicate /gene - trxB_1 trxB_2 trxB_3
[12:06:57] Fixed 3 duplicate /gene - yidA_1 yidA_2 yidA_3
[12:06:57] Fixed 2 duplicate /gene - arnB_1 arnB_2
[12:06:57] Fixed 2 duplicate /gene - tkt_1 tkt_2
[12:06:57] Fixed 3 duplicate /gene - def_1 def_2 def_3
[12:06:57] Fixed 5 duplicate /gene - sigJ_1 sigJ_2 sigJ_3 sigJ_4 sigJ_5
[12:06:57] Fixed 5 duplicate /gene - lnrK_1 lnrK_2 lnrK_3 lnrK_4 lnrK_5
[12:06:57] Fixed 2 duplicate /gene - cysC_1 cysC_2
[12:06:57] Fixed 3 duplicate /gene - soxC_1 soxC_2 soxC_3
[12:06:57] Fixed 3 duplicate /gene - gap2_1 gap2_2 gap2_3
[12:06:57] Fixed 3 duplicate /gene - gpmA_1 gpmA_2 gpmA_3
[12:06:57] Fixed 2 duplicate /gene - ybdK_1 ybdK_2
[12:06:57] Fixed 2 duplicate /gene - hutH_1 hutH_2
[12:06:57] Fixed 3 duplicate /gene - dksA_1 dksA_2 dksA_3
[12:06:57] Fixed 2 duplicate /gene - mltF_1 mltF_2
[12:06:57] Fixed 2 duplicate /gene - gyrA_1 gyrA_2
[12:06:57] Fixed 2 duplicate /gene - purD_1 purD_2
[12:06:57] Fixed 3 duplicate /gene - cueR_1 cueR_2 cueR_3
[12:06:57] Fixed 5 duplicate /gene - dapE_1 dapE_2 dapE_3 dapE_4 dapE_5
[12:06:57] Fixed 2 duplicate /gene - ydhP_1 ydhP_2
[12:06:57] Fixed 3 duplicate /gene - htpX_1 htpX_2 htpX_3
[12:06:57] Fixed 2 duplicate /gene - cysNC_1 cysNC_2
[12:06:57] Fixed 2 duplicate /gene - pstP_1 pstP_2
[12:06:57] Fixed 3 duplicate /gene - rapA_1 rapA_2 rapA_3
[12:06:57] Fixed 2 duplicate /gene - groS_1 groS_2
[12:06:57] Fixed 3 duplicate /gene - nlhH_1 nlhH_2 nlhH_3
[12:06:57] Fixed 2 duplicate /gene - adoK_1 adoK_2
[12:06:57] Fixed 3 duplicate /gene - gsiC_1 gsiC_2 gsiC_3
[12:06:57] Fixed 2 duplicate /gene - bacC_1 bacC_2
[12:06:57] Fixed 3 duplicate /gene - eis_1 eis_2 eis_3
[12:06:57] Fixed 5 duplicate /gene - drrB_1 drrB_2 drrB_3 drrB_4 drrB_5
[12:06:57] Fixed 3 duplicate /gene - kynA_1 kynA_2 kynA_3
[12:06:57] Fixed 3 duplicate /gene - ctpA_1 ctpA_2 ctpA_3
[12:06:57] Fixed 2 duplicate /gene - cseB_1 cseB_2
[12:06:57] Fixed 2 duplicate /gene - ppsC_1 ppsC_2
[12:06:57] Fixed 2 duplicate /gene - ytrA_1 ytrA_2
[12:06:57] Fixed 9 duplicate /gene - nreC_1 nreC_2 nreC_3 nreC_4 nreC_5 nreC_6 nreC_7 nreC_8 nreC_9
[12:06:57] Fixed 2 duplicate /gene - pfkA2_1 pfkA2_2
[12:06:57] Fixed 2 duplicate /gene - cmpB_1 cmpB_2
[12:06:57] Fixed 3 duplicate /gene - nagR_1 nagR_2 nagR_3
[12:06:57] Fixed 2 duplicate /gene - iscS_1 iscS_2
[12:06:57] Fixed 2 duplicate /gene - oppF_1 oppF_2
[12:06:57] Fixed 2 duplicate /gene - rtcB_1 rtcB_2
[12:06:57] Fixed 3 duplicate /gene - rhaR_1 rhaR_2 rhaR_3
[12:06:57] Fixed 2 duplicate /gene - bca_1 bca_2
[12:06:57] Fixed 5 duplicate /gene - aroH_1 aroH_2 aroH_3 aroH_4 aroH_5
[12:06:57] Fixed 2 duplicate /gene - bkdB_1 bkdB_2
[12:06:57] Fixed 2 duplicate /gene - cysD_1 cysD_2
[12:06:57] Fixed 2 duplicate /gene - fabH_1 fabH_2
[12:06:57] Fixed 3 duplicate /gene - iolS_1 iolS_2 iolS_3
[12:06:57] Fixed 4 duplicate /gene - inhA_1 inhA_2 inhA_3 inhA_4
[12:06:57] Fixed 2 duplicate /gene - phnF_1 phnF_2
[12:06:57] Fixed 3 duplicate /gene - asd_1 asd_2 asd_3
[12:06:57] Fixed 2 duplicate /gene - ribBA_1 ribBA_2
[12:06:57] Fixed 2 duplicate /gene - ald_1 ald_2
[12:06:57] Fixed 3 duplicate /gene - degA_1 degA_2 degA_3
[12:06:57] Fixed 2 duplicate /gene - shbA_1 shbA_2
[12:06:57] Fixed 4 duplicate /gene - dhbF_1 dhbF_2 dhbF_3 dhbF_4
[12:06:57] Fixed 4 duplicate /gene - hmp_1 hmp_2 hmp_3 hmp_4
[12:06:57] Fixed 2 duplicate /gene - fgd1_1 fgd1_2
[12:06:57] Fixed 2 duplicate /gene - dagK_1 dagK_2
[12:06:57] Fixed 3 duplicate /gene - gsiD_1 gsiD_2 gsiD_3
[12:06:57] Fixed 5 duplicate /gene - garR_1 garR_2 garR_3 garR_4 garR_5
[12:06:57] Fixed 7 duplicate /gene - yajO_1 yajO_2 yajO_3 yajO_4 yajO_5 yajO_6 yajO_7
[12:06:57] Fixed 2 duplicate /gene - mcbR_1 mcbR_2
[12:06:57] Fixed 2 duplicate /gene - pyrG_1 pyrG_2
[12:06:57] Fixed 5 duplicate /gene - yhdG_1 yhdG_2 yhdG_3 yhdG_4 yhdG_5
[12:06:57] Fixed 2 duplicate /gene - ecfT_1 ecfT_2
[12:06:57] Fixed 8 duplicate /gene - gph_1 gph_2 gph_3 gph_4 gph_5 gph_6 gph_7 gph_8
[12:06:57] Fixed 2 duplicate /gene - nagE2_1 nagE2_2
[12:06:57] Fixed 2 duplicate /gene - ydaF_1 ydaF_2
[12:06:57] Fixed 4 duplicate /gene - ydfJ_1 ydfJ_2 ydfJ_3 ydfJ_4
[12:06:57] Fixed 3 duplicate /gene - dapA_1 dapA_2 dapA_3
[12:06:57] Fixed 3 duplicate /gene - pikC_1 pikC_2 pikC_3
[12:06:57] Fixed 2 duplicate /gene - priA_1 priA_2
[12:06:57] Fixed 2 duplicate /gene - strE_1 strE_2
[12:06:57] Fixed 2 duplicate /gene - ddc_1 ddc_2
[12:06:57] Fixed 3 duplicate /gene - glpR_1 glpR_2 glpR_3
[12:06:57] Fixed 2 duplicate /gene - decR_1 decR_2
[12:06:57] Fixed 2 duplicate /gene - pbpA_1 pbpA_2
[12:06:57] Fixed 2 duplicate /gene - bamB_1 bamB_2
[12:06:57] Fixed 3 duplicate /gene - glnB_1 glnB_2 glnB_3
[12:06:57] Fixed 2 duplicate /gene - gbpA_1 gbpA_2
[12:06:57] Fixed 4 duplicate /gene - lfrA_1 lfrA_2 lfrA_3 lfrA_4
[12:06:57] Fixed 2 duplicate /gene - rhtA_1 rhtA_2
[12:06:57] Fixed 3 duplicate /gene - gloB_1 gloB_2 gloB_3
[12:06:57] Fixed 3 duplicate /gene - hcaR_1 hcaR_2 hcaR_3
[12:06:57] Fixed 2 duplicate /gene - bmr3_1 bmr3_2
[12:06:57] Fixed 2 duplicate /gene - cysO_1 cysO_2
[12:06:57] Fixed 2 duplicate /gene - hsaA_1 hsaA_2
[12:06:57] Fixed 5 duplicate /gene - aroC_1 aroC_2 aroC_3 aroC_4 aroC_5
[12:06:57] Fixed 5 duplicate /gene - hcaB_1 hcaB_2 hcaB_3 hcaB_4 hcaB_5
[12:06:57] Fixed 3 duplicate /gene - purR_1 purR_2 purR_3
[12:06:57] Fixed 2 duplicate /gene - paaJ_1 paaJ_2
[12:06:57] Fixed 2 duplicate /gene - nmoA_1 nmoA_2
[12:06:57] Fixed 2 duplicate /gene - rpsA_1 rpsA_2
[12:06:57] Fixed 2 duplicate /gene - namA_1 namA_2
[12:06:57] Fixed 3 duplicate /gene - afsR_1 afsR_2 afsR_3
[12:06:57] Fixed 2 duplicate /gene - btuF_1 btuF_2
[12:06:57] Fixed 3 duplicate /gene - lysA_1 lysA_2 lysA_3
[12:06:57] Fixed 6 duplicate /gene - sutR_1 sutR_2 sutR_3 sutR_4 sutR_5 sutR_6
[12:06:57] Fixed 4 duplicate /gene - arnC_1 arnC_2 arnC_3 arnC_4
[12:06:57] Fixed 2 duplicate /gene - cmpD_1 cmpD_2
[12:06:57] Fixed 2 duplicate /gene - lnt_1 lnt_2
[12:06:57] Fixed 6 duplicate /gene - iolG_1 iolG_2 iolG_3 iolG_4 iolG_5 iolG_6
[12:06:57] Fixed 4 duplicate /gene - ncsB3_1 ncsB3_2 ncsB3_3 ncsB3_4
[12:06:57] Fixed 5 duplicate /gene - yceI_1 yceI_2 yceI_3 yceI_4 yceI_5
[12:06:57] Fixed 2 duplicate /gene - ansP2_1 ansP2_2
[12:06:57] Fixed 2 duplicate /gene - glnH_1 glnH_2
[12:06:57] Fixed 3 duplicate /gene - mcrA_1 mcrA_2 mcrA_3
[12:06:57] Fixed 2 duplicate /gene - gsiB_1 gsiB_2
[12:06:57] Fixed 2 duplicate /gene - pigE_1 pigE_2
[12:06:57] Fixed 7 duplicate /gene - lcfB_1 lcfB_2 lcfB_3 lcfB_4 lcfB_5 lcfB_6 lcfB_7
[12:06:57] Fixed 2 duplicate /gene - tagF_1 tagF_2
[12:06:57] Fixed 5 duplicate /gene - nagC_1 nagC_2 nagC_3 nagC_4 nagC_5
[12:06:57] Fixed 2 duplicate /gene - acdA_1 acdA_2
[12:06:57] Fixed 2 duplicate /gene - livH_1 livH_2
[12:06:57] Fixed 2 duplicate /gene - vldH_1 vldH_2
[12:06:57] Fixed 15 duplicate /gene - sasA_1 sasA_2 sasA_3 sasA_4 sasA_5 sasA_6 sasA_7 sasA_8 sasA_9 sasA_10 sasA_11 sasA_12 sasA_13 sasA_14 sasA_15
[12:06:57] Fixed 7 duplicate /gene - azoB_1 azoB_2 azoB_3 azoB_4 azoB_5 azoB_6 azoB_7
[12:06:57] Fixed 2 duplicate /gene - argD_1 argD_2
[12:06:57] Fixed 2 duplicate /gene - hemC_1 hemC_2
[12:06:57] Fixed 2 duplicate /gene - mctC_1 mctC_2
[12:06:57] Fixed 7 duplicate /gene - glmS_1 glmS_2 glmS_3 glmS_4 glmS_5 glmS_6 glmS_7
[12:06:57] Fixed 3 duplicate /gene - rox_1 rox_2 rox_3
[12:06:57] Fixed 4 duplicate /gene - COQ3_1 COQ3_2 COQ3_3 COQ3_4
[12:06:57] Fixed 3 duplicate /gene - yegS_1 yegS_2 yegS_3
[12:06:57] Fixed 2 duplicate /gene - rppA_1 rppA_2
[12:06:57] Fixed 2 duplicate /gene - cypB_1 cypB_2
[12:06:57] Fixed 2 duplicate /gene - opuBB_1 opuBB_2
[12:06:57] Fixed 3 duplicate /gene - glkA_1 glkA_2 glkA_3
[12:06:57] Fixed 5 duplicate /gene - ddpA_1 ddpA_2 ddpA_3 ddpA_4 ddpA_5
[12:06:57] Fixed 2 duplicate /gene - rsgA_1 rsgA_2
[12:06:57] Fixed 2 duplicate /gene - aml_1 aml_2
[12:06:57] Fixed 2 duplicate /gene - lapB_1 lapB_2
[12:06:57] Fixed 2 duplicate /gene - accA_1 accA_2
[12:06:57] Fixed 2 duplicate /gene - whiB1_1 whiB1_2
[12:06:57] Fixed 2 duplicate /gene - aceE_1 aceE_2
[12:06:57] Fixed 5 duplicate /gene - rbsR_1 rbsR_2 rbsR_3 rbsR_4 rbsR_5
[12:06:57] Fixed 2 duplicate /gene - tmpC_1 tmpC_2
[12:06:57] Fixed 2 duplicate /gene - gabP_1 gabP_2
[12:06:57] Fixed 2 duplicate /gene - proP_1 proP_2
[12:06:57] Fixed 3 duplicate /gene - fadJ_1 fadJ_2 fadJ_3
[12:06:57] Fixed 2 duplicate /gene - pyk_1 pyk_2
[12:06:57] Fixed 2 duplicate /gene - add_1 add_2
[12:06:57] Fixed 3 duplicate /gene - yehL_1 yehL_2 yehL_3
[12:06:57] Fixed 2 duplicate /gene - mreB_1 mreB_2
[12:06:57] Fixed 5 duplicate /gene - rutD_1 rutD_2 rutD_3 rutD_4 rutD_5
[12:06:57] Fixed 3 duplicate /gene - frcA_1 frcA_2 frcA_3
[12:06:57] Fixed 2 duplicate /gene - glgB_1 glgB_2
[12:06:57] Fixed 2 duplicate /gene - puuB_1 puuB_2
[12:06:57] Fixed 2 duplicate /gene - mdlC_1 mdlC_2
[12:06:57] Fixed 2 duplicate /gene - gdx_1 gdx_2
[12:06:57] Fixed 6 duplicate /gene - entS_1 entS_2 entS_3 entS_4 entS_5 entS_6
[12:06:57] Fixed 2 duplicate /gene - benM_1 benM_2
[12:06:57] Fixed 3 duplicate /gene - ccr_1 ccr_2 ccr_3
[12:06:57] Fixed 2 duplicate /gene - argC_1 argC_2
[12:06:57] Fixed 7 duplicate /gene - dasA_1 dasA_2 dasA_3 dasA_4 dasA_5 dasA_6 dasA_7
[12:06:57] Fixed 2 duplicate /gene - nuoH_1 nuoH_2
[12:06:57] Fixed 4 duplicate /gene - pcm_1 pcm_2 pcm_3 pcm_4
[12:06:57] Fixed 2 duplicate /gene - aac_1 aac_2
[12:06:57] Fixed 2 duplicate /gene - rodA_1 rodA_2
[12:06:57] Fixed 2 duplicate /gene - thpR_1 thpR_2
[12:06:57] Fixed 6 duplicate /gene - prmC_1 prmC_2 prmC_3 prmC_4 prmC_5 prmC_6
[12:06:57] Fixed 3 duplicate /gene - hisC_1 hisC_2 hisC_3
[12:06:57] Fixed 2 duplicate /gene - polX_1 polX_2
[12:06:57] Fixed 2 duplicate /gene - dinB_1 dinB_2
[12:06:57] Fixed 2 duplicate /gene - gntR_1 gntR_2
[12:06:57] Fixed 6 duplicate /gene - mshD_1 mshD_2 mshD_3 mshD_4 mshD_5 mshD_6
[12:06:57] Fixed 2 duplicate /gene - metK_1 metK_2
[12:06:57] Fixed 2 duplicate /gene - rsbW_1 rsbW_2
[12:06:57] Fixed 2 duplicate /gene - dauA_1 dauA_2
[12:06:57] Fixed 2 duplicate /gene - scmP_1 scmP_2
[12:06:57] Fixed 3 duplicate /gene - menH_1 menH_2 menH_3
[12:06:57] Fixed 2 duplicate /gene - bprV_1 bprV_2
[12:06:57] Fixed 2 duplicate /gene - ohrB_1 ohrB_2
[12:06:57] Fixed 2 duplicate /gene - relA_1 relA_2
[12:06:57] Fixed 3 duplicate /gene - ycjP_1 ycjP_2 ycjP_3
[12:06:57] Fixed 2 duplicate /gene - paaC_1 paaC_2
[12:06:57] Fixed 3 duplicate /gene - yciC_1 yciC_2 yciC_3
[12:06:57] Fixed 4 duplicate /gene - tam_1 tam_2 tam_3 tam_4
[12:06:57] Fixed 2 duplicate /gene - nicR_1 nicR_2
[12:06:57] Fixed 2 duplicate /gene - glmE_1 glmE_2
[12:06:57] Fixed 3 duplicate /gene - rutC_1 rutC_2 rutC_3
[12:06:57] Fixed 2 duplicate /gene - ramR_1 ramR_2
[12:06:57] Fixed 2 duplicate /gene - dat_1 dat_2
[12:06:57] Fixed 5 duplicate /gene - hdfR_1 hdfR_2 hdfR_3 hdfR_4 hdfR_5
[12:06:57] Fixed 3 duplicate /gene - lnrL_1 lnrL_2 lnrL_3
[12:06:57] Fixed 2 duplicate /gene - csd_1 csd_2
[12:06:57] Fixed 2 duplicate /gene - tuf_1 tuf_2
[12:06:57] Fixed 3 duplicate /gene - vraR_1 vraR_2 vraR_3
[12:06:57] Fixed 3 duplicate /gene - pikAV_1 pikAV_2 pikAV_3
[12:06:57] Fixed 2 duplicate /gene - rbsC_1 rbsC_2
[12:06:57] Fixed 2 duplicate /gene - limB_1 limB_2
[12:06:57] Fixed 4 duplicate /gene - murJ_1 murJ_2 murJ_3 murJ_4
[12:06:57] Fixed 2 duplicate /gene - rcsC_1 rcsC_2
[12:06:57] Fixed 2 duplicate /gene - fusA_1 fusA_2
[12:06:57] Fixed 3 duplicate /gene - yheS_1 yheS_2 yheS_3
[12:06:57] Fixed 4 duplicate /gene - melD_1 melD_2 melD_3 melD_4
[12:06:57] Fixed 2 duplicate /gene - noc_1 noc_2
[12:06:57] Fixed 4 duplicate /gene - cugP_1 cugP_2 cugP_3 cugP_4
[12:06:57] Fixed 3 duplicate /gene - pel_1 pel_2 pel_3
[12:06:57] Fixed 3 duplicate /gene - mbtH_1 mbtH_2 mbtH_3
[12:06:57] Fixed 3 duplicate /gene - acbK_1 acbK_2 acbK_3
[12:06:57] Fixed 2 duplicate /gene - xylH_1 xylH_2
[12:06:57] Fixed 2 duplicate /gene - rpsR1_1 rpsR1_2
[12:06:57] Fixed 2 duplicate /gene - mnmC_1 mnmC_2
[12:06:57] Fixed 4 duplicate /gene - auaG_1 auaG_2 auaG_3 auaG_4
[12:06:57] Fixed 2 duplicate /gene - ugpA_1 ugpA_2
[12:06:57] Fixed 13 duplicate /gene - pknD_1 pknD_2 pknD_3 pknD_4 pknD_5 pknD_6 pknD_7 pknD_8 pknD_9 pknD_10 pknD_11 pknD_12 pknD_13
[12:06:57] Fixed 3 duplicate /gene - sepF_1 sepF_2 sepF_3
[12:06:57] Fixed 2 duplicate /gene - alaA_1 alaA_2
[12:06:57] Fixed 2 duplicate /gene - mscL_1 mscL_2
[12:06:57] Fixed 9 duplicate /gene - COQ5_1 COQ5_2 COQ5_3 COQ5_4 COQ5_5 COQ5_6 COQ5_7 COQ5_8 COQ5_9
[12:06:57] Fixed 2 duplicate /gene - folD_1 folD_2
[12:06:57] Fixed 2 duplicate /gene - mltG_1 mltG_2
[12:06:57] Fixed 2 duplicate /gene - pccB_1 pccB_2
[12:06:57] Fixed 2 duplicate /gene - prcB_1 prcB_2
[12:06:57] Fixed 2 duplicate /gene - fprA_1 fprA_2
[12:06:57] Fixed 2 duplicate /gene - kstR2_1 kstR2_2
[12:06:57] Fixed 2 duplicate /gene - acuR_1 acuR_2
[12:06:57] Fixed 2 duplicate /gene - nphR_1 nphR_2
[12:06:57] Fixed 2 duplicate /gene - ybfK_1 ybfK_2
[12:06:57] Fixed 3 duplicate /gene - nanR_1 nanR_2 nanR_3
[12:06:57] Fixed 2 duplicate /gene - scoB_1 scoB_2
[12:06:57] Fixed 2 duplicate /gene - argH_1 argH_2
[12:06:57] Fixed 2 duplicate /gene - appA_1 appA_2
[12:06:57] Fixed 2 duplicate /gene - cbiO_1 cbiO_2
[12:06:57] Fixed 2 duplicate /gene - dnaC_1 dnaC_2
[12:06:57] Fixed 2 duplicate /gene - murAA_1 murAA_2
[12:06:57] Fixed 2 duplicate /gene - trkA_1 trkA_2
[12:06:57] Fixed 2 duplicate /gene - xylB_1 xylB_2
[12:06:57] Fixed 2 duplicate /gene - nadE_1 nadE_2
[12:06:57] Fixed 2 duplicate /gene - lsr2_1 lsr2_2
[12:06:57] Fixed 2 duplicate /gene - rlmB_1 rlmB_2
[12:06:57] Fixed 3 duplicate /gene - nagZ_1 nagZ_2 nagZ_3
[12:06:57] Fixed 2 duplicate /gene - cobT_1 cobT_2
[12:06:57] Fixed 2 duplicate /gene - nemA_1 nemA_2
[12:06:57] Fixed 2 duplicate /gene - plsC_1 plsC_2
[12:06:57] Fixed 2 duplicate /gene - yceM_1 yceM_2
[12:06:57] Fixed 2 duplicate /gene - cspA_1 cspA_2
[12:06:57] Fixed 2 duplicate /gene - metF_1 metF_2
[12:06:57] Fixed 2 duplicate /gene - lacF_1 lacF_2
[12:06:57] Fixed 2 duplicate /gene - sdhA_1 sdhA_2
[12:06:57] Fixed 2 duplicate /gene - oppA_1 oppA_2
[12:06:57] Fixed 2 duplicate /gene - mshB_1 mshB_2
[12:06:57] Fixed 2 duplicate /gene - nhaA_1 nhaA_2
[12:06:57] Fixed 2 duplicate /gene - yidC_1 yidC_2
[12:06:57] Fixed 2 duplicate /gene - yceD_1 yceD_2
[12:06:57] Fixed 3 duplicate /gene - galE_1 galE_2 galE_3
[12:06:57] Fixed 2 duplicate /gene - pgi_1 pgi_2
[12:06:57] Fixed 2 duplicate /gene - tcrX_1 tcrX_2
[12:06:57] Fixed 2 duplicate /gene - lutR_1 lutR_2
[12:06:57] Fixed 2 duplicate /gene - malX_1 malX_2
[12:06:57] Fixed 2 duplicate /gene - hutI_1 hutI_2
[12:06:57] Fixed 4 duplicate /gene - glnQ_1 glnQ_2 glnQ_3 glnQ_4
[12:06:57] Fixed 6 duplicate /gene - sigF_1 sigF_2 sigF_3 sigF_4 sigF_5 sigF_6
[12:06:57] Fixed 6 duplicate /gene - stp_1 stp_2 stp_3 stp_4 stp_5 stp_6
[12:06:57] Fixed 2 duplicate /gene - potA_1 potA_2
[12:06:57] Fixed 2 duplicate /gene - trpS_1 trpS_2
[12:06:57] Fixed 2 duplicate /gene - ylmA_1 ylmA_2
[12:06:57] Fixed 2 duplicate /gene - crcB_1 crcB_2
[12:06:57] Fixed 2 duplicate /gene - apeX_1 apeX_2
[12:06:57] Fixed 2 duplicate /gene - corA_1 corA_2
[12:06:57] Fixed 2 duplicate /gene - ureA_1 ureA_2
[12:06:57] Fixed 2 duplicate /gene - recD2_1 recD2_2
[12:06:57] Fixed 5 duplicate /gene - rhaS_1 rhaS_2 rhaS_3 rhaS_4 rhaS_5
[12:06:57] Fixed 2 duplicate /gene - cex_1 cex_2
[12:06:57] Fixed 4 duplicate /gene - ngcG_1 ngcG_2 ngcG_3 ngcG_4
[12:06:57] Fixed 2 duplicate /gene - oxyR_1 oxyR_2
[12:06:57] Fixed 3 duplicate /gene - yfmJ_1 yfmJ_2 yfmJ_3
[12:06:57] Fixed 2 duplicate /gene - osmV_1 osmV_2
[12:06:57] Fixed 2 duplicate /gene - vgb_1 vgb_2
[12:06:57] Fixed 3 duplicate /gene - dpgD_1 dpgD_2 dpgD_3
[12:06:57] Fixed 4 duplicate /gene - caeA_1 caeA_2 caeA_3 caeA_4
[12:06:57] Fixed 2 duplicate /gene - ssuD_1 ssuD_2
[12:06:57] Fixed 2 duplicate /gene - radA_1 radA_2
[12:06:57] Fixed 2 duplicate /gene - yceC_1 yceC_2
[12:06:57] Fixed 3 duplicate /gene - deaD_1 deaD_2 deaD_3
[12:06:57] Fixed 4 duplicate /gene - pepN_1 pepN_2 pepN_3 pepN_4
[12:06:57] Fixed 2 duplicate /gene - yidD_1 yidD_2
[12:06:57] Fixed 2 duplicate /gene - ponA1_1 ponA1_2
[12:06:57] Fixed 2 duplicate /gene - ctcP_1 ctcP_2
[12:06:57] Fixed 2 duplicate /gene - gudD_1 gudD_2
[12:06:57] Fixed 2 duplicate /gene - gabR_1 gabR_2
[12:06:57] Fixed 3 duplicate /gene - nanK_1 nanK_2 nanK_3
[12:06:57] Fixed 5 duplicate /gene - menF_1 menF_2 menF_3 menF_4 menF_5
[12:06:57] Fixed 2 duplicate /gene - mtgA_1 mtgA_2
[12:06:57] Fixed 2 duplicate /gene - gerN_1 gerN_2
[12:06:57] Fixed 3 duplicate /gene - cysG_1 cysG_2 cysG_3
[12:06:57] Fixed 2 duplicate /gene - cpsY_1 cpsY_2
[12:06:57] Fixed 3 duplicate /gene - tdh_1 tdh_2 tdh_3
[12:06:57] Fixed 2 duplicate /gene - rbpA_1 rbpA_2
[12:06:57] Fixed 5 duplicate /gene - glpQ_1 glpQ_2 glpQ_3 glpQ_4 glpQ_5
[12:06:57] Fixed 2 duplicate /gene - puuP_1 puuP_2
[12:06:57] Fixed 3 duplicate /gene - pgl_1 pgl_2 pgl_3
[12:06:57] Fixed 4 duplicate /gene - ettA_1 ettA_2 ettA_3 ettA_4
[12:06:57] Fixed 2 duplicate /gene - sprD_1 sprD_2
[12:06:57] Fixed 3 duplicate /gene - irtA_1 irtA_2 irtA_3
[12:06:57] Fixed 2 duplicate /gene - spo0M_1 spo0M_2
[12:06:57] Fixed 2 duplicate /gene - dxs_1 dxs_2
[12:06:57] Fixed 2 duplicate /gene - scrK_1 scrK_2
[12:06:57] Fixed 2 duplicate /gene - cynT_1 cynT_2
[12:06:57] Fixed 2 duplicate /gene - glnA_1 glnA_2
[12:06:57] Fixed 2 duplicate /gene - dps_1 dps_2
[12:06:57] Fixed 2 duplicate /gene - thyX_1 thyX_2
[12:06:57] Fixed 2 duplicate /gene - qorA_1 qorA_2
[12:06:57] Fixed 8 duplicate /gene - fgd_1 fgd_2 fgd_3 fgd_4 fgd_5 fgd_6 fgd_7 fgd_8
[12:06:57] Fixed 3 duplicate /gene - asnC_1 asnC_2 asnC_3
[12:06:57] Fixed 2 duplicate /gene - crtB_1 crtB_2
[12:06:57] Fixed 2 duplicate /gene - bkdA_1 bkdA_2
[12:06:57] Fixed 4 duplicate /gene - tap_1 tap_2 tap_3 tap_4
[12:06:57] Fixed 8 duplicate /gene - cytR_1 cytR_2 cytR_3 cytR_4 cytR_5 cytR_6 cytR_7 cytR_8
[12:06:57] Fixed 3 duplicate /gene - yisK_1 yisK_2 yisK_3
[12:06:57] Fixed 2 duplicate /gene - zupT_1 zupT_2
[12:06:57] Fixed 2 duplicate /gene - metB_1 metB_2
[12:06:57] Fixed 3 duplicate /gene - dcd_1 dcd_2 dcd_3
[12:06:57] Fixed 2 duplicate /gene - argP_1 argP_2
[12:06:57] Fixed 2 duplicate /gene - xerC_1 xerC_2
[12:06:57] Fixed 7 duplicate /gene - mdtD_1 mdtD_2 mdtD_3 mdtD_4 mdtD_5 mdtD_6 mdtD_7
[12:06:57] Fixed 2 duplicate /gene - mrdA_1 mrdA_2
[12:06:57] Fixed 7 duplicate /gene - degU_1 degU_2 degU_3 degU_4 degU_5 degU_6 degU_7
[12:06:57] Fixed 2 duplicate /gene - xylF_1 xylF_2
[12:06:57] Fixed 2 duplicate /gene - glpE_1 glpE_2
[12:06:57] Fixed 5 duplicate /gene - dap_1 dap_2 dap_3 dap_4 dap_5
[12:06:57] Fixed 2 duplicate /gene - abaF_1 abaF_2
[12:06:57] Fixed 2 duplicate /gene - sigK_1 sigK_2
[12:06:57] Fixed 5 duplicate /gene - arpA_1 arpA_2 arpA_3 arpA_4 arpA_5
[12:06:57] Fixed 14 duplicate /gene - fabG_1 fabG_2 fabG_3 fabG_4 fabG_5 fabG_6 fabG_7 fabG_8 fabG_9 fabG_10 fabG_11 fabG_12 fabG_13 fabG_14
[12:06:57] Fixed 2 duplicate /gene - fadA_1 fadA_2
[12:06:57] Fixed 4 duplicate /gene - rsbQ_1 rsbQ_2 rsbQ_3 rsbQ_4
[12:06:57] Fixed 2 duplicate /gene - prr_1 prr_2
[12:06:57] Fixed 2 duplicate /gene - lpd_1 lpd_2
[12:06:57] Fixed 2 duplicate /gene - tesB_1 tesB_2
[12:06:57] Fixed 2 duplicate /gene - crt_1 crt_2
[12:06:57] Fixed 2 duplicate /gene - celB_1 celB_2
[12:06:57] Fixed 2 duplicate /gene - pksS_1 pksS_2
[12:06:57] Fixed 2 duplicate /gene - fmt_1 fmt_2
[12:06:57] Fixed 2 duplicate /gene - mro_1 mro_2
[12:06:57] Fixed 4 duplicate /gene - ftsH_1 ftsH_2 ftsH_3 ftsH_4
[12:06:57] Fixed 3 duplicate /gene - regX3_1 regX3_2 regX3_3
[12:06:57] Fixed 2 duplicate /gene - gtfB_1 gtfB_2
[12:06:57] Fixed 4 duplicate /gene - malL_1 malL_2 malL_3 malL_4
[12:06:57] Fixed 8 duplicate /gene - scoF_1 scoF_2 scoF_3 scoF_4 scoF_5 scoF_6 scoF_7 scoF_8
[12:06:57] Fixed 2 duplicate /gene - iucD_1 iucD_2
[12:06:57] Fixed 3 duplicate /gene - yfeW_1 yfeW_2 yfeW_3
[12:06:57] Fixed 4 duplicate /gene - aroA_1 aroA_2 aroA_3 aroA_4
[12:06:57] Fixed 2 duplicate /gene - axeA_1 axeA_2
[12:06:57] Fixed 3 duplicate /gene - lolD_1 lolD_2 lolD_3
[12:06:57] Fixed 2 duplicate /gene - coaBC_1 coaBC_2
[12:06:57] Fixed 2 duplicate /gene - gvpA_1 gvpA_2
[12:06:57] Fixed 3 duplicate /gene - cobB_1 cobB_2 cobB_3
[12:06:57] Fixed 2 duplicate /gene - rocD_1 rocD_2
[12:06:57] Fixed 2 duplicate /gene - desR_1 desR_2
[12:06:57] Fixed 3 duplicate /gene - clpP2_1 clpP2_2 clpP2_3
[12:06:57] Fixed 4 duplicate /gene - manA_1 manA_2 manA_3 manA_4
[12:06:57] Fixed 3 duplicate /gene - dnaK_1 dnaK_2 dnaK_3
[12:06:57] Fixed 2 duplicate /gene - yhbO_1 yhbO_2
[12:06:57] Fixed 2 duplicate /gene - trxA_1 trxA_2
[12:06:57] Fixed 2 duplicate /gene - femX_1 femX_2
[12:06:57] Fixed 3 duplicate /gene - asnO_1 asnO_2 asnO_3
[12:06:57] Fixed 3 duplicate /gene - gpm2_1 gpm2_2 gpm2_3
[12:06:57] Fixed 2 duplicate /gene - kynU_1 kynU_2
[12:06:57] Fixed 2 duplicate /gene - birA_1 birA_2
[12:06:57] Fixed 3 duplicate /gene - ssuB_1 ssuB_2 ssuB_3
[12:06:57] Fixed 6 duplicate /gene - qacA_1 qacA_2 qacA_3 qacA_4 qacA_5 qacA_6
[12:06:57] Fixed 2 duplicate /gene - merR1_1 merR1_2
[12:06:57] Fixed 3 duplicate /gene - bpoC_1 bpoC_2 bpoC_3
[12:06:57] Fixed 2 duplicate /gene - nhaP2_1 nhaP2_2
[12:06:57] Fixed 4 duplicate /gene - tal_1 tal_2 tal_3 tal_4
[12:06:57] Fixed 2 duplicate /gene - linC_1 linC_2
[12:06:57] Fixed 2 duplicate /gene - mmgC_1 mmgC_2
[12:06:57] Fixed 9 duplicate /gene - drrA_1 drrA_2 drrA_3 drrA_4 drrA_5 drrA_6 drrA_7 drrA_8 drrA_9
[12:06:57] Fixed 2 duplicate /gene - accA1_1 accA1_2
[12:06:57] Fixed 5 duplicate /gene - whiB_1 whiB_2 whiB_3 whiB_4 whiB_5
[12:06:57] Fixed 3 duplicate /gene - tadA_1 tadA_2 tadA_3
[12:06:57] Fixed 2 duplicate /gene - yteP_1 yteP_2
[12:06:57] Fixed 6 duplicate /gene - ssgB_1 ssgB_2 ssgB_3 ssgB_4 ssgB_5 ssgB_6
[12:06:57] Fixed 2 duplicate /gene - trpA_1 trpA_2
[12:06:57] Fixed 3 duplicate /gene - mtcA2_1 mtcA2_2 mtcA2_3
[12:06:57] Fixed 3 duplicate /gene - tcrA_1 tcrA_2 tcrA_3
[12:06:57] Fixed 503 colliding /gene names.
[12:06:57] Adding /locus_tag identifiers
[12:06:57] Assigned 7702 locus_tags to CDS and RNA features.
[12:06:57] Writing outputs to results/PROKKA/GTDB-100/genomes/bacteria/GCF_002154375.1/
[12:07:00] Generating annotation statistics file
[12:07:00] Generating Genbank and Sequin files
[12:07:00] Running: tbl2asn -V b -a r10k -l paired-ends -M n -N 1 -y 'Annotated using prokka 1.14.6 from https://github.com/tseemann/prokka' -Z results\/PROKKA\/GTDB\-100\/genomes\/bacteria\/GCF_002154375\.1\/GCF_002154375\.1\.err -i results\/PROKKA\/GTDB\-100\/genomes\/bacteria\/GCF_002154375\.1\/GCF_002154375\.1\.fsa 2> /dev/null
[tbl2asn-forever] Found Prokka input, correcting dates in .gbf|.sqn files.
[tbl2asn-forever] Correcting dates in results/PROKKA/GTDB-100/genomes/bacteria/GCF_002154375.1/GCF_002154375.1.gbf
[tbl2asn-forever] Correcting dates in results/PROKKA/GTDB-100/genomes/bacteria/GCF_002154375.1/GCF_002154375.1.sqn
[tbl2asn-forever] Dates changed from 01-JAN-2019 to 28-JUN-2023
[12:07:17] Deleting unwanted file: results/PROKKA/GTDB-100/genomes/bacteria/GCF_002154375.1/errorsummary.val
[12:07:17] Deleting unwanted file: results/PROKKA/GTDB-100/genomes/bacteria/GCF_002154375.1/GCF_002154375.1.dr
[12:07:17] Deleting unwanted file: results/PROKKA/GTDB-100/genomes/bacteria/GCF_002154375.1/GCF_002154375.1.fixedproducts
[12:07:17] Deleting unwanted file: results/PROKKA/GTDB-100/genomes/bacteria/GCF_002154375.1/GCF_002154375.1.ecn
[12:07:17] Deleting unwanted file: results/PROKKA/GTDB-100/genomes/bacteria/GCF_002154375.1/GCF_002154375.1.val
[12:07:17] Repairing broken .GBK output that tbl2asn produces...
[12:07:17] Running: sed 's/COORDINATES: profile/COORDINATES:profile/' < results\/PROKKA\/GTDB\-100\/genomes\/bacteria\/GCF_002154375\.1\/GCF_002154375\.1\.gbf > results\/PROKKA\/GTDB\-100\/genomes\/bacteria\/GCF_002154375\.1\/GCF_002154375\.1\.gbk
[12:07:18] Deleting unwanted file: results/PROKKA/GTDB-100/genomes/bacteria/GCF_002154375.1/GCF_002154375.1.gbf
[12:07:18] Output files:
[12:07:18] results/PROKKA/GTDB-100/genomes/bacteria/GCF_002154375.1/GCF_002154375.1.log
[12:07:18] results/PROKKA/GTDB-100/genomes/bacteria/GCF_002154375.1/GCF_002154375.1.fna
[12:07:18] results/PROKKA/GTDB-100/genomes/bacteria/GCF_002154375.1/GCF_002154375.1.gff
[12:07:18] results/PROKKA/GTDB-100/genomes/bacteria/GCF_002154375.1/GCF_002154375.1.faa
[12:07:18] results/PROKKA/GTDB-100/genomes/bacteria/GCF_002154375.1/GCF_002154375.1.ffn
[12:07:18] results/PROKKA/GTDB-100/genomes/bacteria/GCF_002154375.1/GCF_002154375.1.tbl
[12:07:18] results/PROKKA/GTDB-100/genomes/bacteria/GCF_002154375.1/GCF_002154375.1.fsa
[12:07:18] results/PROKKA/GTDB-100/genomes/bacteria/GCF_002154375.1/GCF_002154375.1.tsv
[12:07:18] results/PROKKA/GTDB-100/genomes/bacteria/GCF_002154375.1/GCF_002154375.1.txt
[12:07:18] results/PROKKA/GTDB-100/genomes/bacteria/GCF_002154375.1/GCF_002154375.1.err
[12:07:18] results/PROKKA/GTDB-100/genomes/bacteria/GCF_002154375.1/GCF_002154375.1.sqn
[12:07:18] results/PROKKA/GTDB-100/genomes/bacteria/GCF_002154375.1/GCF_002154375.1.gbk
[12:07:18] Annotation finished successfully.
[12:07:18] Walltime used: 2.32 minutes
[12:07:18] If you use this result please cite the Prokka paper:
[12:07:18] Seemann T (2014) Prokka: rapid prokaryotic genome annotation. Bioinformatics. 30(14):2068-9.
[12:07:18] Type 'prokka --citation' for more details.
[12:07:18] Share and enjoy!
1127.39user 121.01system 2:18.54elapsed 901%CPU (0avgtext+0avgdata 491680maxresident)k
191952inputs+533192outputs (4major+15422358minor)pagefaults 0swaps

======================================================
End Time   : Wed Jun 28 12:07:18 EDT 2023
Run Time   : 141 seconds
======================================================

