=====================================================
Start Time  : Sat Jun 24 21:43:23 EDT 2023
Submit Dir  : /projects/raw_lab/jobs/metacerberus
Job ID/Name : 3996959 / InterProScan
Node List   : str-c111
Num Tasks   : 1 total [1 nodes @ 16 CPUs/node]
======================================================

Loading interproscan/5.60-92.0
  Loading requirement: anaconda3/2020.11 openjdk/15
======================================================
Running InterProScan On VIRAL/genomes/NC_032825.1.fna
======================================================
24/06/2023 21:43:24:774 Welcome to InterProScan-5.60-92.0
24/06/2023 21:43:24:775 Running InterProScan v5 in STANDALONE mode... on Linux
24/06/2023 21:43:28:886 RunID: str-c111.uncc.edu_20230624_214328700_l4c7
24/06/2023 21:43:37:634 Loading file /projects/raw_lab/jobs/metacerberus/VIRAL/genomes/NC_032825.1.fna
24/06/2023 21:43:38:111 Running the following analyses:
[AntiFam-7.0,CDD-3.20,Coils-2.2.1,FunFam-4.3.0,Gene3D-4.3.0,Hamap-2021_04,MobiDBLite-2.0,PANTHER-17.0,Pfam-35.0,PIRSF-3.10,PIRSR-2021_05,PRINTS-42.0,ProSitePatterns-2022_01,ProSiteProfiles-2022_01,SFLD-4,SMART-7.1,SUPERFAMILY-1.75,TIGRFAM-15.0]
Pre-calculated match lookup service DISABLED.  Please wait for match calculations to complete...
2023-06-24 21:44:51,730 [amqEmbeddedWorkerJmsContainer-4] [uk.ac.ebi.interpro.scan.management.model.implementations.WriteOutputStep:344] WARN - At write output completion, unable to delete temporary directory /projects/raw_lab/jobs/metacerberus/temp/str-c111.uncc.edu_20230624_214328700_l4c7
24/06/2023 21:44:51:779 100% done:  InterProScan analyses completed 

2023-06-24 21:44:52,282 [main] [uk.ac.ebi.interpro.scan.jms.master.AbstractMaster:259] WARN - Master process unable to delete temporary directory /projects/raw_lab/jobs/metacerberus/temp/str-c111.uncc.edu_20230624_214328700_l4c7
2023-06-24 21:44:52,288 [main] [uk.ac.ebi.interpro.scan.jms.main.Run:1778] WARN - At Run completion, unable to delete temporary directory /projects/raw_lab/jobs/metacerberus/temp/str-c111.uncc.edu_20230624_214328700_l4c7
206.49user 22.05system 1:28.27elapsed 258%CPU (0avgtext+0avgdata 3205608maxresident)k
816544inputs+438928outputs (22major+1701089minor)pagefaults 0swaps

======================================================
End Time   : Sat Jun 24 21:44:52 EDT 2023
Run Time   : 89 seconds
======================================================

