=====================================================
Start Time  : Sat Jun 24 21:06:36 EDT 2023
Submit Dir  : /projects/raw_lab/jobs/metacerberus
Job ID/Name : 3996761 / InterProScan
Node List   : str-c104
Num Tasks   : 1 total [1 nodes @ 16 CPUs/node]
======================================================

Loading interproscan/5.60-92.0
  Loading requirement: anaconda3/2020.11 openjdk/15
======================================================
Running InterProScan On CPR/SAMN04314518.fna
======================================================
24/06/2023 21:06:37:710 Welcome to InterProScan-5.60-92.0
24/06/2023 21:06:37:710 Running InterProScan v5 in STANDALONE mode... on Linux
24/06/2023 21:06:41:716 RunID: str-c104.uncc.edu_20230624_210641537_iq1h
24/06/2023 21:06:50:235 Loading file /projects/raw_lab/jobs/metacerberus/CPR/SAMN04314518.fna
24/06/2023 21:06:50:941 Running the following analyses:
[AntiFam-7.0,CDD-3.20,Coils-2.2.1,FunFam-4.3.0,Gene3D-4.3.0,Hamap-2021_04,MobiDBLite-2.0,PANTHER-17.0,Pfam-35.0,PIRSF-3.10,PIRSR-2021_05,PRINTS-42.0,ProSitePatterns-2022_01,ProSiteProfiles-2022_01,SFLD-4,SMART-7.1,SUPERFAMILY-1.75,TIGRFAM-15.0]
Pre-calculated match lookup service DISABLED.  Please wait for match calculations to complete...
2023-06-24 21:19:56,511 [amqEmbeddedWorkerJmsContainer-6] [uk.ac.ebi.interpro.scan.io.pirsf.hmmer3.PirsfHmmer3RawMatchParser:129] WARN - Couldn't parse the given raw match line, because it is of an unexpected format.
2023-06-24 21:19:56,515 [amqEmbeddedWorkerJmsContainer-6] [uk.ac.ebi.interpro.scan.io.pirsf.hmmer3.PirsfHmmer3RawMatchParser:130] WARN - Unexpected Raw match line: Query sequence: 118 matches PIRSF005499: Polyribonucleotide nucleotidyltransferase
2023-06-24 21:19:56,515 [amqEmbeddedWorkerJmsContainer-6] [uk.ac.ebi.interpro.scan.io.pirsf.hmmer3.PirsfHmmer3RawMatchParser:129] WARN - Couldn't parse the given raw match line, because it is of an unexpected format.
2023-06-24 21:19:56,515 [amqEmbeddedWorkerJmsContainer-6] [uk.ac.ebi.interpro.scan.io.pirsf.hmmer3.PirsfHmmer3RawMatchParser:130] WARN - Unexpected Raw match line: #    score  bias  c-Evalue  i-Evalue hmmfrom  hmm to    alifrom  ali to    envfrom  env to     acc
2023-06-24 21:19:56,515 [amqEmbeddedWorkerJmsContainer-6] [uk.ac.ebi.interpro.scan.io.pirsf.hmmer3.PirsfHmmer3RawMatchParser:129] WARN - Couldn't parse the given raw match line, because it is of an unexpected format.
2023-06-24 21:19:56,515 [amqEmbeddedWorkerJmsContainer-6] [uk.ac.ebi.interpro.scan.io.pirsf.hmmer3.PirsfHmmer3RawMatchParser:130] WARN - Unexpected Raw match line: 1 !  828.9   0.0  5.8e-253  9.5e-251       5     694 ..       4     690 ..       1     714 [. 0.95
2023-06-24 21:19:56,515 [amqEmbeddedWorkerJmsContainer-6] [uk.ac.ebi.interpro.scan.io.pirsf.hmmer3.PirsfHmmer3RawMatchParser:129] WARN - Couldn't parse the given raw match line, because it is of an unexpected format.
2023-06-24 21:19:56,516 [amqEmbeddedWorkerJmsContainer-6] [uk.ac.ebi.interpro.scan.io.pirsf.hmmer3.PirsfHmmer3RawMatchParser:130] WARN - Unexpected Raw match line: Query sequence: 154 matches PIRSF005047: Uncharacterised protein with DNA polymerase family X (POLIIIAc) and PHP domains
2023-06-24 21:19:56,516 [amqEmbeddedWorkerJmsContainer-6] [uk.ac.ebi.interpro.scan.io.pirsf.hmmer3.PirsfHmmer3RawMatchParser:129] WARN - Couldn't parse the given raw match line, because it is of an unexpected format.
2023-06-24 21:19:56,516 [amqEmbeddedWorkerJmsContainer-6] [uk.ac.ebi.interpro.scan.io.pirsf.hmmer3.PirsfHmmer3RawMatchParser:130] WARN - Unexpected Raw match line: #    score  bias  c-Evalue  i-Evalue hmmfrom  hmm to    alifrom  ali to    envfrom  env to     acc
2023-06-24 21:19:56,516 [amqEmbeddedWorkerJmsContainer-6] [uk.ac.ebi.interpro.scan.io.pirsf.hmmer3.PirsfHmmer3RawMatchParser:129] WARN - Couldn't parse the given raw match line, because it is of an unexpected format.
2023-06-24 21:19:56,516 [amqEmbeddedWorkerJmsContainer-6] [uk.ac.ebi.interpro.scan.io.pirsf.hmmer3.PirsfHmmer3RawMatchParser:130] WARN - Unexpected Raw match line: 1 !  548.1   0.0  1.1e-168  5.3e-166       1     571 [.      33     617 ..      33     618 .] 0.95
2023-06-24 21:19:56,516 [amqEmbeddedWorkerJmsContainer-6] [uk.ac.ebi.interpro.scan.io.pirsf.hmmer3.PirsfHmmer3RawMatchParser:129] WARN - Couldn't parse the given raw match line, because it is of an unexpected format.
2023-06-24 21:19:56,516 [amqEmbeddedWorkerJmsContainer-6] [uk.ac.ebi.interpro.scan.io.pirsf.hmmer3.PirsfHmmer3RawMatchParser:130] WARN - Unexpected Raw match line: Query sequence: 167 matches PIRSF004486: S-adenosyl-L-methionine dependent methyltransferase, MraW type
2023-06-24 21:19:56,516 [amqEmbeddedWorkerJmsContainer-6] [uk.ac.ebi.interpro.scan.io.pirsf.hmmer3.PirsfHmmer3RawMatchParser:129] WARN - Couldn't parse the given raw match line, because it is of an unexpected format.
2023-06-24 21:19:56,516 [amqEmbeddedWorkerJmsContainer-6] [uk.ac.ebi.interpro.scan.io.pirsf.hmmer3.PirsfHmmer3RawMatchParser:130] WARN - Unexpected Raw match line: #    score  bias  c-Evalue  i-Evalue hmmfrom  hmm to    alifrom  ali to    envfrom  env to     acc
2023-06-24 21:19:56,516 [amqEmbeddedWorkerJmsContainer-6] [uk.ac.ebi.interpro.scan.io.pirsf.hmmer3.PirsfHmmer3RawMatchParser:129] WARN - Couldn't parse the given raw match line, because it is of an unexpected format.
2023-06-24 21:19:56,516 [amqEmbeddedWorkerJmsContainer-6] [uk.ac.ebi.interpro.scan.io.pirsf.hmmer3.PirsfHmmer3RawMatchParser:130] WARN - Unexpected Raw match line: 1 !  302.1   0.0     6e-94   1.5e-91       4     306 ..       3     275 ..       1     276 [] 0.94
2023-06-24 21:19:56,516 [amqEmbeddedWorkerJmsContainer-6] [uk.ac.ebi.interpro.scan.io.pirsf.hmmer3.PirsfHmmer3RawMatchParser:129] WARN - Couldn't parse the given raw match line, because it is of an unexpected format.
2023-06-24 21:19:56,516 [amqEmbeddedWorkerJmsContainer-6] [uk.ac.ebi.interpro.scan.io.pirsf.hmmer3.PirsfHmmer3RawMatchParser:130] WARN - Unexpected Raw match line: Query sequence: 169 matches PIRSF002811: DNA primase
2023-06-24 21:19:56,516 [amqEmbeddedWorkerJmsContainer-6] [uk.ac.ebi.interpro.scan.io.pirsf.hmmer3.PirsfHmmer3RawMatchParser:129] WARN - Couldn't parse the given raw match line, because it is of an unexpected format.
2023-06-24 21:19:56,516 [amqEmbeddedWorkerJmsContainer-6] [uk.ac.ebi.interpro.scan.io.pirsf.hmmer3.PirsfHmmer3RawMatchParser:130] WARN - Unexpected Raw match line: #    score  bias  c-Evalue  i-Evalue hmmfrom  hmm to    alifrom  ali to    envfrom  env to     acc
2023-06-24 21:19:56,517 [amqEmbeddedWorkerJmsContainer-6] [uk.ac.ebi.interpro.scan.io.pirsf.hmmer3.PirsfHmmer3RawMatchParser:129] WARN - Couldn't parse the given raw match line, because it is of an unexpected format.
2023-06-24 21:19:56,517 [amqEmbeddedWorkerJmsContainer-6] [uk.ac.ebi.interpro.scan.io.pirsf.hmmer3.PirsfHmmer3RawMatchParser:130] WARN - Unexpected Raw match line: 1 !  459.5   0.0  2.4e-141  5.9e-139       7     497 ..      17     514 ..      12     581 .. 0.87
2023-06-24 21:19:56,517 [amqEmbeddedWorkerJmsContainer-6] [uk.ac.ebi.interpro.scan.io.pirsf.hmmer3.PirsfHmmer3RawMatchParser:129] WARN - Couldn't parse the given raw match line, because it is of an unexpected format.
2023-06-24 21:19:56,517 [amqEmbeddedWorkerJmsContainer-6] [uk.ac.ebi.interpro.scan.io.pirsf.hmmer3.PirsfHmmer3RawMatchParser:130] WARN - Unexpected Raw match line: Query sequence: 173 matches PIRSF003314: Isopentenyl-diphosphate delta-isomerase, FMN-dependent
2023-06-24 21:19:56,517 [amqEmbeddedWorkerJmsContainer-6] [uk.ac.ebi.interpro.scan.io.pirsf.hmmer3.PirsfHmmer3RawMatchParser:129] WARN - Couldn't parse the given raw match line, because it is of an unexpected format.
2023-06-24 21:19:56,517 [amqEmbeddedWorkerJmsContainer-6] [uk.ac.ebi.interpro.scan.io.pirsf.hmmer3.PirsfHmmer3RawMatchParser:130] WARN - Unexpected Raw match line: #    score  bias  c-Evalue  i-Evalue hmmfrom  hmm to    alifrom  ali to    envfrom  env to     acc
2023-06-24 21:19:56,517 [amqEmbeddedWorkerJmsContainer-6] [uk.ac.ebi.interpro.scan.io.pirsf.hmmer3.PirsfHmmer3RawMatchParser:129] WARN - Couldn't parse the given raw match line, because it is of an unexpected format.
2023-06-24 21:19:56,517 [amqEmbeddedWorkerJmsContainer-6] [uk.ac.ebi.interpro.scan.io.pirsf.hmmer3.PirsfHmmer3RawMatchParser:130] WARN - Unexpected Raw match line: 1 !  374.7   0.1  1.8e-116    9e-114       3     329 ..       9     329 ..       7     331 .. 0.97
2023-06-24 21:19:56,517 [amqEmbeddedWorkerJmsContainer-6] [uk.ac.ebi.interpro.scan.io.pirsf.hmmer3.PirsfHmmer3RawMatchParser:129] WARN - Couldn't parse the given raw match line, because it is of an unexpected format.
2023-06-24 21:19:56,517 [amqEmbeddedWorkerJmsContainer-6] [uk.ac.ebi.interpro.scan.io.pirsf.hmmer3.PirsfHmmer3RawMatchParser:130] WARN - Unexpected Raw match line: Query sequence: 181 matches PIRSF001265: H(+)-translocating inorganic pyrophosphatase
2023-06-24 21:19:56,517 [amqEmbeddedWorkerJmsContainer-6] [uk.ac.ebi.interpro.scan.io.pirsf.hmmer3.PirsfHmmer3RawMatchParser:129] WARN - Couldn't parse the given raw match line, because it is of an unexpected format.
2023-06-24 21:19:56,517 [amqEmbeddedWorkerJmsContainer-6] [uk.ac.ebi.interpro.scan.io.pirsf.hmmer3.PirsfHmmer3RawMatchParser:130] WARN - Unexpected Raw match line: #    score  bias  c-Evalue  i-Evalue hmmfrom  hmm to    alifrom  ali to    envfrom  env to     acc
2023-06-24 21:19:56,517 [amqEmbeddedWorkerJmsContainer-6] [uk.ac.ebi.interpro.scan.io.pirsf.hmmer3.PirsfHmmer3RawMatchParser:129] WARN - Couldn't parse the given raw match line, because it is of an unexpected format.
2023-06-24 21:19:56,517 [amqEmbeddedWorkerJmsContainer-6] [uk.ac.ebi.interpro.scan.io.pirsf.hmmer3.PirsfHmmer3RawMatchParser:130] WARN - Unexpected Raw match line: 1 !  801.7  49.6    4e-245    2e-242       9     708 ..      11     673 ..       4     677 .] 0.96
2023-06-24 21:19:56,518 [amqEmbeddedWorkerJmsContainer-6] [uk.ac.ebi.interpro.scan.io.pirsf.hmmer3.PirsfHmmer3RawMatchParser:129] WARN - Couldn't parse the given raw match line, because it is of an unexpected format.
2023-06-24 21:19:56,518 [amqEmbeddedWorkerJmsContainer-6] [uk.ac.ebi.interpro.scan.io.pirsf.hmmer3.PirsfHmmer3RawMatchParser:130] WARN - Unexpected Raw match line: Query sequence: 192 matches PIRSF001492: Cofactor-independent phosphoglycerate mutase
2023-06-24 21:19:56,518 [amqEmbeddedWorkerJmsContainer-6] [uk.ac.ebi.interpro.scan.io.pirsf.hmmer3.PirsfHmmer3RawMatchParser:129] WARN - Couldn't parse the given raw match line, because it is of an unexpected format.
2023-06-24 21:19:56,518 [amqEmbeddedWorkerJmsContainer-6] [uk.ac.ebi.interpro.scan.io.pirsf.hmmer3.PirsfHmmer3RawMatchParser:130] WARN - Unexpected Raw match line: #    score  bias  c-Evalue  i-Evalue hmmfrom  hmm to    alifrom  ali to    envfrom  env to     acc
2023-06-24 21:19:56,518 [amqEmbeddedWorkerJmsContainer-6] [uk.ac.ebi.interpro.scan.io.pirsf.hmmer3.PirsfHmmer3RawMatchParser:129] WARN - Couldn't parse the given raw match line, because it is of an unexpected format.
2023-06-24 21:19:56,518 [amqEmbeddedWorkerJmsContainer-6] [uk.ac.ebi.interpro.scan.io.pirsf.hmmer3.PirsfHmmer3RawMatchParser:130] WARN - Unexpected Raw match line: 1 !  612.2   0.0  3.7e-188  1.8e-185       5     515 ..       6     547 ..       3     549 .. 0.97
2023-06-24 21:19:56,518 [amqEmbeddedWorkerJmsContainer-6] [uk.ac.ebi.interpro.scan.io.pirsf.hmmer3.PirsfHmmer3RawMatchParser:129] WARN - Couldn't parse the given raw match line, because it is of an unexpected format.
2023-06-24 21:19:56,518 [amqEmbeddedWorkerJmsContainer-6] [uk.ac.ebi.interpro.scan.io.pirsf.hmmer3.PirsfHmmer3RawMatchParser:130] WARN - Unexpected Raw match line: Query sequence: 230 matches PIRSF019169: Tfp pilus assembly protein, ATPase PilM
2023-06-24 21:19:56,518 [amqEmbeddedWorkerJmsContainer-6] [uk.ac.ebi.interpro.scan.io.pirsf.hmmer3.PirsfHmmer3RawMatchParser:129] WARN - Couldn't parse the given raw match line, because it is of an unexpected format.
2023-06-24 21:19:56,518 [amqEmbeddedWorkerJmsContainer-6] [uk.ac.ebi.interpro.scan.io.pirsf.hmmer3.PirsfHmmer3RawMatchParser:130] WARN - Unexpected Raw match line: #    score  bias  c-Evalue  i-Evalue hmmfrom  hmm to    alifrom  ali to    envfrom  env to     acc
2023-06-24 21:19:56,518 [amqEmbeddedWorkerJmsContainer-6] [uk.ac.ebi.interpro.scan.io.pirsf.hmmer3.PirsfHmmer3RawMatchParser:129] WARN - Couldn't parse the given raw match line, because it is of an unexpected format.
2023-06-24 21:19:56,518 [amqEmbeddedWorkerJmsContainer-6] [uk.ac.ebi.interpro.scan.io.pirsf.hmmer3.PirsfHmmer3RawMatchParser:130] WARN - Unexpected Raw match line: 1 !  231.8   0.0   1.2e-72   2.9e-70       8     355 ..       7     346 ..       1     347 [] 0.95
2023-06-24 21:19:56,518 [amqEmbeddedWorkerJmsContainer-6] [uk.ac.ebi.interpro.scan.io.pirsf.hmmer3.PirsfHmmer3RawMatchParser:129] WARN - Couldn't parse the given raw match line, because it is of an unexpected format.
2023-06-24 21:19:56,518 [amqEmbeddedWorkerJmsContainer-6] [uk.ac.ebi.interpro.scan.io.pirsf.hmmer3.PirsfHmmer3RawMatchParser:130] WARN - Unexpected Raw match line: Query sequence: 263 matches PIRSF004803: Ribonuclease J
2023-06-24 21:19:56,518 [amqEmbeddedWorkerJmsContainer-6] [uk.ac.ebi.interpro.scan.io.pirsf.hmmer3.PirsfHmmer3RawMatchParser:129] WARN - Couldn't parse the given raw match line, because it is of an unexpected format.
2023-06-24 21:19:56,519 [amqEmbeddedWorkerJmsContainer-6] [uk.ac.ebi.interpro.scan.io.pirsf.hmmer3.PirsfHmmer3RawMatchParser:130] WARN - Unexpected Raw match line: #    score  bias  c-Evalue  i-Evalue hmmfrom  hmm to    alifrom  ali to    envfrom  env to     acc
2023-06-24 21:19:56,519 [amqEmbeddedWorkerJmsContainer-6] [uk.ac.ebi.interpro.scan.io.pirsf.hmmer3.PirsfHmmer3RawMatchParser:129] WARN - Couldn't parse the given raw match line, because it is of an unexpected format.
2023-06-24 21:19:56,519 [amqEmbeddedWorkerJmsContainer-6] [uk.ac.ebi.interpro.scan.io.pirsf.hmmer3.PirsfHmmer3RawMatchParser:130] WARN - Unexpected Raw match line: 1 !  637.7   0.9  2.9e-195  4.8e-193       5     561 .]       4     556 .]       1     556 [] 0.98
2023-06-24 21:19:56,519 [amqEmbeddedWorkerJmsContainer-6] [uk.ac.ebi.interpro.scan.io.pirsf.hmmer3.PirsfHmmer3RawMatchParser:129] WARN - Couldn't parse the given raw match line, because it is of an unexpected format.
2023-06-24 21:19:56,519 [amqEmbeddedWorkerJmsContainer-6] [uk.ac.ebi.interpro.scan.io.pirsf.hmmer3.PirsfHmmer3RawMatchParser:130] WARN - Unexpected Raw match line: Query sequence: 287 matches PIRSF001589: Asparagine synthetase [glutamine-hydrolysing]
2023-06-24 21:19:56,519 [amqEmbeddedWorkerJmsContainer-6] [uk.ac.ebi.interpro.scan.io.pirsf.hmmer3.PirsfHmmer3RawMatchParser:129] WARN - Couldn't parse the given raw match line, because it is of an unexpected format.
2023-06-24 21:19:56,519 [amqEmbeddedWorkerJmsContainer-6] [uk.ac.ebi.interpro.scan.io.pirsf.hmmer3.PirsfHmmer3RawMatchParser:130] WARN - Unexpected Raw match line: #    score  bias  c-Evalue  i-Evalue hmmfrom  hmm to    alifrom  ali to    envfrom  env to     acc
2023-06-24 21:19:56,519 [amqEmbeddedWorkerJmsContainer-6] [uk.ac.ebi.interpro.scan.io.pirsf.hmmer3.PirsfHmmer3RawMatchParser:129] WARN - Couldn't parse the given raw match line, because it is of an unexpected format.
2023-06-24 21:19:56,519 [amqEmbeddedWorkerJmsContainer-6] [uk.ac.ebi.interpro.scan.io.pirsf.hmmer3.PirsfHmmer3RawMatchParser:130] WARN - Unexpected Raw match line: 1 !  586.4   0.0  7.5e-180  1.8e-177       1     590 [.       3     631 ..       3     632 .] 0.92
2023-06-24 21:19:56,519 [amqEmbeddedWorkerJmsContainer-6] [uk.ac.ebi.interpro.scan.io.pirsf.hmmer3.PirsfHmmer3RawMatchParser:129] WARN - Couldn't parse the given raw match line, because it is of an unexpected format.
2023-06-24 21:19:56,519 [amqEmbeddedWorkerJmsContainer-6] [uk.ac.ebi.interpro.scan.io.pirsf.hmmer3.PirsfHmmer3RawMatchParser:130] WARN - Unexpected Raw match line: Query sequence: 318 matches PIRSF039102: D-alanine--D-alanine ligase/D-alanine--D-lactate ligase
2023-06-24 21:19:56,519 [amqEmbeddedWorkerJmsContainer-6] [uk.ac.ebi.interpro.scan.io.pirsf.hmmer3.PirsfHmmer3RawMatchParser:129] WARN - Couldn't parse the given raw match line, because it is of an unexpected format.
2023-06-24 21:19:56,519 [amqEmbeddedWorkerJmsContainer-6] [uk.ac.ebi.interpro.scan.io.pirsf.hmmer3.PirsfHmmer3RawMatchParser:130] WARN - Unexpected Raw match line: #    score  bias  c-Evalue  i-Evalue hmmfrom  hmm to    alifrom  ali to    envfrom  env to     acc
2023-06-24 21:19:56,520 [amqEmbeddedWorkerJmsContainer-6] [uk.ac.ebi.interpro.scan.io.pirsf.hmmer3.PirsfHmmer3RawMatchParser:129] WARN - Couldn't parse the given raw match line, because it is of an unexpected format.
2023-06-24 21:19:56,520 [amqEmbeddedWorkerJmsContainer-6] [uk.ac.ebi.interpro.scan.io.pirsf.hmmer3.PirsfHmmer3RawMatchParser:130] WARN - Unexpected Raw match line: 1 !   52.9   0.1   4.6e-18   7.5e-16       1      51 [.      29      79 ..      29      83 .. 0.95
2023-06-24 21:19:56,520 [amqEmbeddedWorkerJmsContainer-6] [uk.ac.ebi.interpro.scan.io.pirsf.hmmer3.PirsfHmmer3RawMatchParser:129] WARN - Couldn't parse the given raw match line, because it is of an unexpected format.
2023-06-24 21:19:56,520 [amqEmbeddedWorkerJmsContainer-6] [uk.ac.ebi.interpro.scan.io.pirsf.hmmer3.PirsfHmmer3RawMatchParser:130] WARN - Unexpected Raw match line: 2 !  339.1   0.1  4.7e-105  7.8e-103      94     364 ..      81     343 ..      78     345 .. 0.95
2023-06-24 21:19:56,520 [amqEmbeddedWorkerJmsContainer-6] [uk.ac.ebi.interpro.scan.io.pirsf.hmmer3.PirsfHmmer3RawMatchParser:129] WARN - Couldn't parse the given raw match line, because it is of an unexpected format.
2023-06-24 21:19:56,520 [amqEmbeddedWorkerJmsContainer-6] [uk.ac.ebi.interpro.scan.io.pirsf.hmmer3.PirsfHmmer3RawMatchParser:130] WARN - Unexpected Raw match line: Query sequence: 333 matches PIRSF038984: FAD dependent protein
2023-06-24 21:19:56,520 [amqEmbeddedWorkerJmsContainer-6] [uk.ac.ebi.interpro.scan.io.pirsf.hmmer3.PirsfHmmer3RawMatchParser:129] WARN - Couldn't parse the given raw match line, because it is of an unexpected format.
2023-06-24 21:19:56,520 [amqEmbeddedWorkerJmsContainer-6] [uk.ac.ebi.interpro.scan.io.pirsf.hmmer3.PirsfHmmer3RawMatchParser:130] WARN - Unexpected Raw match line: #    score  bias  c-Evalue  i-Evalue hmmfrom  hmm to    alifrom  ali to    envfrom  env to     acc
2023-06-24 21:19:56,520 [amqEmbeddedWorkerJmsContainer-6] [uk.ac.ebi.interpro.scan.io.pirsf.hmmer3.PirsfHmmer3RawMatchParser:129] WARN - Couldn't parse the given raw match line, because it is of an unexpected format.
2023-06-24 21:19:56,520 [amqEmbeddedWorkerJmsContainer-6] [uk.ac.ebi.interpro.scan.io.pirsf.hmmer3.PirsfHmmer3RawMatchParser:130] WARN - Unexpected Raw match line: 1 !   29.4   1.4   3.8e-11   9.3e-09      98     170 ..       9      69 ..       4      82 .. 0.84
2023-06-24 21:19:56,520 [amqEmbeddedWorkerJmsContainer-6] [uk.ac.ebi.interpro.scan.io.pirsf.hmmer3.PirsfHmmer3RawMatchParser:129] WARN - Couldn't parse the given raw match line, because it is of an unexpected format.
2023-06-24 21:19:56,520 [amqEmbeddedWorkerJmsContainer-6] [uk.ac.ebi.interpro.scan.io.pirsf.hmmer3.PirsfHmmer3RawMatchParser:130] WARN - Unexpected Raw match line: 2 !  102.5   0.0   2.7e-33   6.7e-31     192     527 ..     129     450 ..     110     451 .] 0.85
2023-06-24 21:19:56,520 [amqEmbeddedWorkerJmsContainer-6] [uk.ac.ebi.interpro.scan.io.pirsf.hmmer3.PirsfHmmer3RawMatchParser:129] WARN - Couldn't parse the given raw match line, because it is of an unexpected format.
2023-06-24 21:19:56,520 [amqEmbeddedWorkerJmsContainer-6] [uk.ac.ebi.interpro.scan.io.pirsf.hmmer3.PirsfHmmer3RawMatchParser:130] WARN - Unexpected Raw match line: Query sequence: 363 matches PIRSF001174: Lon protease
2023-06-24 21:19:56,520 [amqEmbeddedWorkerJmsContainer-6] [uk.ac.ebi.interpro.scan.io.pirsf.hmmer3.PirsfHmmer3RawMatchParser:129] WARN - Couldn't parse the given raw match line, because it is of an unexpected format.
2023-06-24 21:19:56,521 [amqEmbeddedWorkerJmsContainer-6] [uk.ac.ebi.interpro.scan.io.pirsf.hmmer3.PirsfHmmer3RawMatchParser:130] WARN - Unexpected Raw match line: #    score  bias  c-Evalue  i-Evalue hmmfrom  hmm to    alifrom  ali to    envfrom  env to     acc
2023-06-24 21:19:56,521 [amqEmbeddedWorkerJmsContainer-6] [uk.ac.ebi.interpro.scan.io.pirsf.hmmer3.PirsfHmmer3RawMatchParser:129] WARN - Couldn't parse the given raw match line, because it is of an unexpected format.
2023-06-24 21:19:56,521 [amqEmbeddedWorkerJmsContainer-6] [uk.ac.ebi.interpro.scan.io.pirsf.hmmer3.PirsfHmmer3RawMatchParser:130] WARN - Unexpected Raw match line: 1 !  970.8   2.1  8.6e-296  1.4e-293       9     776 ..      58     832 ..      47     833 .. 0.97
2023-06-24 21:19:56,521 [amqEmbeddedWorkerJmsContainer-6] [uk.ac.ebi.interpro.scan.io.pirsf.hmmer3.PirsfHmmer3RawMatchParser:129] WARN - Couldn't parse the given raw match line, because it is of an unexpected format.
2023-06-24 21:19:56,521 [amqEmbeddedWorkerJmsContainer-6] [uk.ac.ebi.interpro.scan.io.pirsf.hmmer3.PirsfHmmer3RawMatchParser:130] WARN - Unexpected Raw match line: Query sequence: 379 matches PIRSF001123: Glutamyl aminopeptidase, PepA type
2023-06-24 21:19:56,521 [amqEmbeddedWorkerJmsContainer-6] [uk.ac.ebi.interpro.scan.io.pirsf.hmmer3.PirsfHmmer3RawMatchParser:129] WARN - Couldn't parse the given raw match line, because it is of an unexpected format.
2023-06-24 21:19:56,521 [amqEmbeddedWorkerJmsContainer-6] [uk.ac.ebi.interpro.scan.io.pirsf.hmmer3.PirsfHmmer3RawMatchParser:130] WARN - Unexpected Raw match line: #    score  bias  c-Evalue  i-Evalue hmmfrom  hmm to    alifrom  ali to    envfrom  env to     acc
2023-06-24 21:19:56,521 [amqEmbeddedWorkerJmsContainer-6] [uk.ac.ebi.interpro.scan.io.pirsf.hmmer3.PirsfHmmer3RawMatchParser:129] WARN - Couldn't parse the given raw match line, because it is of an unexpected format.
2023-06-24 21:19:56,521 [amqEmbeddedWorkerJmsContainer-6] [uk.ac.ebi.interpro.scan.io.pirsf.hmmer3.PirsfHmmer3RawMatchParser:130] WARN - Unexpected Raw match line: 1 !   24.7   0.0   9.4e-10   2.3e-07       2      69 ..      20      84 ..      19      91 .. 0.91
2023-06-24 21:19:56,521 [amqEmbeddedWorkerJmsContainer-6] [uk.ac.ebi.interpro.scan.io.pirsf.hmmer3.PirsfHmmer3RawMatchParser:129] WARN - Couldn't parse the given raw match line, because it is of an unexpected format.
2023-06-24 21:19:56,521 [amqEmbeddedWorkerJmsContainer-6] [uk.ac.ebi.interpro.scan.io.pirsf.hmmer3.PirsfHmmer3RawMatchParser:130] WARN - Unexpected Raw match line: 2 !   24.4   0.0   1.1e-09   2.7e-07     154     247 ..      86     179 ..      84     243 .. 0.77
2023-06-24 21:19:56,521 [amqEmbeddedWorkerJmsContainer-6] [uk.ac.ebi.interpro.scan.io.pirsf.hmmer3.PirsfHmmer3RawMatchParser:129] WARN - Couldn't parse the given raw match line, because it is of an unexpected format.
2023-06-24 21:19:56,521 [amqEmbeddedWorkerJmsContainer-6] [uk.ac.ebi.interpro.scan.io.pirsf.hmmer3.PirsfHmmer3RawMatchParser:130] WARN - Unexpected Raw match line: 3 !   11.7   0.0   8.1e-06     0.002     276     346 ..     306     373 ..     297     376 .. 0.89
2023-06-24 21:19:56,521 [amqEmbeddedWorkerJmsContainer-6] [uk.ac.ebi.interpro.scan.io.pirsf.hmmer3.PirsfHmmer3RawMatchParser:129] WARN - Couldn't parse the given raw match line, because it is of an unexpected format.
2023-06-24 21:19:56,521 [amqEmbeddedWorkerJmsContainer-6] [uk.ac.ebi.interpro.scan.io.pirsf.hmmer3.PirsfHmmer3RawMatchParser:130] WARN - Unexpected Raw match line: Query sequence: 389 matches PIRSF000497: Methionine adenosyltransferase
2023-06-24 21:19:56,522 [amqEmbeddedWorkerJmsContainer-6] [uk.ac.ebi.interpro.scan.io.pirsf.hmmer3.PirsfHmmer3RawMatchParser:129] WARN - Couldn't parse the given raw match line, because it is of an unexpected format.
2023-06-24 21:19:56,522 [amqEmbeddedWorkerJmsContainer-6] [uk.ac.ebi.interpro.scan.io.pirsf.hmmer3.PirsfHmmer3RawMatchParser:130] WARN - Unexpected Raw match line: #    score  bias  c-Evalue  i-Evalue hmmfrom  hmm to    alifrom  ali to    envfrom  env to     acc
2023-06-24 21:19:56,522 [amqEmbeddedWorkerJmsContainer-6] [uk.ac.ebi.interpro.scan.io.pirsf.hmmer3.PirsfHmmer3RawMatchParser:129] WARN - Couldn't parse the given raw match line, because it is of an unexpected format.
2023-06-24 21:19:56,522 [amqEmbeddedWorkerJmsContainer-6] [uk.ac.ebi.interpro.scan.io.pirsf.hmmer3.PirsfHmmer3RawMatchParser:130] WARN - Unexpected Raw match line: 1 !  487.1   0.0    2e-150    1e-147       5     379 ..       5     371 ..       2     373 .] 0.97
2023-06-24 21:19:56,522 [amqEmbeddedWorkerJmsContainer-6] [uk.ac.ebi.interpro.scan.io.pirsf.hmmer3.PirsfHmmer3RawMatchParser:129] WARN - Couldn't parse the given raw match line, because it is of an unexpected format.
2023-06-24 21:19:56,522 [amqEmbeddedWorkerJmsContainer-6] [uk.ac.ebi.interpro.scan.io.pirsf.hmmer3.PirsfHmmer3RawMatchParser:130] WARN - Unexpected Raw match line: Query sequence: 393 matches PIRSF001529: Serine-tRNA ligase
2023-06-24 21:19:56,522 [amqEmbeddedWorkerJmsContainer-6] [uk.ac.ebi.interpro.scan.io.pirsf.hmmer3.PirsfHmmer3RawMatchParser:129] WARN - Couldn't parse the given raw match line, because it is of an unexpected format.
2023-06-24 21:19:56,522 [amqEmbeddedWorkerJmsContainer-6] [uk.ac.ebi.interpro.scan.io.pirsf.hmmer3.PirsfHmmer3RawMatchParser:130] WARN - Unexpected Raw match line: #    score  bias  c-Evalue  i-Evalue hmmfrom  hmm to    alifrom  ali to    envfrom  env to     acc
2023-06-24 21:19:56,522 [amqEmbeddedWorkerJmsContainer-6] [uk.ac.ebi.interpro.scan.io.pirsf.hmmer3.PirsfHmmer3RawMatchParser:129] WARN - Couldn't parse the given raw match line, because it is of an unexpected format.
2023-06-24 21:19:56,522 [amqEmbeddedWorkerJmsContainer-6] [uk.ac.ebi.interpro.scan.io.pirsf.hmmer3.PirsfHmmer3RawMatchParser:130] WARN - Unexpected Raw match line: 1 !  470.9   0.0  3.6e-145  8.8e-143       1     424 [.      31     439 ..      31     441 .. 0.97
2023-06-24 21:19:56,522 [amqEmbeddedWorkerJmsContainer-6] [uk.ac.ebi.interpro.scan.io.pirsf.hmmer3.PirsfHmmer3RawMatchParser:129] WARN - Couldn't parse the given raw match line, because it is of an unexpected format.
2023-06-24 21:19:56,522 [amqEmbeddedWorkerJmsContainer-6] [uk.ac.ebi.interpro.scan.io.pirsf.hmmer3.PirsfHmmer3RawMatchParser:130] WARN - Unexpected Raw match line: Query sequence: 402 matches PIRSF000149: Glyceraldehyde-3-phosphate dehydrogenase
2023-06-24 21:19:56,522 [amqEmbeddedWorkerJmsContainer-6] [uk.ac.ebi.interpro.scan.io.pirsf.hmmer3.PirsfHmmer3RawMatchParser:129] WARN - Couldn't parse the given raw match line, because it is of an unexpected format.
2023-06-24 21:19:56,522 [amqEmbeddedWorkerJmsContainer-6] [uk.ac.ebi.interpro.scan.io.pirsf.hmmer3.PirsfHmmer3RawMatchParser:130] WARN - Unexpected Raw match line: #    score  bias  c-Evalue  i-Evalue hmmfrom  hmm to    alifrom  ali to    envfrom  env to     acc
2023-06-24 21:19:56,522 [amqEmbeddedWorkerJmsContainer-6] [uk.ac.ebi.interpro.scan.io.pirsf.hmmer3.PirsfHmmer3RawMatchParser:129] WARN - Couldn't parse the given raw match line, because it is of an unexpected format.
2023-06-24 21:19:56,523 [amqEmbeddedWorkerJmsContainer-6] [uk.ac.ebi.interpro.scan.io.pirsf.hmmer3.PirsfHmmer3RawMatchParser:130] WARN - Unexpected Raw match line: 1 !  364.0   0.2  4.4e-113  2.2e-110       2     333 ..       4     353 ..       3     357 .. 0.94
2023-06-24 21:19:56,523 [amqEmbeddedWorkerJmsContainer-6] [uk.ac.ebi.interpro.scan.io.pirsf.hmmer3.PirsfHmmer3RawMatchParser:129] WARN - Couldn't parse the given raw match line, because it is of an unexpected format.
2023-06-24 21:19:56,523 [amqEmbeddedWorkerJmsContainer-6] [uk.ac.ebi.interpro.scan.io.pirsf.hmmer3.PirsfHmmer3RawMatchParser:130] WARN - Unexpected Raw match line: Query sequence: 41 matches PIRSF003097: Cell division protein FtsX
2023-06-24 21:19:56,523 [amqEmbeddedWorkerJmsContainer-6] [uk.ac.ebi.interpro.scan.io.pirsf.hmmer3.PirsfHmmer3RawMatchParser:129] WARN - Couldn't parse the given raw match line, because it is of an unexpected format.
2023-06-24 21:19:56,523 [amqEmbeddedWorkerJmsContainer-6] [uk.ac.ebi.interpro.scan.io.pirsf.hmmer3.PirsfHmmer3RawMatchParser:130] WARN - Unexpected Raw match line: #    score  bias  c-Evalue  i-Evalue hmmfrom  hmm to    alifrom  ali to    envfrom  env to     acc
2023-06-24 21:19:56,523 [amqEmbeddedWorkerJmsContainer-6] [uk.ac.ebi.interpro.scan.io.pirsf.hmmer3.PirsfHmmer3RawMatchParser:129] WARN - Couldn't parse the given raw match line, because it is of an unexpected format.
2023-06-24 21:19:56,523 [amqEmbeddedWorkerJmsContainer-6] [uk.ac.ebi.interpro.scan.io.pirsf.hmmer3.PirsfHmmer3RawMatchParser:130] WARN - Unexpected Raw match line: 1 !  191.2   7.7     4e-60   6.6e-58       5     300 ..      12     304 ..       9     305 .] 0.94
2023-06-24 21:19:56,523 [amqEmbeddedWorkerJmsContainer-6] [uk.ac.ebi.interpro.scan.io.pirsf.hmmer3.PirsfHmmer3RawMatchParser:129] WARN - Couldn't parse the given raw match line, because it is of an unexpected format.
2023-06-24 21:19:56,523 [amqEmbeddedWorkerJmsContainer-6] [uk.ac.ebi.interpro.scan.io.pirsf.hmmer3.PirsfHmmer3RawMatchParser:130] WARN - Unexpected Raw match line: Query sequence: 412 matches PIRSF018688: Uncharacterised conserved protein, UCP018688 type
2023-06-24 21:19:56,523 [amqEmbeddedWorkerJmsContainer-6] [uk.ac.ebi.interpro.scan.io.pirsf.hmmer3.PirsfHmmer3RawMatchParser:129] WARN - Couldn't parse the given raw match line, because it is of an unexpected format.
2023-06-24 21:19:56,523 [amqEmbeddedWorkerJmsContainer-6] [uk.ac.ebi.interpro.scan.io.pirsf.hmmer3.PirsfHmmer3RawMatchParser:130] WARN - Unexpected Raw match line: #    score  bias  c-Evalue  i-Evalue hmmfrom  hmm to    alifrom  ali to    envfrom  env to     acc
2023-06-24 21:19:56,523 [amqEmbeddedWorkerJmsContainer-6] [uk.ac.ebi.interpro.scan.io.pirsf.hmmer3.PirsfHmmer3RawMatchParser:129] WARN - Couldn't parse the given raw match line, because it is of an unexpected format.
2023-06-24 21:19:56,523 [amqEmbeddedWorkerJmsContainer-6] [uk.ac.ebi.interpro.scan.io.pirsf.hmmer3.PirsfHmmer3RawMatchParser:130] WARN - Unexpected Raw match line: 1 !  208.3   1.6   7.7e-66   3.8e-63       5     298 ..      15     309 ..      11     311 .. 0.90
2023-06-24 21:19:56,523 [amqEmbeddedWorkerJmsContainer-6] [uk.ac.ebi.interpro.scan.io.pirsf.hmmer3.PirsfHmmer3RawMatchParser:129] WARN - Couldn't parse the given raw match line, because it is of an unexpected format.
2023-06-24 21:19:56,523 [amqEmbeddedWorkerJmsContainer-6] [uk.ac.ebi.interpro.scan.io.pirsf.hmmer3.PirsfHmmer3RawMatchParser:130] WARN - Unexpected Raw match line: Query sequence: 442 matches PIRSF006641: Predicted GTP-dependent nucleic acid-binding protein, EngD type
2023-06-24 21:19:56,524 [amqEmbeddedWorkerJmsContainer-6] [uk.ac.ebi.interpro.scan.io.pirsf.hmmer3.PirsfHmmer3RawMatchParser:129] WARN - Couldn't parse the given raw match line, because it is of an unexpected format.
2023-06-24 21:19:56,524 [amqEmbeddedWorkerJmsContainer-6] [uk.ac.ebi.interpro.scan.io.pirsf.hmmer3.PirsfHmmer3RawMatchParser:130] WARN - Unexpected Raw match line: #    score  bias  c-Evalue  i-Evalue hmmfrom  hmm to    alifrom  ali to    envfrom  env to     acc
2023-06-24 21:19:56,524 [amqEmbeddedWorkerJmsContainer-6] [uk.ac.ebi.interpro.scan.io.pirsf.hmmer3.PirsfHmmer3RawMatchParser:129] WARN - Couldn't parse the given raw match line, because it is of an unexpected format.
2023-06-24 21:19:56,524 [amqEmbeddedWorkerJmsContainer-6] [uk.ac.ebi.interpro.scan.io.pirsf.hmmer3.PirsfHmmer3RawMatchParser:130] WARN - Unexpected Raw match line: 1 !  223.1   0.2   3.6e-70   1.8e-67       2     151 ..       4     152 ..       3     162 .. 0.96
2023-06-24 21:19:56,524 [amqEmbeddedWorkerJmsContainer-6] [uk.ac.ebi.interpro.scan.io.pirsf.hmmer3.PirsfHmmer3RawMatchParser:129] WARN - Couldn't parse the given raw match line, because it is of an unexpected format.
2023-06-24 21:19:56,524 [amqEmbeddedWorkerJmsContainer-6] [uk.ac.ebi.interpro.scan.io.pirsf.hmmer3.PirsfHmmer3RawMatchParser:130] WARN - Unexpected Raw match line: 2 !  163.8   1.2   3.8e-52   1.9e-49     209     370 ..     185     329 ..     149     330 .] 0.88
2023-06-24 21:19:56,524 [amqEmbeddedWorkerJmsContainer-6] [uk.ac.ebi.interpro.scan.io.pirsf.hmmer3.PirsfHmmer3RawMatchParser:129] WARN - Couldn't parse the given raw match line, because it is of an unexpected format.
2023-06-24 21:19:56,524 [amqEmbeddedWorkerJmsContainer-6] [uk.ac.ebi.interpro.scan.io.pirsf.hmmer3.PirsfHmmer3RawMatchParser:130] WARN - Unexpected Raw match line: Query sequence: 451 matches PIRSF000854: Phosphoenolpyruvate synthase
2023-06-24 21:19:56,524 [amqEmbeddedWorkerJmsContainer-6] [uk.ac.ebi.interpro.scan.io.pirsf.hmmer3.PirsfHmmer3RawMatchParser:129] WARN - Couldn't parse the given raw match line, because it is of an unexpected format.
2023-06-24 21:19:56,524 [amqEmbeddedWorkerJmsContainer-6] [uk.ac.ebi.interpro.scan.io.pirsf.hmmer3.PirsfHmmer3RawMatchParser:130] WARN - Unexpected Raw match line: #    score  bias  c-Evalue  i-Evalue hmmfrom  hmm to    alifrom  ali to    envfrom  env to     acc
2023-06-24 21:19:56,524 [amqEmbeddedWorkerJmsContainer-6] [uk.ac.ebi.interpro.scan.io.pirsf.hmmer3.PirsfHmmer3RawMatchParser:129] WARN - Couldn't parse the given raw match line, because it is of an unexpected format.
2023-06-24 21:19:56,524 [amqEmbeddedWorkerJmsContainer-6] [uk.ac.ebi.interpro.scan.io.pirsf.hmmer3.PirsfHmmer3RawMatchParser:130] WARN - Unexpected Raw match line: 1 !  754.5   1.2  1.3e-230  3.1e-228       4     793 ..       5     762 ..       2     765 .. 0.93
2023-06-24 21:19:56,524 [amqEmbeddedWorkerJmsContainer-6] [uk.ac.ebi.interpro.scan.io.pirsf.hmmer3.PirsfHmmer3RawMatchParser:129] WARN - Couldn't parse the given raw match line, because it is of an unexpected format.
2023-06-24 21:19:56,524 [amqEmbeddedWorkerJmsContainer-6] [uk.ac.ebi.interpro.scan.io.pirsf.hmmer3.PirsfHmmer3RawMatchParser:130] WARN - Unexpected Raw match line: Query sequence: 495 matches PIRSF028757: Murein tetrapeptide carboxypeptidase
2023-06-24 21:19:56,525 [amqEmbeddedWorkerJmsContainer-6] [uk.ac.ebi.interpro.scan.io.pirsf.hmmer3.PirsfHmmer3RawMatchParser:129] WARN - Couldn't parse the given raw match line, because it is of an unexpected format.
2023-06-24 21:19:56,525 [amqEmbeddedWorkerJmsContainer-6] [uk.ac.ebi.interpro.scan.io.pirsf.hmmer3.PirsfHmmer3RawMatchParser:130] WARN - Unexpected Raw match line: #    score  bias  c-Evalue  i-Evalue hmmfrom  hmm to    alifrom  ali to    envfrom  env to     acc
2023-06-24 21:19:56,525 [amqEmbeddedWorkerJmsContainer-6] [uk.ac.ebi.interpro.scan.io.pirsf.hmmer3.PirsfHmmer3RawMatchParser:129] WARN - Couldn't parse the given raw match line, because it is of an unexpected format.
2023-06-24 21:19:56,525 [amqEmbeddedWorkerJmsContainer-6] [uk.ac.ebi.interpro.scan.io.pirsf.hmmer3.PirsfHmmer3RawMatchParser:130] WARN - Unexpected Raw match line: 1 !  289.9   0.1     1e-90   4.9e-88       2     300 ..       9     324 ..       8     331 .. 0.95
2023-06-24 21:19:56,525 [amqEmbeddedWorkerJmsContainer-6] [uk.ac.ebi.interpro.scan.io.pirsf.hmmer3.PirsfHmmer3RawMatchParser:129] WARN - Couldn't parse the given raw match line, because it is of an unexpected format.
2023-06-24 21:19:56,525 [amqEmbeddedWorkerJmsContainer-6] [uk.ac.ebi.interpro.scan.io.pirsf.hmmer3.PirsfHmmer3RawMatchParser:130] WARN - Unexpected Raw match line: Query sequence: 57 matches PIRSF003101: Cell division protein FtsA
2023-06-24 21:19:56,525 [amqEmbeddedWorkerJmsContainer-6] [uk.ac.ebi.interpro.scan.io.pirsf.hmmer3.PirsfHmmer3RawMatchParser:129] WARN - Couldn't parse the given raw match line, because it is of an unexpected format.
2023-06-24 21:19:56,525 [amqEmbeddedWorkerJmsContainer-6] [uk.ac.ebi.interpro.scan.io.pirsf.hmmer3.PirsfHmmer3RawMatchParser:130] WARN - Unexpected Raw match line: #    score  bias  c-Evalue  i-Evalue hmmfrom  hmm to    alifrom  ali to    envfrom  env to     acc
2023-06-24 21:19:56,525 [amqEmbeddedWorkerJmsContainer-6] [uk.ac.ebi.interpro.scan.io.pirsf.hmmer3.PirsfHmmer3RawMatchParser:129] WARN - Couldn't parse the given raw match line, because it is of an unexpected format.
2023-06-24 21:19:56,525 [amqEmbeddedWorkerJmsContainer-6] [uk.ac.ebi.interpro.scan.io.pirsf.hmmer3.PirsfHmmer3RawMatchParser:130] WARN - Unexpected Raw match line: 1 !  382.6   8.1  3.7e-118  6.1e-116       5     372 ..       9     376 .]       7     376 .] 0.95
24/06/2023 21:21:02:325 100% done:  InterProScan analyses completed 

2023-06-24 21:21:02,828 [main] [uk.ac.ebi.interpro.scan.jms.master.AbstractMaster:259] WARN - Master process unable to delete temporary directory /projects/raw_lab/jobs/metacerberus/temp/str-c104.uncc.edu_20230624_210641537_iq1h
3308.94user 311.97system 14:25.87elapsed 418%CPU (0avgtext+0avgdata 3602328maxresident)k
1529528inputs+1389088outputs (286major+19482499minor)pagefaults 0swaps

======================================================
End Time   : Sat Jun 24 21:21:02 EDT 2023
Run Time   : 866 seconds
======================================================

