=====================================================
Start Time  : Sat Jun 24 21:09:39 EDT 2023
Submit Dir  : /projects/raw_lab/jobs/metacerberus
Job ID/Name : 3996768 / InterProScan
Node List   : str-c108
Num Tasks   : 1 total [1 nodes @ 16 CPUs/node]
======================================================

Loading interproscan/5.60-92.0
  Loading requirement: anaconda3/2020.11 openjdk/15
======================================================
Running InterProScan On CPR/SAMN03319872.fna
======================================================
24/06/2023 21:09:40:447 Welcome to InterProScan-5.60-92.0
24/06/2023 21:09:40:448 Running InterProScan v5 in STANDALONE mode... on Linux
24/06/2023 21:09:44:686 RunID: str-c108.uncc.edu_20230624_210944514_chxr
24/06/2023 21:09:53:434 Loading file /projects/raw_lab/jobs/metacerberus/CPR/SAMN03319872.fna
24/06/2023 21:09:54:138 Running the following analyses:
[AntiFam-7.0,CDD-3.20,Coils-2.2.1,FunFam-4.3.0,Gene3D-4.3.0,Hamap-2021_04,MobiDBLite-2.0,PANTHER-17.0,Pfam-35.0,PIRSF-3.10,PIRSR-2021_05,PRINTS-42.0,ProSitePatterns-2022_01,ProSiteProfiles-2022_01,SFLD-4,SMART-7.1,SUPERFAMILY-1.75,TIGRFAM-15.0]
Pre-calculated match lookup service DISABLED.  Please wait for match calculations to complete...
2023-06-24 21:11:49,539 [amqEmbeddedWorkerJmsContainer-13] [uk.ac.ebi.interpro.scan.io.pirsf.hmmer3.PirsfHmmer3RawMatchParser:129] WARN - Couldn't parse the given raw match line, because it is of an unexpected format.
2023-06-24 21:11:49,545 [amqEmbeddedWorkerJmsContainer-13] [uk.ac.ebi.interpro.scan.io.pirsf.hmmer3.PirsfHmmer3RawMatchParser:130] WARN - Unexpected Raw match line: Query sequence: 11 matches PIRSF003097: Cell division protein FtsX
2023-06-24 21:11:49,545 [amqEmbeddedWorkerJmsContainer-13] [uk.ac.ebi.interpro.scan.io.pirsf.hmmer3.PirsfHmmer3RawMatchParser:129] WARN - Couldn't parse the given raw match line, because it is of an unexpected format.
2023-06-24 21:11:49,545 [amqEmbeddedWorkerJmsContainer-13] [uk.ac.ebi.interpro.scan.io.pirsf.hmmer3.PirsfHmmer3RawMatchParser:130] WARN - Unexpected Raw match line: #    score  bias  c-Evalue  i-Evalue hmmfrom  hmm to    alifrom  ali to    envfrom  env to     acc
2023-06-24 21:11:49,545 [amqEmbeddedWorkerJmsContainer-13] [uk.ac.ebi.interpro.scan.io.pirsf.hmmer3.PirsfHmmer3RawMatchParser:129] WARN - Couldn't parse the given raw match line, because it is of an unexpected format.
2023-06-24 21:11:49,546 [amqEmbeddedWorkerJmsContainer-13] [uk.ac.ebi.interpro.scan.io.pirsf.hmmer3.PirsfHmmer3RawMatchParser:130] WARN - Unexpected Raw match line: 1 !  162.7   9.0   2.6e-51   2.9e-49      11     300 ..       3     300 ..       1     301 [. 0.93
2023-06-24 21:11:49,546 [amqEmbeddedWorkerJmsContainer-13] [uk.ac.ebi.interpro.scan.io.pirsf.hmmer3.PirsfHmmer3RawMatchParser:129] WARN - Couldn't parse the given raw match line, because it is of an unexpected format.
2023-06-24 21:11:49,546 [amqEmbeddedWorkerJmsContainer-13] [uk.ac.ebi.interpro.scan.io.pirsf.hmmer3.PirsfHmmer3RawMatchParser:130] WARN - Unexpected Raw match line: Query sequence: 118 matches PIRSF002122: Ribosomal protein, S7p/S7a/S5e/organellar S7 types
2023-06-24 21:11:49,546 [amqEmbeddedWorkerJmsContainer-13] [uk.ac.ebi.interpro.scan.io.pirsf.hmmer3.PirsfHmmer3RawMatchParser:129] WARN - Couldn't parse the given raw match line, because it is of an unexpected format.
2023-06-24 21:11:49,546 [amqEmbeddedWorkerJmsContainer-13] [uk.ac.ebi.interpro.scan.io.pirsf.hmmer3.PirsfHmmer3RawMatchParser:130] WARN - Unexpected Raw match line: #    score  bias  c-Evalue  i-Evalue hmmfrom  hmm to    alifrom  ali to    envfrom  env to     acc
2023-06-24 21:11:49,546 [amqEmbeddedWorkerJmsContainer-13] [uk.ac.ebi.interpro.scan.io.pirsf.hmmer3.PirsfHmmer3RawMatchParser:129] WARN - Couldn't parse the given raw match line, because it is of an unexpected format.
2023-06-24 21:11:49,546 [amqEmbeddedWorkerJmsContainer-13] [uk.ac.ebi.interpro.scan.io.pirsf.hmmer3.PirsfHmmer3RawMatchParser:130] WARN - Unexpected Raw match line: 1 !  196.6   0.2   2.6e-62   1.2e-59      74     223 ..      15     161 .]       2     161 .] 0.95
2023-06-24 21:11:49,546 [amqEmbeddedWorkerJmsContainer-13] [uk.ac.ebi.interpro.scan.io.pirsf.hmmer3.PirsfHmmer3RawMatchParser:129] WARN - Couldn't parse the given raw match line, because it is of an unexpected format.
2023-06-24 21:11:49,546 [amqEmbeddedWorkerJmsContainer-13] [uk.ac.ebi.interpro.scan.io.pirsf.hmmer3.PirsfHmmer3RawMatchParser:130] WARN - Unexpected Raw match line: Query sequence: 124 matches PIRSF001549: Histidyl-tRNA synthetase
2023-06-24 21:11:49,546 [amqEmbeddedWorkerJmsContainer-13] [uk.ac.ebi.interpro.scan.io.pirsf.hmmer3.PirsfHmmer3RawMatchParser:129] WARN - Couldn't parse the given raw match line, because it is of an unexpected format.
2023-06-24 21:11:49,546 [amqEmbeddedWorkerJmsContainer-13] [uk.ac.ebi.interpro.scan.io.pirsf.hmmer3.PirsfHmmer3RawMatchParser:130] WARN - Unexpected Raw match line: #    score  bias  c-Evalue  i-Evalue hmmfrom  hmm to    alifrom  ali to    envfrom  env to     acc
2023-06-24 21:11:49,546 [amqEmbeddedWorkerJmsContainer-13] [uk.ac.ebi.interpro.scan.io.pirsf.hmmer3.PirsfHmmer3RawMatchParser:129] WARN - Couldn't parse the given raw match line, because it is of an unexpected format.
2023-06-24 21:11:49,546 [amqEmbeddedWorkerJmsContainer-13] [uk.ac.ebi.interpro.scan.io.pirsf.hmmer3.PirsfHmmer3RawMatchParser:130] WARN - Unexpected Raw match line: 1 !  423.3   4.5  1.7e-130  2.6e-128       2     437 ..      12     445 ..      11     446 .] 0.94
2023-06-24 21:11:49,546 [amqEmbeddedWorkerJmsContainer-13] [uk.ac.ebi.interpro.scan.io.pirsf.hmmer3.PirsfHmmer3RawMatchParser:129] WARN - Couldn't parse the given raw match line, because it is of an unexpected format.
2023-06-24 21:11:49,546 [amqEmbeddedWorkerJmsContainer-13] [uk.ac.ebi.interpro.scan.io.pirsf.hmmer3.PirsfHmmer3RawMatchParser:130] WARN - Unexpected Raw match line: Query sequence: 136 matches PIRSF006641: Predicted GTP-dependent nucleic acid-binding protein, EngD type
2023-06-24 21:11:49,547 [amqEmbeddedWorkerJmsContainer-13] [uk.ac.ebi.interpro.scan.io.pirsf.hmmer3.PirsfHmmer3RawMatchParser:129] WARN - Couldn't parse the given raw match line, because it is of an unexpected format.
2023-06-24 21:11:49,547 [amqEmbeddedWorkerJmsContainer-13] [uk.ac.ebi.interpro.scan.io.pirsf.hmmer3.PirsfHmmer3RawMatchParser:130] WARN - Unexpected Raw match line: #    score  bias  c-Evalue  i-Evalue hmmfrom  hmm to    alifrom  ali to    envfrom  env to     acc
2023-06-24 21:11:49,547 [amqEmbeddedWorkerJmsContainer-13] [uk.ac.ebi.interpro.scan.io.pirsf.hmmer3.PirsfHmmer3RawMatchParser:129] WARN - Couldn't parse the given raw match line, because it is of an unexpected format.
2023-06-24 21:11:49,547 [amqEmbeddedWorkerJmsContainer-13] [uk.ac.ebi.interpro.scan.io.pirsf.hmmer3.PirsfHmmer3RawMatchParser:130] WARN - Unexpected Raw match line: 1 !  404.7   2.8  2.3e-125    1e-122       2     369 ..       4     349 ..       3     351 .] 0.95
2023-06-24 21:11:49,547 [amqEmbeddedWorkerJmsContainer-13] [uk.ac.ebi.interpro.scan.io.pirsf.hmmer3.PirsfHmmer3RawMatchParser:129] WARN - Couldn't parse the given raw match line, because it is of an unexpected format.
2023-06-24 21:11:49,547 [amqEmbeddedWorkerJmsContainer-13] [uk.ac.ebi.interpro.scan.io.pirsf.hmmer3.PirsfHmmer3RawMatchParser:130] WARN - Unexpected Raw match line: Query sequence: 163 matches PIRSF005902: Mg-dependent DNase, TatD type
2023-06-24 21:11:49,547 [amqEmbeddedWorkerJmsContainer-13] [uk.ac.ebi.interpro.scan.io.pirsf.hmmer3.PirsfHmmer3RawMatchParser:129] WARN - Couldn't parse the given raw match line, because it is of an unexpected format.
2023-06-24 21:11:49,547 [amqEmbeddedWorkerJmsContainer-13] [uk.ac.ebi.interpro.scan.io.pirsf.hmmer3.PirsfHmmer3RawMatchParser:130] WARN - Unexpected Raw match line: #    score  bias  c-Evalue  i-Evalue hmmfrom  hmm to    alifrom  ali to    envfrom  env to     acc
2023-06-24 21:11:49,547 [amqEmbeddedWorkerJmsContainer-13] [uk.ac.ebi.interpro.scan.io.pirsf.hmmer3.PirsfHmmer3RawMatchParser:129] WARN - Couldn't parse the given raw match line, because it is of an unexpected format.
2023-06-24 21:11:49,547 [amqEmbeddedWorkerJmsContainer-13] [uk.ac.ebi.interpro.scan.io.pirsf.hmmer3.PirsfHmmer3RawMatchParser:130] WARN - Unexpected Raw match line: 1 !  239.2   0.0   2.9e-75   1.3e-72      59     332 ..      13     270 ..       3     271 .. 0.92
2023-06-24 21:11:49,547 [amqEmbeddedWorkerJmsContainer-13] [uk.ac.ebi.interpro.scan.io.pirsf.hmmer3.PirsfHmmer3RawMatchParser:129] WARN - Couldn't parse the given raw match line, because it is of an unexpected format.
2023-06-24 21:11:49,547 [amqEmbeddedWorkerJmsContainer-13] [uk.ac.ebi.interpro.scan.io.pirsf.hmmer3.PirsfHmmer3RawMatchParser:130] WARN - Unexpected Raw match line: Query sequence: 183 matches PIRSF000149: Glyceraldehyde-3-phosphate dehydrogenase
2023-06-24 21:11:49,547 [amqEmbeddedWorkerJmsContainer-13] [uk.ac.ebi.interpro.scan.io.pirsf.hmmer3.PirsfHmmer3RawMatchParser:129] WARN - Couldn't parse the given raw match line, because it is of an unexpected format.
2023-06-24 21:11:49,547 [amqEmbeddedWorkerJmsContainer-13] [uk.ac.ebi.interpro.scan.io.pirsf.hmmer3.PirsfHmmer3RawMatchParser:130] WARN - Unexpected Raw match line: #    score  bias  c-Evalue  i-Evalue hmmfrom  hmm to    alifrom  ali to    envfrom  env to     acc
2023-06-24 21:11:49,547 [amqEmbeddedWorkerJmsContainer-13] [uk.ac.ebi.interpro.scan.io.pirsf.hmmer3.PirsfHmmer3RawMatchParser:129] WARN - Couldn't parse the given raw match line, because it is of an unexpected format.
2023-06-24 21:11:49,548 [amqEmbeddedWorkerJmsContainer-13] [uk.ac.ebi.interpro.scan.io.pirsf.hmmer3.PirsfHmmer3RawMatchParser:130] WARN - Unexpected Raw match line: 1 !  322.7   0.0  1.6e-100   7.5e-98       2     336 ..       6     362 ..       5     366 .. 0.93
2023-06-24 21:11:49,548 [amqEmbeddedWorkerJmsContainer-13] [uk.ac.ebi.interpro.scan.io.pirsf.hmmer3.PirsfHmmer3RawMatchParser:129] WARN - Couldn't parse the given raw match line, because it is of an unexpected format.
2023-06-24 21:11:49,548 [amqEmbeddedWorkerJmsContainer-13] [uk.ac.ebi.interpro.scan.io.pirsf.hmmer3.PirsfHmmer3RawMatchParser:130] WARN - Unexpected Raw match line: Query sequence: 194 matches PIRSF000412: Serine/glycine hydroxymethyltransferase
2023-06-24 21:11:49,548 [amqEmbeddedWorkerJmsContainer-13] [uk.ac.ebi.interpro.scan.io.pirsf.hmmer3.PirsfHmmer3RawMatchParser:129] WARN - Couldn't parse the given raw match line, because it is of an unexpected format.
2023-06-24 21:11:49,548 [amqEmbeddedWorkerJmsContainer-13] [uk.ac.ebi.interpro.scan.io.pirsf.hmmer3.PirsfHmmer3RawMatchParser:130] WARN - Unexpected Raw match line: #    score  bias  c-Evalue  i-Evalue hmmfrom  hmm to    alifrom  ali to    envfrom  env to     acc
2023-06-24 21:11:49,548 [amqEmbeddedWorkerJmsContainer-13] [uk.ac.ebi.interpro.scan.io.pirsf.hmmer3.PirsfHmmer3RawMatchParser:129] WARN - Couldn't parse the given raw match line, because it is of an unexpected format.
2023-06-24 21:11:49,548 [amqEmbeddedWorkerJmsContainer-13] [uk.ac.ebi.interpro.scan.io.pirsf.hmmer3.PirsfHmmer3RawMatchParser:130] WARN - Unexpected Raw match line: 1 !  482.3   0.0  1.1e-148  2.6e-146      22     411 ..       5     392 ..       2     406 .. 0.95
2023-06-24 21:11:49,548 [amqEmbeddedWorkerJmsContainer-13] [uk.ac.ebi.interpro.scan.io.pirsf.hmmer3.PirsfHmmer3RawMatchParser:129] WARN - Couldn't parse the given raw match line, because it is of an unexpected format.
2023-06-24 21:11:49,548 [amqEmbeddedWorkerJmsContainer-13] [uk.ac.ebi.interpro.scan.io.pirsf.hmmer3.PirsfHmmer3RawMatchParser:130] WARN - Unexpected Raw match line: Query sequence: 206 matches PIRSF000349: Superoxide dismutase, Mn/Fe specific
2023-06-24 21:11:49,548 [amqEmbeddedWorkerJmsContainer-13] [uk.ac.ebi.interpro.scan.io.pirsf.hmmer3.PirsfHmmer3RawMatchParser:129] WARN - Couldn't parse the given raw match line, because it is of an unexpected format.
2023-06-24 21:11:49,548 [amqEmbeddedWorkerJmsContainer-13] [uk.ac.ebi.interpro.scan.io.pirsf.hmmer3.PirsfHmmer3RawMatchParser:130] WARN - Unexpected Raw match line: #    score  bias  c-Evalue  i-Evalue hmmfrom  hmm to    alifrom  ali to    envfrom  env to     acc
2023-06-24 21:11:49,548 [amqEmbeddedWorkerJmsContainer-13] [uk.ac.ebi.interpro.scan.io.pirsf.hmmer3.PirsfHmmer3RawMatchParser:129] WARN - Couldn't parse the given raw match line, because it is of an unexpected format.
2023-06-24 21:11:49,548 [amqEmbeddedWorkerJmsContainer-13] [uk.ac.ebi.interpro.scan.io.pirsf.hmmer3.PirsfHmmer3RawMatchParser:130] WARN - Unexpected Raw match line: 1 !  260.3   1.7     7e-82   3.2e-79      26     221 ..       9     202 ..       3     205 .. 0.96
2023-06-24 21:11:49,548 [amqEmbeddedWorkerJmsContainer-13] [uk.ac.ebi.interpro.scan.io.pirsf.hmmer3.PirsfHmmer3RawMatchParser:129] WARN - Couldn't parse the given raw match line, because it is of an unexpected format.
2023-06-24 21:11:49,548 [amqEmbeddedWorkerJmsContainer-13] [uk.ac.ebi.interpro.scan.io.pirsf.hmmer3.PirsfHmmer3RawMatchParser:130] WARN - Unexpected Raw match line: Query sequence: 242 matches PIRSF005917: Predicted methyltransferase, YraL type
2023-06-24 21:11:49,549 [amqEmbeddedWorkerJmsContainer-13] [uk.ac.ebi.interpro.scan.io.pirsf.hmmer3.PirsfHmmer3RawMatchParser:129] WARN - Couldn't parse the given raw match line, because it is of an unexpected format.
2023-06-24 21:11:49,549 [amqEmbeddedWorkerJmsContainer-13] [uk.ac.ebi.interpro.scan.io.pirsf.hmmer3.PirsfHmmer3RawMatchParser:130] WARN - Unexpected Raw match line: #    score  bias  c-Evalue  i-Evalue hmmfrom  hmm to    alifrom  ali to    envfrom  env to     acc
2023-06-24 21:11:49,549 [amqEmbeddedWorkerJmsContainer-13] [uk.ac.ebi.interpro.scan.io.pirsf.hmmer3.PirsfHmmer3RawMatchParser:129] WARN - Couldn't parse the given raw match line, because it is of an unexpected format.
2023-06-24 21:11:49,549 [amqEmbeddedWorkerJmsContainer-13] [uk.ac.ebi.interpro.scan.io.pirsf.hmmer3.PirsfHmmer3RawMatchParser:130] WARN - Unexpected Raw match line: 1 !  222.5   0.0   3.1e-70   1.4e-67      12     232 ..       4     234 ..       1     235 [] 0.94
2023-06-24 21:11:49,549 [amqEmbeddedWorkerJmsContainer-13] [uk.ac.ebi.interpro.scan.io.pirsf.hmmer3.PirsfHmmer3RawMatchParser:129] WARN - Couldn't parse the given raw match line, because it is of an unexpected format.
2023-06-24 21:11:49,549 [amqEmbeddedWorkerJmsContainer-13] [uk.ac.ebi.interpro.scan.io.pirsf.hmmer3.PirsfHmmer3RawMatchParser:130] WARN - Unexpected Raw match line: Query sequence: 243 matches PIRSF005047: Uncharacterised protein with DNA polymerase family X (POLIIIAc) and PHP domains
2023-06-24 21:11:49,549 [amqEmbeddedWorkerJmsContainer-13] [uk.ac.ebi.interpro.scan.io.pirsf.hmmer3.PirsfHmmer3RawMatchParser:129] WARN - Couldn't parse the given raw match line, because it is of an unexpected format.
2023-06-24 21:11:49,549 [amqEmbeddedWorkerJmsContainer-13] [uk.ac.ebi.interpro.scan.io.pirsf.hmmer3.PirsfHmmer3RawMatchParser:130] WARN - Unexpected Raw match line: #    score  bias  c-Evalue  i-Evalue hmmfrom  hmm to    alifrom  ali to    envfrom  env to     acc
2023-06-24 21:11:49,549 [amqEmbeddedWorkerJmsContainer-13] [uk.ac.ebi.interpro.scan.io.pirsf.hmmer3.PirsfHmmer3RawMatchParser:129] WARN - Couldn't parse the given raw match line, because it is of an unexpected format.
2023-06-24 21:11:49,549 [amqEmbeddedWorkerJmsContainer-13] [uk.ac.ebi.interpro.scan.io.pirsf.hmmer3.PirsfHmmer3RawMatchParser:130] WARN - Unexpected Raw match line: 1 !  519.9   0.2  7.4e-160  1.7e-157       2     572 ..       6     589 ..       5     591 .] 0.93
2023-06-24 21:11:49,549 [amqEmbeddedWorkerJmsContainer-13] [uk.ac.ebi.interpro.scan.io.pirsf.hmmer3.PirsfHmmer3RawMatchParser:129] WARN - Couldn't parse the given raw match line, because it is of an unexpected format.
2023-06-24 21:11:49,549 [amqEmbeddedWorkerJmsContainer-13] [uk.ac.ebi.interpro.scan.io.pirsf.hmmer3.PirsfHmmer3RawMatchParser:130] WARN - Unexpected Raw match line: Query sequence: 268 matches PIRSF005499: Polyribonucleotide nucleotidyltransferase
2023-06-24 21:11:49,549 [amqEmbeddedWorkerJmsContainer-13] [uk.ac.ebi.interpro.scan.io.pirsf.hmmer3.PirsfHmmer3RawMatchParser:129] WARN - Couldn't parse the given raw match line, because it is of an unexpected format.
2023-06-24 21:11:49,549 [amqEmbeddedWorkerJmsContainer-13] [uk.ac.ebi.interpro.scan.io.pirsf.hmmer3.PirsfHmmer3RawMatchParser:130] WARN - Unexpected Raw match line: #    score  bias  c-Evalue  i-Evalue hmmfrom  hmm to    alifrom  ali to    envfrom  env to     acc
2023-06-24 21:11:49,550 [amqEmbeddedWorkerJmsContainer-13] [uk.ac.ebi.interpro.scan.io.pirsf.hmmer3.PirsfHmmer3RawMatchParser:129] WARN - Couldn't parse the given raw match line, because it is of an unexpected format.
2023-06-24 21:11:49,550 [amqEmbeddedWorkerJmsContainer-13] [uk.ac.ebi.interpro.scan.io.pirsf.hmmer3.PirsfHmmer3RawMatchParser:130] WARN - Unexpected Raw match line: 1 !  840.4   0.2  1.3e-256    3e-254       7     695 ..      36     710 ..      31     731 .. 0.93
2023-06-24 21:11:49,550 [amqEmbeddedWorkerJmsContainer-13] [uk.ac.ebi.interpro.scan.io.pirsf.hmmer3.PirsfHmmer3RawMatchParser:129] WARN - Couldn't parse the given raw match line, because it is of an unexpected format.
2023-06-24 21:11:49,550 [amqEmbeddedWorkerJmsContainer-13] [uk.ac.ebi.interpro.scan.io.pirsf.hmmer3.PirsfHmmer3RawMatchParser:130] WARN - Unexpected Raw match line: Query sequence: 292 matches PIRSF005901: Translation elongation factor P
2023-06-24 21:11:49,550 [amqEmbeddedWorkerJmsContainer-13] [uk.ac.ebi.interpro.scan.io.pirsf.hmmer3.PirsfHmmer3RawMatchParser:129] WARN - Couldn't parse the given raw match line, because it is of an unexpected format.
2023-06-24 21:11:49,550 [amqEmbeddedWorkerJmsContainer-13] [uk.ac.ebi.interpro.scan.io.pirsf.hmmer3.PirsfHmmer3RawMatchParser:130] WARN - Unexpected Raw match line: #    score  bias  c-Evalue  i-Evalue hmmfrom  hmm to    alifrom  ali to    envfrom  env to     acc
2023-06-24 21:11:49,550 [amqEmbeddedWorkerJmsContainer-13] [uk.ac.ebi.interpro.scan.io.pirsf.hmmer3.PirsfHmmer3RawMatchParser:129] WARN - Couldn't parse the given raw match line, because it is of an unexpected format.
2023-06-24 21:11:49,550 [amqEmbeddedWorkerJmsContainer-13] [uk.ac.ebi.interpro.scan.io.pirsf.hmmer3.PirsfHmmer3RawMatchParser:130] WARN - Unexpected Raw match line: 1 !  186.8   0.1   1.6e-59   7.5e-57       2     186 ..      16     200 ..      15     201 .. 0.99
2023-06-24 21:11:49,550 [amqEmbeddedWorkerJmsContainer-13] [uk.ac.ebi.interpro.scan.io.pirsf.hmmer3.PirsfHmmer3RawMatchParser:129] WARN - Couldn't parse the given raw match line, because it is of an unexpected format.
2023-06-24 21:11:49,550 [amqEmbeddedWorkerJmsContainer-13] [uk.ac.ebi.interpro.scan.io.pirsf.hmmer3.PirsfHmmer3RawMatchParser:130] WARN - Unexpected Raw match line: Query sequence: 303 matches PIRSF004532: Fructose-1,6-bisphosphatase, GlpX type
2023-06-24 21:11:49,550 [amqEmbeddedWorkerJmsContainer-13] [uk.ac.ebi.interpro.scan.io.pirsf.hmmer3.PirsfHmmer3RawMatchParser:129] WARN - Couldn't parse the given raw match line, because it is of an unexpected format.
2023-06-24 21:11:49,550 [amqEmbeddedWorkerJmsContainer-13] [uk.ac.ebi.interpro.scan.io.pirsf.hmmer3.PirsfHmmer3RawMatchParser:130] WARN - Unexpected Raw match line: #    score  bias  c-Evalue  i-Evalue hmmfrom  hmm to    alifrom  ali to    envfrom  env to     acc
2023-06-24 21:11:49,550 [amqEmbeddedWorkerJmsContainer-13] [uk.ac.ebi.interpro.scan.io.pirsf.hmmer3.PirsfHmmer3RawMatchParser:129] WARN - Couldn't parse the given raw match line, because it is of an unexpected format.
2023-06-24 21:11:49,550 [amqEmbeddedWorkerJmsContainer-13] [uk.ac.ebi.interpro.scan.io.pirsf.hmmer3.PirsfHmmer3RawMatchParser:130] WARN - Unexpected Raw match line: 1 !  384.8   5.1  1.4e-119  6.3e-117       5     300 ..      42     336 ..      39     355 .. 0.96
2023-06-24 21:11:49,550 [amqEmbeddedWorkerJmsContainer-13] [uk.ac.ebi.interpro.scan.io.pirsf.hmmer3.PirsfHmmer3RawMatchParser:129] WARN - Couldn't parse the given raw match line, because it is of an unexpected format.
2023-06-24 21:11:49,550 [amqEmbeddedWorkerJmsContainer-13] [uk.ac.ebi.interpro.scan.io.pirsf.hmmer3.PirsfHmmer3RawMatchParser:130] WARN - Unexpected Raw match line: Query sequence: 311 matches PIRSF039102: D-alanine--D-alanine ligase/D-alanine--D-lactate ligase
2023-06-24 21:11:49,551 [amqEmbeddedWorkerJmsContainer-13] [uk.ac.ebi.interpro.scan.io.pirsf.hmmer3.PirsfHmmer3RawMatchParser:129] WARN - Couldn't parse the given raw match line, because it is of an unexpected format.
2023-06-24 21:11:49,551 [amqEmbeddedWorkerJmsContainer-13] [uk.ac.ebi.interpro.scan.io.pirsf.hmmer3.PirsfHmmer3RawMatchParser:130] WARN - Unexpected Raw match line: #    score  bias  c-Evalue  i-Evalue hmmfrom  hmm to    alifrom  ali to    envfrom  env to     acc
2023-06-24 21:11:49,551 [amqEmbeddedWorkerJmsContainer-13] [uk.ac.ebi.interpro.scan.io.pirsf.hmmer3.PirsfHmmer3RawMatchParser:129] WARN - Couldn't parse the given raw match line, because it is of an unexpected format.
2023-06-24 21:11:49,551 [amqEmbeddedWorkerJmsContainer-13] [uk.ac.ebi.interpro.scan.io.pirsf.hmmer3.PirsfHmmer3RawMatchParser:130] WARN - Unexpected Raw match line: 1 !  284.0   0.0   1.7e-88   3.9e-86       3     365 ..       5     366 ..       4     367 .. 0.86
2023-06-24 21:11:49,551 [amqEmbeddedWorkerJmsContainer-13] [uk.ac.ebi.interpro.scan.io.pirsf.hmmer3.PirsfHmmer3RawMatchParser:129] WARN - Couldn't parse the given raw match line, because it is of an unexpected format.
2023-06-24 21:11:49,551 [amqEmbeddedWorkerJmsContainer-13] [uk.ac.ebi.interpro.scan.io.pirsf.hmmer3.PirsfHmmer3RawMatchParser:130] WARN - Unexpected Raw match line: Query sequence: 317 matches PIRSF016496: Fosfomycin resistance kinase, FomA type
2023-06-24 21:11:49,551 [amqEmbeddedWorkerJmsContainer-13] [uk.ac.ebi.interpro.scan.io.pirsf.hmmer3.PirsfHmmer3RawMatchParser:129] WARN - Couldn't parse the given raw match line, because it is of an unexpected format.
2023-06-24 21:11:49,551 [amqEmbeddedWorkerJmsContainer-13] [uk.ac.ebi.interpro.scan.io.pirsf.hmmer3.PirsfHmmer3RawMatchParser:130] WARN - Unexpected Raw match line: #    score  bias  c-Evalue  i-Evalue hmmfrom  hmm to    alifrom  ali to    envfrom  env to     acc
2023-06-24 21:11:49,551 [amqEmbeddedWorkerJmsContainer-13] [uk.ac.ebi.interpro.scan.io.pirsf.hmmer3.PirsfHmmer3RawMatchParser:129] WARN - Couldn't parse the given raw match line, because it is of an unexpected format.
2023-06-24 21:11:49,551 [amqEmbeddedWorkerJmsContainer-13] [uk.ac.ebi.interpro.scan.io.pirsf.hmmer3.PirsfHmmer3RawMatchParser:130] WARN - Unexpected Raw match line: 1 !  197.7   0.1     8e-63   3.6e-60       3     263 ..      58     323 ..      56     324 .] 0.90
2023-06-24 21:11:49,551 [amqEmbeddedWorkerJmsContainer-13] [uk.ac.ebi.interpro.scan.io.pirsf.hmmer3.PirsfHmmer3RawMatchParser:129] WARN - Couldn't parse the given raw match line, because it is of an unexpected format.
2023-06-24 21:11:49,551 [amqEmbeddedWorkerJmsContainer-13] [uk.ac.ebi.interpro.scan.io.pirsf.hmmer3.PirsfHmmer3RawMatchParser:130] WARN - Unexpected Raw match line: Query sequence: 342 matches PIRSF000460: Glucan phosphorylase
2023-06-24 21:11:49,551 [amqEmbeddedWorkerJmsContainer-13] [uk.ac.ebi.interpro.scan.io.pirsf.hmmer3.PirsfHmmer3RawMatchParser:129] WARN - Couldn't parse the given raw match line, because it is of an unexpected format.
2023-06-24 21:11:49,551 [amqEmbeddedWorkerJmsContainer-13] [uk.ac.ebi.interpro.scan.io.pirsf.hmmer3.PirsfHmmer3RawMatchParser:130] WARN - Unexpected Raw match line: #    score  bias  c-Evalue  i-Evalue hmmfrom  hmm to    alifrom  ali to    envfrom  env to     acc
2023-06-24 21:11:49,552 [amqEmbeddedWorkerJmsContainer-13] [uk.ac.ebi.interpro.scan.io.pirsf.hmmer3.PirsfHmmer3RawMatchParser:129] WARN - Couldn't parse the given raw match line, because it is of an unexpected format.
2023-06-24 21:11:49,552 [amqEmbeddedWorkerJmsContainer-13] [uk.ac.ebi.interpro.scan.io.pirsf.hmmer3.PirsfHmmer3RawMatchParser:130] WARN - Unexpected Raw match line: 1 !  233.2   0.0   2.8e-73   1.3e-70     108     638 ..      51     568 ..      33     591 .. 0.82
2023-06-24 21:11:49,552 [amqEmbeddedWorkerJmsContainer-13] [uk.ac.ebi.interpro.scan.io.pirsf.hmmer3.PirsfHmmer3RawMatchParser:129] WARN - Couldn't parse the given raw match line, because it is of an unexpected format.
2023-06-24 21:11:49,552 [amqEmbeddedWorkerJmsContainer-13] [uk.ac.ebi.interpro.scan.io.pirsf.hmmer3.PirsfHmmer3RawMatchParser:130] WARN - Unexpected Raw match line: Query sequence: 377 matches PIRSF002811: DNA primase
2023-06-24 21:11:49,552 [amqEmbeddedWorkerJmsContainer-13] [uk.ac.ebi.interpro.scan.io.pirsf.hmmer3.PirsfHmmer3RawMatchParser:129] WARN - Couldn't parse the given raw match line, because it is of an unexpected format.
2023-06-24 21:11:49,552 [amqEmbeddedWorkerJmsContainer-13] [uk.ac.ebi.interpro.scan.io.pirsf.hmmer3.PirsfHmmer3RawMatchParser:130] WARN - Unexpected Raw match line: #    score  bias  c-Evalue  i-Evalue hmmfrom  hmm to    alifrom  ali to    envfrom  env to     acc
2023-06-24 21:11:49,552 [amqEmbeddedWorkerJmsContainer-13] [uk.ac.ebi.interpro.scan.io.pirsf.hmmer3.PirsfHmmer3RawMatchParser:129] WARN - Couldn't parse the given raw match line, because it is of an unexpected format.
2023-06-24 21:11:49,552 [amqEmbeddedWorkerJmsContainer-13] [uk.ac.ebi.interpro.scan.io.pirsf.hmmer3.PirsfHmmer3RawMatchParser:130] WARN - Unexpected Raw match line: 1 !  520.0   1.6  5.7e-160  2.6e-157       6     592 ..       3     581 ..       1     583 [. 0.91
2023-06-24 21:11:49,552 [amqEmbeddedWorkerJmsContainer-13] [uk.ac.ebi.interpro.scan.io.pirsf.hmmer3.PirsfHmmer3RawMatchParser:129] WARN - Couldn't parse the given raw match line, because it is of an unexpected format.
2023-06-24 21:11:49,552 [amqEmbeddedWorkerJmsContainer-13] [uk.ac.ebi.interpro.scan.io.pirsf.hmmer3.PirsfHmmer3RawMatchParser:130] WARN - Unexpected Raw match line: Query sequence: 379 matches PIRSF002741: Peptide binding protein, MppA type
2023-06-24 21:11:49,552 [amqEmbeddedWorkerJmsContainer-13] [uk.ac.ebi.interpro.scan.io.pirsf.hmmer3.PirsfHmmer3RawMatchParser:129] WARN - Couldn't parse the given raw match line, because it is of an unexpected format.
2023-06-24 21:11:49,552 [amqEmbeddedWorkerJmsContainer-13] [uk.ac.ebi.interpro.scan.io.pirsf.hmmer3.PirsfHmmer3RawMatchParser:130] WARN - Unexpected Raw match line: #    score  bias  c-Evalue  i-Evalue hmmfrom  hmm to    alifrom  ali to    envfrom  env to     acc
2023-06-24 21:11:49,552 [amqEmbeddedWorkerJmsContainer-13] [uk.ac.ebi.interpro.scan.io.pirsf.hmmer3.PirsfHmmer3RawMatchParser:129] WARN - Couldn't parse the given raw match line, because it is of an unexpected format.
2023-06-24 21:11:49,552 [amqEmbeddedWorkerJmsContainer-13] [uk.ac.ebi.interpro.scan.io.pirsf.hmmer3.PirsfHmmer3RawMatchParser:130] WARN - Unexpected Raw match line: 1 !   43.2   0.0   9.6e-16   4.4e-13      64     128 ..      68     132 ..      59     183 .. 0.89
2023-06-24 21:11:49,552 [amqEmbeddedWorkerJmsContainer-13] [uk.ac.ebi.interpro.scan.io.pirsf.hmmer3.PirsfHmmer3RawMatchParser:129] WARN - Couldn't parse the given raw match line, because it is of an unexpected format.
2023-06-24 21:11:49,552 [amqEmbeddedWorkerJmsContainer-13] [uk.ac.ebi.interpro.scan.io.pirsf.hmmer3.PirsfHmmer3RawMatchParser:130] WARN - Unexpected Raw match line: 2 !   81.2   0.7   2.9e-27   1.3e-24     234     513 ..     197     438 ..     195     444 .. 0.88
2023-06-24 21:11:49,553 [amqEmbeddedWorkerJmsContainer-13] [uk.ac.ebi.interpro.scan.io.pirsf.hmmer3.PirsfHmmer3RawMatchParser:129] WARN - Couldn't parse the given raw match line, because it is of an unexpected format.
2023-06-24 21:11:49,553 [amqEmbeddedWorkerJmsContainer-13] [uk.ac.ebi.interpro.scan.io.pirsf.hmmer3.PirsfHmmer3RawMatchParser:130] WARN - Unexpected Raw match line: Query sequence: 400 matches PIRSF004557: Preprotein translocase Sec, SecY/Sec61-alpha subunit
2023-06-24 21:11:49,553 [amqEmbeddedWorkerJmsContainer-13] [uk.ac.ebi.interpro.scan.io.pirsf.hmmer3.PirsfHmmer3RawMatchParser:129] WARN - Couldn't parse the given raw match line, because it is of an unexpected format.
2023-06-24 21:11:49,553 [amqEmbeddedWorkerJmsContainer-13] [uk.ac.ebi.interpro.scan.io.pirsf.hmmer3.PirsfHmmer3RawMatchParser:130] WARN - Unexpected Raw match line: #    score  bias  c-Evalue  i-Evalue hmmfrom  hmm to    alifrom  ali to    envfrom  env to     acc
2023-06-24 21:11:49,553 [amqEmbeddedWorkerJmsContainer-13] [uk.ac.ebi.interpro.scan.io.pirsf.hmmer3.PirsfHmmer3RawMatchParser:129] WARN - Couldn't parse the given raw match line, because it is of an unexpected format.
2023-06-24 21:11:49,553 [amqEmbeddedWorkerJmsContainer-13] [uk.ac.ebi.interpro.scan.io.pirsf.hmmer3.PirsfHmmer3RawMatchParser:130] WARN - Unexpected Raw match line: 1 !  393.5  25.9    6e-122  2.7e-119      15     444 ..      29     445 ..      18     447 .] 0.91
2023-06-24 21:11:49,553 [amqEmbeddedWorkerJmsContainer-13] [uk.ac.ebi.interpro.scan.io.pirsf.hmmer3.PirsfHmmer3RawMatchParser:129] WARN - Couldn't parse the given raw match line, because it is of an unexpected format.
2023-06-24 21:11:49,553 [amqEmbeddedWorkerJmsContainer-13] [uk.ac.ebi.interpro.scan.io.pirsf.hmmer3.PirsfHmmer3RawMatchParser:130] WARN - Unexpected Raw match line: Query sequence: 406 matches PIRSF002869: Virulence factor MviN homolog
2023-06-24 21:11:49,553 [amqEmbeddedWorkerJmsContainer-13] [uk.ac.ebi.interpro.scan.io.pirsf.hmmer3.PirsfHmmer3RawMatchParser:129] WARN - Couldn't parse the given raw match line, because it is of an unexpected format.
2023-06-24 21:11:49,553 [amqEmbeddedWorkerJmsContainer-13] [uk.ac.ebi.interpro.scan.io.pirsf.hmmer3.PirsfHmmer3RawMatchParser:130] WARN - Unexpected Raw match line: #    score  bias  c-Evalue  i-Evalue hmmfrom  hmm to    alifrom  ali to    envfrom  env to     acc
2023-06-24 21:11:49,553 [amqEmbeddedWorkerJmsContainer-13] [uk.ac.ebi.interpro.scan.io.pirsf.hmmer3.PirsfHmmer3RawMatchParser:129] WARN - Couldn't parse the given raw match line, because it is of an unexpected format.
2023-06-24 21:11:49,553 [amqEmbeddedWorkerJmsContainer-13] [uk.ac.ebi.interpro.scan.io.pirsf.hmmer3.PirsfHmmer3RawMatchParser:130] WARN - Unexpected Raw match line: 1 !  325.1  41.3    4e-101   1.8e-98       3     512 ..      20     525 ..      18     529 .. 0.95
2023-06-24 21:11:49,553 [amqEmbeddedWorkerJmsContainer-13] [uk.ac.ebi.interpro.scan.io.pirsf.hmmer3.PirsfHmmer3RawMatchParser:129] WARN - Couldn't parse the given raw match line, because it is of an unexpected format.
2023-06-24 21:11:49,553 [amqEmbeddedWorkerJmsContainer-13] [uk.ac.ebi.interpro.scan.io.pirsf.hmmer3.PirsfHmmer3RawMatchParser:130] WARN - Unexpected Raw match line: Query sequence: 412 matches PIRSF006621: tRNA-dihydrouridine synthase
2023-06-24 21:11:49,553 [amqEmbeddedWorkerJmsContainer-13] [uk.ac.ebi.interpro.scan.io.pirsf.hmmer3.PirsfHmmer3RawMatchParser:129] WARN - Couldn't parse the given raw match line, because it is of an unexpected format.
2023-06-24 21:11:49,553 [amqEmbeddedWorkerJmsContainer-13] [uk.ac.ebi.interpro.scan.io.pirsf.hmmer3.PirsfHmmer3RawMatchParser:130] WARN - Unexpected Raw match line: #    score  bias  c-Evalue  i-Evalue hmmfrom  hmm to    alifrom  ali to    envfrom  env to     acc
2023-06-24 21:11:49,554 [amqEmbeddedWorkerJmsContainer-13] [uk.ac.ebi.interpro.scan.io.pirsf.hmmer3.PirsfHmmer3RawMatchParser:129] WARN - Couldn't parse the given raw match line, because it is of an unexpected format.
2023-06-24 21:11:49,554 [amqEmbeddedWorkerJmsContainer-13] [uk.ac.ebi.interpro.scan.io.pirsf.hmmer3.PirsfHmmer3RawMatchParser:130] WARN - Unexpected Raw match line: 1 !  203.2   0.0     3e-64   1.4e-61      13     317 ..      24     335 ..      13     338 .. 0.86
2023-06-24 21:11:49,554 [amqEmbeddedWorkerJmsContainer-13] [uk.ac.ebi.interpro.scan.io.pirsf.hmmer3.PirsfHmmer3RawMatchParser:129] WARN - Couldn't parse the given raw match line, because it is of an unexpected format.
2023-06-24 21:11:49,554 [amqEmbeddedWorkerJmsContainer-13] [uk.ac.ebi.interpro.scan.io.pirsf.hmmer3.PirsfHmmer3RawMatchParser:130] WARN - Unexpected Raw match line: Query sequence: 430 matches PIRSF001174: Lon protease
2023-06-24 21:11:49,554 [amqEmbeddedWorkerJmsContainer-13] [uk.ac.ebi.interpro.scan.io.pirsf.hmmer3.PirsfHmmer3RawMatchParser:129] WARN - Couldn't parse the given raw match line, because it is of an unexpected format.
2023-06-24 21:11:49,554 [amqEmbeddedWorkerJmsContainer-13] [uk.ac.ebi.interpro.scan.io.pirsf.hmmer3.PirsfHmmer3RawMatchParser:130] WARN - Unexpected Raw match line: #    score  bias  c-Evalue  i-Evalue hmmfrom  hmm to    alifrom  ali to    envfrom  env to     acc
2023-06-24 21:11:49,554 [amqEmbeddedWorkerJmsContainer-13] [uk.ac.ebi.interpro.scan.io.pirsf.hmmer3.PirsfHmmer3RawMatchParser:129] WARN - Couldn't parse the given raw match line, because it is of an unexpected format.
2023-06-24 21:11:49,554 [amqEmbeddedWorkerJmsContainer-13] [uk.ac.ebi.interpro.scan.io.pirsf.hmmer3.PirsfHmmer3RawMatchParser:130] WARN - Unexpected Raw match line: 1 !  930.4   8.8  2.8e-283  2.1e-281      11     774 ..      26     798 ..      14     799 .] 0.97
2023-06-24 21:11:49,554 [amqEmbeddedWorkerJmsContainer-13] [uk.ac.ebi.interpro.scan.io.pirsf.hmmer3.PirsfHmmer3RawMatchParser:129] WARN - Couldn't parse the given raw match line, because it is of an unexpected format.
2023-06-24 21:11:49,554 [amqEmbeddedWorkerJmsContainer-13] [uk.ac.ebi.interpro.scan.io.pirsf.hmmer3.PirsfHmmer3RawMatchParser:130] WARN - Unexpected Raw match line: Query sequence: 447 matches PIRSF003101: Cell division protein FtsA
2023-06-24 21:11:49,554 [amqEmbeddedWorkerJmsContainer-13] [uk.ac.ebi.interpro.scan.io.pirsf.hmmer3.PirsfHmmer3RawMatchParser:129] WARN - Couldn't parse the given raw match line, because it is of an unexpected format.
2023-06-24 21:11:49,554 [amqEmbeddedWorkerJmsContainer-13] [uk.ac.ebi.interpro.scan.io.pirsf.hmmer3.PirsfHmmer3RawMatchParser:130] WARN - Unexpected Raw match line: #    score  bias  c-Evalue  i-Evalue hmmfrom  hmm to    alifrom  ali to    envfrom  env to     acc
2023-06-24 21:11:49,554 [amqEmbeddedWorkerJmsContainer-13] [uk.ac.ebi.interpro.scan.io.pirsf.hmmer3.PirsfHmmer3RawMatchParser:129] WARN - Couldn't parse the given raw match line, because it is of an unexpected format.
2023-06-24 21:11:49,554 [amqEmbeddedWorkerJmsContainer-13] [uk.ac.ebi.interpro.scan.io.pirsf.hmmer3.PirsfHmmer3RawMatchParser:130] WARN - Unexpected Raw match line: 1 !  386.2   3.9  3.1e-119  4.7e-117       7     391 ..       5     394 ..       1     423 [. 0.91
2023-06-24 21:11:49,555 [amqEmbeddedWorkerJmsContainer-13] [uk.ac.ebi.interpro.scan.io.pirsf.hmmer3.PirsfHmmer3RawMatchParser:129] WARN - Couldn't parse the given raw match line, because it is of an unexpected format.
2023-06-24 21:11:49,555 [amqEmbeddedWorkerJmsContainer-13] [uk.ac.ebi.interpro.scan.io.pirsf.hmmer3.PirsfHmmer3RawMatchParser:130] WARN - Unexpected Raw match line: Query sequence: 45 matches PIRSF001589: Asparagine synthetase [glutamine-hydrolysing]
2023-06-24 21:11:49,555 [amqEmbeddedWorkerJmsContainer-13] [uk.ac.ebi.interpro.scan.io.pirsf.hmmer3.PirsfHmmer3RawMatchParser:129] WARN - Couldn't parse the given raw match line, because it is of an unexpected format.
2023-06-24 21:11:49,555 [amqEmbeddedWorkerJmsContainer-13] [uk.ac.ebi.interpro.scan.io.pirsf.hmmer3.PirsfHmmer3RawMatchParser:130] WARN - Unexpected Raw match line: #    score  bias  c-Evalue  i-Evalue hmmfrom  hmm to    alifrom  ali to    envfrom  env to     acc
2023-06-24 21:11:49,555 [amqEmbeddedWorkerJmsContainer-13] [uk.ac.ebi.interpro.scan.io.pirsf.hmmer3.PirsfHmmer3RawMatchParser:129] WARN - Couldn't parse the given raw match line, because it is of an unexpected format.
2023-06-24 21:11:49,555 [amqEmbeddedWorkerJmsContainer-13] [uk.ac.ebi.interpro.scan.io.pirsf.hmmer3.PirsfHmmer3RawMatchParser:130] WARN - Unexpected Raw match line: 1 !  545.2   0.0    1e-167  4.8e-165       1     590 [.       2     626 ..       2     627 .] 0.91
24/06/2023 21:22:53:112 100% done:  InterProScan analyses completed 

2023-06-24 21:22:53,617 [main] [uk.ac.ebi.interpro.scan.jms.master.AbstractMaster:259] WARN - Master process unable to delete temporary directory /projects/raw_lab/jobs/metacerberus/temp/str-c108.uncc.edu_20230624_210944514_chxr
2720.68user 287.26system 13:13.92elapsed 378%CPU (0avgtext+0avgdata 3354224maxresident)k
1132776inputs+1180528outputs (180major+17018102minor)pagefaults 0swaps

======================================================
End Time   : Sat Jun 24 21:22:53 EDT 2023
Run Time   : 794 seconds
======================================================

