=====================================================
Start Time  : Sat Jun 24 19:56:32 EDT 2023
Submit Dir  : /projects/raw_lab/jobs/metacerberus
Job ID/Name : 3995382 / InterProScan
Node List   : str-c89
Num Tasks   : 1 total [1 nodes @ 16 CPUs/node]
======================================================

Loading interproscan/5.60-92.0
  Loading requirement: anaconda3/2020.11 openjdk/15
======================================================
Running InterProScan On GTDB-100/genomes/bacteria/GCA_016703265.1.fna
======================================================
24/06/2023 19:56:33:546 Welcome to InterProScan-5.60-92.0
24/06/2023 19:56:33:546 Running InterProScan v5 in STANDALONE mode... on Linux
24/06/2023 19:56:37:500 RunID: str-c89.uncc.edu_20230624_195637333_2lks
24/06/2023 19:56:45:854 Loading file /projects/raw_lab/jobs/metacerberus/GTDB-100/genomes/bacteria/GCA_016703265.1.fna
24/06/2023 19:56:47:339 Running the following analyses:
[AntiFam-7.0,CDD-3.20,Coils-2.2.1,FunFam-4.3.0,Gene3D-4.3.0,Hamap-2021_04,MobiDBLite-2.0,PANTHER-17.0,Pfam-35.0,PIRSF-3.10,PIRSR-2021_05,PRINTS-42.0,ProSitePatterns-2022_01,ProSiteProfiles-2022_01,SFLD-4,SMART-7.1,SUPERFAMILY-1.75,TIGRFAM-15.0]
Pre-calculated match lookup service DISABLED.  Please wait for match calculations to complete...
2023-06-24 20:06:30,896 [amqEmbeddedWorkerJmsContainer-8] [uk.ac.ebi.interpro.scan.io.pirsf.hmmer3.PirsfHmmer3RawMatchParser:129] WARN - Couldn't parse the given raw match line, because it is of an unexpected format.
2023-06-24 20:06:30,900 [amqEmbeddedWorkerJmsContainer-8] [uk.ac.ebi.interpro.scan.io.pirsf.hmmer3.PirsfHmmer3RawMatchParser:130] WARN - Unexpected Raw match line: Query sequence: 112 matches PIRSF036421: Tricorn protease
2023-06-24 20:06:30,900 [amqEmbeddedWorkerJmsContainer-8] [uk.ac.ebi.interpro.scan.io.pirsf.hmmer3.PirsfHmmer3RawMatchParser:129] WARN - Couldn't parse the given raw match line, because it is of an unexpected format.
2023-06-24 20:06:30,900 [amqEmbeddedWorkerJmsContainer-8] [uk.ac.ebi.interpro.scan.io.pirsf.hmmer3.PirsfHmmer3RawMatchParser:130] WARN - Unexpected Raw match line: #    score  bias  c-Evalue  i-Evalue hmmfrom  hmm to    alifrom  ali to    envfrom  env to     acc
2023-06-24 20:06:30,900 [amqEmbeddedWorkerJmsContainer-8] [uk.ac.ebi.interpro.scan.io.pirsf.hmmer3.PirsfHmmer3RawMatchParser:129] WARN - Couldn't parse the given raw match line, because it is of an unexpected format.
2023-06-24 20:06:30,900 [amqEmbeddedWorkerJmsContainer-8] [uk.ac.ebi.interpro.scan.io.pirsf.hmmer3.PirsfHmmer3RawMatchParser:130] WARN - Unexpected Raw match line: 1 !  789.3   0.0  5.7e-241  4.8e-239       9    1051 ..      42    1101 ..      36    1102 .] 0.94
24/06/2023 20:06:49:766 100% done:  InterProScan analyses completed 

2023-06-24 20:06:50,268 [main] [uk.ac.ebi.interpro.scan.jms.master.AbstractMaster:259] WARN - Master process unable to delete temporary directory /projects/raw_lab/jobs/metacerberus/temp/str-c89.uncc.edu_20230624_195637333_2lks
2119.41user 126.31system 10:17.46elapsed 363%CPU (0avgtext+0avgdata 3535348maxresident)k
1309808inputs+1411528outputs (466major+10345693minor)pagefaults 0swaps

======================================================
End Time   : Sat Jun 24 20:06:50 EDT 2023
Run Time   : 618 seconds
======================================================

