=====================================================
Start Time  : Sat Jul  1 17:15:05 EDT 2023
Submit Dir  : /projects/raw_lab/jobs/metacerberus
Job ID/Name : 4128944 / PROKKA
Node List   : str-c109
Num Tasks   : 1 total [1 nodes @ 16 CPUs/node]
======================================================

Loading prokka/1.14.6
  Loading requirement: anaconda3/2022.10
======================================================
Running PROKKA On VIRAL/genomes/NC_007638.1.fna
======================================================
Viruses
[17:15:07] This is prokka 1.14.6
[17:15:07] Written by Torsten Seemann <torsten.seemann@gmail.com>
[17:15:07] Homepage is https://github.com/tseemann/prokka
[17:15:07] Local time is Sat Jul  1 17:15:07 2023
[17:15:07] You are jlfiguer
[17:15:07] Operating system is linux
[17:15:07] You have BioPerl 1.7.8
Argument "1.7.8" isn't numeric in numeric lt (<) at /apps/pkg/anaconda3/2022.10/envs/prokka-1.14.6/bin/prokka line 259.
[17:15:07] System has 16 cores.
[17:15:07] Will use maximum of 16 cores.
[17:15:07] Annotating as >>> Viruses <<<
[17:15:07] Generating locus_tag from 'VIRAL/genomes/NC_007638.1.fna' contents.
[17:15:07] Setting --locustag DCNJCAIC from MD5 dc73ca2c242fc769f362c6a91790a272
[17:15:07] Creating new output folder: results/PROKKA/VIRAL/genomes/NC_007638.1
[17:15:07] Running: mkdir -p results\/PROKKA\/VIRAL\/genomes\/NC_007638\.1
[17:15:07] Using filename prefix: NC_007638.1.XXX
[17:15:07] Setting HMMER_NCPU=1
[17:15:07] Writing log to: results/PROKKA/VIRAL/genomes/NC_007638.1/NC_007638.1.log
[17:15:07] Command: /apps/pkg/anaconda3/2022.10/envs/prokka-1.14.6/bin/prokka --prefix NC_007638.1 --outdir results/PROKKA/VIRAL/genomes/NC_007638.1 --kingdom Viruses --cpus 16 VIRAL/genomes/NC_007638.1.fna
[17:15:07] Appending to PATH: /apps/pkg/anaconda3/2022.10/envs/prokka-1.14.6/bin
[17:15:07] Looking for 'aragorn' - found /apps/pkg/anaconda3/2022.10/envs/prokka-1.14.6/bin/aragorn
[17:15:07] Determined aragorn version is 001002 from 'ARAGORN v1.2.41 Dean Laslett'
[17:15:07] Looking for 'barrnap' - found /apps/pkg/anaconda3/2022.10/envs/prokka-1.14.6/bin/barrnap
[17:15:07] Determined barrnap version is 000009 from 'barrnap 0.9'
[17:15:07] Looking for 'blastp' - found /apps/pkg/anaconda3/2022.10/envs/prokka-1.14.6/bin/blastp
[17:15:07] Determined blastp version is 002013 from 'blastp: 2.13.0+'
[17:15:07] Looking for 'cmpress' - found /apps/pkg/anaconda3/2022.10/envs/prokka-1.14.6/bin/cmpress
[17:15:07] Determined cmpress version is 001001 from '# INFERNAL 1.1.4 (Dec 2020)'
[17:15:07] Looking for 'cmscan' - found /apps/pkg/anaconda3/2022.10/envs/prokka-1.14.6/bin/cmscan
[17:15:07] Determined cmscan version is 001001 from '# INFERNAL 1.1.4 (Dec 2020)'
[17:15:07] Looking for 'egrep' - found /usr/bin/egrep
[17:15:07] Looking for 'find' - found /usr/bin/find
[17:15:07] Looking for 'grep' - found /usr/bin/grep
[17:15:07] Looking for 'hmmpress' - found /apps/pkg/anaconda3/2022.10/envs/prokka-1.14.6/bin/hmmpress
[17:15:07] Determined hmmpress version is 003003 from '# HMMER 3.3.2 (Nov 2020); http://hmmer.org/'
[17:15:07] Looking for 'hmmscan' - found /apps/pkg/anaconda3/2022.10/envs/prokka-1.14.6/bin/hmmscan
[17:15:07] Determined hmmscan version is 003003 from '# HMMER 3.3.2 (Nov 2020); http://hmmer.org/'
[17:15:07] Looking for 'java' - found /apps/pkg/anaconda3/2022.10/envs/prokka-1.14.6/bin/java
[17:15:07] Looking for 'makeblastdb' - found /apps/pkg/anaconda3/2022.10/envs/prokka-1.14.6/bin/makeblastdb
[17:15:07] Determined makeblastdb version is 002013 from 'makeblastdb: 2.13.0+'
[17:15:07] Looking for 'minced' - found /apps/pkg/anaconda3/2022.10/envs/prokka-1.14.6/bin/minced
[17:15:07] Determined minced version is 004002 from 'minced 0.4.2'
[17:15:07] Looking for 'parallel' - found /apps/pkg/anaconda3/2022.10/envs/prokka-1.14.6/bin/parallel
[17:15:07] Determined parallel version is 20230122 from 'GNU parallel 20230122'
[17:15:07] Looking for 'prodigal' - found /apps/pkg/anaconda3/2022.10/envs/prokka-1.14.6/bin/prodigal
[17:15:07] Determined prodigal version is 002006 from 'Prodigal V2.6.3: February, 2016'
[17:15:07] Looking for 'prokka-genbank_to_fasta_db' - found /apps/pkg/anaconda3/2022.10/envs/prokka-1.14.6/bin/prokka-genbank_to_fasta_db
[17:15:07] Looking for 'sed' - found /usr/bin/sed
[17:15:07] Looking for 'tbl2asn' - found /apps/pkg/anaconda3/2022.10/envs/prokka-1.14.6/bin/tbl2asn
[17:15:07] Determined tbl2asn version is 025007 from 'tbl2asn 25.7   arguments:'
[17:15:07] Using genetic code table 1.
[17:15:07] Loading and checking input file: VIRAL/genomes/NC_007638.1.fna
[17:15:07] Wrote 1 contigs totalling 2757 bp.
[17:15:07] Predicting tRNAs and tmRNAs
[17:15:07] Running: aragorn -l -gc1  -w results\/PROKKA\/VIRAL\/genomes\/NC_007638\.1\/NC_007638\.1\.fna
[17:15:07] Found 0 tRNAs
[17:15:07] Disabling rRNA search: --kingdom=Viruses or --norrna=0
[17:15:07] Skipping ncRNA search, enable with --rfam if desired.
[17:15:07] Total of 0 tRNA + rRNA features
[17:15:07] Searching for CRISPR repeats
[17:15:07] Found 0 CRISPRs
[17:15:07] Predicting coding sequences
[17:15:07] Contigs total 2757 bp, so using meta mode
[17:15:07] Running: prodigal -i results\/PROKKA\/VIRAL\/genomes\/NC_007638\.1\/NC_007638\.1\.fna -c -m -g 1 -p meta -f sco -q
[17:15:07] Found 3 CDS
[17:15:07] Connecting features back to sequences
[17:15:07] Not using genus-specific database. Try --usegenus to enable it.
[17:15:07] Annotating CDS, please be patient.
[17:15:07] Will use 16 CPUs for similarity searching.
[17:15:07] There are still 3 unannotated CDS left (started with 3)
[17:15:07] Will use blast to search against /apps/pkg/anaconda3/2022.10/envs/prokka-1.14.6/db/kingdom/Viruses/sprot with 16 CPUs
[17:15:07] Running: cat results\/PROKKA\/VIRAL\/genomes\/NC_007638\.1\/NC_007638\.1\.sprot\.tmp\.3927490\.faa | parallel --gnu --plain -j 16 --block 24 --recstart '>' --pipe blastp -query - -db /apps/pkg/anaconda3/2022.10/envs/prokka-1.14.6/db/kingdom/Viruses/sprot -evalue 1e-09 -qcov_hsp_perc 80 -num_threads 1 -num_descriptions 1 -num_alignments 1 -seg no > results\/PROKKA\/VIRAL\/genomes\/NC_007638\.1\/NC_007638\.1\.sprot\.tmp\.3927490\.blast 2> /dev/null
[17:15:08] Deleting unwanted file: results/PROKKA/VIRAL/genomes/NC_007638.1/NC_007638.1.sprot.tmp.3927490.faa
[17:15:08] Deleting unwanted file: results/PROKKA/VIRAL/genomes/NC_007638.1/NC_007638.1.sprot.tmp.3927490.blast
[17:15:08] Found 3 unique /gene codes.
[17:15:08] Fixed 0 colliding /gene names.
[17:15:08] Adding /locus_tag identifiers
[17:15:08] Assigned 3 locus_tags to CDS and RNA features.
[17:15:08] Writing outputs to results/PROKKA/VIRAL/genomes/NC_007638.1/
[17:15:08] Generating annotation statistics file
[17:15:08] Generating Genbank and Sequin files
[17:15:08] Running: tbl2asn -V b -a r10k -l paired-ends -M n -N 1 -y 'Annotated using prokka 1.14.6 from https://github.com/tseemann/prokka' -Z results\/PROKKA\/VIRAL\/genomes\/NC_007638\.1\/NC_007638\.1\.err -i results\/PROKKA\/VIRAL\/genomes\/NC_007638\.1\/NC_007638\.1\.fsa 2> /dev/null
[tbl2asn-forever] Found Prokka input, correcting dates in .gbf|.sqn files.
[tbl2asn-forever] Correcting dates in results/PROKKA/VIRAL/genomes/NC_007638.1/NC_007638.1.gbf
[tbl2asn-forever] Correcting dates in results/PROKKA/VIRAL/genomes/NC_007638.1/NC_007638.1.sqn
[tbl2asn-forever] Dates changed from 01-JAN-2019 to 01-JUL-2023
[17:15:08] Deleting unwanted file: results/PROKKA/VIRAL/genomes/NC_007638.1/errorsummary.val
[17:15:08] Deleting unwanted file: results/PROKKA/VIRAL/genomes/NC_007638.1/NC_007638.1.dr
[17:15:08] Deleting unwanted file: results/PROKKA/VIRAL/genomes/NC_007638.1/NC_007638.1.fixedproducts
[17:15:08] Deleting unwanted file: results/PROKKA/VIRAL/genomes/NC_007638.1/NC_007638.1.ecn
[17:15:08] Deleting unwanted file: results/PROKKA/VIRAL/genomes/NC_007638.1/NC_007638.1.val
[17:15:08] Repairing broken .GBK output that tbl2asn produces...
[17:15:08] Running: sed 's/COORDINATES: profile/COORDINATES:profile/' < results\/PROKKA\/VIRAL\/genomes\/NC_007638\.1\/NC_007638\.1\.gbf > results\/PROKKA\/VIRAL\/genomes\/NC_007638\.1\/NC_007638\.1\.gbk
[17:15:08] Deleting unwanted file: results/PROKKA/VIRAL/genomes/NC_007638.1/NC_007638.1.gbf
[17:15:08] Output files:
[17:15:08] results/PROKKA/VIRAL/genomes/NC_007638.1/NC_007638.1.log
[17:15:08] results/PROKKA/VIRAL/genomes/NC_007638.1/NC_007638.1.fna
[17:15:08] results/PROKKA/VIRAL/genomes/NC_007638.1/NC_007638.1.gff
[17:15:08] results/PROKKA/VIRAL/genomes/NC_007638.1/NC_007638.1.faa
[17:15:08] results/PROKKA/VIRAL/genomes/NC_007638.1/NC_007638.1.ffn
[17:15:08] results/PROKKA/VIRAL/genomes/NC_007638.1/NC_007638.1.tbl
[17:15:08] results/PROKKA/VIRAL/genomes/NC_007638.1/NC_007638.1.fsa
[17:15:08] results/PROKKA/VIRAL/genomes/NC_007638.1/NC_007638.1.tsv
[17:15:08] results/PROKKA/VIRAL/genomes/NC_007638.1/NC_007638.1.txt
[17:15:08] results/PROKKA/VIRAL/genomes/NC_007638.1/NC_007638.1.err
[17:15:08] results/PROKKA/VIRAL/genomes/NC_007638.1/NC_007638.1.sqn
[17:15:08] results/PROKKA/VIRAL/genomes/NC_007638.1/NC_007638.1.gbk
[17:15:08] Annotation finished successfully.
[17:15:08] Walltime used: 0.02 minutes
[17:15:08] If you use this result please cite the Prokka paper:
[17:15:08] Seemann T (2014) Prokka: rapid prokaryotic genome annotation. Bioinformatics. 30(14):2068-9.
[17:15:08] Type 'prokka --citation' for more details.
[17:15:08] Share and enjoy!
0.94user 0.27system 0:01.08elapsed 111%CPU (0avgtext+0avgdata 55696maxresident)k
48inputs+2888outputs (0major+93707minor)pagefaults 0swaps

======================================================
End Time   : Sat Jul  1 17:15:08 EDT 2023
Run Time   : 3 seconds
======================================================

