=====================================================
Start Time  : Sat Jun 24 17:53:11 EDT 2023
Submit Dir  : /projects/raw_lab/jobs/metacerberus
Job ID/Name : 3995134 / InterProScan
Node List   : str-c108
Num Tasks   : 1 total [1 nodes @ 16 CPUs/node]
======================================================

Loading interproscan/5.60-92.0
  Loading requirement: anaconda3/2020.11 openjdk/15
======================================================
Running InterProScan On GTDB-100/genomes/archaea/GCA_002254385.1.fna
======================================================
24/06/2023 17:53:12:241 Welcome to InterProScan-5.60-92.0
24/06/2023 17:53:12:242 Running InterProScan v5 in STANDALONE mode... on Linux
24/06/2023 17:53:16:238 RunID: str-c108.uncc.edu_20230624_175316057_4p3j
24/06/2023 17:53:24:538 Loading file /projects/raw_lab/jobs/metacerberus/GTDB-100/genomes/archaea/GCA_002254385.1.fna
24/06/2023 17:53:25:462 Running the following analyses:
[AntiFam-7.0,CDD-3.20,Coils-2.2.1,FunFam-4.3.0,Gene3D-4.3.0,Hamap-2021_04,MobiDBLite-2.0,PANTHER-17.0,Pfam-35.0,PIRSF-3.10,PIRSR-2021_05,PRINTS-42.0,ProSitePatterns-2022_01,ProSiteProfiles-2022_01,SFLD-4,SMART-7.1,SUPERFAMILY-1.75,TIGRFAM-15.0]
Pre-calculated match lookup service DISABLED.  Please wait for match calculations to complete...
2023-06-24 18:10:06,475 [amqEmbeddedWorkerJmsContainer-11] [uk.ac.ebi.interpro.scan.io.pirsf.hmmer3.PirsfHmmer3RawMatchParser:129] WARN - Couldn't parse the given raw match line, because it is of an unexpected format.
2023-06-24 18:10:06,480 [amqEmbeddedWorkerJmsContainer-11] [uk.ac.ebi.interpro.scan.io.pirsf.hmmer3.PirsfHmmer3RawMatchParser:130] WARN - Unexpected Raw match line: Query sequence: 1002 matches PIRSF035261: Uncharacterised conserved protein, UCP035261 type
2023-06-24 18:10:06,480 [amqEmbeddedWorkerJmsContainer-11] [uk.ac.ebi.interpro.scan.io.pirsf.hmmer3.PirsfHmmer3RawMatchParser:129] WARN - Couldn't parse the given raw match line, because it is of an unexpected format.
2023-06-24 18:10:06,480 [amqEmbeddedWorkerJmsContainer-11] [uk.ac.ebi.interpro.scan.io.pirsf.hmmer3.PirsfHmmer3RawMatchParser:130] WARN - Unexpected Raw match line: #    score  bias  c-Evalue  i-Evalue hmmfrom  hmm to    alifrom  ali to    envfrom  env to     acc
2023-06-24 18:10:06,480 [amqEmbeddedWorkerJmsContainer-11] [uk.ac.ebi.interpro.scan.io.pirsf.hmmer3.PirsfHmmer3RawMatchParser:129] WARN - Couldn't parse the given raw match line, because it is of an unexpected format.
2023-06-24 18:10:06,480 [amqEmbeddedWorkerJmsContainer-11] [uk.ac.ebi.interpro.scan.io.pirsf.hmmer3.PirsfHmmer3RawMatchParser:130] WARN - Unexpected Raw match line: 1 !  715.7   0.1  2.7e-219    3e-216      72     646 ..      28     638 ..      15     658 .. 0.95
2023-06-24 18:10:06,480 [amqEmbeddedWorkerJmsContainer-11] [uk.ac.ebi.interpro.scan.io.pirsf.hmmer3.PirsfHmmer3RawMatchParser:129] WARN - Couldn't parse the given raw match line, because it is of an unexpected format.
2023-06-24 18:10:06,480 [amqEmbeddedWorkerJmsContainer-11] [uk.ac.ebi.interpro.scan.io.pirsf.hmmer3.PirsfHmmer3RawMatchParser:130] WARN - Unexpected Raw match line: Query sequence: 1059 matches PIRSF001587: Phosphoribosylformylglycinamidine synthase component II
2023-06-24 18:10:06,480 [amqEmbeddedWorkerJmsContainer-11] [uk.ac.ebi.interpro.scan.io.pirsf.hmmer3.PirsfHmmer3RawMatchParser:129] WARN - Couldn't parse the given raw match line, because it is of an unexpected format.
2023-06-24 18:10:06,480 [amqEmbeddedWorkerJmsContainer-11] [uk.ac.ebi.interpro.scan.io.pirsf.hmmer3.PirsfHmmer3RawMatchParser:130] WARN - Unexpected Raw match line: #    score  bias  c-Evalue  i-Evalue hmmfrom  hmm to    alifrom  ali to    envfrom  env to     acc
2023-06-24 18:10:06,480 [amqEmbeddedWorkerJmsContainer-11] [uk.ac.ebi.interpro.scan.io.pirsf.hmmer3.PirsfHmmer3RawMatchParser:129] WARN - Couldn't parse the given raw match line, because it is of an unexpected format.
2023-06-24 18:10:06,480 [amqEmbeddedWorkerJmsContainer-11] [uk.ac.ebi.interpro.scan.io.pirsf.hmmer3.PirsfHmmer3RawMatchParser:130] WARN - Unexpected Raw match line: 1 !  765.6   0.0  2.7e-234    3e-231      14     740 ..      41     795 ..      25     797 .] 0.94
2023-06-24 18:10:06,481 [amqEmbeddedWorkerJmsContainer-11] [uk.ac.ebi.interpro.scan.io.pirsf.hmmer3.PirsfHmmer3RawMatchParser:129] WARN - Couldn't parse the given raw match line, because it is of an unexpected format.
2023-06-24 18:10:06,481 [amqEmbeddedWorkerJmsContainer-11] [uk.ac.ebi.interpro.scan.io.pirsf.hmmer3.PirsfHmmer3RawMatchParser:130] WARN - Unexpected Raw match line: Query sequence: 1084 matches PIRSF000429: Acetyl-CoA acetyltransferase
2023-06-24 18:10:06,481 [amqEmbeddedWorkerJmsContainer-11] [uk.ac.ebi.interpro.scan.io.pirsf.hmmer3.PirsfHmmer3RawMatchParser:129] WARN - Couldn't parse the given raw match line, because it is of an unexpected format.
2023-06-24 18:10:06,481 [amqEmbeddedWorkerJmsContainer-11] [uk.ac.ebi.interpro.scan.io.pirsf.hmmer3.PirsfHmmer3RawMatchParser:130] WARN - Unexpected Raw match line: #    score  bias  c-Evalue  i-Evalue hmmfrom  hmm to    alifrom  ali to    envfrom  env to     acc
2023-06-24 18:10:06,481 [amqEmbeddedWorkerJmsContainer-11] [uk.ac.ebi.interpro.scan.io.pirsf.hmmer3.PirsfHmmer3RawMatchParser:129] WARN - Couldn't parse the given raw match line, because it is of an unexpected format.
2023-06-24 18:10:06,481 [amqEmbeddedWorkerJmsContainer-11] [uk.ac.ebi.interpro.scan.io.pirsf.hmmer3.PirsfHmmer3RawMatchParser:130] WARN - Unexpected Raw match line: 1 !  431.6   0.9  3.6e-133    2e-130       3     400 ..      25     418 ..      23     419 .. 0.97
2023-06-24 18:10:06,481 [amqEmbeddedWorkerJmsContainer-11] [uk.ac.ebi.interpro.scan.io.pirsf.hmmer3.PirsfHmmer3RawMatchParser:129] WARN - Couldn't parse the given raw match line, because it is of an unexpected format.
2023-06-24 18:10:06,481 [amqEmbeddedWorkerJmsContainer-11] [uk.ac.ebi.interpro.scan.io.pirsf.hmmer3.PirsfHmmer3RawMatchParser:130] WARN - Unexpected Raw match line: Query sequence: 135 matches PIRSF000185: Glutamate dehydrogenase
2023-06-24 18:10:06,481 [amqEmbeddedWorkerJmsContainer-11] [uk.ac.ebi.interpro.scan.io.pirsf.hmmer3.PirsfHmmer3RawMatchParser:129] WARN - Couldn't parse the given raw match line, because it is of an unexpected format.
2023-06-24 18:10:06,481 [amqEmbeddedWorkerJmsContainer-11] [uk.ac.ebi.interpro.scan.io.pirsf.hmmer3.PirsfHmmer3RawMatchParser:130] WARN - Unexpected Raw match line: #    score  bias  c-Evalue  i-Evalue hmmfrom  hmm to    alifrom  ali to    envfrom  env to     acc
2023-06-24 18:10:06,481 [amqEmbeddedWorkerJmsContainer-11] [uk.ac.ebi.interpro.scan.io.pirsf.hmmer3.PirsfHmmer3RawMatchParser:129] WARN - Couldn't parse the given raw match line, because it is of an unexpected format.
2023-06-24 18:10:06,481 [amqEmbeddedWorkerJmsContainer-11] [uk.ac.ebi.interpro.scan.io.pirsf.hmmer3.PirsfHmmer3RawMatchParser:130] WARN - Unexpected Raw match line: 1 !  385.9   0.0  2.2e-119  1.2e-116       3     417 ..      88     511 ..      86     512 .] 0.93
2023-06-24 18:10:06,481 [amqEmbeddedWorkerJmsContainer-11] [uk.ac.ebi.interpro.scan.io.pirsf.hmmer3.PirsfHmmer3RawMatchParser:129] WARN - Couldn't parse the given raw match line, because it is of an unexpected format.
2023-06-24 18:10:06,481 [amqEmbeddedWorkerJmsContainer-11] [uk.ac.ebi.interpro.scan.io.pirsf.hmmer3.PirsfHmmer3RawMatchParser:130] WARN - Unexpected Raw match line: Query sequence: 184 matches PIRSF000724: Phosphoglycerate kinase
2023-06-24 18:10:06,481 [amqEmbeddedWorkerJmsContainer-11] [uk.ac.ebi.interpro.scan.io.pirsf.hmmer3.PirsfHmmer3RawMatchParser:129] WARN - Couldn't parse the given raw match line, because it is of an unexpected format.
2023-06-24 18:10:06,481 [amqEmbeddedWorkerJmsContainer-11] [uk.ac.ebi.interpro.scan.io.pirsf.hmmer3.PirsfHmmer3RawMatchParser:130] WARN - Unexpected Raw match line: #    score  bias  c-Evalue  i-Evalue hmmfrom  hmm to    alifrom  ali to    envfrom  env to     acc
2023-06-24 18:10:06,482 [amqEmbeddedWorkerJmsContainer-11] [uk.ac.ebi.interpro.scan.io.pirsf.hmmer3.PirsfHmmer3RawMatchParser:129] WARN - Couldn't parse the given raw match line, because it is of an unexpected format.
2023-06-24 18:10:06,482 [amqEmbeddedWorkerJmsContainer-11] [uk.ac.ebi.interpro.scan.io.pirsf.hmmer3.PirsfHmmer3RawMatchParser:130] WARN - Unexpected Raw match line: 1 !  397.9   0.0  2.3e-123  2.6e-120       6     405 ..      16     416 ..      11     421 .. 0.97
2023-06-24 18:10:06,482 [amqEmbeddedWorkerJmsContainer-11] [uk.ac.ebi.interpro.scan.io.pirsf.hmmer3.PirsfHmmer3RawMatchParser:129] WARN - Couldn't parse the given raw match line, because it is of an unexpected format.
2023-06-24 18:10:06,482 [amqEmbeddedWorkerJmsContainer-11] [uk.ac.ebi.interpro.scan.io.pirsf.hmmer3.PirsfHmmer3RawMatchParser:130] WARN - Unexpected Raw match line: Query sequence: 193 matches PIRSF006603: Probable multidrug resistance protein
2023-06-24 18:10:06,482 [amqEmbeddedWorkerJmsContainer-11] [uk.ac.ebi.interpro.scan.io.pirsf.hmmer3.PirsfHmmer3RawMatchParser:129] WARN - Couldn't parse the given raw match line, because it is of an unexpected format.
2023-06-24 18:10:06,482 [amqEmbeddedWorkerJmsContainer-11] [uk.ac.ebi.interpro.scan.io.pirsf.hmmer3.PirsfHmmer3RawMatchParser:130] WARN - Unexpected Raw match line: #    score  bias  c-Evalue  i-Evalue hmmfrom  hmm to    alifrom  ali to    envfrom  env to     acc
2023-06-24 18:10:06,482 [amqEmbeddedWorkerJmsContainer-11] [uk.ac.ebi.interpro.scan.io.pirsf.hmmer3.PirsfHmmer3RawMatchParser:129] WARN - Couldn't parse the given raw match line, because it is of an unexpected format.
2023-06-24 18:10:06,482 [amqEmbeddedWorkerJmsContainer-11] [uk.ac.ebi.interpro.scan.io.pirsf.hmmer3.PirsfHmmer3RawMatchParser:130] WARN - Unexpected Raw match line: 1 !  323.4  44.3  1.1e-100   1.2e-97      18     446 ..      45     475 ..      35     485 .. 0.95
2023-06-24 18:10:06,482 [amqEmbeddedWorkerJmsContainer-11] [uk.ac.ebi.interpro.scan.io.pirsf.hmmer3.PirsfHmmer3RawMatchParser:129] WARN - Couldn't parse the given raw match line, because it is of an unexpected format.
2023-06-24 18:10:06,482 [amqEmbeddedWorkerJmsContainer-11] [uk.ac.ebi.interpro.scan.io.pirsf.hmmer3.PirsfHmmer3RawMatchParser:130] WARN - Unexpected Raw match line: Query sequence: 205 matches PIRSF006247: Trk system potassium uptake protein
2023-06-24 18:10:06,482 [amqEmbeddedWorkerJmsContainer-11] [uk.ac.ebi.interpro.scan.io.pirsf.hmmer3.PirsfHmmer3RawMatchParser:129] WARN - Couldn't parse the given raw match line, because it is of an unexpected format.
2023-06-24 18:10:06,482 [amqEmbeddedWorkerJmsContainer-11] [uk.ac.ebi.interpro.scan.io.pirsf.hmmer3.PirsfHmmer3RawMatchParser:130] WARN - Unexpected Raw match line: #    score  bias  c-Evalue  i-Evalue hmmfrom  hmm to    alifrom  ali to    envfrom  env to     acc
2023-06-24 18:10:06,482 [amqEmbeddedWorkerJmsContainer-11] [uk.ac.ebi.interpro.scan.io.pirsf.hmmer3.PirsfHmmer3RawMatchParser:129] WARN - Couldn't parse the given raw match line, because it is of an unexpected format.
2023-06-24 18:10:06,482 [amqEmbeddedWorkerJmsContainer-11] [uk.ac.ebi.interpro.scan.io.pirsf.hmmer3.PirsfHmmer3RawMatchParser:130] WARN - Unexpected Raw match line: 1 !  503.0  32.5  9.4e-155  5.2e-152       5     483 ..       8     499 ..       5     502 .] 0.93
2023-06-24 18:10:06,482 [amqEmbeddedWorkerJmsContainer-11] [uk.ac.ebi.interpro.scan.io.pirsf.hmmer3.PirsfHmmer3RawMatchParser:129] WARN - Couldn't parse the given raw match line, because it is of an unexpected format.
2023-06-24 18:10:06,483 [amqEmbeddedWorkerJmsContainer-11] [uk.ac.ebi.interpro.scan.io.pirsf.hmmer3.PirsfHmmer3RawMatchParser:130] WARN - Unexpected Raw match line: Query sequence: 311 matches PIRSF006444: Phenylacetate coenzyme a ligase, PaaK type
2023-06-24 18:10:06,483 [amqEmbeddedWorkerJmsContainer-11] [uk.ac.ebi.interpro.scan.io.pirsf.hmmer3.PirsfHmmer3RawMatchParser:129] WARN - Couldn't parse the given raw match line, because it is of an unexpected format.
2023-06-24 18:10:06,483 [amqEmbeddedWorkerJmsContainer-11] [uk.ac.ebi.interpro.scan.io.pirsf.hmmer3.PirsfHmmer3RawMatchParser:130] WARN - Unexpected Raw match line: #    score  bias  c-Evalue  i-Evalue hmmfrom  hmm to    alifrom  ali to    envfrom  env to     acc
2023-06-24 18:10:06,483 [amqEmbeddedWorkerJmsContainer-11] [uk.ac.ebi.interpro.scan.io.pirsf.hmmer3.PirsfHmmer3RawMatchParser:129] WARN - Couldn't parse the given raw match line, because it is of an unexpected format.
2023-06-24 18:10:06,483 [amqEmbeddedWorkerJmsContainer-11] [uk.ac.ebi.interpro.scan.io.pirsf.hmmer3.PirsfHmmer3RawMatchParser:130] WARN - Unexpected Raw match line: 1 !  638.2   0.0  1.4e-195  3.2e-193       7     438 ..      52     478 ..      48     479 .. 0.98
2023-06-24 18:10:06,483 [amqEmbeddedWorkerJmsContainer-11] [uk.ac.ebi.interpro.scan.io.pirsf.hmmer3.PirsfHmmer3RawMatchParser:129] WARN - Couldn't parse the given raw match line, because it is of an unexpected format.
2023-06-24 18:10:06,483 [amqEmbeddedWorkerJmsContainer-11] [uk.ac.ebi.interpro.scan.io.pirsf.hmmer3.PirsfHmmer3RawMatchParser:130] WARN - Unexpected Raw match line: Query sequence: 315 matches PIRSF029254: Predicted DNA mismatch repair protein, archaeal type
2023-06-24 18:10:06,483 [amqEmbeddedWorkerJmsContainer-11] [uk.ac.ebi.interpro.scan.io.pirsf.hmmer3.PirsfHmmer3RawMatchParser:129] WARN - Couldn't parse the given raw match line, because it is of an unexpected format.
2023-06-24 18:10:06,483 [amqEmbeddedWorkerJmsContainer-11] [uk.ac.ebi.interpro.scan.io.pirsf.hmmer3.PirsfHmmer3RawMatchParser:130] WARN - Unexpected Raw match line: #    score  bias  c-Evalue  i-Evalue hmmfrom  hmm to    alifrom  ali to    envfrom  env to     acc
2023-06-24 18:10:06,483 [amqEmbeddedWorkerJmsContainer-11] [uk.ac.ebi.interpro.scan.io.pirsf.hmmer3.PirsfHmmer3RawMatchParser:129] WARN - Couldn't parse the given raw match line, because it is of an unexpected format.
2023-06-24 18:10:06,483 [amqEmbeddedWorkerJmsContainer-11] [uk.ac.ebi.interpro.scan.io.pirsf.hmmer3.PirsfHmmer3RawMatchParser:130] WARN - Unexpected Raw match line: 1 !  431.4   0.1  6.4e-133  3.6e-130      11     633 ..      39     673 ..      25     675 .. 0.91
2023-06-24 18:10:06,483 [amqEmbeddedWorkerJmsContainer-11] [uk.ac.ebi.interpro.scan.io.pirsf.hmmer3.PirsfHmmer3RawMatchParser:129] WARN - Couldn't parse the given raw match line, because it is of an unexpected format.
2023-06-24 18:10:06,483 [amqEmbeddedWorkerJmsContainer-11] [uk.ac.ebi.interpro.scan.io.pirsf.hmmer3.PirsfHmmer3RawMatchParser:130] WARN - Unexpected Raw match line: Query sequence: 356 matches PIRSF003314: Isopentenyl-diphosphate delta-isomerase, FMN-dependent
2023-06-24 18:10:06,483 [amqEmbeddedWorkerJmsContainer-11] [uk.ac.ebi.interpro.scan.io.pirsf.hmmer3.PirsfHmmer3RawMatchParser:129] WARN - Couldn't parse the given raw match line, because it is of an unexpected format.
2023-06-24 18:10:06,483 [amqEmbeddedWorkerJmsContainer-11] [uk.ac.ebi.interpro.scan.io.pirsf.hmmer3.PirsfHmmer3RawMatchParser:130] WARN - Unexpected Raw match line: #    score  bias  c-Evalue  i-Evalue hmmfrom  hmm to    alifrom  ali to    envfrom  env to     acc
2023-06-24 18:10:06,483 [amqEmbeddedWorkerJmsContainer-11] [uk.ac.ebi.interpro.scan.io.pirsf.hmmer3.PirsfHmmer3RawMatchParser:129] WARN - Couldn't parse the given raw match line, because it is of an unexpected format.
2023-06-24 18:10:06,484 [amqEmbeddedWorkerJmsContainer-11] [uk.ac.ebi.interpro.scan.io.pirsf.hmmer3.PirsfHmmer3RawMatchParser:130] WARN - Unexpected Raw match line: 1 !  354.6   0.0  4.6e-110  2.6e-107       4     346 ..      39     378 ..      37     382 .] 0.94
2023-06-24 18:10:06,484 [amqEmbeddedWorkerJmsContainer-11] [uk.ac.ebi.interpro.scan.io.pirsf.hmmer3.PirsfHmmer3RawMatchParser:129] WARN - Couldn't parse the given raw match line, because it is of an unexpected format.
2023-06-24 18:10:06,484 [amqEmbeddedWorkerJmsContainer-11] [uk.ac.ebi.interpro.scan.io.pirsf.hmmer3.PirsfHmmer3RawMatchParser:130] WARN - Unexpected Raw match line: Query sequence: 373 matches PIRSF016275: DNA polymerase II, large subunit, Euryarchaea type
2023-06-24 18:10:06,484 [amqEmbeddedWorkerJmsContainer-11] [uk.ac.ebi.interpro.scan.io.pirsf.hmmer3.PirsfHmmer3RawMatchParser:129] WARN - Couldn't parse the given raw match line, because it is of an unexpected format.
2023-06-24 18:10:06,484 [amqEmbeddedWorkerJmsContainer-11] [uk.ac.ebi.interpro.scan.io.pirsf.hmmer3.PirsfHmmer3RawMatchParser:130] WARN - Unexpected Raw match line: #    score  bias  c-Evalue  i-Evalue hmmfrom  hmm to    alifrom  ali to    envfrom  env to     acc
2023-06-24 18:10:06,484 [amqEmbeddedWorkerJmsContainer-11] [uk.ac.ebi.interpro.scan.io.pirsf.hmmer3.PirsfHmmer3RawMatchParser:129] WARN - Couldn't parse the given raw match line, because it is of an unexpected format.
2023-06-24 18:10:06,484 [amqEmbeddedWorkerJmsContainer-11] [uk.ac.ebi.interpro.scan.io.pirsf.hmmer3.PirsfHmmer3RawMatchParser:130] WARN - Unexpected Raw match line: 1 !  600.3   2.6  3.3e-184  3.6e-181      13     456 ..      46     546 ..      34     565 .. 0.95
2023-06-24 18:10:06,484 [amqEmbeddedWorkerJmsContainer-11] [uk.ac.ebi.interpro.scan.io.pirsf.hmmer3.PirsfHmmer3RawMatchParser:129] WARN - Couldn't parse the given raw match line, because it is of an unexpected format.
2023-06-24 18:10:06,484 [amqEmbeddedWorkerJmsContainer-11] [uk.ac.ebi.interpro.scan.io.pirsf.hmmer3.PirsfHmmer3RawMatchParser:130] WARN - Unexpected Raw match line: 2 !  796.8   0.0  1.5e-243  1.7e-240     456    1104 ..     629    1292 ..     607    1295 .] 0.92
2023-06-24 18:10:06,484 [amqEmbeddedWorkerJmsContainer-11] [uk.ac.ebi.interpro.scan.io.pirsf.hmmer3.PirsfHmmer3RawMatchParser:129] WARN - Couldn't parse the given raw match line, because it is of an unexpected format.
2023-06-24 18:10:06,484 [amqEmbeddedWorkerJmsContainer-11] [uk.ac.ebi.interpro.scan.io.pirsf.hmmer3.PirsfHmmer3RawMatchParser:130] WARN - Unexpected Raw match line: Query sequence: 379 matches PIRSF037724: Predicted HTH transcriptional regulator, MJ1545 type
2023-06-24 18:10:06,484 [amqEmbeddedWorkerJmsContainer-11] [uk.ac.ebi.interpro.scan.io.pirsf.hmmer3.PirsfHmmer3RawMatchParser:129] WARN - Couldn't parse the given raw match line, because it is of an unexpected format.
2023-06-24 18:10:06,484 [amqEmbeddedWorkerJmsContainer-11] [uk.ac.ebi.interpro.scan.io.pirsf.hmmer3.PirsfHmmer3RawMatchParser:130] WARN - Unexpected Raw match line: #    score  bias  c-Evalue  i-Evalue hmmfrom  hmm to    alifrom  ali to    envfrom  env to     acc
2023-06-24 18:10:06,484 [amqEmbeddedWorkerJmsContainer-11] [uk.ac.ebi.interpro.scan.io.pirsf.hmmer3.PirsfHmmer3RawMatchParser:129] WARN - Couldn't parse the given raw match line, because it is of an unexpected format.
2023-06-24 18:10:06,484 [amqEmbeddedWorkerJmsContainer-11] [uk.ac.ebi.interpro.scan.io.pirsf.hmmer3.PirsfHmmer3RawMatchParser:130] WARN - Unexpected Raw match line: 1 !  259.4   0.0   1.5e-81   1.7e-78       8     241 ..      19     252 ..      12     253 .] 0.93
2023-06-24 18:10:06,484 [amqEmbeddedWorkerJmsContainer-11] [uk.ac.ebi.interpro.scan.io.pirsf.hmmer3.PirsfHmmer3RawMatchParser:129] WARN - Couldn't parse the given raw match line, because it is of an unexpected format.
2023-06-24 18:10:06,485 [amqEmbeddedWorkerJmsContainer-11] [uk.ac.ebi.interpro.scan.io.pirsf.hmmer3.PirsfHmmer3RawMatchParser:130] WARN - Unexpected Raw match line: Query sequence: 395 matches PIRSF006809: Predicted GTP-binding protein, HflX type
2023-06-24 18:10:06,485 [amqEmbeddedWorkerJmsContainer-11] [uk.ac.ebi.interpro.scan.io.pirsf.hmmer3.PirsfHmmer3RawMatchParser:129] WARN - Couldn't parse the given raw match line, because it is of an unexpected format.
2023-06-24 18:10:06,485 [amqEmbeddedWorkerJmsContainer-11] [uk.ac.ebi.interpro.scan.io.pirsf.hmmer3.PirsfHmmer3RawMatchParser:130] WARN - Unexpected Raw match line: #    score  bias  c-Evalue  i-Evalue hmmfrom  hmm to    alifrom  ali to    envfrom  env to     acc
2023-06-24 18:10:06,485 [amqEmbeddedWorkerJmsContainer-11] [uk.ac.ebi.interpro.scan.io.pirsf.hmmer3.PirsfHmmer3RawMatchParser:129] WARN - Couldn't parse the given raw match line, because it is of an unexpected format.
2023-06-24 18:10:06,485 [amqEmbeddedWorkerJmsContainer-11] [uk.ac.ebi.interpro.scan.io.pirsf.hmmer3.PirsfHmmer3RawMatchParser:130] WARN - Unexpected Raw match line: 1 !  316.8   0.0     6e-98   1.3e-95      22     408 ..      22     416 ..       6     427 .. 0.92
2023-06-24 18:10:06,485 [amqEmbeddedWorkerJmsContainer-11] [uk.ac.ebi.interpro.scan.io.pirsf.hmmer3.PirsfHmmer3RawMatchParser:129] WARN - Couldn't parse the given raw match line, because it is of an unexpected format.
2023-06-24 18:10:06,485 [amqEmbeddedWorkerJmsContainer-11] [uk.ac.ebi.interpro.scan.io.pirsf.hmmer3.PirsfHmmer3RawMatchParser:130] WARN - Unexpected Raw match line: Query sequence: 430 matches PIRSF002155: Ribosomal protein, L1p/L1a/L10e/organellar L1 types
2023-06-24 18:10:06,485 [amqEmbeddedWorkerJmsContainer-11] [uk.ac.ebi.interpro.scan.io.pirsf.hmmer3.PirsfHmmer3RawMatchParser:129] WARN - Couldn't parse the given raw match line, because it is of an unexpected format.
2023-06-24 18:10:06,485 [amqEmbeddedWorkerJmsContainer-11] [uk.ac.ebi.interpro.scan.io.pirsf.hmmer3.PirsfHmmer3RawMatchParser:130] WARN - Unexpected Raw match line: #    score  bias  c-Evalue  i-Evalue hmmfrom  hmm to    alifrom  ali to    envfrom  env to     acc
2023-06-24 18:10:06,485 [amqEmbeddedWorkerJmsContainer-11] [uk.ac.ebi.interpro.scan.io.pirsf.hmmer3.PirsfHmmer3RawMatchParser:129] WARN - Couldn't parse the given raw match line, because it is of an unexpected format.
2023-06-24 18:10:06,485 [amqEmbeddedWorkerJmsContainer-11] [uk.ac.ebi.interpro.scan.io.pirsf.hmmer3.PirsfHmmer3RawMatchParser:130] WARN - Unexpected Raw match line: 1 !  199.3   2.8   3.2e-63   3.6e-60      18     232 ..      13     225 ..       5     227 .] 0.94
2023-06-24 18:10:06,485 [amqEmbeddedWorkerJmsContainer-11] [uk.ac.ebi.interpro.scan.io.pirsf.hmmer3.PirsfHmmer3RawMatchParser:129] WARN - Couldn't parse the given raw match line, because it is of an unexpected format.
2023-06-24 18:10:06,485 [amqEmbeddedWorkerJmsContainer-11] [uk.ac.ebi.interpro.scan.io.pirsf.hmmer3.PirsfHmmer3RawMatchParser:130] WARN - Unexpected Raw match line: Query sequence: 469 matches PIRSF006487: Predicted aminomethyltransferase
2023-06-24 18:10:06,485 [amqEmbeddedWorkerJmsContainer-11] [uk.ac.ebi.interpro.scan.io.pirsf.hmmer3.PirsfHmmer3RawMatchParser:129] WARN - Couldn't parse the given raw match line, because it is of an unexpected format.
2023-06-24 18:10:06,485 [amqEmbeddedWorkerJmsContainer-11] [uk.ac.ebi.interpro.scan.io.pirsf.hmmer3.PirsfHmmer3RawMatchParser:130] WARN - Unexpected Raw match line: #    score  bias  c-Evalue  i-Evalue hmmfrom  hmm to    alifrom  ali to    envfrom  env to     acc
2023-06-24 18:10:06,485 [amqEmbeddedWorkerJmsContainer-11] [uk.ac.ebi.interpro.scan.io.pirsf.hmmer3.PirsfHmmer3RawMatchParser:129] WARN - Couldn't parse the given raw match line, because it is of an unexpected format.
2023-06-24 18:10:06,486 [amqEmbeddedWorkerJmsContainer-11] [uk.ac.ebi.interpro.scan.io.pirsf.hmmer3.PirsfHmmer3RawMatchParser:130] WARN - Unexpected Raw match line: 1 !  279.0   0.0   4.6e-87   5.2e-84     408     774 ..      21     373 ..      10     376 .. 0.94
2023-06-24 18:10:06,486 [amqEmbeddedWorkerJmsContainer-11] [uk.ac.ebi.interpro.scan.io.pirsf.hmmer3.PirsfHmmer3RawMatchParser:129] WARN - Couldn't parse the given raw match line, because it is of an unexpected format.
2023-06-24 18:10:06,486 [amqEmbeddedWorkerJmsContainer-11] [uk.ac.ebi.interpro.scan.io.pirsf.hmmer3.PirsfHmmer3RawMatchParser:130] WARN - Unexpected Raw match line: Query sequence: 527 matches PIRSF017184: Bifunctional NAD(P)H-hydrate repair enzyme Nnr
2023-06-24 18:10:06,486 [amqEmbeddedWorkerJmsContainer-11] [uk.ac.ebi.interpro.scan.io.pirsf.hmmer3.PirsfHmmer3RawMatchParser:129] WARN - Couldn't parse the given raw match line, because it is of an unexpected format.
2023-06-24 18:10:06,486 [amqEmbeddedWorkerJmsContainer-11] [uk.ac.ebi.interpro.scan.io.pirsf.hmmer3.PirsfHmmer3RawMatchParser:130] WARN - Unexpected Raw match line: #    score  bias  c-Evalue  i-Evalue hmmfrom  hmm to    alifrom  ali to    envfrom  env to     acc
2023-06-24 18:10:06,486 [amqEmbeddedWorkerJmsContainer-11] [uk.ac.ebi.interpro.scan.io.pirsf.hmmer3.PirsfHmmer3RawMatchParser:129] WARN - Couldn't parse the given raw match line, because it is of an unexpected format.
2023-06-24 18:10:06,486 [amqEmbeddedWorkerJmsContainer-11] [uk.ac.ebi.interpro.scan.io.pirsf.hmmer3.PirsfHmmer3RawMatchParser:130] WARN - Unexpected Raw match line: 1 !  297.0   0.0   2.1e-92   1.2e-89       5     499 ..      52     572 ..      49     576 .. 0.87
2023-06-24 18:10:06,486 [amqEmbeddedWorkerJmsContainer-11] [uk.ac.ebi.interpro.scan.io.pirsf.hmmer3.PirsfHmmer3RawMatchParser:129] WARN - Couldn't parse the given raw match line, because it is of an unexpected format.
2023-06-24 18:10:06,486 [amqEmbeddedWorkerJmsContainer-11] [uk.ac.ebi.interpro.scan.io.pirsf.hmmer3.PirsfHmmer3RawMatchParser:130] WARN - Unexpected Raw match line: Query sequence: 538 matches PIRSF005650: Uridylate kinase
2023-06-24 18:10:06,486 [amqEmbeddedWorkerJmsContainer-11] [uk.ac.ebi.interpro.scan.io.pirsf.hmmer3.PirsfHmmer3RawMatchParser:129] WARN - Couldn't parse the given raw match line, because it is of an unexpected format.
2023-06-24 18:10:06,486 [amqEmbeddedWorkerJmsContainer-11] [uk.ac.ebi.interpro.scan.io.pirsf.hmmer3.PirsfHmmer3RawMatchParser:130] WARN - Unexpected Raw match line: #    score  bias  c-Evalue  i-Evalue hmmfrom  hmm to    alifrom  ali to    envfrom  env to     acc
2023-06-24 18:10:06,486 [amqEmbeddedWorkerJmsContainer-11] [uk.ac.ebi.interpro.scan.io.pirsf.hmmer3.PirsfHmmer3RawMatchParser:129] WARN - Couldn't parse the given raw match line, because it is of an unexpected format.
2023-06-24 18:10:06,486 [amqEmbeddedWorkerJmsContainer-11] [uk.ac.ebi.interpro.scan.io.pirsf.hmmer3.PirsfHmmer3RawMatchParser:130] WARN - Unexpected Raw match line: 1 !  142.1   0.0     1e-45   1.1e-42       5     239 ..       6     233 ..       3     235 .. 0.92
2023-06-24 18:10:06,486 [amqEmbeddedWorkerJmsContainer-11] [uk.ac.ebi.interpro.scan.io.pirsf.hmmer3.PirsfHmmer3RawMatchParser:129] WARN - Couldn't parse the given raw match line, because it is of an unexpected format.
2023-06-24 18:10:06,486 [amqEmbeddedWorkerJmsContainer-11] [uk.ac.ebi.interpro.scan.io.pirsf.hmmer3.PirsfHmmer3RawMatchParser:130] WARN - Unexpected Raw match line: Query sequence: 542 matches PIRSF004808: Predicted tRNA/rRNA methyltransferase, LasT type
2023-06-24 18:10:06,486 [amqEmbeddedWorkerJmsContainer-11] [uk.ac.ebi.interpro.scan.io.pirsf.hmmer3.PirsfHmmer3RawMatchParser:129] WARN - Couldn't parse the given raw match line, because it is of an unexpected format.
2023-06-24 18:10:06,486 [amqEmbeddedWorkerJmsContainer-11] [uk.ac.ebi.interpro.scan.io.pirsf.hmmer3.PirsfHmmer3RawMatchParser:130] WARN - Unexpected Raw match line: #    score  bias  c-Evalue  i-Evalue hmmfrom  hmm to    alifrom  ali to    envfrom  env to     acc
2023-06-24 18:10:06,487 [amqEmbeddedWorkerJmsContainer-11] [uk.ac.ebi.interpro.scan.io.pirsf.hmmer3.PirsfHmmer3RawMatchParser:129] WARN - Couldn't parse the given raw match line, because it is of an unexpected format.
2023-06-24 18:10:06,487 [amqEmbeddedWorkerJmsContainer-11] [uk.ac.ebi.interpro.scan.io.pirsf.hmmer3.PirsfHmmer3RawMatchParser:130] WARN - Unexpected Raw match line: 1 !  222.5   0.0   3.6e-70     4e-67       5     242 ..      25     252 ..      22     258 .. 0.89
2023-06-24 18:10:06,487 [amqEmbeddedWorkerJmsContainer-11] [uk.ac.ebi.interpro.scan.io.pirsf.hmmer3.PirsfHmmer3RawMatchParser:129] WARN - Couldn't parse the given raw match line, because it is of an unexpected format.
2023-06-24 18:10:06,487 [amqEmbeddedWorkerJmsContainer-11] [uk.ac.ebi.interpro.scan.io.pirsf.hmmer3.PirsfHmmer3RawMatchParser:130] WARN - Unexpected Raw match line: Query sequence: 599 matches PIRSF004869: Predicted pyruvate-formate lyase-activating enzyme
2023-06-24 18:10:06,487 [amqEmbeddedWorkerJmsContainer-11] [uk.ac.ebi.interpro.scan.io.pirsf.hmmer3.PirsfHmmer3RawMatchParser:129] WARN - Couldn't parse the given raw match line, because it is of an unexpected format.
2023-06-24 18:10:06,487 [amqEmbeddedWorkerJmsContainer-11] [uk.ac.ebi.interpro.scan.io.pirsf.hmmer3.PirsfHmmer3RawMatchParser:130] WARN - Unexpected Raw match line: #    score  bias  c-Evalue  i-Evalue hmmfrom  hmm to    alifrom  ali to    envfrom  env to     acc
2023-06-24 18:10:06,487 [amqEmbeddedWorkerJmsContainer-11] [uk.ac.ebi.interpro.scan.io.pirsf.hmmer3.PirsfHmmer3RawMatchParser:129] WARN - Couldn't parse the given raw match line, because it is of an unexpected format.
2023-06-24 18:10:06,487 [amqEmbeddedWorkerJmsContainer-11] [uk.ac.ebi.interpro.scan.io.pirsf.hmmer3.PirsfHmmer3RawMatchParser:130] WARN - Unexpected Raw match line: 1 !  263.8   0.0   2.5e-82   9.2e-80      26     288 ..      35     306 ..      22     311 .] 0.94
2023-06-24 18:10:06,487 [amqEmbeddedWorkerJmsContainer-11] [uk.ac.ebi.interpro.scan.io.pirsf.hmmer3.PirsfHmmer3RawMatchParser:129] WARN - Couldn't parse the given raw match line, because it is of an unexpected format.
2023-06-24 18:10:06,487 [amqEmbeddedWorkerJmsContainer-11] [uk.ac.ebi.interpro.scan.io.pirsf.hmmer3.PirsfHmmer3RawMatchParser:130] WARN - Unexpected Raw match line: Query sequence: 617 matches PIRSF036432: Diphthine synthase
2023-06-24 18:10:06,487 [amqEmbeddedWorkerJmsContainer-11] [uk.ac.ebi.interpro.scan.io.pirsf.hmmer3.PirsfHmmer3RawMatchParser:129] WARN - Couldn't parse the given raw match line, because it is of an unexpected format.
2023-06-24 18:10:06,487 [amqEmbeddedWorkerJmsContainer-11] [uk.ac.ebi.interpro.scan.io.pirsf.hmmer3.PirsfHmmer3RawMatchParser:130] WARN - Unexpected Raw match line: #    score  bias  c-Evalue  i-Evalue hmmfrom  hmm to    alifrom  ali to    envfrom  env to     acc
2023-06-24 18:10:06,487 [amqEmbeddedWorkerJmsContainer-11] [uk.ac.ebi.interpro.scan.io.pirsf.hmmer3.PirsfHmmer3RawMatchParser:129] WARN - Couldn't parse the given raw match line, because it is of an unexpected format.
2023-06-24 18:10:06,487 [amqEmbeddedWorkerJmsContainer-11] [uk.ac.ebi.interpro.scan.io.pirsf.hmmer3.PirsfHmmer3RawMatchParser:130] WARN - Unexpected Raw match line: 1 !  273.4   0.0   1.2e-85   1.4e-82       2     256 ..      11     262 ..      10     264 .] 0.97
2023-06-24 18:10:06,487 [amqEmbeddedWorkerJmsContainer-11] [uk.ac.ebi.interpro.scan.io.pirsf.hmmer3.PirsfHmmer3RawMatchParser:129] WARN - Couldn't parse the given raw match line, because it is of an unexpected format.
2023-06-24 18:10:06,487 [amqEmbeddedWorkerJmsContainer-11] [uk.ac.ebi.interpro.scan.io.pirsf.hmmer3.PirsfHmmer3RawMatchParser:130] WARN - Unexpected Raw match line: Query sequence: 624 matches PIRSF004602: ATP-grasp protein, PurP type
2023-06-24 18:10:06,487 [amqEmbeddedWorkerJmsContainer-11] [uk.ac.ebi.interpro.scan.io.pirsf.hmmer3.PirsfHmmer3RawMatchParser:129] WARN - Couldn't parse the given raw match line, because it is of an unexpected format.
2023-06-24 18:10:06,488 [amqEmbeddedWorkerJmsContainer-11] [uk.ac.ebi.interpro.scan.io.pirsf.hmmer3.PirsfHmmer3RawMatchParser:130] WARN - Unexpected Raw match line: #    score  bias  c-Evalue  i-Evalue hmmfrom  hmm to    alifrom  ali to    envfrom  env to     acc
2023-06-24 18:10:06,488 [amqEmbeddedWorkerJmsContainer-11] [uk.ac.ebi.interpro.scan.io.pirsf.hmmer3.PirsfHmmer3RawMatchParser:129] WARN - Couldn't parse the given raw match line, because it is of an unexpected format.
2023-06-24 18:10:06,488 [amqEmbeddedWorkerJmsContainer-11] [uk.ac.ebi.interpro.scan.io.pirsf.hmmer3.PirsfHmmer3RawMatchParser:130] WARN - Unexpected Raw match line: 1 !  470.6   0.0  4.6e-145  1.7e-142       2     364 .]      15     398 .]      14     398 .] 0.97
2023-06-24 18:10:06,488 [amqEmbeddedWorkerJmsContainer-11] [uk.ac.ebi.interpro.scan.io.pirsf.hmmer3.PirsfHmmer3RawMatchParser:129] WARN - Couldn't parse the given raw match line, because it is of an unexpected format.
2023-06-24 18:10:06,488 [amqEmbeddedWorkerJmsContainer-11] [uk.ac.ebi.interpro.scan.io.pirsf.hmmer3.PirsfHmmer3RawMatchParser:130] WARN - Unexpected Raw match line: Query sequence: 655 matches PIRSF006439: Indolepyruvate ferredoxin oxidoreductase
2023-06-24 18:10:06,488 [amqEmbeddedWorkerJmsContainer-11] [uk.ac.ebi.interpro.scan.io.pirsf.hmmer3.PirsfHmmer3RawMatchParser:129] WARN - Couldn't parse the given raw match line, because it is of an unexpected format.
2023-06-24 18:10:06,488 [amqEmbeddedWorkerJmsContainer-11] [uk.ac.ebi.interpro.scan.io.pirsf.hmmer3.PirsfHmmer3RawMatchParser:130] WARN - Unexpected Raw match line: #    score  bias  c-Evalue  i-Evalue hmmfrom  hmm to    alifrom  ali to    envfrom  env to     acc
2023-06-24 18:10:06,488 [amqEmbeddedWorkerJmsContainer-11] [uk.ac.ebi.interpro.scan.io.pirsf.hmmer3.PirsfHmmer3RawMatchParser:129] WARN - Couldn't parse the given raw match line, because it is of an unexpected format.
2023-06-24 18:10:06,488 [amqEmbeddedWorkerJmsContainer-11] [uk.ac.ebi.interpro.scan.io.pirsf.hmmer3.PirsfHmmer3RawMatchParser:130] WARN - Unexpected Raw match line: 1 !  733.8   0.0  5.4e-224  7.6e-222       2     615 ..      33     661 ..      32     664 .. 0.92
2023-06-24 18:10:06,488 [amqEmbeddedWorkerJmsContainer-11] [uk.ac.ebi.interpro.scan.io.pirsf.hmmer3.PirsfHmmer3RawMatchParser:129] WARN - Couldn't parse the given raw match line, because it is of an unexpected format.
2023-06-24 18:10:06,488 [amqEmbeddedWorkerJmsContainer-11] [uk.ac.ebi.interpro.scan.io.pirsf.hmmer3.PirsfHmmer3RawMatchParser:130] WARN - Unexpected Raw match line: Query sequence: 667 matches PIRSF001220: L-asparaginase/Glutamyl-tRNA(Gln) amidotransferase subunit D
2023-06-24 18:10:06,488 [amqEmbeddedWorkerJmsContainer-11] [uk.ac.ebi.interpro.scan.io.pirsf.hmmer3.PirsfHmmer3RawMatchParser:129] WARN - Couldn't parse the given raw match line, because it is of an unexpected format.
2023-06-24 18:10:06,488 [amqEmbeddedWorkerJmsContainer-11] [uk.ac.ebi.interpro.scan.io.pirsf.hmmer3.PirsfHmmer3RawMatchParser:130] WARN - Unexpected Raw match line: #    score  bias  c-Evalue  i-Evalue hmmfrom  hmm to    alifrom  ali to    envfrom  env to     acc
2023-06-24 18:10:06,488 [amqEmbeddedWorkerJmsContainer-11] [uk.ac.ebi.interpro.scan.io.pirsf.hmmer3.PirsfHmmer3RawMatchParser:129] WARN - Couldn't parse the given raw match line, because it is of an unexpected format.
2023-06-24 18:10:06,488 [amqEmbeddedWorkerJmsContainer-11] [uk.ac.ebi.interpro.scan.io.pirsf.hmmer3.PirsfHmmer3RawMatchParser:130] WARN - Unexpected Raw match line: 1 !  313.2   0.0   2.3e-97   1.3e-94       3     330 ..     109     446 ..     107     447 .. 0.96
2023-06-24 18:10:06,489 [amqEmbeddedWorkerJmsContainer-11] [uk.ac.ebi.interpro.scan.io.pirsf.hmmer3.PirsfHmmer3RawMatchParser:129] WARN - Couldn't parse the given raw match line, because it is of an unexpected format.
2023-06-24 18:10:06,489 [amqEmbeddedWorkerJmsContainer-11] [uk.ac.ebi.interpro.scan.io.pirsf.hmmer3.PirsfHmmer3RawMatchParser:130] WARN - Unexpected Raw match line: and matches Sub-Family PIRSF500175: Glutamyl-tRNA(Gln) amidotransferase, subunit D
2023-06-24 18:10:06,489 [amqEmbeddedWorkerJmsContainer-11] [uk.ac.ebi.interpro.scan.io.pirsf.hmmer3.PirsfHmmer3RawMatchParser:129] WARN - Couldn't parse the given raw match line, because it is of an unexpected format.
2023-06-24 18:10:06,489 [amqEmbeddedWorkerJmsContainer-11] [uk.ac.ebi.interpro.scan.io.pirsf.hmmer3.PirsfHmmer3RawMatchParser:130] WARN - Unexpected Raw match line: #    score  bias  c-Evalue  i-Evalue hmmfrom  hmm to    alifrom  ali to    envfrom  env to     acc
2023-06-24 18:10:06,489 [amqEmbeddedWorkerJmsContainer-11] [uk.ac.ebi.interpro.scan.io.pirsf.hmmer3.PirsfHmmer3RawMatchParser:129] WARN - Couldn't parse the given raw match line, because it is of an unexpected format.
2023-06-24 18:10:06,489 [amqEmbeddedWorkerJmsContainer-11] [uk.ac.ebi.interpro.scan.io.pirsf.hmmer3.PirsfHmmer3RawMatchParser:130] WARN - Unexpected Raw match line: 1 !  496.4   0.0  5.3e-153    3e-150       4     414 ..      40     451 ..      37     456 .. 0.97
2023-06-24 18:10:06,489 [amqEmbeddedWorkerJmsContainer-11] [uk.ac.ebi.interpro.scan.io.pirsf.hmmer3.PirsfHmmer3RawMatchParser:129] WARN - Couldn't parse the given raw match line, because it is of an unexpected format.
2023-06-24 18:10:06,489 [amqEmbeddedWorkerJmsContainer-11] [uk.ac.ebi.interpro.scan.io.pirsf.hmmer3.PirsfHmmer3RawMatchParser:130] WARN - Unexpected Raw match line: Query sequence: 69 matches PIRSF004602: ATP-grasp protein, PurP type
2023-06-24 18:10:06,489 [amqEmbeddedWorkerJmsContainer-11] [uk.ac.ebi.interpro.scan.io.pirsf.hmmer3.PirsfHmmer3RawMatchParser:129] WARN - Couldn't parse the given raw match line, because it is of an unexpected format.
2023-06-24 18:10:06,489 [amqEmbeddedWorkerJmsContainer-11] [uk.ac.ebi.interpro.scan.io.pirsf.hmmer3.PirsfHmmer3RawMatchParser:130] WARN - Unexpected Raw match line: #    score  bias  c-Evalue  i-Evalue hmmfrom  hmm to    alifrom  ali to    envfrom  env to     acc
2023-06-24 18:10:06,489 [amqEmbeddedWorkerJmsContainer-11] [uk.ac.ebi.interpro.scan.io.pirsf.hmmer3.PirsfHmmer3RawMatchParser:129] WARN - Couldn't parse the given raw match line, because it is of an unexpected format.
2023-06-24 18:10:06,489 [amqEmbeddedWorkerJmsContainer-11] [uk.ac.ebi.interpro.scan.io.pirsf.hmmer3.PirsfHmmer3RawMatchParser:130] WARN - Unexpected Raw match line: 1 !  435.3   0.0  2.4e-134    9e-132       6     364 .]      11     363 .]       6     363 .] 0.97
2023-06-24 18:10:06,489 [amqEmbeddedWorkerJmsContainer-11] [uk.ac.ebi.interpro.scan.io.pirsf.hmmer3.PirsfHmmer3RawMatchParser:129] WARN - Couldn't parse the given raw match line, because it is of an unexpected format.
2023-06-24 18:10:06,489 [amqEmbeddedWorkerJmsContainer-11] [uk.ac.ebi.interpro.scan.io.pirsf.hmmer3.PirsfHmmer3RawMatchParser:130] WARN - Unexpected Raw match line: Query sequence: 724 matches PIRSF039114: V-type ATP synthase, beta subunit/V-type ATPase, subunit B
2023-06-24 18:10:06,489 [amqEmbeddedWorkerJmsContainer-11] [uk.ac.ebi.interpro.scan.io.pirsf.hmmer3.PirsfHmmer3RawMatchParser:129] WARN - Couldn't parse the given raw match line, because it is of an unexpected format.
2023-06-24 18:10:06,489 [amqEmbeddedWorkerJmsContainer-11] [uk.ac.ebi.interpro.scan.io.pirsf.hmmer3.PirsfHmmer3RawMatchParser:130] WARN - Unexpected Raw match line: #    score  bias  c-Evalue  i-Evalue hmmfrom  hmm to    alifrom  ali to    envfrom  env to     acc
2023-06-24 18:10:06,489 [amqEmbeddedWorkerJmsContainer-11] [uk.ac.ebi.interpro.scan.io.pirsf.hmmer3.PirsfHmmer3RawMatchParser:129] WARN - Couldn't parse the given raw match line, because it is of an unexpected format.
2023-06-24 18:10:06,489 [amqEmbeddedWorkerJmsContainer-11] [uk.ac.ebi.interpro.scan.io.pirsf.hmmer3.PirsfHmmer3RawMatchParser:130] WARN - Unexpected Raw match line: 1 !  829.0   0.1  9.9e-254  5.6e-251       5     462 ..      16     472 ..      12     473 .] 0.99
2023-06-24 18:10:06,490 [amqEmbeddedWorkerJmsContainer-11] [uk.ac.ebi.interpro.scan.io.pirsf.hmmer3.PirsfHmmer3RawMatchParser:129] WARN - Couldn't parse the given raw match line, because it is of an unexpected format.
2023-06-24 18:10:06,490 [amqEmbeddedWorkerJmsContainer-11] [uk.ac.ebi.interpro.scan.io.pirsf.hmmer3.PirsfHmmer3RawMatchParser:130] WARN - Unexpected Raw match line: Query sequence: 735 matches PIRSF001109: Adenosylhomocysteine hydrolase, SAHH type
2023-06-24 18:10:06,490 [amqEmbeddedWorkerJmsContainer-11] [uk.ac.ebi.interpro.scan.io.pirsf.hmmer3.PirsfHmmer3RawMatchParser:129] WARN - Couldn't parse the given raw match line, because it is of an unexpected format.
2023-06-24 18:10:06,490 [amqEmbeddedWorkerJmsContainer-11] [uk.ac.ebi.interpro.scan.io.pirsf.hmmer3.PirsfHmmer3RawMatchParser:130] WARN - Unexpected Raw match line: #    score  bias  c-Evalue  i-Evalue hmmfrom  hmm to    alifrom  ali to    envfrom  env to     acc
2023-06-24 18:10:06,490 [amqEmbeddedWorkerJmsContainer-11] [uk.ac.ebi.interpro.scan.io.pirsf.hmmer3.PirsfHmmer3RawMatchParser:129] WARN - Couldn't parse the given raw match line, because it is of an unexpected format.
2023-06-24 18:10:06,490 [amqEmbeddedWorkerJmsContainer-11] [uk.ac.ebi.interpro.scan.io.pirsf.hmmer3.PirsfHmmer3RawMatchParser:130] WARN - Unexpected Raw match line: 1 !  521.1   0.2  3.1e-160  1.1e-157      23     430 ..       5     408 .]       2     408 .] 0.98
2023-06-24 18:10:06,490 [amqEmbeddedWorkerJmsContainer-11] [uk.ac.ebi.interpro.scan.io.pirsf.hmmer3.PirsfHmmer3RawMatchParser:129] WARN - Couldn't parse the given raw match line, because it is of an unexpected format.
2023-06-24 18:10:06,490 [amqEmbeddedWorkerJmsContainer-11] [uk.ac.ebi.interpro.scan.io.pirsf.hmmer3.PirsfHmmer3RawMatchParser:130] WARN - Unexpected Raw match line: Query sequence: 74 matches PIRSF009451: Citrate lyase, alpha subunit
2023-06-24 18:10:06,490 [amqEmbeddedWorkerJmsContainer-11] [uk.ac.ebi.interpro.scan.io.pirsf.hmmer3.PirsfHmmer3RawMatchParser:129] WARN - Couldn't parse the given raw match line, because it is of an unexpected format.
2023-06-24 18:10:06,490 [amqEmbeddedWorkerJmsContainer-11] [uk.ac.ebi.interpro.scan.io.pirsf.hmmer3.PirsfHmmer3RawMatchParser:130] WARN - Unexpected Raw match line: #    score  bias  c-Evalue  i-Evalue hmmfrom  hmm to    alifrom  ali to    envfrom  env to     acc
2023-06-24 18:10:06,490 [amqEmbeddedWorkerJmsContainer-11] [uk.ac.ebi.interpro.scan.io.pirsf.hmmer3.PirsfHmmer3RawMatchParser:129] WARN - Couldn't parse the given raw match line, because it is of an unexpected format.
2023-06-24 18:10:06,490 [amqEmbeddedWorkerJmsContainer-11] [uk.ac.ebi.interpro.scan.io.pirsf.hmmer3.PirsfHmmer3RawMatchParser:130] WARN - Unexpected Raw match line: 1 !  528.3   0.1  1.1e-162  1.2e-159      39     513 ..      74     555 ..      39     556 .] 0.96
2023-06-24 18:10:06,490 [amqEmbeddedWorkerJmsContainer-11] [uk.ac.ebi.interpro.scan.io.pirsf.hmmer3.PirsfHmmer3RawMatchParser:129] WARN - Couldn't parse the given raw match line, because it is of an unexpected format.
2023-06-24 18:10:06,490 [amqEmbeddedWorkerJmsContainer-11] [uk.ac.ebi.interpro.scan.io.pirsf.hmmer3.PirsfHmmer3RawMatchParser:130] WARN - Unexpected Raw match line: Query sequence: 770 matches PIRSF006553: Type II DNA topoisomerase VI, subunit B
2023-06-24 18:10:06,490 [amqEmbeddedWorkerJmsContainer-11] [uk.ac.ebi.interpro.scan.io.pirsf.hmmer3.PirsfHmmer3RawMatchParser:129] WARN - Couldn't parse the given raw match line, because it is of an unexpected format.
2023-06-24 18:10:06,491 [amqEmbeddedWorkerJmsContainer-11] [uk.ac.ebi.interpro.scan.io.pirsf.hmmer3.PirsfHmmer3RawMatchParser:130] WARN - Unexpected Raw match line: #    score  bias  c-Evalue  i-Evalue hmmfrom  hmm to    alifrom  ali to    envfrom  env to     acc
2023-06-24 18:10:06,491 [amqEmbeddedWorkerJmsContainer-11] [uk.ac.ebi.interpro.scan.io.pirsf.hmmer3.PirsfHmmer3RawMatchParser:129] WARN - Couldn't parse the given raw match line, because it is of an unexpected format.
2023-06-24 18:10:06,491 [amqEmbeddedWorkerJmsContainer-11] [uk.ac.ebi.interpro.scan.io.pirsf.hmmer3.PirsfHmmer3RawMatchParser:130] WARN - Unexpected Raw match line: 1 !  695.6   0.5    9e-213  2.5e-210       4     527 ..      19     547 ..      16     567 .. 0.95
2023-06-24 18:10:06,491 [amqEmbeddedWorkerJmsContainer-11] [uk.ac.ebi.interpro.scan.io.pirsf.hmmer3.PirsfHmmer3RawMatchParser:129] WARN - Couldn't parse the given raw match line, because it is of an unexpected format.
2023-06-24 18:10:06,491 [amqEmbeddedWorkerJmsContainer-11] [uk.ac.ebi.interpro.scan.io.pirsf.hmmer3.PirsfHmmer3RawMatchParser:130] WARN - Unexpected Raw match line: Query sequence: 798 matches PIRSF000883: Predicted phosphoesterase, MJ0912 type
2023-06-24 18:10:06,491 [amqEmbeddedWorkerJmsContainer-11] [uk.ac.ebi.interpro.scan.io.pirsf.hmmer3.PirsfHmmer3RawMatchParser:129] WARN - Couldn't parse the given raw match line, because it is of an unexpected format.
2023-06-24 18:10:06,491 [amqEmbeddedWorkerJmsContainer-11] [uk.ac.ebi.interpro.scan.io.pirsf.hmmer3.PirsfHmmer3RawMatchParser:130] WARN - Unexpected Raw match line: #    score  bias  c-Evalue  i-Evalue hmmfrom  hmm to    alifrom  ali to    envfrom  env to     acc
2023-06-24 18:10:06,491 [amqEmbeddedWorkerJmsContainer-11] [uk.ac.ebi.interpro.scan.io.pirsf.hmmer3.PirsfHmmer3RawMatchParser:129] WARN - Couldn't parse the given raw match line, because it is of an unexpected format.
2023-06-24 18:10:06,491 [amqEmbeddedWorkerJmsContainer-11] [uk.ac.ebi.interpro.scan.io.pirsf.hmmer3.PirsfHmmer3RawMatchParser:130] WARN - Unexpected Raw match line: 1 !  132.9   0.0   2.5e-42   9.4e-40       1     230 [.       6     225 ..       6     233 .. 0.85
2023-06-24 18:10:06,491 [amqEmbeddedWorkerJmsContainer-11] [uk.ac.ebi.interpro.scan.io.pirsf.hmmer3.PirsfHmmer3RawMatchParser:129] WARN - Couldn't parse the given raw match line, because it is of an unexpected format.
2023-06-24 18:10:06,491 [amqEmbeddedWorkerJmsContainer-11] [uk.ac.ebi.interpro.scan.io.pirsf.hmmer3.PirsfHmmer3RawMatchParser:130] WARN - Unexpected Raw match line: Query sequence: 809 matches PIRSF001400: Enolase
2023-06-24 18:10:06,491 [amqEmbeddedWorkerJmsContainer-11] [uk.ac.ebi.interpro.scan.io.pirsf.hmmer3.PirsfHmmer3RawMatchParser:129] WARN - Couldn't parse the given raw match line, because it is of an unexpected format.
2023-06-24 18:10:06,491 [amqEmbeddedWorkerJmsContainer-11] [uk.ac.ebi.interpro.scan.io.pirsf.hmmer3.PirsfHmmer3RawMatchParser:130] WARN - Unexpected Raw match line: #    score  bias  c-Evalue  i-Evalue hmmfrom  hmm to    alifrom  ali to    envfrom  env to     acc
2023-06-24 18:10:06,491 [amqEmbeddedWorkerJmsContainer-11] [uk.ac.ebi.interpro.scan.io.pirsf.hmmer3.PirsfHmmer3RawMatchParser:129] WARN - Couldn't parse the given raw match line, because it is of an unexpected format.
2023-06-24 18:10:06,491 [amqEmbeddedWorkerJmsContainer-11] [uk.ac.ebi.interpro.scan.io.pirsf.hmmer3.PirsfHmmer3RawMatchParser:130] WARN - Unexpected Raw match line: 1 !  472.1   0.0  7.7e-146  8.7e-143       2     415 ..      30     428 .]      29     428 .] 0.98
2023-06-24 18:10:06,491 [amqEmbeddedWorkerJmsContainer-11] [uk.ac.ebi.interpro.scan.io.pirsf.hmmer3.PirsfHmmer3RawMatchParser:129] WARN - Couldn't parse the given raw match line, because it is of an unexpected format.
2023-06-24 18:10:06,491 [amqEmbeddedWorkerJmsContainer-11] [uk.ac.ebi.interpro.scan.io.pirsf.hmmer3.PirsfHmmer3RawMatchParser:130] WARN - Unexpected Raw match line: Query sequence: 812 matches PIRSF037677: DNA mismatch repair protein Msh6
2023-06-24 18:10:06,491 [amqEmbeddedWorkerJmsContainer-11] [uk.ac.ebi.interpro.scan.io.pirsf.hmmer3.PirsfHmmer3RawMatchParser:129] WARN - Couldn't parse the given raw match line, because it is of an unexpected format.
2023-06-24 18:10:06,492 [amqEmbeddedWorkerJmsContainer-11] [uk.ac.ebi.interpro.scan.io.pirsf.hmmer3.PirsfHmmer3RawMatchParser:130] WARN - Unexpected Raw match line: #    score  bias  c-Evalue  i-Evalue hmmfrom  hmm to    alifrom  ali to    envfrom  env to     acc
2023-06-24 18:10:06,492 [amqEmbeddedWorkerJmsContainer-11] [uk.ac.ebi.interpro.scan.io.pirsf.hmmer3.PirsfHmmer3RawMatchParser:129] WARN - Couldn't parse the given raw match line, because it is of an unexpected format.
2023-06-24 18:10:06,492 [amqEmbeddedWorkerJmsContainer-11] [uk.ac.ebi.interpro.scan.io.pirsf.hmmer3.PirsfHmmer3RawMatchParser:130] WARN - Unexpected Raw match line: 1 !  608.5   0.0  3.2e-186  1.8e-183     330    1199 ..      93     937 ..      90     952 .. 0.89
2023-06-24 18:10:06,492 [amqEmbeddedWorkerJmsContainer-11] [uk.ac.ebi.interpro.scan.io.pirsf.hmmer3.PirsfHmmer3RawMatchParser:129] WARN - Couldn't parse the given raw match line, because it is of an unexpected format.
2023-06-24 18:10:06,492 [amqEmbeddedWorkerJmsContainer-11] [uk.ac.ebi.interpro.scan.io.pirsf.hmmer3.PirsfHmmer3RawMatchParser:130] WARN - Unexpected Raw match line: Query sequence: 823 matches PIRSF037307: Predicted Lhr-like ATP-dependent RNA helicase
2023-06-24 18:10:06,492 [amqEmbeddedWorkerJmsContainer-11] [uk.ac.ebi.interpro.scan.io.pirsf.hmmer3.PirsfHmmer3RawMatchParser:129] WARN - Couldn't parse the given raw match line, because it is of an unexpected format.
2023-06-24 18:10:06,492 [amqEmbeddedWorkerJmsContainer-11] [uk.ac.ebi.interpro.scan.io.pirsf.hmmer3.PirsfHmmer3RawMatchParser:130] WARN - Unexpected Raw match line: #    score  bias  c-Evalue  i-Evalue hmmfrom  hmm to    alifrom  ali to    envfrom  env to     acc
2023-06-24 18:10:06,492 [amqEmbeddedWorkerJmsContainer-11] [uk.ac.ebi.interpro.scan.io.pirsf.hmmer3.PirsfHmmer3RawMatchParser:129] WARN - Couldn't parse the given raw match line, because it is of an unexpected format.
2023-06-24 18:10:06,492 [amqEmbeddedWorkerJmsContainer-11] [uk.ac.ebi.interpro.scan.io.pirsf.hmmer3.PirsfHmmer3RawMatchParser:130] WARN - Unexpected Raw match line: 1 !  566.6   0.0  2.3e-173  6.3e-171      14     791 ..      96     929 ..      85     960 .. 0.89
2023-06-24 18:10:06,492 [amqEmbeddedWorkerJmsContainer-11] [uk.ac.ebi.interpro.scan.io.pirsf.hmmer3.PirsfHmmer3RawMatchParser:129] WARN - Couldn't parse the given raw match line, because it is of an unexpected format.
2023-06-24 18:10:06,492 [amqEmbeddedWorkerJmsContainer-11] [uk.ac.ebi.interpro.scan.io.pirsf.hmmer3.PirsfHmmer3RawMatchParser:130] WARN - Unexpected Raw match line: Query sequence: 824 matches PIRSF004961: Predicted metal-dependent hydrolase related to TatD DNase, archaeal type
2023-06-24 18:10:06,492 [amqEmbeddedWorkerJmsContainer-11] [uk.ac.ebi.interpro.scan.io.pirsf.hmmer3.PirsfHmmer3RawMatchParser:129] WARN - Couldn't parse the given raw match line, because it is of an unexpected format.
2023-06-24 18:10:06,492 [amqEmbeddedWorkerJmsContainer-11] [uk.ac.ebi.interpro.scan.io.pirsf.hmmer3.PirsfHmmer3RawMatchParser:130] WARN - Unexpected Raw match line: #    score  bias  c-Evalue  i-Evalue hmmfrom  hmm to    alifrom  ali to    envfrom  env to     acc
2023-06-24 18:10:06,492 [amqEmbeddedWorkerJmsContainer-11] [uk.ac.ebi.interpro.scan.io.pirsf.hmmer3.PirsfHmmer3RawMatchParser:129] WARN - Couldn't parse the given raw match line, because it is of an unexpected format.
2023-06-24 18:10:06,492 [amqEmbeddedWorkerJmsContainer-11] [uk.ac.ebi.interpro.scan.io.pirsf.hmmer3.PirsfHmmer3RawMatchParser:130] WARN - Unexpected Raw match line: 1 !  243.7   0.0   1.4e-76   1.5e-73       4     283 ..       6     283 ..       2     285 .] 0.95
2023-06-24 18:10:06,492 [amqEmbeddedWorkerJmsContainer-11] [uk.ac.ebi.interpro.scan.io.pirsf.hmmer3.PirsfHmmer3RawMatchParser:129] WARN - Couldn't parse the given raw match line, because it is of an unexpected format.
2023-06-24 18:10:06,492 [amqEmbeddedWorkerJmsContainer-11] [uk.ac.ebi.interpro.scan.io.pirsf.hmmer3.PirsfHmmer3RawMatchParser:130] WARN - Unexpected Raw match line: Query sequence: 838 matches PIRSF005572: Cysteine desulphurase, NifS type
2023-06-24 18:10:06,492 [amqEmbeddedWorkerJmsContainer-11] [uk.ac.ebi.interpro.scan.io.pirsf.hmmer3.PirsfHmmer3RawMatchParser:129] WARN - Couldn't parse the given raw match line, because it is of an unexpected format.
2023-06-24 18:10:06,493 [amqEmbeddedWorkerJmsContainer-11] [uk.ac.ebi.interpro.scan.io.pirsf.hmmer3.PirsfHmmer3RawMatchParser:130] WARN - Unexpected Raw match line: #    score  bias  c-Evalue  i-Evalue hmmfrom  hmm to    alifrom  ali to    envfrom  env to     acc
2023-06-24 18:10:06,493 [amqEmbeddedWorkerJmsContainer-11] [uk.ac.ebi.interpro.scan.io.pirsf.hmmer3.PirsfHmmer3RawMatchParser:129] WARN - Couldn't parse the given raw match line, because it is of an unexpected format.
2023-06-24 18:10:06,493 [amqEmbeddedWorkerJmsContainer-11] [uk.ac.ebi.interpro.scan.io.pirsf.hmmer3.PirsfHmmer3RawMatchParser:130] WARN - Unexpected Raw match line: 1 !  353.1   0.0  3.1e-109  1.2e-106       2     379 ..      19     393 ..      18     396 .. 0.98
2023-06-24 18:10:06,493 [amqEmbeddedWorkerJmsContainer-11] [uk.ac.ebi.interpro.scan.io.pirsf.hmmer3.PirsfHmmer3RawMatchParser:129] WARN - Couldn't parse the given raw match line, because it is of an unexpected format.
2023-06-24 18:10:06,493 [amqEmbeddedWorkerJmsContainer-11] [uk.ac.ebi.interpro.scan.io.pirsf.hmmer3.PirsfHmmer3RawMatchParser:130] WARN - Unexpected Raw match line: Query sequence: 880 matches PIRSF037215: Peptidase T
2023-06-24 18:10:06,493 [amqEmbeddedWorkerJmsContainer-11] [uk.ac.ebi.interpro.scan.io.pirsf.hmmer3.PirsfHmmer3RawMatchParser:129] WARN - Couldn't parse the given raw match line, because it is of an unexpected format.
2023-06-24 18:10:06,493 [amqEmbeddedWorkerJmsContainer-11] [uk.ac.ebi.interpro.scan.io.pirsf.hmmer3.PirsfHmmer3RawMatchParser:130] WARN - Unexpected Raw match line: #    score  bias  c-Evalue  i-Evalue hmmfrom  hmm to    alifrom  ali to    envfrom  env to     acc
2023-06-24 18:10:06,493 [amqEmbeddedWorkerJmsContainer-11] [uk.ac.ebi.interpro.scan.io.pirsf.hmmer3.PirsfHmmer3RawMatchParser:129] WARN - Couldn't parse the given raw match line, because it is of an unexpected format.
2023-06-24 18:10:06,493 [amqEmbeddedWorkerJmsContainer-11] [uk.ac.ebi.interpro.scan.io.pirsf.hmmer3.PirsfHmmer3RawMatchParser:130] WARN - Unexpected Raw match line: 1 !  537.1   0.0  1.2e-165  1.3e-162       3     409 ..      40     449 ..      38     450 .] 0.98
2023-06-24 18:10:06,493 [amqEmbeddedWorkerJmsContainer-11] [uk.ac.ebi.interpro.scan.io.pirsf.hmmer3.PirsfHmmer3RawMatchParser:129] WARN - Couldn't parse the given raw match line, because it is of an unexpected format.
2023-06-24 18:10:06,493 [amqEmbeddedWorkerJmsContainer-11] [uk.ac.ebi.interpro.scan.io.pirsf.hmmer3.PirsfHmmer3RawMatchParser:130] WARN - Unexpected Raw match line: Query sequence: 91 matches PIRSF037137: Predicted bifunctional 3-hexulose-6-phosphate synthase/demethylmenaquinone methyltransferase
2023-06-24 18:10:06,493 [amqEmbeddedWorkerJmsContainer-11] [uk.ac.ebi.interpro.scan.io.pirsf.hmmer3.PirsfHmmer3RawMatchParser:129] WARN - Couldn't parse the given raw match line, because it is of an unexpected format.
2023-06-24 18:10:06,493 [amqEmbeddedWorkerJmsContainer-11] [uk.ac.ebi.interpro.scan.io.pirsf.hmmer3.PirsfHmmer3RawMatchParser:130] WARN - Unexpected Raw match line: #    score  bias  c-Evalue  i-Evalue hmmfrom  hmm to    alifrom  ali to    envfrom  env to     acc
2023-06-24 18:10:06,493 [amqEmbeddedWorkerJmsContainer-11] [uk.ac.ebi.interpro.scan.io.pirsf.hmmer3.PirsfHmmer3RawMatchParser:129] WARN - Couldn't parse the given raw match line, because it is of an unexpected format.
2023-06-24 18:10:06,493 [amqEmbeddedWorkerJmsContainer-11] [uk.ac.ebi.interpro.scan.io.pirsf.hmmer3.PirsfHmmer3RawMatchParser:130] WARN - Unexpected Raw match line: 1 !  586.3  12.3  3.1e-180  1.7e-177       6     434 .]      14     443 .]       9     443 .] 0.98
2023-06-24 18:10:06,493 [amqEmbeddedWorkerJmsContainer-11] [uk.ac.ebi.interpro.scan.io.pirsf.hmmer3.PirsfHmmer3RawMatchParser:129] WARN - Couldn't parse the given raw match line, because it is of an unexpected format.
2023-06-24 18:10:06,493 [amqEmbeddedWorkerJmsContainer-11] [uk.ac.ebi.interpro.scan.io.pirsf.hmmer3.PirsfHmmer3RawMatchParser:130] WARN - Unexpected Raw match line: Query sequence: 924 matches PIRSF001220: L-asparaginase/Glutamyl-tRNA(Gln) amidotransferase subunit D
2023-06-24 18:10:06,493 [amqEmbeddedWorkerJmsContainer-11] [uk.ac.ebi.interpro.scan.io.pirsf.hmmer3.PirsfHmmer3RawMatchParser:129] WARN - Couldn't parse the given raw match line, because it is of an unexpected format.
2023-06-24 18:10:06,493 [amqEmbeddedWorkerJmsContainer-11] [uk.ac.ebi.interpro.scan.io.pirsf.hmmer3.PirsfHmmer3RawMatchParser:130] WARN - Unexpected Raw match line: #    score  bias  c-Evalue  i-Evalue hmmfrom  hmm to    alifrom  ali to    envfrom  env to     acc
2023-06-24 18:10:06,494 [amqEmbeddedWorkerJmsContainer-11] [uk.ac.ebi.interpro.scan.io.pirsf.hmmer3.PirsfHmmer3RawMatchParser:129] WARN - Couldn't parse the given raw match line, because it is of an unexpected format.
2023-06-24 18:10:06,494 [amqEmbeddedWorkerJmsContainer-11] [uk.ac.ebi.interpro.scan.io.pirsf.hmmer3.PirsfHmmer3RawMatchParser:130] WARN - Unexpected Raw match line: 1 !  309.7   0.0   2.7e-96   1.5e-93       3     326 ..     116     447 ..     114     451 .. 0.91
2023-06-24 18:10:06,494 [amqEmbeddedWorkerJmsContainer-11] [uk.ac.ebi.interpro.scan.io.pirsf.hmmer3.PirsfHmmer3RawMatchParser:129] WARN - Couldn't parse the given raw match line, because it is of an unexpected format.
2023-06-24 18:10:06,494 [amqEmbeddedWorkerJmsContainer-11] [uk.ac.ebi.interpro.scan.io.pirsf.hmmer3.PirsfHmmer3RawMatchParser:130] WARN - Unexpected Raw match line: and matches Sub-Family PIRSF500176: L-asparaginase/L-glutaminase
2023-06-24 18:10:06,494 [amqEmbeddedWorkerJmsContainer-11] [uk.ac.ebi.interpro.scan.io.pirsf.hmmer3.PirsfHmmer3RawMatchParser:129] WARN - Couldn't parse the given raw match line, because it is of an unexpected format.
2023-06-24 18:10:06,494 [amqEmbeddedWorkerJmsContainer-11] [uk.ac.ebi.interpro.scan.io.pirsf.hmmer3.PirsfHmmer3RawMatchParser:130] WARN - Unexpected Raw match line: #    score  bias  c-Evalue  i-Evalue hmmfrom  hmm to    alifrom  ali to    envfrom  env to     acc
2023-06-24 18:10:06,494 [amqEmbeddedWorkerJmsContainer-11] [uk.ac.ebi.interpro.scan.io.pirsf.hmmer3.PirsfHmmer3RawMatchParser:129] WARN - Couldn't parse the given raw match line, because it is of an unexpected format.
2023-06-24 18:10:06,494 [amqEmbeddedWorkerJmsContainer-11] [uk.ac.ebi.interpro.scan.io.pirsf.hmmer3.PirsfHmmer3RawMatchParser:130] WARN - Unexpected Raw match line: 1 !  241.2   0.0     2e-75   1.1e-72       4     329 ..     119     451 ..     116     452 .. 0.91
2023-06-24 18:10:06,494 [amqEmbeddedWorkerJmsContainer-11] [uk.ac.ebi.interpro.scan.io.pirsf.hmmer3.PirsfHmmer3RawMatchParser:129] WARN - Couldn't parse the given raw match line, because it is of an unexpected format.
2023-06-24 18:10:06,494 [amqEmbeddedWorkerJmsContainer-11] [uk.ac.ebi.interpro.scan.io.pirsf.hmmer3.PirsfHmmer3RawMatchParser:130] WARN - Unexpected Raw match line: Query sequence: 930 matches PIRSF004557: Preprotein translocase Sec, SecY/Sec61-alpha subunit
2023-06-24 18:10:06,494 [amqEmbeddedWorkerJmsContainer-11] [uk.ac.ebi.interpro.scan.io.pirsf.hmmer3.PirsfHmmer3RawMatchParser:129] WARN - Couldn't parse the given raw match line, because it is of an unexpected format.
2023-06-24 18:10:06,494 [amqEmbeddedWorkerJmsContainer-11] [uk.ac.ebi.interpro.scan.io.pirsf.hmmer3.PirsfHmmer3RawMatchParser:130] WARN - Unexpected Raw match line: #    score  bias  c-Evalue  i-Evalue hmmfrom  hmm to    alifrom  ali to    envfrom  env to     acc
2023-06-24 18:10:06,494 [amqEmbeddedWorkerJmsContainer-11] [uk.ac.ebi.interpro.scan.io.pirsf.hmmer3.PirsfHmmer3RawMatchParser:129] WARN - Couldn't parse the given raw match line, because it is of an unexpected format.
2023-06-24 18:10:06,494 [amqEmbeddedWorkerJmsContainer-11] [uk.ac.ebi.interpro.scan.io.pirsf.hmmer3.PirsfHmmer3RawMatchParser:130] WARN - Unexpected Raw match line: 1 !  286.2  10.8   2.2e-89   2.4e-86      66     444 ..       5     460 ..       1     465 [. 0.90
2023-06-24 18:10:06,494 [amqEmbeddedWorkerJmsContainer-11] [uk.ac.ebi.interpro.scan.io.pirsf.hmmer3.PirsfHmmer3RawMatchParser:129] WARN - Couldn't parse the given raw match line, because it is of an unexpected format.
2023-06-24 18:10:06,494 [amqEmbeddedWorkerJmsContainer-11] [uk.ac.ebi.interpro.scan.io.pirsf.hmmer3.PirsfHmmer3RawMatchParser:130] WARN - Unexpected Raw match line: Query sequence: 94 matches PIRSF036979: Ureohydrolase/formiminoglutamase/proclavaminate amidino hydrolase
2023-06-24 18:10:06,494 [amqEmbeddedWorkerJmsContainer-11] [uk.ac.ebi.interpro.scan.io.pirsf.hmmer3.PirsfHmmer3RawMatchParser:129] WARN - Couldn't parse the given raw match line, because it is of an unexpected format.
2023-06-24 18:10:06,494 [amqEmbeddedWorkerJmsContainer-11] [uk.ac.ebi.interpro.scan.io.pirsf.hmmer3.PirsfHmmer3RawMatchParser:130] WARN - Unexpected Raw match line: #    score  bias  c-Evalue  i-Evalue hmmfrom  hmm to    alifrom  ali to    envfrom  env to     acc
2023-06-24 18:10:06,495 [amqEmbeddedWorkerJmsContainer-11] [uk.ac.ebi.interpro.scan.io.pirsf.hmmer3.PirsfHmmer3RawMatchParser:129] WARN - Couldn't parse the given raw match line, because it is of an unexpected format.
2023-06-24 18:10:06,495 [amqEmbeddedWorkerJmsContainer-11] [uk.ac.ebi.interpro.scan.io.pirsf.hmmer3.PirsfHmmer3RawMatchParser:130] WARN - Unexpected Raw match line: 1 !  253.2   0.0   1.6e-79   1.8e-76      11     297 ..      15     303 ..       7     307 .. 0.90
2023-06-24 18:10:06,495 [amqEmbeddedWorkerJmsContainer-11] [uk.ac.ebi.interpro.scan.io.pirsf.hmmer3.PirsfHmmer3RawMatchParser:129] WARN - Couldn't parse the given raw match line, because it is of an unexpected format.
2023-06-24 18:10:06,495 [amqEmbeddedWorkerJmsContainer-11] [uk.ac.ebi.interpro.scan.io.pirsf.hmmer3.PirsfHmmer3RawMatchParser:130] WARN - Unexpected Raw match line: Query sequence: 95 matches PIRSF000853: Pyruvate, phosphate dikinase
2023-06-24 18:10:06,495 [amqEmbeddedWorkerJmsContainer-11] [uk.ac.ebi.interpro.scan.io.pirsf.hmmer3.PirsfHmmer3RawMatchParser:129] WARN - Couldn't parse the given raw match line, because it is of an unexpected format.
2023-06-24 18:10:06,495 [amqEmbeddedWorkerJmsContainer-11] [uk.ac.ebi.interpro.scan.io.pirsf.hmmer3.PirsfHmmer3RawMatchParser:130] WARN - Unexpected Raw match line: #    score  bias  c-Evalue  i-Evalue hmmfrom  hmm to    alifrom  ali to    envfrom  env to     acc
2023-06-24 18:10:06,495 [amqEmbeddedWorkerJmsContainer-11] [uk.ac.ebi.interpro.scan.io.pirsf.hmmer3.PirsfHmmer3RawMatchParser:129] WARN - Couldn't parse the given raw match line, because it is of an unexpected format.
2023-06-24 18:10:06,495 [amqEmbeddedWorkerJmsContainer-11] [uk.ac.ebi.interpro.scan.io.pirsf.hmmer3.PirsfHmmer3RawMatchParser:130] WARN - Unexpected Raw match line: 1 ! 1393.8   0.0         0         0       2     875 ..      38     932 ..      37     935 .] 0.99
24/06/2023 18:22:59:514 100% done:  InterProScan analyses completed 

2023-06-24 18:23:00,017 [main] [uk.ac.ebi.interpro.scan.jms.master.AbstractMaster:259] WARN - Master process unable to delete temporary directory /projects/raw_lab/jobs/metacerberus/temp/str-c108.uncc.edu_20230624_175316057_4p3j
7946.72user 685.32system 29:48.53elapsed 482%CPU (0avgtext+0avgdata 3713720maxresident)k
8004752inputs+2172352outputs (1114major+41701031minor)pagefaults 0swaps

======================================================
End Time   : Sat Jun 24 18:23:00 EDT 2023
Run Time   : 1789 seconds
======================================================

