=====================================================
Start Time  : Wed Jun 28 12:02:48 EDT 2023
Submit Dir  : /projects/raw_lab/jobs/metacerberus
Job ID/Name : 4041481 / PROKKA
Node List   : str-c88
Num Tasks   : 1 total [1 nodes @ 16 CPUs/node]
======================================================

Loading prokka/1.14.6
  Loading requirement: anaconda3/2022.10
======================================================
Running PROKKA On GTDB-100/genomes/archaea/GCA_006954405.1.fna
======================================================
Archaea
[12:02:51] This is prokka 1.14.6
[12:02:51] Written by Torsten Seemann <torsten.seemann@gmail.com>
[12:02:51] Homepage is https://github.com/tseemann/prokka
[12:02:51] Local time is Wed Jun 28 12:02:51 2023
[12:02:51] You are jlfiguer
[12:02:51] Operating system is linux
[12:02:51] You have BioPerl 1.7.8
Argument "1.7.8" isn't numeric in numeric lt (<) at /apps/pkg/anaconda3/2022.10/envs/prokka-1.14.6/bin/prokka line 259.
[12:02:51] System has 16 cores.
[12:02:51] Will use maximum of 16 cores.
[12:02:51] Annotating as >>> Archaea <<<
[12:02:51] Generating locus_tag from 'GTDB-100/genomes/archaea/GCA_006954405.1.fna' contents.
[12:02:51] Setting --locustag BJDBPECE from MD5 b3db9ece27ca49c0628f29c9539a343e
[12:02:51] Creating new output folder: results/PROKKA/GTDB-100/genomes/archaea/GCA_006954405.1
[12:02:51] Running: mkdir -p results\/PROKKA\/GTDB\-100\/genomes\/archaea\/GCA_006954405\.1
[12:02:51] Using filename prefix: GCA_006954405.1.XXX
[12:02:51] Setting HMMER_NCPU=1
[12:02:51] Writing log to: results/PROKKA/GTDB-100/genomes/archaea/GCA_006954405.1/GCA_006954405.1.log
[12:02:51] Command: /apps/pkg/anaconda3/2022.10/envs/prokka-1.14.6/bin/prokka --prefix GCA_006954405.1 --outdir results/PROKKA/GTDB-100/genomes/archaea/GCA_006954405.1 --kingdom Archaea --cpus 16 GTDB-100/genomes/archaea/GCA_006954405.1.fna
[12:02:51] Appending to PATH: /apps/pkg/anaconda3/2022.10/envs/prokka-1.14.6/bin
[12:02:51] Looking for 'aragorn' - found /apps/pkg/anaconda3/2022.10/envs/prokka-1.14.6/bin/aragorn
[12:02:51] Determined aragorn version is 001002 from 'ARAGORN v1.2.41 Dean Laslett'
[12:02:51] Looking for 'barrnap' - found /apps/pkg/anaconda3/2022.10/envs/prokka-1.14.6/bin/barrnap
[12:02:51] Determined barrnap version is 000009 from 'barrnap 0.9'
[12:02:51] Looking for 'blastp' - found /apps/pkg/anaconda3/2022.10/envs/prokka-1.14.6/bin/blastp
[12:02:51] Determined blastp version is 002013 from 'blastp: 2.13.0+'
[12:02:51] Looking for 'cmpress' - found /apps/pkg/anaconda3/2022.10/envs/prokka-1.14.6/bin/cmpress
[12:02:51] Determined cmpress version is 001001 from '# INFERNAL 1.1.4 (Dec 2020)'
[12:02:51] Looking for 'cmscan' - found /apps/pkg/anaconda3/2022.10/envs/prokka-1.14.6/bin/cmscan
[12:02:51] Determined cmscan version is 001001 from '# INFERNAL 1.1.4 (Dec 2020)'
[12:02:51] Looking for 'egrep' - found /usr/bin/egrep
[12:02:51] Looking for 'find' - found /usr/bin/find
[12:02:51] Looking for 'grep' - found /usr/bin/grep
[12:02:51] Looking for 'hmmpress' - found /apps/pkg/anaconda3/2022.10/envs/prokka-1.14.6/bin/hmmpress
[12:02:51] Determined hmmpress version is 003003 from '# HMMER 3.3.2 (Nov 2020); http://hmmer.org/'
[12:02:51] Looking for 'hmmscan' - found /apps/pkg/anaconda3/2022.10/envs/prokka-1.14.6/bin/hmmscan
[12:02:51] Determined hmmscan version is 003003 from '# HMMER 3.3.2 (Nov 2020); http://hmmer.org/'
[12:02:51] Looking for 'java' - found /apps/pkg/anaconda3/2022.10/envs/prokka-1.14.6/bin/java
[12:02:51] Looking for 'makeblastdb' - found /apps/pkg/anaconda3/2022.10/envs/prokka-1.14.6/bin/makeblastdb
[12:02:51] Determined makeblastdb version is 002013 from 'makeblastdb: 2.13.0+'
[12:02:51] Looking for 'minced' - found /apps/pkg/anaconda3/2022.10/envs/prokka-1.14.6/bin/minced
[12:02:51] Determined minced version is 004002 from 'minced 0.4.2'
[12:02:51] Looking for 'parallel' - found /apps/pkg/anaconda3/2022.10/envs/prokka-1.14.6/bin/parallel
[12:02:51] Determined parallel version is 20230122 from 'GNU parallel 20230122'
[12:02:51] Looking for 'prodigal' - found /apps/pkg/anaconda3/2022.10/envs/prokka-1.14.6/bin/prodigal
[12:02:51] Determined prodigal version is 002006 from 'Prodigal V2.6.3: February, 2016'
[12:02:51] Looking for 'prokka-genbank_to_fasta_db' - found /apps/pkg/anaconda3/2022.10/envs/prokka-1.14.6/bin/prokka-genbank_to_fasta_db
[12:02:51] Looking for 'sed' - found /usr/bin/sed
[12:02:51] Looking for 'tbl2asn' - found /apps/pkg/anaconda3/2022.10/envs/prokka-1.14.6/bin/tbl2asn
[12:02:51] Determined tbl2asn version is 025007 from 'tbl2asn 25.7   arguments:'
[12:02:51] Using genetic code table 11.
[12:02:51] Loading and checking input file: GTDB-100/genomes/archaea/GCA_006954405.1.fna
[12:02:51] Wrote 2 contigs totalling 1416890 bp.
[12:02:51] Predicting tRNAs and tmRNAs
[12:02:51] Running: aragorn -l -gc11  -w results\/PROKKA\/GTDB\-100\/genomes\/archaea\/GCA_006954405\.1\/GCA_006954405\.1\.fna
[12:02:52] 1 tRNA-Ser [63025,63112] 37 (tga)
[12:02:52] 2 tRNA-Lys c[240315,240391] 35 (ctt)
[12:02:52] 3 tRNA-Thr [267277,267354] 35 (cgt)
[12:02:52] 4 tRNA-Phe [279237,279313] 35 (gaa)
[12:02:52] 5 tRNA-Met c[290590,290666] 35 (cat)
[12:02:52] 6 tRNA-Asn c[290814,290889] 34 (gtt)
[12:02:52] 7 tRNA-Lys [302317,302392] 35 (ttt)
[12:02:52] 8 tRNA-Arg [330997,331073] 36 (gcg)
[12:02:52] 9 tRNA-Thr [333113,333187] 33 (ggt)
[12:02:52] 10 tRNA-Arg [335712,335787] 38 (tcg)
[12:02:52] 11 tRNA-Ser c[339159,339243] 35 (cga)
[12:02:52] 12 tRNA-Val c[343765,343840] 34 (gac)
[12:02:52] 13 tRNA-Leu [352740,352826] 37 (cag)
[12:02:52] 14 tRNA-Pro [374007,374082] 35 (ggg)
[12:02:52] 15 tRNA-Glu [420801,420874] 35 (ttc)
[12:02:52] 16 tRNA-Val c[489513,489588] 34 (cac)
[12:02:52] 17 tRNA-Ser c[515201,515287] 35 (gct)
[12:02:52] 18 tRNA-Gln c[517588,517663] 35 (ttg)
[12:02:52] 19 tRNA-Ala [526852,526927] 34 (tgc)
[12:02:52] 20 tRNA-Leu [536217,536302] 37 (caa)
[12:02:52] 21 tRNA-His c[575895,575969] 36 (gtg)
[12:02:52] 22 tRNA-Leu [608343,608429] 37 (gag)
[12:02:52] 23 tRNA-Arg [619461,619535] 36 (ccg)
[12:02:52] 24 tRNA-Ile [663766,663843] 36 (gat)
[12:02:52] 25 tRNA-Cys c[745349,745422] 33 (gca)
[12:02:52] 26 tRNA-Leu c[761538,761624] 37 (tag)
[12:02:52] 27 tRNA-Ala [812188,812265] 36 (cgc)
[12:02:52] 28 tRNA-Pro c[856596,856669] 35 (cgg)
[12:02:52] 29 tRNA-Pro c[1038276,1038351] 35 (ggg)
[12:02:52] 1 tRNA-Val c[728,803] 34 (tac)
[12:02:52] 2 tRNA-Gly [970,1044] 34 (ccc)
[12:02:52] 3 tRNA-Leu [14609,14695] 36 (taa)
[12:02:52] 4 tRNA-Pro c[86674,86747] 35 (tgg)
[12:02:52] 5 tRNA-Met [107252,107329] 36 (cat)
[12:02:52] 6 tRNA-Gln c[145048,145123] 35 (ctg)
[12:02:52] 7 tRNA-Ala [174573,174648] 34 (ggc)
[12:02:52] 8 tRNA-Arg [208959,209036] 36 (tct)
[12:02:52] 9 tRNA-Ser c[218729,218814] 35 (gga)
[12:02:52] 10 tRNA-Glu [220567,220642] 35 (ctc)
[12:02:52] 11 tRNA-Asp c[242145,242218] 35 (gtc)
[12:02:52] 12 tRNA-Gly c[268643,268716] 35 (gcc)
[12:02:52] 13 tRNA-Gly c[278343,278417] 34 (tcc)
[12:02:52] 14 tRNA-Thr c[303025,303101] 35 (tgt)
[12:02:52] 15 tRNA-Arg [304110,304187] 36 (cct)
[12:02:52] Found 44 tRNAs
[12:02:52] Predicting Ribosomal RNAs
[12:02:52] Running Barrnap with 16 threads
[12:02:52] 1 LVVQ01000001.1 515840 16S ribosomal RNA
[12:02:52] 2 LVVQ01000001.1 530960 23S ribosomal RNA
[12:02:52] 3 LVVQ01000002.1 92673 5S ribosomal RNA (partial)
[12:02:52] 4 LVVQ01000002.1 259168 5S ribosomal RNA (partial)
[12:02:52] Found 4 rRNAs
[12:02:52] Skipping ncRNA search, enable with --rfam if desired.
[12:02:52] Total of 48 tRNA + rRNA features
[12:02:52] Searching for CRISPR repeats
[12:02:53] Found 0 CRISPRs
[12:02:53] Predicting coding sequences
[12:02:53] Contigs total 1416890 bp, so using single mode
[12:02:53] Running: prodigal -i results\/PROKKA\/GTDB\-100\/genomes\/archaea\/GCA_006954405\.1\/GCA_006954405\.1\.fna -c -m -g 11 -p single -f sco -q
[12:02:55] Excluding CDS which overlaps existing RNA (rRNA) at LVVQ01000002.1:259211..259981 on - strand
[12:02:55] Found 1403 CDS
[12:02:55] Connecting features back to sequences
[12:02:55] Not using genus-specific database. Try --usegenus to enable it.
[12:02:55] Annotating CDS, please be patient.
[12:02:55] Will use 16 CPUs for similarity searching.
[12:02:56] There are still 1403 unannotated CDS left (started with 1403)
[12:02:56] Will use blast to search against /apps/pkg/anaconda3/2022.10/envs/prokka-1.14.6/db/kingdom/Archaea/sprot with 16 CPUs
[12:02:56] Running: cat results\/PROKKA\/GTDB\-100\/genomes\/archaea\/GCA_006954405\.1\/GCA_006954405\.1\.sprot\.tmp\.2067580\.faa | parallel --gnu --plain -j 16 --block 13770 --recstart '>' --pipe blastp -query - -db /apps/pkg/anaconda3/2022.10/envs/prokka-1.14.6/db/kingdom/Archaea/sprot -evalue 1e-09 -qcov_hsp_perc 80 -num_threads 1 -num_descriptions 1 -num_alignments 1 -seg no > results\/PROKKA\/GTDB\-100\/genomes\/archaea\/GCA_006954405\.1\/GCA_006954405\.1\.sprot\.tmp\.2067580\.blast 2> /dev/null
[12:02:57] Modify product: Universal stress protein MJ0577 => Universal stress protein
[12:02:57] Modify product: RNA-binding protein PAB1135 => RNA-binding protein
[12:02:57] Modify product: Damage-control phosphatase AF_1104 => Damage-control phosphatase
[12:02:57] Modify product: UPF0147 protein Ta0600 => hypothetical protein
[12:02:57] Modify product: Probable metalloprotease HVO_1016 => putative metalloprotease
[12:02:57] Modify product: Uncharacterized protein AF_1796 => putative protein
[12:02:57] Modify product: Probable branched-chain amino acid transport ATP-binding protein LivG => putative branched-chain amino acid transport ATP-binding protein LivG
[12:02:57] Modify product: Iron-sulfur flavoprotein MJ1083 => Iron-sulfur flavoprotein
[12:02:57] Modify product: GPN-loop GTPase PAB0955 => GPN-loop GTPase
[12:02:57] Modify product: Probable hydrogenase maturation factor HypB => putative hydrogenase maturation factor HypB
[12:02:57] Modify product: Probable aspartokinase => putative aspartokinase
[12:02:57] Modify product: UPF0284 protein PH0034 => hypothetical protein
[12:02:57] Modify product: Probable ribosome biogenesis protein SSO0551 => putative ribosome biogenesis protein
[12:02:57] Modify product: Probable translation initiation factor IF-2 => putative translation initiation factor IF-2
[12:02:57] Modify product: Uncharacterized protein MJ1225 => putative protein
[12:02:57] Modify product: UPF0235 protein MTH_637 => hypothetical protein
[12:02:57] Modify product: Ribosome maturation protein SDO1 homolog => Ribosome maturation protein SDO1 
[12:02:57] Modify product: Probable ribosomal RNA small subunit methyltransferase A => putative ribosomal RNA small subunit methyltransferase A
[12:02:57] Modify product: Uncharacterized protein MJ0039 => putative protein
[12:02:57] Modify product: Probable L-aspartate dehydrogenase => putative L-aspartate dehydrogenase
[12:02:57] Modify product: Probable transaldolase => putative transaldolase
[12:02:57] Modify product: Bifunctional protein FolD => Bifunctional protein FolD protein
[12:02:57] Modify product: Probable RNA 2'-phosphotransferase => putative RNA 2'-phosphotransferase
[12:02:57] Modify product: ATP-dependent DNA helicase Ta0057 => ATP-dependent DNA helicase
[12:02:57] Modify product: ATP-dependent DNA helicase Ta0057 => ATP-dependent DNA helicase
[12:02:57] Modify product: Metallo-beta-lactamase fold-containing protein ST1585 => Metallo-beta-lactamase fold-containing protein
[12:02:57] Modify product: UPF0200/UPF0201 protein AF_1395 => hypothetical protein
[12:02:57] Modify product: Uncharacterized protein MJ1311 => putative protein
[12:02:57] Modify product: Probable deoxyhypusine synthase => putative deoxyhypusine synthase
[12:02:58] Modify product: Uncharacterized ABC transporter ATP-binding protein MJ0796 => putative ABC transporter ATP-binding protein
[12:02:58] Modify product: DNA-binding protein MTH_1615 => DNA-binding protein
[12:02:58] Modify product: Sugar fermentation stimulation protein homolog => Sugar fermentation stimulation protein 
[12:02:58] Modify product: Putative ammonium transporter MJ1343 => Putative ammonium transporter
[12:02:58] Modify product: Uncharacterized nitrogen regulatory PII-like protein MJ0059 => putative nitrogen regulatory PII-like protein
[12:02:58] Modify product: Protein PH0010 => Protein
[12:02:58] Modify product: Probable copper-exporting P-type ATPase => putative copper-exporting P-type ATPase
[12:02:58] Modify product: Iron-sulfur flavoprotein MJ1083 => Iron-sulfur flavoprotein
[12:02:58] Modify product: Protein translation factor SUI1 homolog => Protein translation factor SUI1 
[12:02:58] Modify product: Probable tRNA pseudouridine synthase B => putative tRNA pseudouridine synthase B
[12:02:58] Modify product: Uncharacterized ABC transporter ATP-binding protein MJ0796 => putative ABC transporter ATP-binding protein
[12:02:58] Modify product: Probable phosphoenolpyruvate synthase => putative phosphoenolpyruvate synthase
[12:02:58] Modify product: UPF0200 protein SSO1041 => hypothetical protein
[12:02:58] Modify product: Probable tRNA pseudouridine synthase D => putative tRNA pseudouridine synthase D
[12:02:58] Modify product: Putative FKBP-type peptidyl-prolyl cis-trans isomerase MJ0825 => Putative FKBP-type peptidyl-prolyl cis-trans isomerase
[12:02:58] Modify product: Protein pelota homolog => Protein pelota 
[12:02:58] Modify product: Uncharacterized protein MJ0100 => putative protein
[12:02:58] Cleaned 46 /product names
[12:02:58] Deleting unwanted file: results/PROKKA/GTDB-100/genomes/archaea/GCA_006954405.1/GCA_006954405.1.sprot.tmp.2067580.faa
[12:02:58] Deleting unwanted file: results/PROKKA/GTDB-100/genomes/archaea/GCA_006954405.1/GCA_006954405.1.sprot.tmp.2067580.blast
[12:02:58] There are still 963 unannotated CDS left (started with 1403)
[12:02:58] Will use hmmer3 to search against /apps/pkg/anaconda3/2022.10/envs/prokka-1.14.6/db/hmm/HAMAP.hmm with 16 CPUs
[12:02:58] Running: cat results\/PROKKA\/GTDB\-100\/genomes\/archaea\/GCA_006954405\.1\/GCA_006954405\.1\.HAMAP\.hmm\.tmp\.2067580\.faa | parallel --gnu --plain -j 16 --block 9417 --recstart '>' --pipe hmmscan --noali --notextw --acc -E 1e-09 --cpu 1 /apps/pkg/anaconda3/2022.10/envs/prokka-1.14.6/db/hmm/HAMAP.hmm /dev/stdin > results\/PROKKA\/GTDB\-100\/genomes\/archaea\/GCA_006954405\.1\/GCA_006954405\.1\.HAMAP\.hmm\.tmp\.2067580\.hmmer3 2> /dev/null
[12:03:04] Deleting unwanted file: results/PROKKA/GTDB-100/genomes/archaea/GCA_006954405.1/GCA_006954405.1.HAMAP.hmm.tmp.2067580.faa
[12:03:04] Deleting unwanted file: results/PROKKA/GTDB-100/genomes/archaea/GCA_006954405.1/GCA_006954405.1.HAMAP.hmm.tmp.2067580.hmmer3
[12:03:04] Labelling remaining 735 proteins as 'hypothetical protein'
[12:03:04] Possible /pseudo 'Cobyric acid synthase' at LVVQ01000001.1 position 33233
[12:03:04] Possible /pseudo '1-deoxy-D-xylulose-5-phosphate synthase' at LVVQ01000001.1 position 437627
[12:03:04] Possible /pseudo 'Vitamin B12 import system permease protein BtuC' at LVVQ01000001.1 position 678995
[12:03:04] Possible /pseudo 'Vitamin B12 import ATP-binding protein BtuD' at LVVQ01000001.1 position 682701
[12:03:04] Possible /pseudo 'Vitamin B12 import ATP-binding protein BtuD' at LVVQ01000001.1 position 689826
[12:03:04] Possible /pseudo 'Homoserine O-acetyltransferase' at LVVQ01000001.1 position 921761
[12:03:04] Possible /pseudo 'Vitamin B12 import ATP-binding protein BtuD' at LVVQ01000002.1 position 204921
[12:03:04] Possible /pseudo '4-hydroxybutyrate--CoA ligase 1' at LVVQ01000002.1 position 334610
[12:03:04] Possible /pseudo 'Ketoisovalerate oxidoreductase subunit VorA' at LVVQ01000002.1 position 339781
[12:03:04] Found 435 unique /gene codes.
[12:03:04] Fixed 5 duplicate /gene - gph_1 gph_2 gph_3 gph_4 gph_5
[12:03:04] Fixed 3 duplicate /gene - dbpA_1 dbpA_2 dbpA_3
[12:03:04] Fixed 3 duplicate /gene - btuF_1 btuF_2 btuF_3
[12:03:04] Fixed 2 duplicate /gene - COQ5_1 COQ5_2
[12:03:04] Fixed 2 duplicate /gene - bioB_1 bioB_2
[12:03:04] Fixed 2 duplicate /gene - nikR_1 nikR_2
[12:03:04] Fixed 2 duplicate /gene - vat_1 vat_2
[12:03:04] Fixed 2 duplicate /gene - obg_1 obg_2
[12:03:04] Fixed 2 duplicate /gene - cbiA_1 cbiA_2
[12:03:04] Fixed 2 duplicate /gene - ileS_1 ileS_2
[12:03:04] Fixed 2 duplicate /gene - yegS_1 yegS_2
[12:03:04] Fixed 2 duplicate /gene - lysJ_1 lysJ_2
[12:03:04] Fixed 2 duplicate /gene - aksF_1 aksF_2
[12:03:04] Fixed 2 duplicate /gene - kdpB_1 kdpB_2
[12:03:04] Fixed 2 duplicate /gene - mshA_1 mshA_2
[12:03:04] Fixed 2 duplicate /gene - dxs_1 dxs_2
[12:03:04] Fixed 2 duplicate /gene - gloB_1 gloB_2
[12:03:04] Fixed 2 duplicate /gene - hisF_1 hisF_2
[12:03:04] Fixed 26 duplicate /gene - btuD_1 btuD_2 btuD_3 btuD_4 btuD_5 btuD_6 btuD_7 btuD_8 btuD_9 btuD_10 btuD_11 btuD_12 btuD_13 btuD_14 btuD_15 btuD_16 btuD_17 btuD_18 btuD_19 btuD_20 btuD_21 btuD_22 btuD_23 btuD_24 btuD_25 btuD_26
[12:03:04] Fixed 10 duplicate /gene - btuC_1 btuC_2 btuC_3 btuC_4 btuC_5 btuC_6 btuC_7 btuC_8 btuC_9 btuC_10
[12:03:04] Fixed 3 duplicate /gene - malK_1 malK_2 malK_3
[12:03:04] Fixed 2 duplicate /gene - thiI_1 thiI_2
[12:03:04] Fixed 2 duplicate /gene - tuf_1 tuf_2
[12:03:04] Fixed 2 duplicate /gene - vorA_1 vorA_2
[12:03:04] Fixed 2 duplicate /gene - fni_1 fni_2
[12:03:04] Fixed 2 duplicate /gene - purP_1 purP_2
[12:03:04] Fixed 2 duplicate /gene - dadD_1 dadD_2
[12:03:04] Fixed 2 duplicate /gene - cysO_1 cysO_2
[12:03:04] Fixed 2 duplicate /gene - phnW_1 phnW_2
[12:03:04] Fixed 2 duplicate /gene - argH_1 argH_2
[12:03:04] Fixed 2 duplicate /gene - ubaA_1 ubaA_2
[12:03:04] Fixed 3 duplicate /gene - thiL_1 thiL_2 thiL_3
[12:03:04] Fixed 2 duplicate /gene - metAA_1 metAA_2
[12:03:04] Fixed 2 duplicate /gene - agcS_1 agcS_2
[12:03:04] Fixed 2 duplicate /gene - cobQ_1 cobQ_2
[12:03:04] Fixed 2 duplicate /gene - aspS_1 aspS_2
[12:03:04] Fixed 3 duplicate /gene - IMPDH_1 IMPDH_2 IMPDH_3
[12:03:04] Fixed 2 duplicate /gene - cysG_1 cysG_2
[12:03:04] Fixed 2 duplicate /gene - aroE_1 aroE_2
[12:03:04] Fixed 4 duplicate /gene - mdtD_1 mdtD_2 mdtD_3 mdtD_4
[12:03:04] Fixed 2 duplicate /gene - rsxB_1 rsxB_2
[12:03:04] Fixed 2 duplicate /gene - prmC_1 prmC_2
[12:03:04] Fixed 2 duplicate /gene - cysH_1 cysH_2
[12:03:04] Fixed 2 duplicate /gene - kefB_1 kefB_2
[12:03:04] Fixed 2 duplicate /gene - actP_1 actP_2
[12:03:04] Fixed 45 colliding /gene names.
[12:03:04] Adding /locus_tag identifiers
[12:03:04] Assigned 1451 locus_tags to CDS and RNA features.
[12:03:04] Writing outputs to results/PROKKA/GTDB-100/genomes/archaea/GCA_006954405.1/
[12:03:05] Generating annotation statistics file
[12:03:05] Generating Genbank and Sequin files
[12:03:05] Running: tbl2asn -V b -a r10k -l paired-ends -M n -N 1 -y 'Annotated using prokka 1.14.6 from https://github.com/tseemann/prokka' -Z results\/PROKKA\/GTDB\-100\/genomes\/archaea\/GCA_006954405\.1\/GCA_006954405\.1\.err -i results\/PROKKA\/GTDB\-100\/genomes\/archaea\/GCA_006954405\.1\/GCA_006954405\.1\.fsa 2> /dev/null
[tbl2asn-forever] Found Prokka input, correcting dates in .gbf|.sqn files.
[tbl2asn-forever] Correcting dates in results/PROKKA/GTDB-100/genomes/archaea/GCA_006954405.1/GCA_006954405.1.gbf
[tbl2asn-forever] Correcting dates in results/PROKKA/GTDB-100/genomes/archaea/GCA_006954405.1/GCA_006954405.1.sqn
[tbl2asn-forever] Dates changed from 01-JAN-2019 to 28-JUN-2023
[12:03:07] Deleting unwanted file: results/PROKKA/GTDB-100/genomes/archaea/GCA_006954405.1/errorsummary.val
[12:03:07] Deleting unwanted file: results/PROKKA/GTDB-100/genomes/archaea/GCA_006954405.1/GCA_006954405.1.dr
[12:03:07] Deleting unwanted file: results/PROKKA/GTDB-100/genomes/archaea/GCA_006954405.1/GCA_006954405.1.fixedproducts
[12:03:07] Deleting unwanted file: results/PROKKA/GTDB-100/genomes/archaea/GCA_006954405.1/GCA_006954405.1.ecn
[12:03:07] Deleting unwanted file: results/PROKKA/GTDB-100/genomes/archaea/GCA_006954405.1/GCA_006954405.1.val
[12:03:07] Repairing broken .GBK output that tbl2asn produces...
[12:03:07] Running: sed 's/COORDINATES: profile/COORDINATES:profile/' < results\/PROKKA\/GTDB\-100\/genomes\/archaea\/GCA_006954405\.1\/GCA_006954405\.1\.gbf > results\/PROKKA\/GTDB\-100\/genomes\/archaea\/GCA_006954405\.1\/GCA_006954405\.1\.gbk
[12:03:07] Deleting unwanted file: results/PROKKA/GTDB-100/genomes/archaea/GCA_006954405.1/GCA_006954405.1.gbf
[12:03:08] Output files:
[12:03:08] results/PROKKA/GTDB-100/genomes/archaea/GCA_006954405.1/GCA_006954405.1.log
[12:03:08] results/PROKKA/GTDB-100/genomes/archaea/GCA_006954405.1/GCA_006954405.1.fna
[12:03:08] results/PROKKA/GTDB-100/genomes/archaea/GCA_006954405.1/GCA_006954405.1.gff
[12:03:08] results/PROKKA/GTDB-100/genomes/archaea/GCA_006954405.1/GCA_006954405.1.faa
[12:03:08] results/PROKKA/GTDB-100/genomes/archaea/GCA_006954405.1/GCA_006954405.1.ffn
[12:03:08] results/PROKKA/GTDB-100/genomes/archaea/GCA_006954405.1/GCA_006954405.1.tbl
[12:03:08] results/PROKKA/GTDB-100/genomes/archaea/GCA_006954405.1/GCA_006954405.1.fsa
[12:03:08] results/PROKKA/GTDB-100/genomes/archaea/GCA_006954405.1/GCA_006954405.1.tsv
[12:03:08] results/PROKKA/GTDB-100/genomes/archaea/GCA_006954405.1/GCA_006954405.1.txt
[12:03:08] results/PROKKA/GTDB-100/genomes/archaea/GCA_006954405.1/GCA_006954405.1.err
[12:03:08] results/PROKKA/GTDB-100/genomes/archaea/GCA_006954405.1/GCA_006954405.1.sqn
[12:03:08] results/PROKKA/GTDB-100/genomes/archaea/GCA_006954405.1/GCA_006954405.1.gbk
[12:03:08] Annotation finished successfully.
[12:03:08] Walltime used: 0.28 minutes
[12:03:08] If you use this result please cite the Prokka paper:
[12:03:08] Seemann T (2014) Prokka: rapid prokaryotic genome annotation. Bioinformatics. 30(14):2068-9.
[12:03:08] Type 'prokka --citation' for more details.
[12:03:08] Share and enjoy!
71.17user 27.61system 0:16.81elapsed 587%CPU (0avgtext+0avgdata 261216maxresident)k
28816inputs+119200outputs (0major+4888211minor)pagefaults 0swaps

======================================================
End Time   : Wed Jun 28 12:03:08 EDT 2023
Run Time   : 20 seconds
======================================================

