=====================================================
Start Time  : Wed Jun 28 12:02:14 EDT 2023
Submit Dir  : /projects/raw_lab/jobs/metacerberus
Job ID/Name : 4041448 / PROKKA
Node List   : str-c106
Num Tasks   : 1 total [1 nodes @ 16 CPUs/node]
======================================================

Loading prokka/1.14.6
  Loading requirement: anaconda3/2022.10
======================================================
Running PROKKA On GTDB-100/genomes/archaea/GCA_023474385.1.fna
======================================================
Archaea
[12:02:17] This is prokka 1.14.6
[12:02:17] Written by Torsten Seemann <torsten.seemann@gmail.com>
[12:02:17] Homepage is https://github.com/tseemann/prokka
[12:02:17] Local time is Wed Jun 28 12:02:17 2023
[12:02:17] You are jlfiguer
[12:02:17] Operating system is linux
[12:02:17] You have BioPerl 1.7.8
Argument "1.7.8" isn't numeric in numeric lt (<) at /apps/pkg/anaconda3/2022.10/envs/prokka-1.14.6/bin/prokka line 259.
[12:02:17] System has 16 cores.
[12:02:17] Will use maximum of 16 cores.
[12:02:17] Annotating as >>> Archaea <<<
[12:02:17] Generating locus_tag from 'GTDB-100/genomes/archaea/GCA_023474385.1.fna' contents.
[12:02:17] Setting --locustag NGKPBMNK from MD5 7049b67471b975981ec3110880f4ee6d
[12:02:17] Creating new output folder: results/PROKKA/GTDB-100/genomes/archaea/GCA_023474385.1
[12:02:17] Running: mkdir -p results\/PROKKA\/GTDB\-100\/genomes\/archaea\/GCA_023474385\.1
[12:02:17] Using filename prefix: GCA_023474385.1.XXX
[12:02:17] Setting HMMER_NCPU=1
[12:02:17] Writing log to: results/PROKKA/GTDB-100/genomes/archaea/GCA_023474385.1/GCA_023474385.1.log
[12:02:17] Command: /apps/pkg/anaconda3/2022.10/envs/prokka-1.14.6/bin/prokka --prefix GCA_023474385.1 --outdir results/PROKKA/GTDB-100/genomes/archaea/GCA_023474385.1 --kingdom Archaea --cpus 16 GTDB-100/genomes/archaea/GCA_023474385.1.fna
[12:02:17] Appending to PATH: /apps/pkg/anaconda3/2022.10/envs/prokka-1.14.6/bin
[12:02:17] Looking for 'aragorn' - found /apps/pkg/anaconda3/2022.10/envs/prokka-1.14.6/bin/aragorn
[12:02:17] Determined aragorn version is 001002 from 'ARAGORN v1.2.41 Dean Laslett'
[12:02:17] Looking for 'barrnap' - found /apps/pkg/anaconda3/2022.10/envs/prokka-1.14.6/bin/barrnap
[12:02:17] Determined barrnap version is 000009 from 'barrnap 0.9'
[12:02:17] Looking for 'blastp' - found /apps/pkg/anaconda3/2022.10/envs/prokka-1.14.6/bin/blastp
[12:02:18] Determined blastp version is 002013 from 'blastp: 2.13.0+'
[12:02:18] Looking for 'cmpress' - found /apps/pkg/anaconda3/2022.10/envs/prokka-1.14.6/bin/cmpress
[12:02:18] Determined cmpress version is 001001 from '# INFERNAL 1.1.4 (Dec 2020)'
[12:02:18] Looking for 'cmscan' - found /apps/pkg/anaconda3/2022.10/envs/prokka-1.14.6/bin/cmscan
[12:02:18] Determined cmscan version is 001001 from '# INFERNAL 1.1.4 (Dec 2020)'
[12:02:18] Looking for 'egrep' - found /usr/bin/egrep
[12:02:18] Looking for 'find' - found /usr/bin/find
[12:02:18] Looking for 'grep' - found /usr/bin/grep
[12:02:18] Looking for 'hmmpress' - found /apps/pkg/anaconda3/2022.10/envs/prokka-1.14.6/bin/hmmpress
[12:02:18] Determined hmmpress version is 003003 from '# HMMER 3.3.2 (Nov 2020); http://hmmer.org/'
[12:02:18] Looking for 'hmmscan' - found /apps/pkg/anaconda3/2022.10/envs/prokka-1.14.6/bin/hmmscan
[12:02:18] Determined hmmscan version is 003003 from '# HMMER 3.3.2 (Nov 2020); http://hmmer.org/'
[12:02:18] Looking for 'java' - found /apps/pkg/anaconda3/2022.10/envs/prokka-1.14.6/bin/java
[12:02:18] Looking for 'makeblastdb' - found /apps/pkg/anaconda3/2022.10/envs/prokka-1.14.6/bin/makeblastdb
[12:02:18] Determined makeblastdb version is 002013 from 'makeblastdb: 2.13.0+'
[12:02:18] Looking for 'minced' - found /apps/pkg/anaconda3/2022.10/envs/prokka-1.14.6/bin/minced
[12:02:18] Determined minced version is 004002 from 'minced 0.4.2'
[12:02:18] Looking for 'parallel' - found /apps/pkg/anaconda3/2022.10/envs/prokka-1.14.6/bin/parallel
[12:02:18] Determined parallel version is 20230122 from 'GNU parallel 20230122'
[12:02:18] Looking for 'prodigal' - found /apps/pkg/anaconda3/2022.10/envs/prokka-1.14.6/bin/prodigal
[12:02:18] Determined prodigal version is 002006 from 'Prodigal V2.6.3: February, 2016'
[12:02:18] Looking for 'prokka-genbank_to_fasta_db' - found /apps/pkg/anaconda3/2022.10/envs/prokka-1.14.6/bin/prokka-genbank_to_fasta_db
[12:02:18] Looking for 'sed' - found /usr/bin/sed
[12:02:18] Looking for 'tbl2asn' - found /apps/pkg/anaconda3/2022.10/envs/prokka-1.14.6/bin/tbl2asn
[12:02:18] Determined tbl2asn version is 025007 from 'tbl2asn 25.7   arguments:'
[12:02:18] Using genetic code table 11.
[12:02:18] Loading and checking input file: GTDB-100/genomes/archaea/GCA_023474385.1.fna
[12:02:18] Wrote 37 contigs totalling 492898 bp.
[12:02:18] Predicting tRNAs and tmRNAs
[12:02:18] Running: aragorn -l -gc11  -w results\/PROKKA\/GTDB\-100\/genomes\/archaea\/GCA_023474385\.1\/GCA_023474385\.1\.fna
[12:02:19] 1 tRNA-Cys c[9354,9425] 33 (gca)
[12:02:19] 1 tRNA-Leu [2434,2518] 37 (tag)
[12:02:19] 1 tRNA-Val [13909,13981] 33 (gac)
[12:02:19] 1 tRNA-Val [13032,13104] 33 (cac)
[12:02:19] 1 tRNA-Ile [10253,10328] 36 (tat)
[12:02:19] 1 tRNA-Asn [6278,6352] 35 (gtt)
[12:02:19] 2 tRNA-Asp [7765,7838] 34 (gtc)
[12:02:19] 3 tRNA-Arg [9825,9899] 36 (ccg)
[12:02:19] 1 tRNA-Pro [13701,13773] 35 (tgg)
[12:02:19] 2 tRNA-Ile c[22816,22890] 36 (gat)
[12:02:19] 3 tRNA-Cys [23596,23665] 34 (gca)
[12:02:19] 1 tRNA-Ile c[7819,7895] 37 (gat)
[12:02:19] 1 tRNA-Gly [156,230] 36 (tcc)
[12:02:19] 1 tRNA-Gln c[54171,54243] 35 (ttg)
[12:02:19] 2 tRNA-Arg c[81203,81280] 38 (tcg)
[12:02:19] 1 tRNA-Val [53,125] 33 (cac)
[12:02:19] 1 tRNA-Pro c[3625,3699] 36 (cgg)
[12:02:19] 1 tRNA-Ala c[1482,1553] 33 (cgc)
[12:02:19] 1 tRNA-Asn c[688,761] 34 (gtt)
[12:02:19] 1 tRNA-Arg c[4123,4197] 36 (gcg)
[12:02:19] Found 20 tRNAs
[12:02:19] Predicting Ribosomal RNAs
[12:02:19] Running Barrnap with 16 threads
[12:02:19] 1 JAMCYB010000010.1 196 23S ribosomal RNA
[12:02:19] Found 1 rRNAs
[12:02:19] Skipping ncRNA search, enable with --rfam if desired.
[12:02:19] Total of 21 tRNA + rRNA features
[12:02:19] Searching for CRISPR repeats
[12:02:19] Found 0 CRISPRs
[12:02:19] Predicting coding sequences
[12:02:19] Contigs total 492898 bp, so using single mode
[12:02:19] Running: prodigal -i results\/PROKKA\/GTDB\-100\/genomes\/archaea\/GCA_023474385\.1\/GCA_023474385\.1\.fna -c -m -g 11 -p single -f sco -q
[12:02:21] Excluding CDS which overlaps existing RNA (tRNA) at JAMCYB010000037.1:4878..6296 on + strand
[12:02:21] Found 526 CDS
[12:02:21] Connecting features back to sequences
[12:02:21] Not using genus-specific database. Try --usegenus to enable it.
[12:02:21] Annotating CDS, please be patient.
[12:02:21] Will use 16 CPUs for similarity searching.
[12:02:21] There are still 526 unannotated CDS left (started with 526)
[12:02:21] Will use blast to search against /apps/pkg/anaconda3/2022.10/envs/prokka-1.14.6/db/kingdom/Archaea/sprot with 16 CPUs
[12:02:21] Running: cat results\/PROKKA\/GTDB\-100\/genomes\/archaea\/GCA_023474385\.1\/GCA_023474385\.1\.sprot\.tmp\.2346355\.faa | parallel --gnu --plain -j 16 --block 4567 --recstart '>' --pipe blastp -query - -db /apps/pkg/anaconda3/2022.10/envs/prokka-1.14.6/db/kingdom/Archaea/sprot -evalue 1e-09 -qcov_hsp_perc 80 -num_threads 1 -num_descriptions 1 -num_alignments 1 -seg no > results\/PROKKA\/GTDB\-100\/genomes\/archaea\/GCA_023474385\.1\/GCA_023474385\.1\.sprot\.tmp\.2346355\.blast 2> /dev/null
[12:02:22] Modify product: Putative FKBP-type peptidyl-prolyl cis-trans isomerase MJ0825 => Putative FKBP-type peptidyl-prolyl cis-trans isomerase
[12:02:22] Modify product: Probable translation initiation factor IF-2 => putative translation initiation factor IF-2
[12:02:22] Modify product: Probable tRNA pseudouridine synthase D => putative tRNA pseudouridine synthase D
[12:02:22] Modify product: Protein PH0010 => Protein
[12:02:22] Modify product: Protein pelota homolog => Protein pelota 
[12:02:22] Modify product: Protein PH0010 => Protein
[12:02:22] Modify product: Probable ribosomal RNA small subunit methyltransferase A => putative ribosomal RNA small subunit methyltransferase A
[12:02:22] Modify product: UPF0273 protein PH0284 => hypothetical protein
[12:02:22] Modify product: Uncharacterized metallohydrolase MMP1398 => putative metallohydrolase
[12:02:22] Modify product: Probable ATP-dependent RNA helicase MJ0669 => putative ATP-dependent RNA helicase
[12:02:22] Modify product: Protein translation factor SUI1 homolog => Protein translation factor SUI1 
[12:02:22] Modify product: Uncharacterized NOP5 family protein MJ0694 => putative NOP5 family protein
[12:02:22] Modify product: Probable deoxyhypusine synthase => putative deoxyhypusine synthase
[12:02:22] Modify product: Ribosome maturation protein SDO1 homolog => Ribosome maturation protein SDO1 
[12:02:22] Cleaned 14 /product names
[12:02:22] Deleting unwanted file: results/PROKKA/GTDB-100/genomes/archaea/GCA_023474385.1/GCA_023474385.1.sprot.tmp.2346355.faa
[12:02:22] Deleting unwanted file: results/PROKKA/GTDB-100/genomes/archaea/GCA_023474385.1/GCA_023474385.1.sprot.tmp.2346355.blast
[12:02:22] There are still 363 unannotated CDS left (started with 526)
[12:02:22] Will use hmmer3 to search against /apps/pkg/anaconda3/2022.10/envs/prokka-1.14.6/db/hmm/HAMAP.hmm with 16 CPUs
[12:02:22] Running: cat results\/PROKKA\/GTDB\-100\/genomes\/archaea\/GCA_023474385\.1\/GCA_023474385\.1\.HAMAP\.hmm\.tmp\.2346355\.faa | parallel --gnu --plain -j 16 --block 2927 --recstart '>' --pipe hmmscan --noali --notextw --acc -E 1e-09 --cpu 1 /apps/pkg/anaconda3/2022.10/envs/prokka-1.14.6/db/hmm/HAMAP.hmm /dev/stdin > results\/PROKKA\/GTDB\-100\/genomes\/archaea\/GCA_023474385\.1\/GCA_023474385\.1\.HAMAP\.hmm\.tmp\.2346355\.hmmer3 2> /dev/null
[12:02:26] Deleting unwanted file: results/PROKKA/GTDB-100/genomes/archaea/GCA_023474385.1/GCA_023474385.1.HAMAP.hmm.tmp.2346355.faa
[12:02:26] Deleting unwanted file: results/PROKKA/GTDB-100/genomes/archaea/GCA_023474385.1/GCA_023474385.1.HAMAP.hmm.tmp.2346355.hmmer3
[12:02:26] Labelling remaining 311 proteins as 'hypothetical protein'
[12:02:26] Possible /pseudo '1-deoxy-D-xylulose-5-phosphate synthase' at JAMCYB010000037.1 position 1280
[12:02:26] Possible /pseudo 'Isopentenyl-diphosphate delta-isomerase' at JAMCYB010000022.1 position 4359
[12:02:26] Possible /pseudo '30S ribosomal protein S19e' at JAMCYB010000011.1 position 62271
[12:02:26] Possible /pseudo 'Modification methylase MthTI' at JAMCYB010000036.1 position 14394
[12:02:26] Found 148 unique /gene codes.
[12:02:26] Fixed 2 duplicate /gene - kefB_1 kefB_2
[12:02:26] Fixed 2 duplicate /gene - smc_1 smc_2
[12:02:26] Fixed 3 duplicate /gene - dbh_1 dbh_2 dbh_3
[12:02:26] Fixed 2 duplicate /gene - ftsH_1 ftsH_2
[12:02:26] Fixed 2 duplicate /gene - sudA_1 sudA_2
[12:02:26] Fixed 2 duplicate /gene - mthTIM_1 mthTIM_2
[12:02:26] Fixed 2 duplicate /gene - thsA_1 thsA_2
[12:02:26] Fixed 2 duplicate /gene - adkA_1 adkA_2
[12:02:26] Fixed 2 duplicate /gene - fni_1 fni_2
[12:02:26] Fixed 3 duplicate /gene - ftsZ1_1 ftsZ1_2 ftsZ1_3
[12:02:26] Fixed 2 duplicate /gene - mshA_1 mshA_2
[12:02:26] Fixed 2 duplicate /gene - tmk_1 tmk_2
[12:02:26] Fixed 3 duplicate /gene - aspS_1 aspS_2 aspS_3
[12:02:26] Fixed 2 duplicate /gene - btuD_1 btuD_2
[12:02:26] Fixed 2 duplicate /gene - dxs_1 dxs_2
[12:02:26] Fixed 2 duplicate /gene - ppaC_1 ppaC_2
[12:02:26] Fixed 2 duplicate /gene - cmk_1 cmk_2
[12:02:26] Fixed 2 duplicate /gene - nth_1 nth_2
[12:02:26] Fixed 18 colliding /gene names.
[12:02:26] Adding /locus_tag identifiers
[12:02:26] Assigned 547 locus_tags to CDS and RNA features.
[12:02:26] Writing outputs to results/PROKKA/GTDB-100/genomes/archaea/GCA_023474385.1/
[12:02:26] Generating annotation statistics file
[12:02:26] Generating Genbank and Sequin files
[12:02:26] Running: tbl2asn -V b -a r10k -l paired-ends -M n -N 1 -y 'Annotated using prokka 1.14.6 from https://github.com/tseemann/prokka' -Z results\/PROKKA\/GTDB\-100\/genomes\/archaea\/GCA_023474385\.1\/GCA_023474385\.1\.err -i results\/PROKKA\/GTDB\-100\/genomes\/archaea\/GCA_023474385\.1\/GCA_023474385\.1\.fsa 2> /dev/null
[tbl2asn-forever] Found Prokka input, correcting dates in .gbf|.sqn files.
[tbl2asn-forever] Correcting dates in results/PROKKA/GTDB-100/genomes/archaea/GCA_023474385.1/GCA_023474385.1.gbf
[tbl2asn-forever] Correcting dates in results/PROKKA/GTDB-100/genomes/archaea/GCA_023474385.1/GCA_023474385.1.sqn
[tbl2asn-forever] Dates changed from 01-JAN-2019 to 28-JUN-2023
[12:02:27] Deleting unwanted file: results/PROKKA/GTDB-100/genomes/archaea/GCA_023474385.1/errorsummary.val
[12:02:27] Deleting unwanted file: results/PROKKA/GTDB-100/genomes/archaea/GCA_023474385.1/GCA_023474385.1.dr
[12:02:27] Deleting unwanted file: results/PROKKA/GTDB-100/genomes/archaea/GCA_023474385.1/GCA_023474385.1.fixedproducts
[12:02:27] Deleting unwanted file: results/PROKKA/GTDB-100/genomes/archaea/GCA_023474385.1/GCA_023474385.1.ecn
[12:02:27] Deleting unwanted file: results/PROKKA/GTDB-100/genomes/archaea/GCA_023474385.1/GCA_023474385.1.val
[12:02:27] Repairing broken .GBK output that tbl2asn produces...
[12:02:27] Running: sed 's/COORDINATES: profile/COORDINATES:profile/' < results\/PROKKA\/GTDB\-100\/genomes\/archaea\/GCA_023474385\.1\/GCA_023474385\.1\.gbf > results\/PROKKA\/GTDB\-100\/genomes\/archaea\/GCA_023474385\.1\/GCA_023474385\.1\.gbk
[12:02:27] Deleting unwanted file: results/PROKKA/GTDB-100/genomes/archaea/GCA_023474385.1/GCA_023474385.1.gbf
[12:02:27] Output files:
[12:02:27] results/PROKKA/GTDB-100/genomes/archaea/GCA_023474385.1/GCA_023474385.1.log
[12:02:27] results/PROKKA/GTDB-100/genomes/archaea/GCA_023474385.1/GCA_023474385.1.fna
[12:02:27] results/PROKKA/GTDB-100/genomes/archaea/GCA_023474385.1/GCA_023474385.1.gff
[12:02:27] results/PROKKA/GTDB-100/genomes/archaea/GCA_023474385.1/GCA_023474385.1.faa
[12:02:27] results/PROKKA/GTDB-100/genomes/archaea/GCA_023474385.1/GCA_023474385.1.ffn
[12:02:27] results/PROKKA/GTDB-100/genomes/archaea/GCA_023474385.1/GCA_023474385.1.tbl
[12:02:27] results/PROKKA/GTDB-100/genomes/archaea/GCA_023474385.1/GCA_023474385.1.fsa
[12:02:27] results/PROKKA/GTDB-100/genomes/archaea/GCA_023474385.1/GCA_023474385.1.tsv
[12:02:27] results/PROKKA/GTDB-100/genomes/archaea/GCA_023474385.1/GCA_023474385.1.txt
[12:02:27] results/PROKKA/GTDB-100/genomes/archaea/GCA_023474385.1/GCA_023474385.1.err
[12:02:27] results/PROKKA/GTDB-100/genomes/archaea/GCA_023474385.1/GCA_023474385.1.sqn
[12:02:27] results/PROKKA/GTDB-100/genomes/archaea/GCA_023474385.1/GCA_023474385.1.gbk
[12:02:27] Annotation finished successfully.
[12:02:27] Walltime used: 0.17 minutes
[12:02:27] If you use this result please cite the Prokka paper:
[12:02:27] Seemann T (2014) Prokka: rapid prokaryotic genome annotation. Bioinformatics. 30(14):2068-9.
[12:02:27] Type 'prokka --citation' for more details.
[12:02:27] Thank you, come again.
24.67user 12.81system 0:10.24elapsed 365%CPU (0avgtext+0avgdata 252652maxresident)k
525776inputs+68632outputs (826major+3089845minor)pagefaults 0swaps

======================================================
End Time   : Wed Jun 28 12:02:27 EDT 2023
Run Time   : 13 seconds
======================================================

