=====================================================
Start Time  : Sat Jun 24 21:32:21 EDT 2023
Submit Dir  : /projects/raw_lab/jobs/metacerberus
Job ID/Name : 3996842 / InterProScan
Node List   : str-c99
Num Tasks   : 1 total [1 nodes @ 16 CPUs/node]
======================================================

Loading interproscan/5.60-92.0
  Loading requirement: anaconda3/2020.11 openjdk/15
======================================================
Running InterProScan On CPR/SAMN04315345.fna
======================================================
24/06/2023 21:32:22:569 Welcome to InterProScan-5.60-92.0
24/06/2023 21:32:22:570 Running InterProScan v5 in STANDALONE mode... on Linux
24/06/2023 21:32:26:553 RunID: str-c99.uncc.edu_20230624_213226385_fx6s
24/06/2023 21:32:35:308 Loading file /projects/raw_lab/jobs/metacerberus/CPR/SAMN04315345.fna
24/06/2023 21:32:36:008 Running the following analyses:
[AntiFam-7.0,CDD-3.20,Coils-2.2.1,FunFam-4.3.0,Gene3D-4.3.0,Hamap-2021_04,MobiDBLite-2.0,PANTHER-17.0,Pfam-35.0,PIRSF-3.10,PIRSR-2021_05,PRINTS-42.0,ProSitePatterns-2022_01,ProSiteProfiles-2022_01,SFLD-4,SMART-7.1,SUPERFAMILY-1.75,TIGRFAM-15.0]
Pre-calculated match lookup service DISABLED.  Please wait for match calculations to complete...
2023-06-24 21:33:00,729 [amqEmbeddedWorkerJmsContainer-5] [uk.ac.ebi.interpro.scan.io.pirsf.hmmer3.PirsfHmmer3RawMatchParser:129] WARN - Couldn't parse the given raw match line, because it is of an unexpected format.
2023-06-24 21:33:00,733 [amqEmbeddedWorkerJmsContainer-5] [uk.ac.ebi.interpro.scan.io.pirsf.hmmer3.PirsfHmmer3RawMatchParser:130] WARN - Unexpected Raw match line: Query sequence: 124 matches PIRSF019169: Tfp pilus assembly protein, ATPase PilM
2023-06-24 21:33:00,733 [amqEmbeddedWorkerJmsContainer-5] [uk.ac.ebi.interpro.scan.io.pirsf.hmmer3.PirsfHmmer3RawMatchParser:129] WARN - Couldn't parse the given raw match line, because it is of an unexpected format.
2023-06-24 21:33:00,733 [amqEmbeddedWorkerJmsContainer-5] [uk.ac.ebi.interpro.scan.io.pirsf.hmmer3.PirsfHmmer3RawMatchParser:130] WARN - Unexpected Raw match line: #    score  bias  c-Evalue  i-Evalue hmmfrom  hmm to    alifrom  ali to    envfrom  env to     acc
2023-06-24 21:33:00,733 [amqEmbeddedWorkerJmsContainer-5] [uk.ac.ebi.interpro.scan.io.pirsf.hmmer3.PirsfHmmer3RawMatchParser:129] WARN - Couldn't parse the given raw match line, because it is of an unexpected format.
2023-06-24 21:33:00,733 [amqEmbeddedWorkerJmsContainer-5] [uk.ac.ebi.interpro.scan.io.pirsf.hmmer3.PirsfHmmer3RawMatchParser:130] WARN - Unexpected Raw match line: 1 !  212.9   0.1     1e-66   6.7e-65       6     355 ..       8     359 ..       3     361 .] 0.92
2023-06-24 21:33:00,734 [amqEmbeddedWorkerJmsContainer-5] [uk.ac.ebi.interpro.scan.io.pirsf.hmmer3.PirsfHmmer3RawMatchParser:129] WARN - Couldn't parse the given raw match line, because it is of an unexpected format.
2023-06-24 21:33:00,734 [amqEmbeddedWorkerJmsContainer-5] [uk.ac.ebi.interpro.scan.io.pirsf.hmmer3.PirsfHmmer3RawMatchParser:130] WARN - Unexpected Raw match line: Query sequence: 134 matches PIRSF000497: Methionine adenosyltransferase
2023-06-24 21:33:00,734 [amqEmbeddedWorkerJmsContainer-5] [uk.ac.ebi.interpro.scan.io.pirsf.hmmer3.PirsfHmmer3RawMatchParser:129] WARN - Couldn't parse the given raw match line, because it is of an unexpected format.
2023-06-24 21:33:00,734 [amqEmbeddedWorkerJmsContainer-5] [uk.ac.ebi.interpro.scan.io.pirsf.hmmer3.PirsfHmmer3RawMatchParser:130] WARN - Unexpected Raw match line: #    score  bias  c-Evalue  i-Evalue hmmfrom  hmm to    alifrom  ali to    envfrom  env to     acc
2023-06-24 21:33:00,734 [amqEmbeddedWorkerJmsContainer-5] [uk.ac.ebi.interpro.scan.io.pirsf.hmmer3.PirsfHmmer3RawMatchParser:129] WARN - Couldn't parse the given raw match line, because it is of an unexpected format.
2023-06-24 21:33:00,734 [amqEmbeddedWorkerJmsContainer-5] [uk.ac.ebi.interpro.scan.io.pirsf.hmmer3.PirsfHmmer3RawMatchParser:130] WARN - Unexpected Raw match line: 1 !  393.8   0.0  4.4e-122  8.7e-120       8     380 ..       3     356 ..       1     357 [] 0.96
2023-06-24 21:33:00,734 [amqEmbeddedWorkerJmsContainer-5] [uk.ac.ebi.interpro.scan.io.pirsf.hmmer3.PirsfHmmer3RawMatchParser:129] WARN - Couldn't parse the given raw match line, because it is of an unexpected format.
2023-06-24 21:33:00,734 [amqEmbeddedWorkerJmsContainer-5] [uk.ac.ebi.interpro.scan.io.pirsf.hmmer3.PirsfHmmer3RawMatchParser:130] WARN - Unexpected Raw match line: Query sequence: 153 matches PIRSF001549: Histidyl-tRNA synthetase
2023-06-24 21:33:00,734 [amqEmbeddedWorkerJmsContainer-5] [uk.ac.ebi.interpro.scan.io.pirsf.hmmer3.PirsfHmmer3RawMatchParser:129] WARN - Couldn't parse the given raw match line, because it is of an unexpected format.
2023-06-24 21:33:00,734 [amqEmbeddedWorkerJmsContainer-5] [uk.ac.ebi.interpro.scan.io.pirsf.hmmer3.PirsfHmmer3RawMatchParser:130] WARN - Unexpected Raw match line: #    score  bias  c-Evalue  i-Evalue hmmfrom  hmm to    alifrom  ali to    envfrom  env to     acc
2023-06-24 21:33:00,734 [amqEmbeddedWorkerJmsContainer-5] [uk.ac.ebi.interpro.scan.io.pirsf.hmmer3.PirsfHmmer3RawMatchParser:129] WARN - Couldn't parse the given raw match line, because it is of an unexpected format.
2023-06-24 21:33:00,734 [amqEmbeddedWorkerJmsContainer-5] [uk.ac.ebi.interpro.scan.io.pirsf.hmmer3.PirsfHmmer3RawMatchParser:130] WARN - Unexpected Raw match line: 1 !  358.4   0.0  2.8e-111  5.7e-109       4     438 ..      44     466 ..      41     467 .. 0.95
2023-06-24 21:33:00,734 [amqEmbeddedWorkerJmsContainer-5] [uk.ac.ebi.interpro.scan.io.pirsf.hmmer3.PirsfHmmer3RawMatchParser:129] WARN - Couldn't parse the given raw match line, because it is of an unexpected format.
2023-06-24 21:33:00,734 [amqEmbeddedWorkerJmsContainer-5] [uk.ac.ebi.interpro.scan.io.pirsf.hmmer3.PirsfHmmer3RawMatchParser:130] WARN - Unexpected Raw match line: Query sequence: 169 matches PIRSF004486: S-adenosyl-L-methionine dependent methyltransferase, MraW type
2023-06-24 21:33:00,735 [amqEmbeddedWorkerJmsContainer-5] [uk.ac.ebi.interpro.scan.io.pirsf.hmmer3.PirsfHmmer3RawMatchParser:129] WARN - Couldn't parse the given raw match line, because it is of an unexpected format.
2023-06-24 21:33:00,735 [amqEmbeddedWorkerJmsContainer-5] [uk.ac.ebi.interpro.scan.io.pirsf.hmmer3.PirsfHmmer3RawMatchParser:130] WARN - Unexpected Raw match line: #    score  bias  c-Evalue  i-Evalue hmmfrom  hmm to    alifrom  ali to    envfrom  env to     acc
2023-06-24 21:33:00,735 [amqEmbeddedWorkerJmsContainer-5] [uk.ac.ebi.interpro.scan.io.pirsf.hmmer3.PirsfHmmer3RawMatchParser:129] WARN - Couldn't parse the given raw match line, because it is of an unexpected format.
2023-06-24 21:33:00,735 [amqEmbeddedWorkerJmsContainer-5] [uk.ac.ebi.interpro.scan.io.pirsf.hmmer3.PirsfHmmer3RawMatchParser:130] WARN - Unexpected Raw match line: 1 !  315.6   0.1   2.3e-98   4.7e-96       5     304 ..      18     304 ..      14     308 .. 0.96
2023-06-24 21:33:00,735 [amqEmbeddedWorkerJmsContainer-5] [uk.ac.ebi.interpro.scan.io.pirsf.hmmer3.PirsfHmmer3RawMatchParser:129] WARN - Couldn't parse the given raw match line, because it is of an unexpected format.
2023-06-24 21:33:00,735 [amqEmbeddedWorkerJmsContainer-5] [uk.ac.ebi.interpro.scan.io.pirsf.hmmer3.PirsfHmmer3RawMatchParser:130] WARN - Unexpected Raw match line: Query sequence: 172 matches PIRSF001265: H(+)-translocating inorganic pyrophosphatase
2023-06-24 21:33:00,735 [amqEmbeddedWorkerJmsContainer-5] [uk.ac.ebi.interpro.scan.io.pirsf.hmmer3.PirsfHmmer3RawMatchParser:129] WARN - Couldn't parse the given raw match line, because it is of an unexpected format.
2023-06-24 21:33:00,735 [amqEmbeddedWorkerJmsContainer-5] [uk.ac.ebi.interpro.scan.io.pirsf.hmmer3.PirsfHmmer3RawMatchParser:130] WARN - Unexpected Raw match line: #    score  bias  c-Evalue  i-Evalue hmmfrom  hmm to    alifrom  ali to    envfrom  env to     acc
2023-06-24 21:33:00,735 [amqEmbeddedWorkerJmsContainer-5] [uk.ac.ebi.interpro.scan.io.pirsf.hmmer3.PirsfHmmer3RawMatchParser:129] WARN - Couldn't parse the given raw match line, because it is of an unexpected format.
2023-06-24 21:33:00,735 [amqEmbeddedWorkerJmsContainer-5] [uk.ac.ebi.interpro.scan.io.pirsf.hmmer3.PirsfHmmer3RawMatchParser:130] WARN - Unexpected Raw match line: 1 !  855.0  42.2  3.1e-261  6.3e-259      18     705 ..      14     659 ..       2     660 .] 0.95
2023-06-24 21:33:00,735 [amqEmbeddedWorkerJmsContainer-5] [uk.ac.ebi.interpro.scan.io.pirsf.hmmer3.PirsfHmmer3RawMatchParser:129] WARN - Couldn't parse the given raw match line, because it is of an unexpected format.
2023-06-24 21:33:00,735 [amqEmbeddedWorkerJmsContainer-5] [uk.ac.ebi.interpro.scan.io.pirsf.hmmer3.PirsfHmmer3RawMatchParser:130] WARN - Unexpected Raw match line: Query sequence: 175 matches PIRSF002401: GTP-binding protein, obg type
2023-06-24 21:33:00,735 [amqEmbeddedWorkerJmsContainer-5] [uk.ac.ebi.interpro.scan.io.pirsf.hmmer3.PirsfHmmer3RawMatchParser:129] WARN - Couldn't parse the given raw match line, because it is of an unexpected format.
2023-06-24 21:33:00,735 [amqEmbeddedWorkerJmsContainer-5] [uk.ac.ebi.interpro.scan.io.pirsf.hmmer3.PirsfHmmer3RawMatchParser:130] WARN - Unexpected Raw match line: #    score  bias  c-Evalue  i-Evalue hmmfrom  hmm to    alifrom  ali to    envfrom  env to     acc
2023-06-24 21:33:00,736 [amqEmbeddedWorkerJmsContainer-5] [uk.ac.ebi.interpro.scan.io.pirsf.hmmer3.PirsfHmmer3RawMatchParser:129] WARN - Couldn't parse the given raw match line, because it is of an unexpected format.
2023-06-24 21:33:00,736 [amqEmbeddedWorkerJmsContainer-5] [uk.ac.ebi.interpro.scan.io.pirsf.hmmer3.PirsfHmmer3RawMatchParser:130] WARN - Unexpected Raw match line: 1 !  356.3   5.0  9.9e-111    2e-108       2     306 ..       4     294 ..       3     299 .] 0.94
2023-06-24 21:33:00,736 [amqEmbeddedWorkerJmsContainer-5] [uk.ac.ebi.interpro.scan.io.pirsf.hmmer3.PirsfHmmer3RawMatchParser:129] WARN - Couldn't parse the given raw match line, because it is of an unexpected format.
2023-06-24 21:33:00,736 [amqEmbeddedWorkerJmsContainer-5] [uk.ac.ebi.interpro.scan.io.pirsf.hmmer3.PirsfHmmer3RawMatchParser:130] WARN - Unexpected Raw match line: Query sequence: 182 matches PIRSF005572: Cysteine desulphurase, NifS type
2023-06-24 21:33:00,736 [amqEmbeddedWorkerJmsContainer-5] [uk.ac.ebi.interpro.scan.io.pirsf.hmmer3.PirsfHmmer3RawMatchParser:129] WARN - Couldn't parse the given raw match line, because it is of an unexpected format.
2023-06-24 21:33:00,736 [amqEmbeddedWorkerJmsContainer-5] [uk.ac.ebi.interpro.scan.io.pirsf.hmmer3.PirsfHmmer3RawMatchParser:130] WARN - Unexpected Raw match line: #    score  bias  c-Evalue  i-Evalue hmmfrom  hmm to    alifrom  ali to    envfrom  env to     acc
2023-06-24 21:33:00,736 [amqEmbeddedWorkerJmsContainer-5] [uk.ac.ebi.interpro.scan.io.pirsf.hmmer3.PirsfHmmer3RawMatchParser:129] WARN - Couldn't parse the given raw match line, because it is of an unexpected format.
2023-06-24 21:33:00,736 [amqEmbeddedWorkerJmsContainer-5] [uk.ac.ebi.interpro.scan.io.pirsf.hmmer3.PirsfHmmer3RawMatchParser:130] WARN - Unexpected Raw match line: 1 !  350.9   0.0  4.9e-109  9.8e-107       3     374 ..       4     451 ..       2     454 .] 0.91
2023-06-24 21:33:00,736 [amqEmbeddedWorkerJmsContainer-5] [uk.ac.ebi.interpro.scan.io.pirsf.hmmer3.PirsfHmmer3RawMatchParser:129] WARN - Couldn't parse the given raw match line, because it is of an unexpected format.
2023-06-24 21:33:00,736 [amqEmbeddedWorkerJmsContainer-5] [uk.ac.ebi.interpro.scan.io.pirsf.hmmer3.PirsfHmmer3RawMatchParser:130] WARN - Unexpected Raw match line: Query sequence: 27 matches PIRSF001604: DNA ligase (NAD), LigA type
2023-06-24 21:33:00,736 [amqEmbeddedWorkerJmsContainer-5] [uk.ac.ebi.interpro.scan.io.pirsf.hmmer3.PirsfHmmer3RawMatchParser:129] WARN - Couldn't parse the given raw match line, because it is of an unexpected format.
2023-06-24 21:33:00,736 [amqEmbeddedWorkerJmsContainer-5] [uk.ac.ebi.interpro.scan.io.pirsf.hmmer3.PirsfHmmer3RawMatchParser:130] WARN - Unexpected Raw match line: #    score  bias  c-Evalue  i-Evalue hmmfrom  hmm to    alifrom  ali to    envfrom  env to     acc
2023-06-24 21:33:00,736 [amqEmbeddedWorkerJmsContainer-5] [uk.ac.ebi.interpro.scan.io.pirsf.hmmer3.PirsfHmmer3RawMatchParser:129] WARN - Couldn't parse the given raw match line, because it is of an unexpected format.
2023-06-24 21:33:00,736 [amqEmbeddedWorkerJmsContainer-5] [uk.ac.ebi.interpro.scan.io.pirsf.hmmer3.PirsfHmmer3RawMatchParser:130] WARN - Unexpected Raw match line: 1 !   92.9   0.9   1.6e-30   1.6e-28       2     108 ..       5     111 ..       4     120 .. 0.95
2023-06-24 21:33:00,736 [amqEmbeddedWorkerJmsContainer-5] [uk.ac.ebi.interpro.scan.io.pirsf.hmmer3.PirsfHmmer3RawMatchParser:129] WARN - Couldn't parse the given raw match line, because it is of an unexpected format.
2023-06-24 21:33:00,737 [amqEmbeddedWorkerJmsContainer-5] [uk.ac.ebi.interpro.scan.io.pirsf.hmmer3.PirsfHmmer3RawMatchParser:130] WARN - Unexpected Raw match line: 2 !   71.8   0.0     4e-24     4e-22      95     167 ..     146     217 ..     132     225 .. 0.83
2023-06-24 21:33:00,737 [amqEmbeddedWorkerJmsContainer-5] [uk.ac.ebi.interpro.scan.io.pirsf.hmmer3.PirsfHmmer3RawMatchParser:129] WARN - Couldn't parse the given raw match line, because it is of an unexpected format.
2023-06-24 21:33:00,737 [amqEmbeddedWorkerJmsContainer-5] [uk.ac.ebi.interpro.scan.io.pirsf.hmmer3.PirsfHmmer3RawMatchParser:130] WARN - Unexpected Raw match line: 3 !  554.2   1.0  4.3e-170  4.3e-168     165     677 ..     257     774 ..     236     777 .. 0.96
2023-06-24 21:33:00,737 [amqEmbeddedWorkerJmsContainer-5] [uk.ac.ebi.interpro.scan.io.pirsf.hmmer3.PirsfHmmer3RawMatchParser:129] WARN - Couldn't parse the given raw match line, because it is of an unexpected format.
2023-06-24 21:33:00,737 [amqEmbeddedWorkerJmsContainer-5] [uk.ac.ebi.interpro.scan.io.pirsf.hmmer3.PirsfHmmer3RawMatchParser:130] WARN - Unexpected Raw match line: Query sequence: 69 matches PIRSF000390: Predicted pyridoxal dependent aminotransferase, DegT/DnrJ/EryC1/StrS types
2023-06-24 21:33:00,737 [amqEmbeddedWorkerJmsContainer-5] [uk.ac.ebi.interpro.scan.io.pirsf.hmmer3.PirsfHmmer3RawMatchParser:129] WARN - Couldn't parse the given raw match line, because it is of an unexpected format.
2023-06-24 21:33:00,737 [amqEmbeddedWorkerJmsContainer-5] [uk.ac.ebi.interpro.scan.io.pirsf.hmmer3.PirsfHmmer3RawMatchParser:130] WARN - Unexpected Raw match line: #    score  bias  c-Evalue  i-Evalue hmmfrom  hmm to    alifrom  ali to    envfrom  env to     acc
2023-06-24 21:33:00,737 [amqEmbeddedWorkerJmsContainer-5] [uk.ac.ebi.interpro.scan.io.pirsf.hmmer3.PirsfHmmer3RawMatchParser:129] WARN - Couldn't parse the given raw match line, because it is of an unexpected format.
2023-06-24 21:33:00,737 [amqEmbeddedWorkerJmsContainer-5] [uk.ac.ebi.interpro.scan.io.pirsf.hmmer3.PirsfHmmer3RawMatchParser:130] WARN - Unexpected Raw match line: 1 !  319.4   0.0   1.9e-99   3.8e-97       5     379 ..      27     417 ..      24     419 .. 0.98
2023-06-24 21:33:00,737 [amqEmbeddedWorkerJmsContainer-5] [uk.ac.ebi.interpro.scan.io.pirsf.hmmer3.PirsfHmmer3RawMatchParser:129] WARN - Couldn't parse the given raw match line, because it is of an unexpected format.
2023-06-24 21:33:00,737 [amqEmbeddedWorkerJmsContainer-5] [uk.ac.ebi.interpro.scan.io.pirsf.hmmer3.PirsfHmmer3RawMatchParser:130] WARN - Unexpected Raw match line: Query sequence: 72 matches PIRSF005499: Polyribonucleotide nucleotidyltransferase
2023-06-24 21:33:00,737 [amqEmbeddedWorkerJmsContainer-5] [uk.ac.ebi.interpro.scan.io.pirsf.hmmer3.PirsfHmmer3RawMatchParser:129] WARN - Couldn't parse the given raw match line, because it is of an unexpected format.
2023-06-24 21:33:00,737 [amqEmbeddedWorkerJmsContainer-5] [uk.ac.ebi.interpro.scan.io.pirsf.hmmer3.PirsfHmmer3RawMatchParser:130] WARN - Unexpected Raw match line: #    score  bias  c-Evalue  i-Evalue hmmfrom  hmm to    alifrom  ali to    envfrom  env to     acc
2023-06-24 21:33:00,737 [amqEmbeddedWorkerJmsContainer-5] [uk.ac.ebi.interpro.scan.io.pirsf.hmmer3.PirsfHmmer3RawMatchParser:129] WARN - Couldn't parse the given raw match line, because it is of an unexpected format.
2023-06-24 21:33:00,738 [amqEmbeddedWorkerJmsContainer-5] [uk.ac.ebi.interpro.scan.io.pirsf.hmmer3.PirsfHmmer3RawMatchParser:130] WARN - Unexpected Raw match line: 1 !  842.4   4.6  1.6e-257  3.1e-255       4     696 ..      20     715 ..      17     717 .] 0.97
2023-06-24 21:33:00,738 [amqEmbeddedWorkerJmsContainer-5] [uk.ac.ebi.interpro.scan.io.pirsf.hmmer3.PirsfHmmer3RawMatchParser:129] WARN - Couldn't parse the given raw match line, because it is of an unexpected format.
2023-06-24 21:33:00,738 [amqEmbeddedWorkerJmsContainer-5] [uk.ac.ebi.interpro.scan.io.pirsf.hmmer3.PirsfHmmer3RawMatchParser:130] WARN - Unexpected Raw match line: Query sequence: 74 matches PIRSF005047: Uncharacterised protein with DNA polymerase family X (POLIIIAc) and PHP domains
2023-06-24 21:33:00,738 [amqEmbeddedWorkerJmsContainer-5] [uk.ac.ebi.interpro.scan.io.pirsf.hmmer3.PirsfHmmer3RawMatchParser:129] WARN - Couldn't parse the given raw match line, because it is of an unexpected format.
2023-06-24 21:33:00,738 [amqEmbeddedWorkerJmsContainer-5] [uk.ac.ebi.interpro.scan.io.pirsf.hmmer3.PirsfHmmer3RawMatchParser:130] WARN - Unexpected Raw match line: #    score  bias  c-Evalue  i-Evalue hmmfrom  hmm to    alifrom  ali to    envfrom  env to     acc
2023-06-24 21:33:00,738 [amqEmbeddedWorkerJmsContainer-5] [uk.ac.ebi.interpro.scan.io.pirsf.hmmer3.PirsfHmmer3RawMatchParser:129] WARN - Couldn't parse the given raw match line, because it is of an unexpected format.
2023-06-24 21:33:00,738 [amqEmbeddedWorkerJmsContainer-5] [uk.ac.ebi.interpro.scan.io.pirsf.hmmer3.PirsfHmmer3RawMatchParser:130] WARN - Unexpected Raw match line: 1 !  697.7   6.0  1.6e-213  1.1e-211       1     572 [.       2     590 ..       2     591 .] 0.97
2023-06-24 21:33:00,738 [amqEmbeddedWorkerJmsContainer-5] [uk.ac.ebi.interpro.scan.io.pirsf.hmmer3.PirsfHmmer3RawMatchParser:129] WARN - Couldn't parse the given raw match line, because it is of an unexpected format.
2023-06-24 21:33:00,738 [amqEmbeddedWorkerJmsContainer-5] [uk.ac.ebi.interpro.scan.io.pirsf.hmmer3.PirsfHmmer3RawMatchParser:130] WARN - Unexpected Raw match line: Query sequence: 77 matches PIRSF003095: FKBP-type peptidyl-prolyl cis-trans isomerase (trigger factor)
2023-06-24 21:33:00,738 [amqEmbeddedWorkerJmsContainer-5] [uk.ac.ebi.interpro.scan.io.pirsf.hmmer3.PirsfHmmer3RawMatchParser:129] WARN - Couldn't parse the given raw match line, because it is of an unexpected format.
2023-06-24 21:33:00,738 [amqEmbeddedWorkerJmsContainer-5] [uk.ac.ebi.interpro.scan.io.pirsf.hmmer3.PirsfHmmer3RawMatchParser:130] WARN - Unexpected Raw match line: #    score  bias  c-Evalue  i-Evalue hmmfrom  hmm to    alifrom  ali to    envfrom  env to     acc
2023-06-24 21:33:00,738 [amqEmbeddedWorkerJmsContainer-5] [uk.ac.ebi.interpro.scan.io.pirsf.hmmer3.PirsfHmmer3RawMatchParser:129] WARN - Couldn't parse the given raw match line, because it is of an unexpected format.
2023-06-24 21:33:00,738 [amqEmbeddedWorkerJmsContainer-5] [uk.ac.ebi.interpro.scan.io.pirsf.hmmer3.PirsfHmmer3RawMatchParser:130] WARN - Unexpected Raw match line: 1 !  252.3  29.3   4.3e-79   8.6e-77       1     410 [.       6     405 ..       6     419 .. 0.91
2023-06-24 21:33:00,739 [amqEmbeddedWorkerJmsContainer-5] [uk.ac.ebi.interpro.scan.io.pirsf.hmmer3.PirsfHmmer3RawMatchParser:129] WARN - Couldn't parse the given raw match line, because it is of an unexpected format.
2023-06-24 21:33:00,739 [amqEmbeddedWorkerJmsContainer-5] [uk.ac.ebi.interpro.scan.io.pirsf.hmmer3.PirsfHmmer3RawMatchParser:130] WARN - Unexpected Raw match line: Query sequence: 82 matches PIRSF000484: Nicotinate phosphoribosyltransferase
2023-06-24 21:33:00,739 [amqEmbeddedWorkerJmsContainer-5] [uk.ac.ebi.interpro.scan.io.pirsf.hmmer3.PirsfHmmer3RawMatchParser:129] WARN - Couldn't parse the given raw match line, because it is of an unexpected format.
2023-06-24 21:33:00,739 [amqEmbeddedWorkerJmsContainer-5] [uk.ac.ebi.interpro.scan.io.pirsf.hmmer3.PirsfHmmer3RawMatchParser:130] WARN - Unexpected Raw match line: #    score  bias  c-Evalue  i-Evalue hmmfrom  hmm to    alifrom  ali to    envfrom  env to     acc
2023-06-24 21:33:00,739 [amqEmbeddedWorkerJmsContainer-5] [uk.ac.ebi.interpro.scan.io.pirsf.hmmer3.PirsfHmmer3RawMatchParser:129] WARN - Couldn't parse the given raw match line, because it is of an unexpected format.
2023-06-24 21:33:00,739 [amqEmbeddedWorkerJmsContainer-5] [uk.ac.ebi.interpro.scan.io.pirsf.hmmer3.PirsfHmmer3RawMatchParser:130] WARN - Unexpected Raw match line: 1 !  160.1   0.0   3.9e-51   7.8e-49       8     356 ..       8     392 ..       4     406 .. 0.92
2023-06-24 21:33:00,739 [amqEmbeddedWorkerJmsContainer-5] [uk.ac.ebi.interpro.scan.io.pirsf.hmmer3.PirsfHmmer3RawMatchParser:129] WARN - Couldn't parse the given raw match line, because it is of an unexpected format.
2023-06-24 21:33:00,739 [amqEmbeddedWorkerJmsContainer-5] [uk.ac.ebi.interpro.scan.io.pirsf.hmmer3.PirsfHmmer3RawMatchParser:130] WARN - Unexpected Raw match line: Query sequence: 9 matches PIRSF006630: Glutamine-dependent NAD(+) synthetase with GAT domain
2023-06-24 21:33:00,739 [amqEmbeddedWorkerJmsContainer-5] [uk.ac.ebi.interpro.scan.io.pirsf.hmmer3.PirsfHmmer3RawMatchParser:129] WARN - Couldn't parse the given raw match line, because it is of an unexpected format.
2023-06-24 21:33:00,739 [amqEmbeddedWorkerJmsContainer-5] [uk.ac.ebi.interpro.scan.io.pirsf.hmmer3.PirsfHmmer3RawMatchParser:130] WARN - Unexpected Raw match line: #    score  bias  c-Evalue  i-Evalue hmmfrom  hmm to    alifrom  ali to    envfrom  env to     acc
2023-06-24 21:33:00,739 [amqEmbeddedWorkerJmsContainer-5] [uk.ac.ebi.interpro.scan.io.pirsf.hmmer3.PirsfHmmer3RawMatchParser:129] WARN - Couldn't parse the given raw match line, because it is of an unexpected format.
2023-06-24 21:33:00,739 [amqEmbeddedWorkerJmsContainer-5] [uk.ac.ebi.interpro.scan.io.pirsf.hmmer3.PirsfHmmer3RawMatchParser:130] WARN - Unexpected Raw match line: 1 !  507.5   0.0  2.4e-156  4.8e-154       3     585 ..      13     645 ..      12     646 .. 0.94
2023-06-24 21:33:00,739 [amqEmbeddedWorkerJmsContainer-5] [uk.ac.ebi.interpro.scan.io.pirsf.hmmer3.PirsfHmmer3RawMatchParser:129] WARN - Couldn't parse the given raw match line, because it is of an unexpected format.
2023-06-24 21:33:00,739 [amqEmbeddedWorkerJmsContainer-5] [uk.ac.ebi.interpro.scan.io.pirsf.hmmer3.PirsfHmmer3RawMatchParser:130] WARN - Unexpected Raw match line: Query sequence: 98 matches PIRSF003101: Cell division protein FtsA
2023-06-24 21:33:00,739 [amqEmbeddedWorkerJmsContainer-5] [uk.ac.ebi.interpro.scan.io.pirsf.hmmer3.PirsfHmmer3RawMatchParser:129] WARN - Couldn't parse the given raw match line, because it is of an unexpected format.
2023-06-24 21:33:00,740 [amqEmbeddedWorkerJmsContainer-5] [uk.ac.ebi.interpro.scan.io.pirsf.hmmer3.PirsfHmmer3RawMatchParser:130] WARN - Unexpected Raw match line: #    score  bias  c-Evalue  i-Evalue hmmfrom  hmm to    alifrom  ali to    envfrom  env to     acc
2023-06-24 21:33:00,740 [amqEmbeddedWorkerJmsContainer-5] [uk.ac.ebi.interpro.scan.io.pirsf.hmmer3.PirsfHmmer3RawMatchParser:129] WARN - Couldn't parse the given raw match line, because it is of an unexpected format.
2023-06-24 21:33:00,740 [amqEmbeddedWorkerJmsContainer-5] [uk.ac.ebi.interpro.scan.io.pirsf.hmmer3.PirsfHmmer3RawMatchParser:130] WARN - Unexpected Raw match line: 1 !  339.3   1.9  5.4e-105  3.6e-103       6     384 ..       7     389 ..       3     400 .. 0.96
24/06/2023 21:39:08:437 100% done:  InterProScan analyses completed 

2023-06-24 21:39:08,940 [main] [uk.ac.ebi.interpro.scan.jms.master.AbstractMaster:259] WARN - Master process unable to delete temporary directory /projects/raw_lab/jobs/metacerberus/temp/str-c99.uncc.edu_20230624_213226385_fx6s
1675.21user 148.43system 6:47.12elapsed 447%CPU (0avgtext+0avgdata 3398184maxresident)k
1005024inputs+1006504outputs (118major+11126741minor)pagefaults 0swaps

======================================================
End Time   : Sat Jun 24 21:39:09 EDT 2023
Run Time   : 408 seconds
======================================================

