=====================================================
Start Time  : Sat Jun 24 21:37:57 EDT 2023
Submit Dir  : /projects/raw_lab/jobs/metacerberus
Job ID/Name : 3996872 / InterProScan
Node List   : str-c94
Num Tasks   : 1 total [1 nodes @ 16 CPUs/node]
======================================================

Loading interproscan/5.60-92.0
  Loading requirement: anaconda3/2020.11 openjdk/15
======================================================
Running InterProScan On VIRAL_ARCHAEA/MZ334510.fna
======================================================
24/06/2023 21:37:58:977 Welcome to InterProScan-5.60-92.0
24/06/2023 21:37:58:978 Running InterProScan v5 in STANDALONE mode... on Linux
24/06/2023 21:38:02:990 RunID: str-c94.uncc.edu_20230624_213802824_ipm8
24/06/2023 21:38:11:298 Loading file /projects/raw_lab/jobs/metacerberus/VIRAL_ARCHAEA/MZ334510.fna
24/06/2023 21:38:11:781 Running the following analyses:
[AntiFam-7.0,CDD-3.20,Coils-2.2.1,FunFam-4.3.0,Gene3D-4.3.0,Hamap-2021_04,MobiDBLite-2.0,PANTHER-17.0,Pfam-35.0,PIRSF-3.10,PIRSR-2021_05,PRINTS-42.0,ProSitePatterns-2022_01,ProSiteProfiles-2022_01,SFLD-4,SMART-7.1,SUPERFAMILY-1.75,TIGRFAM-15.0]
Pre-calculated match lookup service DISABLED.  Please wait for match calculations to complete...
24/06/2023 21:39:47:035 100% done:  InterProScan analyses completed 

2023-06-24 21:39:47,541 [main] [uk.ac.ebi.interpro.scan.jms.master.AbstractMaster:259] WARN - Master process unable to delete temporary directory /projects/raw_lab/jobs/metacerberus/temp/str-c94.uncc.edu_20230624_213802824_ipm8
250.24user 23.27system 1:49.30elapsed 250%CPU (0avgtext+0avgdata 3383568maxresident)k
488240inputs+493232outputs (13major+1730789minor)pagefaults 0swaps

======================================================
End Time   : Sat Jun 24 21:39:47 EDT 2023
Run Time   : 110 seconds
======================================================

