=====================================================
Start Time  : Sat Jun 24 21:30:06 EDT 2023
Submit Dir  : /projects/raw_lab/jobs/metacerberus
Job ID/Name : 3996832 / InterProScan
Node List   : str-c88
Num Tasks   : 1 total [1 nodes @ 16 CPUs/node]
======================================================

Loading interproscan/5.60-92.0
  Loading requirement: anaconda3/2020.11 openjdk/15
======================================================
Running InterProScan On CPR/SAMN04328186.fna
======================================================
24/06/2023 21:30:07:959 Welcome to InterProScan-5.60-92.0
24/06/2023 21:30:07:960 Running InterProScan v5 in STANDALONE mode... on Linux
24/06/2023 21:30:11:955 RunID: str-c88.uncc.edu_20230624_213011774_cf5w
24/06/2023 21:30:20:881 Loading file /projects/raw_lab/jobs/metacerberus/CPR/SAMN04328186.fna
24/06/2023 21:30:21:471 Running the following analyses:
[AntiFam-7.0,CDD-3.20,Coils-2.2.1,FunFam-4.3.0,Gene3D-4.3.0,Hamap-2021_04,MobiDBLite-2.0,PANTHER-17.0,Pfam-35.0,PIRSF-3.10,PIRSR-2021_05,PRINTS-42.0,ProSitePatterns-2022_01,ProSiteProfiles-2022_01,SFLD-4,SMART-7.1,SUPERFAMILY-1.75,TIGRFAM-15.0]
Pre-calculated match lookup service DISABLED.  Please wait for match calculations to complete...
2023-06-24 21:38:59,844 [amqEmbeddedWorkerJmsContainer-10] [uk.ac.ebi.interpro.scan.io.pirsf.hmmer3.PirsfHmmer3RawMatchParser:129] WARN - Couldn't parse the given raw match line, because it is of an unexpected format.
2023-06-24 21:38:59,849 [amqEmbeddedWorkerJmsContainer-10] [uk.ac.ebi.interpro.scan.io.pirsf.hmmer3.PirsfHmmer3RawMatchParser:130] WARN - Unexpected Raw match line: Query sequence: 100 matches PIRSF001359: Fructose-bisphosphate aldolase II
2023-06-24 21:38:59,849 [amqEmbeddedWorkerJmsContainer-10] [uk.ac.ebi.interpro.scan.io.pirsf.hmmer3.PirsfHmmer3RawMatchParser:129] WARN - Couldn't parse the given raw match line, because it is of an unexpected format.
2023-06-24 21:38:59,849 [amqEmbeddedWorkerJmsContainer-10] [uk.ac.ebi.interpro.scan.io.pirsf.hmmer3.PirsfHmmer3RawMatchParser:130] WARN - Unexpected Raw match line: #    score  bias  c-Evalue  i-Evalue hmmfrom  hmm to    alifrom  ali to    envfrom  env to     acc
2023-06-24 21:38:59,849 [amqEmbeddedWorkerJmsContainer-10] [uk.ac.ebi.interpro.scan.io.pirsf.hmmer3.PirsfHmmer3RawMatchParser:129] WARN - Couldn't parse the given raw match line, because it is of an unexpected format.
2023-06-24 21:38:59,849 [amqEmbeddedWorkerJmsContainer-10] [uk.ac.ebi.interpro.scan.io.pirsf.hmmer3.PirsfHmmer3RawMatchParser:130] WARN - Unexpected Raw match line: 1 !  232.7   0.1   3.1e-73   1.1e-70       7     284 ..       9     296 ..       4     299 .. 0.92
2023-06-24 21:38:59,849 [amqEmbeddedWorkerJmsContainer-10] [uk.ac.ebi.interpro.scan.io.pirsf.hmmer3.PirsfHmmer3RawMatchParser:129] WARN - Couldn't parse the given raw match line, because it is of an unexpected format.
2023-06-24 21:38:59,849 [amqEmbeddedWorkerJmsContainer-10] [uk.ac.ebi.interpro.scan.io.pirsf.hmmer3.PirsfHmmer3RawMatchParser:130] WARN - Unexpected Raw match line: Query sequence: 104 matches PIRSF006019: dCMP deaminase
2023-06-24 21:38:59,849 [amqEmbeddedWorkerJmsContainer-10] [uk.ac.ebi.interpro.scan.io.pirsf.hmmer3.PirsfHmmer3RawMatchParser:129] WARN - Couldn't parse the given raw match line, because it is of an unexpected format.
2023-06-24 21:38:59,849 [amqEmbeddedWorkerJmsContainer-10] [uk.ac.ebi.interpro.scan.io.pirsf.hmmer3.PirsfHmmer3RawMatchParser:130] WARN - Unexpected Raw match line: #    score  bias  c-Evalue  i-Evalue hmmfrom  hmm to    alifrom  ali to    envfrom  env to     acc
2023-06-24 21:38:59,849 [amqEmbeddedWorkerJmsContainer-10] [uk.ac.ebi.interpro.scan.io.pirsf.hmmer3.PirsfHmmer3RawMatchParser:129] WARN - Couldn't parse the given raw match line, because it is of an unexpected format.
2023-06-24 21:38:59,850 [amqEmbeddedWorkerJmsContainer-10] [uk.ac.ebi.interpro.scan.io.pirsf.hmmer3.PirsfHmmer3RawMatchParser:130] WARN - Unexpected Raw match line: 1 !  128.5   3.5   8.1e-42     3e-39       7     131 ..       9     156 ..       6     179 .. 0.84
2023-06-24 21:38:59,850 [amqEmbeddedWorkerJmsContainer-10] [uk.ac.ebi.interpro.scan.io.pirsf.hmmer3.PirsfHmmer3RawMatchParser:129] WARN - Couldn't parse the given raw match line, because it is of an unexpected format.
2023-06-24 21:38:59,850 [amqEmbeddedWorkerJmsContainer-10] [uk.ac.ebi.interpro.scan.io.pirsf.hmmer3.PirsfHmmer3RawMatchParser:130] WARN - Unexpected Raw match line: Query sequence: 130 matches PIRSF016933: Protease PrsW
2023-06-24 21:38:59,850 [amqEmbeddedWorkerJmsContainer-10] [uk.ac.ebi.interpro.scan.io.pirsf.hmmer3.PirsfHmmer3RawMatchParser:129] WARN - Couldn't parse the given raw match line, because it is of an unexpected format.
2023-06-24 21:38:59,850 [amqEmbeddedWorkerJmsContainer-10] [uk.ac.ebi.interpro.scan.io.pirsf.hmmer3.PirsfHmmer3RawMatchParser:130] WARN - Unexpected Raw match line: #    score  bias  c-Evalue  i-Evalue hmmfrom  hmm to    alifrom  ali to    envfrom  env to     acc
2023-06-24 21:38:59,850 [amqEmbeddedWorkerJmsContainer-10] [uk.ac.ebi.interpro.scan.io.pirsf.hmmer3.PirsfHmmer3RawMatchParser:129] WARN - Couldn't parse the given raw match line, because it is of an unexpected format.
2023-06-24 21:38:59,850 [amqEmbeddedWorkerJmsContainer-10] [uk.ac.ebi.interpro.scan.io.pirsf.hmmer3.PirsfHmmer3RawMatchParser:130] WARN - Unexpected Raw match line: 1 !  124.1  15.7   2.9e-40   1.1e-37       5     223 ..      12     229 ..       8     233 .. 0.90
2023-06-24 21:38:59,850 [amqEmbeddedWorkerJmsContainer-10] [uk.ac.ebi.interpro.scan.io.pirsf.hmmer3.PirsfHmmer3RawMatchParser:129] WARN - Couldn't parse the given raw match line, because it is of an unexpected format.
2023-06-24 21:38:59,850 [amqEmbeddedWorkerJmsContainer-10] [uk.ac.ebi.interpro.scan.io.pirsf.hmmer3.PirsfHmmer3RawMatchParser:130] WARN - Unexpected Raw match line: Query sequence: 147 matches PIRSF005047: Uncharacterised protein with DNA polymerase family X (POLIIIAc) and PHP domains
2023-06-24 21:38:59,850 [amqEmbeddedWorkerJmsContainer-10] [uk.ac.ebi.interpro.scan.io.pirsf.hmmer3.PirsfHmmer3RawMatchParser:129] WARN - Couldn't parse the given raw match line, because it is of an unexpected format.
2023-06-24 21:38:59,850 [amqEmbeddedWorkerJmsContainer-10] [uk.ac.ebi.interpro.scan.io.pirsf.hmmer3.PirsfHmmer3RawMatchParser:130] WARN - Unexpected Raw match line: #    score  bias  c-Evalue  i-Evalue hmmfrom  hmm to    alifrom  ali to    envfrom  env to     acc
2023-06-24 21:38:59,850 [amqEmbeddedWorkerJmsContainer-10] [uk.ac.ebi.interpro.scan.io.pirsf.hmmer3.PirsfHmmer3RawMatchParser:129] WARN - Couldn't parse the given raw match line, because it is of an unexpected format.
2023-06-24 21:38:59,850 [amqEmbeddedWorkerJmsContainer-10] [uk.ac.ebi.interpro.scan.io.pirsf.hmmer3.PirsfHmmer3RawMatchParser:130] WARN - Unexpected Raw match line: 1 !  715.0   9.2  6.2e-219  1.1e-216       1     572 [.       1     588 []       1     588 [] 0.97
2023-06-24 21:38:59,850 [amqEmbeddedWorkerJmsContainer-10] [uk.ac.ebi.interpro.scan.io.pirsf.hmmer3.PirsfHmmer3RawMatchParser:129] WARN - Couldn't parse the given raw match line, because it is of an unexpected format.
2023-06-24 21:38:59,850 [amqEmbeddedWorkerJmsContainer-10] [uk.ac.ebi.interpro.scan.io.pirsf.hmmer3.PirsfHmmer3RawMatchParser:130] WARN - Unexpected Raw match line: Query sequence: 155 matches PIRSF019169: Tfp pilus assembly protein, ATPase PilM
2023-06-24 21:38:59,851 [amqEmbeddedWorkerJmsContainer-10] [uk.ac.ebi.interpro.scan.io.pirsf.hmmer3.PirsfHmmer3RawMatchParser:129] WARN - Couldn't parse the given raw match line, because it is of an unexpected format.
2023-06-24 21:38:59,851 [amqEmbeddedWorkerJmsContainer-10] [uk.ac.ebi.interpro.scan.io.pirsf.hmmer3.PirsfHmmer3RawMatchParser:130] WARN - Unexpected Raw match line: #    score  bias  c-Evalue  i-Evalue hmmfrom  hmm to    alifrom  ali to    envfrom  env to     acc
2023-06-24 21:38:59,851 [amqEmbeddedWorkerJmsContainer-10] [uk.ac.ebi.interpro.scan.io.pirsf.hmmer3.PirsfHmmer3RawMatchParser:129] WARN - Couldn't parse the given raw match line, because it is of an unexpected format.
2023-06-24 21:38:59,851 [amqEmbeddedWorkerJmsContainer-10] [uk.ac.ebi.interpro.scan.io.pirsf.hmmer3.PirsfHmmer3RawMatchParser:130] WARN - Unexpected Raw match line: 1 !  220.1   0.2   1.3e-68     8e-67       7     356 ..      16     366 ..      10     367 .] 0.91
2023-06-24 21:38:59,851 [amqEmbeddedWorkerJmsContainer-10] [uk.ac.ebi.interpro.scan.io.pirsf.hmmer3.PirsfHmmer3RawMatchParser:129] WARN - Couldn't parse the given raw match line, because it is of an unexpected format.
2023-06-24 21:38:59,851 [amqEmbeddedWorkerJmsContainer-10] [uk.ac.ebi.interpro.scan.io.pirsf.hmmer3.PirsfHmmer3RawMatchParser:130] WARN - Unexpected Raw match line: Query sequence: 156 matches PIRSF002162: Ribosomal protein, L6p/L6a/L9e/organellar L9 types
2023-06-24 21:38:59,851 [amqEmbeddedWorkerJmsContainer-10] [uk.ac.ebi.interpro.scan.io.pirsf.hmmer3.PirsfHmmer3RawMatchParser:129] WARN - Couldn't parse the given raw match line, because it is of an unexpected format.
2023-06-24 21:38:59,851 [amqEmbeddedWorkerJmsContainer-10] [uk.ac.ebi.interpro.scan.io.pirsf.hmmer3.PirsfHmmer3RawMatchParser:130] WARN - Unexpected Raw match line: #    score  bias  c-Evalue  i-Evalue hmmfrom  hmm to    alifrom  ali to    envfrom  env to     acc
2023-06-24 21:38:59,851 [amqEmbeddedWorkerJmsContainer-10] [uk.ac.ebi.interpro.scan.io.pirsf.hmmer3.PirsfHmmer3RawMatchParser:129] WARN - Couldn't parse the given raw match line, because it is of an unexpected format.
2023-06-24 21:38:59,851 [amqEmbeddedWorkerJmsContainer-10] [uk.ac.ebi.interpro.scan.io.pirsf.hmmer3.PirsfHmmer3RawMatchParser:130] WARN - Unexpected Raw match line: 1 !  167.1   7.2   1.6e-53   5.8e-51       2     184 ..       2     176 ..       1     177 [. 0.92
2023-06-24 21:38:59,851 [amqEmbeddedWorkerJmsContainer-10] [uk.ac.ebi.interpro.scan.io.pirsf.hmmer3.PirsfHmmer3RawMatchParser:129] WARN - Couldn't parse the given raw match line, because it is of an unexpected format.
2023-06-24 21:38:59,851 [amqEmbeddedWorkerJmsContainer-10] [uk.ac.ebi.interpro.scan.io.pirsf.hmmer3.PirsfHmmer3RawMatchParser:130] WARN - Unexpected Raw match line: Query sequence: 2 matches PIRSF001529: Serine-tRNA ligase
2023-06-24 21:38:59,851 [amqEmbeddedWorkerJmsContainer-10] [uk.ac.ebi.interpro.scan.io.pirsf.hmmer3.PirsfHmmer3RawMatchParser:129] WARN - Couldn't parse the given raw match line, because it is of an unexpected format.
2023-06-24 21:38:59,851 [amqEmbeddedWorkerJmsContainer-10] [uk.ac.ebi.interpro.scan.io.pirsf.hmmer3.PirsfHmmer3RawMatchParser:130] WARN - Unexpected Raw match line: #    score  bias  c-Evalue  i-Evalue hmmfrom  hmm to    alifrom  ali to    envfrom  env to     acc
2023-06-24 21:38:59,851 [amqEmbeddedWorkerJmsContainer-10] [uk.ac.ebi.interpro.scan.io.pirsf.hmmer3.PirsfHmmer3RawMatchParser:129] WARN - Couldn't parse the given raw match line, because it is of an unexpected format.
2023-06-24 21:38:59,851 [amqEmbeddedWorkerJmsContainer-10] [uk.ac.ebi.interpro.scan.io.pirsf.hmmer3.PirsfHmmer3RawMatchParser:130] WARN - Unexpected Raw match line: 1 !  511.7   0.4  1.5e-157  2.8e-155       1     422 [.       5     412 ..       5     414 .] 0.98
2023-06-24 21:38:59,852 [amqEmbeddedWorkerJmsContainer-10] [uk.ac.ebi.interpro.scan.io.pirsf.hmmer3.PirsfHmmer3RawMatchParser:129] WARN - Couldn't parse the given raw match line, because it is of an unexpected format.
2023-06-24 21:38:59,852 [amqEmbeddedWorkerJmsContainer-10] [uk.ac.ebi.interpro.scan.io.pirsf.hmmer3.PirsfHmmer3RawMatchParser:130] WARN - Unexpected Raw match line: Query sequence: 208 matches PIRSF001549: Histidyl-tRNA synthetase
2023-06-24 21:38:59,852 [amqEmbeddedWorkerJmsContainer-10] [uk.ac.ebi.interpro.scan.io.pirsf.hmmer3.PirsfHmmer3RawMatchParser:129] WARN - Couldn't parse the given raw match line, because it is of an unexpected format.
2023-06-24 21:38:59,852 [amqEmbeddedWorkerJmsContainer-10] [uk.ac.ebi.interpro.scan.io.pirsf.hmmer3.PirsfHmmer3RawMatchParser:130] WARN - Unexpected Raw match line: #    score  bias  c-Evalue  i-Evalue hmmfrom  hmm to    alifrom  ali to    envfrom  env to     acc
2023-06-24 21:38:59,852 [amqEmbeddedWorkerJmsContainer-10] [uk.ac.ebi.interpro.scan.io.pirsf.hmmer3.PirsfHmmer3RawMatchParser:129] WARN - Couldn't parse the given raw match line, because it is of an unexpected format.
2023-06-24 21:38:59,852 [amqEmbeddedWorkerJmsContainer-10] [uk.ac.ebi.interpro.scan.io.pirsf.hmmer3.PirsfHmmer3RawMatchParser:130] WARN - Unexpected Raw match line: 1 !  340.7   0.0  2.5e-105  2.3e-103       3     437 ..      28     445 ..      26     447 .. 0.93
2023-06-24 21:38:59,852 [amqEmbeddedWorkerJmsContainer-10] [uk.ac.ebi.interpro.scan.io.pirsf.hmmer3.PirsfHmmer3RawMatchParser:129] WARN - Couldn't parse the given raw match line, because it is of an unexpected format.
2023-06-24 21:38:59,852 [amqEmbeddedWorkerJmsContainer-10] [uk.ac.ebi.interpro.scan.io.pirsf.hmmer3.PirsfHmmer3RawMatchParser:130] WARN - Unexpected Raw match line: Query sequence: 21 matches PIRSF004557: Preprotein translocase Sec, SecY/Sec61-alpha subunit
2023-06-24 21:38:59,852 [amqEmbeddedWorkerJmsContainer-10] [uk.ac.ebi.interpro.scan.io.pirsf.hmmer3.PirsfHmmer3RawMatchParser:129] WARN - Couldn't parse the given raw match line, because it is of an unexpected format.
2023-06-24 21:38:59,852 [amqEmbeddedWorkerJmsContainer-10] [uk.ac.ebi.interpro.scan.io.pirsf.hmmer3.PirsfHmmer3RawMatchParser:130] WARN - Unexpected Raw match line: #    score  bias  c-Evalue  i-Evalue hmmfrom  hmm to    alifrom  ali to    envfrom  env to     acc
2023-06-24 21:38:59,852 [amqEmbeddedWorkerJmsContainer-10] [uk.ac.ebi.interpro.scan.io.pirsf.hmmer3.PirsfHmmer3RawMatchParser:129] WARN - Couldn't parse the given raw match line, because it is of an unexpected format.
2023-06-24 21:38:59,852 [amqEmbeddedWorkerJmsContainer-10] [uk.ac.ebi.interpro.scan.io.pirsf.hmmer3.PirsfHmmer3RawMatchParser:130] WARN - Unexpected Raw match line: 1 !  378.4  33.7  2.2e-117  8.1e-115      10     443 ..       7     428 ..       5     429 .] 0.92
2023-06-24 21:38:59,852 [amqEmbeddedWorkerJmsContainer-10] [uk.ac.ebi.interpro.scan.io.pirsf.hmmer3.PirsfHmmer3RawMatchParser:129] WARN - Couldn't parse the given raw match line, because it is of an unexpected format.
2023-06-24 21:38:59,852 [amqEmbeddedWorkerJmsContainer-10] [uk.ac.ebi.interpro.scan.io.pirsf.hmmer3.PirsfHmmer3RawMatchParser:130] WARN - Unexpected Raw match line: Query sequence: 228 matches PIRSF005902: Mg-dependent DNase, TatD type
2023-06-24 21:38:59,852 [amqEmbeddedWorkerJmsContainer-10] [uk.ac.ebi.interpro.scan.io.pirsf.hmmer3.PirsfHmmer3RawMatchParser:129] WARN - Couldn't parse the given raw match line, because it is of an unexpected format.
2023-06-24 21:38:59,853 [amqEmbeddedWorkerJmsContainer-10] [uk.ac.ebi.interpro.scan.io.pirsf.hmmer3.PirsfHmmer3RawMatchParser:130] WARN - Unexpected Raw match line: #    score  bias  c-Evalue  i-Evalue hmmfrom  hmm to    alifrom  ali to    envfrom  env to     acc
2023-06-24 21:38:59,853 [amqEmbeddedWorkerJmsContainer-10] [uk.ac.ebi.interpro.scan.io.pirsf.hmmer3.PirsfHmmer3RawMatchParser:129] WARN - Couldn't parse the given raw match line, because it is of an unexpected format.
2023-06-24 21:38:59,853 [amqEmbeddedWorkerJmsContainer-10] [uk.ac.ebi.interpro.scan.io.pirsf.hmmer3.PirsfHmmer3RawMatchParser:130] WARN - Unexpected Raw match line: 1 !  265.4   0.6   3.2e-83   1.2e-80      57     334 ..      12     289 ..       4     290 .] 0.90
2023-06-24 21:38:59,853 [amqEmbeddedWorkerJmsContainer-10] [uk.ac.ebi.interpro.scan.io.pirsf.hmmer3.PirsfHmmer3RawMatchParser:129] WARN - Couldn't parse the given raw match line, because it is of an unexpected format.
2023-06-24 21:38:59,853 [amqEmbeddedWorkerJmsContainer-10] [uk.ac.ebi.interpro.scan.io.pirsf.hmmer3.PirsfHmmer3RawMatchParser:130] WARN - Unexpected Raw match line: Query sequence: 260 matches PIRSF005572: Cysteine desulphurase, NifS type
2023-06-24 21:38:59,853 [amqEmbeddedWorkerJmsContainer-10] [uk.ac.ebi.interpro.scan.io.pirsf.hmmer3.PirsfHmmer3RawMatchParser:129] WARN - Couldn't parse the given raw match line, because it is of an unexpected format.
2023-06-24 21:38:59,853 [amqEmbeddedWorkerJmsContainer-10] [uk.ac.ebi.interpro.scan.io.pirsf.hmmer3.PirsfHmmer3RawMatchParser:130] WARN - Unexpected Raw match line: #    score  bias  c-Evalue  i-Evalue hmmfrom  hmm to    alifrom  ali to    envfrom  env to     acc
2023-06-24 21:38:59,853 [amqEmbeddedWorkerJmsContainer-10] [uk.ac.ebi.interpro.scan.io.pirsf.hmmer3.PirsfHmmer3RawMatchParser:129] WARN - Couldn't parse the given raw match line, because it is of an unexpected format.
2023-06-24 21:38:59,853 [amqEmbeddedWorkerJmsContainer-10] [uk.ac.ebi.interpro.scan.io.pirsf.hmmer3.PirsfHmmer3RawMatchParser:130] WARN - Unexpected Raw match line: 1 !  435.2   0.0  2.5e-134  4.6e-132       2     380 ..       7     389 ..       6     391 .. 0.98
2023-06-24 21:38:59,853 [amqEmbeddedWorkerJmsContainer-10] [uk.ac.ebi.interpro.scan.io.pirsf.hmmer3.PirsfHmmer3RawMatchParser:129] WARN - Couldn't parse the given raw match line, because it is of an unexpected format.
2023-06-24 21:38:59,853 [amqEmbeddedWorkerJmsContainer-10] [uk.ac.ebi.interpro.scan.io.pirsf.hmmer3.PirsfHmmer3RawMatchParser:130] WARN - Unexpected Raw match line: Query sequence: 272 matches PIRSF000724: Phosphoglycerate kinase
2023-06-24 21:38:59,853 [amqEmbeddedWorkerJmsContainer-10] [uk.ac.ebi.interpro.scan.io.pirsf.hmmer3.PirsfHmmer3RawMatchParser:129] WARN - Couldn't parse the given raw match line, because it is of an unexpected format.
2023-06-24 21:38:59,853 [amqEmbeddedWorkerJmsContainer-10] [uk.ac.ebi.interpro.scan.io.pirsf.hmmer3.PirsfHmmer3RawMatchParser:130] WARN - Unexpected Raw match line: #    score  bias  c-Evalue  i-Evalue hmmfrom  hmm to    alifrom  ali to    envfrom  env to     acc
2023-06-24 21:38:59,853 [amqEmbeddedWorkerJmsContainer-10] [uk.ac.ebi.interpro.scan.io.pirsf.hmmer3.PirsfHmmer3RawMatchParser:129] WARN - Couldn't parse the given raw match line, because it is of an unexpected format.
2023-06-24 21:38:59,853 [amqEmbeddedWorkerJmsContainer-10] [uk.ac.ebi.interpro.scan.io.pirsf.hmmer3.PirsfHmmer3RawMatchParser:130] WARN - Unexpected Raw match line: 1 !  241.1   0.0     9e-76   3.3e-73       3     257 ..      30     294 ..      28     304 .. 0.93
2023-06-24 21:38:59,854 [amqEmbeddedWorkerJmsContainer-10] [uk.ac.ebi.interpro.scan.io.pirsf.hmmer3.PirsfHmmer3RawMatchParser:129] WARN - Couldn't parse the given raw match line, because it is of an unexpected format.
2023-06-24 21:38:59,854 [amqEmbeddedWorkerJmsContainer-10] [uk.ac.ebi.interpro.scan.io.pirsf.hmmer3.PirsfHmmer3RawMatchParser:130] WARN - Unexpected Raw match line: 2 !  125.1   0.0   1.6e-40   5.9e-38     295     405 ..     306     415 ..     294     416 .] 0.91
2023-06-24 21:38:59,854 [amqEmbeddedWorkerJmsContainer-10] [uk.ac.ebi.interpro.scan.io.pirsf.hmmer3.PirsfHmmer3RawMatchParser:129] WARN - Couldn't parse the given raw match line, because it is of an unexpected format.
2023-06-24 21:38:59,854 [amqEmbeddedWorkerJmsContainer-10] [uk.ac.ebi.interpro.scan.io.pirsf.hmmer3.PirsfHmmer3RawMatchParser:130] WARN - Unexpected Raw match line: Query sequence: 276 matches PIRSF003101: Cell division protein FtsA
2023-06-24 21:38:59,854 [amqEmbeddedWorkerJmsContainer-10] [uk.ac.ebi.interpro.scan.io.pirsf.hmmer3.PirsfHmmer3RawMatchParser:129] WARN - Couldn't parse the given raw match line, because it is of an unexpected format.
2023-06-24 21:38:59,854 [amqEmbeddedWorkerJmsContainer-10] [uk.ac.ebi.interpro.scan.io.pirsf.hmmer3.PirsfHmmer3RawMatchParser:130] WARN - Unexpected Raw match line: #    score  bias  c-Evalue  i-Evalue hmmfrom  hmm to    alifrom  ali to    envfrom  env to     acc
2023-06-24 21:38:59,854 [amqEmbeddedWorkerJmsContainer-10] [uk.ac.ebi.interpro.scan.io.pirsf.hmmer3.PirsfHmmer3RawMatchParser:129] WARN - Couldn't parse the given raw match line, because it is of an unexpected format.
2023-06-24 21:38:59,854 [amqEmbeddedWorkerJmsContainer-10] [uk.ac.ebi.interpro.scan.io.pirsf.hmmer3.PirsfHmmer3RawMatchParser:130] WARN - Unexpected Raw match line: 1 !  369.4   1.3  5.2e-114  4.7e-112      10     387 ..      19     401 ..      13     417 .. 0.96
2023-06-24 21:38:59,854 [amqEmbeddedWorkerJmsContainer-10] [uk.ac.ebi.interpro.scan.io.pirsf.hmmer3.PirsfHmmer3RawMatchParser:129] WARN - Couldn't parse the given raw match line, because it is of an unexpected format.
2023-06-24 21:38:59,854 [amqEmbeddedWorkerJmsContainer-10] [uk.ac.ebi.interpro.scan.io.pirsf.hmmer3.PirsfHmmer3RawMatchParser:130] WARN - Unexpected Raw match line: Query sequence: 277 matches PIRSF000804: Predicted DNA-directed DNA polymerase III, beta subunit
2023-06-24 21:38:59,854 [amqEmbeddedWorkerJmsContainer-10] [uk.ac.ebi.interpro.scan.io.pirsf.hmmer3.PirsfHmmer3RawMatchParser:129] WARN - Couldn't parse the given raw match line, because it is of an unexpected format.
2023-06-24 21:38:59,854 [amqEmbeddedWorkerJmsContainer-10] [uk.ac.ebi.interpro.scan.io.pirsf.hmmer3.PirsfHmmer3RawMatchParser:130] WARN - Unexpected Raw match line: #    score  bias  c-Evalue  i-Evalue hmmfrom  hmm to    alifrom  ali to    envfrom  env to     acc
2023-06-24 21:38:59,854 [amqEmbeddedWorkerJmsContainer-10] [uk.ac.ebi.interpro.scan.io.pirsf.hmmer3.PirsfHmmer3RawMatchParser:129] WARN - Couldn't parse the given raw match line, because it is of an unexpected format.
2023-06-24 21:38:59,854 [amqEmbeddedWorkerJmsContainer-10] [uk.ac.ebi.interpro.scan.io.pirsf.hmmer3.PirsfHmmer3RawMatchParser:130] WARN - Unexpected Raw match line: 1 !  273.9  11.0   9.7e-86   3.6e-83       1     370 [.       3     372 ..       3     373 .. 0.96
2023-06-24 21:38:59,854 [amqEmbeddedWorkerJmsContainer-10] [uk.ac.ebi.interpro.scan.io.pirsf.hmmer3.PirsfHmmer3RawMatchParser:129] WARN - Couldn't parse the given raw match line, because it is of an unexpected format.
2023-06-24 21:38:59,854 [amqEmbeddedWorkerJmsContainer-10] [uk.ac.ebi.interpro.scan.io.pirsf.hmmer3.PirsfHmmer3RawMatchParser:130] WARN - Unexpected Raw match line: Query sequence: 281 matches PIRSF002158: Ribosomal protein, L2p/L2a/L8e/organellar L2 types
2023-06-24 21:38:59,855 [amqEmbeddedWorkerJmsContainer-10] [uk.ac.ebi.interpro.scan.io.pirsf.hmmer3.PirsfHmmer3RawMatchParser:129] WARN - Couldn't parse the given raw match line, because it is of an unexpected format.
2023-06-24 21:38:59,855 [amqEmbeddedWorkerJmsContainer-10] [uk.ac.ebi.interpro.scan.io.pirsf.hmmer3.PirsfHmmer3RawMatchParser:130] WARN - Unexpected Raw match line: #    score  bias  c-Evalue  i-Evalue hmmfrom  hmm to    alifrom  ali to    envfrom  env to     acc
2023-06-24 21:38:59,855 [amqEmbeddedWorkerJmsContainer-10] [uk.ac.ebi.interpro.scan.io.pirsf.hmmer3.PirsfHmmer3RawMatchParser:129] WARN - Couldn't parse the given raw match line, because it is of an unexpected format.
2023-06-24 21:38:59,855 [amqEmbeddedWorkerJmsContainer-10] [uk.ac.ebi.interpro.scan.io.pirsf.hmmer3.PirsfHmmer3RawMatchParser:130] WARN - Unexpected Raw match line: 1 !  287.0   6.9   7.2e-90   2.6e-87       5     265 ..      16     273 ..       1     274 [] 0.92
2023-06-24 21:38:59,855 [amqEmbeddedWorkerJmsContainer-10] [uk.ac.ebi.interpro.scan.io.pirsf.hmmer3.PirsfHmmer3RawMatchParser:129] WARN - Couldn't parse the given raw match line, because it is of an unexpected format.
2023-06-24 21:38:59,855 [amqEmbeddedWorkerJmsContainer-10] [uk.ac.ebi.interpro.scan.io.pirsf.hmmer3.PirsfHmmer3RawMatchParser:130] WARN - Unexpected Raw match line: Query sequence: 284 matches PIRSF004486: S-adenosyl-L-methionine dependent methyltransferase, MraW type
2023-06-24 21:38:59,855 [amqEmbeddedWorkerJmsContainer-10] [uk.ac.ebi.interpro.scan.io.pirsf.hmmer3.PirsfHmmer3RawMatchParser:129] WARN - Couldn't parse the given raw match line, because it is of an unexpected format.
2023-06-24 21:38:59,855 [amqEmbeddedWorkerJmsContainer-10] [uk.ac.ebi.interpro.scan.io.pirsf.hmmer3.PirsfHmmer3RawMatchParser:130] WARN - Unexpected Raw match line: #    score  bias  c-Evalue  i-Evalue hmmfrom  hmm to    alifrom  ali to    envfrom  env to     acc
2023-06-24 21:38:59,855 [amqEmbeddedWorkerJmsContainer-10] [uk.ac.ebi.interpro.scan.io.pirsf.hmmer3.PirsfHmmer3RawMatchParser:129] WARN - Couldn't parse the given raw match line, because it is of an unexpected format.
2023-06-24 21:38:59,855 [amqEmbeddedWorkerJmsContainer-10] [uk.ac.ebi.interpro.scan.io.pirsf.hmmer3.PirsfHmmer3RawMatchParser:130] WARN - Unexpected Raw match line: 1 !  323.1   1.0  2.3e-100   4.2e-98       5     304 ..       5     331 ..       1     334 [] 0.88
2023-06-24 21:38:59,855 [amqEmbeddedWorkerJmsContainer-10] [uk.ac.ebi.interpro.scan.io.pirsf.hmmer3.PirsfHmmer3RawMatchParser:129] WARN - Couldn't parse the given raw match line, because it is of an unexpected format.
2023-06-24 21:38:59,855 [amqEmbeddedWorkerJmsContainer-10] [uk.ac.ebi.interpro.scan.io.pirsf.hmmer3.PirsfHmmer3RawMatchParser:130] WARN - Unexpected Raw match line: Query sequence: 295 matches PIRSF002811: DNA primase
2023-06-24 21:38:59,855 [amqEmbeddedWorkerJmsContainer-10] [uk.ac.ebi.interpro.scan.io.pirsf.hmmer3.PirsfHmmer3RawMatchParser:129] WARN - Couldn't parse the given raw match line, because it is of an unexpected format.
2023-06-24 21:38:59,855 [amqEmbeddedWorkerJmsContainer-10] [uk.ac.ebi.interpro.scan.io.pirsf.hmmer3.PirsfHmmer3RawMatchParser:130] WARN - Unexpected Raw match line: #    score  bias  c-Evalue  i-Evalue hmmfrom  hmm to    alifrom  ali to    envfrom  env to     acc
2023-06-24 21:38:59,855 [amqEmbeddedWorkerJmsContainer-10] [uk.ac.ebi.interpro.scan.io.pirsf.hmmer3.PirsfHmmer3RawMatchParser:129] WARN - Couldn't parse the given raw match line, because it is of an unexpected format.
2023-06-24 21:38:59,855 [amqEmbeddedWorkerJmsContainer-10] [uk.ac.ebi.interpro.scan.io.pirsf.hmmer3.PirsfHmmer3RawMatchParser:130] WARN - Unexpected Raw match line: 1 !  493.0   9.0  8.4e-152  3.1e-149       7     592 ..       4     582 ..       1     584 [. 0.90
2023-06-24 21:38:59,856 [amqEmbeddedWorkerJmsContainer-10] [uk.ac.ebi.interpro.scan.io.pirsf.hmmer3.PirsfHmmer3RawMatchParser:129] WARN - Couldn't parse the given raw match line, because it is of an unexpected format.
2023-06-24 21:38:59,856 [amqEmbeddedWorkerJmsContainer-10] [uk.ac.ebi.interpro.scan.io.pirsf.hmmer3.PirsfHmmer3RawMatchParser:130] WARN - Unexpected Raw match line: Query sequence: 303 matches PIRSF004525: Predicted prepilin peptidase-dependent protein B
2023-06-24 21:38:59,856 [amqEmbeddedWorkerJmsContainer-10] [uk.ac.ebi.interpro.scan.io.pirsf.hmmer3.PirsfHmmer3RawMatchParser:129] WARN - Couldn't parse the given raw match line, because it is of an unexpected format.
2023-06-24 21:38:59,856 [amqEmbeddedWorkerJmsContainer-10] [uk.ac.ebi.interpro.scan.io.pirsf.hmmer3.PirsfHmmer3RawMatchParser:130] WARN - Unexpected Raw match line: #    score  bias  c-Evalue  i-Evalue hmmfrom  hmm to    alifrom  ali to    envfrom  env to     acc
2023-06-24 21:38:59,856 [amqEmbeddedWorkerJmsContainer-10] [uk.ac.ebi.interpro.scan.io.pirsf.hmmer3.PirsfHmmer3RawMatchParser:129] WARN - Couldn't parse the given raw match line, because it is of an unexpected format.
2023-06-24 21:38:59,856 [amqEmbeddedWorkerJmsContainer-10] [uk.ac.ebi.interpro.scan.io.pirsf.hmmer3.PirsfHmmer3RawMatchParser:130] WARN - Unexpected Raw match line: 1 !   30.5   0.1   1.4e-11   5.1e-09       4     109 ..      35     132 ..      27     155 .. 0.87
2023-06-24 21:38:59,856 [amqEmbeddedWorkerJmsContainer-10] [uk.ac.ebi.interpro.scan.io.pirsf.hmmer3.PirsfHmmer3RawMatchParser:129] WARN - Couldn't parse the given raw match line, because it is of an unexpected format.
2023-06-24 21:38:59,856 [amqEmbeddedWorkerJmsContainer-10] [uk.ac.ebi.interpro.scan.io.pirsf.hmmer3.PirsfHmmer3RawMatchParser:130] WARN - Unexpected Raw match line: 2 !    0.3   0.0     0.025       9.3     116     186 ..     119     194 ..     114     199 .. 0.39
2023-06-24 21:38:59,856 [amqEmbeddedWorkerJmsContainer-10] [uk.ac.ebi.interpro.scan.io.pirsf.hmmer3.PirsfHmmer3RawMatchParser:129] WARN - Couldn't parse the given raw match line, because it is of an unexpected format.
2023-06-24 21:38:59,856 [amqEmbeddedWorkerJmsContainer-10] [uk.ac.ebi.interpro.scan.io.pirsf.hmmer3.PirsfHmmer3RawMatchParser:130] WARN - Unexpected Raw match line: Query sequence: 311 matches PIRSF000106: Malic enzyme
2023-06-24 21:38:59,856 [amqEmbeddedWorkerJmsContainer-10] [uk.ac.ebi.interpro.scan.io.pirsf.hmmer3.PirsfHmmer3RawMatchParser:129] WARN - Couldn't parse the given raw match line, because it is of an unexpected format.
2023-06-24 21:38:59,856 [amqEmbeddedWorkerJmsContainer-10] [uk.ac.ebi.interpro.scan.io.pirsf.hmmer3.PirsfHmmer3RawMatchParser:130] WARN - Unexpected Raw match line: #    score  bias  c-Evalue  i-Evalue hmmfrom  hmm to    alifrom  ali to    envfrom  env to     acc
2023-06-24 21:38:59,856 [amqEmbeddedWorkerJmsContainer-10] [uk.ac.ebi.interpro.scan.io.pirsf.hmmer3.PirsfHmmer3RawMatchParser:129] WARN - Couldn't parse the given raw match line, because it is of an unexpected format.
2023-06-24 21:38:59,856 [amqEmbeddedWorkerJmsContainer-10] [uk.ac.ebi.interpro.scan.io.pirsf.hmmer3.PirsfHmmer3RawMatchParser:130] WARN - Unexpected Raw match line: 1 !  248.8   5.1     6e-78   2.2e-75     147     532 ..      58     381 ..      11     384 .] 0.93
2023-06-24 21:38:59,856 [amqEmbeddedWorkerJmsContainer-10] [uk.ac.ebi.interpro.scan.io.pirsf.hmmer3.PirsfHmmer3RawMatchParser:129] WARN - Couldn't parse the given raw match line, because it is of an unexpected format.
2023-06-24 21:38:59,856 [amqEmbeddedWorkerJmsContainer-10] [uk.ac.ebi.interpro.scan.io.pirsf.hmmer3.PirsfHmmer3RawMatchParser:130] WARN - Unexpected Raw match line: Query sequence: 325 matches PIRSF039102: D-alanine--D-alanine ligase/D-alanine--D-lactate ligase
2023-06-24 21:38:59,857 [amqEmbeddedWorkerJmsContainer-10] [uk.ac.ebi.interpro.scan.io.pirsf.hmmer3.PirsfHmmer3RawMatchParser:129] WARN - Couldn't parse the given raw match line, because it is of an unexpected format.
2023-06-24 21:38:59,857 [amqEmbeddedWorkerJmsContainer-10] [uk.ac.ebi.interpro.scan.io.pirsf.hmmer3.PirsfHmmer3RawMatchParser:130] WARN - Unexpected Raw match line: #    score  bias  c-Evalue  i-Evalue hmmfrom  hmm to    alifrom  ali to    envfrom  env to     acc
2023-06-24 21:38:59,857 [amqEmbeddedWorkerJmsContainer-10] [uk.ac.ebi.interpro.scan.io.pirsf.hmmer3.PirsfHmmer3RawMatchParser:129] WARN - Couldn't parse the given raw match line, because it is of an unexpected format.
2023-06-24 21:38:59,857 [amqEmbeddedWorkerJmsContainer-10] [uk.ac.ebi.interpro.scan.io.pirsf.hmmer3.PirsfHmmer3RawMatchParser:130] WARN - Unexpected Raw match line: 1 !  325.0   0.2    6e-101   1.1e-98       3     365 ..      20     389 ..      18     390 .. 0.85
2023-06-24 21:38:59,857 [amqEmbeddedWorkerJmsContainer-10] [uk.ac.ebi.interpro.scan.io.pirsf.hmmer3.PirsfHmmer3RawMatchParser:129] WARN - Couldn't parse the given raw match line, because it is of an unexpected format.
2023-06-24 21:38:59,857 [amqEmbeddedWorkerJmsContainer-10] [uk.ac.ebi.interpro.scan.io.pirsf.hmmer3.PirsfHmmer3RawMatchParser:130] WARN - Unexpected Raw match line: Query sequence: 332 matches PIRSF002181: Ribosomal protein, L13p/L13Aa/L16e/organellar L13 types
2023-06-24 21:38:59,857 [amqEmbeddedWorkerJmsContainer-10] [uk.ac.ebi.interpro.scan.io.pirsf.hmmer3.PirsfHmmer3RawMatchParser:129] WARN - Couldn't parse the given raw match line, because it is of an unexpected format.
2023-06-24 21:38:59,857 [amqEmbeddedWorkerJmsContainer-10] [uk.ac.ebi.interpro.scan.io.pirsf.hmmer3.PirsfHmmer3RawMatchParser:130] WARN - Unexpected Raw match line: #    score  bias  c-Evalue  i-Evalue hmmfrom  hmm to    alifrom  ali to    envfrom  env to     acc
2023-06-24 21:38:59,857 [amqEmbeddedWorkerJmsContainer-10] [uk.ac.ebi.interpro.scan.io.pirsf.hmmer3.PirsfHmmer3RawMatchParser:129] WARN - Couldn't parse the given raw match line, because it is of an unexpected format.
2023-06-24 21:38:59,857 [amqEmbeddedWorkerJmsContainer-10] [uk.ac.ebi.interpro.scan.io.pirsf.hmmer3.PirsfHmmer3RawMatchParser:130] WARN - Unexpected Raw match line: 1 !  126.3   2.8   5.2e-41   1.9e-38      13     126 ..      10     123 ..       2     125 .. 0.94
2023-06-24 21:38:59,857 [amqEmbeddedWorkerJmsContainer-10] [uk.ac.ebi.interpro.scan.io.pirsf.hmmer3.PirsfHmmer3RawMatchParser:129] WARN - Couldn't parse the given raw match line, because it is of an unexpected format.
2023-06-24 21:38:59,857 [amqEmbeddedWorkerJmsContainer-10] [uk.ac.ebi.interpro.scan.io.pirsf.hmmer3.PirsfHmmer3RawMatchParser:130] WARN - Unexpected Raw match line: Query sequence: 364 matches PIRSF005499: Polyribonucleotide nucleotidyltransferase
2023-06-24 21:38:59,857 [amqEmbeddedWorkerJmsContainer-10] [uk.ac.ebi.interpro.scan.io.pirsf.hmmer3.PirsfHmmer3RawMatchParser:129] WARN - Couldn't parse the given raw match line, because it is of an unexpected format.
2023-06-24 21:38:59,857 [amqEmbeddedWorkerJmsContainer-10] [uk.ac.ebi.interpro.scan.io.pirsf.hmmer3.PirsfHmmer3RawMatchParser:130] WARN - Unexpected Raw match line: #    score  bias  c-Evalue  i-Evalue hmmfrom  hmm to    alifrom  ali to    envfrom  env to     acc
2023-06-24 21:38:59,857 [amqEmbeddedWorkerJmsContainer-10] [uk.ac.ebi.interpro.scan.io.pirsf.hmmer3.PirsfHmmer3RawMatchParser:129] WARN - Couldn't parse the given raw match line, because it is of an unexpected format.
2023-06-24 21:38:59,858 [amqEmbeddedWorkerJmsContainer-10] [uk.ac.ebi.interpro.scan.io.pirsf.hmmer3.PirsfHmmer3RawMatchParser:130] WARN - Unexpected Raw match line: 1 !  814.2   2.9  1.1e-248    2e-246       4     697 ..      17     712 ..      14     714 .] 0.96
2023-06-24 21:38:59,858 [amqEmbeddedWorkerJmsContainer-10] [uk.ac.ebi.interpro.scan.io.pirsf.hmmer3.PirsfHmmer3RawMatchParser:129] WARN - Couldn't parse the given raw match line, because it is of an unexpected format.
2023-06-24 21:38:59,858 [amqEmbeddedWorkerJmsContainer-10] [uk.ac.ebi.interpro.scan.io.pirsf.hmmer3.PirsfHmmer3RawMatchParser:130] WARN - Unexpected Raw match line: Query sequence: 366 matches PIRSF004749: Peptide deformylase
2023-06-24 21:38:59,858 [amqEmbeddedWorkerJmsContainer-10] [uk.ac.ebi.interpro.scan.io.pirsf.hmmer3.PirsfHmmer3RawMatchParser:129] WARN - Couldn't parse the given raw match line, because it is of an unexpected format.
2023-06-24 21:38:59,858 [amqEmbeddedWorkerJmsContainer-10] [uk.ac.ebi.interpro.scan.io.pirsf.hmmer3.PirsfHmmer3RawMatchParser:130] WARN - Unexpected Raw match line: #    score  bias  c-Evalue  i-Evalue hmmfrom  hmm to    alifrom  ali to    envfrom  env to     acc
2023-06-24 21:38:59,858 [amqEmbeddedWorkerJmsContainer-10] [uk.ac.ebi.interpro.scan.io.pirsf.hmmer3.PirsfHmmer3RawMatchParser:129] WARN - Couldn't parse the given raw match line, because it is of an unexpected format.
2023-06-24 21:38:59,858 [amqEmbeddedWorkerJmsContainer-10] [uk.ac.ebi.interpro.scan.io.pirsf.hmmer3.PirsfHmmer3RawMatchParser:130] WARN - Unexpected Raw match line: 1 !  159.2   0.1   5.2e-51   1.9e-48      31     201 ..      11     186 ..       4     188 .] 0.90
2023-06-24 21:38:59,858 [amqEmbeddedWorkerJmsContainer-10] [uk.ac.ebi.interpro.scan.io.pirsf.hmmer3.PirsfHmmer3RawMatchParser:129] WARN - Couldn't parse the given raw match line, because it is of an unexpected format.
2023-06-24 21:38:59,858 [amqEmbeddedWorkerJmsContainer-10] [uk.ac.ebi.interpro.scan.io.pirsf.hmmer3.PirsfHmmer3RawMatchParser:130] WARN - Unexpected Raw match line: Query sequence: 44 matches PIRSF000808: Galactose-1-phosphate uridylyltransferase
2023-06-24 21:38:59,858 [amqEmbeddedWorkerJmsContainer-10] [uk.ac.ebi.interpro.scan.io.pirsf.hmmer3.PirsfHmmer3RawMatchParser:129] WARN - Couldn't parse the given raw match line, because it is of an unexpected format.
2023-06-24 21:38:59,858 [amqEmbeddedWorkerJmsContainer-10] [uk.ac.ebi.interpro.scan.io.pirsf.hmmer3.PirsfHmmer3RawMatchParser:130] WARN - Unexpected Raw match line: #    score  bias  c-Evalue  i-Evalue hmmfrom  hmm to    alifrom  ali to    envfrom  env to     acc
2023-06-24 21:38:59,858 [amqEmbeddedWorkerJmsContainer-10] [uk.ac.ebi.interpro.scan.io.pirsf.hmmer3.PirsfHmmer3RawMatchParser:129] WARN - Couldn't parse the given raw match line, because it is of an unexpected format.
2023-06-24 21:38:59,858 [amqEmbeddedWorkerJmsContainer-10] [uk.ac.ebi.interpro.scan.io.pirsf.hmmer3.PirsfHmmer3RawMatchParser:130] WARN - Unexpected Raw match line: 1 !  243.3   0.0   2.5e-76   9.1e-74      11     344 ..       8     339 ..       3     340 .] 0.92
2023-06-24 21:38:59,858 [amqEmbeddedWorkerJmsContainer-10] [uk.ac.ebi.interpro.scan.io.pirsf.hmmer3.PirsfHmmer3RawMatchParser:129] WARN - Couldn't parse the given raw match line, because it is of an unexpected format.
2023-06-24 21:38:59,858 [amqEmbeddedWorkerJmsContainer-10] [uk.ac.ebi.interpro.scan.io.pirsf.hmmer3.PirsfHmmer3RawMatchParser:130] WARN - Unexpected Raw match line: Query sequence: 49 matches PIRSF000130: Inosine-5'-monophosphate dehydrogenase
2023-06-24 21:38:59,858 [amqEmbeddedWorkerJmsContainer-10] [uk.ac.ebi.interpro.scan.io.pirsf.hmmer3.PirsfHmmer3RawMatchParser:129] WARN - Couldn't parse the given raw match line, because it is of an unexpected format.
2023-06-24 21:38:59,858 [amqEmbeddedWorkerJmsContainer-10] [uk.ac.ebi.interpro.scan.io.pirsf.hmmer3.PirsfHmmer3RawMatchParser:130] WARN - Unexpected Raw match line: #    score  bias  c-Evalue  i-Evalue hmmfrom  hmm to    alifrom  ali to    envfrom  env to     acc
2023-06-24 21:38:59,859 [amqEmbeddedWorkerJmsContainer-10] [uk.ac.ebi.interpro.scan.io.pirsf.hmmer3.PirsfHmmer3RawMatchParser:129] WARN - Couldn't parse the given raw match line, because it is of an unexpected format.
2023-06-24 21:38:59,859 [amqEmbeddedWorkerJmsContainer-10] [uk.ac.ebi.interpro.scan.io.pirsf.hmmer3.PirsfHmmer3RawMatchParser:130] WARN - Unexpected Raw match line: 1 !  439.1   0.1  1.2e-135  4.3e-133      10     465 ..      13     492 ..       4     496 .] 0.91
2023-06-24 21:38:59,859 [amqEmbeddedWorkerJmsContainer-10] [uk.ac.ebi.interpro.scan.io.pirsf.hmmer3.PirsfHmmer3RawMatchParser:129] WARN - Couldn't parse the given raw match line, because it is of an unexpected format.
2023-06-24 21:38:59,859 [amqEmbeddedWorkerJmsContainer-10] [uk.ac.ebi.interpro.scan.io.pirsf.hmmer3.PirsfHmmer3RawMatchParser:130] WARN - Unexpected Raw match line: Query sequence: 52 matches PIRSF000847: CDP-diacylglycerol--glycerol-3-phosphate 3-phosphatidyltransferase
2023-06-24 21:38:59,859 [amqEmbeddedWorkerJmsContainer-10] [uk.ac.ebi.interpro.scan.io.pirsf.hmmer3.PirsfHmmer3RawMatchParser:129] WARN - Couldn't parse the given raw match line, because it is of an unexpected format.
2023-06-24 21:38:59,859 [amqEmbeddedWorkerJmsContainer-10] [uk.ac.ebi.interpro.scan.io.pirsf.hmmer3.PirsfHmmer3RawMatchParser:130] WARN - Unexpected Raw match line: #    score  bias  c-Evalue  i-Evalue hmmfrom  hmm to    alifrom  ali to    envfrom  env to     acc
2023-06-24 21:38:59,859 [amqEmbeddedWorkerJmsContainer-10] [uk.ac.ebi.interpro.scan.io.pirsf.hmmer3.PirsfHmmer3RawMatchParser:129] WARN - Couldn't parse the given raw match line, because it is of an unexpected format.
2023-06-24 21:38:59,859 [amqEmbeddedWorkerJmsContainer-10] [uk.ac.ebi.interpro.scan.io.pirsf.hmmer3.PirsfHmmer3RawMatchParser:130] WARN - Unexpected Raw match line: 1 !   93.2  13.4   1.3e-30   4.9e-28       3     175 ..      17     207 ..      15     210 .. 0.81
2023-06-24 21:38:59,859 [amqEmbeddedWorkerJmsContainer-10] [uk.ac.ebi.interpro.scan.io.pirsf.hmmer3.PirsfHmmer3RawMatchParser:129] WARN - Couldn't parse the given raw match line, because it is of an unexpected format.
2023-06-24 21:38:59,859 [amqEmbeddedWorkerJmsContainer-10] [uk.ac.ebi.interpro.scan.io.pirsf.hmmer3.PirsfHmmer3RawMatchParser:130] WARN - Unexpected Raw match line: Query sequence: 67 matches PIRSF005917: Predicted methyltransferase, YraL type
2023-06-24 21:38:59,859 [amqEmbeddedWorkerJmsContainer-10] [uk.ac.ebi.interpro.scan.io.pirsf.hmmer3.PirsfHmmer3RawMatchParser:129] WARN - Couldn't parse the given raw match line, because it is of an unexpected format.
2023-06-24 21:38:59,859 [amqEmbeddedWorkerJmsContainer-10] [uk.ac.ebi.interpro.scan.io.pirsf.hmmer3.PirsfHmmer3RawMatchParser:130] WARN - Unexpected Raw match line: #    score  bias  c-Evalue  i-Evalue hmmfrom  hmm to    alifrom  ali to    envfrom  env to     acc
2023-06-24 21:38:59,859 [amqEmbeddedWorkerJmsContainer-10] [uk.ac.ebi.interpro.scan.io.pirsf.hmmer3.PirsfHmmer3RawMatchParser:129] WARN - Couldn't parse the given raw match line, because it is of an unexpected format.
2023-06-24 21:38:59,859 [amqEmbeddedWorkerJmsContainer-10] [uk.ac.ebi.interpro.scan.io.pirsf.hmmer3.PirsfHmmer3RawMatchParser:130] WARN - Unexpected Raw match line: 1 !  294.3   0.0     4e-92   1.5e-89      11     237 ..      15     246 ..       9     252 .] 0.96
2023-06-24 21:38:59,859 [amqEmbeddedWorkerJmsContainer-10] [uk.ac.ebi.interpro.scan.io.pirsf.hmmer3.PirsfHmmer3RawMatchParser:129] WARN - Couldn't parse the given raw match line, because it is of an unexpected format.
2023-06-24 21:38:59,859 [amqEmbeddedWorkerJmsContainer-10] [uk.ac.ebi.interpro.scan.io.pirsf.hmmer3.PirsfHmmer3RawMatchParser:130] WARN - Unexpected Raw match line: Query sequence: 83 matches PIRSF002133: Ribosomal protein, S12p/S12a/S23e/organellar S12 types
2023-06-24 21:38:59,860 [amqEmbeddedWorkerJmsContainer-10] [uk.ac.ebi.interpro.scan.io.pirsf.hmmer3.PirsfHmmer3RawMatchParser:129] WARN - Couldn't parse the given raw match line, because it is of an unexpected format.
2023-06-24 21:38:59,860 [amqEmbeddedWorkerJmsContainer-10] [uk.ac.ebi.interpro.scan.io.pirsf.hmmer3.PirsfHmmer3RawMatchParser:130] WARN - Unexpected Raw match line: #    score  bias  c-Evalue  i-Evalue hmmfrom  hmm to    alifrom  ali to    envfrom  env to     acc
2023-06-24 21:38:59,860 [amqEmbeddedWorkerJmsContainer-10] [uk.ac.ebi.interpro.scan.io.pirsf.hmmer3.PirsfHmmer3RawMatchParser:129] WARN - Couldn't parse the given raw match line, because it is of an unexpected format.
2023-06-24 21:38:59,860 [amqEmbeddedWorkerJmsContainer-10] [uk.ac.ebi.interpro.scan.io.pirsf.hmmer3.PirsfHmmer3RawMatchParser:130] WARN - Unexpected Raw match line: 1 !  168.6   2.1   2.2e-54   7.9e-52       1     125 [.      25     160 .]      25     160 .] 0.90
2023-06-24 21:38:59,860 [amqEmbeddedWorkerJmsContainer-10] [uk.ac.ebi.interpro.scan.io.pirsf.hmmer3.PirsfHmmer3RawMatchParser:129] WARN - Couldn't parse the given raw match line, because it is of an unexpected format.
2023-06-24 21:38:59,860 [amqEmbeddedWorkerJmsContainer-10] [uk.ac.ebi.interpro.scan.io.pirsf.hmmer3.PirsfHmmer3RawMatchParser:130] WARN - Unexpected Raw match line: Query sequence: 91 matches PIRSF000124: UDP-glucose/GDP-mannose dehydrogenase
2023-06-24 21:38:59,860 [amqEmbeddedWorkerJmsContainer-10] [uk.ac.ebi.interpro.scan.io.pirsf.hmmer3.PirsfHmmer3RawMatchParser:129] WARN - Couldn't parse the given raw match line, because it is of an unexpected format.
2023-06-24 21:38:59,860 [amqEmbeddedWorkerJmsContainer-10] [uk.ac.ebi.interpro.scan.io.pirsf.hmmer3.PirsfHmmer3RawMatchParser:130] WARN - Unexpected Raw match line: #    score  bias  c-Evalue  i-Evalue hmmfrom  hmm to    alifrom  ali to    envfrom  env to     acc
2023-06-24 21:38:59,860 [amqEmbeddedWorkerJmsContainer-10] [uk.ac.ebi.interpro.scan.io.pirsf.hmmer3.PirsfHmmer3RawMatchParser:129] WARN - Couldn't parse the given raw match line, because it is of an unexpected format.
2023-06-24 21:38:59,860 [amqEmbeddedWorkerJmsContainer-10] [uk.ac.ebi.interpro.scan.io.pirsf.hmmer3.PirsfHmmer3RawMatchParser:130] WARN - Unexpected Raw match line: 1 !  456.9   0.5  3.5e-141  1.3e-138       2     436 ..      12     455 ..      11     457 .] 0.92
2023-06-24 21:38:59,860 [amqEmbeddedWorkerJmsContainer-10] [uk.ac.ebi.interpro.scan.io.pirsf.hmmer3.PirsfHmmer3RawMatchParser:129] WARN - Couldn't parse the given raw match line, because it is of an unexpected format.
2023-06-24 21:38:59,860 [amqEmbeddedWorkerJmsContainer-10] [uk.ac.ebi.interpro.scan.io.pirsf.hmmer3.PirsfHmmer3RawMatchParser:130] WARN - Unexpected Raw match line: and matches Sub-Family PIRSF500134: UDP-glucose 6-dehydrogenase, bacterial type
2023-06-24 21:38:59,860 [amqEmbeddedWorkerJmsContainer-10] [uk.ac.ebi.interpro.scan.io.pirsf.hmmer3.PirsfHmmer3RawMatchParser:129] WARN - Couldn't parse the given raw match line, because it is of an unexpected format.
2023-06-24 21:38:59,860 [amqEmbeddedWorkerJmsContainer-10] [uk.ac.ebi.interpro.scan.io.pirsf.hmmer3.PirsfHmmer3RawMatchParser:130] WARN - Unexpected Raw match line: #    score  bias  c-Evalue  i-Evalue hmmfrom  hmm to    alifrom  ali to    envfrom  env to     acc
2023-06-24 21:38:59,860 [amqEmbeddedWorkerJmsContainer-10] [uk.ac.ebi.interpro.scan.io.pirsf.hmmer3.PirsfHmmer3RawMatchParser:129] WARN - Couldn't parse the given raw match line, because it is of an unexpected format.
2023-06-24 21:38:59,860 [amqEmbeddedWorkerJmsContainer-10] [uk.ac.ebi.interpro.scan.io.pirsf.hmmer3.PirsfHmmer3RawMatchParser:130] WARN - Unexpected Raw match line: 1 !  559.0   0.1  3.4e-172  1.3e-169       2     436 ..      12     456 ..      11     457 .] 0.99
2023-06-24 21:38:59,860 [amqEmbeddedWorkerJmsContainer-10] [uk.ac.ebi.interpro.scan.io.pirsf.hmmer3.PirsfHmmer3RawMatchParser:129] WARN - Couldn't parse the given raw match line, because it is of an unexpected format.
2023-06-24 21:38:59,861 [amqEmbeddedWorkerJmsContainer-10] [uk.ac.ebi.interpro.scan.io.pirsf.hmmer3.PirsfHmmer3RawMatchParser:130] WARN - Unexpected Raw match line: Query sequence: 93 matches PIRSF005901: Translation elongation factor P
2023-06-24 21:38:59,861 [amqEmbeddedWorkerJmsContainer-10] [uk.ac.ebi.interpro.scan.io.pirsf.hmmer3.PirsfHmmer3RawMatchParser:129] WARN - Couldn't parse the given raw match line, because it is of an unexpected format.
2023-06-24 21:38:59,861 [amqEmbeddedWorkerJmsContainer-10] [uk.ac.ebi.interpro.scan.io.pirsf.hmmer3.PirsfHmmer3RawMatchParser:130] WARN - Unexpected Raw match line: #    score  bias  c-Evalue  i-Evalue hmmfrom  hmm to    alifrom  ali to    envfrom  env to     acc
2023-06-24 21:38:59,861 [amqEmbeddedWorkerJmsContainer-10] [uk.ac.ebi.interpro.scan.io.pirsf.hmmer3.PirsfHmmer3RawMatchParser:129] WARN - Couldn't parse the given raw match line, because it is of an unexpected format.
2023-06-24 21:38:59,861 [amqEmbeddedWorkerJmsContainer-10] [uk.ac.ebi.interpro.scan.io.pirsf.hmmer3.PirsfHmmer3RawMatchParser:130] WARN - Unexpected Raw match line: 1 !  165.7   0.0   4.7e-53   1.7e-50       2     186 ..       4     189 ..       3     190 .. 0.97
2023-06-24 21:38:59,861 [amqEmbeddedWorkerJmsContainer-10] [uk.ac.ebi.interpro.scan.io.pirsf.hmmer3.PirsfHmmer3RawMatchParser:129] WARN - Couldn't parse the given raw match line, because it is of an unexpected format.
2023-06-24 21:38:59,861 [amqEmbeddedWorkerJmsContainer-10] [uk.ac.ebi.interpro.scan.io.pirsf.hmmer3.PirsfHmmer3RawMatchParser:130] WARN - Unexpected Raw match line: Query sequence: 95 matches PIRSF001221: Amidase, fungal type
2023-06-24 21:38:59,861 [amqEmbeddedWorkerJmsContainer-10] [uk.ac.ebi.interpro.scan.io.pirsf.hmmer3.PirsfHmmer3RawMatchParser:129] WARN - Couldn't parse the given raw match line, because it is of an unexpected format.
2023-06-24 21:38:59,861 [amqEmbeddedWorkerJmsContainer-10] [uk.ac.ebi.interpro.scan.io.pirsf.hmmer3.PirsfHmmer3RawMatchParser:130] WARN - Unexpected Raw match line: #    score  bias  c-Evalue  i-Evalue hmmfrom  hmm to    alifrom  ali to    envfrom  env to     acc
2023-06-24 21:38:59,861 [amqEmbeddedWorkerJmsContainer-10] [uk.ac.ebi.interpro.scan.io.pirsf.hmmer3.PirsfHmmer3RawMatchParser:129] WARN - Couldn't parse the given raw match line, because it is of an unexpected format.
2023-06-24 21:38:59,861 [amqEmbeddedWorkerJmsContainer-10] [uk.ac.ebi.interpro.scan.io.pirsf.hmmer3.PirsfHmmer3RawMatchParser:130] WARN - Unexpected Raw match line: 1 !  136.0   0.0   8.2e-44     3e-41      56     357 ..       3     300 ..       2     326 .. 0.89
2023-06-24 21:38:59,861 [amqEmbeddedWorkerJmsContainer-10] [uk.ac.ebi.interpro.scan.io.pirsf.hmmer3.PirsfHmmer3RawMatchParser:129] WARN - Couldn't parse the given raw match line, because it is of an unexpected format.
2023-06-24 21:38:59,861 [amqEmbeddedWorkerJmsContainer-10] [uk.ac.ebi.interpro.scan.io.pirsf.hmmer3.PirsfHmmer3RawMatchParser:130] WARN - Unexpected Raw match line: 2 !   14.2   0.0   6.4e-07   0.00024     422     485 ..     397     466 ..     391     498 .. 0.78
24/06/2023 21:41:33:162 100% done:  InterProScan analyses completed 

2023-06-24 21:41:33,666 [main] [uk.ac.ebi.interpro.scan.jms.master.AbstractMaster:259] WARN - Master process unable to delete temporary directory /projects/raw_lab/jobs/metacerberus/temp/str-c88.uncc.edu_20230624_213011774_cf5w
2220.45user 236.68system 11:26.46elapsed 357%CPU (0avgtext+0avgdata 3445048maxresident)k
1143952inputs+1148816outputs (170major+14817732minor)pagefaults 0swaps

======================================================
End Time   : Sat Jun 24 21:41:33 EDT 2023
Run Time   : 687 seconds
======================================================

