=====================================================
Start Time  : Sat Jun 24 21:03:40 EDT 2023
Submit Dir  : /projects/raw_lab/jobs/metacerberus
Job ID/Name : 3996753 / InterProScan
Node List   : str-c112
Num Tasks   : 1 total [1 nodes @ 16 CPUs/node]
======================================================

Loading interproscan/5.60-92.0
  Loading requirement: anaconda3/2020.11 openjdk/15
======================================================
Running InterProScan On CPR/SAMN03319942.fna
======================================================
24/06/2023 21:03:41:199 Welcome to InterProScan-5.60-92.0
24/06/2023 21:03:41:200 Running InterProScan v5 in STANDALONE mode... on Linux
24/06/2023 21:03:45:292 RunID: str-c112.uncc.edu_20230624_210345116_5uyw
24/06/2023 21:03:53:833 Loading file /projects/raw_lab/jobs/metacerberus/CPR/SAMN03319942.fna
24/06/2023 21:03:54:536 Running the following analyses:
[AntiFam-7.0,CDD-3.20,Coils-2.2.1,FunFam-4.3.0,Gene3D-4.3.0,Hamap-2021_04,MobiDBLite-2.0,PANTHER-17.0,Pfam-35.0,PIRSF-3.10,PIRSR-2021_05,PRINTS-42.0,ProSitePatterns-2022_01,ProSiteProfiles-2022_01,SFLD-4,SMART-7.1,SUPERFAMILY-1.75,TIGRFAM-15.0]
Pre-calculated match lookup service DISABLED.  Please wait for match calculations to complete...
2023-06-24 21:07:31,688 [amqEmbeddedWorkerJmsContainer-8] [uk.ac.ebi.interpro.scan.io.pirsf.hmmer3.PirsfHmmer3RawMatchParser:129] WARN - Couldn't parse the given raw match line, because it is of an unexpected format.
2023-06-24 21:07:31,692 [amqEmbeddedWorkerJmsContainer-8] [uk.ac.ebi.interpro.scan.io.pirsf.hmmer3.PirsfHmmer3RawMatchParser:130] WARN - Unexpected Raw match line: Query sequence: 1 matches PIRSF005047: Uncharacterised protein with DNA polymerase family X (POLIIIAc) and PHP domains
2023-06-24 21:07:31,692 [amqEmbeddedWorkerJmsContainer-8] [uk.ac.ebi.interpro.scan.io.pirsf.hmmer3.PirsfHmmer3RawMatchParser:129] WARN - Couldn't parse the given raw match line, because it is of an unexpected format.
2023-06-24 21:07:31,692 [amqEmbeddedWorkerJmsContainer-8] [uk.ac.ebi.interpro.scan.io.pirsf.hmmer3.PirsfHmmer3RawMatchParser:130] WARN - Unexpected Raw match line: #    score  bias  c-Evalue  i-Evalue hmmfrom  hmm to    alifrom  ali to    envfrom  env to     acc
2023-06-24 21:07:31,692 [amqEmbeddedWorkerJmsContainer-8] [uk.ac.ebi.interpro.scan.io.pirsf.hmmer3.PirsfHmmer3RawMatchParser:129] WARN - Couldn't parse the given raw match line, because it is of an unexpected format.
2023-06-24 21:07:31,692 [amqEmbeddedWorkerJmsContainer-8] [uk.ac.ebi.interpro.scan.io.pirsf.hmmer3.PirsfHmmer3RawMatchParser:130] WARN - Unexpected Raw match line: 1 !  526.5   0.0  3.8e-162  1.6e-159       1     571 [.      22     589 ..      22     591 .] 0.96
2023-06-24 21:07:31,692 [amqEmbeddedWorkerJmsContainer-8] [uk.ac.ebi.interpro.scan.io.pirsf.hmmer3.PirsfHmmer3RawMatchParser:129] WARN - Couldn't parse the given raw match line, because it is of an unexpected format.
2023-06-24 21:07:31,692 [amqEmbeddedWorkerJmsContainer-8] [uk.ac.ebi.interpro.scan.io.pirsf.hmmer3.PirsfHmmer3RawMatchParser:130] WARN - Unexpected Raw match line: Query sequence: 130 matches PIRSF004557: Preprotein translocase Sec, SecY/Sec61-alpha subunit
2023-06-24 21:07:31,692 [amqEmbeddedWorkerJmsContainer-8] [uk.ac.ebi.interpro.scan.io.pirsf.hmmer3.PirsfHmmer3RawMatchParser:129] WARN - Couldn't parse the given raw match line, because it is of an unexpected format.
2023-06-24 21:07:31,693 [amqEmbeddedWorkerJmsContainer-8] [uk.ac.ebi.interpro.scan.io.pirsf.hmmer3.PirsfHmmer3RawMatchParser:130] WARN - Unexpected Raw match line: #    score  bias  c-Evalue  i-Evalue hmmfrom  hmm to    alifrom  ali to    envfrom  env to     acc
2023-06-24 21:07:31,693 [amqEmbeddedWorkerJmsContainer-8] [uk.ac.ebi.interpro.scan.io.pirsf.hmmer3.PirsfHmmer3RawMatchParser:129] WARN - Couldn't parse the given raw match line, because it is of an unexpected format.
2023-06-24 21:07:31,693 [amqEmbeddedWorkerJmsContainer-8] [uk.ac.ebi.interpro.scan.io.pirsf.hmmer3.PirsfHmmer3RawMatchParser:130] WARN - Unexpected Raw match line: 1 !  396.5  22.8  7.1e-123  2.9e-120      13     443 ..      15     433 ..       7     435 .. 0.90
2023-06-24 21:07:31,693 [amqEmbeddedWorkerJmsContainer-8] [uk.ac.ebi.interpro.scan.io.pirsf.hmmer3.PirsfHmmer3RawMatchParser:129] WARN - Couldn't parse the given raw match line, because it is of an unexpected format.
2023-06-24 21:07:31,693 [amqEmbeddedWorkerJmsContainer-8] [uk.ac.ebi.interpro.scan.io.pirsf.hmmer3.PirsfHmmer3RawMatchParser:130] WARN - Unexpected Raw match line: Query sequence: 154 matches PIRSF001492: Cofactor-independent phosphoglycerate mutase
2023-06-24 21:07:31,693 [amqEmbeddedWorkerJmsContainer-8] [uk.ac.ebi.interpro.scan.io.pirsf.hmmer3.PirsfHmmer3RawMatchParser:129] WARN - Couldn't parse the given raw match line, because it is of an unexpected format.
2023-06-24 21:07:31,693 [amqEmbeddedWorkerJmsContainer-8] [uk.ac.ebi.interpro.scan.io.pirsf.hmmer3.PirsfHmmer3RawMatchParser:130] WARN - Unexpected Raw match line: #    score  bias  c-Evalue  i-Evalue hmmfrom  hmm to    alifrom  ali to    envfrom  env to     acc
2023-06-24 21:07:31,693 [amqEmbeddedWorkerJmsContainer-8] [uk.ac.ebi.interpro.scan.io.pirsf.hmmer3.PirsfHmmer3RawMatchParser:129] WARN - Couldn't parse the given raw match line, because it is of an unexpected format.
2023-06-24 21:07:31,693 [amqEmbeddedWorkerJmsContainer-8] [uk.ac.ebi.interpro.scan.io.pirsf.hmmer3.PirsfHmmer3RawMatchParser:130] WARN - Unexpected Raw match line: 1 !  602.1   0.0  4.2e-185  1.7e-182       3     514 ..      44     574 ..      41     575 .] 0.97
2023-06-24 21:07:31,693 [amqEmbeddedWorkerJmsContainer-8] [uk.ac.ebi.interpro.scan.io.pirsf.hmmer3.PirsfHmmer3RawMatchParser:129] WARN - Couldn't parse the given raw match line, because it is of an unexpected format.
2023-06-24 21:07:31,693 [amqEmbeddedWorkerJmsContainer-8] [uk.ac.ebi.interpro.scan.io.pirsf.hmmer3.PirsfHmmer3RawMatchParser:130] WARN - Unexpected Raw match line: Query sequence: 190 matches PIRSF001174: Lon protease
2023-06-24 21:07:31,693 [amqEmbeddedWorkerJmsContainer-8] [uk.ac.ebi.interpro.scan.io.pirsf.hmmer3.PirsfHmmer3RawMatchParser:129] WARN - Couldn't parse the given raw match line, because it is of an unexpected format.
2023-06-24 21:07:31,693 [amqEmbeddedWorkerJmsContainer-8] [uk.ac.ebi.interpro.scan.io.pirsf.hmmer3.PirsfHmmer3RawMatchParser:130] WARN - Unexpected Raw match line: #    score  bias  c-Evalue  i-Evalue hmmfrom  hmm to    alifrom  ali to    envfrom  env to     acc
2023-06-24 21:07:31,693 [amqEmbeddedWorkerJmsContainer-8] [uk.ac.ebi.interpro.scan.io.pirsf.hmmer3.PirsfHmmer3RawMatchParser:129] WARN - Couldn't parse the given raw match line, because it is of an unexpected format.
2023-06-24 21:07:31,693 [amqEmbeddedWorkerJmsContainer-8] [uk.ac.ebi.interpro.scan.io.pirsf.hmmer3.PirsfHmmer3RawMatchParser:130] WARN - Unexpected Raw match line: 1 !  935.9   0.0  3.1e-285  4.2e-283      11     774 ..      18     792 ..       8     795 .. 0.96
2023-06-24 21:07:31,694 [amqEmbeddedWorkerJmsContainer-8] [uk.ac.ebi.interpro.scan.io.pirsf.hmmer3.PirsfHmmer3RawMatchParser:129] WARN - Couldn't parse the given raw match line, because it is of an unexpected format.
2023-06-24 21:07:31,694 [amqEmbeddedWorkerJmsContainer-8] [uk.ac.ebi.interpro.scan.io.pirsf.hmmer3.PirsfHmmer3RawMatchParser:130] WARN - Unexpected Raw match line: Query sequence: 217 matches PIRSF000724: Phosphoglycerate kinase
2023-06-24 21:07:31,694 [amqEmbeddedWorkerJmsContainer-8] [uk.ac.ebi.interpro.scan.io.pirsf.hmmer3.PirsfHmmer3RawMatchParser:129] WARN - Couldn't parse the given raw match line, because it is of an unexpected format.
2023-06-24 21:07:31,694 [amqEmbeddedWorkerJmsContainer-8] [uk.ac.ebi.interpro.scan.io.pirsf.hmmer3.PirsfHmmer3RawMatchParser:130] WARN - Unexpected Raw match line: #    score  bias  c-Evalue  i-Evalue hmmfrom  hmm to    alifrom  ali to    envfrom  env to     acc
2023-06-24 21:07:31,694 [amqEmbeddedWorkerJmsContainer-8] [uk.ac.ebi.interpro.scan.io.pirsf.hmmer3.PirsfHmmer3RawMatchParser:129] WARN - Couldn't parse the given raw match line, because it is of an unexpected format.
2023-06-24 21:07:31,694 [amqEmbeddedWorkerJmsContainer-8] [uk.ac.ebi.interpro.scan.io.pirsf.hmmer3.PirsfHmmer3RawMatchParser:130] WARN - Unexpected Raw match line: 1 !  382.5   0.0  1.1e-118  4.6e-116       4     404 ..       2     403 ..       1     404 [] 0.93
2023-06-24 21:07:31,694 [amqEmbeddedWorkerJmsContainer-8] [uk.ac.ebi.interpro.scan.io.pirsf.hmmer3.PirsfHmmer3RawMatchParser:129] WARN - Couldn't parse the given raw match line, because it is of an unexpected format.
2023-06-24 21:07:31,694 [amqEmbeddedWorkerJmsContainer-8] [uk.ac.ebi.interpro.scan.io.pirsf.hmmer3.PirsfHmmer3RawMatchParser:130] WARN - Unexpected Raw match line: Query sequence: 234 matches PIRSF001529: Serine-tRNA ligase
2023-06-24 21:07:31,694 [amqEmbeddedWorkerJmsContainer-8] [uk.ac.ebi.interpro.scan.io.pirsf.hmmer3.PirsfHmmer3RawMatchParser:129] WARN - Couldn't parse the given raw match line, because it is of an unexpected format.
2023-06-24 21:07:31,694 [amqEmbeddedWorkerJmsContainer-8] [uk.ac.ebi.interpro.scan.io.pirsf.hmmer3.PirsfHmmer3RawMatchParser:130] WARN - Unexpected Raw match line: #    score  bias  c-Evalue  i-Evalue hmmfrom  hmm to    alifrom  ali to    envfrom  env to     acc
2023-06-24 21:07:31,694 [amqEmbeddedWorkerJmsContainer-8] [uk.ac.ebi.interpro.scan.io.pirsf.hmmer3.PirsfHmmer3RawMatchParser:129] WARN - Couldn't parse the given raw match line, because it is of an unexpected format.
2023-06-24 21:07:31,694 [amqEmbeddedWorkerJmsContainer-8] [uk.ac.ebi.interpro.scan.io.pirsf.hmmer3.PirsfHmmer3RawMatchParser:130] WARN - Unexpected Raw match line: 1 !  372.4   0.5  1.4e-115  5.6e-113       1     425 [.       9     445 ..       9     446 .] 0.91
2023-06-24 21:07:31,694 [amqEmbeddedWorkerJmsContainer-8] [uk.ac.ebi.interpro.scan.io.pirsf.hmmer3.PirsfHmmer3RawMatchParser:129] WARN - Couldn't parse the given raw match line, because it is of an unexpected format.
2023-06-24 21:07:31,694 [amqEmbeddedWorkerJmsContainer-8] [uk.ac.ebi.interpro.scan.io.pirsf.hmmer3.PirsfHmmer3RawMatchParser:130] WARN - Unexpected Raw match line: Query sequence: 277 matches PIRSF000386: tRNA-(m1G37) methyltransferase
2023-06-24 21:07:31,694 [amqEmbeddedWorkerJmsContainer-8] [uk.ac.ebi.interpro.scan.io.pirsf.hmmer3.PirsfHmmer3RawMatchParser:129] WARN - Couldn't parse the given raw match line, because it is of an unexpected format.
2023-06-24 21:07:31,695 [amqEmbeddedWorkerJmsContainer-8] [uk.ac.ebi.interpro.scan.io.pirsf.hmmer3.PirsfHmmer3RawMatchParser:130] WARN - Unexpected Raw match line: #    score  bias  c-Evalue  i-Evalue hmmfrom  hmm to    alifrom  ali to    envfrom  env to     acc
2023-06-24 21:07:31,695 [amqEmbeddedWorkerJmsContainer-8] [uk.ac.ebi.interpro.scan.io.pirsf.hmmer3.PirsfHmmer3RawMatchParser:129] WARN - Couldn't parse the given raw match line, because it is of an unexpected format.
2023-06-24 21:07:31,695 [amqEmbeddedWorkerJmsContainer-8] [uk.ac.ebi.interpro.scan.io.pirsf.hmmer3.PirsfHmmer3RawMatchParser:130] WARN - Unexpected Raw match line: 1 !  302.2   0.0   1.1e-94   4.4e-92       1     207 [.      12     217 ..      12     220 .] 0.99
2023-06-24 21:07:31,695 [amqEmbeddedWorkerJmsContainer-8] [uk.ac.ebi.interpro.scan.io.pirsf.hmmer3.PirsfHmmer3RawMatchParser:129] WARN - Couldn't parse the given raw match line, because it is of an unexpected format.
2023-06-24 21:07:31,695 [amqEmbeddedWorkerJmsContainer-8] [uk.ac.ebi.interpro.scan.io.pirsf.hmmer3.PirsfHmmer3RawMatchParser:130] WARN - Unexpected Raw match line: Query sequence: 297 matches PIRSF003097: Cell division protein FtsX
2023-06-24 21:07:31,695 [amqEmbeddedWorkerJmsContainer-8] [uk.ac.ebi.interpro.scan.io.pirsf.hmmer3.PirsfHmmer3RawMatchParser:129] WARN - Couldn't parse the given raw match line, because it is of an unexpected format.
2023-06-24 21:07:31,695 [amqEmbeddedWorkerJmsContainer-8] [uk.ac.ebi.interpro.scan.io.pirsf.hmmer3.PirsfHmmer3RawMatchParser:130] WARN - Unexpected Raw match line: #    score  bias  c-Evalue  i-Evalue hmmfrom  hmm to    alifrom  ali to    envfrom  env to     acc
2023-06-24 21:07:31,695 [amqEmbeddedWorkerJmsContainer-8] [uk.ac.ebi.interpro.scan.io.pirsf.hmmer3.PirsfHmmer3RawMatchParser:129] WARN - Couldn't parse the given raw match line, because it is of an unexpected format.
2023-06-24 21:07:31,695 [amqEmbeddedWorkerJmsContainer-8] [uk.ac.ebi.interpro.scan.io.pirsf.hmmer3.PirsfHmmer3RawMatchParser:130] WARN - Unexpected Raw match line: 1 !  184.7   3.2   2.5e-58   5.1e-56      13     300 ..      16     300 ..      11     301 .] 0.95
2023-06-24 21:07:31,695 [amqEmbeddedWorkerJmsContainer-8] [uk.ac.ebi.interpro.scan.io.pirsf.hmmer3.PirsfHmmer3RawMatchParser:129] WARN - Couldn't parse the given raw match line, because it is of an unexpected format.
2023-06-24 21:07:31,695 [amqEmbeddedWorkerJmsContainer-8] [uk.ac.ebi.interpro.scan.io.pirsf.hmmer3.PirsfHmmer3RawMatchParser:130] WARN - Unexpected Raw match line: Query sequence: 300 matches PIRSF000149: Glyceraldehyde-3-phosphate dehydrogenase
2023-06-24 21:07:31,695 [amqEmbeddedWorkerJmsContainer-8] [uk.ac.ebi.interpro.scan.io.pirsf.hmmer3.PirsfHmmer3RawMatchParser:129] WARN - Couldn't parse the given raw match line, because it is of an unexpected format.
2023-06-24 21:07:31,695 [amqEmbeddedWorkerJmsContainer-8] [uk.ac.ebi.interpro.scan.io.pirsf.hmmer3.PirsfHmmer3RawMatchParser:130] WARN - Unexpected Raw match line: #    score  bias  c-Evalue  i-Evalue hmmfrom  hmm to    alifrom  ali to    envfrom  env to     acc
2023-06-24 21:07:31,695 [amqEmbeddedWorkerJmsContainer-8] [uk.ac.ebi.interpro.scan.io.pirsf.hmmer3.PirsfHmmer3RawMatchParser:129] WARN - Couldn't parse the given raw match line, because it is of an unexpected format.
2023-06-24 21:07:31,695 [amqEmbeddedWorkerJmsContainer-8] [uk.ac.ebi.interpro.scan.io.pirsf.hmmer3.PirsfHmmer3RawMatchParser:130] WARN - Unexpected Raw match line: 1 !  370.5   0.2  9.5e-115  1.9e-112       3     331 ..       3     335 ..       1     340 [. 0.95
2023-06-24 21:07:31,696 [amqEmbeddedWorkerJmsContainer-8] [uk.ac.ebi.interpro.scan.io.pirsf.hmmer3.PirsfHmmer3RawMatchParser:129] WARN - Couldn't parse the given raw match line, because it is of an unexpected format.
2023-06-24 21:07:31,696 [amqEmbeddedWorkerJmsContainer-8] [uk.ac.ebi.interpro.scan.io.pirsf.hmmer3.PirsfHmmer3RawMatchParser:130] WARN - Unexpected Raw match line: Query sequence: 339 matches PIRSF002158: Ribosomal protein, L2p/L2a/L8e/organellar L2 types
2023-06-24 21:07:31,696 [amqEmbeddedWorkerJmsContainer-8] [uk.ac.ebi.interpro.scan.io.pirsf.hmmer3.PirsfHmmer3RawMatchParser:129] WARN - Couldn't parse the given raw match line, because it is of an unexpected format.
2023-06-24 21:07:31,696 [amqEmbeddedWorkerJmsContainer-8] [uk.ac.ebi.interpro.scan.io.pirsf.hmmer3.PirsfHmmer3RawMatchParser:130] WARN - Unexpected Raw match line: #    score  bias  c-Evalue  i-Evalue hmmfrom  hmm to    alifrom  ali to    envfrom  env to     acc
2023-06-24 21:07:31,696 [amqEmbeddedWorkerJmsContainer-8] [uk.ac.ebi.interpro.scan.io.pirsf.hmmer3.PirsfHmmer3RawMatchParser:129] WARN - Couldn't parse the given raw match line, because it is of an unexpected format.
2023-06-24 21:07:31,696 [amqEmbeddedWorkerJmsContainer-8] [uk.ac.ebi.interpro.scan.io.pirsf.hmmer3.PirsfHmmer3RawMatchParser:130] WARN - Unexpected Raw match line: 1 !  267.2   3.4   8.2e-84   3.3e-81      16     264 ..       8     252 ..       2     253 .] 0.96
2023-06-24 21:07:31,696 [amqEmbeddedWorkerJmsContainer-8] [uk.ac.ebi.interpro.scan.io.pirsf.hmmer3.PirsfHmmer3RawMatchParser:129] WARN - Couldn't parse the given raw match line, because it is of an unexpected format.
2023-06-24 21:07:31,696 [amqEmbeddedWorkerJmsContainer-8] [uk.ac.ebi.interpro.scan.io.pirsf.hmmer3.PirsfHmmer3RawMatchParser:130] WARN - Unexpected Raw match line: Query sequence: 35 matches PIRSF000149: Glyceraldehyde-3-phosphate dehydrogenase
2023-06-24 21:07:31,696 [amqEmbeddedWorkerJmsContainer-8] [uk.ac.ebi.interpro.scan.io.pirsf.hmmer3.PirsfHmmer3RawMatchParser:129] WARN - Couldn't parse the given raw match line, because it is of an unexpected format.
2023-06-24 21:07:31,696 [amqEmbeddedWorkerJmsContainer-8] [uk.ac.ebi.interpro.scan.io.pirsf.hmmer3.PirsfHmmer3RawMatchParser:130] WARN - Unexpected Raw match line: #    score  bias  c-Evalue  i-Evalue hmmfrom  hmm to    alifrom  ali to    envfrom  env to     acc
2023-06-24 21:07:31,696 [amqEmbeddedWorkerJmsContainer-8] [uk.ac.ebi.interpro.scan.io.pirsf.hmmer3.PirsfHmmer3RawMatchParser:129] WARN - Couldn't parse the given raw match line, because it is of an unexpected format.
2023-06-24 21:07:31,696 [amqEmbeddedWorkerJmsContainer-8] [uk.ac.ebi.interpro.scan.io.pirsf.hmmer3.PirsfHmmer3RawMatchParser:130] WARN - Unexpected Raw match line: 1 !  391.6   0.0  3.5e-121  7.2e-119       4     338 ..      10     339 ..       7     341 .] 0.98
2023-06-24 21:07:31,696 [amqEmbeddedWorkerJmsContainer-8] [uk.ac.ebi.interpro.scan.io.pirsf.hmmer3.PirsfHmmer3RawMatchParser:129] WARN - Couldn't parse the given raw match line, because it is of an unexpected format.
2023-06-24 21:07:31,696 [amqEmbeddedWorkerJmsContainer-8] [uk.ac.ebi.interpro.scan.io.pirsf.hmmer3.PirsfHmmer3RawMatchParser:130] WARN - Unexpected Raw match line: Query sequence: 355 matches PIRSF001265: H(+)-translocating inorganic pyrophosphatase
2023-06-24 21:07:31,696 [amqEmbeddedWorkerJmsContainer-8] [uk.ac.ebi.interpro.scan.io.pirsf.hmmer3.PirsfHmmer3RawMatchParser:129] WARN - Couldn't parse the given raw match line, because it is of an unexpected format.
2023-06-24 21:07:31,697 [amqEmbeddedWorkerJmsContainer-8] [uk.ac.ebi.interpro.scan.io.pirsf.hmmer3.PirsfHmmer3RawMatchParser:130] WARN - Unexpected Raw match line: #    score  bias  c-Evalue  i-Evalue hmmfrom  hmm to    alifrom  ali to    envfrom  env to     acc
2023-06-24 21:07:31,697 [amqEmbeddedWorkerJmsContainer-8] [uk.ac.ebi.interpro.scan.io.pirsf.hmmer3.PirsfHmmer3RawMatchParser:129] WARN - Couldn't parse the given raw match line, because it is of an unexpected format.
2023-06-24 21:07:31,697 [amqEmbeddedWorkerJmsContainer-8] [uk.ac.ebi.interpro.scan.io.pirsf.hmmer3.PirsfHmmer3RawMatchParser:130] WARN - Unexpected Raw match line: 1 !  646.2  46.4  4.5e-198  1.8e-195       8     636 ..      15     597 ..       8     603 .. 0.95
2023-06-24 21:07:31,697 [amqEmbeddedWorkerJmsContainer-8] [uk.ac.ebi.interpro.scan.io.pirsf.hmmer3.PirsfHmmer3RawMatchParser:129] WARN - Couldn't parse the given raw match line, because it is of an unexpected format.
2023-06-24 21:07:31,697 [amqEmbeddedWorkerJmsContainer-8] [uk.ac.ebi.interpro.scan.io.pirsf.hmmer3.PirsfHmmer3RawMatchParser:130] WARN - Unexpected Raw match line: Query sequence: 375 matches PIRSF000804: Predicted DNA-directed DNA polymerase III, beta subunit
2023-06-24 21:07:31,697 [amqEmbeddedWorkerJmsContainer-8] [uk.ac.ebi.interpro.scan.io.pirsf.hmmer3.PirsfHmmer3RawMatchParser:129] WARN - Couldn't parse the given raw match line, because it is of an unexpected format.
2023-06-24 21:07:31,697 [amqEmbeddedWorkerJmsContainer-8] [uk.ac.ebi.interpro.scan.io.pirsf.hmmer3.PirsfHmmer3RawMatchParser:130] WARN - Unexpected Raw match line: #    score  bias  c-Evalue  i-Evalue hmmfrom  hmm to    alifrom  ali to    envfrom  env to     acc
2023-06-24 21:07:31,697 [amqEmbeddedWorkerJmsContainer-8] [uk.ac.ebi.interpro.scan.io.pirsf.hmmer3.PirsfHmmer3RawMatchParser:129] WARN - Couldn't parse the given raw match line, because it is of an unexpected format.
2023-06-24 21:07:31,697 [amqEmbeddedWorkerJmsContainer-8] [uk.ac.ebi.interpro.scan.io.pirsf.hmmer3.PirsfHmmer3RawMatchParser:130] WARN - Unexpected Raw match line: 1 !  309.5   0.0   1.6e-96   6.4e-94       1     371 [.      21     387 .]      21     387 .] 0.95
2023-06-24 21:07:31,697 [amqEmbeddedWorkerJmsContainer-8] [uk.ac.ebi.interpro.scan.io.pirsf.hmmer3.PirsfHmmer3RawMatchParser:129] WARN - Couldn't parse the given raw match line, because it is of an unexpected format.
2023-06-24 21:07:31,697 [amqEmbeddedWorkerJmsContainer-8] [uk.ac.ebi.interpro.scan.io.pirsf.hmmer3.PirsfHmmer3RawMatchParser:130] WARN - Unexpected Raw match line: Query sequence: 389 matches PIRSF005499: Polyribonucleotide nucleotidyltransferase
2023-06-24 21:07:31,697 [amqEmbeddedWorkerJmsContainer-8] [uk.ac.ebi.interpro.scan.io.pirsf.hmmer3.PirsfHmmer3RawMatchParser:129] WARN - Couldn't parse the given raw match line, because it is of an unexpected format.
2023-06-24 21:07:31,697 [amqEmbeddedWorkerJmsContainer-8] [uk.ac.ebi.interpro.scan.io.pirsf.hmmer3.PirsfHmmer3RawMatchParser:130] WARN - Unexpected Raw match line: #    score  bias  c-Evalue  i-Evalue hmmfrom  hmm to    alifrom  ali to    envfrom  env to     acc
2023-06-24 21:07:31,697 [amqEmbeddedWorkerJmsContainer-8] [uk.ac.ebi.interpro.scan.io.pirsf.hmmer3.PirsfHmmer3RawMatchParser:129] WARN - Couldn't parse the given raw match line, because it is of an unexpected format.
2023-06-24 21:07:31,697 [amqEmbeddedWorkerJmsContainer-8] [uk.ac.ebi.interpro.scan.io.pirsf.hmmer3.PirsfHmmer3RawMatchParser:130] WARN - Unexpected Raw match line: 1 !  263.0   0.0   2.9e-82   1.2e-79       5     252 ..       4     251 ..       1     261 [. 0.96
2023-06-24 21:07:31,697 [amqEmbeddedWorkerJmsContainer-8] [uk.ac.ebi.interpro.scan.io.pirsf.hmmer3.PirsfHmmer3RawMatchParser:129] WARN - Couldn't parse the given raw match line, because it is of an unexpected format.
2023-06-24 21:07:31,698 [amqEmbeddedWorkerJmsContainer-8] [uk.ac.ebi.interpro.scan.io.pirsf.hmmer3.PirsfHmmer3RawMatchParser:130] WARN - Unexpected Raw match line: 2 !  558.9   0.0  9.2e-172  3.8e-169     291     694 ..     268     665 ..     250     696 .. 0.95
2023-06-24 21:07:31,698 [amqEmbeddedWorkerJmsContainer-8] [uk.ac.ebi.interpro.scan.io.pirsf.hmmer3.PirsfHmmer3RawMatchParser:129] WARN - Couldn't parse the given raw match line, because it is of an unexpected format.
2023-06-24 21:07:31,698 [amqEmbeddedWorkerJmsContainer-8] [uk.ac.ebi.interpro.scan.io.pirsf.hmmer3.PirsfHmmer3RawMatchParser:130] WARN - Unexpected Raw match line: Query sequence: 48 matches PIRSF000854: Phosphoenolpyruvate synthase
2023-06-24 21:07:31,698 [amqEmbeddedWorkerJmsContainer-8] [uk.ac.ebi.interpro.scan.io.pirsf.hmmer3.PirsfHmmer3RawMatchParser:129] WARN - Couldn't parse the given raw match line, because it is of an unexpected format.
2023-06-24 21:07:31,698 [amqEmbeddedWorkerJmsContainer-8] [uk.ac.ebi.interpro.scan.io.pirsf.hmmer3.PirsfHmmer3RawMatchParser:130] WARN - Unexpected Raw match line: #    score  bias  c-Evalue  i-Evalue hmmfrom  hmm to    alifrom  ali to    envfrom  env to     acc
2023-06-24 21:07:31,698 [amqEmbeddedWorkerJmsContainer-8] [uk.ac.ebi.interpro.scan.io.pirsf.hmmer3.PirsfHmmer3RawMatchParser:129] WARN - Couldn't parse the given raw match line, because it is of an unexpected format.
2023-06-24 21:07:31,698 [amqEmbeddedWorkerJmsContainer-8] [uk.ac.ebi.interpro.scan.io.pirsf.hmmer3.PirsfHmmer3RawMatchParser:130] WARN - Unexpected Raw match line: 1 !  731.7   0.1  4.8e-224    2e-221       4     791 ..       5     757 ..       3     761 .. 0.93
2023-06-24 21:07:31,698 [amqEmbeddedWorkerJmsContainer-8] [uk.ac.ebi.interpro.scan.io.pirsf.hmmer3.PirsfHmmer3RawMatchParser:129] WARN - Couldn't parse the given raw match line, because it is of an unexpected format.
2023-06-24 21:07:31,698 [amqEmbeddedWorkerJmsContainer-8] [uk.ac.ebi.interpro.scan.io.pirsf.hmmer3.PirsfHmmer3RawMatchParser:130] WARN - Unexpected Raw match line: Query sequence: 49 matches PIRSF004486: S-adenosyl-L-methionine dependent methyltransferase, MraW type
2023-06-24 21:07:31,698 [amqEmbeddedWorkerJmsContainer-8] [uk.ac.ebi.interpro.scan.io.pirsf.hmmer3.PirsfHmmer3RawMatchParser:129] WARN - Couldn't parse the given raw match line, because it is of an unexpected format.
2023-06-24 21:07:31,698 [amqEmbeddedWorkerJmsContainer-8] [uk.ac.ebi.interpro.scan.io.pirsf.hmmer3.PirsfHmmer3RawMatchParser:130] WARN - Unexpected Raw match line: #    score  bias  c-Evalue  i-Evalue hmmfrom  hmm to    alifrom  ali to    envfrom  env to     acc
2023-06-24 21:07:31,698 [amqEmbeddedWorkerJmsContainer-8] [uk.ac.ebi.interpro.scan.io.pirsf.hmmer3.PirsfHmmer3RawMatchParser:129] WARN - Couldn't parse the given raw match line, because it is of an unexpected format.
2023-06-24 21:07:31,698 [amqEmbeddedWorkerJmsContainer-8] [uk.ac.ebi.interpro.scan.io.pirsf.hmmer3.PirsfHmmer3RawMatchParser:130] WARN - Unexpected Raw match line: 1 !  233.9   0.0   1.7e-73   6.8e-71       5     261 ..       5     239 ..       2     260 .. 0.92
2023-06-24 21:07:31,698 [amqEmbeddedWorkerJmsContainer-8] [uk.ac.ebi.interpro.scan.io.pirsf.hmmer3.PirsfHmmer3RawMatchParser:129] WARN - Couldn't parse the given raw match line, because it is of an unexpected format.
2023-06-24 21:07:31,698 [amqEmbeddedWorkerJmsContainer-8] [uk.ac.ebi.interpro.scan.io.pirsf.hmmer3.PirsfHmmer3RawMatchParser:130] WARN - Unexpected Raw match line: Query sequence: 57 matches PIRSF004803: Ribonuclease J
2023-06-24 21:07:31,699 [amqEmbeddedWorkerJmsContainer-8] [uk.ac.ebi.interpro.scan.io.pirsf.hmmer3.PirsfHmmer3RawMatchParser:129] WARN - Couldn't parse the given raw match line, because it is of an unexpected format.
2023-06-24 21:07:31,699 [amqEmbeddedWorkerJmsContainer-8] [uk.ac.ebi.interpro.scan.io.pirsf.hmmer3.PirsfHmmer3RawMatchParser:130] WARN - Unexpected Raw match line: #    score  bias  c-Evalue  i-Evalue hmmfrom  hmm to    alifrom  ali to    envfrom  env to     acc
2023-06-24 21:07:31,699 [amqEmbeddedWorkerJmsContainer-8] [uk.ac.ebi.interpro.scan.io.pirsf.hmmer3.PirsfHmmer3RawMatchParser:129] WARN - Couldn't parse the given raw match line, because it is of an unexpected format.
2023-06-24 21:07:31,699 [amqEmbeddedWorkerJmsContainer-8] [uk.ac.ebi.interpro.scan.io.pirsf.hmmer3.PirsfHmmer3RawMatchParser:130] WARN - Unexpected Raw match line: 1 !  617.1   0.2  1.6e-189  6.6e-187       8     561 .]       3     552 .]       1     552 [] 0.98
2023-06-24 21:07:31,699 [amqEmbeddedWorkerJmsContainer-8] [uk.ac.ebi.interpro.scan.io.pirsf.hmmer3.PirsfHmmer3RawMatchParser:129] WARN - Couldn't parse the given raw match line, because it is of an unexpected format.
2023-06-24 21:07:31,699 [amqEmbeddedWorkerJmsContainer-8] [uk.ac.ebi.interpro.scan.io.pirsf.hmmer3.PirsfHmmer3RawMatchParser:130] WARN - Unexpected Raw match line: Query sequence: 85 matches PIRSF004532: Fructose-1,6-bisphosphatase, GlpX type
2023-06-24 21:07:31,699 [amqEmbeddedWorkerJmsContainer-8] [uk.ac.ebi.interpro.scan.io.pirsf.hmmer3.PirsfHmmer3RawMatchParser:129] WARN - Couldn't parse the given raw match line, because it is of an unexpected format.
2023-06-24 21:07:31,699 [amqEmbeddedWorkerJmsContainer-8] [uk.ac.ebi.interpro.scan.io.pirsf.hmmer3.PirsfHmmer3RawMatchParser:130] WARN - Unexpected Raw match line: #    score  bias  c-Evalue  i-Evalue hmmfrom  hmm to    alifrom  ali to    envfrom  env to     acc
2023-06-24 21:07:31,699 [amqEmbeddedWorkerJmsContainer-8] [uk.ac.ebi.interpro.scan.io.pirsf.hmmer3.PirsfHmmer3RawMatchParser:129] WARN - Couldn't parse the given raw match line, because it is of an unexpected format.
2023-06-24 21:07:31,699 [amqEmbeddedWorkerJmsContainer-8] [uk.ac.ebi.interpro.scan.io.pirsf.hmmer3.PirsfHmmer3RawMatchParser:130] WARN - Unexpected Raw match line: 1 !  411.9   5.3  7.9e-128  3.2e-125       2     315 ..       7     319 ..       6     324 .. 0.98
2023-06-24 21:07:31,699 [amqEmbeddedWorkerJmsContainer-8] [uk.ac.ebi.interpro.scan.io.pirsf.hmmer3.PirsfHmmer3RawMatchParser:129] WARN - Couldn't parse the given raw match line, because it is of an unexpected format.
2023-06-24 21:07:31,699 [amqEmbeddedWorkerJmsContainer-8] [uk.ac.ebi.interpro.scan.io.pirsf.hmmer3.PirsfHmmer3RawMatchParser:130] WARN - Unexpected Raw match line: Query sequence: 99 matches PIRSF000124: UDP-glucose/GDP-mannose dehydrogenase
2023-06-24 21:07:31,699 [amqEmbeddedWorkerJmsContainer-8] [uk.ac.ebi.interpro.scan.io.pirsf.hmmer3.PirsfHmmer3RawMatchParser:129] WARN - Couldn't parse the given raw match line, because it is of an unexpected format.
2023-06-24 21:07:31,699 [amqEmbeddedWorkerJmsContainer-8] [uk.ac.ebi.interpro.scan.io.pirsf.hmmer3.PirsfHmmer3RawMatchParser:130] WARN - Unexpected Raw match line: #    score  bias  c-Evalue  i-Evalue hmmfrom  hmm to    alifrom  ali to    envfrom  env to     acc
2023-06-24 21:07:31,699 [amqEmbeddedWorkerJmsContainer-8] [uk.ac.ebi.interpro.scan.io.pirsf.hmmer3.PirsfHmmer3RawMatchParser:129] WARN - Couldn't parse the given raw match line, because it is of an unexpected format.
2023-06-24 21:07:31,699 [amqEmbeddedWorkerJmsContainer-8] [uk.ac.ebi.interpro.scan.io.pirsf.hmmer3.PirsfHmmer3RawMatchParser:130] WARN - Unexpected Raw match line: 1 !  363.8   0.5  6.1e-113  2.5e-110      91     438 .]       2     340 ..       1     340 [. 0.93
2023-06-24 21:07:31,700 [amqEmbeddedWorkerJmsContainer-8] [uk.ac.ebi.interpro.scan.io.pirsf.hmmer3.PirsfHmmer3RawMatchParser:129] WARN - Couldn't parse the given raw match line, because it is of an unexpected format.
2023-06-24 21:07:31,700 [amqEmbeddedWorkerJmsContainer-8] [uk.ac.ebi.interpro.scan.io.pirsf.hmmer3.PirsfHmmer3RawMatchParser:130] WARN - Unexpected Raw match line: and matches Sub-Family PIRSF500134: UDP-glucose 6-dehydrogenase, bacterial type
2023-06-24 21:07:31,700 [amqEmbeddedWorkerJmsContainer-8] [uk.ac.ebi.interpro.scan.io.pirsf.hmmer3.PirsfHmmer3RawMatchParser:129] WARN - Couldn't parse the given raw match line, because it is of an unexpected format.
2023-06-24 21:07:31,700 [amqEmbeddedWorkerJmsContainer-8] [uk.ac.ebi.interpro.scan.io.pirsf.hmmer3.PirsfHmmer3RawMatchParser:130] WARN - Unexpected Raw match line: #    score  bias  c-Evalue  i-Evalue hmmfrom  hmm to    alifrom  ali to    envfrom  env to     acc
2023-06-24 21:07:31,700 [amqEmbeddedWorkerJmsContainer-8] [uk.ac.ebi.interpro.scan.io.pirsf.hmmer3.PirsfHmmer3RawMatchParser:129] WARN - Couldn't parse the given raw match line, because it is of an unexpected format.
2023-06-24 21:07:31,700 [amqEmbeddedWorkerJmsContainer-8] [uk.ac.ebi.interpro.scan.io.pirsf.hmmer3.PirsfHmmer3RawMatchParser:130] WARN - Unexpected Raw match line: 1 !  478.0   1.0  1.3e-147  5.4e-145      91     438 ..       2     341 ..       1     342 [] 0.98
24/06/2023 21:18:17:575 100% done:  InterProScan analyses completed 

2023-06-24 21:18:18,078 [main] [uk.ac.ebi.interpro.scan.jms.master.AbstractMaster:259] WARN - Master process unable to delete temporary directory /projects/raw_lab/jobs/metacerberus/temp/str-c112.uncc.edu_20230624_210345116_5uyw
2567.89user 261.65system 14:37.62elapsed 322%CPU (0avgtext+0avgdata 3570416maxresident)k
1270080inputs+1178256outputs (188major+16658100minor)pagefaults 0swaps

======================================================
End Time   : Sat Jun 24 21:18:18 EDT 2023
Run Time   : 878 seconds
======================================================

