=====================================================
Start Time  : Sat Jun 24 20:40:35 EDT 2023
Submit Dir  : /projects/raw_lab/jobs/metacerberus
Job ID/Name : 3995664 / InterProScan
Node List   : str-c94
Num Tasks   : 1 total [1 nodes @ 16 CPUs/node]
======================================================

Loading interproscan/5.60-92.0
  Loading requirement: anaconda3/2020.11 openjdk/15
======================================================
Running InterProScan On PHAGES/genomes/NC_070760.fna
======================================================
24/06/2023 20:40:36:516 Welcome to InterProScan-5.60-92.0
24/06/2023 20:40:36:516 Running InterProScan v5 in STANDALONE mode... on Linux
24/06/2023 20:40:40:497 RunID: str-c94.uncc.edu_20230624_204040304_fhtv
24/06/2023 20:40:48:697 Loading file /projects/raw_lab/jobs/metacerberus/PHAGES/genomes/NC_070760.fna
24/06/2023 20:40:49:175 Running the following analyses:
[AntiFam-7.0,CDD-3.20,Coils-2.2.1,FunFam-4.3.0,Gene3D-4.3.0,Hamap-2021_04,MobiDBLite-2.0,PANTHER-17.0,Pfam-35.0,PIRSF-3.10,PIRSR-2021_05,PRINTS-42.0,ProSitePatterns-2022_01,ProSiteProfiles-2022_01,SFLD-4,SMART-7.1,SUPERFAMILY-1.75,TIGRFAM-15.0]
Pre-calculated match lookup service DISABLED.  Please wait for match calculations to complete...
24/06/2023 20:42:21:694 100% done:  InterProScan analyses completed 

2023-06-24 20:42:22,199 [main] [uk.ac.ebi.interpro.scan.jms.master.AbstractMaster:259] WARN - Master process unable to delete temporary directory /projects/raw_lab/jobs/metacerberus/temp/str-c94.uncc.edu_20230624_204040304_fhtv
251.25user 22.96system 1:46.36elapsed 257%CPU (0avgtext+0avgdata 3332712maxresident)k
476384inputs+480752outputs (13major+1702040minor)pagefaults 0swaps

======================================================
End Time   : Sat Jun 24 20:42:22 EDT 2023
Run Time   : 107 seconds
======================================================

