=====================================================
Start Time  : Sat Jul  1 17:14:41 EDT 2023
Submit Dir  : /projects/raw_lab/jobs/metacerberus
Job ID/Name : 4128815 / PROKKA
Node List   : str-c91
Num Tasks   : 1 total [1 nodes @ 16 CPUs/node]
======================================================

Loading prokka/1.14.6
  Loading requirement: anaconda3/2022.10
======================================================
Running PROKKA On CPR/SAMN04315271.fna
======================================================
Viruses
[17:14:43] This is prokka 1.14.6
[17:14:43] Written by Torsten Seemann <torsten.seemann@gmail.com>
[17:14:43] Homepage is https://github.com/tseemann/prokka
[17:14:43] Local time is Sat Jul  1 17:14:43 2023
[17:14:43] You are jlfiguer
[17:14:43] Operating system is linux
[17:14:43] You have BioPerl 1.7.8
Argument "1.7.8" isn't numeric in numeric lt (<) at /apps/pkg/anaconda3/2022.10/envs/prokka-1.14.6/bin/prokka line 259.
[17:14:43] System has 16 cores.
[17:14:43] Will use maximum of 16 cores.
[17:14:43] Annotating as >>> Viruses <<<
[17:14:43] Generating locus_tag from 'CPR/SAMN04315271.fna' contents.
[17:14:43] Setting --locustag HMJBDHOA from MD5 163bd18ac87d8ec875aa3c5c39581aaa
[17:14:43] Creating new output folder: results/PROKKA/CPR/SAMN04315271
[17:14:43] Running: mkdir -p results\/PROKKA\/CPR\/SAMN04315271
[17:14:43] Using filename prefix: SAMN04315271.XXX
[17:14:43] Setting HMMER_NCPU=1
[17:14:43] Writing log to: results/PROKKA/CPR/SAMN04315271/SAMN04315271.log
[17:14:43] Command: /apps/pkg/anaconda3/2022.10/envs/prokka-1.14.6/bin/prokka --prefix SAMN04315271 --outdir results/PROKKA/CPR/SAMN04315271 --kingdom Viruses --cpus 16 CPR/SAMN04315271.fna
[17:14:43] Appending to PATH: /apps/pkg/anaconda3/2022.10/envs/prokka-1.14.6/bin
[17:14:43] Looking for 'aragorn' - found /apps/pkg/anaconda3/2022.10/envs/prokka-1.14.6/bin/aragorn
[17:14:43] Determined aragorn version is 001002 from 'ARAGORN v1.2.41 Dean Laslett'
[17:14:43] Looking for 'barrnap' - found /apps/pkg/anaconda3/2022.10/envs/prokka-1.14.6/bin/barrnap
[17:14:43] Determined barrnap version is 000009 from 'barrnap 0.9'
[17:14:43] Looking for 'blastp' - found /apps/pkg/anaconda3/2022.10/envs/prokka-1.14.6/bin/blastp
[17:14:43] Determined blastp version is 002013 from 'blastp: 2.13.0+'
[17:14:43] Looking for 'cmpress' - found /apps/pkg/anaconda3/2022.10/envs/prokka-1.14.6/bin/cmpress
[17:14:43] Determined cmpress version is 001001 from '# INFERNAL 1.1.4 (Dec 2020)'
[17:14:43] Looking for 'cmscan' - found /apps/pkg/anaconda3/2022.10/envs/prokka-1.14.6/bin/cmscan
[17:14:43] Determined cmscan version is 001001 from '# INFERNAL 1.1.4 (Dec 2020)'
[17:14:43] Looking for 'egrep' - found /usr/bin/egrep
[17:14:43] Looking for 'find' - found /usr/bin/find
[17:14:43] Looking for 'grep' - found /usr/bin/grep
[17:14:43] Looking for 'hmmpress' - found /apps/pkg/anaconda3/2022.10/envs/prokka-1.14.6/bin/hmmpress
[17:14:43] Determined hmmpress version is 003003 from '# HMMER 3.3.2 (Nov 2020); http://hmmer.org/'
[17:14:43] Looking for 'hmmscan' - found /apps/pkg/anaconda3/2022.10/envs/prokka-1.14.6/bin/hmmscan
[17:14:43] Determined hmmscan version is 003003 from '# HMMER 3.3.2 (Nov 2020); http://hmmer.org/'
[17:14:43] Looking for 'java' - found /apps/pkg/anaconda3/2022.10/envs/prokka-1.14.6/bin/java
[17:14:43] Looking for 'makeblastdb' - found /apps/pkg/anaconda3/2022.10/envs/prokka-1.14.6/bin/makeblastdb
[17:14:43] Determined makeblastdb version is 002013 from 'makeblastdb: 2.13.0+'
[17:14:43] Looking for 'minced' - found /apps/pkg/anaconda3/2022.10/envs/prokka-1.14.6/bin/minced
[17:14:43] Determined minced version is 004002 from 'minced 0.4.2'
[17:14:43] Looking for 'parallel' - found /apps/pkg/anaconda3/2022.10/envs/prokka-1.14.6/bin/parallel
[17:14:43] Determined parallel version is 20230122 from 'GNU parallel 20230122'
[17:14:43] Looking for 'prodigal' - found /apps/pkg/anaconda3/2022.10/envs/prokka-1.14.6/bin/prodigal
[17:14:43] Determined prodigal version is 002006 from 'Prodigal V2.6.3: February, 2016'
[17:14:43] Looking for 'prokka-genbank_to_fasta_db' - found /apps/pkg/anaconda3/2022.10/envs/prokka-1.14.6/bin/prokka-genbank_to_fasta_db
[17:14:43] Looking for 'sed' - found /usr/bin/sed
[17:14:43] Looking for 'tbl2asn' - found /apps/pkg/anaconda3/2022.10/envs/prokka-1.14.6/bin/tbl2asn
[17:14:43] Determined tbl2asn version is 025007 from 'tbl2asn 25.7   arguments:'
[17:14:43] Using genetic code table 1.
[17:14:43] Loading and checking input file: CPR/SAMN04315271.fna
[17:14:43] Wrote 32 contigs totalling 664577 bp.
[17:14:43] Predicting tRNAs and tmRNAs
[17:14:43] Running: aragorn -l -gc1  -w results\/PROKKA\/CPR\/SAMN04315271\/SAMN04315271\.fna
[17:14:43] 1 tRNA-Gln [2509,2581] 34 (ttg)
[17:14:43] 1 tRNA-Ser [732,821] 35 (gct)
[17:14:43] 2 tRNA-Ser c[2968,3055] 35 (tga)
[17:14:43] 3 tRNA-Arg [3589,3661] 34 (gcg)
[17:14:43] 1 tRNA-Met c[990,1061] 33 (cat)
[17:14:43] 1 tRNA-Arg [7849,7921] 34 (ccg)
[17:14:43] 2 tRNA-Pro [7933,8004] 33 (ggg)
[17:14:43] 3 tRNA-Lys [8997,9068] 33 (ctt)
[17:14:43] 1 tRNA-Arg [10412,10484] 34 (cct)
[17:14:43] 2 tRNA-Ala [10941,11012] 33 (ggc)
[17:14:43] 3 tRNA-Ser [12092,12181] 35 (cga)
[17:14:43] 4 tRNA-Cys [14455,14527] 33 (gca)
[17:14:43] 5 tRNA-Leu [14542,14624] 34 (taa)
[17:14:43] 6 tRNA-Leu [14635,14717] 35 (tag)
[17:14:43] 7 tRNA-Gly [15874,15945] 33 (gcc)
[17:14:43] 8 tRNA-Gly [44651,44722] 33 (ccc)
[17:14:43] 9 tRNA-Thr [47180,47254] 33 (cgt)
[17:14:43] 10 tRNA-Gln c[57203,57274] 33 (ctg)
[17:14:43] 1 tRNA-Glu [2548,2620] 34 (ttc)
[17:14:43] 2 tRNA-Val [2955,3029] 33 (gac)
[17:14:43] 3 tRNA-Leu [5503,5589] 35 (gag)
[17:14:43] tRNA c[27353,27425] is a pseudo/wacky gene - skipping.
[17:14:43] 1 tRNA-Ala c[22,94] 33 (tgc)
[17:14:43] 1 tRNA-Leu c[4755,4837] 35 (cag)
[17:14:43] 1 tRNA-Ile c[1893,1965] 33 (tat)
[17:14:43] 2 tRNA-Leu c[10443,10527] 35 (caa)
[17:14:43] 3 tmRNA [37238,37547] 94,138 ANLFGTREPALAVA*
[17:14:43] 1 tRNA-Thr [2258,2330] 33 (tgt)
[17:14:43] 2 tRNA-Tyr [11803,11888] 35 (gta)
[17:14:43] 3 tRNA-Thr [18441,18515] 34 (ggt)
[17:14:43] 4 tRNA-Trp [20007,20081] 34 (cca)
[17:14:43] 5 tRNA-Lys c[45639,45712] 34 (ttt)
[17:14:43] 1 tRNA-Arg [39064,39136] 34 (tcg)
[17:14:43] 2 tRNA-Pro [40647,40718] 33 (cgg)
[17:14:43] 3 tRNA-Ala [40733,40804] 33 (cgc)
[17:14:43] 4 tRNA-Pro [42270,42341] 33 (tgg)
[17:14:43] 5 tRNA-Gly [48695,48767] 34 (tcc)
[17:14:43] 1 tRNA-Arg [2756,2829] 34 (tct)
[17:14:43] 2 tRNA-Val [2838,2910] 33 (tac)
[17:14:43] 3 tRNA-Phe [4004,4076] 33 (gaa)
[17:14:43] 1 tRNA-Val [12997,13071] 33 (cac)
[17:14:43] 1 tRNA-Asn c[35003,35076] 33 (gtt)
[17:14:43] 2 tRNA-Ser c[57852,57941] 35 (gga)
[17:14:43] 1 tRNA-Asp c[8032,8108] 36 (gtc)
[17:14:43] 2 tRNA-Met c[8127,8199] 33 (cat)
[17:14:43] 1 tRNA-Glu [27227,27302] 37 (ctc)
[17:14:43] Found 45 tRNAs
[17:14:43] Disabling rRNA search: --kingdom=Viruses or --norrna=0
[17:14:43] Skipping ncRNA search, enable with --rfam if desired.
[17:14:43] Total of 44 tRNA + rRNA features
[17:14:43] Searching for CRISPR repeats
[17:14:44] Found 0 CRISPRs
[17:14:44] Predicting coding sequences
[17:14:44] Contigs total 664577 bp, so using single mode
[17:14:44] Running: prodigal -i results\/PROKKA\/CPR\/SAMN04315271\/SAMN04315271\.fna -c -m -g 1 -p single -f sco -q
[17:14:44] Excluding CDS which overlaps existing RNA (tRNA) at MFIE01000001.1:1822..2589 on + strand
[17:14:44] Excluding CDS which overlaps existing RNA (tRNA) at MFIE01000006.1:8263..9006 on + strand
[17:14:44] Excluding CDS which overlaps existing RNA (tRNA) at MFIE01000007.1:10457..10924 on + strand
[17:14:44] Excluding CDS which overlaps existing RNA (tRNA) at MFIE01000008.1:4846..5517 on + strand
[17:14:44] Excluding CDS which overlaps existing RNA (tRNA) at MFIE01000017.1:1956..2624 on - strand
[17:14:44] Excluding CDS which overlaps existing RNA (tRNA) at MFIE01000018.1:2329..2892 on - strand
[17:14:44] Excluding CDS which overlaps existing RNA (tRNA) at MFIE01000029.1:27299..28222 on - strand
[17:14:44] Found 725 CDS
[17:14:44] Connecting features back to sequences
[17:14:44] Not using genus-specific database. Try --usegenus to enable it.
[17:14:44] Annotating CDS, please be patient.
[17:14:44] Will use 16 CPUs for similarity searching.
[17:14:44] There are still 725 unannotated CDS left (started with 725)
[17:14:44] Will use blast to search against /apps/pkg/anaconda3/2022.10/envs/prokka-1.14.6/db/kingdom/Viruses/sprot with 16 CPUs
[17:14:44] Running: cat results\/PROKKA\/CPR\/SAMN04315271\/SAMN04315271\.sprot\.tmp\.166706\.faa | parallel --gnu --plain -j 16 --block 5939 --recstart '>' --pipe blastp -query - -db /apps/pkg/anaconda3/2022.10/envs/prokka-1.14.6/db/kingdom/Viruses/sprot -evalue 1e-09 -qcov_hsp_perc 80 -num_threads 1 -num_descriptions 1 -num_alignments 1 -seg no > results\/PROKKA\/CPR\/SAMN04315271\/SAMN04315271\.sprot\.tmp\.166706\.blast 2> /dev/null
[17:14:46] Deleting unwanted file: results/PROKKA/CPR/SAMN04315271/SAMN04315271.sprot.tmp.166706.faa
[17:14:46] Deleting unwanted file: results/PROKKA/CPR/SAMN04315271/SAMN04315271.sprot.tmp.166706.blast
[17:14:46] Labelling remaining 719 proteins as 'hypothetical protein'
[17:14:46] Found 4 unique /gene codes.
[17:14:46] Fixed 0 colliding /gene names.
[17:14:46] Adding /locus_tag identifiers
[17:14:46] Assigned 770 locus_tags to CDS and RNA features.
[17:14:46] Writing outputs to results/PROKKA/CPR/SAMN04315271/
[17:14:46] Generating annotation statistics file
[17:14:46] Generating Genbank and Sequin files
[17:14:46] Running: tbl2asn -V b -a r10k -l paired-ends -M n -N 1 -y 'Annotated using prokka 1.14.6 from https://github.com/tseemann/prokka' -Z results\/PROKKA\/CPR\/SAMN04315271\/SAMN04315271\.err -i results\/PROKKA\/CPR\/SAMN04315271\/SAMN04315271\.fsa 2> /dev/null
[tbl2asn-forever] Found Prokka input, correcting dates in .gbf|.sqn files.
[tbl2asn-forever] Correcting dates in results/PROKKA/CPR/SAMN04315271/SAMN04315271.gbf
[tbl2asn-forever] Correcting dates in results/PROKKA/CPR/SAMN04315271/SAMN04315271.sqn
[tbl2asn-forever] Dates changed from 01-JAN-2019 to 01-JUL-2023
[17:14:48] Deleting unwanted file: results/PROKKA/CPR/SAMN04315271/errorsummary.val
[17:14:48] Deleting unwanted file: results/PROKKA/CPR/SAMN04315271/SAMN04315271.dr
[17:14:48] Deleting unwanted file: results/PROKKA/CPR/SAMN04315271/SAMN04315271.fixedproducts
[17:14:48] Deleting unwanted file: results/PROKKA/CPR/SAMN04315271/SAMN04315271.ecn
[17:14:48] Deleting unwanted file: results/PROKKA/CPR/SAMN04315271/SAMN04315271.val
[17:14:48] Repairing broken .GBK output that tbl2asn produces...
[17:14:48] Running: sed 's/COORDINATES: profile/COORDINATES:profile/' < results\/PROKKA\/CPR\/SAMN04315271\/SAMN04315271\.gbf > results\/PROKKA\/CPR\/SAMN04315271\/SAMN04315271\.gbk
[17:14:48] Deleting unwanted file: results/PROKKA/CPR/SAMN04315271/SAMN04315271.gbf
[17:14:48] Output files:
[17:14:48] results/PROKKA/CPR/SAMN04315271/SAMN04315271.log
[17:14:48] results/PROKKA/CPR/SAMN04315271/SAMN04315271.fna
[17:14:48] results/PROKKA/CPR/SAMN04315271/SAMN04315271.gff
[17:14:48] results/PROKKA/CPR/SAMN04315271/SAMN04315271.faa
[17:14:48] results/PROKKA/CPR/SAMN04315271/SAMN04315271.ffn
[17:14:48] results/PROKKA/CPR/SAMN04315271/SAMN04315271.tbl
[17:14:48] results/PROKKA/CPR/SAMN04315271/SAMN04315271.fsa
[17:14:48] results/PROKKA/CPR/SAMN04315271/SAMN04315271.tsv
[17:14:48] results/PROKKA/CPR/SAMN04315271/SAMN04315271.txt
[17:14:48] results/PROKKA/CPR/SAMN04315271/SAMN04315271.err
[17:14:48] results/PROKKA/CPR/SAMN04315271/SAMN04315271.sqn
[17:14:48] results/PROKKA/CPR/SAMN04315271/SAMN04315271.gbk
[17:14:48] Annotation finished successfully.
[17:14:48] Walltime used: 0.08 minutes
[17:14:48] If you use this result please cite the Prokka paper:
[17:14:48] Seemann T (2014) Prokka: rapid prokaryotic genome annotation. Bioinformatics. 30(14):2068-9.
[17:14:48] Type 'prokka --citation' for more details.
[17:14:48] Share and enjoy!
17.21user 0.73system 0:05.14elapsed 348%CPU (0avgtext+0avgdata 104892maxresident)k
10616inputs+38592outputs (0major+240445minor)pagefaults 0swaps

======================================================
End Time   : Sat Jul  1 17:14:48 EDT 2023
Run Time   : 7 seconds
======================================================

