=====================================================
Start Time  : Sat Jun 24 21:07:37 EDT 2023
Submit Dir  : /projects/raw_lab/jobs/metacerberus
Job ID/Name : 3996762 / InterProScan
Node List   : str-c98
Num Tasks   : 1 total [1 nodes @ 16 CPUs/node]
======================================================

Loading interproscan/5.60-92.0
  Loading requirement: anaconda3/2020.11 openjdk/15
======================================================
Running InterProScan On CPR/SAMN04328198.fna
======================================================
24/06/2023 21:07:38:927 Welcome to InterProScan-5.60-92.0
24/06/2023 21:07:38:928 Running InterProScan v5 in STANDALONE mode... on Linux
24/06/2023 21:07:43:055 RunID: str-c98.uncc.edu_20230624_210742871_y0b
24/06/2023 21:07:51:812 Loading file /projects/raw_lab/jobs/metacerberus/CPR/SAMN04328198.fna
24/06/2023 21:07:52:511 Running the following analyses:
[AntiFam-7.0,CDD-3.20,Coils-2.2.1,FunFam-4.3.0,Gene3D-4.3.0,Hamap-2021_04,MobiDBLite-2.0,PANTHER-17.0,Pfam-35.0,PIRSF-3.10,PIRSR-2021_05,PRINTS-42.0,ProSitePatterns-2022_01,ProSiteProfiles-2022_01,SFLD-4,SMART-7.1,SUPERFAMILY-1.75,TIGRFAM-15.0]
Pre-calculated match lookup service DISABLED.  Please wait for match calculations to complete...
2023-06-24 21:10:22,531 [amqEmbeddedWorkerJmsContainer-12] [uk.ac.ebi.interpro.scan.io.pirsf.hmmer3.PirsfHmmer3RawMatchParser:129] WARN - Couldn't parse the given raw match line, because it is of an unexpected format.
2023-06-24 21:10:22,536 [amqEmbeddedWorkerJmsContainer-12] [uk.ac.ebi.interpro.scan.io.pirsf.hmmer3.PirsfHmmer3RawMatchParser:130] WARN - Unexpected Raw match line: Query sequence: 109 matches PIRSF000854: Phosphoenolpyruvate synthase
2023-06-24 21:10:22,536 [amqEmbeddedWorkerJmsContainer-12] [uk.ac.ebi.interpro.scan.io.pirsf.hmmer3.PirsfHmmer3RawMatchParser:129] WARN - Couldn't parse the given raw match line, because it is of an unexpected format.
2023-06-24 21:10:22,536 [amqEmbeddedWorkerJmsContainer-12] [uk.ac.ebi.interpro.scan.io.pirsf.hmmer3.PirsfHmmer3RawMatchParser:130] WARN - Unexpected Raw match line: #    score  bias  c-Evalue  i-Evalue hmmfrom  hmm to    alifrom  ali to    envfrom  env to     acc
2023-06-24 21:10:22,536 [amqEmbeddedWorkerJmsContainer-12] [uk.ac.ebi.interpro.scan.io.pirsf.hmmer3.PirsfHmmer3RawMatchParser:129] WARN - Couldn't parse the given raw match line, because it is of an unexpected format.
2023-06-24 21:10:22,536 [amqEmbeddedWorkerJmsContainer-12] [uk.ac.ebi.interpro.scan.io.pirsf.hmmer3.PirsfHmmer3RawMatchParser:130] WARN - Unexpected Raw match line: 1 !  732.1   4.2  3.5e-224  2.3e-221       5     793 ..      16     765 ..      12     768 .] 0.94
2023-06-24 21:10:22,536 [amqEmbeddedWorkerJmsContainer-12] [uk.ac.ebi.interpro.scan.io.pirsf.hmmer3.PirsfHmmer3RawMatchParser:129] WARN - Couldn't parse the given raw match line, because it is of an unexpected format.
2023-06-24 21:10:22,536 [amqEmbeddedWorkerJmsContainer-12] [uk.ac.ebi.interpro.scan.io.pirsf.hmmer3.PirsfHmmer3RawMatchParser:130] WARN - Unexpected Raw match line: Query sequence: 123 matches PIRSF002869: Virulence factor MviN homolog
2023-06-24 21:10:22,536 [amqEmbeddedWorkerJmsContainer-12] [uk.ac.ebi.interpro.scan.io.pirsf.hmmer3.PirsfHmmer3RawMatchParser:129] WARN - Couldn't parse the given raw match line, because it is of an unexpected format.
2023-06-24 21:10:22,536 [amqEmbeddedWorkerJmsContainer-12] [uk.ac.ebi.interpro.scan.io.pirsf.hmmer3.PirsfHmmer3RawMatchParser:130] WARN - Unexpected Raw match line: #    score  bias  c-Evalue  i-Evalue hmmfrom  hmm to    alifrom  ali to    envfrom  env to     acc
2023-06-24 21:10:22,536 [amqEmbeddedWorkerJmsContainer-12] [uk.ac.ebi.interpro.scan.io.pirsf.hmmer3.PirsfHmmer3RawMatchParser:129] WARN - Couldn't parse the given raw match line, because it is of an unexpected format.
2023-06-24 21:10:22,536 [amqEmbeddedWorkerJmsContainer-12] [uk.ac.ebi.interpro.scan.io.pirsf.hmmer3.PirsfHmmer3RawMatchParser:130] WARN - Unexpected Raw match line: 1 !  334.5  37.4  5.8e-104  3.9e-101       3     514 ..      20     528 ..      18     530 .. 0.95
2023-06-24 21:10:22,537 [amqEmbeddedWorkerJmsContainer-12] [uk.ac.ebi.interpro.scan.io.pirsf.hmmer3.PirsfHmmer3RawMatchParser:129] WARN - Couldn't parse the given raw match line, because it is of an unexpected format.
2023-06-24 21:10:22,537 [amqEmbeddedWorkerJmsContainer-12] [uk.ac.ebi.interpro.scan.io.pirsf.hmmer3.PirsfHmmer3RawMatchParser:130] WARN - Unexpected Raw match line: Query sequence: 209 matches PIRSF005901: Translation elongation factor P
2023-06-24 21:10:22,537 [amqEmbeddedWorkerJmsContainer-12] [uk.ac.ebi.interpro.scan.io.pirsf.hmmer3.PirsfHmmer3RawMatchParser:129] WARN - Couldn't parse the given raw match line, because it is of an unexpected format.
2023-06-24 21:10:22,537 [amqEmbeddedWorkerJmsContainer-12] [uk.ac.ebi.interpro.scan.io.pirsf.hmmer3.PirsfHmmer3RawMatchParser:130] WARN - Unexpected Raw match line: #    score  bias  c-Evalue  i-Evalue hmmfrom  hmm to    alifrom  ali to    envfrom  env to     acc
2023-06-24 21:10:22,537 [amqEmbeddedWorkerJmsContainer-12] [uk.ac.ebi.interpro.scan.io.pirsf.hmmer3.PirsfHmmer3RawMatchParser:129] WARN - Couldn't parse the given raw match line, because it is of an unexpected format.
2023-06-24 21:10:22,537 [amqEmbeddedWorkerJmsContainer-12] [uk.ac.ebi.interpro.scan.io.pirsf.hmmer3.PirsfHmmer3RawMatchParser:130] WARN - Unexpected Raw match line: 1 !  184.6   0.0   7.4e-59   4.9e-56       2     186 ..       4     188 ..       3     189 .] 0.99
2023-06-24 21:10:22,537 [amqEmbeddedWorkerJmsContainer-12] [uk.ac.ebi.interpro.scan.io.pirsf.hmmer3.PirsfHmmer3RawMatchParser:129] WARN - Couldn't parse the given raw match line, because it is of an unexpected format.
2023-06-24 21:10:22,537 [amqEmbeddedWorkerJmsContainer-12] [uk.ac.ebi.interpro.scan.io.pirsf.hmmer3.PirsfHmmer3RawMatchParser:130] WARN - Unexpected Raw match line: Query sequence: 218 matches PIRSF006004: Predicted radical SAM enzyme, Cfr type
2023-06-24 21:10:22,537 [amqEmbeddedWorkerJmsContainer-12] [uk.ac.ebi.interpro.scan.io.pirsf.hmmer3.PirsfHmmer3RawMatchParser:129] WARN - Couldn't parse the given raw match line, because it is of an unexpected format.
2023-06-24 21:10:22,537 [amqEmbeddedWorkerJmsContainer-12] [uk.ac.ebi.interpro.scan.io.pirsf.hmmer3.PirsfHmmer3RawMatchParser:130] WARN - Unexpected Raw match line: #    score  bias  c-Evalue  i-Evalue hmmfrom  hmm to    alifrom  ali to    envfrom  env to     acc
2023-06-24 21:10:22,537 [amqEmbeddedWorkerJmsContainer-12] [uk.ac.ebi.interpro.scan.io.pirsf.hmmer3.PirsfHmmer3RawMatchParser:129] WARN - Couldn't parse the given raw match line, because it is of an unexpected format.
2023-06-24 21:10:22,537 [amqEmbeddedWorkerJmsContainer-12] [uk.ac.ebi.interpro.scan.io.pirsf.hmmer3.PirsfHmmer3RawMatchParser:130] WARN - Unexpected Raw match line: 1 !  364.6   0.0  2.3e-113  1.6e-110       8     343 ..      15     390 ..       6     393 .] 0.95
2023-06-24 21:10:22,537 [amqEmbeddedWorkerJmsContainer-12] [uk.ac.ebi.interpro.scan.io.pirsf.hmmer3.PirsfHmmer3RawMatchParser:129] WARN - Couldn't parse the given raw match line, because it is of an unexpected format.
2023-06-24 21:10:22,537 [amqEmbeddedWorkerJmsContainer-12] [uk.ac.ebi.interpro.scan.io.pirsf.hmmer3.PirsfHmmer3RawMatchParser:130] WARN - Unexpected Raw match line: Query sequence: 230 matches PIRSF002161: Ribosomal protein, L5p/L5a/L11e/organellar L5 types
2023-06-24 21:10:22,538 [amqEmbeddedWorkerJmsContainer-12] [uk.ac.ebi.interpro.scan.io.pirsf.hmmer3.PirsfHmmer3RawMatchParser:129] WARN - Couldn't parse the given raw match line, because it is of an unexpected format.
2023-06-24 21:10:22,538 [amqEmbeddedWorkerJmsContainer-12] [uk.ac.ebi.interpro.scan.io.pirsf.hmmer3.PirsfHmmer3RawMatchParser:130] WARN - Unexpected Raw match line: #    score  bias  c-Evalue  i-Evalue hmmfrom  hmm to    alifrom  ali to    envfrom  env to     acc
2023-06-24 21:10:22,538 [amqEmbeddedWorkerJmsContainer-12] [uk.ac.ebi.interpro.scan.io.pirsf.hmmer3.PirsfHmmer3RawMatchParser:129] WARN - Couldn't parse the given raw match line, because it is of an unexpected format.
2023-06-24 21:10:22,538 [amqEmbeddedWorkerJmsContainer-12] [uk.ac.ebi.interpro.scan.io.pirsf.hmmer3.PirsfHmmer3RawMatchParser:130] WARN - Unexpected Raw match line: 1 !  186.3   0.6   2.2e-59   1.4e-56       3     187 ..       3     184 ..       1     185 [] 0.95
2023-06-24 21:10:22,538 [amqEmbeddedWorkerJmsContainer-12] [uk.ac.ebi.interpro.scan.io.pirsf.hmmer3.PirsfHmmer3RawMatchParser:129] WARN - Couldn't parse the given raw match line, because it is of an unexpected format.
2023-06-24 21:10:22,538 [amqEmbeddedWorkerJmsContainer-12] [uk.ac.ebi.interpro.scan.io.pirsf.hmmer3.PirsfHmmer3RawMatchParser:130] WARN - Unexpected Raw match line: Query sequence: 235 matches PIRSF004557: Preprotein translocase Sec, SecY/Sec61-alpha subunit
2023-06-24 21:10:22,538 [amqEmbeddedWorkerJmsContainer-12] [uk.ac.ebi.interpro.scan.io.pirsf.hmmer3.PirsfHmmer3RawMatchParser:129] WARN - Couldn't parse the given raw match line, because it is of an unexpected format.
2023-06-24 21:10:22,538 [amqEmbeddedWorkerJmsContainer-12] [uk.ac.ebi.interpro.scan.io.pirsf.hmmer3.PirsfHmmer3RawMatchParser:130] WARN - Unexpected Raw match line: #    score  bias  c-Evalue  i-Evalue hmmfrom  hmm to    alifrom  ali to    envfrom  env to     acc
2023-06-24 21:10:22,538 [amqEmbeddedWorkerJmsContainer-12] [uk.ac.ebi.interpro.scan.io.pirsf.hmmer3.PirsfHmmer3RawMatchParser:129] WARN - Couldn't parse the given raw match line, because it is of an unexpected format.
2023-06-24 21:10:22,538 [amqEmbeddedWorkerJmsContainer-12] [uk.ac.ebi.interpro.scan.io.pirsf.hmmer3.PirsfHmmer3RawMatchParser:130] WARN - Unexpected Raw match line: 1 !  380.1  26.0  6.8e-118  4.5e-115       8     444 ..       7     429 ..       2     431 .] 0.91
2023-06-24 21:10:22,538 [amqEmbeddedWorkerJmsContainer-12] [uk.ac.ebi.interpro.scan.io.pirsf.hmmer3.PirsfHmmer3RawMatchParser:129] WARN - Couldn't parse the given raw match line, because it is of an unexpected format.
2023-06-24 21:10:22,538 [amqEmbeddedWorkerJmsContainer-12] [uk.ac.ebi.interpro.scan.io.pirsf.hmmer3.PirsfHmmer3RawMatchParser:130] WARN - Unexpected Raw match line: Query sequence: 280 matches PIRSF005384: Sugar-phosphate isomerase, RpiB/LacA/LacB types
2023-06-24 21:10:22,538 [amqEmbeddedWorkerJmsContainer-12] [uk.ac.ebi.interpro.scan.io.pirsf.hmmer3.PirsfHmmer3RawMatchParser:129] WARN - Couldn't parse the given raw match line, because it is of an unexpected format.
2023-06-24 21:10:22,538 [amqEmbeddedWorkerJmsContainer-12] [uk.ac.ebi.interpro.scan.io.pirsf.hmmer3.PirsfHmmer3RawMatchParser:130] WARN - Unexpected Raw match line: #    score  bias  c-Evalue  i-Evalue hmmfrom  hmm to    alifrom  ali to    envfrom  env to     acc
2023-06-24 21:10:22,538 [amqEmbeddedWorkerJmsContainer-12] [uk.ac.ebi.interpro.scan.io.pirsf.hmmer3.PirsfHmmer3RawMatchParser:129] WARN - Couldn't parse the given raw match line, because it is of an unexpected format.
2023-06-24 21:10:22,539 [amqEmbeddedWorkerJmsContainer-12] [uk.ac.ebi.interpro.scan.io.pirsf.hmmer3.PirsfHmmer3RawMatchParser:130] WARN - Unexpected Raw match line: 1 !  112.7   0.1   1.4e-36   4.5e-34       1     143 [.      18     160 ..      18     162 .] 0.96
2023-06-24 21:10:22,539 [amqEmbeddedWorkerJmsContainer-12] [uk.ac.ebi.interpro.scan.io.pirsf.hmmer3.PirsfHmmer3RawMatchParser:129] WARN - Couldn't parse the given raw match line, because it is of an unexpected format.
2023-06-24 21:10:22,539 [amqEmbeddedWorkerJmsContainer-12] [uk.ac.ebi.interpro.scan.io.pirsf.hmmer3.PirsfHmmer3RawMatchParser:130] WARN - Unexpected Raw match line: Query sequence: 309 matches PIRSF001492: Cofactor-independent phosphoglycerate mutase
2023-06-24 21:10:22,539 [amqEmbeddedWorkerJmsContainer-12] [uk.ac.ebi.interpro.scan.io.pirsf.hmmer3.PirsfHmmer3RawMatchParser:129] WARN - Couldn't parse the given raw match line, because it is of an unexpected format.
2023-06-24 21:10:22,539 [amqEmbeddedWorkerJmsContainer-12] [uk.ac.ebi.interpro.scan.io.pirsf.hmmer3.PirsfHmmer3RawMatchParser:130] WARN - Unexpected Raw match line: #    score  bias  c-Evalue  i-Evalue hmmfrom  hmm to    alifrom  ali to    envfrom  env to     acc
2023-06-24 21:10:22,539 [amqEmbeddedWorkerJmsContainer-12] [uk.ac.ebi.interpro.scan.io.pirsf.hmmer3.PirsfHmmer3RawMatchParser:129] WARN - Couldn't parse the given raw match line, because it is of an unexpected format.
2023-06-24 21:10:22,539 [amqEmbeddedWorkerJmsContainer-12] [uk.ac.ebi.interpro.scan.io.pirsf.hmmer3.PirsfHmmer3RawMatchParser:130] WARN - Unexpected Raw match line: 1 !  550.9   0.0  1.4e-169  9.3e-167       5     515 ..      13     512 ..      10     514 .] 0.97
2023-06-24 21:10:22,539 [amqEmbeddedWorkerJmsContainer-12] [uk.ac.ebi.interpro.scan.io.pirsf.hmmer3.PirsfHmmer3RawMatchParser:129] WARN - Couldn't parse the given raw match line, because it is of an unexpected format.
2023-06-24 21:10:22,539 [amqEmbeddedWorkerJmsContainer-12] [uk.ac.ebi.interpro.scan.io.pirsf.hmmer3.PirsfHmmer3RawMatchParser:130] WARN - Unexpected Raw match line: Query sequence: 31 matches PIRSF035805: Thymidine kinase
2023-06-24 21:10:22,539 [amqEmbeddedWorkerJmsContainer-12] [uk.ac.ebi.interpro.scan.io.pirsf.hmmer3.PirsfHmmer3RawMatchParser:129] WARN - Couldn't parse the given raw match line, because it is of an unexpected format.
2023-06-24 21:10:22,539 [amqEmbeddedWorkerJmsContainer-12] [uk.ac.ebi.interpro.scan.io.pirsf.hmmer3.PirsfHmmer3RawMatchParser:130] WARN - Unexpected Raw match line: #    score  bias  c-Evalue  i-Evalue hmmfrom  hmm to    alifrom  ali to    envfrom  env to     acc
2023-06-24 21:10:22,539 [amqEmbeddedWorkerJmsContainer-12] [uk.ac.ebi.interpro.scan.io.pirsf.hmmer3.PirsfHmmer3RawMatchParser:129] WARN - Couldn't parse the given raw match line, because it is of an unexpected format.
2023-06-24 21:10:22,539 [amqEmbeddedWorkerJmsContainer-12] [uk.ac.ebi.interpro.scan.io.pirsf.hmmer3.PirsfHmmer3RawMatchParser:130] WARN - Unexpected Raw match line: 1 !  179.9   0.0     2e-57   1.3e-54       5     189 ..      37     235 ..      34     239 .] 0.95
2023-06-24 21:10:22,539 [amqEmbeddedWorkerJmsContainer-12] [uk.ac.ebi.interpro.scan.io.pirsf.hmmer3.PirsfHmmer3RawMatchParser:129] WARN - Couldn't parse the given raw match line, because it is of an unexpected format.
2023-06-24 21:10:22,539 [amqEmbeddedWorkerJmsContainer-12] [uk.ac.ebi.interpro.scan.io.pirsf.hmmer3.PirsfHmmer3RawMatchParser:130] WARN - Unexpected Raw match line: Query sequence: 346 matches PIRSF002162: Ribosomal protein, L6p/L6a/L9e/organellar L9 types
2023-06-24 21:10:22,540 [amqEmbeddedWorkerJmsContainer-12] [uk.ac.ebi.interpro.scan.io.pirsf.hmmer3.PirsfHmmer3RawMatchParser:129] WARN - Couldn't parse the given raw match line, because it is of an unexpected format.
2023-06-24 21:10:22,540 [amqEmbeddedWorkerJmsContainer-12] [uk.ac.ebi.interpro.scan.io.pirsf.hmmer3.PirsfHmmer3RawMatchParser:130] WARN - Unexpected Raw match line: #    score  bias  c-Evalue  i-Evalue hmmfrom  hmm to    alifrom  ali to    envfrom  env to     acc
2023-06-24 21:10:22,540 [amqEmbeddedWorkerJmsContainer-12] [uk.ac.ebi.interpro.scan.io.pirsf.hmmer3.PirsfHmmer3RawMatchParser:129] WARN - Couldn't parse the given raw match line, because it is of an unexpected format.
2023-06-24 21:10:22,540 [amqEmbeddedWorkerJmsContainer-12] [uk.ac.ebi.interpro.scan.io.pirsf.hmmer3.PirsfHmmer3RawMatchParser:130] WARN - Unexpected Raw match line: 1 !  133.9   0.0   2.5e-43   1.6e-40       2     184 ..       5     180 ..       4     181 .. 0.93
2023-06-24 21:10:22,540 [amqEmbeddedWorkerJmsContainer-12] [uk.ac.ebi.interpro.scan.io.pirsf.hmmer3.PirsfHmmer3RawMatchParser:129] WARN - Couldn't parse the given raw match line, because it is of an unexpected format.
2023-06-24 21:10:22,540 [amqEmbeddedWorkerJmsContainer-12] [uk.ac.ebi.interpro.scan.io.pirsf.hmmer3.PirsfHmmer3RawMatchParser:130] WARN - Unexpected Raw match line: Query sequence: 353 matches PIRSF002401: GTP-binding protein, obg type
2023-06-24 21:10:22,540 [amqEmbeddedWorkerJmsContainer-12] [uk.ac.ebi.interpro.scan.io.pirsf.hmmer3.PirsfHmmer3RawMatchParser:129] WARN - Couldn't parse the given raw match line, because it is of an unexpected format.
2023-06-24 21:10:22,540 [amqEmbeddedWorkerJmsContainer-12] [uk.ac.ebi.interpro.scan.io.pirsf.hmmer3.PirsfHmmer3RawMatchParser:130] WARN - Unexpected Raw match line: #    score  bias  c-Evalue  i-Evalue hmmfrom  hmm to    alifrom  ali to    envfrom  env to     acc
2023-06-24 21:10:22,540 [amqEmbeddedWorkerJmsContainer-12] [uk.ac.ebi.interpro.scan.io.pirsf.hmmer3.PirsfHmmer3RawMatchParser:129] WARN - Couldn't parse the given raw match line, because it is of an unexpected format.
2023-06-24 21:10:22,540 [amqEmbeddedWorkerJmsContainer-12] [uk.ac.ebi.interpro.scan.io.pirsf.hmmer3.PirsfHmmer3RawMatchParser:130] WARN - Unexpected Raw match line: 1 !  381.9   6.7  1.6e-118  1.1e-115       4     293 ..       4     345 ..       1     349 [] 0.96
2023-06-24 21:10:22,540 [amqEmbeddedWorkerJmsContainer-12] [uk.ac.ebi.interpro.scan.io.pirsf.hmmer3.PirsfHmmer3RawMatchParser:129] WARN - Couldn't parse the given raw match line, because it is of an unexpected format.
2023-06-24 21:10:22,540 [amqEmbeddedWorkerJmsContainer-12] [uk.ac.ebi.interpro.scan.io.pirsf.hmmer3.PirsfHmmer3RawMatchParser:130] WARN - Unexpected Raw match line: Query sequence: 410 matches PIRSF001529: Serine-tRNA ligase
2023-06-24 21:10:22,540 [amqEmbeddedWorkerJmsContainer-12] [uk.ac.ebi.interpro.scan.io.pirsf.hmmer3.PirsfHmmer3RawMatchParser:129] WARN - Couldn't parse the given raw match line, because it is of an unexpected format.
2023-06-24 21:10:22,540 [amqEmbeddedWorkerJmsContainer-12] [uk.ac.ebi.interpro.scan.io.pirsf.hmmer3.PirsfHmmer3RawMatchParser:130] WARN - Unexpected Raw match line: #    score  bias  c-Evalue  i-Evalue hmmfrom  hmm to    alifrom  ali to    envfrom  env to     acc
2023-06-24 21:10:22,541 [amqEmbeddedWorkerJmsContainer-12] [uk.ac.ebi.interpro.scan.io.pirsf.hmmer3.PirsfHmmer3RawMatchParser:129] WARN - Couldn't parse the given raw match line, because it is of an unexpected format.
2023-06-24 21:10:22,541 [amqEmbeddedWorkerJmsContainer-12] [uk.ac.ebi.interpro.scan.io.pirsf.hmmer3.PirsfHmmer3RawMatchParser:130] WARN - Unexpected Raw match line: 1 !  473.5   0.0  5.8e-146  1.9e-143       1     420 [.       8     420 ..       8     425 .. 0.97
2023-06-24 21:10:22,541 [amqEmbeddedWorkerJmsContainer-12] [uk.ac.ebi.interpro.scan.io.pirsf.hmmer3.PirsfHmmer3RawMatchParser:129] WARN - Couldn't parse the given raw match line, because it is of an unexpected format.
2023-06-24 21:10:22,541 [amqEmbeddedWorkerJmsContainer-12] [uk.ac.ebi.interpro.scan.io.pirsf.hmmer3.PirsfHmmer3RawMatchParser:130] WARN - Unexpected Raw match line: Query sequence: 423 matches PIRSF000149: Glyceraldehyde-3-phosphate dehydrogenase
2023-06-24 21:10:22,541 [amqEmbeddedWorkerJmsContainer-12] [uk.ac.ebi.interpro.scan.io.pirsf.hmmer3.PirsfHmmer3RawMatchParser:129] WARN - Couldn't parse the given raw match line, because it is of an unexpected format.
2023-06-24 21:10:22,541 [amqEmbeddedWorkerJmsContainer-12] [uk.ac.ebi.interpro.scan.io.pirsf.hmmer3.PirsfHmmer3RawMatchParser:130] WARN - Unexpected Raw match line: #    score  bias  c-Evalue  i-Evalue hmmfrom  hmm to    alifrom  ali to    envfrom  env to     acc
2023-06-24 21:10:22,541 [amqEmbeddedWorkerJmsContainer-12] [uk.ac.ebi.interpro.scan.io.pirsf.hmmer3.PirsfHmmer3RawMatchParser:129] WARN - Couldn't parse the given raw match line, because it is of an unexpected format.
2023-06-24 21:10:22,541 [amqEmbeddedWorkerJmsContainer-12] [uk.ac.ebi.interpro.scan.io.pirsf.hmmer3.PirsfHmmer3RawMatchParser:130] WARN - Unexpected Raw match line: 1 !  323.1   0.0  1.2e-100   8.3e-98       4     331 ..      18     367 ..      15     372 .. 0.93
2023-06-24 21:10:22,541 [amqEmbeddedWorkerJmsContainer-12] [uk.ac.ebi.interpro.scan.io.pirsf.hmmer3.PirsfHmmer3RawMatchParser:129] WARN - Couldn't parse the given raw match line, because it is of an unexpected format.
2023-06-24 21:10:22,541 [amqEmbeddedWorkerJmsContainer-12] [uk.ac.ebi.interpro.scan.io.pirsf.hmmer3.PirsfHmmer3RawMatchParser:130] WARN - Unexpected Raw match line: Query sequence: 447 matches PIRSF001549: Histidyl-tRNA synthetase
2023-06-24 21:10:22,541 [amqEmbeddedWorkerJmsContainer-12] [uk.ac.ebi.interpro.scan.io.pirsf.hmmer3.PirsfHmmer3RawMatchParser:129] WARN - Couldn't parse the given raw match line, because it is of an unexpected format.
2023-06-24 21:10:22,541 [amqEmbeddedWorkerJmsContainer-12] [uk.ac.ebi.interpro.scan.io.pirsf.hmmer3.PirsfHmmer3RawMatchParser:130] WARN - Unexpected Raw match line: #    score  bias  c-Evalue  i-Evalue hmmfrom  hmm to    alifrom  ali to    envfrom  env to     acc
2023-06-24 21:10:22,541 [amqEmbeddedWorkerJmsContainer-12] [uk.ac.ebi.interpro.scan.io.pirsf.hmmer3.PirsfHmmer3RawMatchParser:129] WARN - Couldn't parse the given raw match line, because it is of an unexpected format.
2023-06-24 21:10:22,541 [amqEmbeddedWorkerJmsContainer-12] [uk.ac.ebi.interpro.scan.io.pirsf.hmmer3.PirsfHmmer3RawMatchParser:130] WARN - Unexpected Raw match line: 1 !  360.1   1.6  2.6e-111  5.7e-109       2     437 ..       6     406 ..       5     408 .] 0.92
2023-06-24 21:10:22,541 [amqEmbeddedWorkerJmsContainer-12] [uk.ac.ebi.interpro.scan.io.pirsf.hmmer3.PirsfHmmer3RawMatchParser:129] WARN - Couldn't parse the given raw match line, because it is of an unexpected format.
2023-06-24 21:10:22,542 [amqEmbeddedWorkerJmsContainer-12] [uk.ac.ebi.interpro.scan.io.pirsf.hmmer3.PirsfHmmer3RawMatchParser:130] WARN - Unexpected Raw match line: Query sequence: 537 matches PIRSF003101: Cell division protein FtsA
2023-06-24 21:10:22,542 [amqEmbeddedWorkerJmsContainer-12] [uk.ac.ebi.interpro.scan.io.pirsf.hmmer3.PirsfHmmer3RawMatchParser:129] WARN - Couldn't parse the given raw match line, because it is of an unexpected format.
2023-06-24 21:10:22,542 [amqEmbeddedWorkerJmsContainer-12] [uk.ac.ebi.interpro.scan.io.pirsf.hmmer3.PirsfHmmer3RawMatchParser:130] WARN - Unexpected Raw match line: #    score  bias  c-Evalue  i-Evalue hmmfrom  hmm to    alifrom  ali to    envfrom  env to     acc
2023-06-24 21:10:22,542 [amqEmbeddedWorkerJmsContainer-12] [uk.ac.ebi.interpro.scan.io.pirsf.hmmer3.PirsfHmmer3RawMatchParser:129] WARN - Couldn't parse the given raw match line, because it is of an unexpected format.
2023-06-24 21:10:22,542 [amqEmbeddedWorkerJmsContainer-12] [uk.ac.ebi.interpro.scan.io.pirsf.hmmer3.PirsfHmmer3RawMatchParser:130] WARN - Unexpected Raw match line: 1 !  374.0  10.4  5.3e-116  3.5e-113       4     391 ..       3     396 ..       1     425 [. 0.89
2023-06-24 21:10:22,542 [amqEmbeddedWorkerJmsContainer-12] [uk.ac.ebi.interpro.scan.io.pirsf.hmmer3.PirsfHmmer3RawMatchParser:129] WARN - Couldn't parse the given raw match line, because it is of an unexpected format.
2023-06-24 21:10:22,542 [amqEmbeddedWorkerJmsContainer-12] [uk.ac.ebi.interpro.scan.io.pirsf.hmmer3.PirsfHmmer3RawMatchParser:130] WARN - Unexpected Raw match line: Query sequence: 547 matches PIRSF038992: Class Ia aldolase
2023-06-24 21:10:22,542 [amqEmbeddedWorkerJmsContainer-12] [uk.ac.ebi.interpro.scan.io.pirsf.hmmer3.PirsfHmmer3RawMatchParser:129] WARN - Couldn't parse the given raw match line, because it is of an unexpected format.
2023-06-24 21:10:22,542 [amqEmbeddedWorkerJmsContainer-12] [uk.ac.ebi.interpro.scan.io.pirsf.hmmer3.PirsfHmmer3RawMatchParser:130] WARN - Unexpected Raw match line: #    score  bias  c-Evalue  i-Evalue hmmfrom  hmm to    alifrom  ali to    envfrom  env to     acc
2023-06-24 21:10:22,542 [amqEmbeddedWorkerJmsContainer-12] [uk.ac.ebi.interpro.scan.io.pirsf.hmmer3.PirsfHmmer3RawMatchParser:129] WARN - Couldn't parse the given raw match line, because it is of an unexpected format.
2023-06-24 21:10:22,542 [amqEmbeddedWorkerJmsContainer-12] [uk.ac.ebi.interpro.scan.io.pirsf.hmmer3.PirsfHmmer3RawMatchParser:130] WARN - Unexpected Raw match line: 1 !  203.3   0.1   2.1e-64   1.4e-61      13     256 ..      18     264 ..       8     265 .] 0.92
2023-06-24 21:10:22,542 [amqEmbeddedWorkerJmsContainer-12] [uk.ac.ebi.interpro.scan.io.pirsf.hmmer3.PirsfHmmer3RawMatchParser:129] WARN - Couldn't parse the given raw match line, because it is of an unexpected format.
2023-06-24 21:10:22,542 [amqEmbeddedWorkerJmsContainer-12] [uk.ac.ebi.interpro.scan.io.pirsf.hmmer3.PirsfHmmer3RawMatchParser:130] WARN - Unexpected Raw match line: Query sequence: 612 matches PIRSF002158: Ribosomal protein, L2p/L2a/L8e/organellar L2 types
2023-06-24 21:10:22,542 [amqEmbeddedWorkerJmsContainer-12] [uk.ac.ebi.interpro.scan.io.pirsf.hmmer3.PirsfHmmer3RawMatchParser:129] WARN - Couldn't parse the given raw match line, because it is of an unexpected format.
2023-06-24 21:10:22,542 [amqEmbeddedWorkerJmsContainer-12] [uk.ac.ebi.interpro.scan.io.pirsf.hmmer3.PirsfHmmer3RawMatchParser:130] WARN - Unexpected Raw match line: #    score  bias  c-Evalue  i-Evalue hmmfrom  hmm to    alifrom  ali to    envfrom  env to     acc
2023-06-24 21:10:22,543 [amqEmbeddedWorkerJmsContainer-12] [uk.ac.ebi.interpro.scan.io.pirsf.hmmer3.PirsfHmmer3RawMatchParser:129] WARN - Couldn't parse the given raw match line, because it is of an unexpected format.
2023-06-24 21:10:22,543 [amqEmbeddedWorkerJmsContainer-12] [uk.ac.ebi.interpro.scan.io.pirsf.hmmer3.PirsfHmmer3RawMatchParser:130] WARN - Unexpected Raw match line: 1 !  281.8   8.4   2.9e-88   1.9e-85      14     265 ..       9     256 ..       2     258 .] 0.95
2023-06-24 21:10:22,543 [amqEmbeddedWorkerJmsContainer-12] [uk.ac.ebi.interpro.scan.io.pirsf.hmmer3.PirsfHmmer3RawMatchParser:129] WARN - Couldn't parse the given raw match line, because it is of an unexpected format.
2023-06-24 21:10:22,543 [amqEmbeddedWorkerJmsContainer-12] [uk.ac.ebi.interpro.scan.io.pirsf.hmmer3.PirsfHmmer3RawMatchParser:130] WARN - Unexpected Raw match line: Query sequence: 613 matches PIRSF001400: Enolase
2023-06-24 21:10:22,543 [amqEmbeddedWorkerJmsContainer-12] [uk.ac.ebi.interpro.scan.io.pirsf.hmmer3.PirsfHmmer3RawMatchParser:129] WARN - Couldn't parse the given raw match line, because it is of an unexpected format.
2023-06-24 21:10:22,543 [amqEmbeddedWorkerJmsContainer-12] [uk.ac.ebi.interpro.scan.io.pirsf.hmmer3.PirsfHmmer3RawMatchParser:130] WARN - Unexpected Raw match line: #    score  bias  c-Evalue  i-Evalue hmmfrom  hmm to    alifrom  ali to    envfrom  env to     acc
2023-06-24 21:10:22,543 [amqEmbeddedWorkerJmsContainer-12] [uk.ac.ebi.interpro.scan.io.pirsf.hmmer3.PirsfHmmer3RawMatchParser:129] WARN - Couldn't parse the given raw match line, because it is of an unexpected format.
2023-06-24 21:10:22,543 [amqEmbeddedWorkerJmsContainer-12] [uk.ac.ebi.interpro.scan.io.pirsf.hmmer3.PirsfHmmer3RawMatchParser:130] WARN - Unexpected Raw match line: 1 !  509.1   0.0  4.7e-157  3.1e-154       2     417 ..      12     430 ..      11     434 .. 0.98
2023-06-24 21:10:22,543 [amqEmbeddedWorkerJmsContainer-12] [uk.ac.ebi.interpro.scan.io.pirsf.hmmer3.PirsfHmmer3RawMatchParser:129] WARN - Couldn't parse the given raw match line, because it is of an unexpected format.
2023-06-24 21:10:22,543 [amqEmbeddedWorkerJmsContainer-12] [uk.ac.ebi.interpro.scan.io.pirsf.hmmer3.PirsfHmmer3RawMatchParser:130] WARN - Unexpected Raw match line: Query sequence: 637 matches PIRSF002741: Peptide binding protein, MppA type
2023-06-24 21:10:22,543 [amqEmbeddedWorkerJmsContainer-12] [uk.ac.ebi.interpro.scan.io.pirsf.hmmer3.PirsfHmmer3RawMatchParser:129] WARN - Couldn't parse the given raw match line, because it is of an unexpected format.
2023-06-24 21:10:22,543 [amqEmbeddedWorkerJmsContainer-12] [uk.ac.ebi.interpro.scan.io.pirsf.hmmer3.PirsfHmmer3RawMatchParser:130] WARN - Unexpected Raw match line: #    score  bias  c-Evalue  i-Evalue hmmfrom  hmm to    alifrom  ali to    envfrom  env to     acc
2023-06-24 21:10:22,543 [amqEmbeddedWorkerJmsContainer-12] [uk.ac.ebi.interpro.scan.io.pirsf.hmmer3.PirsfHmmer3RawMatchParser:129] WARN - Couldn't parse the given raw match line, because it is of an unexpected format.
2023-06-24 21:10:22,543 [amqEmbeddedWorkerJmsContainer-12] [uk.ac.ebi.interpro.scan.io.pirsf.hmmer3.PirsfHmmer3RawMatchParser:130] WARN - Unexpected Raw match line: 1 !   46.3   0.0   1.1e-16   7.3e-14      73     131 ..      77     135 ..      70     166 .. 0.91
2023-06-24 21:10:22,543 [amqEmbeddedWorkerJmsContainer-12] [uk.ac.ebi.interpro.scan.io.pirsf.hmmer3.PirsfHmmer3RawMatchParser:129] WARN - Couldn't parse the given raw match line, because it is of an unexpected format.
2023-06-24 21:10:22,543 [amqEmbeddedWorkerJmsContainer-12] [uk.ac.ebi.interpro.scan.io.pirsf.hmmer3.PirsfHmmer3RawMatchParser:130] WARN - Unexpected Raw match line: 2 !   76.7   1.9   6.6e-26   4.4e-23     236     513 ..     199     438 ..     196     441 .. 0.86
2023-06-24 21:10:22,544 [amqEmbeddedWorkerJmsContainer-12] [uk.ac.ebi.interpro.scan.io.pirsf.hmmer3.PirsfHmmer3RawMatchParser:129] WARN - Couldn't parse the given raw match line, because it is of an unexpected format.
2023-06-24 21:10:22,544 [amqEmbeddedWorkerJmsContainer-12] [uk.ac.ebi.interpro.scan.io.pirsf.hmmer3.PirsfHmmer3RawMatchParser:130] WARN - Unexpected Raw match line: Query sequence: 647 matches PIRSF002811: DNA primase
2023-06-24 21:10:22,544 [amqEmbeddedWorkerJmsContainer-12] [uk.ac.ebi.interpro.scan.io.pirsf.hmmer3.PirsfHmmer3RawMatchParser:129] WARN - Couldn't parse the given raw match line, because it is of an unexpected format.
2023-06-24 21:10:22,544 [amqEmbeddedWorkerJmsContainer-12] [uk.ac.ebi.interpro.scan.io.pirsf.hmmer3.PirsfHmmer3RawMatchParser:130] WARN - Unexpected Raw match line: #    score  bias  c-Evalue  i-Evalue hmmfrom  hmm to    alifrom  ali to    envfrom  env to     acc
2023-06-24 21:10:22,544 [amqEmbeddedWorkerJmsContainer-12] [uk.ac.ebi.interpro.scan.io.pirsf.hmmer3.PirsfHmmer3RawMatchParser:129] WARN - Couldn't parse the given raw match line, because it is of an unexpected format.
2023-06-24 21:10:22,544 [amqEmbeddedWorkerJmsContainer-12] [uk.ac.ebi.interpro.scan.io.pirsf.hmmer3.PirsfHmmer3RawMatchParser:130] WARN - Unexpected Raw match line: 1 !  528.5   0.0  1.6e-162    1e-159       5     592 ..       4     582 ..       1     584 [. 0.92
2023-06-24 21:10:22,544 [amqEmbeddedWorkerJmsContainer-12] [uk.ac.ebi.interpro.scan.io.pirsf.hmmer3.PirsfHmmer3RawMatchParser:129] WARN - Couldn't parse the given raw match line, because it is of an unexpected format.
2023-06-24 21:10:22,544 [amqEmbeddedWorkerJmsContainer-12] [uk.ac.ebi.interpro.scan.io.pirsf.hmmer3.PirsfHmmer3RawMatchParser:130] WARN - Unexpected Raw match line: Query sequence: 660 matches PIRSF003097: Cell division protein FtsX
2023-06-24 21:10:22,544 [amqEmbeddedWorkerJmsContainer-12] [uk.ac.ebi.interpro.scan.io.pirsf.hmmer3.PirsfHmmer3RawMatchParser:129] WARN - Couldn't parse the given raw match line, because it is of an unexpected format.
2023-06-24 21:10:22,544 [amqEmbeddedWorkerJmsContainer-12] [uk.ac.ebi.interpro.scan.io.pirsf.hmmer3.PirsfHmmer3RawMatchParser:130] WARN - Unexpected Raw match line: #    score  bias  c-Evalue  i-Evalue hmmfrom  hmm to    alifrom  ali to    envfrom  env to     acc
2023-06-24 21:10:22,544 [amqEmbeddedWorkerJmsContainer-12] [uk.ac.ebi.interpro.scan.io.pirsf.hmmer3.PirsfHmmer3RawMatchParser:129] WARN - Couldn't parse the given raw match line, because it is of an unexpected format.
2023-06-24 21:10:22,544 [amqEmbeddedWorkerJmsContainer-12] [uk.ac.ebi.interpro.scan.io.pirsf.hmmer3.PirsfHmmer3RawMatchParser:130] WARN - Unexpected Raw match line: 1 !  169.1   3.7   7.4e-54   4.9e-51       8     300 ..       3     303 ..       1     304 [. 0.93
2023-06-24 21:10:22,544 [amqEmbeddedWorkerJmsContainer-12] [uk.ac.ebi.interpro.scan.io.pirsf.hmmer3.PirsfHmmer3RawMatchParser:129] WARN - Couldn't parse the given raw match line, because it is of an unexpected format.
2023-06-24 21:10:22,544 [amqEmbeddedWorkerJmsContainer-12] [uk.ac.ebi.interpro.scan.io.pirsf.hmmer3.PirsfHmmer3RawMatchParser:130] WARN - Unexpected Raw match line: Query sequence: 661 matches PIRSF000194: Dihydrofolate reductase
2023-06-24 21:10:22,545 [amqEmbeddedWorkerJmsContainer-12] [uk.ac.ebi.interpro.scan.io.pirsf.hmmer3.PirsfHmmer3RawMatchParser:129] WARN - Couldn't parse the given raw match line, because it is of an unexpected format.
2023-06-24 21:10:22,545 [amqEmbeddedWorkerJmsContainer-12] [uk.ac.ebi.interpro.scan.io.pirsf.hmmer3.PirsfHmmer3RawMatchParser:130] WARN - Unexpected Raw match line: #    score  bias  c-Evalue  i-Evalue hmmfrom  hmm to    alifrom  ali to    envfrom  env to     acc
2023-06-24 21:10:22,545 [amqEmbeddedWorkerJmsContainer-12] [uk.ac.ebi.interpro.scan.io.pirsf.hmmer3.PirsfHmmer3RawMatchParser:129] WARN - Couldn't parse the given raw match line, because it is of an unexpected format.
2023-06-24 21:10:22,545 [amqEmbeddedWorkerJmsContainer-12] [uk.ac.ebi.interpro.scan.io.pirsf.hmmer3.PirsfHmmer3RawMatchParser:130] WARN - Unexpected Raw match line: 1 !  179.5   0.0   2.1e-57   1.4e-54       4     167 ..       7     165 .]       4     165 .] 0.96
2023-06-24 21:10:22,545 [amqEmbeddedWorkerJmsContainer-12] [uk.ac.ebi.interpro.scan.io.pirsf.hmmer3.PirsfHmmer3RawMatchParser:129] WARN - Couldn't parse the given raw match line, because it is of an unexpected format.
2023-06-24 21:10:22,545 [amqEmbeddedWorkerJmsContainer-12] [uk.ac.ebi.interpro.scan.io.pirsf.hmmer3.PirsfHmmer3RawMatchParser:130] WARN - Unexpected Raw match line: Query sequence: 76 matches PIRSF005384: Sugar-phosphate isomerase, RpiB/LacA/LacB types
2023-06-24 21:10:22,545 [amqEmbeddedWorkerJmsContainer-12] [uk.ac.ebi.interpro.scan.io.pirsf.hmmer3.PirsfHmmer3RawMatchParser:129] WARN - Couldn't parse the given raw match line, because it is of an unexpected format.
2023-06-24 21:10:22,545 [amqEmbeddedWorkerJmsContainer-12] [uk.ac.ebi.interpro.scan.io.pirsf.hmmer3.PirsfHmmer3RawMatchParser:130] WARN - Unexpected Raw match line: #    score  bias  c-Evalue  i-Evalue hmmfrom  hmm to    alifrom  ali to    envfrom  env to     acc
2023-06-24 21:10:22,545 [amqEmbeddedWorkerJmsContainer-12] [uk.ac.ebi.interpro.scan.io.pirsf.hmmer3.PirsfHmmer3RawMatchParser:129] WARN - Couldn't parse the given raw match line, because it is of an unexpected format.
2023-06-24 21:10:22,545 [amqEmbeddedWorkerJmsContainer-12] [uk.ac.ebi.interpro.scan.io.pirsf.hmmer3.PirsfHmmer3RawMatchParser:130] WARN - Unexpected Raw match line: 1 !  137.3   0.0   3.5e-44   1.1e-41       4     141 ..      19     156 ..      16     158 .] 0.97
2023-06-24 21:10:22,545 [amqEmbeddedWorkerJmsContainer-12] [uk.ac.ebi.interpro.scan.io.pirsf.hmmer3.PirsfHmmer3RawMatchParser:129] WARN - Couldn't parse the given raw match line, because it is of an unexpected format.
2023-06-24 21:10:22,545 [amqEmbeddedWorkerJmsContainer-12] [uk.ac.ebi.interpro.scan.io.pirsf.hmmer3.PirsfHmmer3RawMatchParser:130] WARN - Unexpected Raw match line: Query sequence: 94 matches PIRSF000386: tRNA-(m1G37) methyltransferase
2023-06-24 21:10:22,545 [amqEmbeddedWorkerJmsContainer-12] [uk.ac.ebi.interpro.scan.io.pirsf.hmmer3.PirsfHmmer3RawMatchParser:129] WARN - Couldn't parse the given raw match line, because it is of an unexpected format.
2023-06-24 21:10:22,545 [amqEmbeddedWorkerJmsContainer-12] [uk.ac.ebi.interpro.scan.io.pirsf.hmmer3.PirsfHmmer3RawMatchParser:130] WARN - Unexpected Raw match line: #    score  bias  c-Evalue  i-Evalue hmmfrom  hmm to    alifrom  ali to    envfrom  env to     acc
2023-06-24 21:10:22,545 [amqEmbeddedWorkerJmsContainer-12] [uk.ac.ebi.interpro.scan.io.pirsf.hmmer3.PirsfHmmer3RawMatchParser:129] WARN - Couldn't parse the given raw match line, because it is of an unexpected format.
2023-06-24 21:10:22,545 [amqEmbeddedWorkerJmsContainer-12] [uk.ac.ebi.interpro.scan.io.pirsf.hmmer3.PirsfHmmer3RawMatchParser:130] WARN - Unexpected Raw match line: 1 !  276.5   0.0   7.6e-87   5.1e-84       1     207 [.       7     225 ..       7     227 .] 0.97
24/06/2023 21:25:45:526 100% done:  InterProScan analyses completed 

2023-06-24 21:25:46,028 [main] [uk.ac.ebi.interpro.scan.jms.master.AbstractMaster:259] WARN - Master process unable to delete temporary directory /projects/raw_lab/jobs/metacerberus/temp/str-c98.uncc.edu_20230624_210742871_y0b
3457.83user 391.88system 18:07.88elapsed 353%CPU (0avgtext+0avgdata 3459888maxresident)k
1372256inputs+1294280outputs (231major+21169456minor)pagefaults 0swaps

======================================================
End Time   : Sat Jun 24 21:25:46 EDT 2023
Run Time   : 1089 seconds
======================================================

