=====================================================
Start Time  : Sat Jun 24 18:26:02 EDT 2023
Submit Dir  : /projects/raw_lab/jobs/metacerberus
Job ID/Name : 3995215 / InterProScan
Node List   : str-c92
Num Tasks   : 1 total [1 nodes @ 16 CPUs/node]
======================================================

Loading interproscan/5.60-92.0
  Loading requirement: anaconda3/2020.11 openjdk/15
======================================================
Running InterProScan On GTDB-100/genomes/archaea/GCF_003351865.1.fna
======================================================
24/06/2023 18:26:03:623 Welcome to InterProScan-5.60-92.0
24/06/2023 18:26:03:624 Running InterProScan v5 in STANDALONE mode... on Linux
24/06/2023 18:26:07:719 RunID: str-c92.uncc.edu_20230624_182607544_828g
24/06/2023 18:26:16:222 Loading file /projects/raw_lab/jobs/metacerberus/GTDB-100/genomes/archaea/GCF_003351865.1.fna
24/06/2023 18:26:16:930 Running the following analyses:
[AntiFam-7.0,CDD-3.20,Coils-2.2.1,FunFam-4.3.0,Gene3D-4.3.0,Hamap-2021_04,MobiDBLite-2.0,PANTHER-17.0,Pfam-35.0,PIRSF-3.10,PIRSR-2021_05,PRINTS-42.0,ProSitePatterns-2022_01,ProSiteProfiles-2022_01,SFLD-4,SMART-7.1,SUPERFAMILY-1.75,TIGRFAM-15.0]
Pre-calculated match lookup service DISABLED.  Please wait for match calculations to complete...
2023-06-24 18:27:24,812 [amqEmbeddedWorkerJmsContainer-15] [uk.ac.ebi.interpro.scan.io.pirsf.hmmer3.PirsfHmmer3RawMatchParser:129] WARN - Couldn't parse the given raw match line, because it is of an unexpected format.
2023-06-24 18:27:24,816 [amqEmbeddedWorkerJmsContainer-15] [uk.ac.ebi.interpro.scan.io.pirsf.hmmer3.PirsfHmmer3RawMatchParser:130] WARN - Unexpected Raw match line: Query sequence: 5 matches PIRSF005719: Structural maintenance of chromosomes protein
2023-06-24 18:27:24,816 [amqEmbeddedWorkerJmsContainer-15] [uk.ac.ebi.interpro.scan.io.pirsf.hmmer3.PirsfHmmer3RawMatchParser:129] WARN - Couldn't parse the given raw match line, because it is of an unexpected format.
2023-06-24 18:27:24,817 [amqEmbeddedWorkerJmsContainer-15] [uk.ac.ebi.interpro.scan.io.pirsf.hmmer3.PirsfHmmer3RawMatchParser:130] WARN - Unexpected Raw match line: #    score  bias  c-Evalue  i-Evalue hmmfrom  hmm to    alifrom  ali to    envfrom  env to     acc
2023-06-24 18:27:24,817 [amqEmbeddedWorkerJmsContainer-15] [uk.ac.ebi.interpro.scan.io.pirsf.hmmer3.PirsfHmmer3RawMatchParser:129] WARN - Couldn't parse the given raw match line, because it is of an unexpected format.
2023-06-24 18:27:24,817 [amqEmbeddedWorkerJmsContainer-15] [uk.ac.ebi.interpro.scan.io.pirsf.hmmer3.PirsfHmmer3RawMatchParser:130] WARN - Unexpected Raw match line: 1 !  851.1 106.4  3.2e-259  2.1e-256       1    1191 [.       6    1195 ..       6    1199 .. 0.91
24/06/2023 18:29:18:640 100% done:  InterProScan analyses completed 

2023-06-24 18:29:19,144 [main] [uk.ac.ebi.interpro.scan.jms.master.AbstractMaster:259] WARN - Master process unable to delete temporary directory /projects/raw_lab/jobs/metacerberus/temp/str-c92.uncc.edu_20230624_182607544_828g
444.55user 28.13system 3:16.27elapsed 240%CPU (0avgtext+0avgdata 3429572maxresident)k
2342416inputs+750320outputs (239major+2583781minor)pagefaults 0swaps

======================================================
End Time   : Sat Jun 24 18:29:19 EDT 2023
Run Time   : 197 seconds
======================================================

