=====================================================
Start Time  : Sat Jun 24 18:57:52 EDT 2023
Submit Dir  : /projects/raw_lab/jobs/metacerberus
Job ID/Name : 3995274 / InterProScan
Node List   : str-c89
Num Tasks   : 1 total [1 nodes @ 16 CPUs/node]
======================================================

Loading interproscan/5.60-92.0
  Loading requirement: anaconda3/2020.11 openjdk/15
======================================================
Running InterProScan On GTDB-100/genomes/bacteria/GCF_014851765.1.fna
======================================================
24/06/2023 18:57:54:011 Welcome to InterProScan-5.60-92.0
24/06/2023 18:57:54:012 Running InterProScan v5 in STANDALONE mode... on Linux
24/06/2023 18:57:58:058 RunID: str-c89.uncc.edu_20230624_185757889_2bo5
24/06/2023 18:58:06:594 Loading file /projects/raw_lab/jobs/metacerberus/GTDB-100/genomes/bacteria/GCF_014851765.1.fna
24/06/2023 18:58:08:623 Running the following analyses:
[AntiFam-7.0,CDD-3.20,Coils-2.2.1,FunFam-4.3.0,Gene3D-4.3.0,Hamap-2021_04,MobiDBLite-2.0,PANTHER-17.0,Pfam-35.0,PIRSF-3.10,PIRSR-2021_05,PRINTS-42.0,ProSitePatterns-2022_01,ProSiteProfiles-2022_01,SFLD-4,SMART-7.1,SUPERFAMILY-1.75,TIGRFAM-15.0]
Pre-calculated match lookup service DISABLED.  Please wait for match calculations to complete...
2023-06-24 19:07:27,153 [amqEmbeddedWorkerJmsContainer-1] [uk.ac.ebi.interpro.scan.io.pirsf.hmmer3.PirsfHmmer3RawMatchParser:129] WARN - Couldn't parse the given raw match line, because it is of an unexpected format.
2023-06-24 19:07:27,157 [amqEmbeddedWorkerJmsContainer-1] [uk.ac.ebi.interpro.scan.io.pirsf.hmmer3.PirsfHmmer3RawMatchParser:130] WARN - Unexpected Raw match line: Query sequence: 100 matches PIRSF000381: Cobalamin-dependent methionine synthase
2023-06-24 19:07:27,157 [amqEmbeddedWorkerJmsContainer-1] [uk.ac.ebi.interpro.scan.io.pirsf.hmmer3.PirsfHmmer3RawMatchParser:129] WARN - Couldn't parse the given raw match line, because it is of an unexpected format.
2023-06-24 19:07:27,157 [amqEmbeddedWorkerJmsContainer-1] [uk.ac.ebi.interpro.scan.io.pirsf.hmmer3.PirsfHmmer3RawMatchParser:130] WARN - Unexpected Raw match line: #    score  bias  c-Evalue  i-Evalue hmmfrom  hmm to    alifrom  ali to    envfrom  env to     acc
2023-06-24 19:07:27,157 [amqEmbeddedWorkerJmsContainer-1] [uk.ac.ebi.interpro.scan.io.pirsf.hmmer3.PirsfHmmer3RawMatchParser:129] WARN - Couldn't parse the given raw match line, because it is of an unexpected format.
2023-06-24 19:07:27,157 [amqEmbeddedWorkerJmsContainer-1] [uk.ac.ebi.interpro.scan.io.pirsf.hmmer3.PirsfHmmer3RawMatchParser:130] WARN - Unexpected Raw match line: 1 ! 1751.0   0.0         0         0       6    1200 .]      16    1212 ..      11    1212 .. 0.98
2023-06-24 19:07:27,157 [amqEmbeddedWorkerJmsContainer-1] [uk.ac.ebi.interpro.scan.io.pirsf.hmmer3.PirsfHmmer3RawMatchParser:129] WARN - Couldn't parse the given raw match line, because it is of an unexpected format.
2023-06-24 19:07:27,157 [amqEmbeddedWorkerJmsContainer-1] [uk.ac.ebi.interpro.scan.io.pirsf.hmmer3.PirsfHmmer3RawMatchParser:130] WARN - Unexpected Raw match line: Query sequence: 127 matches PIRSF000197: Bifunctional proline dehydrogenase/Delta-1-pyrroline-5-carboxylate dehydrogenase (PutA)
2023-06-24 19:07:27,157 [amqEmbeddedWorkerJmsContainer-1] [uk.ac.ebi.interpro.scan.io.pirsf.hmmer3.PirsfHmmer3RawMatchParser:129] WARN - Couldn't parse the given raw match line, because it is of an unexpected format.
2023-06-24 19:07:27,157 [amqEmbeddedWorkerJmsContainer-1] [uk.ac.ebi.interpro.scan.io.pirsf.hmmer3.PirsfHmmer3RawMatchParser:130] WARN - Unexpected Raw match line: #    score  bias  c-Evalue  i-Evalue hmmfrom  hmm to    alifrom  ali to    envfrom  env to     acc
2023-06-24 19:07:27,157 [amqEmbeddedWorkerJmsContainer-1] [uk.ac.ebi.interpro.scan.io.pirsf.hmmer3.PirsfHmmer3RawMatchParser:129] WARN - Couldn't parse the given raw match line, because it is of an unexpected format.
2023-06-24 19:07:27,157 [amqEmbeddedWorkerJmsContainer-1] [uk.ac.ebi.interpro.scan.io.pirsf.hmmer3.PirsfHmmer3RawMatchParser:130] WARN - Unexpected Raw match line: 1 ! 1631.3   0.0         0         0       3    1211 ..     113    1354 ..     111    1356 .] 0.96
2023-06-24 19:07:27,157 [amqEmbeddedWorkerJmsContainer-1] [uk.ac.ebi.interpro.scan.io.pirsf.hmmer3.PirsfHmmer3RawMatchParser:129] WARN - Couldn't parse the given raw match line, because it is of an unexpected format.
2023-06-24 19:07:27,157 [amqEmbeddedWorkerJmsContainer-1] [uk.ac.ebi.interpro.scan.io.pirsf.hmmer3.PirsfHmmer3RawMatchParser:130] WARN - Unexpected Raw match line: Query sequence: 252 matches PIRSF000980: Exodeoxyribonuclease V, gamma subunit
2023-06-24 19:07:27,158 [amqEmbeddedWorkerJmsContainer-1] [uk.ac.ebi.interpro.scan.io.pirsf.hmmer3.PirsfHmmer3RawMatchParser:129] WARN - Couldn't parse the given raw match line, because it is of an unexpected format.
2023-06-24 19:07:27,158 [amqEmbeddedWorkerJmsContainer-1] [uk.ac.ebi.interpro.scan.io.pirsf.hmmer3.PirsfHmmer3RawMatchParser:130] WARN - Unexpected Raw match line: #    score  bias  c-Evalue  i-Evalue hmmfrom  hmm to    alifrom  ali to    envfrom  env to     acc
2023-06-24 19:07:27,158 [amqEmbeddedWorkerJmsContainer-1] [uk.ac.ebi.interpro.scan.io.pirsf.hmmer3.PirsfHmmer3RawMatchParser:129] WARN - Couldn't parse the given raw match line, because it is of an unexpected format.
2023-06-24 19:07:27,158 [amqEmbeddedWorkerJmsContainer-1] [uk.ac.ebi.interpro.scan.io.pirsf.hmmer3.PirsfHmmer3RawMatchParser:130] WARN - Unexpected Raw match line: 1 ! 1299.5  11.4         0         0       2    1108 ..      24    1157 ..      23    1161 .. 0.95
2023-06-24 19:07:27,158 [amqEmbeddedWorkerJmsContainer-1] [uk.ac.ebi.interpro.scan.io.pirsf.hmmer3.PirsfHmmer3RawMatchParser:129] WARN - Couldn't parse the given raw match line, because it is of an unexpected format.
2023-06-24 19:07:27,158 [amqEmbeddedWorkerJmsContainer-1] [uk.ac.ebi.interpro.scan.io.pirsf.hmmer3.PirsfHmmer3RawMatchParser:130] WARN - Unexpected Raw match line: Query sequence: 61 matches PIRSF036761: Predicted glutamate dehydrogenase, Mll4104 type
2023-06-24 19:07:27,158 [amqEmbeddedWorkerJmsContainer-1] [uk.ac.ebi.interpro.scan.io.pirsf.hmmer3.PirsfHmmer3RawMatchParser:129] WARN - Couldn't parse the given raw match line, because it is of an unexpected format.
2023-06-24 19:07:27,158 [amqEmbeddedWorkerJmsContainer-1] [uk.ac.ebi.interpro.scan.io.pirsf.hmmer3.PirsfHmmer3RawMatchParser:130] WARN - Unexpected Raw match line: #    score  bias  c-Evalue  i-Evalue hmmfrom  hmm to    alifrom  ali to    envfrom  env to     acc
2023-06-24 19:07:27,158 [amqEmbeddedWorkerJmsContainer-1] [uk.ac.ebi.interpro.scan.io.pirsf.hmmer3.PirsfHmmer3RawMatchParser:129] WARN - Couldn't parse the given raw match line, because it is of an unexpected format.
2023-06-24 19:07:27,158 [amqEmbeddedWorkerJmsContainer-1] [uk.ac.ebi.interpro.scan.io.pirsf.hmmer3.PirsfHmmer3RawMatchParser:130] WARN - Unexpected Raw match line: 1 ! 2291.7   0.0         0         0       4    1609 ..      28    1634 ..      25    1637 .. 0.99
24/06/2023 19:07:43:831 100% done:  InterProScan analyses completed 

2023-06-24 19:07:44,334 [main] [uk.ac.ebi.interpro.scan.jms.master.AbstractMaster:259] WARN - Master process unable to delete temporary directory /projects/raw_lab/jobs/metacerberus/temp/str-c89.uncc.edu_20230624_185757889_2bo5
2209.97user 186.63system 9:51.06elapsed 405%CPU (0avgtext+0avgdata 3599192maxresident)k
2776608inputs+1580432outputs (508major+11317048minor)pagefaults 0swaps

======================================================
End Time   : Sat Jun 24 19:07:44 EDT 2023
Run Time   : 592 seconds
======================================================

