=====================================================
Start Time  : Sat Jun 24 21:48:28 EDT 2023
Submit Dir  : /projects/raw_lab/jobs/metacerberus
Job ID/Name : 3997038 / InterProScan
Node List   : str-c100
Num Tasks   : 1 total [1 nodes @ 16 CPUs/node]
======================================================

Loading interproscan/5.60-92.0
  Loading requirement: anaconda3/2020.11 openjdk/15
======================================================
Running InterProScan On VIRAL/genomes/NC_021542.1.fna
======================================================
24/06/2023 21:48:29:270 Welcome to InterProScan-5.60-92.0
24/06/2023 21:48:29:271 Running InterProScan v5 in STANDALONE mode... on Linux
24/06/2023 21:48:33:248 RunID: str-c100.uncc.edu_20230624_214833079_ii4c
24/06/2023 21:48:41:914 Loading file /projects/raw_lab/jobs/metacerberus/VIRAL/genomes/NC_021542.1.fna
24/06/2023 21:48:42:394 Running the following analyses:
[AntiFam-7.0,CDD-3.20,Coils-2.2.1,FunFam-4.3.0,Gene3D-4.3.0,Hamap-2021_04,MobiDBLite-2.0,PANTHER-17.0,Pfam-35.0,PIRSF-3.10,PIRSR-2021_05,PRINTS-42.0,ProSitePatterns-2022_01,ProSiteProfiles-2022_01,SFLD-4,SMART-7.1,SUPERFAMILY-1.75,TIGRFAM-15.0]
Pre-calculated match lookup service DISABLED.  Please wait for match calculations to complete...
2023-06-24 21:49:43,991 [amqEmbeddedWorkerJmsContainer-1] [uk.ac.ebi.interpro.scan.management.model.implementations.WriteOutputStep:344] WARN - At write output completion, unable to delete temporary directory /projects/raw_lab/jobs/metacerberus/temp/str-c100.uncc.edu_20230624_214833079_ii4c
24/06/2023 21:49:44:076 100% done:  InterProScan analyses completed 

2023-06-24 21:49:44,579 [main] [uk.ac.ebi.interpro.scan.jms.master.AbstractMaster:259] WARN - Master process unable to delete temporary directory /projects/raw_lab/jobs/metacerberus/temp/str-c100.uncc.edu_20230624_214833079_ii4c
2023-06-24 21:49:44,585 [main] [uk.ac.ebi.interpro.scan.jms.main.Run:1778] WARN - At Run completion, unable to delete temporary directory /projects/raw_lab/jobs/metacerberus/temp/str-c100.uncc.edu_20230624_214833079_ii4c
176.95user 21.45system 1:15.96elapsed 261%CPU (0avgtext+0avgdata 3182708maxresident)k
431232inputs+428952outputs (12major+1330170minor)pagefaults 0swaps

======================================================
End Time   : Sat Jun 24 21:49:44 EDT 2023
Run Time   : 76 seconds
======================================================

