=====================================================
Start Time  : Sat Jul  1 17:14:32 EDT 2023
Submit Dir  : /projects/raw_lab/jobs/metacerberus
Job ID/Name : 4128786 / PROKKA
Node List   : str-c91
Num Tasks   : 1 total [1 nodes @ 16 CPUs/node]
======================================================

Loading prokka/1.14.6
  Loading requirement: anaconda3/2022.10
======================================================
Running PROKKA On CPR/SAMN03319513.fna
======================================================
Viruses
[17:14:34] This is prokka 1.14.6
[17:14:34] Written by Torsten Seemann <torsten.seemann@gmail.com>
[17:14:34] Homepage is https://github.com/tseemann/prokka
[17:14:34] Local time is Sat Jul  1 17:14:34 2023
[17:14:34] You are jlfiguer
[17:14:34] Operating system is linux
[17:14:34] You have BioPerl 1.7.8
Argument "1.7.8" isn't numeric in numeric lt (<) at /apps/pkg/anaconda3/2022.10/envs/prokka-1.14.6/bin/prokka line 259.
[17:14:34] System has 16 cores.
[17:14:34] Will use maximum of 16 cores.
[17:14:34] Annotating as >>> Viruses <<<
[17:14:34] Generating locus_tag from 'CPR/SAMN03319513.fna' contents.
[17:14:34] Setting --locustag KOEFJKEP from MD5 48ef34e99efc995864372256ea37153a
[17:14:34] Creating new output folder: results/PROKKA/CPR/SAMN03319513
[17:14:34] Running: mkdir -p results\/PROKKA\/CPR\/SAMN03319513
[17:14:34] Using filename prefix: SAMN03319513.XXX
[17:14:34] Setting HMMER_NCPU=1
[17:14:34] Writing log to: results/PROKKA/CPR/SAMN03319513/SAMN03319513.log
[17:14:34] Command: /apps/pkg/anaconda3/2022.10/envs/prokka-1.14.6/bin/prokka --prefix SAMN03319513 --outdir results/PROKKA/CPR/SAMN03319513 --kingdom Viruses --cpus 16 CPR/SAMN03319513.fna
[17:14:34] Appending to PATH: /apps/pkg/anaconda3/2022.10/envs/prokka-1.14.6/bin
[17:14:34] Looking for 'aragorn' - found /apps/pkg/anaconda3/2022.10/envs/prokka-1.14.6/bin/aragorn
[17:14:34] Determined aragorn version is 001002 from 'ARAGORN v1.2.41 Dean Laslett'
[17:14:34] Looking for 'barrnap' - found /apps/pkg/anaconda3/2022.10/envs/prokka-1.14.6/bin/barrnap
[17:14:34] Determined barrnap version is 000009 from 'barrnap 0.9'
[17:14:34] Looking for 'blastp' - found /apps/pkg/anaconda3/2022.10/envs/prokka-1.14.6/bin/blastp
[17:14:34] Determined blastp version is 002013 from 'blastp: 2.13.0+'
[17:14:34] Looking for 'cmpress' - found /apps/pkg/anaconda3/2022.10/envs/prokka-1.14.6/bin/cmpress
[17:14:34] Determined cmpress version is 001001 from '# INFERNAL 1.1.4 (Dec 2020)'
[17:14:34] Looking for 'cmscan' - found /apps/pkg/anaconda3/2022.10/envs/prokka-1.14.6/bin/cmscan
[17:14:34] Determined cmscan version is 001001 from '# INFERNAL 1.1.4 (Dec 2020)'
[17:14:34] Looking for 'egrep' - found /usr/bin/egrep
[17:14:34] Looking for 'find' - found /usr/bin/find
[17:14:34] Looking for 'grep' - found /usr/bin/grep
[17:14:34] Looking for 'hmmpress' - found /apps/pkg/anaconda3/2022.10/envs/prokka-1.14.6/bin/hmmpress
[17:14:34] Determined hmmpress version is 003003 from '# HMMER 3.3.2 (Nov 2020); http://hmmer.org/'
[17:14:34] Looking for 'hmmscan' - found /apps/pkg/anaconda3/2022.10/envs/prokka-1.14.6/bin/hmmscan
[17:14:34] Determined hmmscan version is 003003 from '# HMMER 3.3.2 (Nov 2020); http://hmmer.org/'
[17:14:34] Looking for 'java' - found /apps/pkg/anaconda3/2022.10/envs/prokka-1.14.6/bin/java
[17:14:34] Looking for 'makeblastdb' - found /apps/pkg/anaconda3/2022.10/envs/prokka-1.14.6/bin/makeblastdb
[17:14:34] Determined makeblastdb version is 002013 from 'makeblastdb: 2.13.0+'
[17:14:34] Looking for 'minced' - found /apps/pkg/anaconda3/2022.10/envs/prokka-1.14.6/bin/minced
[17:14:34] Determined minced version is 004002 from 'minced 0.4.2'
[17:14:34] Looking for 'parallel' - found /apps/pkg/anaconda3/2022.10/envs/prokka-1.14.6/bin/parallel
[17:14:34] Determined parallel version is 20230122 from 'GNU parallel 20230122'
[17:14:34] Looking for 'prodigal' - found /apps/pkg/anaconda3/2022.10/envs/prokka-1.14.6/bin/prodigal
[17:14:34] Determined prodigal version is 002006 from 'Prodigal V2.6.3: February, 2016'
[17:14:34] Looking for 'prokka-genbank_to_fasta_db' - found /apps/pkg/anaconda3/2022.10/envs/prokka-1.14.6/bin/prokka-genbank_to_fasta_db
[17:14:34] Looking for 'sed' - found /usr/bin/sed
[17:14:34] Looking for 'tbl2asn' - found /apps/pkg/anaconda3/2022.10/envs/prokka-1.14.6/bin/tbl2asn
[17:14:34] Determined tbl2asn version is 025007 from 'tbl2asn 25.7   arguments:'
[17:14:34] Using genetic code table 1.
[17:14:34] Loading and checking input file: CPR/SAMN03319513.fna
[17:14:34] Wrote 59 contigs totalling 954236 bp.
[17:14:34] Predicting tRNAs and tmRNAs
[17:14:34] Running: aragorn -l -gc1  -w results\/PROKKA\/CPR\/SAMN03319513\/SAMN03319513\.fna
[17:14:35] 1 tRNA-Pro c[6729,6800] 33 (ggg)
[17:14:35] 1 tRNA-Glu c[37155,37228] 35 (ctc)
[17:14:35] 1 tRNA-Thr c[75885,75957] 33 (ggt)
[17:14:35] 1 tRNA-Ile c[69208,69281] 34 (tat)
[17:14:35] 2 tRNA-Met c[80988,81059] 33 (cat)
[17:14:35] 3 tRNA-Met c[81109,81183] 35 (cat)
[17:14:35] 1 tRNA-Pro [20833,20905] 33 (cgg)
[17:14:35] 2 tRNA-Arg [21600,21674] 35 (cct)
[17:14:35] 1 tRNA-Ala c[20943,21014] 33 (cgc)
[17:14:35] 2 tRNA-Ala c[21039,21111] 33 (ggc)
[17:14:35] 1 tRNA-Trp [31443,31518] 34 (cca)
[17:14:35] 1 tRNA-Ser [5302,5388] 35 (gct)
[17:14:35] 2 tRNA-Ser [5519,5606] 35 (tga)
[17:14:35] 3 tRNA-Ser c[8880,8967] 35 (cga)
[17:14:35] 4 tRNA-Arg c[8977,9051] 35 (gcg)
[17:14:35] 5 tRNA-Ser c[11903,11990] 35 (gga)
[17:14:35] 1 tRNA-Gln c[11897,11968] 33 (ctg)
[17:14:35] 2 tRNA-Glu c[18726,18800] 35 (ctc)
[17:14:35] 1 tRNA-Lys c[755,828] 34 (ttt)
[17:14:35] Found 19 tRNAs
[17:14:35] Disabling rRNA search: --kingdom=Viruses or --norrna=0
[17:14:35] Skipping ncRNA search, enable with --rfam if desired.
[17:14:35] Total of 19 tRNA + rRNA features
[17:14:35] Searching for CRISPR repeats
[17:14:35] Found 0 CRISPRs
[17:14:35] Predicting coding sequences
[17:14:35] Contigs total 954236 bp, so using single mode
[17:14:35] Running: prodigal -i results\/PROKKA\/CPR\/SAMN03319513\/SAMN03319513\.fna -c -m -g 1 -p single -f sco -q
[17:14:36] Excluding CDS which overlaps existing RNA (tRNA) at LBYI01000016.1:11760..11942 on - strand
[17:14:36] Found 985 CDS
[17:14:36] Connecting features back to sequences
[17:14:36] Not using genus-specific database. Try --usegenus to enable it.
[17:14:36] Annotating CDS, please be patient.
[17:14:36] Will use 16 CPUs for similarity searching.
[17:14:36] There are still 985 unannotated CDS left (started with 985)
[17:14:36] Will use blast to search against /apps/pkg/anaconda3/2022.10/envs/prokka-1.14.6/db/kingdom/Viruses/sprot with 16 CPUs
[17:14:36] Running: cat results\/PROKKA\/CPR\/SAMN03319513\/SAMN03319513\.sprot\.tmp\.166399\.faa | parallel --gnu --plain -j 16 --block 8441 --recstart '>' --pipe blastp -query - -db /apps/pkg/anaconda3/2022.10/envs/prokka-1.14.6/db/kingdom/Viruses/sprot -evalue 1e-09 -qcov_hsp_perc 80 -num_threads 1 -num_descriptions 1 -num_alignments 1 -seg no > results\/PROKKA\/CPR\/SAMN03319513\/SAMN03319513\.sprot\.tmp\.166399\.blast 2> /dev/null
[17:14:38] Deleting unwanted file: results/PROKKA/CPR/SAMN03319513/SAMN03319513.sprot.tmp.166399.faa
[17:14:38] Deleting unwanted file: results/PROKKA/CPR/SAMN03319513/SAMN03319513.sprot.tmp.166399.blast
[17:14:38] Labelling remaining 978 proteins as 'hypothetical protein'
[17:14:38] Found 5 unique /gene codes.
[17:14:38] Fixed 0 colliding /gene names.
[17:14:38] Adding /locus_tag identifiers
[17:14:38] Assigned 1004 locus_tags to CDS and RNA features.
[17:14:38] Writing outputs to results/PROKKA/CPR/SAMN03319513/
[17:14:38] Generating annotation statistics file
[17:14:38] Generating Genbank and Sequin files
[17:14:38] Running: tbl2asn -V b -a r10k -l paired-ends -M n -N 1 -y 'Annotated using prokka 1.14.6 from https://github.com/tseemann/prokka' -Z results\/PROKKA\/CPR\/SAMN03319513\/SAMN03319513\.err -i results\/PROKKA\/CPR\/SAMN03319513\/SAMN03319513\.fsa 2> /dev/null
[tbl2asn-forever] Found Prokka input, correcting dates in .gbf|.sqn files.
[tbl2asn-forever] Correcting dates in results/PROKKA/CPR/SAMN03319513/SAMN03319513.gbf
[tbl2asn-forever] Correcting dates in results/PROKKA/CPR/SAMN03319513/SAMN03319513.sqn
[tbl2asn-forever] Dates changed from 01-JAN-2019 to 01-JUL-2023
[17:14:41] Deleting unwanted file: results/PROKKA/CPR/SAMN03319513/errorsummary.val
[17:14:41] Deleting unwanted file: results/PROKKA/CPR/SAMN03319513/SAMN03319513.dr
[17:14:41] Deleting unwanted file: results/PROKKA/CPR/SAMN03319513/SAMN03319513.fixedproducts
[17:14:41] Deleting unwanted file: results/PROKKA/CPR/SAMN03319513/SAMN03319513.ecn
[17:14:41] Deleting unwanted file: results/PROKKA/CPR/SAMN03319513/SAMN03319513.val
[17:14:41] Repairing broken .GBK output that tbl2asn produces...
[17:14:41] Running: sed 's/COORDINATES: profile/COORDINATES:profile/' < results\/PROKKA\/CPR\/SAMN03319513\/SAMN03319513\.gbf > results\/PROKKA\/CPR\/SAMN03319513\/SAMN03319513\.gbk
[17:14:41] Deleting unwanted file: results/PROKKA/CPR/SAMN03319513/SAMN03319513.gbf
[17:14:41] Output files:
[17:14:41] results/PROKKA/CPR/SAMN03319513/SAMN03319513.log
[17:14:41] results/PROKKA/CPR/SAMN03319513/SAMN03319513.fna
[17:14:41] results/PROKKA/CPR/SAMN03319513/SAMN03319513.gff
[17:14:41] results/PROKKA/CPR/SAMN03319513/SAMN03319513.faa
[17:14:41] results/PROKKA/CPR/SAMN03319513/SAMN03319513.ffn
[17:14:41] results/PROKKA/CPR/SAMN03319513/SAMN03319513.tbl
[17:14:41] results/PROKKA/CPR/SAMN03319513/SAMN03319513.fsa
[17:14:41] results/PROKKA/CPR/SAMN03319513/SAMN03319513.tsv
[17:14:41] results/PROKKA/CPR/SAMN03319513/SAMN03319513.txt
[17:14:41] results/PROKKA/CPR/SAMN03319513/SAMN03319513.err
[17:14:41] results/PROKKA/CPR/SAMN03319513/SAMN03319513.sqn
[17:14:41] results/PROKKA/CPR/SAMN03319513/SAMN03319513.gbk
[17:14:41] Annotation finished successfully.
[17:14:41] Walltime used: 0.12 minutes
[17:14:41] If you use this result please cite the Prokka paper:
[17:14:41] Seemann T (2014) Prokka: rapid prokaryotic genome annotation. Bioinformatics. 30(14):2068-9.
[17:14:41] Type 'prokka --citation' for more details.
[17:14:41] Share and enjoy!
22.81user 0.81system 0:06.83elapsed 345%CPU (0avgtext+0avgdata 123880maxresident)k
16208inputs+57592outputs (0major+247969minor)pagefaults 0swaps

======================================================
End Time   : Sat Jul  1 17:14:41 EDT 2023
Run Time   : 9 seconds
======================================================

