=====================================================
Start Time  : Sat Jun 24 20:48:51 EDT 2023
Submit Dir  : /projects/raw_lab/jobs/metacerberus
Job ID/Name : 3996555 / InterProScan
Node List   : str-c94
Num Tasks   : 1 total [1 nodes @ 16 CPUs/node]
======================================================

Loading interproscan/5.60-92.0
  Loading requirement: anaconda3/2020.11 openjdk/15
======================================================
Running InterProScan On PHAGES/genomes/NC_021062.fna
======================================================
24/06/2023 20:48:52:309 Welcome to InterProScan-5.60-92.0
24/06/2023 20:48:52:310 Running InterProScan v5 in STANDALONE mode... on Linux
24/06/2023 20:48:56:298 RunID: str-c94.uncc.edu_20230624_204856125_fisd
24/06/2023 20:49:04:728 Loading file /projects/raw_lab/jobs/metacerberus/PHAGES/genomes/NC_021062.fna
24/06/2023 20:49:05:220 Running the following analyses:
[AntiFam-7.0,CDD-3.20,Coils-2.2.1,FunFam-4.3.0,Gene3D-4.3.0,Hamap-2021_04,MobiDBLite-2.0,PANTHER-17.0,Pfam-35.0,PIRSF-3.10,PIRSR-2021_05,PRINTS-42.0,ProSitePatterns-2022_01,ProSiteProfiles-2022_01,SFLD-4,SMART-7.1,SUPERFAMILY-1.75,TIGRFAM-15.0]
Pre-calculated match lookup service DISABLED.  Please wait for match calculations to complete...
2023-06-24 20:50:18,716 [amqEmbeddedWorkerJmsContainer-15] [uk.ac.ebi.interpro.scan.management.model.implementations.WriteOutputStep:344] WARN - At write output completion, unable to delete temporary directory /projects/raw_lab/jobs/metacerberus/temp/str-c94.uncc.edu_20230624_204856125_fisd
24/06/2023 20:50:18:805 100% done:  InterProScan analyses completed 

2023-06-24 20:50:19,308 [main] [uk.ac.ebi.interpro.scan.jms.master.AbstractMaster:259] WARN - Master process unable to delete temporary directory /projects/raw_lab/jobs/metacerberus/temp/str-c94.uncc.edu_20230624_204856125_fisd
2023-06-24 20:50:19,315 [main] [uk.ac.ebi.interpro.scan.jms.main.Run:1778] WARN - At Run completion, unable to delete temporary directory /projects/raw_lab/jobs/metacerberus/temp/str-c94.uncc.edu_20230624_204856125_fisd
227.12user 22.62system 1:27.67elapsed 284%CPU (0avgtext+0avgdata 3473552maxresident)k
444352inputs+440128outputs (12major+1689485minor)pagefaults 0swaps

======================================================
End Time   : Sat Jun 24 20:50:19 EDT 2023
Run Time   : 88 seconds
======================================================

