=====================================================
Start Time  : Wed Jun 28 12:02:14 EDT 2023
Submit Dir  : /projects/raw_lab/jobs/metacerberus
Job ID/Name : 4041438 / PROKKA
Node List   : str-c95
Num Tasks   : 1 total [1 nodes @ 16 CPUs/node]
======================================================

Loading prokka/1.14.6
  Loading requirement: anaconda3/2022.10
======================================================
Running PROKKA On GTDB-100/genomes/archaea/GCA_003663225.1.fna
======================================================
Archaea
[12:02:19] This is prokka 1.14.6
[12:02:19] Written by Torsten Seemann <torsten.seemann@gmail.com>
[12:02:19] Homepage is https://github.com/tseemann/prokka
[12:02:19] Local time is Wed Jun 28 12:02:19 2023
[12:02:19] You are jlfiguer
[12:02:19] Operating system is linux
[12:02:19] You have BioPerl 1.7.8
Argument "1.7.8" isn't numeric in numeric lt (<) at /apps/pkg/anaconda3/2022.10/envs/prokka-1.14.6/bin/prokka line 259.
[12:02:19] System has 16 cores.
[12:02:19] Will use maximum of 16 cores.
[12:02:19] Annotating as >>> Archaea <<<
[12:02:19] Generating locus_tag from 'GTDB-100/genomes/archaea/GCA_003663225.1.fna' contents.
[12:02:19] Setting --locustag JMMKNAEB from MD5 36647aebfe7f8d83435dcfdc27f7a5b6
[12:02:19] Creating new output folder: results/PROKKA/GTDB-100/genomes/archaea/GCA_003663225.1
[12:02:19] Running: mkdir -p results\/PROKKA\/GTDB\-100\/genomes\/archaea\/GCA_003663225\.1
[12:02:19] Using filename prefix: GCA_003663225.1.XXX
[12:02:19] Setting HMMER_NCPU=1
[12:02:19] Writing log to: results/PROKKA/GTDB-100/genomes/archaea/GCA_003663225.1/GCA_003663225.1.log
[12:02:19] Command: /apps/pkg/anaconda3/2022.10/envs/prokka-1.14.6/bin/prokka --prefix GCA_003663225.1 --outdir results/PROKKA/GTDB-100/genomes/archaea/GCA_003663225.1 --kingdom Archaea --cpus 16 GTDB-100/genomes/archaea/GCA_003663225.1.fna
[12:02:19] Appending to PATH: /apps/pkg/anaconda3/2022.10/envs/prokka-1.14.6/bin
[12:02:19] Looking for 'aragorn' - found /apps/pkg/anaconda3/2022.10/envs/prokka-1.14.6/bin/aragorn
[12:02:19] Determined aragorn version is 001002 from 'ARAGORN v1.2.41 Dean Laslett'
[12:02:19] Looking for 'barrnap' - found /apps/pkg/anaconda3/2022.10/envs/prokka-1.14.6/bin/barrnap
[12:02:19] Determined barrnap version is 000009 from 'barrnap 0.9'
[12:02:19] Looking for 'blastp' - found /apps/pkg/anaconda3/2022.10/envs/prokka-1.14.6/bin/blastp
[12:02:21] Determined blastp version is 002013 from 'blastp: 2.13.0+'
[12:02:21] Looking for 'cmpress' - found /apps/pkg/anaconda3/2022.10/envs/prokka-1.14.6/bin/cmpress
[12:02:21] Determined cmpress version is 001001 from '# INFERNAL 1.1.4 (Dec 2020)'
[12:02:21] Looking for 'cmscan' - found /apps/pkg/anaconda3/2022.10/envs/prokka-1.14.6/bin/cmscan
[12:02:21] Determined cmscan version is 001001 from '# INFERNAL 1.1.4 (Dec 2020)'
[12:02:21] Looking for 'egrep' - found /usr/bin/egrep
[12:02:21] Looking for 'find' - found /usr/bin/find
[12:02:21] Looking for 'grep' - found /usr/bin/grep
[12:02:21] Looking for 'hmmpress' - found /apps/pkg/anaconda3/2022.10/envs/prokka-1.14.6/bin/hmmpress
[12:02:21] Determined hmmpress version is 003003 from '# HMMER 3.3.2 (Nov 2020); http://hmmer.org/'
[12:02:21] Looking for 'hmmscan' - found /apps/pkg/anaconda3/2022.10/envs/prokka-1.14.6/bin/hmmscan
[12:02:21] Determined hmmscan version is 003003 from '# HMMER 3.3.2 (Nov 2020); http://hmmer.org/'
[12:02:21] Looking for 'java' - found /apps/pkg/anaconda3/2022.10/envs/prokka-1.14.6/bin/java
[12:02:21] Looking for 'makeblastdb' - found /apps/pkg/anaconda3/2022.10/envs/prokka-1.14.6/bin/makeblastdb
[12:02:21] Determined makeblastdb version is 002013 from 'makeblastdb: 2.13.0+'
[12:02:21] Looking for 'minced' - found /apps/pkg/anaconda3/2022.10/envs/prokka-1.14.6/bin/minced
[12:02:22] Determined minced version is 004002 from 'minced 0.4.2'
[12:02:22] Looking for 'parallel' - found /apps/pkg/anaconda3/2022.10/envs/prokka-1.14.6/bin/parallel
[12:02:22] Determined parallel version is 20230122 from 'GNU parallel 20230122'
[12:02:22] Looking for 'prodigal' - found /apps/pkg/anaconda3/2022.10/envs/prokka-1.14.6/bin/prodigal
[12:02:23] Determined prodigal version is 002006 from 'Prodigal V2.6.3: February, 2016'
[12:02:23] Looking for 'prokka-genbank_to_fasta_db' - found /apps/pkg/anaconda3/2022.10/envs/prokka-1.14.6/bin/prokka-genbank_to_fasta_db
[12:02:23] Looking for 'sed' - found /usr/bin/sed
[12:02:23] Looking for 'tbl2asn' - found /apps/pkg/anaconda3/2022.10/envs/prokka-1.14.6/bin/tbl2asn
[12:02:23] Determined tbl2asn version is 025007 from 'tbl2asn 25.7   arguments:'
[12:02:23] Using genetic code table 11.
[12:02:23] Loading and checking input file: GTDB-100/genomes/archaea/GCA_003663225.1.fna
[12:02:23] Wrote 165 contigs totalling 941786 bp.
[12:02:23] Predicting tRNAs and tmRNAs
[12:02:23] Running: aragorn -l -gc11  -w results\/PROKKA\/GTDB\-100\/genomes\/archaea\/GCA_003663225\.1\/GCA_003663225\.1\.fna
[12:02:23] 1 tRNA-His [382,454] 34 (gtg)
[12:02:23] 1 tRNA-Glu c[3021,3095] 34 (ctc)
[12:02:23] 2 tRNA-Glu c[3106,3180] 34 (ttc)
[12:02:23] 1 tRNA-Phe c[4464,4535] 33 (gaa)
[12:02:23] tRNA [4880,4969] is a pseudo/wacky gene - skipping.
[12:02:23] 1 tRNA-Gly c[5082,5152] 33 (gcc)
[12:02:23] 1 tRNA-Arg [4768,4839] 34 (gcg)
[12:02:23] tRNA c[4179,4273] is a pseudo/wacky gene - skipping.
[12:02:23] 1 tRNA-Pro c[788,862] 37 (ggg)
[12:02:23] Found 7 tRNAs
[12:02:23] Predicting Ribosomal RNAs
[12:02:23] Running Barrnap with 16 threads
[12:02:24] 1 QMZP01000061.1 4041 5S ribosomal RNA
[12:02:24] 2 QMZP01000110.1 2473 23S ribosomal RNA (partial)
[12:02:24] Found 2 rRNAs
[12:02:24] Skipping ncRNA search, enable with --rfam if desired.
[12:02:24] Total of 9 tRNA + rRNA features
[12:02:24] Searching for CRISPR repeats
[12:02:24] Found 0 CRISPRs
[12:02:24] Predicting coding sequences
[12:02:24] Contigs total 941786 bp, so using single mode
[12:02:24] Running: prodigal -i results\/PROKKA\/GTDB\-100\/genomes\/archaea\/GCA_003663225\.1\/GCA_003663225\.1\.fna -c -m -g 11 -p single -f sco -q
[12:02:27] Found 1048 CDS
[12:02:27] Connecting features back to sequences
[12:02:27] Not using genus-specific database. Try --usegenus to enable it.
[12:02:27] Annotating CDS, please be patient.
[12:02:27] Will use 16 CPUs for similarity searching.
[12:02:27] There are still 1048 unannotated CDS left (started with 1048)
[12:02:27] Will use blast to search against /apps/pkg/anaconda3/2022.10/envs/prokka-1.14.6/db/kingdom/Archaea/sprot with 16 CPUs
[12:02:27] Running: cat results\/PROKKA\/GTDB\-100\/genomes\/archaea\/GCA_003663225\.1\/GCA_003663225\.1\.sprot\.tmp\.662119\.faa | parallel --gnu --plain -j 16 --block 8121 --recstart '>' --pipe blastp -query - -db /apps/pkg/anaconda3/2022.10/envs/prokka-1.14.6/db/kingdom/Archaea/sprot -evalue 1e-09 -qcov_hsp_perc 80 -num_threads 1 -num_descriptions 1 -num_alignments 1 -seg no > results\/PROKKA\/GTDB\-100\/genomes\/archaea\/GCA_003663225\.1\/GCA_003663225\.1\.sprot\.tmp\.662119\.blast 2> /dev/null
[12:02:28] Modify product: Probable translation initiation factor IF-2 => putative translation initiation factor IF-2
[12:02:28] Modify product: Deglycase PH1704 => Deglycase
[12:02:28] Modify product: UPF0107 protein AF_0055 => hypothetical protein
[12:02:28] Modify product: UPF0273 protein PH0284 => hypothetical protein
[12:02:29] Modify product: Probable ATP-dependent RNA helicase MJ0669 => putative ATP-dependent RNA helicase
[12:02:29] Modify product: Uncharacterized ABC transporter ATP-binding protein MJ0796 => putative ABC transporter ATP-binding protein
[12:02:29] Modify product: Ribosome maturation protein SDO1 homolog => Ribosome maturation protein SDO1 
[12:02:29] Modify product: Probable membrane-bound hydrogenase subunit mbhJ => putative membrane-bound hydrogenase subunit mbhJ
[12:02:29] Modify product: UPF0235 protein MTH_637 => hypothetical protein
[12:02:29] Modify product: DNA-binding protein MTH_1615 => DNA-binding protein
[12:02:29] Modify product: Protein pelota homolog => Protein pelota 
[12:02:29] Modify product: UPF0273 protein PH0284 => hypothetical protein
[12:02:29] Modify product: UPF0273 protein PH0284 => hypothetical protein
[12:02:29] Modify product: Uncharacterized NOP5 family protein MJ0694 => putative NOP5 family protein
[12:02:29] Modify product: Probable ribosomal RNA small subunit methyltransferase A => putative ribosomal RNA small subunit methyltransferase A
[12:02:29] Modify product: UPF0200/UPF0201 protein AF_1395 => hypothetical protein
[12:02:29] Modify product: Trk system potassium uptake protein TrkA homolog => Trk system potassium uptake protein TrkA 
[12:02:29] Modify product: Uncharacterized KH and PIN-domain containing protein MJ1533 => putative KH and PIN-domain containing protein
[12:02:29] Modify product: Protein PH0010 => Protein
[12:02:29] Modify product: Uncharacterized protein MJ1225 => putative protein
[12:02:29] Modify product: Protein translation factor SUI1 homolog => Protein translation factor SUI1 
[12:02:29] Modify product: S-adenosyl-L-methionine-binding protein AF_0241 => S-adenosyl-L-methionine-binding protein
[12:02:29] Cleaned 22 /product names
[12:02:29] Deleting unwanted file: results/PROKKA/GTDB-100/genomes/archaea/GCA_003663225.1/GCA_003663225.1.sprot.tmp.662119.faa
[12:02:29] Deleting unwanted file: results/PROKKA/GTDB-100/genomes/archaea/GCA_003663225.1/GCA_003663225.1.sprot.tmp.662119.blast
[12:02:29] There are still 805 unannotated CDS left (started with 1048)
[12:02:29] Will use hmmer3 to search against /apps/pkg/anaconda3/2022.10/envs/prokka-1.14.6/db/hmm/HAMAP.hmm with 16 CPUs
[12:02:29] Running: cat results\/PROKKA\/GTDB\-100\/genomes\/archaea\/GCA_003663225\.1\/GCA_003663225\.1\.HAMAP\.hmm\.tmp\.662119\.faa | parallel --gnu --plain -j 16 --block 5838 --recstart '>' --pipe hmmscan --noali --notextw --acc -E 1e-09 --cpu 1 /apps/pkg/anaconda3/2022.10/envs/prokka-1.14.6/db/hmm/HAMAP.hmm /dev/stdin > results\/PROKKA\/GTDB\-100\/genomes\/archaea\/GCA_003663225\.1\/GCA_003663225\.1\.HAMAP\.hmm\.tmp\.662119\.hmmer3 2> /dev/null
[12:02:35] Deleting unwanted file: results/PROKKA/GTDB-100/genomes/archaea/GCA_003663225.1/GCA_003663225.1.HAMAP.hmm.tmp.662119.faa
[12:02:35] Deleting unwanted file: results/PROKKA/GTDB-100/genomes/archaea/GCA_003663225.1/GCA_003663225.1.HAMAP.hmm.tmp.662119.hmmer3
[12:02:35] Labelling remaining 697 proteins as 'hypothetical protein'
[12:02:35] Possible /pseudo 'Tyrosine recombinase XerA' at QMZP01000008.1 position 583
[12:02:35] Possible /pseudo 'GTP 3',8-cyclase' at QMZP01000019.1 position 4079
[12:02:35] Possible /pseudo 'GTP 3',8-cyclase' at QMZP01000019.1 position 4978
[12:02:35] Possible /pseudo 'Iron-sulfur cluster carrier protein' at QMZP01000021.1 position 6624
[12:02:35] Possible /pseudo 'D-inositol-3-phosphate glycosyltransferase' at QMZP01000026.1 position 3061
[12:02:35] Possible /pseudo 'Cell division protein FtsZ 1' at QMZP01000027.1 position 3070
[12:02:35] Possible /pseudo 'GTP 3',8-cyclase' at QMZP01000090.1 position 1291
[12:02:35] Possible /pseudo 'GTP 3',8-cyclase' at QMZP01000090.1 position 2307
[12:02:35] Possible /pseudo 'CCA-adding enzyme' at QMZP01000123.1 position 1238
[12:02:35] Found 232 unique /gene codes.
[12:02:35] Fixed 2 duplicate /gene - pqqE_1 pqqE_2
[12:02:35] Fixed 2 duplicate /gene - pol_1 pol_2
[12:02:35] Fixed 2 duplicate /gene - smc_1 smc_2
[12:02:35] Fixed 6 duplicate /gene - mshA_1 mshA_2 mshA_3 mshA_4 mshA_5 mshA_6
[12:02:35] Fixed 3 duplicate /gene - der_1 der_2 der_3
[12:02:35] Fixed 2 duplicate /gene - prs_1 prs_2
[12:02:35] Fixed 2 duplicate /gene - aglF_1 aglF_2
[12:02:35] Fixed 2 duplicate /gene - gph_1 gph_2
[12:02:35] Fixed 2 duplicate /gene - dcd_1 dcd_2
[12:02:35] Fixed 2 duplicate /gene - rpoB1_1 rpoB1_2
[12:02:35] Fixed 4 duplicate /gene - arnB_1 arnB_2 arnB_3 arnB_4
[12:02:35] Fixed 2 duplicate /gene - glmU_1 glmU_2
[12:02:35] Fixed 2 duplicate /gene - rpoA1_1 rpoA1_2
[12:02:35] Fixed 2 duplicate /gene - kefB_1 kefB_2
[12:02:35] Fixed 2 duplicate /gene - radA_1 radA_2
[12:02:35] Fixed 3 duplicate /gene - ileS_1 ileS_2 ileS_3
[12:02:35] Fixed 2 duplicate /gene - glmS_1 glmS_2
[12:02:35] Fixed 2 duplicate /gene - ftsZ1_1 ftsZ1_2
[12:02:35] Fixed 3 duplicate /gene - nfo_1 nfo_2 nfo_3
[12:02:35] Fixed 2 duplicate /gene - vat_1 vat_2
[12:02:35] Fixed 2 duplicate /gene - aglM_1 aglM_2
[12:02:35] Fixed 2 duplicate /gene - rpoD_1 rpoD_2
[12:02:35] Fixed 2 duplicate /gene - ppsA_1 ppsA_2
[12:02:35] Fixed 2 duplicate /gene - cca_1 cca_2
[12:02:35] Fixed 2 duplicate /gene - lig_1 lig_2
[12:02:35] Fixed 3 duplicate /gene - btuD_1 btuD_2 btuD_3
[12:02:35] Fixed 9 duplicate /gene - moaA_1 moaA_2 moaA_3 moaA_4 moaA_5 moaA_6 moaA_7 moaA_8 moaA_9
[12:02:35] Fixed 2 duplicate /gene - xerA_1 xerA_2
[12:02:35] Fixed 28 colliding /gene names.
[12:02:35] Adding /locus_tag identifiers
[12:02:35] Assigned 1057 locus_tags to CDS and RNA features.
[12:02:35] Writing outputs to results/PROKKA/GTDB-100/genomes/archaea/GCA_003663225.1/
[12:02:35] Generating annotation statistics file
[12:02:35] Generating Genbank and Sequin files
[12:02:35] Running: tbl2asn -V b -a r10k -l paired-ends -M n -N 1 -y 'Annotated using prokka 1.14.6 from https://github.com/tseemann/prokka' -Z results\/PROKKA\/GTDB\-100\/genomes\/archaea\/GCA_003663225\.1\/GCA_003663225\.1\.err -i results\/PROKKA\/GTDB\-100\/genomes\/archaea\/GCA_003663225\.1\/GCA_003663225\.1\.fsa 2> /dev/null
[tbl2asn-forever] Found Prokka input, correcting dates in .gbf|.sqn files.
[tbl2asn-forever] Correcting dates in results/PROKKA/GTDB-100/genomes/archaea/GCA_003663225.1/GCA_003663225.1.gbf
[tbl2asn-forever] Correcting dates in results/PROKKA/GTDB-100/genomes/archaea/GCA_003663225.1/GCA_003663225.1.sqn
[tbl2asn-forever] Dates changed from 01-JAN-2019 to 28-JUN-2023
[12:02:38] Deleting unwanted file: results/PROKKA/GTDB-100/genomes/archaea/GCA_003663225.1/errorsummary.val
[12:02:38] Deleting unwanted file: results/PROKKA/GTDB-100/genomes/archaea/GCA_003663225.1/GCA_003663225.1.dr
[12:02:38] Deleting unwanted file: results/PROKKA/GTDB-100/genomes/archaea/GCA_003663225.1/GCA_003663225.1.fixedproducts
[12:02:38] Deleting unwanted file: results/PROKKA/GTDB-100/genomes/archaea/GCA_003663225.1/GCA_003663225.1.ecn
[12:02:38] Deleting unwanted file: results/PROKKA/GTDB-100/genomes/archaea/GCA_003663225.1/GCA_003663225.1.val
[12:02:38] Repairing broken .GBK output that tbl2asn produces...
[12:02:38] Running: sed 's/COORDINATES: profile/COORDINATES:profile/' < results\/PROKKA\/GTDB\-100\/genomes\/archaea\/GCA_003663225\.1\/GCA_003663225\.1\.gbf > results\/PROKKA\/GTDB\-100\/genomes\/archaea\/GCA_003663225\.1\/GCA_003663225\.1\.gbk
[12:02:38] Deleting unwanted file: results/PROKKA/GTDB-100/genomes/archaea/GCA_003663225.1/GCA_003663225.1.gbf
[12:02:38] Output files:
[12:02:38] results/PROKKA/GTDB-100/genomes/archaea/GCA_003663225.1/GCA_003663225.1.log
[12:02:38] results/PROKKA/GTDB-100/genomes/archaea/GCA_003663225.1/GCA_003663225.1.fna
[12:02:38] results/PROKKA/GTDB-100/genomes/archaea/GCA_003663225.1/GCA_003663225.1.gff
[12:02:38] results/PROKKA/GTDB-100/genomes/archaea/GCA_003663225.1/GCA_003663225.1.faa
[12:02:38] results/PROKKA/GTDB-100/genomes/archaea/GCA_003663225.1/GCA_003663225.1.ffn
[12:02:38] results/PROKKA/GTDB-100/genomes/archaea/GCA_003663225.1/GCA_003663225.1.tbl
[12:02:38] results/PROKKA/GTDB-100/genomes/archaea/GCA_003663225.1/GCA_003663225.1.fsa
[12:02:38] results/PROKKA/GTDB-100/genomes/archaea/GCA_003663225.1/GCA_003663225.1.tsv
[12:02:38] results/PROKKA/GTDB-100/genomes/archaea/GCA_003663225.1/GCA_003663225.1.txt
[12:02:38] results/PROKKA/GTDB-100/genomes/archaea/GCA_003663225.1/GCA_003663225.1.err
[12:02:38] results/PROKKA/GTDB-100/genomes/archaea/GCA_003663225.1/GCA_003663225.1.sqn
[12:02:38] results/PROKKA/GTDB-100/genomes/archaea/GCA_003663225.1/GCA_003663225.1.gbk
[12:02:38] Annotation finished successfully.
[12:02:38] Walltime used: 0.32 minutes
[12:02:38] If you use this result please cite the Prokka paper:
[12:02:38] Seemann T (2014) Prokka: rapid prokaryotic genome annotation. Bioinformatics. 30(14):2068-9.
[12:02:38] Type 'prokka --citation' for more details.
[12:02:38] Share and enjoy!
49.54user 24.34system 0:20.27elapsed 364%CPU (0avgtext+0avgdata 145704maxresident)k
548016inputs+96376outputs (859major+5098290minor)pagefaults 0swaps

======================================================
End Time   : Wed Jun 28 12:02:38 EDT 2023
Run Time   : 24 seconds
======================================================

