=====================================================
Start Time  : Fri Jul 21 23:07:43 EDT 2023
Submit Dir  : /projects/raw_lab/jobs/metacerberus
Job ID/Name : 5138983 / Metacerberus
Node List   : str-c76
Num Tasks   : 1 total [1 nodes @ 16 CPUs/node]
======================================================

======================================================
Running Metacerberus On META_VIRAL/genomes/QGNH01000108.1.fna
======================================================
HMM: 'KOFam_all'
HMM: 'COG'
HMM: 'VOG'
HMM: 'PHROG'
HMM: 'CAZy'

Starting MetaCerberus Pipeline

Checking for external dependencies:
fastqc               /users/jlfiguer/.conda/envs/metacerberus-dev/bin/fastqc
flash2               /users/jlfiguer/.conda/envs/metacerberus-dev/bin/flash2
fastp                /users/jlfiguer/.conda/envs/metacerberus-dev/bin/fastp
porechop             /users/jlfiguer/.conda/envs/metacerberus-dev/bin/porechop
bbduk.sh             /users/jlfiguer/.conda/envs/metacerberus-dev/bin/bbduk.sh
FragGeneScanRs       /users/jlfiguer/.conda/envs/metacerberus-dev/lib/python3.10/site-packages/meta_cerberus/FGS/FragGeneScanRs
prodigal             /users/jlfiguer/.conda/envs/metacerberus-dev/bin/prodigal
hmmsearch            /users/jlfiguer/.conda/envs/metacerberus-dev/bin/hmmsearch
countAssembly.py     /users/jlfiguer/.conda/envs/metacerberus-dev/bin/countAssembly.py
Initializing RAY
2023-07-21 23:07:45,090	INFO worker.py:1452 -- Connecting to existing Ray cluster at address: 192.168.170.76:63139...
2023-07-21 23:07:45,143	INFO worker.py:1627 -- Connected to Ray cluster. View the dashboard at [1m[32m127.0.0.1:8265 [39m[22m
[2023-07-21 23:07:54,326 E 2184517 2184555] core_worker_process.cc:217: Failed to get the system config from raylet because it is dead. Worker will terminate. Status: GrpcUnavailable: RPC Error message: failed to connect to all addresses; RPC Error details:  .Please see `raylet.out` for more details.
Command exited with non-zero status 1
1.52user 0.93system 0:10.39elapsed 23%CPU (0avgtext+0avgdata 197696maxresident)k
0inputs+80outputs (0major+29498minor)pagefaults 0swaps

======================================================
End Time   : Fri Jul 21 23:07:54 EDT 2023
Run Time   : 11 seconds
======================================================

Disk Used 0 results/Metacerberus/META_VIRAL/genomes/QGNH01000108.1
