=====================================================
Start Time  : Fri Jul  7 15:18:20 EDT 2023
Submit Dir  : /projects/raw_lab/jobs/metacerberus
Job ID/Name : 4308049 / Metacerberus-fgs
Node List   : str-c76
Num Tasks   : 1 total [1 nodes @ 16 CPUs/node]
======================================================

======================================================
Running Metacerberus-fgs On GTDB-100/genomes/archaea/GCA_000402355.1.fna
======================================================
HMM: 'KOFam_all'
HMM: 'COG'
HMM: 'VOG'
HMM: 'PHROG'
HMM: 'CAZy'

Starting MetaCerberus Pipeline

Checking for external dependencies:
fastqc               /users/jlfiguer/.conda/envs/metacerberus-dev/bin/fastqc
flash2               /users/jlfiguer/.conda/envs/metacerberus-dev/bin/flash2
fastp                /users/jlfiguer/.conda/envs/metacerberus-dev/bin/fastp
porechop             /users/jlfiguer/.conda/envs/metacerberus-dev/bin/porechop
bbduk.sh             /users/jlfiguer/.conda/envs/metacerberus-dev/bin/bbduk.sh
FragGeneScanRs       /users/jlfiguer/.conda/envs/metacerberus-dev/lib/python3.10/site-packages/meta_cerberus/FGS/FragGeneScanRs
prodigal             /users/jlfiguer/.conda/envs/metacerberus-dev/bin/prodigal
hmmsearch            /users/jlfiguer/.conda/envs/metacerberus-dev/bin/hmmsearch
countAssembly.py     /users/jlfiguer/.conda/envs/metacerberus-dev/bin/countAssembly.py
Initializing RAY
2023-07-07 15:18:22,604	INFO worker.py:1452 -- Connecting to existing Ray cluster at address: 192.168.170.76:57904...
2023-07-07 15:18:22,666	INFO worker.py:1627 -- Connected to Ray cluster. View the dashboard at [1m[32m127.0.0.1:8265 [39m[22m
Started RAY on cluster
Running RAY on 1 node(s)
Using 36 CPUs per node

STEP 1: Loading sequence files:
Processing 0 fastq sequences
Processing 1 fasta sequences
Processing 0 protein Sequences

STEP 5a: Removing N's from contig files

STEP 6: Metaome Stats


STEP 7: ORF Finder


STEP 8: HMMER Search


STEP 10: Creating Reports
Saving Statistics
[2m[36m(rayWorkerThread pid=890933)[0m Command '/users/jlfiguer/.conda/envs/metacerberus-dev/lib/python3.10/site-packages/meta_cerberus/FGS/FragGeneScanRs -p 36 -s /projects/raw_lab/jobs/metacerberus/results/Metacerberus-fgs/GTDB-100/genomes/archaea/GCA_000402355.1/step_05-format/FragGeneScan_GCA_000402355.1/GCA_000402355.1_clean.fna -o /projects/raw_lab/jobs/metacerberus/results/Metacerberus-fgs/GTDB-100/genomes/archaea/GCA_000402355.1/step_07-geneCall/FragGeneScan_GCA_000402355.1/proteins -w 1 -t complete' returned non-zero exit status 101.
Traceback (most recent call last):
  File "/users/jlfiguer/.conda/envs/metacerberus-dev/bin/metacerberus.py", line 693, in <module>
    sys.exit(main())
  File "/users/jlfiguer/.conda/envs/metacerberus-dev/bin/metacerberus.py", line 581, in main
    metacerberus_report.write_Stats(report_path, readStats, protStats, NStats, config)
  File "/users/jlfiguer/.conda/envs/metacerberus-dev/lib/python3.10/site-packages/meta_cerberus/metacerberus_report.py", line 134, in write_Stats
    dictStats[key]["Contigs w/ N-repeats:"] = len(value)
KeyError: 'FragGeneScan_GCA_000402355.1'
Command exited with non-zero status 1
1.87user 0.86system 0:03.81elapsed 71%CPU (0avgtext+0avgdata 216620maxresident)k
2232inputs+120outputs (0major+33969minor)pagefaults 0swaps

======================================================
End Time   : Fri Jul  7 15:18:25 EDT 2023
Run Time   : 5 seconds
======================================================

Disk Used 1116 results/Metacerberus-fgs/GTDB-100/genomes/archaea/GCA_000402355.1
