=====================================================
Start Time  : Fri Jul  7 15:26:11 EDT 2023
Submit Dir  : /projects/raw_lab/jobs/metacerberus
Job ID/Name : 4308166 / DRAM
Node List   : str-ac3
Num Tasks   : 1 total [1 nodes @ 64 CPUs/node]
======================================================

Loading dram/1.4.6
  Loading requirement: anaconda3/2022.10
======================================================
Running DRAM On META/genomes/250mb.fna
======================================================
2023-07-07 15:26:17,206 - The log file is created at results/DRAM/META/genomes/250mb/annotate.log.
2023-07-07 15:26:17,206 - 1 FASTAs found
2023-07-07 15:26:17,286 - Starting the Annotation of Bins with database configuration: 
 

KOfam db:
    Citation: T. Aramaki, R. Blanc-Mathieu, H. Endo, K. Ohkubo, M. Kanehisa, S. Goto, and H. Ogata, "Kofamkoala: Kegg ortholog assignment based on profile hmm and adaptive score threshold," Bioinformatics, vol. 36, no. 7, pp. 2251–2252, 2020.
    Download Time: 06/10/2023, 10:32:33
    Origin: Downloaded by DRAM
KOfam KO list:
    Citation: T. Aramaki, R. Blanc-Mathieu, H. Endo, K. Ohkubo, M. Kanehisa, S. Goto, and H. Ogata, "Kofamkoala: Kegg ortholog assignment based on profile hmm and adaptive score threshold," Bioinformatics, vol. 36, no. 7, pp. 2251–2252, 2020.
    Download Time: 06/10/2023, 10:32:36
    Origin: Downloaded by DRAM
Pfam db:
    Citation: J. Mistry, S. Chuguransky, L. Williams, M. Qureshi, G. A. Salazar, E. L. Sonnhammer, S. C. Tosatto, L. Paladin, S. Raj, L. J. Richardson et al., "Pfam: The protein families database in 2021," Nucleic acids research, vol. 49, no. D1, pp. D412–D419, 2021.
    Download Time: 06/10/2023, 18:44:32
    Origin: Downloaded by DRAM
    Description_Db_Updated: 06/12/2023, 01:23:42
dbCAN db:
    Citation: Y. Yin, X. Mao, J. Yang, X. Chen, F. Mao, and Y. Xu, "dbcan: a web resource for automated carbohydrate-active enzyme annotation," Nucleic acids research, vol. 40, no. W1, pp. W445–W451, 2012.
    Version: 11
    Download Time: 06/10/2023, 18:44:36
    Origin: Downloaded by DRAM
    Description_Db_Updated: 06/12/2023, 01:23:42
MEROPS peptidase db:
    Description_Db_Updated: 06/12/2023, 01:23:41
    Citation: N. D. Rawlings, A. J. Barrett, P. D. Thomas, X. Huang, A. Bateman, and R. D. Finn, "The merops database of proteolytic enzymes, their substrates and inhibitors in 2017 and a comparison with peptidases in the panther database," Nucleic acids research, vol. 46, no. D1, pp. D624–D632, 2018.
    Download Time: 06/10/2023, 18:45:19
    Origin: Downloaded by DRAM

Pfam hmm dat:
    Description_Db_Updated: Unknown, or Never
    Citation: J. Mistry, S. Chuguransky, L. Williams, M. Qureshi, G. A. Salazar, E. L. Sonnhammer, S. C. Tosatto, L. Paladin, S. Raj, L. J. Richardson et al., "Pfam: The protein families database in 2021," Nucleic acids research, vol. 49, no. D1, pp. D412–D419, 2021.
    Download Time: 06/10/2023, 18:44:33
    Origin: Downloaded by DRAM
dbCAN family activities:
    Citation: Y. Yin, X. Mao, J. Yang, X. Chen, F. Mao, and Y. Xu, "dbcan: a web resource for automated carbohydrate-active enzyme annotation," Nucleic acids research, vol. 40, no. W1, pp. W445–W451, 2012.
    Version: 11
    Upload_Date: 08062022
    Download Time: 06/10/2023, 18:44:37
    Origin: Downloaded by DRAM
dbCAN subfamily EC numbers:
    Citation: Y. Yin, X. Mao, J. Yang, X. Chen, F. Mao, and Y. Xu, "dbcan: a web resource for automated carbohydrate-active enzyme annotation," Nucleic acids research, vol. 40, no. W1, pp. W445–W451, 2012.
    Version: 11
    Upload_Date: 08062022
    Download Time: 06/10/2023, 18:44:37
    Origin: Downloaded by DRAM
VOG annotations:
    Description_Db_Updated: Unknown, or Never
    Citation: J. Thannesberger, H.-J. Hellinger, I. Klymiuk, M.-T. Kastner, F. J. Rieder, M. Schneider, S. Fister, T. Lion, K. Kosulin, J. Laengle et al., "Viruses comprise an extensive pool of mobile genetic elements in eukaryote cell cultures and human clinical samples," The FASEB Journal, vol. 31, no. 5, pp. 1987–2000, 2017.
    Version: latest
    Download Time: 06/10/2023, 18:45:00
    Origin: Downloaded by DRAM

Genome summary form:
    Branch: master
    Download Time: 06/10/2023, 18:45:20
    Origin: Downloaded by DRAM
Module step form:
    Branch: master
    Download Time: 06/10/2023, 18:45:20
    Origin: Downloaded by DRAM
ETC module database:
    Branch: master
    Download Time: 06/10/2023, 18:45:21
    Origin: Downloaded by DRAM
Function heatmap form:
    Branch: master
    Download Time: 06/10/2023, 18:45:20
    Origin: Downloaded by DRAM
AMG database:
    Branch: master
    Download Time: 06/10/2023, 18:45:20
    Origin: Downloaded by DRAM
2023-07-07 15:26:17,287 - Retrieved database locations and descriptions
2023-07-07 15:26:17,287 - Annotating 250mb
2023-07-07 15:31:02,869 - Turning genes from prodigal to mmseqs2 db
2023-07-07 15:31:06,328 - Getting hits from kofam
2023-07-07 16:53:36,161 - Getting forward best hits from peptidase
2023-07-07 16:54:31,662 - Getting reverse best hits from peptidase
2023-07-07 16:54:38,470 - Getting descriptions of hits from peptidase
2023-07-07 16:54:39,228 - Getting hits from pfam
2023-07-07 16:55:08,379 - Getting hits from dbCAN
/apps/pkg/anaconda3/2022.10/envs/dram-1.4.6/lib/python3.10/site-packages/mag_annotator/database_handler.py:215: UserWarning: No descriptions were found for your id's. Does this SLH look like an id from dbcan_description
  warnings.warn(
/apps/pkg/anaconda3/2022.10/envs/dram-1.4.6/lib/python3.10/site-packages/mag_annotator/database_handler.py:215: UserWarning: No descriptions were found for your id's. Does this GT2_Glycos_transf_2 look like an id from dbcan_description
  warnings.warn(
/apps/pkg/anaconda3/2022.10/envs/dram-1.4.6/lib/python3.10/site-packages/mag_annotator/database_handler.py:215: UserWarning: No descriptions were found for your id's. Does this GT2_Glyco_trans_2_3 look like an id from dbcan_description
  warnings.warn(
/apps/pkg/anaconda3/2022.10/envs/dram-1.4.6/lib/python3.10/site-packages/mag_annotator/database_handler.py:215: UserWarning: No descriptions were found for your id's. Does this SLH look like an id from dbcan_description
  warnings.warn(
/apps/pkg/anaconda3/2022.10/envs/dram-1.4.6/lib/python3.10/site-packages/mag_annotator/database_handler.py:215: UserWarning: No descriptions were found for your id's. Does this GT2_Glyco_tranf_2_3 look like an id from dbcan_description
  warnings.warn(
/apps/pkg/anaconda3/2022.10/envs/dram-1.4.6/lib/python3.10/site-packages/mag_annotator/database_handler.py:215: UserWarning: No descriptions were found for your id's. Does this GT2_Glyco_tranf_2_4 look like an id from dbcan_description
  warnings.warn(
/apps/pkg/anaconda3/2022.10/envs/dram-1.4.6/lib/python3.10/site-packages/mag_annotator/database_handler.py:215: UserWarning: No descriptions were found for your id's. Does this GH16_2 look like an id from dbcan_description
  warnings.warn(
2023-07-07 16:57:17,316 - Merging ORF annotations
2023-07-07 18:21:53,774 - Annotations complete, processing annotations
2023-07-07 18:21:55,300 - Completed annotations
35077.57user 3026.87system 2:55:41elapsed 361%CPU (0avgtext+0avgdata 19858172maxresident)k
37745496inputs+7657200outputs (12343major+736753972minor)pagefaults 0swaps
FINISHED
2023-07-07 18:21:58,661 - The log file is created at results/DRAM/META/genomes/250mb/distill/distill.log
2023-07-07 18:21:58,863 - Note: the fallowing id fields were not in the annotations file and are not being used: ['kegg_genes_id', 'kegg_id', 'camper_id', 'fegenie_id', 'sulfur_id', 'methyl_id'], but these are ['ko_id', 'kegg_hit', 'peptidase_family', 'cazy_best_hit', 'pfam_hits']
2023-07-07 18:21:58,897 - Retrieved database locations and descriptions
2023-07-07 18:21:58,919 - Calculated genome statistics
2023-07-07 18:22:01,236 - Generated genome metabolism summary
2023-07-07 18:22:32,130 - Generated product heatmap and table
2023-07-07 18:22:32,130 - Completed distillation

======================================================
End Time   : Fri Jul  7 18:22:32 EDT 2023
Run Time   : 10581 seconds
======================================================

Disk Used 346568 results/DRAM/META/genomes/250mb
