=====================================================
Start Time  : Fri Jul 21 22:43:14 EDT 2023
Submit Dir  : /projects/raw_lab/jobs/metacerberus
Job ID/Name : 5138746 / Metacerberus
Node List   : str-c76
Num Tasks   : 1 total [1 nodes @ 16 CPUs/node]
======================================================

======================================================
Running Metacerberus On META_VIRAL/genomes/QGNH01000324.1.fna
======================================================
HMM: 'KOFam_all'
HMM: 'COG'
HMM: 'VOG'
HMM: 'PHROG'
HMM: 'CAZy'

Starting MetaCerberus Pipeline

Checking for external dependencies:
fastqc               /users/jlfiguer/.conda/envs/metacerberus-dev/bin/fastqc
flash2               /users/jlfiguer/.conda/envs/metacerberus-dev/bin/flash2
fastp                /users/jlfiguer/.conda/envs/metacerberus-dev/bin/fastp
porechop             /users/jlfiguer/.conda/envs/metacerberus-dev/bin/porechop
bbduk.sh             /users/jlfiguer/.conda/envs/metacerberus-dev/bin/bbduk.sh
FragGeneScanRs       /users/jlfiguer/.conda/envs/metacerberus-dev/lib/python3.10/site-packages/meta_cerberus/FGS/FragGeneScanRs
prodigal             /users/jlfiguer/.conda/envs/metacerberus-dev/bin/prodigal
hmmsearch            /users/jlfiguer/.conda/envs/metacerberus-dev/bin/hmmsearch
countAssembly.py     /users/jlfiguer/.conda/envs/metacerberus-dev/bin/countAssembly.py
Initializing RAY
2023-07-21 22:43:16,405	INFO worker.py:1452 -- Connecting to existing Ray cluster at address: 192.168.170.76:56500...
2023-07-21 22:43:16,500	INFO worker.py:1627 -- Connected to Ray cluster. View the dashboard at [1m[32m127.0.0.1:8265 [39m[22m
Started RAY on cluster
Running RAY on 1 node(s)
Using 36 CPUs per node

STEP 1: Loading sequence files:
Processing 0 fastq sequences
Processing 1 fasta sequences
Processing 0 protein Sequences

STEP 5a: Removing N's from contig files

STEP 6: Metaome Stats


STEP 7: ORF Finder

[2m[36m(rayWorkerThread pid=2881254)[0m Command '/users/jlfiguer/.conda/envs/metacerberus-dev/bin/prodigal -i /projects/raw_lab/jobs/metacerberus/results/Metacerberus/META_VIRAL/genomes/QGNH01000324.1/step_05-format/prodigal_QGNH01000324.1/QGNH01000324.1_clean.fna -o /projects/raw_lab/jobs/metacerberus/results/Metacerberus/META_VIRAL/genomes/QGNH01000324.1/step_07-geneCall/prodigal_QGNH01000324.1/genes.gff -a /projects/raw_lab/jobs/metacerberus/results/Metacerberus/META_VIRAL/genomes/QGNH01000324.1/step_07-geneCall/prodigal_QGNH01000324.1/proteins.faa -f gff' returned non-zero exit status 10.

STEP 8: HMMER Search

[2023-07-21 22:44:18,506 E 3765385 3765447] gcs_rpc_client.h:537: Failed to connect to GCS within 60 seconds. GCS may have been killed. It's either GCS is terminated by `ray stop` or is killed unexpectedly. If it is killed unexpectedly, see the log file gcs_server.out. https://docs.ray.io/en/master/ray-observability/ray-logging.html#logging-directory-structure. The program will terminate.
Command exited with non-zero status 1
58.76user 24.61system 1:03.52elapsed 131%CPU (0avgtext+0avgdata 217240maxresident)k
0inputs+176outputs (0major+84887minor)pagefaults 0swaps

======================================================
End Time   : Fri Jul 21 22:44:18 EDT 2023
Run Time   : 64 seconds
======================================================

Disk Used 52 results/Metacerberus/META_VIRAL/genomes/QGNH01000324.1
