=====================================================
Start Time  : Fri Jul  7 15:34:48 EDT 2023
Submit Dir  : /projects/raw_lab/jobs/metacerberus
Job ID/Name : 4308301 / Metacerberus-fgs
Node List   : str-c79
Num Tasks   : 1 total [1 nodes @ 16 CPUs/node]
======================================================

======================================================
Running Metacerberus-fgs On GTDB-100/genomes/bacteria/GCA_910574915.1.fna
======================================================
HMM: 'KOFam_all'
HMM: 'COG'
HMM: 'VOG'
HMM: 'PHROG'
HMM: 'CAZy'

Starting MetaCerberus Pipeline

Checking for external dependencies:
fastqc               /users/jlfiguer/.conda/envs/metacerberus-dev/bin/fastqc
flash2               /users/jlfiguer/.conda/envs/metacerberus-dev/bin/flash2
fastp                /users/jlfiguer/.conda/envs/metacerberus-dev/bin/fastp
porechop             /users/jlfiguer/.conda/envs/metacerberus-dev/bin/porechop
bbduk.sh             /users/jlfiguer/.conda/envs/metacerberus-dev/bin/bbduk.sh
FragGeneScanRs       /users/jlfiguer/.conda/envs/metacerberus-dev/lib/python3.10/site-packages/meta_cerberus/FGS/FragGeneScanRs
prodigal             /users/jlfiguer/.conda/envs/metacerberus-dev/bin/prodigal
hmmsearch            /users/jlfiguer/.conda/envs/metacerberus-dev/bin/hmmsearch
countAssembly.py     /users/jlfiguer/.conda/envs/metacerberus-dev/bin/countAssembly.py
Initializing RAY
2023-07-07 15:34:52,294	INFO worker.py:1627 -- Started a local Ray instance. View the dashboard at [1m[32m127.0.0.1:8265 [39m[22m
Started RAY single node
Running RAY on 1 node(s)
Using 36 CPUs per node

STEP 1: Loading sequence files:
Processing 0 fastq sequences
Processing 1 fasta sequences
Processing 0 protein Sequences

STEP 5a: Removing N's from contig files

STEP 6: Metaome Stats


STEP 7: ORF Finder


STEP 8: HMMER Search


STEP 8: Filtering HMMER results


STEP 9: Parse HMMER results


STEP 10: Creating Reports
Saving Statistics
ORF Calling Results (FragGeneScan)
Average Protein Length (FragGeneScan)
Annotations (FragGeneScan)
GC (%) (FragGeneScan)
Assembly Stats (FragGeneScan)
Min-Max FASTA Length (FragGeneScan)
Creating Rollup Tables
Creating Count Tables
NOTE: PCA Tables created only when there are at least four sequence files.

NOTE: Pathview created only when there are at least four sequence files.

Creating combined sunburst and bargraphs

Finished Pipeline
177.23user 18.41system 28:40.48elapsed 11%CPU (0avgtext+0avgdata 279248maxresident)k
28960inputs+42880outputs (0major+317277minor)pagefaults 0swaps

======================================================
End Time   : Fri Jul  7 16:03:29 EDT 2023
Run Time   : 1721 seconds
======================================================

Disk Used 31228 results/Metacerberus-fgs/GTDB-100/genomes/bacteria/GCA_910574915.1
