=====================================================
Start Time  : Fri Jul  7 16:54:41 EDT 2023
Submit Dir  : /projects/raw_lab/jobs/metacerberus
Job ID/Name : 4309093 / Metacerberus-fgs
Node List   : str-c83
Num Tasks   : 1 total [1 nodes @ 16 CPUs/node]
======================================================

======================================================
Running Metacerberus-fgs On PHAGES/genomes/NC_071148.fna
======================================================
HMM: 'KOFam_all'
HMM: 'COG'
HMM: 'VOG'
HMM: 'PHROG'
HMM: 'CAZy'

Starting MetaCerberus Pipeline

Checking for external dependencies:
fastqc               /users/jlfiguer/.conda/envs/metacerberus-dev/bin/fastqc
flash2               /users/jlfiguer/.conda/envs/metacerberus-dev/bin/flash2
fastp                /users/jlfiguer/.conda/envs/metacerberus-dev/bin/fastp
porechop             /users/jlfiguer/.conda/envs/metacerberus-dev/bin/porechop
bbduk.sh             /users/jlfiguer/.conda/envs/metacerberus-dev/bin/bbduk.sh
FragGeneScanRs       /users/jlfiguer/.conda/envs/metacerberus-dev/lib/python3.10/site-packages/meta_cerberus/FGS/FragGeneScanRs
prodigal             /users/jlfiguer/.conda/envs/metacerberus-dev/bin/prodigal
hmmsearch            /users/jlfiguer/.conda/envs/metacerberus-dev/bin/hmmsearch
countAssembly.py     /users/jlfiguer/.conda/envs/metacerberus-dev/bin/countAssembly.py
Initializing RAY
2023-07-07 16:54:42,901	INFO worker.py:1452 -- Connecting to existing Ray cluster at address: 192.168.170.83:62540...
2023-07-07 16:54:42,945	INFO worker.py:1627 -- Connected to Ray cluster. View the dashboard at [1m[32m127.0.0.1:8265 [39m[22m
Started RAY on cluster
Running RAY on 1 node(s)
Using 36 CPUs per node

STEP 1: Loading sequence files:
Processing 0 fastq sequences
Processing 1 fasta sequences
Processing 0 protein Sequences

STEP 5a: Removing N's from contig files

STEP 6: Metaome Stats


STEP 7: ORF Finder


STEP 8: HMMER Search


STEP 8: Filtering HMMER results


STEP 9: Parse HMMER results

Traceback (most recent call last):
  File "/users/jlfiguer/.conda/envs/metacerberus-dev/bin/metacerberus.py", line 693, in <module>
    sys.exit(main())
  File "/users/jlfiguer/.conda/envs/metacerberus-dev/bin/metacerberus.py", line 415, in main
    key,value,func = ray.get(ready[0])
  File "/users/jlfiguer/.conda/envs/metacerberus-dev/lib/python3.10/site-packages/ray/_private/auto_init_hook.py", line 18, in auto_init_wrapper
    return fn(*args, **kwargs)
  File "/users/jlfiguer/.conda/envs/metacerberus-dev/lib/python3.10/site-packages/ray/_private/client_mode_hook.py", line 103, in wrapper
    return func(*args, **kwargs)
  File "/users/jlfiguer/.conda/envs/metacerberus-dev/lib/python3.10/site-packages/ray/_private/worker.py", line 2542, in get
    raise value
ray.exceptions.LocalRayletDiedError: The task's local raylet died. Check raylet.out for more information.
Command exited with non-zero status 1
2.55user 1.30system 2:26.82elapsed 2%CPU (0avgtext+0avgdata 219188maxresident)k
0inputs+216outputs (0major+33756minor)pagefaults 0swaps

======================================================
End Time   : Fri Jul  7 16:57:08 EDT 2023
Run Time   : 147 seconds
======================================================

Disk Used 112 results/Metacerberus-fgs/PHAGES/genomes/NC_071148
