=====================================================
Start Time  : Fri Jul  7 14:57:51 EDT 2023
Submit Dir  : /projects/raw_lab/jobs/metacerberus
Job ID/Name : 4307954 / Metacerberus-fgs
Node List   : str-c78
Num Tasks   : 1 total [1 nodes @ 16 CPUs/node]
======================================================

======================================================
Running Metacerberus-fgs On GTDB-100/genomes/archaea/GCA_009776495.1.fna
======================================================
HMM: 'KOFam_all'
HMM: 'COG'
HMM: 'VOG'
HMM: 'PHROG'
HMM: 'CAZy'

Starting MetaCerberus Pipeline

Checking for external dependencies:
fastqc               /users/jlfiguer/.conda/envs/metacerberus-dev/bin/fastqc
flash2               /users/jlfiguer/.conda/envs/metacerberus-dev/bin/flash2
fastp                /users/jlfiguer/.conda/envs/metacerberus-dev/bin/fastp
porechop             /users/jlfiguer/.conda/envs/metacerberus-dev/bin/porechop
bbduk.sh             /users/jlfiguer/.conda/envs/metacerberus-dev/bin/bbduk.sh
FragGeneScanRs       /users/jlfiguer/.conda/envs/metacerberus-dev/lib/python3.10/site-packages/meta_cerberus/FGS/FragGeneScanRs
prodigal             /users/jlfiguer/.conda/envs/metacerberus-dev/bin/prodigal
hmmsearch            /users/jlfiguer/.conda/envs/metacerberus-dev/bin/hmmsearch
countAssembly.py     /users/jlfiguer/.conda/envs/metacerberus-dev/bin/countAssembly.py
Initializing RAY
2023-07-07 14:57:55,247	INFO worker.py:1627 -- Started a local Ray instance. View the dashboard at [1m[32m127.0.0.1:8265 [39m[22m
Started RAY single node
Running RAY on 1 node(s)
Using 36 CPUs per node

STEP 1: Loading sequence files:
Processing 0 fastq sequences
Processing 1 fasta sequences
Processing 0 protein Sequences

STEP 5a: Removing N's from contig files

STEP 6: Metaome Stats


STEP 7: ORF Finder


STEP 8: HMMER Search


STEP 10: Creating Reports
Saving Statistics
Traceback (most recent call last):
  File "/users/jlfiguer/.conda/envs/metacerberus-dev/bin/metacerberus.py", line 693, in <module>
    sys.exit(main())
  File "/users/jlfiguer/.conda/envs/metacerberus-dev/bin/metacerberus.py", line 581, in main
    metacerberus_report.write_Stats(report_path, readStats, protStats, NStats, config)
  File "/users/jlfiguer/.conda/envs/metacerberus-dev/lib/python3.10/site-packages/meta_cerberus/metacerberus_report.py", line 134, in write_Stats
    dictStats[key]["Contigs w/ N-repeats:"] = len(value)
KeyError: 'FragGeneScan_GCA_009776495.1'
[2m[36m(rayWorkerThread pid=1525209)[0m Command '/users/jlfiguer/.conda/envs/metacerberus-dev/lib/python3.10/site-packages/meta_cerberus/FGS/FragGeneScanRs -p 36 -s /projects/raw_lab/jobs/metacerberus/results/Metacerberus-fgs/GTDB-100/genomes/archaea/GCA_009776495.1/step_05-format/FragGeneScan_GCA_009776495.1/GCA_009776495.1_clean.fna -o /projects/raw_lab/jobs/metacerberus/results/Metacerberus-fgs/GTDB-100/genomes/archaea/GCA_009776495.1/step_07-geneCall/FragGeneScan_GCA_009776495.1/proteins -w 1 -t complete' returned non-zero exit status 101.
Command exited with non-zero status 1
3.87user 1.89system 0:08.87elapsed 65%CPU (0avgtext+0avgdata 220988maxresident)k
3224inputs+728outputs (0major+135942minor)pagefaults 0swaps

======================================================
End Time   : Fri Jul  7 14:58:00 EDT 2023
Run Time   : 9 seconds
======================================================

Disk Used 1632 results/Metacerberus-fgs/GTDB-100/genomes/archaea/GCA_009776495.1
