=====================================================
Start Time  : Fri Jul  7 16:43:27 EDT 2023
Submit Dir  : /projects/raw_lab/jobs/metacerberus
Job ID/Name : 4309018 / Metacerberus-fgs
Node List   : str-c79
Num Tasks   : 1 total [1 nodes @ 16 CPUs/node]
======================================================

======================================================
Running Metacerberus-fgs On PHAGES/genomes/NC_023745.fna
======================================================
HMM: 'KOFam_all'
HMM: 'COG'
HMM: 'VOG'
HMM: 'PHROG'
HMM: 'CAZy'

Starting MetaCerberus Pipeline

Checking for external dependencies:
fastqc               /users/jlfiguer/.conda/envs/metacerberus-dev/bin/fastqc
flash2               /users/jlfiguer/.conda/envs/metacerberus-dev/bin/flash2
fastp                /users/jlfiguer/.conda/envs/metacerberus-dev/bin/fastp
porechop             /users/jlfiguer/.conda/envs/metacerberus-dev/bin/porechop
bbduk.sh             /users/jlfiguer/.conda/envs/metacerberus-dev/bin/bbduk.sh
FragGeneScanRs       /users/jlfiguer/.conda/envs/metacerberus-dev/lib/python3.10/site-packages/meta_cerberus/FGS/FragGeneScanRs
prodigal             /users/jlfiguer/.conda/envs/metacerberus-dev/bin/prodigal
hmmsearch            /users/jlfiguer/.conda/envs/metacerberus-dev/bin/hmmsearch
countAssembly.py     /users/jlfiguer/.conda/envs/metacerberus-dev/bin/countAssembly.py
Initializing RAY
2023-07-07 16:43:29,549	INFO worker.py:1452 -- Connecting to existing Ray cluster at address: 192.168.170.79:60950...
2023-07-07 16:43:29,613	INFO worker.py:1627 -- Connected to Ray cluster. View the dashboard at [1m[32m127.0.0.1:8265 [39m[22m
Started RAY on cluster
Running RAY on 1 node(s)
Using 36 CPUs per node

STEP 1: Loading sequence files:
Processing 0 fastq sequences
Processing 1 fasta sequences
Processing 0 protein Sequences

STEP 5a: Removing N's from contig files

STEP 6: Metaome Stats


STEP 7: ORF Finder


STEP 8: HMMER Search


STEP 8: Filtering HMMER results


STEP 9: Parse HMMER results


STEP 10: Creating Reports
Saving Statistics
ORF Calling Results (FragGeneScan)
Average Protein Length (FragGeneScan)
Annotations (FragGeneScan)
GC (%) (FragGeneScan)
Assembly Stats (FragGeneScan)
Min-Max FASTA Length (FragGeneScan)
Creating Rollup Tables
Creating Count Tables
NOTE: PCA Tables created only when there are at least four sequence files.

NOTE: Pathview created only when there are at least four sequence files.

Creating combined sunburst and bargraphs

Finished Pipeline
5.57user 1.33system 2:38.43elapsed 4%CPU (0avgtext+0avgdata 255380maxresident)k
0inputs+8336outputs (0major+100306minor)pagefaults 0swaps

======================================================
End Time   : Fri Jul  7 16:46:06 EDT 2023
Run Time   : 159 seconds
======================================================

Disk Used 4260 results/Metacerberus-fgs/PHAGES/genomes/NC_023745
